[2025-02-17T22:31:34.298-0600] {processor.py:186} INFO - Started process (PID=19464) to work on /home/dataScience/Projects/Pipeline/venv/lib/python3.10/site-packages/airflow/example_dags/example_setup_teardown_taskflow.py
[2025-02-17T22:31:34.299-0600] {processor.py:914} INFO - Processing file /home/dataScience/Projects/Pipeline/venv/lib/python3.10/site-packages/airflow/example_dags/example_setup_teardown_taskflow.py for tasks to queue
[2025-02-17T22:31:34.303-0600] {logging_mixin.py:190} INFO - [2025-02-17T22:31:34.302-0600] {dagbag.py:588} INFO - Filling up the DagBag from /home/dataScience/Projects/Pipeline/venv/lib/python3.10/site-packages/airflow/example_dags/example_setup_teardown_taskflow.py
[2025-02-17T22:31:34.335-0600] {processor.py:925} INFO - DAG(s) 'example_setup_teardown_taskflow' retrieved from /home/dataScience/Projects/Pipeline/venv/lib/python3.10/site-packages/airflow/example_dags/example_setup_teardown_taskflow.py
[2025-02-17T22:31:34.839-0600] {logging_mixin.py:190} INFO - [2025-02-17T22:31:34.835-0600] {override.py:1930} INFO - Created Permission View: can delete on DAG:example_setup_teardown_taskflow
[2025-02-17T22:31:34.891-0600] {logging_mixin.py:190} INFO - [2025-02-17T22:31:34.891-0600] {override.py:1930} INFO - Created Permission View: can edit on DAG:example_setup_teardown_taskflow
[2025-02-17T22:31:34.927-0600] {logging_mixin.py:190} INFO - [2025-02-17T22:31:34.926-0600] {override.py:1930} INFO - Created Permission View: can read on DAG:example_setup_teardown_taskflow
[2025-02-17T22:31:34.972-0600] {logging_mixin.py:190} INFO - [2025-02-17T22:31:34.971-0600] {override.py:1930} INFO - Created Permission View: can create on DAG Run:example_setup_teardown_taskflow
[2025-02-17T22:31:35.006-0600] {logging_mixin.py:190} INFO - [2025-02-17T22:31:35.005-0600] {override.py:1930} INFO - Created Permission View: can delete on DAG Run:example_setup_teardown_taskflow
[2025-02-17T22:31:35.074-0600] {logging_mixin.py:190} INFO - [2025-02-17T22:31:35.073-0600] {override.py:1930} INFO - Created Permission View: menu access on DAG Run:example_setup_teardown_taskflow
[2025-02-17T22:31:35.113-0600] {logging_mixin.py:190} INFO - [2025-02-17T22:31:35.112-0600] {override.py:1930} INFO - Created Permission View: can read on DAG Run:example_setup_teardown_taskflow
[2025-02-17T22:31:35.114-0600] {logging_mixin.py:190} INFO - [2025-02-17T22:31:35.114-0600] {dag.py:3239} INFO - Sync 1 DAGs
[2025-02-17T22:31:35.201-0600] {logging_mixin.py:190} INFO - [2025-02-17T22:31:35.200-0600] {dag.py:3262} INFO - Creating ORM DAG for example_setup_teardown_taskflow
[2025-02-17T22:31:35.201-0600] {logging_mixin.py:190} INFO - [2025-02-17T22:31:35.201-0600] {dag.py:4180} INFO - Setting next_dagrun for example_setup_teardown_taskflow to None, run_after=None
[2025-02-17T22:31:35.260-0600] {processor.py:208} INFO - Processing /home/dataScience/Projects/Pipeline/venv/lib/python3.10/site-packages/airflow/example_dags/example_setup_teardown_taskflow.py took 0.986 seconds
[2025-02-17T22:32:58.492-0600] {processor.py:186} INFO - Started process (PID=20562) to work on /home/dataScience/Projects/Pipeline/venv/lib/python3.10/site-packages/airflow/example_dags/example_setup_teardown_taskflow.py
[2025-02-17T22:32:58.494-0600] {processor.py:914} INFO - Processing file /home/dataScience/Projects/Pipeline/venv/lib/python3.10/site-packages/airflow/example_dags/example_setup_teardown_taskflow.py for tasks to queue
[2025-02-17T22:32:58.497-0600] {logging_mixin.py:190} INFO - [2025-02-17T22:32:58.496-0600] {dagbag.py:588} INFO - Filling up the DagBag from /home/dataScience/Projects/Pipeline/venv/lib/python3.10/site-packages/airflow/example_dags/example_setup_teardown_taskflow.py
[2025-02-17T22:32:58.629-0600] {processor.py:925} INFO - DAG(s) 'example_setup_teardown_taskflow' retrieved from /home/dataScience/Projects/Pipeline/venv/lib/python3.10/site-packages/airflow/example_dags/example_setup_teardown_taskflow.py
[2025-02-17T22:32:58.644-0600] {logging_mixin.py:190} INFO - [2025-02-17T22:32:58.644-0600] {dag.py:3239} INFO - Sync 1 DAGs
[2025-02-17T22:32:58.656-0600] {logging_mixin.py:190} INFO - [2025-02-17T22:32:58.656-0600] {dag.py:4180} INFO - Setting next_dagrun for example_setup_teardown_taskflow to None, run_after=None
[2025-02-17T22:32:58.684-0600] {processor.py:208} INFO - Processing /home/dataScience/Projects/Pipeline/venv/lib/python3.10/site-packages/airflow/example_dags/example_setup_teardown_taskflow.py took 0.200 seconds
[2025-02-17T22:33:38.071-0600] {processor.py:186} INFO - Started process (PID=21060) to work on /home/dataScience/Projects/Pipeline/venv/lib/python3.10/site-packages/airflow/example_dags/example_setup_teardown_taskflow.py
[2025-02-17T22:33:38.073-0600] {processor.py:914} INFO - Processing file /home/dataScience/Projects/Pipeline/venv/lib/python3.10/site-packages/airflow/example_dags/example_setup_teardown_taskflow.py for tasks to queue
[2025-02-17T22:33:38.078-0600] {logging_mixin.py:190} INFO - [2025-02-17T22:33:38.077-0600] {dagbag.py:588} INFO - Filling up the DagBag from /home/dataScience/Projects/Pipeline/venv/lib/python3.10/site-packages/airflow/example_dags/example_setup_teardown_taskflow.py
[2025-02-17T22:33:38.103-0600] {processor.py:925} INFO - DAG(s) 'example_setup_teardown_taskflow' retrieved from /home/dataScience/Projects/Pipeline/venv/lib/python3.10/site-packages/airflow/example_dags/example_setup_teardown_taskflow.py
[2025-02-17T22:33:38.135-0600] {logging_mixin.py:190} INFO - [2025-02-17T22:33:38.135-0600] {dag.py:3239} INFO - Sync 1 DAGs
[2025-02-17T22:33:38.162-0600] {logging_mixin.py:190} INFO - [2025-02-17T22:33:38.162-0600] {dag.py:4180} INFO - Setting next_dagrun for example_setup_teardown_taskflow to None, run_after=None
[2025-02-17T22:33:38.207-0600] {processor.py:208} INFO - Processing /home/dataScience/Projects/Pipeline/venv/lib/python3.10/site-packages/airflow/example_dags/example_setup_teardown_taskflow.py took 0.148 seconds
[2025-02-17T22:34:37.985-0600] {processor.py:186} INFO - Started process (PID=21693) to work on /home/dataScience/Projects/Pipeline/venv/lib/python3.10/site-packages/airflow/example_dags/example_setup_teardown_taskflow.py
[2025-02-17T22:34:37.986-0600] {processor.py:914} INFO - Processing file /home/dataScience/Projects/Pipeline/venv/lib/python3.10/site-packages/airflow/example_dags/example_setup_teardown_taskflow.py for tasks to queue
[2025-02-17T22:34:37.989-0600] {logging_mixin.py:190} INFO - [2025-02-17T22:34:37.988-0600] {dagbag.py:588} INFO - Filling up the DagBag from /home/dataScience/Projects/Pipeline/venv/lib/python3.10/site-packages/airflow/example_dags/example_setup_teardown_taskflow.py
[2025-02-17T22:34:38.001-0600] {processor.py:925} INFO - DAG(s) 'example_setup_teardown_taskflow' retrieved from /home/dataScience/Projects/Pipeline/venv/lib/python3.10/site-packages/airflow/example_dags/example_setup_teardown_taskflow.py
[2025-02-17T22:34:38.021-0600] {logging_mixin.py:190} INFO - [2025-02-17T22:34:38.020-0600] {dag.py:3239} INFO - Sync 1 DAGs
[2025-02-17T22:34:38.038-0600] {logging_mixin.py:190} INFO - [2025-02-17T22:34:38.037-0600] {dag.py:4180} INFO - Setting next_dagrun for example_setup_teardown_taskflow to None, run_after=None
[2025-02-17T22:34:38.070-0600] {processor.py:208} INFO - Processing /home/dataScience/Projects/Pipeline/venv/lib/python3.10/site-packages/airflow/example_dags/example_setup_teardown_taskflow.py took 0.092 seconds
[2025-02-17T22:35:12.381-0600] {processor.py:186} INFO - Started process (PID=22063) to work on /home/dataScience/Projects/Pipeline/venv/lib/python3.10/site-packages/airflow/example_dags/example_setup_teardown_taskflow.py
[2025-02-17T22:35:12.383-0600] {processor.py:914} INFO - Processing file /home/dataScience/Projects/Pipeline/venv/lib/python3.10/site-packages/airflow/example_dags/example_setup_teardown_taskflow.py for tasks to queue
[2025-02-17T22:35:12.386-0600] {logging_mixin.py:190} INFO - [2025-02-17T22:35:12.385-0600] {dagbag.py:588} INFO - Filling up the DagBag from /home/dataScience/Projects/Pipeline/venv/lib/python3.10/site-packages/airflow/example_dags/example_setup_teardown_taskflow.py
[2025-02-17T22:35:12.402-0600] {processor.py:925} INFO - DAG(s) 'example_setup_teardown_taskflow' retrieved from /home/dataScience/Projects/Pipeline/venv/lib/python3.10/site-packages/airflow/example_dags/example_setup_teardown_taskflow.py
[2025-02-17T22:35:12.435-0600] {logging_mixin.py:190} INFO - [2025-02-17T22:35:12.435-0600] {dag.py:3239} INFO - Sync 1 DAGs
[2025-02-17T22:35:12.453-0600] {logging_mixin.py:190} INFO - [2025-02-17T22:35:12.453-0600] {dag.py:4180} INFO - Setting next_dagrun for example_setup_teardown_taskflow to None, run_after=None
[2025-02-17T22:35:12.493-0600] {processor.py:208} INFO - Processing /home/dataScience/Projects/Pipeline/venv/lib/python3.10/site-packages/airflow/example_dags/example_setup_teardown_taskflow.py took 0.120 seconds
[2025-02-17T22:36:12.232-0600] {processor.py:186} INFO - Started process (PID=22570) to work on /home/dataScience/Projects/Pipeline/venv/lib/python3.10/site-packages/airflow/example_dags/example_setup_teardown_taskflow.py
[2025-02-17T22:36:12.234-0600] {processor.py:914} INFO - Processing file /home/dataScience/Projects/Pipeline/venv/lib/python3.10/site-packages/airflow/example_dags/example_setup_teardown_taskflow.py for tasks to queue
[2025-02-17T22:36:12.236-0600] {logging_mixin.py:190} INFO - [2025-02-17T22:36:12.236-0600] {dagbag.py:588} INFO - Filling up the DagBag from /home/dataScience/Projects/Pipeline/venv/lib/python3.10/site-packages/airflow/example_dags/example_setup_teardown_taskflow.py
[2025-02-17T22:36:12.250-0600] {processor.py:925} INFO - DAG(s) 'example_setup_teardown_taskflow' retrieved from /home/dataScience/Projects/Pipeline/venv/lib/python3.10/site-packages/airflow/example_dags/example_setup_teardown_taskflow.py
[2025-02-17T22:36:12.270-0600] {logging_mixin.py:190} INFO - [2025-02-17T22:36:12.270-0600] {dag.py:3239} INFO - Sync 1 DAGs
[2025-02-17T22:36:12.285-0600] {logging_mixin.py:190} INFO - [2025-02-17T22:36:12.285-0600] {dag.py:4180} INFO - Setting next_dagrun for example_setup_teardown_taskflow to None, run_after=None
[2025-02-17T22:36:12.315-0600] {processor.py:208} INFO - Processing /home/dataScience/Projects/Pipeline/venv/lib/python3.10/site-packages/airflow/example_dags/example_setup_teardown_taskflow.py took 0.091 seconds
[2025-02-17T22:37:13.082-0600] {processor.py:186} INFO - Started process (PID=23134) to work on /home/dataScience/Projects/Pipeline/venv/lib/python3.10/site-packages/airflow/example_dags/example_setup_teardown_taskflow.py
[2025-02-17T22:37:13.084-0600] {processor.py:914} INFO - Processing file /home/dataScience/Projects/Pipeline/venv/lib/python3.10/site-packages/airflow/example_dags/example_setup_teardown_taskflow.py for tasks to queue
[2025-02-17T22:37:13.087-0600] {logging_mixin.py:190} INFO - [2025-02-17T22:37:13.087-0600] {dagbag.py:588} INFO - Filling up the DagBag from /home/dataScience/Projects/Pipeline/venv/lib/python3.10/site-packages/airflow/example_dags/example_setup_teardown_taskflow.py
[2025-02-17T22:37:13.100-0600] {processor.py:925} INFO - DAG(s) 'example_setup_teardown_taskflow' retrieved from /home/dataScience/Projects/Pipeline/venv/lib/python3.10/site-packages/airflow/example_dags/example_setup_teardown_taskflow.py
[2025-02-17T22:37:13.121-0600] {logging_mixin.py:190} INFO - [2025-02-17T22:37:13.120-0600] {dag.py:3239} INFO - Sync 1 DAGs
[2025-02-17T22:37:13.135-0600] {logging_mixin.py:190} INFO - [2025-02-17T22:37:13.135-0600] {dag.py:4180} INFO - Setting next_dagrun for example_setup_teardown_taskflow to None, run_after=None
[2025-02-17T22:37:13.167-0600] {processor.py:208} INFO - Processing /home/dataScience/Projects/Pipeline/venv/lib/python3.10/site-packages/airflow/example_dags/example_setup_teardown_taskflow.py took 0.092 seconds
[2025-02-17T22:38:06.783-0600] {processor.py:186} INFO - Started process (PID=23595) to work on /home/dataScience/Projects/Pipeline/venv/lib/python3.10/site-packages/airflow/example_dags/example_setup_teardown_taskflow.py
[2025-02-17T22:38:06.785-0600] {processor.py:914} INFO - Processing file /home/dataScience/Projects/Pipeline/venv/lib/python3.10/site-packages/airflow/example_dags/example_setup_teardown_taskflow.py for tasks to queue
[2025-02-17T22:38:06.789-0600] {logging_mixin.py:190} INFO - [2025-02-17T22:38:06.788-0600] {dagbag.py:588} INFO - Filling up the DagBag from /home/dataScience/Projects/Pipeline/venv/lib/python3.10/site-packages/airflow/example_dags/example_setup_teardown_taskflow.py
[2025-02-17T22:38:06.805-0600] {processor.py:925} INFO - DAG(s) 'example_setup_teardown_taskflow' retrieved from /home/dataScience/Projects/Pipeline/venv/lib/python3.10/site-packages/airflow/example_dags/example_setup_teardown_taskflow.py
[2025-02-17T22:38:06.826-0600] {logging_mixin.py:190} INFO - [2025-02-17T22:38:06.825-0600] {dag.py:3239} INFO - Sync 1 DAGs
[2025-02-17T22:38:06.841-0600] {logging_mixin.py:190} INFO - [2025-02-17T22:38:06.841-0600] {dag.py:4180} INFO - Setting next_dagrun for example_setup_teardown_taskflow to None, run_after=None
[2025-02-17T22:38:06.875-0600] {processor.py:208} INFO - Processing /home/dataScience/Projects/Pipeline/venv/lib/python3.10/site-packages/airflow/example_dags/example_setup_teardown_taskflow.py took 0.099 seconds
[2025-02-17T22:39:09.842-0600] {processor.py:186} INFO - Started process (PID=24115) to work on /home/dataScience/Projects/Pipeline/venv/lib/python3.10/site-packages/airflow/example_dags/example_setup_teardown_taskflow.py
[2025-02-17T22:39:09.845-0600] {processor.py:914} INFO - Processing file /home/dataScience/Projects/Pipeline/venv/lib/python3.10/site-packages/airflow/example_dags/example_setup_teardown_taskflow.py for tasks to queue
[2025-02-17T22:39:09.848-0600] {logging_mixin.py:190} INFO - [2025-02-17T22:39:09.848-0600] {dagbag.py:588} INFO - Filling up the DagBag from /home/dataScience/Projects/Pipeline/venv/lib/python3.10/site-packages/airflow/example_dags/example_setup_teardown_taskflow.py
[2025-02-17T22:39:09.863-0600] {processor.py:925} INFO - DAG(s) 'example_setup_teardown_taskflow' retrieved from /home/dataScience/Projects/Pipeline/venv/lib/python3.10/site-packages/airflow/example_dags/example_setup_teardown_taskflow.py
[2025-02-17T22:39:09.885-0600] {logging_mixin.py:190} INFO - [2025-02-17T22:39:09.884-0600] {dag.py:3239} INFO - Sync 1 DAGs
[2025-02-17T22:39:09.903-0600] {logging_mixin.py:190} INFO - [2025-02-17T22:39:09.902-0600] {dag.py:4180} INFO - Setting next_dagrun for example_setup_teardown_taskflow to None, run_after=None
[2025-02-17T22:39:09.936-0600] {processor.py:208} INFO - Processing /home/dataScience/Projects/Pipeline/venv/lib/python3.10/site-packages/airflow/example_dags/example_setup_teardown_taskflow.py took 0.101 seconds
[2025-02-17T22:40:09.797-0600] {processor.py:186} INFO - Started process (PID=24614) to work on /home/dataScience/Projects/Pipeline/venv/lib/python3.10/site-packages/airflow/example_dags/example_setup_teardown_taskflow.py
[2025-02-17T22:40:09.800-0600] {processor.py:914} INFO - Processing file /home/dataScience/Projects/Pipeline/venv/lib/python3.10/site-packages/airflow/example_dags/example_setup_teardown_taskflow.py for tasks to queue
[2025-02-17T22:40:09.803-0600] {logging_mixin.py:190} INFO - [2025-02-17T22:40:09.802-0600] {dagbag.py:588} INFO - Filling up the DagBag from /home/dataScience/Projects/Pipeline/venv/lib/python3.10/site-packages/airflow/example_dags/example_setup_teardown_taskflow.py
[2025-02-17T22:40:09.816-0600] {processor.py:925} INFO - DAG(s) 'example_setup_teardown_taskflow' retrieved from /home/dataScience/Projects/Pipeline/venv/lib/python3.10/site-packages/airflow/example_dags/example_setup_teardown_taskflow.py
[2025-02-17T22:40:09.837-0600] {logging_mixin.py:190} INFO - [2025-02-17T22:40:09.836-0600] {dag.py:3239} INFO - Sync 1 DAGs
[2025-02-17T22:40:09.861-0600] {logging_mixin.py:190} INFO - [2025-02-17T22:40:09.860-0600] {dag.py:4180} INFO - Setting next_dagrun for example_setup_teardown_taskflow to None, run_after=None
[2025-02-17T22:40:09.897-0600] {processor.py:208} INFO - Processing /home/dataScience/Projects/Pipeline/venv/lib/python3.10/site-packages/airflow/example_dags/example_setup_teardown_taskflow.py took 0.107 seconds
[2025-02-17T22:41:10.757-0600] {processor.py:186} INFO - Started process (PID=25119) to work on /home/dataScience/Projects/Pipeline/venv/lib/python3.10/site-packages/airflow/example_dags/example_setup_teardown_taskflow.py
[2025-02-17T22:41:10.760-0600] {processor.py:914} INFO - Processing file /home/dataScience/Projects/Pipeline/venv/lib/python3.10/site-packages/airflow/example_dags/example_setup_teardown_taskflow.py for tasks to queue
[2025-02-17T22:41:10.764-0600] {logging_mixin.py:190} INFO - [2025-02-17T22:41:10.763-0600] {dagbag.py:588} INFO - Filling up the DagBag from /home/dataScience/Projects/Pipeline/venv/lib/python3.10/site-packages/airflow/example_dags/example_setup_teardown_taskflow.py
[2025-02-17T22:41:10.778-0600] {processor.py:925} INFO - DAG(s) 'example_setup_teardown_taskflow' retrieved from /home/dataScience/Projects/Pipeline/venv/lib/python3.10/site-packages/airflow/example_dags/example_setup_teardown_taskflow.py
[2025-02-17T22:41:10.804-0600] {logging_mixin.py:190} INFO - [2025-02-17T22:41:10.803-0600] {dag.py:3239} INFO - Sync 1 DAGs
[2025-02-17T22:41:10.822-0600] {logging_mixin.py:190} INFO - [2025-02-17T22:41:10.822-0600] {dag.py:4180} INFO - Setting next_dagrun for example_setup_teardown_taskflow to None, run_after=None
[2025-02-17T22:41:10.856-0600] {processor.py:208} INFO - Processing /home/dataScience/Projects/Pipeline/venv/lib/python3.10/site-packages/airflow/example_dags/example_setup_teardown_taskflow.py took 0.106 seconds
