[2025-02-17T22:32:00.196-0600] {processor.py:186} INFO - Started process (PID=19962) to work on /home/dataScience/Projects/Pipeline/venv/lib/python3.10/site-packages/airflow/example_dags/example_task_group_decorator.py
[2025-02-17T22:32:00.198-0600] {processor.py:914} INFO - Processing file /home/dataScience/Projects/Pipeline/venv/lib/python3.10/site-packages/airflow/example_dags/example_task_group_decorator.py for tasks to queue
[2025-02-17T22:32:00.202-0600] {logging_mixin.py:190} INFO - [2025-02-17T22:32:00.201-0600] {dagbag.py:588} INFO - Filling up the DagBag from /home/dataScience/Projects/Pipeline/venv/lib/python3.10/site-packages/airflow/example_dags/example_task_group_decorator.py
[2025-02-17T22:32:00.223-0600] {processor.py:925} INFO - DAG(s) 'example_task_group_decorator' retrieved from /home/dataScience/Projects/Pipeline/venv/lib/python3.10/site-packages/airflow/example_dags/example_task_group_decorator.py
[2025-02-17T22:32:00.820-0600] {logging_mixin.py:190} INFO - [2025-02-17T22:32:00.820-0600] {override.py:1930} INFO - Created Permission View: can delete on DAG:example_task_group_decorator
[2025-02-17T22:32:00.841-0600] {logging_mixin.py:190} INFO - [2025-02-17T22:32:00.841-0600] {override.py:1930} INFO - Created Permission View: can edit on DAG:example_task_group_decorator
[2025-02-17T22:32:00.857-0600] {logging_mixin.py:190} INFO - [2025-02-17T22:32:00.856-0600] {override.py:1930} INFO - Created Permission View: can read on DAG:example_task_group_decorator
[2025-02-17T22:32:00.884-0600] {logging_mixin.py:190} INFO - [2025-02-17T22:32:00.884-0600] {override.py:1930} INFO - Created Permission View: can create on DAG Run:example_task_group_decorator
[2025-02-17T22:32:00.901-0600] {logging_mixin.py:190} INFO - [2025-02-17T22:32:00.900-0600] {override.py:1930} INFO - Created Permission View: can delete on DAG Run:example_task_group_decorator
[2025-02-17T22:32:00.918-0600] {logging_mixin.py:190} INFO - [2025-02-17T22:32:00.918-0600] {override.py:1930} INFO - Created Permission View: menu access on DAG Run:example_task_group_decorator
[2025-02-17T22:32:00.939-0600] {logging_mixin.py:190} INFO - [2025-02-17T22:32:00.938-0600] {override.py:1930} INFO - Created Permission View: can read on DAG Run:example_task_group_decorator
[2025-02-17T22:32:00.940-0600] {logging_mixin.py:190} INFO - [2025-02-17T22:32:00.939-0600] {dag.py:3239} INFO - Sync 1 DAGs
[2025-02-17T22:32:00.971-0600] {logging_mixin.py:190} INFO - [2025-02-17T22:32:00.970-0600] {dag.py:3262} INFO - Creating ORM DAG for example_task_group_decorator
[2025-02-17T22:32:00.972-0600] {logging_mixin.py:190} INFO - [2025-02-17T22:32:00.971-0600] {dag.py:4180} INFO - Setting next_dagrun for example_task_group_decorator to None, run_after=None
[2025-02-17T22:32:01.014-0600] {processor.py:208} INFO - Processing /home/dataScience/Projects/Pipeline/venv/lib/python3.10/site-packages/airflow/example_dags/example_task_group_decorator.py took 0.828 seconds
[2025-02-17T22:33:15.837-0600] {processor.py:186} INFO - Started process (PID=20826) to work on /home/dataScience/Projects/Pipeline/venv/lib/python3.10/site-packages/airflow/example_dags/example_task_group_decorator.py
[2025-02-17T22:33:15.839-0600] {processor.py:914} INFO - Processing file /home/dataScience/Projects/Pipeline/venv/lib/python3.10/site-packages/airflow/example_dags/example_task_group_decorator.py for tasks to queue
[2025-02-17T22:33:15.842-0600] {logging_mixin.py:190} INFO - [2025-02-17T22:33:15.842-0600] {dagbag.py:588} INFO - Filling up the DagBag from /home/dataScience/Projects/Pipeline/venv/lib/python3.10/site-packages/airflow/example_dags/example_task_group_decorator.py
[2025-02-17T22:33:15.859-0600] {processor.py:925} INFO - DAG(s) 'example_task_group_decorator' retrieved from /home/dataScience/Projects/Pipeline/venv/lib/python3.10/site-packages/airflow/example_dags/example_task_group_decorator.py
[2025-02-17T22:33:15.888-0600] {logging_mixin.py:190} INFO - [2025-02-17T22:33:15.887-0600] {dag.py:3239} INFO - Sync 1 DAGs
[2025-02-17T22:33:15.907-0600] {logging_mixin.py:190} INFO - [2025-02-17T22:33:15.906-0600] {dag.py:4180} INFO - Setting next_dagrun for example_task_group_decorator to None, run_after=None
[2025-02-17T22:33:15.941-0600] {processor.py:208} INFO - Processing /home/dataScience/Projects/Pipeline/venv/lib/python3.10/site-packages/airflow/example_dags/example_task_group_decorator.py took 0.111 seconds
[2025-02-17T22:34:19.511-0600] {processor.py:186} INFO - Started process (PID=21490) to work on /home/dataScience/Projects/Pipeline/venv/lib/python3.10/site-packages/airflow/example_dags/example_task_group_decorator.py
[2025-02-17T22:34:19.513-0600] {processor.py:914} INFO - Processing file /home/dataScience/Projects/Pipeline/venv/lib/python3.10/site-packages/airflow/example_dags/example_task_group_decorator.py for tasks to queue
[2025-02-17T22:34:19.516-0600] {logging_mixin.py:190} INFO - [2025-02-17T22:34:19.515-0600] {dagbag.py:588} INFO - Filling up the DagBag from /home/dataScience/Projects/Pipeline/venv/lib/python3.10/site-packages/airflow/example_dags/example_task_group_decorator.py
[2025-02-17T22:34:19.534-0600] {processor.py:925} INFO - DAG(s) 'example_task_group_decorator' retrieved from /home/dataScience/Projects/Pipeline/venv/lib/python3.10/site-packages/airflow/example_dags/example_task_group_decorator.py
[2025-02-17T22:34:19.557-0600] {logging_mixin.py:190} INFO - [2025-02-17T22:34:19.557-0600] {dag.py:3239} INFO - Sync 1 DAGs
[2025-02-17T22:34:19.571-0600] {logging_mixin.py:190} INFO - [2025-02-17T22:34:19.570-0600] {dag.py:4180} INFO - Setting next_dagrun for example_task_group_decorator to None, run_after=None
[2025-02-17T22:34:19.600-0600] {processor.py:208} INFO - Processing /home/dataScience/Projects/Pipeline/venv/lib/python3.10/site-packages/airflow/example_dags/example_task_group_decorator.py took 0.095 seconds
[2025-02-17T22:35:23.683-0600] {processor.py:186} INFO - Started process (PID=22148) to work on /home/dataScience/Projects/Pipeline/venv/lib/python3.10/site-packages/airflow/example_dags/example_task_group_decorator.py
[2025-02-17T22:35:23.685-0600] {processor.py:914} INFO - Processing file /home/dataScience/Projects/Pipeline/venv/lib/python3.10/site-packages/airflow/example_dags/example_task_group_decorator.py for tasks to queue
[2025-02-17T22:35:23.688-0600] {logging_mixin.py:190} INFO - [2025-02-17T22:35:23.687-0600] {dagbag.py:588} INFO - Filling up the DagBag from /home/dataScience/Projects/Pipeline/venv/lib/python3.10/site-packages/airflow/example_dags/example_task_group_decorator.py
[2025-02-17T22:35:23.709-0600] {processor.py:925} INFO - DAG(s) 'example_task_group_decorator' retrieved from /home/dataScience/Projects/Pipeline/venv/lib/python3.10/site-packages/airflow/example_dags/example_task_group_decorator.py
[2025-02-17T22:35:23.735-0600] {logging_mixin.py:190} INFO - [2025-02-17T22:35:23.734-0600] {dag.py:3239} INFO - Sync 1 DAGs
[2025-02-17T22:35:23.751-0600] {logging_mixin.py:190} INFO - [2025-02-17T22:35:23.751-0600] {dag.py:4180} INFO - Setting next_dagrun for example_task_group_decorator to None, run_after=None
[2025-02-17T22:35:23.783-0600] {processor.py:208} INFO - Processing /home/dataScience/Projects/Pipeline/venv/lib/python3.10/site-packages/airflow/example_dags/example_task_group_decorator.py took 0.107 seconds
[2025-02-17T22:36:23.858-0600] {processor.py:186} INFO - Started process (PID=22653) to work on /home/dataScience/Projects/Pipeline/venv/lib/python3.10/site-packages/airflow/example_dags/example_task_group_decorator.py
[2025-02-17T22:36:23.860-0600] {processor.py:914} INFO - Processing file /home/dataScience/Projects/Pipeline/venv/lib/python3.10/site-packages/airflow/example_dags/example_task_group_decorator.py for tasks to queue
[2025-02-17T22:36:23.864-0600] {logging_mixin.py:190} INFO - [2025-02-17T22:36:23.863-0600] {dagbag.py:588} INFO - Filling up the DagBag from /home/dataScience/Projects/Pipeline/venv/lib/python3.10/site-packages/airflow/example_dags/example_task_group_decorator.py
[2025-02-17T22:36:23.896-0600] {processor.py:925} INFO - DAG(s) 'example_task_group_decorator' retrieved from /home/dataScience/Projects/Pipeline/venv/lib/python3.10/site-packages/airflow/example_dags/example_task_group_decorator.py
[2025-02-17T22:36:23.927-0600] {logging_mixin.py:190} INFO - [2025-02-17T22:36:23.926-0600] {dag.py:3239} INFO - Sync 1 DAGs
[2025-02-17T22:36:23.946-0600] {logging_mixin.py:190} INFO - [2025-02-17T22:36:23.945-0600] {dag.py:4180} INFO - Setting next_dagrun for example_task_group_decorator to None, run_after=None
[2025-02-17T22:36:23.979-0600] {processor.py:208} INFO - Processing /home/dataScience/Projects/Pipeline/venv/lib/python3.10/site-packages/airflow/example_dags/example_task_group_decorator.py took 0.129 seconds
[2025-02-17T22:37:23.339-0600] {processor.py:186} INFO - Started process (PID=23212) to work on /home/dataScience/Projects/Pipeline/venv/lib/python3.10/site-packages/airflow/example_dags/example_task_group_decorator.py
[2025-02-17T22:37:23.342-0600] {processor.py:914} INFO - Processing file /home/dataScience/Projects/Pipeline/venv/lib/python3.10/site-packages/airflow/example_dags/example_task_group_decorator.py for tasks to queue
[2025-02-17T22:37:23.345-0600] {logging_mixin.py:190} INFO - [2025-02-17T22:37:23.345-0600] {dagbag.py:588} INFO - Filling up the DagBag from /home/dataScience/Projects/Pipeline/venv/lib/python3.10/site-packages/airflow/example_dags/example_task_group_decorator.py
[2025-02-17T22:37:23.364-0600] {processor.py:925} INFO - DAG(s) 'example_task_group_decorator' retrieved from /home/dataScience/Projects/Pipeline/venv/lib/python3.10/site-packages/airflow/example_dags/example_task_group_decorator.py
[2025-02-17T22:37:23.390-0600] {logging_mixin.py:190} INFO - [2025-02-17T22:37:23.389-0600] {dag.py:3239} INFO - Sync 1 DAGs
[2025-02-17T22:37:23.405-0600] {logging_mixin.py:190} INFO - [2025-02-17T22:37:23.405-0600] {dag.py:4180} INFO - Setting next_dagrun for example_task_group_decorator to None, run_after=None
[2025-02-17T22:37:23.438-0600] {processor.py:208} INFO - Processing /home/dataScience/Projects/Pipeline/venv/lib/python3.10/site-packages/airflow/example_dags/example_task_group_decorator.py took 0.109 seconds
[2025-02-17T22:38:17.754-0600] {processor.py:186} INFO - Started process (PID=23673) to work on /home/dataScience/Projects/Pipeline/venv/lib/python3.10/site-packages/airflow/example_dags/example_task_group_decorator.py
[2025-02-17T22:38:17.756-0600] {processor.py:914} INFO - Processing file /home/dataScience/Projects/Pipeline/venv/lib/python3.10/site-packages/airflow/example_dags/example_task_group_decorator.py for tasks to queue
[2025-02-17T22:38:17.760-0600] {logging_mixin.py:190} INFO - [2025-02-17T22:38:17.759-0600] {dagbag.py:588} INFO - Filling up the DagBag from /home/dataScience/Projects/Pipeline/venv/lib/python3.10/site-packages/airflow/example_dags/example_task_group_decorator.py
[2025-02-17T22:38:17.781-0600] {processor.py:925} INFO - DAG(s) 'example_task_group_decorator' retrieved from /home/dataScience/Projects/Pipeline/venv/lib/python3.10/site-packages/airflow/example_dags/example_task_group_decorator.py
[2025-02-17T22:38:17.810-0600] {logging_mixin.py:190} INFO - [2025-02-17T22:38:17.809-0600] {dag.py:3239} INFO - Sync 1 DAGs
[2025-02-17T22:38:17.827-0600] {logging_mixin.py:190} INFO - [2025-02-17T22:38:17.827-0600] {dag.py:4180} INFO - Setting next_dagrun for example_task_group_decorator to None, run_after=None
[2025-02-17T22:38:17.865-0600] {processor.py:208} INFO - Processing /home/dataScience/Projects/Pipeline/venv/lib/python3.10/site-packages/airflow/example_dags/example_task_group_decorator.py took 0.118 seconds
[2025-02-17T22:39:21.448-0600] {processor.py:186} INFO - Started process (PID=24201) to work on /home/dataScience/Projects/Pipeline/venv/lib/python3.10/site-packages/airflow/example_dags/example_task_group_decorator.py
[2025-02-17T22:39:21.450-0600] {processor.py:914} INFO - Processing file /home/dataScience/Projects/Pipeline/venv/lib/python3.10/site-packages/airflow/example_dags/example_task_group_decorator.py for tasks to queue
[2025-02-17T22:39:21.454-0600] {logging_mixin.py:190} INFO - [2025-02-17T22:39:21.453-0600] {dagbag.py:588} INFO - Filling up the DagBag from /home/dataScience/Projects/Pipeline/venv/lib/python3.10/site-packages/airflow/example_dags/example_task_group_decorator.py
[2025-02-17T22:39:21.475-0600] {processor.py:925} INFO - DAG(s) 'example_task_group_decorator' retrieved from /home/dataScience/Projects/Pipeline/venv/lib/python3.10/site-packages/airflow/example_dags/example_task_group_decorator.py
[2025-02-17T22:39:21.504-0600] {logging_mixin.py:190} INFO - [2025-02-17T22:39:21.503-0600] {dag.py:3239} INFO - Sync 1 DAGs
[2025-02-17T22:39:21.522-0600] {logging_mixin.py:190} INFO - [2025-02-17T22:39:21.522-0600] {dag.py:4180} INFO - Setting next_dagrun for example_task_group_decorator to None, run_after=None
[2025-02-17T22:39:21.557-0600] {processor.py:208} INFO - Processing /home/dataScience/Projects/Pipeline/venv/lib/python3.10/site-packages/airflow/example_dags/example_task_group_decorator.py took 0.117 seconds
[2025-02-17T22:40:20.925-0600] {processor.py:186} INFO - Started process (PID=24695) to work on /home/dataScience/Projects/Pipeline/venv/lib/python3.10/site-packages/airflow/example_dags/example_task_group_decorator.py
[2025-02-17T22:40:20.928-0600] {processor.py:914} INFO - Processing file /home/dataScience/Projects/Pipeline/venv/lib/python3.10/site-packages/airflow/example_dags/example_task_group_decorator.py for tasks to queue
[2025-02-17T22:40:20.930-0600] {logging_mixin.py:190} INFO - [2025-02-17T22:40:20.930-0600] {dagbag.py:588} INFO - Filling up the DagBag from /home/dataScience/Projects/Pipeline/venv/lib/python3.10/site-packages/airflow/example_dags/example_task_group_decorator.py
[2025-02-17T22:40:20.952-0600] {processor.py:925} INFO - DAG(s) 'example_task_group_decorator' retrieved from /home/dataScience/Projects/Pipeline/venv/lib/python3.10/site-packages/airflow/example_dags/example_task_group_decorator.py
[2025-02-17T22:40:20.979-0600] {logging_mixin.py:190} INFO - [2025-02-17T22:40:20.978-0600] {dag.py:3239} INFO - Sync 1 DAGs
[2025-02-17T22:40:20.994-0600] {logging_mixin.py:190} INFO - [2025-02-17T22:40:20.994-0600] {dag.py:4180} INFO - Setting next_dagrun for example_task_group_decorator to None, run_after=None
[2025-02-17T22:40:21.024-0600] {processor.py:208} INFO - Processing /home/dataScience/Projects/Pipeline/venv/lib/python3.10/site-packages/airflow/example_dags/example_task_group_decorator.py took 0.110 seconds
[2025-02-17T22:41:21.977-0600] {processor.py:186} INFO - Started process (PID=25203) to work on /home/dataScience/Projects/Pipeline/venv/lib/python3.10/site-packages/airflow/example_dags/example_task_group_decorator.py
[2025-02-17T22:41:21.980-0600] {processor.py:914} INFO - Processing file /home/dataScience/Projects/Pipeline/venv/lib/python3.10/site-packages/airflow/example_dags/example_task_group_decorator.py for tasks to queue
[2025-02-17T22:41:21.984-0600] {logging_mixin.py:190} INFO - [2025-02-17T22:41:21.983-0600] {dagbag.py:588} INFO - Filling up the DagBag from /home/dataScience/Projects/Pipeline/venv/lib/python3.10/site-packages/airflow/example_dags/example_task_group_decorator.py
[2025-02-17T22:41:22.003-0600] {processor.py:925} INFO - DAG(s) 'example_task_group_decorator' retrieved from /home/dataScience/Projects/Pipeline/venv/lib/python3.10/site-packages/airflow/example_dags/example_task_group_decorator.py
[2025-02-17T22:41:22.028-0600] {logging_mixin.py:190} INFO - [2025-02-17T22:41:22.028-0600] {dag.py:3239} INFO - Sync 1 DAGs
[2025-02-17T22:41:22.043-0600] {logging_mixin.py:190} INFO - [2025-02-17T22:41:22.042-0600] {dag.py:4180} INFO - Setting next_dagrun for example_task_group_decorator to None, run_after=None
[2025-02-17T22:41:22.074-0600] {processor.py:208} INFO - Processing /home/dataScience/Projects/Pipeline/venv/lib/python3.10/site-packages/airflow/example_dags/example_task_group_decorator.py took 0.105 seconds
