[2025-02-17T22:32:31.195-0600] {processor.py:186} INFO - Started process (PID=20365) to work on /home/dataScience/Projects/Pipeline/venv/lib/python3.10/site-packages/airflow/example_dags/example_kubernetes_executor.py
[2025-02-17T22:32:31.196-0600] {processor.py:914} INFO - Processing file /home/dataScience/Projects/Pipeline/venv/lib/python3.10/site-packages/airflow/example_dags/example_kubernetes_executor.py for tasks to queue
[2025-02-17T22:32:31.198-0600] {logging_mixin.py:190} INFO - [2025-02-17T22:32:31.198-0600] {dagbag.py:588} INFO - Filling up the DagBag from /home/dataScience/Projects/Pipeline/venv/lib/python3.10/site-packages/airflow/example_dags/example_kubernetes_executor.py
[2025-02-17T22:32:31.202-0600] {logging_mixin.py:190} INFO - [2025-02-17T22:32:31.202-0600] {example_kubernetes_executor.py:39} WARNING - The example_kubernetes_executor example DAG requires the kubernetes provider. Please install it with: pip install apache-airflow[cncf.kubernetes]
[2025-02-17T22:32:31.203-0600] {processor.py:927} WARNING - No viable dags retrieved from /home/dataScience/Projects/Pipeline/venv/lib/python3.10/site-packages/airflow/example_dags/example_kubernetes_executor.py
[2025-02-17T22:32:31.215-0600] {processor.py:208} INFO - Processing /home/dataScience/Projects/Pipeline/venv/lib/python3.10/site-packages/airflow/example_dags/example_kubernetes_executor.py took 0.028 seconds
[2025-02-17T22:33:50.946-0600] {processor.py:186} INFO - Started process (PID=21154) to work on /home/dataScience/Projects/Pipeline/venv/lib/python3.10/site-packages/airflow/example_dags/example_kubernetes_executor.py
[2025-02-17T22:33:50.948-0600] {processor.py:914} INFO - Processing file /home/dataScience/Projects/Pipeline/venv/lib/python3.10/site-packages/airflow/example_dags/example_kubernetes_executor.py for tasks to queue
[2025-02-17T22:33:50.951-0600] {logging_mixin.py:190} INFO - [2025-02-17T22:33:50.950-0600] {dagbag.py:588} INFO - Filling up the DagBag from /home/dataScience/Projects/Pipeline/venv/lib/python3.10/site-packages/airflow/example_dags/example_kubernetes_executor.py
[2025-02-17T22:33:50.956-0600] {logging_mixin.py:190} INFO - [2025-02-17T22:33:50.956-0600] {example_kubernetes_executor.py:39} WARNING - The example_kubernetes_executor example DAG requires the kubernetes provider. Please install it with: pip install apache-airflow[cncf.kubernetes]
[2025-02-17T22:33:50.957-0600] {processor.py:927} WARNING - No viable dags retrieved from /home/dataScience/Projects/Pipeline/venv/lib/python3.10/site-packages/airflow/example_dags/example_kubernetes_executor.py
[2025-02-17T22:33:50.970-0600] {processor.py:208} INFO - Processing /home/dataScience/Projects/Pipeline/venv/lib/python3.10/site-packages/airflow/example_dags/example_kubernetes_executor.py took 0.031 seconds
[2025-02-17T22:34:49.591-0600] {processor.py:186} INFO - Started process (PID=21779) to work on /home/dataScience/Projects/Pipeline/venv/lib/python3.10/site-packages/airflow/example_dags/example_kubernetes_executor.py
[2025-02-17T22:34:49.593-0600] {processor.py:914} INFO - Processing file /home/dataScience/Projects/Pipeline/venv/lib/python3.10/site-packages/airflow/example_dags/example_kubernetes_executor.py for tasks to queue
[2025-02-17T22:34:49.595-0600] {logging_mixin.py:190} INFO - [2025-02-17T22:34:49.595-0600] {dagbag.py:588} INFO - Filling up the DagBag from /home/dataScience/Projects/Pipeline/venv/lib/python3.10/site-packages/airflow/example_dags/example_kubernetes_executor.py
[2025-02-17T22:34:49.599-0600] {logging_mixin.py:190} INFO - [2025-02-17T22:34:49.599-0600] {example_kubernetes_executor.py:39} WARNING - The example_kubernetes_executor example DAG requires the kubernetes provider. Please install it with: pip install apache-airflow[cncf.kubernetes]
[2025-02-17T22:34:49.599-0600] {processor.py:927} WARNING - No viable dags retrieved from /home/dataScience/Projects/Pipeline/venv/lib/python3.10/site-packages/airflow/example_dags/example_kubernetes_executor.py
[2025-02-17T22:34:49.610-0600] {processor.py:208} INFO - Processing /home/dataScience/Projects/Pipeline/venv/lib/python3.10/site-packages/airflow/example_dags/example_kubernetes_executor.py took 0.026 seconds
[2025-02-17T22:35:53.853-0600] {processor.py:186} INFO - Started process (PID=22433) to work on /home/dataScience/Projects/Pipeline/venv/lib/python3.10/site-packages/airflow/example_dags/example_kubernetes_executor.py
[2025-02-17T22:35:53.855-0600] {processor.py:914} INFO - Processing file /home/dataScience/Projects/Pipeline/venv/lib/python3.10/site-packages/airflow/example_dags/example_kubernetes_executor.py for tasks to queue
[2025-02-17T22:35:53.857-0600] {logging_mixin.py:190} INFO - [2025-02-17T22:35:53.857-0600] {dagbag.py:588} INFO - Filling up the DagBag from /home/dataScience/Projects/Pipeline/venv/lib/python3.10/site-packages/airflow/example_dags/example_kubernetes_executor.py
[2025-02-17T22:35:53.861-0600] {logging_mixin.py:190} INFO - [2025-02-17T22:35:53.861-0600] {example_kubernetes_executor.py:39} WARNING - The example_kubernetes_executor example DAG requires the kubernetes provider. Please install it with: pip install apache-airflow[cncf.kubernetes]
[2025-02-17T22:35:53.862-0600] {processor.py:927} WARNING - No viable dags retrieved from /home/dataScience/Projects/Pipeline/venv/lib/python3.10/site-packages/airflow/example_dags/example_kubernetes_executor.py
[2025-02-17T22:35:53.875-0600] {processor.py:208} INFO - Processing /home/dataScience/Projects/Pipeline/venv/lib/python3.10/site-packages/airflow/example_dags/example_kubernetes_executor.py took 0.029 seconds
[2025-02-17T22:36:55.886-0600] {processor.py:186} INFO - Started process (PID=23009) to work on /home/dataScience/Projects/Pipeline/venv/lib/python3.10/site-packages/airflow/example_dags/example_kubernetes_executor.py
[2025-02-17T22:36:55.889-0600] {processor.py:914} INFO - Processing file /home/dataScience/Projects/Pipeline/venv/lib/python3.10/site-packages/airflow/example_dags/example_kubernetes_executor.py for tasks to queue
[2025-02-17T22:36:55.892-0600] {logging_mixin.py:190} INFO - [2025-02-17T22:36:55.892-0600] {dagbag.py:588} INFO - Filling up the DagBag from /home/dataScience/Projects/Pipeline/venv/lib/python3.10/site-packages/airflow/example_dags/example_kubernetes_executor.py
[2025-02-17T22:36:55.896-0600] {logging_mixin.py:190} INFO - [2025-02-17T22:36:55.896-0600] {example_kubernetes_executor.py:39} WARNING - The example_kubernetes_executor example DAG requires the kubernetes provider. Please install it with: pip install apache-airflow[cncf.kubernetes]
[2025-02-17T22:36:55.896-0600] {processor.py:927} WARNING - No viable dags retrieved from /home/dataScience/Projects/Pipeline/venv/lib/python3.10/site-packages/airflow/example_dags/example_kubernetes_executor.py
[2025-02-17T22:36:55.908-0600] {processor.py:208} INFO - Processing /home/dataScience/Projects/Pipeline/venv/lib/python3.10/site-packages/airflow/example_dags/example_kubernetes_executor.py took 0.029 seconds
[2025-02-17T22:37:52.247-0600] {processor.py:186} INFO - Started process (PID=23489) to work on /home/dataScience/Projects/Pipeline/venv/lib/python3.10/site-packages/airflow/example_dags/example_kubernetes_executor.py
[2025-02-17T22:37:52.249-0600] {processor.py:914} INFO - Processing file /home/dataScience/Projects/Pipeline/venv/lib/python3.10/site-packages/airflow/example_dags/example_kubernetes_executor.py for tasks to queue
[2025-02-17T22:37:52.252-0600] {logging_mixin.py:190} INFO - [2025-02-17T22:37:52.252-0600] {dagbag.py:588} INFO - Filling up the DagBag from /home/dataScience/Projects/Pipeline/venv/lib/python3.10/site-packages/airflow/example_dags/example_kubernetes_executor.py
[2025-02-17T22:37:52.258-0600] {logging_mixin.py:190} INFO - [2025-02-17T22:37:52.257-0600] {example_kubernetes_executor.py:39} WARNING - The example_kubernetes_executor example DAG requires the kubernetes provider. Please install it with: pip install apache-airflow[cncf.kubernetes]
[2025-02-17T22:37:52.258-0600] {processor.py:927} WARNING - No viable dags retrieved from /home/dataScience/Projects/Pipeline/venv/lib/python3.10/site-packages/airflow/example_dags/example_kubernetes_executor.py
[2025-02-17T22:37:52.273-0600] {processor.py:208} INFO - Processing /home/dataScience/Projects/Pipeline/venv/lib/python3.10/site-packages/airflow/example_dags/example_kubernetes_executor.py took 0.036 seconds
[2025-02-17T22:38:52.484-0600] {processor.py:186} INFO - Started process (PID=23989) to work on /home/dataScience/Projects/Pipeline/venv/lib/python3.10/site-packages/airflow/example_dags/example_kubernetes_executor.py
[2025-02-17T22:38:52.487-0600] {processor.py:914} INFO - Processing file /home/dataScience/Projects/Pipeline/venv/lib/python3.10/site-packages/airflow/example_dags/example_kubernetes_executor.py for tasks to queue
[2025-02-17T22:38:52.493-0600] {logging_mixin.py:190} INFO - [2025-02-17T22:38:52.491-0600] {dagbag.py:588} INFO - Filling up the DagBag from /home/dataScience/Projects/Pipeline/venv/lib/python3.10/site-packages/airflow/example_dags/example_kubernetes_executor.py
[2025-02-17T22:38:52.501-0600] {logging_mixin.py:190} INFO - [2025-02-17T22:38:52.500-0600] {example_kubernetes_executor.py:39} WARNING - The example_kubernetes_executor example DAG requires the kubernetes provider. Please install it with: pip install apache-airflow[cncf.kubernetes]
[2025-02-17T22:38:52.501-0600] {processor.py:927} WARNING - No viable dags retrieved from /home/dataScience/Projects/Pipeline/venv/lib/python3.10/site-packages/airflow/example_dags/example_kubernetes_executor.py
[2025-02-17T22:38:52.524-0600] {processor.py:208} INFO - Processing /home/dataScience/Projects/Pipeline/venv/lib/python3.10/site-packages/airflow/example_dags/example_kubernetes_executor.py took 0.052 seconds
[2025-02-17T22:39:54.189-0600] {processor.py:186} INFO - Started process (PID=24497) to work on /home/dataScience/Projects/Pipeline/venv/lib/python3.10/site-packages/airflow/example_dags/example_kubernetes_executor.py
[2025-02-17T22:39:54.191-0600] {processor.py:914} INFO - Processing file /home/dataScience/Projects/Pipeline/venv/lib/python3.10/site-packages/airflow/example_dags/example_kubernetes_executor.py for tasks to queue
[2025-02-17T22:39:54.194-0600] {logging_mixin.py:190} INFO - [2025-02-17T22:39:54.193-0600] {dagbag.py:588} INFO - Filling up the DagBag from /home/dataScience/Projects/Pipeline/venv/lib/python3.10/site-packages/airflow/example_dags/example_kubernetes_executor.py
[2025-02-17T22:39:54.198-0600] {logging_mixin.py:190} INFO - [2025-02-17T22:39:54.198-0600] {example_kubernetes_executor.py:39} WARNING - The example_kubernetes_executor example DAG requires the kubernetes provider. Please install it with: pip install apache-airflow[cncf.kubernetes]
[2025-02-17T22:39:54.198-0600] {processor.py:927} WARNING - No viable dags retrieved from /home/dataScience/Projects/Pipeline/venv/lib/python3.10/site-packages/airflow/example_dags/example_kubernetes_executor.py
[2025-02-17T22:39:54.211-0600] {processor.py:208} INFO - Processing /home/dataScience/Projects/Pipeline/venv/lib/python3.10/site-packages/airflow/example_dags/example_kubernetes_executor.py took 0.030 seconds
[2025-02-17T22:40:54.825-0600] {processor.py:186} INFO - Started process (PID=25006) to work on /home/dataScience/Projects/Pipeline/venv/lib/python3.10/site-packages/airflow/example_dags/example_kubernetes_executor.py
[2025-02-17T22:40:54.827-0600] {processor.py:914} INFO - Processing file /home/dataScience/Projects/Pipeline/venv/lib/python3.10/site-packages/airflow/example_dags/example_kubernetes_executor.py for tasks to queue
[2025-02-17T22:40:54.829-0600] {logging_mixin.py:190} INFO - [2025-02-17T22:40:54.829-0600] {dagbag.py:588} INFO - Filling up the DagBag from /home/dataScience/Projects/Pipeline/venv/lib/python3.10/site-packages/airflow/example_dags/example_kubernetes_executor.py
[2025-02-17T22:40:54.833-0600] {logging_mixin.py:190} INFO - [2025-02-17T22:40:54.833-0600] {example_kubernetes_executor.py:39} WARNING - The example_kubernetes_executor example DAG requires the kubernetes provider. Please install it with: pip install apache-airflow[cncf.kubernetes]
[2025-02-17T22:40:54.833-0600] {processor.py:927} WARNING - No viable dags retrieved from /home/dataScience/Projects/Pipeline/venv/lib/python3.10/site-packages/airflow/example_dags/example_kubernetes_executor.py
[2025-02-17T22:40:54.846-0600] {processor.py:208} INFO - Processing /home/dataScience/Projects/Pipeline/venv/lib/python3.10/site-packages/airflow/example_dags/example_kubernetes_executor.py took 0.028 seconds
