[2025-02-17T22:31:55.082-0600] {processor.py:186} INFO - Started process (PID=19867) to work on /home/dataScience/Projects/Pipeline/venv/lib/python3.10/site-packages/airflow/example_dags/example_setup_teardown.py
[2025-02-17T22:31:55.083-0600] {processor.py:914} INFO - Processing file /home/dataScience/Projects/Pipeline/venv/lib/python3.10/site-packages/airflow/example_dags/example_setup_teardown.py for tasks to queue
[2025-02-17T22:31:55.086-0600] {logging_mixin.py:190} INFO - [2025-02-17T22:31:55.085-0600] {dagbag.py:588} INFO - Filling up the DagBag from /home/dataScience/Projects/Pipeline/venv/lib/python3.10/site-packages/airflow/example_dags/example_setup_teardown.py
[2025-02-17T22:31:55.102-0600] {processor.py:925} INFO - DAG(s) 'example_setup_teardown' retrieved from /home/dataScience/Projects/Pipeline/venv/lib/python3.10/site-packages/airflow/example_dags/example_setup_teardown.py
[2025-02-17T22:31:55.490-0600] {logging_mixin.py:190} INFO - [2025-02-17T22:31:55.489-0600] {override.py:1930} INFO - Created Permission View: can delete on DAG:example_setup_teardown
[2025-02-17T22:31:55.509-0600] {logging_mixin.py:190} INFO - [2025-02-17T22:31:55.509-0600] {override.py:1930} INFO - Created Permission View: can edit on DAG:example_setup_teardown
[2025-02-17T22:31:55.526-0600] {logging_mixin.py:190} INFO - [2025-02-17T22:31:55.526-0600] {override.py:1930} INFO - Created Permission View: can read on DAG:example_setup_teardown
[2025-02-17T22:31:55.551-0600] {logging_mixin.py:190} INFO - [2025-02-17T22:31:55.550-0600] {override.py:1930} INFO - Created Permission View: can create on DAG Run:example_setup_teardown
[2025-02-17T22:31:55.574-0600] {logging_mixin.py:190} INFO - [2025-02-17T22:31:55.573-0600] {override.py:1930} INFO - Created Permission View: can delete on DAG Run:example_setup_teardown
[2025-02-17T22:31:55.595-0600] {logging_mixin.py:190} INFO - [2025-02-17T22:31:55.594-0600] {override.py:1930} INFO - Created Permission View: menu access on DAG Run:example_setup_teardown
[2025-02-17T22:31:55.615-0600] {logging_mixin.py:190} INFO - [2025-02-17T22:31:55.614-0600] {override.py:1930} INFO - Created Permission View: can read on DAG Run:example_setup_teardown
[2025-02-17T22:31:55.615-0600] {logging_mixin.py:190} INFO - [2025-02-17T22:31:55.615-0600] {dag.py:3239} INFO - Sync 1 DAGs
[2025-02-17T22:31:55.634-0600] {logging_mixin.py:190} INFO - [2025-02-17T22:31:55.634-0600] {dag.py:3262} INFO - Creating ORM DAG for example_setup_teardown
[2025-02-17T22:31:55.636-0600] {logging_mixin.py:190} INFO - [2025-02-17T22:31:55.636-0600] {dag.py:4180} INFO - Setting next_dagrun for example_setup_teardown to None, run_after=None
[2025-02-17T22:31:55.683-0600] {processor.py:208} INFO - Processing /home/dataScience/Projects/Pipeline/venv/lib/python3.10/site-packages/airflow/example_dags/example_setup_teardown.py took 0.617 seconds
[2025-02-17T22:33:12.436-0600] {processor.py:186} INFO - Started process (PID=20769) to work on /home/dataScience/Projects/Pipeline/venv/lib/python3.10/site-packages/airflow/example_dags/example_setup_teardown.py
[2025-02-17T22:33:12.438-0600] {processor.py:914} INFO - Processing file /home/dataScience/Projects/Pipeline/venv/lib/python3.10/site-packages/airflow/example_dags/example_setup_teardown.py for tasks to queue
[2025-02-17T22:33:12.440-0600] {logging_mixin.py:190} INFO - [2025-02-17T22:33:12.440-0600] {dagbag.py:588} INFO - Filling up the DagBag from /home/dataScience/Projects/Pipeline/venv/lib/python3.10/site-packages/airflow/example_dags/example_setup_teardown.py
[2025-02-17T22:33:12.452-0600] {processor.py:925} INFO - DAG(s) 'example_setup_teardown' retrieved from /home/dataScience/Projects/Pipeline/venv/lib/python3.10/site-packages/airflow/example_dags/example_setup_teardown.py
[2025-02-17T22:33:12.475-0600] {logging_mixin.py:190} INFO - [2025-02-17T22:33:12.474-0600] {dag.py:3239} INFO - Sync 1 DAGs
[2025-02-17T22:33:12.494-0600] {logging_mixin.py:190} INFO - [2025-02-17T22:33:12.494-0600] {dag.py:4180} INFO - Setting next_dagrun for example_setup_teardown to None, run_after=None
[2025-02-17T22:33:12.532-0600] {processor.py:208} INFO - Processing /home/dataScience/Projects/Pipeline/venv/lib/python3.10/site-packages/airflow/example_dags/example_setup_teardown.py took 0.104 seconds
[2025-02-17T22:34:16.897-0600] {processor.py:186} INFO - Started process (PID=21471) to work on /home/dataScience/Projects/Pipeline/venv/lib/python3.10/site-packages/airflow/example_dags/example_setup_teardown.py
[2025-02-17T22:34:16.899-0600] {processor.py:914} INFO - Processing file /home/dataScience/Projects/Pipeline/venv/lib/python3.10/site-packages/airflow/example_dags/example_setup_teardown.py for tasks to queue
[2025-02-17T22:34:16.902-0600] {logging_mixin.py:190} INFO - [2025-02-17T22:34:16.902-0600] {dagbag.py:588} INFO - Filling up the DagBag from /home/dataScience/Projects/Pipeline/venv/lib/python3.10/site-packages/airflow/example_dags/example_setup_teardown.py
[2025-02-17T22:34:16.912-0600] {processor.py:925} INFO - DAG(s) 'example_setup_teardown' retrieved from /home/dataScience/Projects/Pipeline/venv/lib/python3.10/site-packages/airflow/example_dags/example_setup_teardown.py
[2025-02-17T22:34:16.929-0600] {logging_mixin.py:190} INFO - [2025-02-17T22:34:16.929-0600] {dag.py:3239} INFO - Sync 1 DAGs
[2025-02-17T22:34:16.943-0600] {logging_mixin.py:190} INFO - [2025-02-17T22:34:16.943-0600] {dag.py:4180} INFO - Setting next_dagrun for example_setup_teardown to None, run_after=None
[2025-02-17T22:34:16.973-0600] {processor.py:208} INFO - Processing /home/dataScience/Projects/Pipeline/venv/lib/python3.10/site-packages/airflow/example_dags/example_setup_teardown.py took 0.082 seconds
[2025-02-17T22:35:20.177-0600] {processor.py:186} INFO - Started process (PID=22125) to work on /home/dataScience/Projects/Pipeline/venv/lib/python3.10/site-packages/airflow/example_dags/example_setup_teardown.py
[2025-02-17T22:35:20.179-0600] {processor.py:914} INFO - Processing file /home/dataScience/Projects/Pipeline/venv/lib/python3.10/site-packages/airflow/example_dags/example_setup_teardown.py for tasks to queue
[2025-02-17T22:35:20.182-0600] {logging_mixin.py:190} INFO - [2025-02-17T22:35:20.181-0600] {dagbag.py:588} INFO - Filling up the DagBag from /home/dataScience/Projects/Pipeline/venv/lib/python3.10/site-packages/airflow/example_dags/example_setup_teardown.py
[2025-02-17T22:35:20.193-0600] {processor.py:925} INFO - DAG(s) 'example_setup_teardown' retrieved from /home/dataScience/Projects/Pipeline/venv/lib/python3.10/site-packages/airflow/example_dags/example_setup_teardown.py
[2025-02-17T22:35:20.213-0600] {logging_mixin.py:190} INFO - [2025-02-17T22:35:20.212-0600] {dag.py:3239} INFO - Sync 1 DAGs
[2025-02-17T22:35:20.227-0600] {logging_mixin.py:190} INFO - [2025-02-17T22:35:20.227-0600] {dag.py:4180} INFO - Setting next_dagrun for example_setup_teardown to None, run_after=None
[2025-02-17T22:35:20.260-0600] {processor.py:208} INFO - Processing /home/dataScience/Projects/Pipeline/venv/lib/python3.10/site-packages/airflow/example_dags/example_setup_teardown.py took 0.090 seconds
[2025-02-17T22:36:21.012-0600] {processor.py:186} INFO - Started process (PID=22630) to work on /home/dataScience/Projects/Pipeline/venv/lib/python3.10/site-packages/airflow/example_dags/example_setup_teardown.py
[2025-02-17T22:36:21.015-0600] {processor.py:914} INFO - Processing file /home/dataScience/Projects/Pipeline/venv/lib/python3.10/site-packages/airflow/example_dags/example_setup_teardown.py for tasks to queue
[2025-02-17T22:36:21.018-0600] {logging_mixin.py:190} INFO - [2025-02-17T22:36:21.018-0600] {dagbag.py:588} INFO - Filling up the DagBag from /home/dataScience/Projects/Pipeline/venv/lib/python3.10/site-packages/airflow/example_dags/example_setup_teardown.py
[2025-02-17T22:36:21.029-0600] {processor.py:925} INFO - DAG(s) 'example_setup_teardown' retrieved from /home/dataScience/Projects/Pipeline/venv/lib/python3.10/site-packages/airflow/example_dags/example_setup_teardown.py
[2025-02-17T22:36:21.048-0600] {logging_mixin.py:190} INFO - [2025-02-17T22:36:21.048-0600] {dag.py:3239} INFO - Sync 1 DAGs
[2025-02-17T22:36:21.063-0600] {logging_mixin.py:190} INFO - [2025-02-17T22:36:21.063-0600] {dag.py:4180} INFO - Setting next_dagrun for example_setup_teardown to None, run_after=None
[2025-02-17T22:36:21.099-0600] {processor.py:208} INFO - Processing /home/dataScience/Projects/Pipeline/venv/lib/python3.10/site-packages/airflow/example_dags/example_setup_teardown.py took 0.094 seconds
[2025-02-17T22:37:19.745-0600] {processor.py:186} INFO - Started process (PID=23186) to work on /home/dataScience/Projects/Pipeline/venv/lib/python3.10/site-packages/airflow/example_dags/example_setup_teardown.py
[2025-02-17T22:37:19.747-0600] {processor.py:914} INFO - Processing file /home/dataScience/Projects/Pipeline/venv/lib/python3.10/site-packages/airflow/example_dags/example_setup_teardown.py for tasks to queue
[2025-02-17T22:37:19.749-0600] {logging_mixin.py:190} INFO - [2025-02-17T22:37:19.749-0600] {dagbag.py:588} INFO - Filling up the DagBag from /home/dataScience/Projects/Pipeline/venv/lib/python3.10/site-packages/airflow/example_dags/example_setup_teardown.py
[2025-02-17T22:37:19.760-0600] {processor.py:925} INFO - DAG(s) 'example_setup_teardown' retrieved from /home/dataScience/Projects/Pipeline/venv/lib/python3.10/site-packages/airflow/example_dags/example_setup_teardown.py
[2025-02-17T22:37:19.779-0600] {logging_mixin.py:190} INFO - [2025-02-17T22:37:19.778-0600] {dag.py:3239} INFO - Sync 1 DAGs
[2025-02-17T22:37:19.794-0600] {logging_mixin.py:190} INFO - [2025-02-17T22:37:19.793-0600] {dag.py:4180} INFO - Setting next_dagrun for example_setup_teardown to None, run_after=None
[2025-02-17T22:37:19.823-0600] {processor.py:208} INFO - Processing /home/dataScience/Projects/Pipeline/venv/lib/python3.10/site-packages/airflow/example_dags/example_setup_teardown.py took 0.085 seconds
[2025-02-17T22:38:15.827-0600] {processor.py:186} INFO - Started process (PID=23662) to work on /home/dataScience/Projects/Pipeline/venv/lib/python3.10/site-packages/airflow/example_dags/example_setup_teardown.py
[2025-02-17T22:38:15.829-0600] {processor.py:914} INFO - Processing file /home/dataScience/Projects/Pipeline/venv/lib/python3.10/site-packages/airflow/example_dags/example_setup_teardown.py for tasks to queue
[2025-02-17T22:38:15.832-0600] {logging_mixin.py:190} INFO - [2025-02-17T22:38:15.831-0600] {dagbag.py:588} INFO - Filling up the DagBag from /home/dataScience/Projects/Pipeline/venv/lib/python3.10/site-packages/airflow/example_dags/example_setup_teardown.py
[2025-02-17T22:38:15.843-0600] {processor.py:925} INFO - DAG(s) 'example_setup_teardown' retrieved from /home/dataScience/Projects/Pipeline/venv/lib/python3.10/site-packages/airflow/example_dags/example_setup_teardown.py
[2025-02-17T22:38:15.864-0600] {logging_mixin.py:190} INFO - [2025-02-17T22:38:15.863-0600] {dag.py:3239} INFO - Sync 1 DAGs
[2025-02-17T22:38:15.881-0600] {logging_mixin.py:190} INFO - [2025-02-17T22:38:15.881-0600] {dag.py:4180} INFO - Setting next_dagrun for example_setup_teardown to None, run_after=None
[2025-02-17T22:38:15.914-0600] {processor.py:208} INFO - Processing /home/dataScience/Projects/Pipeline/venv/lib/python3.10/site-packages/airflow/example_dags/example_setup_teardown.py took 0.094 seconds
[2025-02-17T22:39:19.129-0600] {processor.py:186} INFO - Started process (PID=24183) to work on /home/dataScience/Projects/Pipeline/venv/lib/python3.10/site-packages/airflow/example_dags/example_setup_teardown.py
[2025-02-17T22:39:19.131-0600] {processor.py:914} INFO - Processing file /home/dataScience/Projects/Pipeline/venv/lib/python3.10/site-packages/airflow/example_dags/example_setup_teardown.py for tasks to queue
[2025-02-17T22:39:19.134-0600] {logging_mixin.py:190} INFO - [2025-02-17T22:39:19.133-0600] {dagbag.py:588} INFO - Filling up the DagBag from /home/dataScience/Projects/Pipeline/venv/lib/python3.10/site-packages/airflow/example_dags/example_setup_teardown.py
[2025-02-17T22:39:19.147-0600] {processor.py:925} INFO - DAG(s) 'example_setup_teardown' retrieved from /home/dataScience/Projects/Pipeline/venv/lib/python3.10/site-packages/airflow/example_dags/example_setup_teardown.py
[2025-02-17T22:39:19.167-0600] {logging_mixin.py:190} INFO - [2025-02-17T22:39:19.167-0600] {dag.py:3239} INFO - Sync 1 DAGs
[2025-02-17T22:39:19.187-0600] {logging_mixin.py:190} INFO - [2025-02-17T22:39:19.187-0600] {dag.py:4180} INFO - Setting next_dagrun for example_setup_teardown to None, run_after=None
[2025-02-17T22:39:19.222-0600] {processor.py:208} INFO - Processing /home/dataScience/Projects/Pipeline/venv/lib/python3.10/site-packages/airflow/example_dags/example_setup_teardown.py took 0.100 seconds
[2025-02-17T22:40:18.645-0600] {processor.py:186} INFO - Started process (PID=24681) to work on /home/dataScience/Projects/Pipeline/venv/lib/python3.10/site-packages/airflow/example_dags/example_setup_teardown.py
[2025-02-17T22:40:18.647-0600] {processor.py:914} INFO - Processing file /home/dataScience/Projects/Pipeline/venv/lib/python3.10/site-packages/airflow/example_dags/example_setup_teardown.py for tasks to queue
[2025-02-17T22:40:18.650-0600] {logging_mixin.py:190} INFO - [2025-02-17T22:40:18.649-0600] {dagbag.py:588} INFO - Filling up the DagBag from /home/dataScience/Projects/Pipeline/venv/lib/python3.10/site-packages/airflow/example_dags/example_setup_teardown.py
[2025-02-17T22:40:18.662-0600] {processor.py:925} INFO - DAG(s) 'example_setup_teardown' retrieved from /home/dataScience/Projects/Pipeline/venv/lib/python3.10/site-packages/airflow/example_dags/example_setup_teardown.py
[2025-02-17T22:40:18.681-0600] {logging_mixin.py:190} INFO - [2025-02-17T22:40:18.681-0600] {dag.py:3239} INFO - Sync 1 DAGs
[2025-02-17T22:40:18.698-0600] {logging_mixin.py:190} INFO - [2025-02-17T22:40:18.697-0600] {dag.py:4180} INFO - Setting next_dagrun for example_setup_teardown to None, run_after=None
[2025-02-17T22:40:18.733-0600] {processor.py:208} INFO - Processing /home/dataScience/Projects/Pipeline/venv/lib/python3.10/site-packages/airflow/example_dags/example_setup_teardown.py took 0.095 seconds
[2025-02-17T22:41:19.719-0600] {processor.py:186} INFO - Started process (PID=25186) to work on /home/dataScience/Projects/Pipeline/venv/lib/python3.10/site-packages/airflow/example_dags/example_setup_teardown.py
[2025-02-17T22:41:19.721-0600] {processor.py:914} INFO - Processing file /home/dataScience/Projects/Pipeline/venv/lib/python3.10/site-packages/airflow/example_dags/example_setup_teardown.py for tasks to queue
[2025-02-17T22:41:19.723-0600] {logging_mixin.py:190} INFO - [2025-02-17T22:41:19.723-0600] {dagbag.py:588} INFO - Filling up the DagBag from /home/dataScience/Projects/Pipeline/venv/lib/python3.10/site-packages/airflow/example_dags/example_setup_teardown.py
[2025-02-17T22:41:19.733-0600] {processor.py:925} INFO - DAG(s) 'example_setup_teardown' retrieved from /home/dataScience/Projects/Pipeline/venv/lib/python3.10/site-packages/airflow/example_dags/example_setup_teardown.py
[2025-02-17T22:41:19.751-0600] {logging_mixin.py:190} INFO - [2025-02-17T22:41:19.750-0600] {dag.py:3239} INFO - Sync 1 DAGs
[2025-02-17T22:41:19.764-0600] {logging_mixin.py:190} INFO - [2025-02-17T22:41:19.764-0600] {dag.py:4180} INFO - Setting next_dagrun for example_setup_teardown to None, run_after=None
[2025-02-17T22:41:19.801-0600] {processor.py:208} INFO - Processing /home/dataScience/Projects/Pipeline/venv/lib/python3.10/site-packages/airflow/example_dags/example_setup_teardown.py took 0.089 seconds
