[2025-02-17T22:31:45.226-0600] {processor.py:186} INFO - Started process (PID=19670) to work on /home/dataScience/Projects/Pipeline/venv/lib/python3.10/site-packages/airflow/example_dags/example_short_circuit_operator.py
[2025-02-17T22:31:45.228-0600] {processor.py:914} INFO - Processing file /home/dataScience/Projects/Pipeline/venv/lib/python3.10/site-packages/airflow/example_dags/example_short_circuit_operator.py for tasks to queue
[2025-02-17T22:31:45.231-0600] {logging_mixin.py:190} INFO - [2025-02-17T22:31:45.230-0600] {dagbag.py:588} INFO - Filling up the DagBag from /home/dataScience/Projects/Pipeline/venv/lib/python3.10/site-packages/airflow/example_dags/example_short_circuit_operator.py
[2025-02-17T22:31:45.248-0600] {processor.py:925} INFO - DAG(s) 'example_short_circuit_operator' retrieved from /home/dataScience/Projects/Pipeline/venv/lib/python3.10/site-packages/airflow/example_dags/example_short_circuit_operator.py
[2025-02-17T22:31:45.753-0600] {logging_mixin.py:190} INFO - [2025-02-17T22:31:45.752-0600] {override.py:1930} INFO - Created Permission View: can delete on DAG:example_short_circuit_operator
[2025-02-17T22:31:45.786-0600] {logging_mixin.py:190} INFO - [2025-02-17T22:31:45.785-0600] {override.py:1930} INFO - Created Permission View: can edit on DAG:example_short_circuit_operator
[2025-02-17T22:31:45.806-0600] {logging_mixin.py:190} INFO - [2025-02-17T22:31:45.805-0600] {override.py:1930} INFO - Created Permission View: can read on DAG:example_short_circuit_operator
[2025-02-17T22:31:45.843-0600] {logging_mixin.py:190} INFO - [2025-02-17T22:31:45.842-0600] {override.py:1930} INFO - Created Permission View: can create on DAG Run:example_short_circuit_operator
[2025-02-17T22:31:45.861-0600] {logging_mixin.py:190} INFO - [2025-02-17T22:31:45.860-0600] {override.py:1930} INFO - Created Permission View: can delete on DAG Run:example_short_circuit_operator
[2025-02-17T22:31:45.879-0600] {logging_mixin.py:190} INFO - [2025-02-17T22:31:45.878-0600] {override.py:1930} INFO - Created Permission View: menu access on DAG Run:example_short_circuit_operator
[2025-02-17T22:31:45.896-0600] {logging_mixin.py:190} INFO - [2025-02-17T22:31:45.895-0600] {override.py:1930} INFO - Created Permission View: can read on DAG Run:example_short_circuit_operator
[2025-02-17T22:31:45.896-0600] {logging_mixin.py:190} INFO - [2025-02-17T22:31:45.896-0600] {dag.py:3239} INFO - Sync 1 DAGs
[2025-02-17T22:31:45.914-0600] {logging_mixin.py:190} INFO - [2025-02-17T22:31:45.914-0600] {dag.py:3262} INFO - Creating ORM DAG for example_short_circuit_operator
[2025-02-17T22:31:45.915-0600] {logging_mixin.py:190} INFO - [2025-02-17T22:31:45.915-0600] {dag.py:4180} INFO - Setting next_dagrun for example_short_circuit_operator to None, run_after=None
[2025-02-17T22:31:45.967-0600] {processor.py:208} INFO - Processing /home/dataScience/Projects/Pipeline/venv/lib/python3.10/site-packages/airflow/example_dags/example_short_circuit_operator.py took 0.748 seconds
[2025-02-17T22:33:05.606-0600] {processor.py:186} INFO - Started process (PID=20689) to work on /home/dataScience/Projects/Pipeline/venv/lib/python3.10/site-packages/airflow/example_dags/example_short_circuit_operator.py
[2025-02-17T22:33:05.608-0600] {processor.py:914} INFO - Processing file /home/dataScience/Projects/Pipeline/venv/lib/python3.10/site-packages/airflow/example_dags/example_short_circuit_operator.py for tasks to queue
[2025-02-17T22:33:05.613-0600] {logging_mixin.py:190} INFO - [2025-02-17T22:33:05.613-0600] {dagbag.py:588} INFO - Filling up the DagBag from /home/dataScience/Projects/Pipeline/venv/lib/python3.10/site-packages/airflow/example_dags/example_short_circuit_operator.py
[2025-02-17T22:33:05.624-0600] {processor.py:925} INFO - DAG(s) 'example_short_circuit_operator' retrieved from /home/dataScience/Projects/Pipeline/venv/lib/python3.10/site-packages/airflow/example_dags/example_short_circuit_operator.py
[2025-02-17T22:33:05.649-0600] {logging_mixin.py:190} INFO - [2025-02-17T22:33:05.648-0600] {dag.py:3239} INFO - Sync 1 DAGs
[2025-02-17T22:33:05.664-0600] {logging_mixin.py:190} INFO - [2025-02-17T22:33:05.663-0600] {dag.py:4180} INFO - Setting next_dagrun for example_short_circuit_operator to None, run_after=None
[2025-02-17T22:33:05.697-0600] {processor.py:208} INFO - Processing /home/dataScience/Projects/Pipeline/venv/lib/python3.10/site-packages/airflow/example_dags/example_short_circuit_operator.py took 0.101 seconds
[2025-02-17T22:34:10.627-0600] {processor.py:186} INFO - Started process (PID=21326) to work on /home/dataScience/Projects/Pipeline/venv/lib/python3.10/site-packages/airflow/example_dags/example_short_circuit_operator.py
[2025-02-17T22:34:10.629-0600] {processor.py:914} INFO - Processing file /home/dataScience/Projects/Pipeline/venv/lib/python3.10/site-packages/airflow/example_dags/example_short_circuit_operator.py for tasks to queue
[2025-02-17T22:34:10.631-0600] {logging_mixin.py:190} INFO - [2025-02-17T22:34:10.631-0600] {dagbag.py:588} INFO - Filling up the DagBag from /home/dataScience/Projects/Pipeline/venv/lib/python3.10/site-packages/airflow/example_dags/example_short_circuit_operator.py
[2025-02-17T22:34:10.653-0600] {processor.py:925} INFO - DAG(s) 'example_short_circuit_operator' retrieved from /home/dataScience/Projects/Pipeline/venv/lib/python3.10/site-packages/airflow/example_dags/example_short_circuit_operator.py
[2025-02-17T22:34:10.691-0600] {logging_mixin.py:190} INFO - [2025-02-17T22:34:10.691-0600] {dag.py:3239} INFO - Sync 1 DAGs
[2025-02-17T22:34:10.736-0600] {logging_mixin.py:190} INFO - [2025-02-17T22:34:10.736-0600] {dag.py:4180} INFO - Setting next_dagrun for example_short_circuit_operator to None, run_after=None
[2025-02-17T22:34:10.812-0600] {processor.py:208} INFO - Processing /home/dataScience/Projects/Pipeline/venv/lib/python3.10/site-packages/airflow/example_dags/example_short_circuit_operator.py took 0.193 seconds
[2025-02-17T22:35:14.681-0600] {processor.py:186} INFO - Started process (PID=22080) to work on /home/dataScience/Projects/Pipeline/venv/lib/python3.10/site-packages/airflow/example_dags/example_short_circuit_operator.py
[2025-02-17T22:35:14.683-0600] {processor.py:914} INFO - Processing file /home/dataScience/Projects/Pipeline/venv/lib/python3.10/site-packages/airflow/example_dags/example_short_circuit_operator.py for tasks to queue
[2025-02-17T22:35:14.685-0600] {logging_mixin.py:190} INFO - [2025-02-17T22:35:14.685-0600] {dagbag.py:588} INFO - Filling up the DagBag from /home/dataScience/Projects/Pipeline/venv/lib/python3.10/site-packages/airflow/example_dags/example_short_circuit_operator.py
[2025-02-17T22:35:14.696-0600] {processor.py:925} INFO - DAG(s) 'example_short_circuit_operator' retrieved from /home/dataScience/Projects/Pipeline/venv/lib/python3.10/site-packages/airflow/example_dags/example_short_circuit_operator.py
[2025-02-17T22:35:14.717-0600] {logging_mixin.py:190} INFO - [2025-02-17T22:35:14.717-0600] {dag.py:3239} INFO - Sync 1 DAGs
[2025-02-17T22:35:14.733-0600] {logging_mixin.py:190} INFO - [2025-02-17T22:35:14.732-0600] {dag.py:4180} INFO - Setting next_dagrun for example_short_circuit_operator to None, run_after=None
[2025-02-17T22:35:14.764-0600] {processor.py:208} INFO - Processing /home/dataScience/Projects/Pipeline/venv/lib/python3.10/site-packages/airflow/example_dags/example_short_circuit_operator.py took 0.090 seconds
[2025-02-17T22:36:14.559-0600] {processor.py:186} INFO - Started process (PID=22587) to work on /home/dataScience/Projects/Pipeline/venv/lib/python3.10/site-packages/airflow/example_dags/example_short_circuit_operator.py
[2025-02-17T22:36:14.561-0600] {processor.py:914} INFO - Processing file /home/dataScience/Projects/Pipeline/venv/lib/python3.10/site-packages/airflow/example_dags/example_short_circuit_operator.py for tasks to queue
[2025-02-17T22:36:14.564-0600] {logging_mixin.py:190} INFO - [2025-02-17T22:36:14.564-0600] {dagbag.py:588} INFO - Filling up the DagBag from /home/dataScience/Projects/Pipeline/venv/lib/python3.10/site-packages/airflow/example_dags/example_short_circuit_operator.py
[2025-02-17T22:36:14.576-0600] {processor.py:925} INFO - DAG(s) 'example_short_circuit_operator' retrieved from /home/dataScience/Projects/Pipeline/venv/lib/python3.10/site-packages/airflow/example_dags/example_short_circuit_operator.py
[2025-02-17T22:36:14.603-0600] {logging_mixin.py:190} INFO - [2025-02-17T22:36:14.603-0600] {dag.py:3239} INFO - Sync 1 DAGs
[2025-02-17T22:36:14.620-0600] {logging_mixin.py:190} INFO - [2025-02-17T22:36:14.620-0600] {dag.py:4180} INFO - Setting next_dagrun for example_short_circuit_operator to None, run_after=None
[2025-02-17T22:36:14.662-0600] {processor.py:208} INFO - Processing /home/dataScience/Projects/Pipeline/venv/lib/python3.10/site-packages/airflow/example_dags/example_short_circuit_operator.py took 0.110 seconds
[2025-02-17T22:37:14.578-0600] {processor.py:186} INFO - Started process (PID=23147) to work on /home/dataScience/Projects/Pipeline/venv/lib/python3.10/site-packages/airflow/example_dags/example_short_circuit_operator.py
[2025-02-17T22:37:14.580-0600] {processor.py:914} INFO - Processing file /home/dataScience/Projects/Pipeline/venv/lib/python3.10/site-packages/airflow/example_dags/example_short_circuit_operator.py for tasks to queue
[2025-02-17T22:37:14.583-0600] {logging_mixin.py:190} INFO - [2025-02-17T22:37:14.583-0600] {dagbag.py:588} INFO - Filling up the DagBag from /home/dataScience/Projects/Pipeline/venv/lib/python3.10/site-packages/airflow/example_dags/example_short_circuit_operator.py
[2025-02-17T22:37:14.594-0600] {processor.py:925} INFO - DAG(s) 'example_short_circuit_operator' retrieved from /home/dataScience/Projects/Pipeline/venv/lib/python3.10/site-packages/airflow/example_dags/example_short_circuit_operator.py
[2025-02-17T22:37:14.615-0600] {logging_mixin.py:190} INFO - [2025-02-17T22:37:14.614-0600] {dag.py:3239} INFO - Sync 1 DAGs
[2025-02-17T22:37:14.629-0600] {logging_mixin.py:190} INFO - [2025-02-17T22:37:14.629-0600] {dag.py:4180} INFO - Setting next_dagrun for example_short_circuit_operator to None, run_after=None
[2025-02-17T22:37:14.661-0600] {processor.py:208} INFO - Processing /home/dataScience/Projects/Pipeline/venv/lib/python3.10/site-packages/airflow/example_dags/example_short_circuit_operator.py took 0.092 seconds
[2025-02-17T22:38:08.751-0600] {processor.py:186} INFO - Started process (PID=23611) to work on /home/dataScience/Projects/Pipeline/venv/lib/python3.10/site-packages/airflow/example_dags/example_short_circuit_operator.py
[2025-02-17T22:38:08.753-0600] {processor.py:914} INFO - Processing file /home/dataScience/Projects/Pipeline/venv/lib/python3.10/site-packages/airflow/example_dags/example_short_circuit_operator.py for tasks to queue
[2025-02-17T22:38:08.756-0600] {logging_mixin.py:190} INFO - [2025-02-17T22:38:08.755-0600] {dagbag.py:588} INFO - Filling up the DagBag from /home/dataScience/Projects/Pipeline/venv/lib/python3.10/site-packages/airflow/example_dags/example_short_circuit_operator.py
[2025-02-17T22:38:08.767-0600] {processor.py:925} INFO - DAG(s) 'example_short_circuit_operator' retrieved from /home/dataScience/Projects/Pipeline/venv/lib/python3.10/site-packages/airflow/example_dags/example_short_circuit_operator.py
[2025-02-17T22:38:08.788-0600] {logging_mixin.py:190} INFO - [2025-02-17T22:38:08.787-0600] {dag.py:3239} INFO - Sync 1 DAGs
[2025-02-17T22:38:08.803-0600] {logging_mixin.py:190} INFO - [2025-02-17T22:38:08.802-0600] {dag.py:4180} INFO - Setting next_dagrun for example_short_circuit_operator to None, run_after=None
[2025-02-17T22:38:08.831-0600] {processor.py:208} INFO - Processing /home/dataScience/Projects/Pipeline/venv/lib/python3.10/site-packages/airflow/example_dags/example_short_circuit_operator.py took 0.087 seconds
[2025-02-17T22:39:12.375-0600] {processor.py:186} INFO - Started process (PID=24133) to work on /home/dataScience/Projects/Pipeline/venv/lib/python3.10/site-packages/airflow/example_dags/example_short_circuit_operator.py
[2025-02-17T22:39:12.377-0600] {processor.py:914} INFO - Processing file /home/dataScience/Projects/Pipeline/venv/lib/python3.10/site-packages/airflow/example_dags/example_short_circuit_operator.py for tasks to queue
[2025-02-17T22:39:12.381-0600] {logging_mixin.py:190} INFO - [2025-02-17T22:39:12.379-0600] {dagbag.py:588} INFO - Filling up the DagBag from /home/dataScience/Projects/Pipeline/venv/lib/python3.10/site-packages/airflow/example_dags/example_short_circuit_operator.py
[2025-02-17T22:39:12.391-0600] {processor.py:925} INFO - DAG(s) 'example_short_circuit_operator' retrieved from /home/dataScience/Projects/Pipeline/venv/lib/python3.10/site-packages/airflow/example_dags/example_short_circuit_operator.py
[2025-02-17T22:39:12.415-0600] {logging_mixin.py:190} INFO - [2025-02-17T22:39:12.415-0600] {dag.py:3239} INFO - Sync 1 DAGs
[2025-02-17T22:39:12.436-0600] {logging_mixin.py:190} INFO - [2025-02-17T22:39:12.435-0600] {dag.py:4180} INFO - Setting next_dagrun for example_short_circuit_operator to None, run_after=None
[2025-02-17T22:39:12.476-0600] {processor.py:208} INFO - Processing /home/dataScience/Projects/Pipeline/venv/lib/python3.10/site-packages/airflow/example_dags/example_short_circuit_operator.py took 0.109 seconds
[2025-02-17T22:40:11.241-0600] {processor.py:186} INFO - Started process (PID=24625) to work on /home/dataScience/Projects/Pipeline/venv/lib/python3.10/site-packages/airflow/example_dags/example_short_circuit_operator.py
[2025-02-17T22:40:11.243-0600] {processor.py:914} INFO - Processing file /home/dataScience/Projects/Pipeline/venv/lib/python3.10/site-packages/airflow/example_dags/example_short_circuit_operator.py for tasks to queue
[2025-02-17T22:40:11.246-0600] {logging_mixin.py:190} INFO - [2025-02-17T22:40:11.245-0600] {dagbag.py:588} INFO - Filling up the DagBag from /home/dataScience/Projects/Pipeline/venv/lib/python3.10/site-packages/airflow/example_dags/example_short_circuit_operator.py
[2025-02-17T22:40:11.258-0600] {processor.py:925} INFO - DAG(s) 'example_short_circuit_operator' retrieved from /home/dataScience/Projects/Pipeline/venv/lib/python3.10/site-packages/airflow/example_dags/example_short_circuit_operator.py
[2025-02-17T22:40:11.281-0600] {logging_mixin.py:190} INFO - [2025-02-17T22:40:11.280-0600] {dag.py:3239} INFO - Sync 1 DAGs
[2025-02-17T22:40:11.295-0600] {logging_mixin.py:190} INFO - [2025-02-17T22:40:11.295-0600] {dag.py:4180} INFO - Setting next_dagrun for example_short_circuit_operator to None, run_after=None
[2025-02-17T22:40:11.327-0600] {processor.py:208} INFO - Processing /home/dataScience/Projects/Pipeline/venv/lib/python3.10/site-packages/airflow/example_dags/example_short_circuit_operator.py took 0.094 seconds
[2025-02-17T22:41:13.271-0600] {processor.py:186} INFO - Started process (PID=25137) to work on /home/dataScience/Projects/Pipeline/venv/lib/python3.10/site-packages/airflow/example_dags/example_short_circuit_operator.py
[2025-02-17T22:41:13.274-0600] {processor.py:914} INFO - Processing file /home/dataScience/Projects/Pipeline/venv/lib/python3.10/site-packages/airflow/example_dags/example_short_circuit_operator.py for tasks to queue
[2025-02-17T22:41:13.278-0600] {logging_mixin.py:190} INFO - [2025-02-17T22:41:13.277-0600] {dagbag.py:588} INFO - Filling up the DagBag from /home/dataScience/Projects/Pipeline/venv/lib/python3.10/site-packages/airflow/example_dags/example_short_circuit_operator.py
[2025-02-17T22:41:13.292-0600] {processor.py:925} INFO - DAG(s) 'example_short_circuit_operator' retrieved from /home/dataScience/Projects/Pipeline/venv/lib/python3.10/site-packages/airflow/example_dags/example_short_circuit_operator.py
[2025-02-17T22:41:13.317-0600] {logging_mixin.py:190} INFO - [2025-02-17T22:41:13.316-0600] {dag.py:3239} INFO - Sync 1 DAGs
[2025-02-17T22:41:13.338-0600] {logging_mixin.py:190} INFO - [2025-02-17T22:41:13.338-0600] {dag.py:4180} INFO - Setting next_dagrun for example_short_circuit_operator to None, run_after=None
[2025-02-17T22:41:13.380-0600] {processor.py:208} INFO - Processing /home/dataScience/Projects/Pipeline/venv/lib/python3.10/site-packages/airflow/example_dags/example_short_circuit_operator.py took 0.118 seconds
