[2025-02-17T22:32:27.401-0600] {processor.py:186} INFO - Started process (PID=20299) to work on /home/dataScience/Projects/Pipeline/venv/lib/python3.10/site-packages/airflow/example_dags/example_complex.py
[2025-02-17T22:32:27.403-0600] {processor.py:914} INFO - Processing file /home/dataScience/Projects/Pipeline/venv/lib/python3.10/site-packages/airflow/example_dags/example_complex.py for tasks to queue
[2025-02-17T22:32:27.405-0600] {logging_mixin.py:190} INFO - [2025-02-17T22:32:27.405-0600] {dagbag.py:588} INFO - Filling up the DagBag from /home/dataScience/Projects/Pipeline/venv/lib/python3.10/site-packages/airflow/example_dags/example_complex.py
[2025-02-17T22:32:27.421-0600] {processor.py:925} INFO - DAG(s) 'example_complex' retrieved from /home/dataScience/Projects/Pipeline/venv/lib/python3.10/site-packages/airflow/example_dags/example_complex.py
[2025-02-17T22:32:27.772-0600] {logging_mixin.py:190} INFO - [2025-02-17T22:32:27.771-0600] {override.py:1930} INFO - Created Permission View: can delete on DAG:example_complex
[2025-02-17T22:32:27.789-0600] {logging_mixin.py:190} INFO - [2025-02-17T22:32:27.788-0600] {override.py:1930} INFO - Created Permission View: can edit on DAG:example_complex
[2025-02-17T22:32:27.808-0600] {logging_mixin.py:190} INFO - [2025-02-17T22:32:27.807-0600] {override.py:1930} INFO - Created Permission View: can read on DAG:example_complex
[2025-02-17T22:32:27.832-0600] {logging_mixin.py:190} INFO - [2025-02-17T22:32:27.831-0600] {override.py:1930} INFO - Created Permission View: can create on DAG Run:example_complex
[2025-02-17T22:32:27.847-0600] {logging_mixin.py:190} INFO - [2025-02-17T22:32:27.846-0600] {override.py:1930} INFO - Created Permission View: can delete on DAG Run:example_complex
[2025-02-17T22:32:27.861-0600] {logging_mixin.py:190} INFO - [2025-02-17T22:32:27.861-0600] {override.py:1930} INFO - Created Permission View: menu access on DAG Run:example_complex
[2025-02-17T22:32:27.877-0600] {logging_mixin.py:190} INFO - [2025-02-17T22:32:27.876-0600] {override.py:1930} INFO - Created Permission View: can read on DAG Run:example_complex
[2025-02-17T22:32:27.877-0600] {logging_mixin.py:190} INFO - [2025-02-17T22:32:27.877-0600] {dag.py:3239} INFO - Sync 1 DAGs
[2025-02-17T22:32:27.889-0600] {logging_mixin.py:190} INFO - [2025-02-17T22:32:27.888-0600] {dag.py:3262} INFO - Creating ORM DAG for example_complex
[2025-02-17T22:32:27.891-0600] {logging_mixin.py:190} INFO - [2025-02-17T22:32:27.890-0600] {dag.py:4180} INFO - Setting next_dagrun for example_complex to None, run_after=None
[2025-02-17T22:32:27.921-0600] {processor.py:208} INFO - Processing /home/dataScience/Projects/Pipeline/venv/lib/python3.10/site-packages/airflow/example_dags/example_complex.py took 0.528 seconds
[2025-02-17T22:33:47.145-0600] {processor.py:186} INFO - Started process (PID=21124) to work on /home/dataScience/Projects/Pipeline/venv/lib/python3.10/site-packages/airflow/example_dags/example_complex.py
[2025-02-17T22:33:47.147-0600] {processor.py:914} INFO - Processing file /home/dataScience/Projects/Pipeline/venv/lib/python3.10/site-packages/airflow/example_dags/example_complex.py for tasks to queue
[2025-02-17T22:33:47.150-0600] {logging_mixin.py:190} INFO - [2025-02-17T22:33:47.150-0600] {dagbag.py:588} INFO - Filling up the DagBag from /home/dataScience/Projects/Pipeline/venv/lib/python3.10/site-packages/airflow/example_dags/example_complex.py
[2025-02-17T22:33:47.167-0600] {processor.py:925} INFO - DAG(s) 'example_complex' retrieved from /home/dataScience/Projects/Pipeline/venv/lib/python3.10/site-packages/airflow/example_dags/example_complex.py
[2025-02-17T22:33:47.201-0600] {logging_mixin.py:190} INFO - [2025-02-17T22:33:47.201-0600] {dag.py:3239} INFO - Sync 1 DAGs
[2025-02-17T22:33:47.219-0600] {logging_mixin.py:190} INFO - [2025-02-17T22:33:47.218-0600] {dag.py:4180} INFO - Setting next_dagrun for example_complex to None, run_after=None
[2025-02-17T22:33:47.252-0600] {processor.py:208} INFO - Processing /home/dataScience/Projects/Pipeline/venv/lib/python3.10/site-packages/airflow/example_dags/example_complex.py took 0.115 seconds
[2025-02-17T22:34:46.260-0600] {processor.py:186} INFO - Started process (PID=21751) to work on /home/dataScience/Projects/Pipeline/venv/lib/python3.10/site-packages/airflow/example_dags/example_complex.py
[2025-02-17T22:34:46.264-0600] {processor.py:914} INFO - Processing file /home/dataScience/Projects/Pipeline/venv/lib/python3.10/site-packages/airflow/example_dags/example_complex.py for tasks to queue
[2025-02-17T22:34:46.266-0600] {logging_mixin.py:190} INFO - [2025-02-17T22:34:46.265-0600] {dagbag.py:588} INFO - Filling up the DagBag from /home/dataScience/Projects/Pipeline/venv/lib/python3.10/site-packages/airflow/example_dags/example_complex.py
[2025-02-17T22:34:46.281-0600] {processor.py:925} INFO - DAG(s) 'example_complex' retrieved from /home/dataScience/Projects/Pipeline/venv/lib/python3.10/site-packages/airflow/example_dags/example_complex.py
[2025-02-17T22:34:46.311-0600] {logging_mixin.py:190} INFO - [2025-02-17T22:34:46.311-0600] {dag.py:3239} INFO - Sync 1 DAGs
[2025-02-17T22:34:46.327-0600] {logging_mixin.py:190} INFO - [2025-02-17T22:34:46.327-0600] {dag.py:4180} INFO - Setting next_dagrun for example_complex to None, run_after=None
[2025-02-17T22:34:46.358-0600] {processor.py:208} INFO - Processing /home/dataScience/Projects/Pipeline/venv/lib/python3.10/site-packages/airflow/example_dags/example_complex.py took 0.105 seconds
[2025-02-17T22:35:50.837-0600] {processor.py:186} INFO - Started process (PID=22412) to work on /home/dataScience/Projects/Pipeline/venv/lib/python3.10/site-packages/airflow/example_dags/example_complex.py
[2025-02-17T22:35:50.839-0600] {processor.py:914} INFO - Processing file /home/dataScience/Projects/Pipeline/venv/lib/python3.10/site-packages/airflow/example_dags/example_complex.py for tasks to queue
[2025-02-17T22:35:50.843-0600] {logging_mixin.py:190} INFO - [2025-02-17T22:35:50.842-0600] {dagbag.py:588} INFO - Filling up the DagBag from /home/dataScience/Projects/Pipeline/venv/lib/python3.10/site-packages/airflow/example_dags/example_complex.py
[2025-02-17T22:35:50.861-0600] {processor.py:925} INFO - DAG(s) 'example_complex' retrieved from /home/dataScience/Projects/Pipeline/venv/lib/python3.10/site-packages/airflow/example_dags/example_complex.py
[2025-02-17T22:35:50.894-0600] {logging_mixin.py:190} INFO - [2025-02-17T22:35:50.893-0600] {dag.py:3239} INFO - Sync 1 DAGs
[2025-02-17T22:35:50.909-0600] {logging_mixin.py:190} INFO - [2025-02-17T22:35:50.909-0600] {dag.py:4180} INFO - Setting next_dagrun for example_complex to None, run_after=None
[2025-02-17T22:35:50.939-0600] {processor.py:208} INFO - Processing /home/dataScience/Projects/Pipeline/venv/lib/python3.10/site-packages/airflow/example_dags/example_complex.py took 0.110 seconds
[2025-02-17T22:36:52.329-0600] {processor.py:186} INFO - Started process (PID=22980) to work on /home/dataScience/Projects/Pipeline/venv/lib/python3.10/site-packages/airflow/example_dags/example_complex.py
[2025-02-17T22:36:52.332-0600] {processor.py:914} INFO - Processing file /home/dataScience/Projects/Pipeline/venv/lib/python3.10/site-packages/airflow/example_dags/example_complex.py for tasks to queue
[2025-02-17T22:36:52.334-0600] {logging_mixin.py:190} INFO - [2025-02-17T22:36:52.334-0600] {dagbag.py:588} INFO - Filling up the DagBag from /home/dataScience/Projects/Pipeline/venv/lib/python3.10/site-packages/airflow/example_dags/example_complex.py
[2025-02-17T22:36:52.353-0600] {processor.py:925} INFO - DAG(s) 'example_complex' retrieved from /home/dataScience/Projects/Pipeline/venv/lib/python3.10/site-packages/airflow/example_dags/example_complex.py
[2025-02-17T22:36:52.393-0600] {logging_mixin.py:190} INFO - [2025-02-17T22:36:52.393-0600] {dag.py:3239} INFO - Sync 1 DAGs
[2025-02-17T22:36:52.415-0600] {logging_mixin.py:190} INFO - [2025-02-17T22:36:52.414-0600] {dag.py:4180} INFO - Setting next_dagrun for example_complex to None, run_after=None
[2025-02-17T22:36:52.457-0600] {processor.py:208} INFO - Processing /home/dataScience/Projects/Pipeline/venv/lib/python3.10/site-packages/airflow/example_dags/example_complex.py took 0.136 seconds
[2025-02-17T22:37:48.704-0600] {processor.py:186} INFO - Started process (PID=23460) to work on /home/dataScience/Projects/Pipeline/venv/lib/python3.10/site-packages/airflow/example_dags/example_complex.py
[2025-02-17T22:37:48.706-0600] {processor.py:914} INFO - Processing file /home/dataScience/Projects/Pipeline/venv/lib/python3.10/site-packages/airflow/example_dags/example_complex.py for tasks to queue
[2025-02-17T22:37:48.708-0600] {logging_mixin.py:190} INFO - [2025-02-17T22:37:48.708-0600] {dagbag.py:588} INFO - Filling up the DagBag from /home/dataScience/Projects/Pipeline/venv/lib/python3.10/site-packages/airflow/example_dags/example_complex.py
[2025-02-17T22:37:48.725-0600] {processor.py:925} INFO - DAG(s) 'example_complex' retrieved from /home/dataScience/Projects/Pipeline/venv/lib/python3.10/site-packages/airflow/example_dags/example_complex.py
[2025-02-17T22:37:48.760-0600] {logging_mixin.py:190} INFO - [2025-02-17T22:37:48.760-0600] {dag.py:3239} INFO - Sync 1 DAGs
[2025-02-17T22:37:48.776-0600] {logging_mixin.py:190} INFO - [2025-02-17T22:37:48.776-0600] {dag.py:4180} INFO - Setting next_dagrun for example_complex to None, run_after=None
[2025-02-17T22:37:48.815-0600] {processor.py:208} INFO - Processing /home/dataScience/Projects/Pipeline/venv/lib/python3.10/site-packages/airflow/example_dags/example_complex.py took 0.118 seconds
[2025-02-17T22:38:48.754-0600] {processor.py:186} INFO - Started process (PID=23960) to work on /home/dataScience/Projects/Pipeline/venv/lib/python3.10/site-packages/airflow/example_dags/example_complex.py
[2025-02-17T22:38:48.756-0600] {processor.py:914} INFO - Processing file /home/dataScience/Projects/Pipeline/venv/lib/python3.10/site-packages/airflow/example_dags/example_complex.py for tasks to queue
[2025-02-17T22:38:48.759-0600] {logging_mixin.py:190} INFO - [2025-02-17T22:38:48.758-0600] {dagbag.py:588} INFO - Filling up the DagBag from /home/dataScience/Projects/Pipeline/venv/lib/python3.10/site-packages/airflow/example_dags/example_complex.py
[2025-02-17T22:38:48.776-0600] {processor.py:925} INFO - DAG(s) 'example_complex' retrieved from /home/dataScience/Projects/Pipeline/venv/lib/python3.10/site-packages/airflow/example_dags/example_complex.py
[2025-02-17T22:38:48.812-0600] {logging_mixin.py:190} INFO - [2025-02-17T22:38:48.810-0600] {dag.py:3239} INFO - Sync 1 DAGs
[2025-02-17T22:38:48.831-0600] {logging_mixin.py:190} INFO - [2025-02-17T22:38:48.830-0600] {dag.py:4180} INFO - Setting next_dagrun for example_complex to None, run_after=None
[2025-02-17T22:38:48.866-0600] {processor.py:208} INFO - Processing /home/dataScience/Projects/Pipeline/venv/lib/python3.10/site-packages/airflow/example_dags/example_complex.py took 0.120 seconds
[2025-02-17T22:39:50.394-0600] {processor.py:186} INFO - Started process (PID=24473) to work on /home/dataScience/Projects/Pipeline/venv/lib/python3.10/site-packages/airflow/example_dags/example_complex.py
[2025-02-17T22:39:50.396-0600] {processor.py:914} INFO - Processing file /home/dataScience/Projects/Pipeline/venv/lib/python3.10/site-packages/airflow/example_dags/example_complex.py for tasks to queue
[2025-02-17T22:39:50.399-0600] {logging_mixin.py:190} INFO - [2025-02-17T22:39:50.398-0600] {dagbag.py:588} INFO - Filling up the DagBag from /home/dataScience/Projects/Pipeline/venv/lib/python3.10/site-packages/airflow/example_dags/example_complex.py
[2025-02-17T22:39:50.416-0600] {processor.py:925} INFO - DAG(s) 'example_complex' retrieved from /home/dataScience/Projects/Pipeline/venv/lib/python3.10/site-packages/airflow/example_dags/example_complex.py
[2025-02-17T22:39:50.452-0600] {logging_mixin.py:190} INFO - [2025-02-17T22:39:50.451-0600] {dag.py:3239} INFO - Sync 1 DAGs
[2025-02-17T22:39:50.468-0600] {logging_mixin.py:190} INFO - [2025-02-17T22:39:50.467-0600] {dag.py:4180} INFO - Setting next_dagrun for example_complex to None, run_after=None
[2025-02-17T22:39:50.500-0600] {processor.py:208} INFO - Processing /home/dataScience/Projects/Pipeline/venv/lib/python3.10/site-packages/airflow/example_dags/example_complex.py took 0.114 seconds
[2025-02-17T22:40:51.458-0600] {processor.py:186} INFO - Started process (PID=24978) to work on /home/dataScience/Projects/Pipeline/venv/lib/python3.10/site-packages/airflow/example_dags/example_complex.py
[2025-02-17T22:40:51.461-0600] {processor.py:914} INFO - Processing file /home/dataScience/Projects/Pipeline/venv/lib/python3.10/site-packages/airflow/example_dags/example_complex.py for tasks to queue
[2025-02-17T22:40:51.464-0600] {logging_mixin.py:190} INFO - [2025-02-17T22:40:51.463-0600] {dagbag.py:588} INFO - Filling up the DagBag from /home/dataScience/Projects/Pipeline/venv/lib/python3.10/site-packages/airflow/example_dags/example_complex.py
[2025-02-17T22:40:51.479-0600] {processor.py:925} INFO - DAG(s) 'example_complex' retrieved from /home/dataScience/Projects/Pipeline/venv/lib/python3.10/site-packages/airflow/example_dags/example_complex.py
[2025-02-17T22:40:51.510-0600] {logging_mixin.py:190} INFO - [2025-02-17T22:40:51.510-0600] {dag.py:3239} INFO - Sync 1 DAGs
[2025-02-17T22:40:51.525-0600] {logging_mixin.py:190} INFO - [2025-02-17T22:40:51.525-0600] {dag.py:4180} INFO - Setting next_dagrun for example_complex to None, run_after=None
[2025-02-17T22:40:51.558-0600] {processor.py:208} INFO - Processing /home/dataScience/Projects/Pipeline/venv/lib/python3.10/site-packages/airflow/example_dags/example_complex.py took 0.107 seconds
