[2025-02-17T22:31:49.485-0600] {processor.py:186} INFO - Started process (PID=19762) to work on /home/dataScience/Projects/Pipeline/venv/lib/python3.10/site-packages/airflow/example_dags/example_skip_dag.py
[2025-02-17T22:31:49.486-0600] {processor.py:914} INFO - Processing file /home/dataScience/Projects/Pipeline/venv/lib/python3.10/site-packages/airflow/example_dags/example_skip_dag.py for tasks to queue
[2025-02-17T22:31:49.493-0600] {logging_mixin.py:190} INFO - [2025-02-17T22:31:49.493-0600] {dagbag.py:588} INFO - Filling up the DagBag from /home/dataScience/Projects/Pipeline/venv/lib/python3.10/site-packages/airflow/example_dags/example_skip_dag.py
[2025-02-17T22:31:49.516-0600] {processor.py:925} INFO - DAG(s) 'example_skip_dag' retrieved from /home/dataScience/Projects/Pipeline/venv/lib/python3.10/site-packages/airflow/example_dags/example_skip_dag.py
[2025-02-17T22:31:49.830-0600] {logging_mixin.py:190} INFO - [2025-02-17T22:31:49.829-0600] {override.py:1930} INFO - Created Permission View: can delete on DAG:example_skip_dag
[2025-02-17T22:31:49.852-0600] {logging_mixin.py:190} INFO - [2025-02-17T22:31:49.851-0600] {override.py:1930} INFO - Created Permission View: can edit on DAG:example_skip_dag
[2025-02-17T22:31:49.872-0600] {logging_mixin.py:190} INFO - [2025-02-17T22:31:49.871-0600] {override.py:1930} INFO - Created Permission View: can read on DAG:example_skip_dag
[2025-02-17T22:31:49.902-0600] {logging_mixin.py:190} INFO - [2025-02-17T22:31:49.901-0600] {override.py:1930} INFO - Created Permission View: can create on DAG Run:example_skip_dag
[2025-02-17T22:31:49.920-0600] {logging_mixin.py:190} INFO - [2025-02-17T22:31:49.919-0600] {override.py:1930} INFO - Created Permission View: can delete on DAG Run:example_skip_dag
[2025-02-17T22:31:49.938-0600] {logging_mixin.py:190} INFO - [2025-02-17T22:31:49.937-0600] {override.py:1930} INFO - Created Permission View: menu access on DAG Run:example_skip_dag
[2025-02-17T22:31:49.955-0600] {logging_mixin.py:190} INFO - [2025-02-17T22:31:49.954-0600] {override.py:1930} INFO - Created Permission View: can read on DAG Run:example_skip_dag
[2025-02-17T22:31:49.956-0600] {logging_mixin.py:190} INFO - [2025-02-17T22:31:49.956-0600] {dag.py:3239} INFO - Sync 1 DAGs
[2025-02-17T22:31:49.977-0600] {logging_mixin.py:190} INFO - [2025-02-17T22:31:49.976-0600] {dag.py:3262} INFO - Creating ORM DAG for example_skip_dag
[2025-02-17T22:31:49.991-0600] {logging_mixin.py:190} INFO - [2025-02-17T22:31:49.991-0600] {dag.py:4180} INFO - Setting next_dagrun for example_skip_dag to 2025-02-17 00:00:00+00:00, run_after=2025-02-18 00:00:00+00:00
[2025-02-17T22:31:50.023-0600] {processor.py:208} INFO - Processing /home/dataScience/Projects/Pipeline/venv/lib/python3.10/site-packages/airflow/example_dags/example_skip_dag.py took 0.546 seconds
[2025-02-17T22:33:08.125-0600] {processor.py:186} INFO - Started process (PID=20708) to work on /home/dataScience/Projects/Pipeline/venv/lib/python3.10/site-packages/airflow/example_dags/example_skip_dag.py
[2025-02-17T22:33:08.127-0600] {processor.py:914} INFO - Processing file /home/dataScience/Projects/Pipeline/venv/lib/python3.10/site-packages/airflow/example_dags/example_skip_dag.py for tasks to queue
[2025-02-17T22:33:08.130-0600] {logging_mixin.py:190} INFO - [2025-02-17T22:33:08.129-0600] {dagbag.py:588} INFO - Filling up the DagBag from /home/dataScience/Projects/Pipeline/venv/lib/python3.10/site-packages/airflow/example_dags/example_skip_dag.py
[2025-02-17T22:33:08.154-0600] {processor.py:925} INFO - DAG(s) 'example_skip_dag' retrieved from /home/dataScience/Projects/Pipeline/venv/lib/python3.10/site-packages/airflow/example_dags/example_skip_dag.py
[2025-02-17T22:33:08.180-0600] {logging_mixin.py:190} INFO - [2025-02-17T22:33:08.180-0600] {dag.py:3239} INFO - Sync 1 DAGs
[2025-02-17T22:33:08.215-0600] {logging_mixin.py:190} INFO - [2025-02-17T22:33:08.215-0600] {dag.py:4180} INFO - Setting next_dagrun for example_skip_dag to 2025-02-17 00:00:00+00:00, run_after=2025-02-18 00:00:00+00:00
[2025-02-17T22:33:08.254-0600] {processor.py:208} INFO - Processing /home/dataScience/Projects/Pipeline/venv/lib/python3.10/site-packages/airflow/example_dags/example_skip_dag.py took 0.141 seconds
[2025-02-17T22:34:12.464-0600] {processor.py:186} INFO - Started process (PID=21376) to work on /home/dataScience/Projects/Pipeline/venv/lib/python3.10/site-packages/airflow/example_dags/example_skip_dag.py
[2025-02-17T22:34:12.466-0600] {processor.py:914} INFO - Processing file /home/dataScience/Projects/Pipeline/venv/lib/python3.10/site-packages/airflow/example_dags/example_skip_dag.py for tasks to queue
[2025-02-17T22:34:12.468-0600] {logging_mixin.py:190} INFO - [2025-02-17T22:34:12.468-0600] {dagbag.py:588} INFO - Filling up the DagBag from /home/dataScience/Projects/Pipeline/venv/lib/python3.10/site-packages/airflow/example_dags/example_skip_dag.py
[2025-02-17T22:34:12.478-0600] {processor.py:925} INFO - DAG(s) 'example_skip_dag' retrieved from /home/dataScience/Projects/Pipeline/venv/lib/python3.10/site-packages/airflow/example_dags/example_skip_dag.py
[2025-02-17T22:34:12.499-0600] {logging_mixin.py:190} INFO - [2025-02-17T22:34:12.499-0600] {dag.py:3239} INFO - Sync 1 DAGs
[2025-02-17T22:34:12.523-0600] {logging_mixin.py:190} INFO - [2025-02-17T22:34:12.523-0600] {dag.py:4180} INFO - Setting next_dagrun for example_skip_dag to 2025-02-17 00:00:00+00:00, run_after=2025-02-18 00:00:00+00:00
[2025-02-17T22:34:12.550-0600] {processor.py:208} INFO - Processing /home/dataScience/Projects/Pipeline/venv/lib/python3.10/site-packages/airflow/example_dags/example_skip_dag.py took 0.094 seconds
[2025-02-17T22:35:16.184-0600] {processor.py:186} INFO - Started process (PID=22094) to work on /home/dataScience/Projects/Pipeline/venv/lib/python3.10/site-packages/airflow/example_dags/example_skip_dag.py
[2025-02-17T22:35:16.186-0600] {processor.py:914} INFO - Processing file /home/dataScience/Projects/Pipeline/venv/lib/python3.10/site-packages/airflow/example_dags/example_skip_dag.py for tasks to queue
[2025-02-17T22:35:16.189-0600] {logging_mixin.py:190} INFO - [2025-02-17T22:35:16.188-0600] {dagbag.py:588} INFO - Filling up the DagBag from /home/dataScience/Projects/Pipeline/venv/lib/python3.10/site-packages/airflow/example_dags/example_skip_dag.py
[2025-02-17T22:35:16.201-0600] {processor.py:925} INFO - DAG(s) 'example_skip_dag' retrieved from /home/dataScience/Projects/Pipeline/venv/lib/python3.10/site-packages/airflow/example_dags/example_skip_dag.py
[2025-02-17T22:35:16.223-0600] {logging_mixin.py:190} INFO - [2025-02-17T22:35:16.222-0600] {dag.py:3239} INFO - Sync 1 DAGs
[2025-02-17T22:35:16.250-0600] {logging_mixin.py:190} INFO - [2025-02-17T22:35:16.250-0600] {dag.py:4180} INFO - Setting next_dagrun for example_skip_dag to 2025-02-17 00:00:00+00:00, run_after=2025-02-18 00:00:00+00:00
[2025-02-17T22:35:16.284-0600] {processor.py:208} INFO - Processing /home/dataScience/Projects/Pipeline/venv/lib/python3.10/site-packages/airflow/example_dags/example_skip_dag.py took 0.109 seconds
[2025-02-17T22:36:16.244-0600] {processor.py:186} INFO - Started process (PID=22595) to work on /home/dataScience/Projects/Pipeline/venv/lib/python3.10/site-packages/airflow/example_dags/example_skip_dag.py
[2025-02-17T22:36:16.246-0600] {processor.py:914} INFO - Processing file /home/dataScience/Projects/Pipeline/venv/lib/python3.10/site-packages/airflow/example_dags/example_skip_dag.py for tasks to queue
[2025-02-17T22:36:16.248-0600] {logging_mixin.py:190} INFO - [2025-02-17T22:36:16.248-0600] {dagbag.py:588} INFO - Filling up the DagBag from /home/dataScience/Projects/Pipeline/venv/lib/python3.10/site-packages/airflow/example_dags/example_skip_dag.py
[2025-02-17T22:36:16.258-0600] {processor.py:925} INFO - DAG(s) 'example_skip_dag' retrieved from /home/dataScience/Projects/Pipeline/venv/lib/python3.10/site-packages/airflow/example_dags/example_skip_dag.py
[2025-02-17T22:36:16.278-0600] {logging_mixin.py:190} INFO - [2025-02-17T22:36:16.277-0600] {dag.py:3239} INFO - Sync 1 DAGs
[2025-02-17T22:36:16.301-0600] {logging_mixin.py:190} INFO - [2025-02-17T22:36:16.300-0600] {dag.py:4180} INFO - Setting next_dagrun for example_skip_dag to 2025-02-17 00:00:00+00:00, run_after=2025-02-18 00:00:00+00:00
[2025-02-17T22:36:16.330-0600] {processor.py:208} INFO - Processing /home/dataScience/Projects/Pipeline/venv/lib/python3.10/site-packages/airflow/example_dags/example_skip_dag.py took 0.093 seconds
[2025-02-17T22:37:16.296-0600] {processor.py:186} INFO - Started process (PID=23162) to work on /home/dataScience/Projects/Pipeline/venv/lib/python3.10/site-packages/airflow/example_dags/example_skip_dag.py
[2025-02-17T22:37:16.298-0600] {processor.py:914} INFO - Processing file /home/dataScience/Projects/Pipeline/venv/lib/python3.10/site-packages/airflow/example_dags/example_skip_dag.py for tasks to queue
[2025-02-17T22:37:16.301-0600] {logging_mixin.py:190} INFO - [2025-02-17T22:37:16.301-0600] {dagbag.py:588} INFO - Filling up the DagBag from /home/dataScience/Projects/Pipeline/venv/lib/python3.10/site-packages/airflow/example_dags/example_skip_dag.py
[2025-02-17T22:37:16.311-0600] {processor.py:925} INFO - DAG(s) 'example_skip_dag' retrieved from /home/dataScience/Projects/Pipeline/venv/lib/python3.10/site-packages/airflow/example_dags/example_skip_dag.py
[2025-02-17T22:37:16.333-0600] {logging_mixin.py:190} INFO - [2025-02-17T22:37:16.333-0600] {dag.py:3239} INFO - Sync 1 DAGs
[2025-02-17T22:37:16.357-0600] {logging_mixin.py:190} INFO - [2025-02-17T22:37:16.356-0600] {dag.py:4180} INFO - Setting next_dagrun for example_skip_dag to 2025-02-17 00:00:00+00:00, run_after=2025-02-18 00:00:00+00:00
[2025-02-17T22:37:16.388-0600] {processor.py:208} INFO - Processing /home/dataScience/Projects/Pipeline/venv/lib/python3.10/site-packages/airflow/example_dags/example_skip_dag.py took 0.099 seconds
[2025-02-17T22:38:11.154-0600] {processor.py:186} INFO - Started process (PID=23628) to work on /home/dataScience/Projects/Pipeline/venv/lib/python3.10/site-packages/airflow/example_dags/example_skip_dag.py
[2025-02-17T22:38:11.156-0600] {processor.py:914} INFO - Processing file /home/dataScience/Projects/Pipeline/venv/lib/python3.10/site-packages/airflow/example_dags/example_skip_dag.py for tasks to queue
[2025-02-17T22:38:11.159-0600] {logging_mixin.py:190} INFO - [2025-02-17T22:38:11.158-0600] {dagbag.py:588} INFO - Filling up the DagBag from /home/dataScience/Projects/Pipeline/venv/lib/python3.10/site-packages/airflow/example_dags/example_skip_dag.py
[2025-02-17T22:38:11.170-0600] {processor.py:925} INFO - DAG(s) 'example_skip_dag' retrieved from /home/dataScience/Projects/Pipeline/venv/lib/python3.10/site-packages/airflow/example_dags/example_skip_dag.py
[2025-02-17T22:38:11.191-0600] {logging_mixin.py:190} INFO - [2025-02-17T22:38:11.191-0600] {dag.py:3239} INFO - Sync 1 DAGs
[2025-02-17T22:38:11.217-0600] {logging_mixin.py:190} INFO - [2025-02-17T22:38:11.217-0600] {dag.py:4180} INFO - Setting next_dagrun for example_skip_dag to 2025-02-17 00:00:00+00:00, run_after=2025-02-18 00:00:00+00:00
[2025-02-17T22:38:11.250-0600] {processor.py:208} INFO - Processing /home/dataScience/Projects/Pipeline/venv/lib/python3.10/site-packages/airflow/example_dags/example_skip_dag.py took 0.103 seconds
[2025-02-17T22:39:14.885-0600] {processor.py:186} INFO - Started process (PID=24150) to work on /home/dataScience/Projects/Pipeline/venv/lib/python3.10/site-packages/airflow/example_dags/example_skip_dag.py
[2025-02-17T22:39:14.887-0600] {processor.py:914} INFO - Processing file /home/dataScience/Projects/Pipeline/venv/lib/python3.10/site-packages/airflow/example_dags/example_skip_dag.py for tasks to queue
[2025-02-17T22:39:14.891-0600] {logging_mixin.py:190} INFO - [2025-02-17T22:39:14.891-0600] {dagbag.py:588} INFO - Filling up the DagBag from /home/dataScience/Projects/Pipeline/venv/lib/python3.10/site-packages/airflow/example_dags/example_skip_dag.py
[2025-02-17T22:39:14.901-0600] {processor.py:925} INFO - DAG(s) 'example_skip_dag' retrieved from /home/dataScience/Projects/Pipeline/venv/lib/python3.10/site-packages/airflow/example_dags/example_skip_dag.py
[2025-02-17T22:39:14.922-0600] {logging_mixin.py:190} INFO - [2025-02-17T22:39:14.922-0600] {dag.py:3239} INFO - Sync 1 DAGs
[2025-02-17T22:39:14.950-0600] {logging_mixin.py:190} INFO - [2025-02-17T22:39:14.950-0600] {dag.py:4180} INFO - Setting next_dagrun for example_skip_dag to 2025-02-17 00:00:00+00:00, run_after=2025-02-18 00:00:00+00:00
[2025-02-17T22:39:14.982-0600] {processor.py:208} INFO - Processing /home/dataScience/Projects/Pipeline/venv/lib/python3.10/site-packages/airflow/example_dags/example_skip_dag.py took 0.105 seconds
[2025-02-17T22:40:13.575-0600] {processor.py:186} INFO - Started process (PID=24642) to work on /home/dataScience/Projects/Pipeline/venv/lib/python3.10/site-packages/airflow/example_dags/example_skip_dag.py
[2025-02-17T22:40:13.578-0600] {processor.py:914} INFO - Processing file /home/dataScience/Projects/Pipeline/venv/lib/python3.10/site-packages/airflow/example_dags/example_skip_dag.py for tasks to queue
[2025-02-17T22:40:13.582-0600] {logging_mixin.py:190} INFO - [2025-02-17T22:40:13.581-0600] {dagbag.py:588} INFO - Filling up the DagBag from /home/dataScience/Projects/Pipeline/venv/lib/python3.10/site-packages/airflow/example_dags/example_skip_dag.py
[2025-02-17T22:40:13.593-0600] {processor.py:925} INFO - DAG(s) 'example_skip_dag' retrieved from /home/dataScience/Projects/Pipeline/venv/lib/python3.10/site-packages/airflow/example_dags/example_skip_dag.py
[2025-02-17T22:40:13.620-0600] {logging_mixin.py:190} INFO - [2025-02-17T22:40:13.620-0600] {dag.py:3239} INFO - Sync 1 DAGs
[2025-02-17T22:40:13.656-0600] {logging_mixin.py:190} INFO - [2025-02-17T22:40:13.656-0600] {dag.py:4180} INFO - Setting next_dagrun for example_skip_dag to 2025-02-17 00:00:00+00:00, run_after=2025-02-18 00:00:00+00:00
[2025-02-17T22:40:13.691-0600] {processor.py:208} INFO - Processing /home/dataScience/Projects/Pipeline/venv/lib/python3.10/site-packages/airflow/example_dags/example_skip_dag.py took 0.123 seconds
[2025-02-17T22:41:14.756-0600] {processor.py:186} INFO - Started process (PID=25150) to work on /home/dataScience/Projects/Pipeline/venv/lib/python3.10/site-packages/airflow/example_dags/example_skip_dag.py
[2025-02-17T22:41:14.758-0600] {processor.py:914} INFO - Processing file /home/dataScience/Projects/Pipeline/venv/lib/python3.10/site-packages/airflow/example_dags/example_skip_dag.py for tasks to queue
[2025-02-17T22:41:14.762-0600] {logging_mixin.py:190} INFO - [2025-02-17T22:41:14.761-0600] {dagbag.py:588} INFO - Filling up the DagBag from /home/dataScience/Projects/Pipeline/venv/lib/python3.10/site-packages/airflow/example_dags/example_skip_dag.py
[2025-02-17T22:41:14.772-0600] {processor.py:925} INFO - DAG(s) 'example_skip_dag' retrieved from /home/dataScience/Projects/Pipeline/venv/lib/python3.10/site-packages/airflow/example_dags/example_skip_dag.py
[2025-02-17T22:41:14.793-0600] {logging_mixin.py:190} INFO - [2025-02-17T22:41:14.792-0600] {dag.py:3239} INFO - Sync 1 DAGs
[2025-02-17T22:41:14.817-0600] {logging_mixin.py:190} INFO - [2025-02-17T22:41:14.817-0600] {dag.py:4180} INFO - Setting next_dagrun for example_skip_dag to 2025-02-17 00:00:00+00:00, run_after=2025-02-18 00:00:00+00:00
[2025-02-17T22:41:14.849-0600] {processor.py:208} INFO - Processing /home/dataScience/Projects/Pipeline/venv/lib/python3.10/site-packages/airflow/example_dags/example_skip_dag.py took 0.099 seconds
