[2025-02-17T22:31:41.158-0600] {processor.py:186} INFO - Started process (PID=19582) to work on /home/dataScience/Projects/Pipeline/venv/lib/python3.10/site-packages/airflow/example_dags/example_workday_timetable.py
[2025-02-17T22:31:41.159-0600] {processor.py:914} INFO - Processing file /home/dataScience/Projects/Pipeline/venv/lib/python3.10/site-packages/airflow/example_dags/example_workday_timetable.py for tasks to queue
[2025-02-17T22:31:41.161-0600] {logging_mixin.py:190} INFO - [2025-02-17T22:31:41.161-0600] {dagbag.py:588} INFO - Filling up the DagBag from /home/dataScience/Projects/Pipeline/venv/lib/python3.10/site-packages/airflow/example_dags/example_workday_timetable.py
[2025-02-17T22:31:41.169-0600] {processor.py:925} INFO - DAG(s) 'example_workday_timetable' retrieved from /home/dataScience/Projects/Pipeline/venv/lib/python3.10/site-packages/airflow/example_dags/example_workday_timetable.py
[2025-02-17T22:31:41.451-0600] {logging_mixin.py:190} INFO - [2025-02-17T22:31:41.451-0600] {override.py:1930} INFO - Created Permission View: can delete on DAG:example_workday_timetable
[2025-02-17T22:31:41.469-0600] {logging_mixin.py:190} INFO - [2025-02-17T22:31:41.469-0600] {override.py:1930} INFO - Created Permission View: can edit on DAG:example_workday_timetable
[2025-02-17T22:31:41.485-0600] {logging_mixin.py:190} INFO - [2025-02-17T22:31:41.484-0600] {override.py:1930} INFO - Created Permission View: can read on DAG:example_workday_timetable
[2025-02-17T22:31:41.509-0600] {logging_mixin.py:190} INFO - [2025-02-17T22:31:41.508-0600] {override.py:1930} INFO - Created Permission View: can create on DAG Run:example_workday_timetable
[2025-02-17T22:31:41.526-0600] {logging_mixin.py:190} INFO - [2025-02-17T22:31:41.526-0600] {override.py:1930} INFO - Created Permission View: can delete on DAG Run:example_workday_timetable
[2025-02-17T22:31:41.543-0600] {logging_mixin.py:190} INFO - [2025-02-17T22:31:41.542-0600] {override.py:1930} INFO - Created Permission View: menu access on DAG Run:example_workday_timetable
[2025-02-17T22:31:41.559-0600] {logging_mixin.py:190} INFO - [2025-02-17T22:31:41.559-0600] {override.py:1930} INFO - Created Permission View: can read on DAG Run:example_workday_timetable
[2025-02-17T22:31:41.560-0600] {logging_mixin.py:190} INFO - [2025-02-17T22:31:41.559-0600] {dag.py:3239} INFO - Sync 1 DAGs
[2025-02-17T22:31:41.574-0600] {logging_mixin.py:190} INFO - [2025-02-17T22:31:41.573-0600] {dag.py:3262} INFO - Creating ORM DAG for example_workday_timetable
[2025-02-17T22:31:41.585-0600] {logging_mixin.py:190} INFO - [2025-02-17T22:31:41.585-0600] {dag.py:4180} INFO - Setting next_dagrun for example_workday_timetable to 2021-01-01 00:00:00+00:00, run_after=2021-01-02 00:00:00+00:00
[2025-02-17T22:31:41.618-0600] {processor.py:208} INFO - Processing /home/dataScience/Projects/Pipeline/venv/lib/python3.10/site-packages/airflow/example_dags/example_workday_timetable.py took 0.467 seconds
[2025-02-17T22:33:02.176-0600] {processor.py:186} INFO - Started process (PID=20601) to work on /home/dataScience/Projects/Pipeline/venv/lib/python3.10/site-packages/airflow/example_dags/example_workday_timetable.py
[2025-02-17T22:33:02.180-0600] {processor.py:914} INFO - Processing file /home/dataScience/Projects/Pipeline/venv/lib/python3.10/site-packages/airflow/example_dags/example_workday_timetable.py for tasks to queue
[2025-02-17T22:33:02.185-0600] {logging_mixin.py:190} INFO - [2025-02-17T22:33:02.184-0600] {dagbag.py:588} INFO - Filling up the DagBag from /home/dataScience/Projects/Pipeline/venv/lib/python3.10/site-packages/airflow/example_dags/example_workday_timetable.py
[2025-02-17T22:33:02.197-0600] {processor.py:925} INFO - DAG(s) 'example_workday_timetable' retrieved from /home/dataScience/Projects/Pipeline/venv/lib/python3.10/site-packages/airflow/example_dags/example_workday_timetable.py
[2025-02-17T22:33:02.250-0600] {logging_mixin.py:190} INFO - [2025-02-17T22:33:02.250-0600] {dag.py:3239} INFO - Sync 1 DAGs
[2025-02-17T22:33:02.337-0600] {logging_mixin.py:190} INFO - [2025-02-17T22:33:02.337-0600] {dag.py:4180} INFO - Setting next_dagrun for example_workday_timetable to 2021-01-01 00:00:00+00:00, run_after=2021-01-02 00:00:00+00:00
[2025-02-17T22:33:02.393-0600] {processor.py:208} INFO - Processing /home/dataScience/Projects/Pipeline/venv/lib/python3.10/site-packages/airflow/example_dags/example_workday_timetable.py took 0.224 seconds
[2025-02-17T22:33:43.035-0600] {processor.py:186} INFO - Started process (PID=21098) to work on /home/dataScience/Projects/Pipeline/venv/lib/python3.10/site-packages/airflow/example_dags/example_workday_timetable.py
[2025-02-17T22:33:43.037-0600] {processor.py:914} INFO - Processing file /home/dataScience/Projects/Pipeline/venv/lib/python3.10/site-packages/airflow/example_dags/example_workday_timetable.py for tasks to queue
[2025-02-17T22:33:43.040-0600] {logging_mixin.py:190} INFO - [2025-02-17T22:33:43.039-0600] {dagbag.py:588} INFO - Filling up the DagBag from /home/dataScience/Projects/Pipeline/venv/lib/python3.10/site-packages/airflow/example_dags/example_workday_timetable.py
[2025-02-17T22:33:43.050-0600] {processor.py:925} INFO - DAG(s) 'example_workday_timetable' retrieved from /home/dataScience/Projects/Pipeline/venv/lib/python3.10/site-packages/airflow/example_dags/example_workday_timetable.py
[2025-02-17T22:33:43.069-0600] {logging_mixin.py:190} INFO - [2025-02-17T22:33:43.069-0600] {dag.py:3239} INFO - Sync 1 DAGs
[2025-02-17T22:33:43.101-0600] {logging_mixin.py:190} INFO - [2025-02-17T22:33:43.100-0600] {dag.py:4180} INFO - Setting next_dagrun for example_workday_timetable to 2021-01-01 00:00:00+00:00, run_after=2021-01-02 00:00:00+00:00
[2025-02-17T22:33:43.133-0600] {processor.py:208} INFO - Processing /home/dataScience/Projects/Pipeline/venv/lib/python3.10/site-packages/airflow/example_dags/example_workday_timetable.py took 0.107 seconds
[2025-02-17T22:34:42.924-0600] {processor.py:186} INFO - Started process (PID=21728) to work on /home/dataScience/Projects/Pipeline/venv/lib/python3.10/site-packages/airflow/example_dags/example_workday_timetable.py
[2025-02-17T22:34:42.927-0600] {processor.py:914} INFO - Processing file /home/dataScience/Projects/Pipeline/venv/lib/python3.10/site-packages/airflow/example_dags/example_workday_timetable.py for tasks to queue
[2025-02-17T22:34:42.929-0600] {logging_mixin.py:190} INFO - [2025-02-17T22:34:42.929-0600] {dagbag.py:588} INFO - Filling up the DagBag from /home/dataScience/Projects/Pipeline/venv/lib/python3.10/site-packages/airflow/example_dags/example_workday_timetable.py
[2025-02-17T22:34:42.937-0600] {processor.py:925} INFO - DAG(s) 'example_workday_timetable' retrieved from /home/dataScience/Projects/Pipeline/venv/lib/python3.10/site-packages/airflow/example_dags/example_workday_timetable.py
[2025-02-17T22:34:42.954-0600] {logging_mixin.py:190} INFO - [2025-02-17T22:34:42.954-0600] {dag.py:3239} INFO - Sync 1 DAGs
[2025-02-17T22:34:42.979-0600] {logging_mixin.py:190} INFO - [2025-02-17T22:34:42.978-0600] {dag.py:4180} INFO - Setting next_dagrun for example_workday_timetable to 2021-01-01 00:00:00+00:00, run_after=2021-01-02 00:00:00+00:00
[2025-02-17T22:34:43.009-0600] {processor.py:208} INFO - Processing /home/dataScience/Projects/Pipeline/venv/lib/python3.10/site-packages/airflow/example_dags/example_workday_timetable.py took 0.091 seconds
[2025-02-17T22:35:46.152-0600] {processor.py:186} INFO - Started process (PID=22378) to work on /home/dataScience/Projects/Pipeline/venv/lib/python3.10/site-packages/airflow/example_dags/example_workday_timetable.py
[2025-02-17T22:35:46.154-0600] {processor.py:914} INFO - Processing file /home/dataScience/Projects/Pipeline/venv/lib/python3.10/site-packages/airflow/example_dags/example_workday_timetable.py for tasks to queue
[2025-02-17T22:35:46.156-0600] {logging_mixin.py:190} INFO - [2025-02-17T22:35:46.156-0600] {dagbag.py:588} INFO - Filling up the DagBag from /home/dataScience/Projects/Pipeline/venv/lib/python3.10/site-packages/airflow/example_dags/example_workday_timetable.py
[2025-02-17T22:35:46.164-0600] {processor.py:925} INFO - DAG(s) 'example_workday_timetable' retrieved from /home/dataScience/Projects/Pipeline/venv/lib/python3.10/site-packages/airflow/example_dags/example_workday_timetable.py
[2025-02-17T22:35:46.180-0600] {logging_mixin.py:190} INFO - [2025-02-17T22:35:46.180-0600] {dag.py:3239} INFO - Sync 1 DAGs
[2025-02-17T22:35:46.206-0600] {logging_mixin.py:190} INFO - [2025-02-17T22:35:46.206-0600] {dag.py:4180} INFO - Setting next_dagrun for example_workday_timetable to 2021-01-01 00:00:00+00:00, run_after=2021-01-02 00:00:00+00:00
[2025-02-17T22:35:46.236-0600] {processor.py:208} INFO - Processing /home/dataScience/Projects/Pipeline/venv/lib/python3.10/site-packages/airflow/example_dags/example_workday_timetable.py took 0.091 seconds
[2025-02-17T22:36:47.858-0600] {processor.py:186} INFO - Started process (PID=22953) to work on /home/dataScience/Projects/Pipeline/venv/lib/python3.10/site-packages/airflow/example_dags/example_workday_timetable.py
[2025-02-17T22:36:47.860-0600] {processor.py:914} INFO - Processing file /home/dataScience/Projects/Pipeline/venv/lib/python3.10/site-packages/airflow/example_dags/example_workday_timetable.py for tasks to queue
[2025-02-17T22:36:47.863-0600] {logging_mixin.py:190} INFO - [2025-02-17T22:36:47.862-0600] {dagbag.py:588} INFO - Filling up the DagBag from /home/dataScience/Projects/Pipeline/venv/lib/python3.10/site-packages/airflow/example_dags/example_workday_timetable.py
[2025-02-17T22:36:47.871-0600] {processor.py:925} INFO - DAG(s) 'example_workday_timetable' retrieved from /home/dataScience/Projects/Pipeline/venv/lib/python3.10/site-packages/airflow/example_dags/example_workday_timetable.py
[2025-02-17T22:36:47.888-0600] {logging_mixin.py:190} INFO - [2025-02-17T22:36:47.888-0600] {dag.py:3239} INFO - Sync 1 DAGs
[2025-02-17T22:36:47.912-0600] {logging_mixin.py:190} INFO - [2025-02-17T22:36:47.912-0600] {dag.py:4180} INFO - Setting next_dagrun for example_workday_timetable to 2021-01-01 00:00:00+00:00, run_after=2021-01-02 00:00:00+00:00
[2025-02-17T22:36:47.944-0600] {processor.py:208} INFO - Processing /home/dataScience/Projects/Pipeline/venv/lib/python3.10/site-packages/airflow/example_dags/example_workday_timetable.py took 0.094 seconds
[2025-02-17T22:37:45.456-0600] {processor.py:186} INFO - Started process (PID=23437) to work on /home/dataScience/Projects/Pipeline/venv/lib/python3.10/site-packages/airflow/example_dags/example_workday_timetable.py
[2025-02-17T22:37:45.458-0600] {processor.py:914} INFO - Processing file /home/dataScience/Projects/Pipeline/venv/lib/python3.10/site-packages/airflow/example_dags/example_workday_timetable.py for tasks to queue
[2025-02-17T22:37:45.461-0600] {logging_mixin.py:190} INFO - [2025-02-17T22:37:45.460-0600] {dagbag.py:588} INFO - Filling up the DagBag from /home/dataScience/Projects/Pipeline/venv/lib/python3.10/site-packages/airflow/example_dags/example_workday_timetable.py
[2025-02-17T22:37:45.472-0600] {processor.py:925} INFO - DAG(s) 'example_workday_timetable' retrieved from /home/dataScience/Projects/Pipeline/venv/lib/python3.10/site-packages/airflow/example_dags/example_workday_timetable.py
[2025-02-17T22:37:45.496-0600] {logging_mixin.py:190} INFO - [2025-02-17T22:37:45.496-0600] {dag.py:3239} INFO - Sync 1 DAGs
[2025-02-17T22:37:45.522-0600] {logging_mixin.py:190} INFO - [2025-02-17T22:37:45.522-0600] {dag.py:4180} INFO - Setting next_dagrun for example_workday_timetable to 2021-01-01 00:00:00+00:00, run_after=2021-01-02 00:00:00+00:00
[2025-02-17T22:37:45.557-0600] {processor.py:208} INFO - Processing /home/dataScience/Projects/Pipeline/venv/lib/python3.10/site-packages/airflow/example_dags/example_workday_timetable.py took 0.108 seconds
[2025-02-17T22:38:40.956-0600] {processor.py:186} INFO - Started process (PID=23905) to work on /home/dataScience/Projects/Pipeline/venv/lib/python3.10/site-packages/airflow/example_dags/example_workday_timetable.py
[2025-02-17T22:38:40.958-0600] {processor.py:914} INFO - Processing file /home/dataScience/Projects/Pipeline/venv/lib/python3.10/site-packages/airflow/example_dags/example_workday_timetable.py for tasks to queue
[2025-02-17T22:38:40.961-0600] {logging_mixin.py:190} INFO - [2025-02-17T22:38:40.960-0600] {dagbag.py:588} INFO - Filling up the DagBag from /home/dataScience/Projects/Pipeline/venv/lib/python3.10/site-packages/airflow/example_dags/example_workday_timetable.py
[2025-02-17T22:38:40.970-0600] {processor.py:925} INFO - DAG(s) 'example_workday_timetable' retrieved from /home/dataScience/Projects/Pipeline/venv/lib/python3.10/site-packages/airflow/example_dags/example_workday_timetable.py
[2025-02-17T22:38:40.991-0600] {logging_mixin.py:190} INFO - [2025-02-17T22:38:40.990-0600] {dag.py:3239} INFO - Sync 1 DAGs
[2025-02-17T22:38:41.019-0600] {logging_mixin.py:190} INFO - [2025-02-17T22:38:41.019-0600] {dag.py:4180} INFO - Setting next_dagrun for example_workday_timetable to 2021-01-01 00:00:00+00:00, run_after=2021-01-02 00:00:00+00:00
[2025-02-17T22:38:41.055-0600] {processor.py:208} INFO - Processing /home/dataScience/Projects/Pipeline/venv/lib/python3.10/site-packages/airflow/example_dags/example_workday_timetable.py took 0.107 seconds
[2025-02-17T22:39:43.517-0600] {processor.py:186} INFO - Started process (PID=24421) to work on /home/dataScience/Projects/Pipeline/venv/lib/python3.10/site-packages/airflow/example_dags/example_workday_timetable.py
[2025-02-17T22:39:43.519-0600] {processor.py:914} INFO - Processing file /home/dataScience/Projects/Pipeline/venv/lib/python3.10/site-packages/airflow/example_dags/example_workday_timetable.py for tasks to queue
[2025-02-17T22:39:43.523-0600] {logging_mixin.py:190} INFO - [2025-02-17T22:39:43.522-0600] {dagbag.py:588} INFO - Filling up the DagBag from /home/dataScience/Projects/Pipeline/venv/lib/python3.10/site-packages/airflow/example_dags/example_workday_timetable.py
[2025-02-17T22:39:43.537-0600] {processor.py:925} INFO - DAG(s) 'example_workday_timetable' retrieved from /home/dataScience/Projects/Pipeline/venv/lib/python3.10/site-packages/airflow/example_dags/example_workday_timetable.py
[2025-02-17T22:39:43.558-0600] {logging_mixin.py:190} INFO - [2025-02-17T22:39:43.557-0600] {dag.py:3239} INFO - Sync 1 DAGs
[2025-02-17T22:39:43.587-0600] {logging_mixin.py:190} INFO - [2025-02-17T22:39:43.586-0600] {dag.py:4180} INFO - Setting next_dagrun for example_workday_timetable to 2021-01-01 00:00:00+00:00, run_after=2021-01-02 00:00:00+00:00
[2025-02-17T22:39:43.622-0600] {processor.py:208} INFO - Processing /home/dataScience/Projects/Pipeline/venv/lib/python3.10/site-packages/airflow/example_dags/example_workday_timetable.py took 0.115 seconds
[2025-02-17T22:40:44.281-0600] {processor.py:186} INFO - Started process (PID=24925) to work on /home/dataScience/Projects/Pipeline/venv/lib/python3.10/site-packages/airflow/example_dags/example_workday_timetable.py
[2025-02-17T22:40:44.283-0600] {processor.py:914} INFO - Processing file /home/dataScience/Projects/Pipeline/venv/lib/python3.10/site-packages/airflow/example_dags/example_workday_timetable.py for tasks to queue
[2025-02-17T22:40:44.285-0600] {logging_mixin.py:190} INFO - [2025-02-17T22:40:44.285-0600] {dagbag.py:588} INFO - Filling up the DagBag from /home/dataScience/Projects/Pipeline/venv/lib/python3.10/site-packages/airflow/example_dags/example_workday_timetable.py
[2025-02-17T22:40:44.293-0600] {processor.py:925} INFO - DAG(s) 'example_workday_timetable' retrieved from /home/dataScience/Projects/Pipeline/venv/lib/python3.10/site-packages/airflow/example_dags/example_workday_timetable.py
[2025-02-17T22:40:44.320-0600] {logging_mixin.py:190} INFO - [2025-02-17T22:40:44.320-0600] {dag.py:3239} INFO - Sync 1 DAGs
[2025-02-17T22:40:44.345-0600] {logging_mixin.py:190} INFO - [2025-02-17T22:40:44.344-0600] {dag.py:4180} INFO - Setting next_dagrun for example_workday_timetable to 2021-01-01 00:00:00+00:00, run_after=2021-01-02 00:00:00+00:00
[2025-02-17T22:40:44.375-0600] {processor.py:208} INFO - Processing /home/dataScience/Projects/Pipeline/venv/lib/python3.10/site-packages/airflow/example_dags/example_workday_timetable.py took 0.102 seconds
