[2025-02-17T22:32:12.401-0600] {processor.py:186} INFO - Started process (PID=20074) to work on /home/dataScience/Projects/Pipeline/venv/lib/python3.10/site-packages/airflow/example_dags/example_latest_only_with_trigger.py
[2025-02-17T22:32:12.402-0600] {processor.py:914} INFO - Processing file /home/dataScience/Projects/Pipeline/venv/lib/python3.10/site-packages/airflow/example_dags/example_latest_only_with_trigger.py for tasks to queue
[2025-02-17T22:32:12.407-0600] {logging_mixin.py:190} INFO - [2025-02-17T22:32:12.406-0600] {dagbag.py:588} INFO - Filling up the DagBag from /home/dataScience/Projects/Pipeline/venv/lib/python3.10/site-packages/airflow/example_dags/example_latest_only_with_trigger.py
[2025-02-17T22:32:12.419-0600] {processor.py:925} INFO - DAG(s) 'latest_only_with_trigger' retrieved from /home/dataScience/Projects/Pipeline/venv/lib/python3.10/site-packages/airflow/example_dags/example_latest_only_with_trigger.py
[2025-02-17T22:32:12.686-0600] {logging_mixin.py:190} INFO - [2025-02-17T22:32:12.685-0600] {override.py:1930} INFO - Created Permission View: can delete on DAG:latest_only_with_trigger
[2025-02-17T22:32:12.709-0600] {logging_mixin.py:190} INFO - [2025-02-17T22:32:12.709-0600] {override.py:1930} INFO - Created Permission View: can edit on DAG:latest_only_with_trigger
[2025-02-17T22:32:12.725-0600] {logging_mixin.py:190} INFO - [2025-02-17T22:32:12.724-0600] {override.py:1930} INFO - Created Permission View: can read on DAG:latest_only_with_trigger
[2025-02-17T22:32:12.746-0600] {logging_mixin.py:190} INFO - [2025-02-17T22:32:12.745-0600] {override.py:1930} INFO - Created Permission View: can create on DAG Run:latest_only_with_trigger
[2025-02-17T22:32:12.760-0600] {logging_mixin.py:190} INFO - [2025-02-17T22:32:12.760-0600] {override.py:1930} INFO - Created Permission View: can delete on DAG Run:latest_only_with_trigger
[2025-02-17T22:32:12.775-0600] {logging_mixin.py:190} INFO - [2025-02-17T22:32:12.774-0600] {override.py:1930} INFO - Created Permission View: menu access on DAG Run:latest_only_with_trigger
[2025-02-17T22:32:12.794-0600] {logging_mixin.py:190} INFO - [2025-02-17T22:32:12.793-0600] {override.py:1930} INFO - Created Permission View: can read on DAG Run:latest_only_with_trigger
[2025-02-17T22:32:12.795-0600] {logging_mixin.py:190} INFO - [2025-02-17T22:32:12.794-0600] {dag.py:3239} INFO - Sync 1 DAGs
[2025-02-17T22:32:12.818-0600] {logging_mixin.py:190} INFO - [2025-02-17T22:32:12.817-0600] {dag.py:3262} INFO - Creating ORM DAG for latest_only_with_trigger
[2025-02-17T22:32:12.829-0600] {logging_mixin.py:190} INFO - [2025-02-17T22:32:12.829-0600] {dag.py:4180} INFO - Setting next_dagrun for latest_only_with_trigger to 2025-02-18 00:00:00+00:00, run_after=2025-02-18 04:00:00+00:00
[2025-02-17T22:32:12.862-0600] {processor.py:208} INFO - Processing /home/dataScience/Projects/Pipeline/venv/lib/python3.10/site-packages/airflow/example_dags/example_latest_only_with_trigger.py took 0.468 seconds
[2025-02-17T22:33:25.049-0600] {processor.py:186} INFO - Started process (PID=20901) to work on /home/dataScience/Projects/Pipeline/venv/lib/python3.10/site-packages/airflow/example_dags/example_latest_only_with_trigger.py
[2025-02-17T22:33:25.051-0600] {processor.py:914} INFO - Processing file /home/dataScience/Projects/Pipeline/venv/lib/python3.10/site-packages/airflow/example_dags/example_latest_only_with_trigger.py for tasks to queue
[2025-02-17T22:33:25.053-0600] {logging_mixin.py:190} INFO - [2025-02-17T22:33:25.053-0600] {dagbag.py:588} INFO - Filling up the DagBag from /home/dataScience/Projects/Pipeline/venv/lib/python3.10/site-packages/airflow/example_dags/example_latest_only_with_trigger.py
[2025-02-17T22:33:25.066-0600] {processor.py:925} INFO - DAG(s) 'latest_only_with_trigger' retrieved from /home/dataScience/Projects/Pipeline/venv/lib/python3.10/site-packages/airflow/example_dags/example_latest_only_with_trigger.py
[2025-02-17T22:33:25.090-0600] {logging_mixin.py:190} INFO - [2025-02-17T22:33:25.090-0600] {dag.py:3239} INFO - Sync 1 DAGs
[2025-02-17T22:33:25.118-0600] {logging_mixin.py:190} INFO - [2025-02-17T22:33:25.118-0600] {dag.py:4180} INFO - Setting next_dagrun for latest_only_with_trigger to 2025-02-18 00:00:00+00:00, run_after=2025-02-18 04:00:00+00:00
[2025-02-17T22:33:25.155-0600] {processor.py:208} INFO - Processing /home/dataScience/Projects/Pipeline/venv/lib/python3.10/site-packages/airflow/example_dags/example_latest_only_with_trigger.py took 0.115 seconds
[2025-02-17T22:34:27.535-0600] {processor.py:186} INFO - Started process (PID=21550) to work on /home/dataScience/Projects/Pipeline/venv/lib/python3.10/site-packages/airflow/example_dags/example_latest_only_with_trigger.py
[2025-02-17T22:34:27.537-0600] {processor.py:914} INFO - Processing file /home/dataScience/Projects/Pipeline/venv/lib/python3.10/site-packages/airflow/example_dags/example_latest_only_with_trigger.py for tasks to queue
[2025-02-17T22:34:27.539-0600] {logging_mixin.py:190} INFO - [2025-02-17T22:34:27.539-0600] {dagbag.py:588} INFO - Filling up the DagBag from /home/dataScience/Projects/Pipeline/venv/lib/python3.10/site-packages/airflow/example_dags/example_latest_only_with_trigger.py
[2025-02-17T22:34:27.552-0600] {processor.py:925} INFO - DAG(s) 'latest_only_with_trigger' retrieved from /home/dataScience/Projects/Pipeline/venv/lib/python3.10/site-packages/airflow/example_dags/example_latest_only_with_trigger.py
[2025-02-17T22:34:27.579-0600] {logging_mixin.py:190} INFO - [2025-02-17T22:34:27.578-0600] {dag.py:3239} INFO - Sync 1 DAGs
[2025-02-17T22:34:27.625-0600] {logging_mixin.py:190} INFO - [2025-02-17T22:34:27.624-0600] {dag.py:4180} INFO - Setting next_dagrun for latest_only_with_trigger to 2025-02-18 00:00:00+00:00, run_after=2025-02-18 04:00:00+00:00
[2025-02-17T22:34:27.666-0600] {processor.py:208} INFO - Processing /home/dataScience/Projects/Pipeline/venv/lib/python3.10/site-packages/airflow/example_dags/example_latest_only_with_trigger.py took 0.140 seconds
[2025-02-17T22:35:31.797-0600] {processor.py:186} INFO - Started process (PID=22273) to work on /home/dataScience/Projects/Pipeline/venv/lib/python3.10/site-packages/airflow/example_dags/example_latest_only_with_trigger.py
[2025-02-17T22:35:31.800-0600] {processor.py:914} INFO - Processing file /home/dataScience/Projects/Pipeline/venv/lib/python3.10/site-packages/airflow/example_dags/example_latest_only_with_trigger.py for tasks to queue
[2025-02-17T22:35:31.803-0600] {logging_mixin.py:190} INFO - [2025-02-17T22:35:31.802-0600] {dagbag.py:588} INFO - Filling up the DagBag from /home/dataScience/Projects/Pipeline/venv/lib/python3.10/site-packages/airflow/example_dags/example_latest_only_with_trigger.py
[2025-02-17T22:35:31.813-0600] {processor.py:925} INFO - DAG(s) 'latest_only_with_trigger' retrieved from /home/dataScience/Projects/Pipeline/venv/lib/python3.10/site-packages/airflow/example_dags/example_latest_only_with_trigger.py
[2025-02-17T22:35:31.832-0600] {logging_mixin.py:190} INFO - [2025-02-17T22:35:31.831-0600] {dag.py:3239} INFO - Sync 1 DAGs
[2025-02-17T22:35:31.862-0600] {logging_mixin.py:190} INFO - [2025-02-17T22:35:31.862-0600] {dag.py:4180} INFO - Setting next_dagrun for latest_only_with_trigger to 2025-02-18 00:00:00+00:00, run_after=2025-02-18 04:00:00+00:00
[2025-02-17T22:35:31.895-0600] {processor.py:208} INFO - Processing /home/dataScience/Projects/Pipeline/venv/lib/python3.10/site-packages/airflow/example_dags/example_latest_only_with_trigger.py took 0.105 seconds
[2025-02-17T22:36:33.125-0600] {processor.py:186} INFO - Started process (PID=22805) to work on /home/dataScience/Projects/Pipeline/venv/lib/python3.10/site-packages/airflow/example_dags/example_latest_only_with_trigger.py
[2025-02-17T22:36:33.127-0600] {processor.py:914} INFO - Processing file /home/dataScience/Projects/Pipeline/venv/lib/python3.10/site-packages/airflow/example_dags/example_latest_only_with_trigger.py for tasks to queue
[2025-02-17T22:36:33.129-0600] {logging_mixin.py:190} INFO - [2025-02-17T22:36:33.129-0600] {dagbag.py:588} INFO - Filling up the DagBag from /home/dataScience/Projects/Pipeline/venv/lib/python3.10/site-packages/airflow/example_dags/example_latest_only_with_trigger.py
[2025-02-17T22:36:33.139-0600] {processor.py:925} INFO - DAG(s) 'latest_only_with_trigger' retrieved from /home/dataScience/Projects/Pipeline/venv/lib/python3.10/site-packages/airflow/example_dags/example_latest_only_with_trigger.py
[2025-02-17T22:36:33.158-0600] {logging_mixin.py:190} INFO - [2025-02-17T22:36:33.158-0600] {dag.py:3239} INFO - Sync 1 DAGs
[2025-02-17T22:36:33.182-0600] {logging_mixin.py:190} INFO - [2025-02-17T22:36:33.181-0600] {dag.py:4180} INFO - Setting next_dagrun for latest_only_with_trigger to 2025-02-18 00:00:00+00:00, run_after=2025-02-18 04:00:00+00:00
[2025-02-17T22:36:33.211-0600] {processor.py:208} INFO - Processing /home/dataScience/Projects/Pipeline/venv/lib/python3.10/site-packages/airflow/example_dags/example_latest_only_with_trigger.py took 0.094 seconds
[2025-02-17T22:37:31.361-0600] {processor.py:186} INFO - Started process (PID=23333) to work on /home/dataScience/Projects/Pipeline/venv/lib/python3.10/site-packages/airflow/example_dags/example_latest_only_with_trigger.py
[2025-02-17T22:37:31.363-0600] {processor.py:914} INFO - Processing file /home/dataScience/Projects/Pipeline/venv/lib/python3.10/site-packages/airflow/example_dags/example_latest_only_with_trigger.py for tasks to queue
[2025-02-17T22:37:31.365-0600] {logging_mixin.py:190} INFO - [2025-02-17T22:37:31.365-0600] {dagbag.py:588} INFO - Filling up the DagBag from /home/dataScience/Projects/Pipeline/venv/lib/python3.10/site-packages/airflow/example_dags/example_latest_only_with_trigger.py
[2025-02-17T22:37:31.374-0600] {processor.py:925} INFO - DAG(s) 'latest_only_with_trigger' retrieved from /home/dataScience/Projects/Pipeline/venv/lib/python3.10/site-packages/airflow/example_dags/example_latest_only_with_trigger.py
[2025-02-17T22:37:31.392-0600] {logging_mixin.py:190} INFO - [2025-02-17T22:37:31.392-0600] {dag.py:3239} INFO - Sync 1 DAGs
[2025-02-17T22:37:31.417-0600] {logging_mixin.py:190} INFO - [2025-02-17T22:37:31.417-0600] {dag.py:4180} INFO - Setting next_dagrun for latest_only_with_trigger to 2025-02-18 00:00:00+00:00, run_after=2025-02-18 04:00:00+00:00
[2025-02-17T22:37:31.447-0600] {processor.py:208} INFO - Processing /home/dataScience/Projects/Pipeline/venv/lib/python3.10/site-packages/airflow/example_dags/example_latest_only_with_trigger.py took 0.093 seconds
[2025-02-17T22:38:27.876-0600] {processor.py:186} INFO - Started process (PID=23769) to work on /home/dataScience/Projects/Pipeline/venv/lib/python3.10/site-packages/airflow/example_dags/example_latest_only_with_trigger.py
[2025-02-17T22:38:27.878-0600] {processor.py:914} INFO - Processing file /home/dataScience/Projects/Pipeline/venv/lib/python3.10/site-packages/airflow/example_dags/example_latest_only_with_trigger.py for tasks to queue
[2025-02-17T22:38:27.883-0600] {logging_mixin.py:190} INFO - [2025-02-17T22:38:27.881-0600] {dagbag.py:588} INFO - Filling up the DagBag from /home/dataScience/Projects/Pipeline/venv/lib/python3.10/site-packages/airflow/example_dags/example_latest_only_with_trigger.py
[2025-02-17T22:38:27.897-0600] {processor.py:925} INFO - DAG(s) 'latest_only_with_trigger' retrieved from /home/dataScience/Projects/Pipeline/venv/lib/python3.10/site-packages/airflow/example_dags/example_latest_only_with_trigger.py
[2025-02-17T22:38:27.920-0600] {logging_mixin.py:190} INFO - [2025-02-17T22:38:27.919-0600] {dag.py:3239} INFO - Sync 1 DAGs
[2025-02-17T22:38:27.948-0600] {logging_mixin.py:190} INFO - [2025-02-17T22:38:27.948-0600] {dag.py:4180} INFO - Setting next_dagrun for latest_only_with_trigger to 2025-02-18 00:00:00+00:00, run_after=2025-02-18 04:00:00+00:00
[2025-02-17T22:38:27.981-0600] {processor.py:208} INFO - Processing /home/dataScience/Projects/Pipeline/venv/lib/python3.10/site-packages/airflow/example_dags/example_latest_only_with_trigger.py took 0.113 seconds
[2025-02-17T22:39:30.506-0600] {processor.py:186} INFO - Started process (PID=24329) to work on /home/dataScience/Projects/Pipeline/venv/lib/python3.10/site-packages/airflow/example_dags/example_latest_only_with_trigger.py
[2025-02-17T22:39:30.509-0600] {processor.py:914} INFO - Processing file /home/dataScience/Projects/Pipeline/venv/lib/python3.10/site-packages/airflow/example_dags/example_latest_only_with_trigger.py for tasks to queue
[2025-02-17T22:39:30.513-0600] {logging_mixin.py:190} INFO - [2025-02-17T22:39:30.512-0600] {dagbag.py:588} INFO - Filling up the DagBag from /home/dataScience/Projects/Pipeline/venv/lib/python3.10/site-packages/airflow/example_dags/example_latest_only_with_trigger.py
[2025-02-17T22:39:30.522-0600] {processor.py:925} INFO - DAG(s) 'latest_only_with_trigger' retrieved from /home/dataScience/Projects/Pipeline/venv/lib/python3.10/site-packages/airflow/example_dags/example_latest_only_with_trigger.py
[2025-02-17T22:39:30.544-0600] {logging_mixin.py:190} INFO - [2025-02-17T22:39:30.544-0600] {dag.py:3239} INFO - Sync 1 DAGs
[2025-02-17T22:39:30.572-0600] {logging_mixin.py:190} INFO - [2025-02-17T22:39:30.572-0600] {dag.py:4180} INFO - Setting next_dagrun for latest_only_with_trigger to 2025-02-18 00:00:00+00:00, run_after=2025-02-18 04:00:00+00:00
[2025-02-17T22:39:30.605-0600] {processor.py:208} INFO - Processing /home/dataScience/Projects/Pipeline/venv/lib/python3.10/site-packages/airflow/example_dags/example_latest_only_with_trigger.py took 0.106 seconds
[2025-02-17T22:40:30.142-0600] {processor.py:186} INFO - Started process (PID=24821) to work on /home/dataScience/Projects/Pipeline/venv/lib/python3.10/site-packages/airflow/example_dags/example_latest_only_with_trigger.py
[2025-02-17T22:40:30.147-0600] {processor.py:914} INFO - Processing file /home/dataScience/Projects/Pipeline/venv/lib/python3.10/site-packages/airflow/example_dags/example_latest_only_with_trigger.py for tasks to queue
[2025-02-17T22:40:30.150-0600] {logging_mixin.py:190} INFO - [2025-02-17T22:40:30.149-0600] {dagbag.py:588} INFO - Filling up the DagBag from /home/dataScience/Projects/Pipeline/venv/lib/python3.10/site-packages/airflow/example_dags/example_latest_only_with_trigger.py
[2025-02-17T22:40:30.160-0600] {processor.py:925} INFO - DAG(s) 'latest_only_with_trigger' retrieved from /home/dataScience/Projects/Pipeline/venv/lib/python3.10/site-packages/airflow/example_dags/example_latest_only_with_trigger.py
[2025-02-17T22:40:30.178-0600] {logging_mixin.py:190} INFO - [2025-02-17T22:40:30.178-0600] {dag.py:3239} INFO - Sync 1 DAGs
[2025-02-17T22:40:30.208-0600] {logging_mixin.py:190} INFO - [2025-02-17T22:40:30.207-0600] {dag.py:4180} INFO - Setting next_dagrun for latest_only_with_trigger to 2025-02-18 00:00:00+00:00, run_after=2025-02-18 04:00:00+00:00
[2025-02-17T22:40:30.240-0600] {processor.py:208} INFO - Processing /home/dataScience/Projects/Pipeline/venv/lib/python3.10/site-packages/airflow/example_dags/example_latest_only_with_trigger.py took 0.105 seconds
[2025-02-17T22:41:30.603-0600] {processor.py:186} INFO - Started process (PID=25324) to work on /home/dataScience/Projects/Pipeline/venv/lib/python3.10/site-packages/airflow/example_dags/example_latest_only_with_trigger.py
[2025-02-17T22:41:30.606-0600] {processor.py:914} INFO - Processing file /home/dataScience/Projects/Pipeline/venv/lib/python3.10/site-packages/airflow/example_dags/example_latest_only_with_trigger.py for tasks to queue
[2025-02-17T22:41:30.609-0600] {logging_mixin.py:190} INFO - [2025-02-17T22:41:30.609-0600] {dagbag.py:588} INFO - Filling up the DagBag from /home/dataScience/Projects/Pipeline/venv/lib/python3.10/site-packages/airflow/example_dags/example_latest_only_with_trigger.py
[2025-02-17T22:41:30.619-0600] {processor.py:925} INFO - DAG(s) 'latest_only_with_trigger' retrieved from /home/dataScience/Projects/Pipeline/venv/lib/python3.10/site-packages/airflow/example_dags/example_latest_only_with_trigger.py
[2025-02-17T22:41:30.640-0600] {logging_mixin.py:190} INFO - [2025-02-17T22:41:30.640-0600] {dag.py:3239} INFO - Sync 1 DAGs
[2025-02-17T22:41:30.665-0600] {logging_mixin.py:190} INFO - [2025-02-17T22:41:30.664-0600] {dag.py:4180} INFO - Setting next_dagrun for latest_only_with_trigger to 2025-02-18 00:00:00+00:00, run_after=2025-02-18 04:00:00+00:00
[2025-02-17T22:41:30.697-0600] {processor.py:208} INFO - Processing /home/dataScience/Projects/Pipeline/venv/lib/python3.10/site-packages/airflow/example_dags/example_latest_only_with_trigger.py took 0.101 seconds
