[2025-02-17T22:32:22.964-0600] {processor.py:186} INFO - Started process (PID=20248) to work on /home/dataScience/Projects/Pipeline/venv/lib/python3.10/site-packages/airflow/example_dags/example_external_task_marker_dag.py
[2025-02-17T22:32:22.965-0600] {processor.py:914} INFO - Processing file /home/dataScience/Projects/Pipeline/venv/lib/python3.10/site-packages/airflow/example_dags/example_external_task_marker_dag.py for tasks to queue
[2025-02-17T22:32:22.968-0600] {logging_mixin.py:190} INFO - [2025-02-17T22:32:22.967-0600] {dagbag.py:588} INFO - Filling up the DagBag from /home/dataScience/Projects/Pipeline/venv/lib/python3.10/site-packages/airflow/example_dags/example_external_task_marker_dag.py
[2025-02-17T22:32:22.979-0600] {processor.py:925} INFO - DAG(s) 'example_external_task_marker_child', 'example_external_task_marker_parent' retrieved from /home/dataScience/Projects/Pipeline/venv/lib/python3.10/site-packages/airflow/example_dags/example_external_task_marker_dag.py
[2025-02-17T22:32:23.229-0600] {logging_mixin.py:190} INFO - [2025-02-17T22:32:23.228-0600] {override.py:1930} INFO - Created Permission View: can delete on DAG:example_external_task_marker_child
[2025-02-17T22:32:23.251-0600] {logging_mixin.py:190} INFO - [2025-02-17T22:32:23.251-0600] {override.py:1930} INFO - Created Permission View: can edit on DAG:example_external_task_marker_child
[2025-02-17T22:32:23.272-0600] {logging_mixin.py:190} INFO - [2025-02-17T22:32:23.272-0600] {override.py:1930} INFO - Created Permission View: can read on DAG:example_external_task_marker_child
[2025-02-17T22:32:23.294-0600] {logging_mixin.py:190} INFO - [2025-02-17T22:32:23.294-0600] {override.py:1930} INFO - Created Permission View: can create on DAG Run:example_external_task_marker_child
[2025-02-17T22:32:23.310-0600] {logging_mixin.py:190} INFO - [2025-02-17T22:32:23.310-0600] {override.py:1930} INFO - Created Permission View: can delete on DAG Run:example_external_task_marker_child
[2025-02-17T22:32:23.325-0600] {logging_mixin.py:190} INFO - [2025-02-17T22:32:23.325-0600] {override.py:1930} INFO - Created Permission View: menu access on DAG Run:example_external_task_marker_child
[2025-02-17T22:32:23.339-0600] {logging_mixin.py:190} INFO - [2025-02-17T22:32:23.338-0600] {override.py:1930} INFO - Created Permission View: can read on DAG Run:example_external_task_marker_child
[2025-02-17T22:32:23.370-0600] {logging_mixin.py:190} INFO - [2025-02-17T22:32:23.369-0600] {override.py:1930} INFO - Created Permission View: can delete on DAG:example_external_task_marker_parent
[2025-02-17T22:32:23.386-0600] {logging_mixin.py:190} INFO - [2025-02-17T22:32:23.386-0600] {override.py:1930} INFO - Created Permission View: can edit on DAG:example_external_task_marker_parent
[2025-02-17T22:32:23.403-0600] {logging_mixin.py:190} INFO - [2025-02-17T22:32:23.402-0600] {override.py:1930} INFO - Created Permission View: can read on DAG:example_external_task_marker_parent
[2025-02-17T22:32:23.430-0600] {logging_mixin.py:190} INFO - [2025-02-17T22:32:23.430-0600] {override.py:1930} INFO - Created Permission View: can create on DAG Run:example_external_task_marker_parent
[2025-02-17T22:32:23.444-0600] {logging_mixin.py:190} INFO - [2025-02-17T22:32:23.443-0600] {override.py:1930} INFO - Created Permission View: can delete on DAG Run:example_external_task_marker_parent
[2025-02-17T22:32:23.460-0600] {logging_mixin.py:190} INFO - [2025-02-17T22:32:23.459-0600] {override.py:1930} INFO - Created Permission View: menu access on DAG Run:example_external_task_marker_parent
[2025-02-17T22:32:23.476-0600] {logging_mixin.py:190} INFO - [2025-02-17T22:32:23.475-0600] {override.py:1930} INFO - Created Permission View: can read on DAG Run:example_external_task_marker_parent
[2025-02-17T22:32:23.476-0600] {logging_mixin.py:190} INFO - [2025-02-17T22:32:23.476-0600] {dag.py:3239} INFO - Sync 2 DAGs
[2025-02-17T22:32:23.495-0600] {logging_mixin.py:190} INFO - [2025-02-17T22:32:23.494-0600] {dag.py:3262} INFO - Creating ORM DAG for example_external_task_marker_child
[2025-02-17T22:32:23.496-0600] {logging_mixin.py:190} INFO - [2025-02-17T22:32:23.495-0600] {dag.py:3262} INFO - Creating ORM DAG for example_external_task_marker_parent
[2025-02-17T22:32:23.496-0600] {logging_mixin.py:190} INFO - [2025-02-17T22:32:23.496-0600] {dag.py:4180} INFO - Setting next_dagrun for example_external_task_marker_child to None, run_after=None
[2025-02-17T22:32:23.497-0600] {logging_mixin.py:190} INFO - [2025-02-17T22:32:23.497-0600] {dag.py:4180} INFO - Setting next_dagrun for example_external_task_marker_parent to None, run_after=None
[2025-02-17T22:32:23.529-0600] {processor.py:208} INFO - Processing /home/dataScience/Projects/Pipeline/venv/lib/python3.10/site-packages/airflow/example_dags/example_external_task_marker_dag.py took 0.572 seconds
[2025-02-17T22:33:32.779-0600] {processor.py:186} INFO - Started process (PID=21019) to work on /home/dataScience/Projects/Pipeline/venv/lib/python3.10/site-packages/airflow/example_dags/example_external_task_marker_dag.py
[2025-02-17T22:33:32.781-0600] {processor.py:914} INFO - Processing file /home/dataScience/Projects/Pipeline/venv/lib/python3.10/site-packages/airflow/example_dags/example_external_task_marker_dag.py for tasks to queue
[2025-02-17T22:33:32.787-0600] {logging_mixin.py:190} INFO - [2025-02-17T22:33:32.786-0600] {dagbag.py:588} INFO - Filling up the DagBag from /home/dataScience/Projects/Pipeline/venv/lib/python3.10/site-packages/airflow/example_dags/example_external_task_marker_dag.py
[2025-02-17T22:33:32.801-0600] {processor.py:925} INFO - DAG(s) 'example_external_task_marker_child', 'example_external_task_marker_parent' retrieved from /home/dataScience/Projects/Pipeline/venv/lib/python3.10/site-packages/airflow/example_dags/example_external_task_marker_dag.py
[2025-02-17T22:33:32.864-0600] {logging_mixin.py:190} INFO - [2025-02-17T22:33:32.863-0600] {dag.py:3239} INFO - Sync 2 DAGs
[2025-02-17T22:33:32.916-0600] {logging_mixin.py:190} INFO - [2025-02-17T22:33:32.915-0600] {dag.py:4180} INFO - Setting next_dagrun for example_external_task_marker_child to None, run_after=None
[2025-02-17T22:33:32.922-0600] {logging_mixin.py:190} INFO - [2025-02-17T22:33:32.921-0600] {dag.py:4180} INFO - Setting next_dagrun for example_external_task_marker_parent to None, run_after=None
[2025-02-17T22:33:32.967-0600] {processor.py:208} INFO - Processing /home/dataScience/Projects/Pipeline/venv/lib/python3.10/site-packages/airflow/example_dags/example_external_task_marker_dag.py took 0.202 seconds
[2025-02-17T22:34:35.238-0600] {processor.py:186} INFO - Started process (PID=21673) to work on /home/dataScience/Projects/Pipeline/venv/lib/python3.10/site-packages/airflow/example_dags/example_external_task_marker_dag.py
[2025-02-17T22:34:35.240-0600] {processor.py:914} INFO - Processing file /home/dataScience/Projects/Pipeline/venv/lib/python3.10/site-packages/airflow/example_dags/example_external_task_marker_dag.py for tasks to queue
[2025-02-17T22:34:35.243-0600] {logging_mixin.py:190} INFO - [2025-02-17T22:34:35.242-0600] {dagbag.py:588} INFO - Filling up the DagBag from /home/dataScience/Projects/Pipeline/venv/lib/python3.10/site-packages/airflow/example_dags/example_external_task_marker_dag.py
[2025-02-17T22:34:35.254-0600] {processor.py:925} INFO - DAG(s) 'example_external_task_marker_child', 'example_external_task_marker_parent' retrieved from /home/dataScience/Projects/Pipeline/venv/lib/python3.10/site-packages/airflow/example_dags/example_external_task_marker_dag.py
[2025-02-17T22:34:35.277-0600] {logging_mixin.py:190} INFO - [2025-02-17T22:34:35.277-0600] {dag.py:3239} INFO - Sync 2 DAGs
[2025-02-17T22:34:35.293-0600] {logging_mixin.py:190} INFO - [2025-02-17T22:34:35.293-0600] {dag.py:4180} INFO - Setting next_dagrun for example_external_task_marker_child to None, run_after=None
[2025-02-17T22:34:35.298-0600] {logging_mixin.py:190} INFO - [2025-02-17T22:34:35.297-0600] {dag.py:4180} INFO - Setting next_dagrun for example_external_task_marker_parent to None, run_after=None
[2025-02-17T22:34:35.327-0600] {processor.py:208} INFO - Processing /home/dataScience/Projects/Pipeline/venv/lib/python3.10/site-packages/airflow/example_dags/example_external_task_marker_dag.py took 0.096 seconds
[2025-02-17T22:35:39.287-0600] {processor.py:186} INFO - Started process (PID=22327) to work on /home/dataScience/Projects/Pipeline/venv/lib/python3.10/site-packages/airflow/example_dags/example_external_task_marker_dag.py
[2025-02-17T22:35:39.290-0600] {processor.py:914} INFO - Processing file /home/dataScience/Projects/Pipeline/venv/lib/python3.10/site-packages/airflow/example_dags/example_external_task_marker_dag.py for tasks to queue
[2025-02-17T22:35:39.293-0600] {logging_mixin.py:190} INFO - [2025-02-17T22:35:39.292-0600] {dagbag.py:588} INFO - Filling up the DagBag from /home/dataScience/Projects/Pipeline/venv/lib/python3.10/site-packages/airflow/example_dags/example_external_task_marker_dag.py
[2025-02-17T22:35:39.303-0600] {processor.py:925} INFO - DAG(s) 'example_external_task_marker_parent', 'example_external_task_marker_child' retrieved from /home/dataScience/Projects/Pipeline/venv/lib/python3.10/site-packages/airflow/example_dags/example_external_task_marker_dag.py
[2025-02-17T22:35:39.325-0600] {logging_mixin.py:190} INFO - [2025-02-17T22:35:39.324-0600] {dag.py:3239} INFO - Sync 2 DAGs
[2025-02-17T22:35:39.340-0600] {logging_mixin.py:190} INFO - [2025-02-17T22:35:39.339-0600] {dag.py:4180} INFO - Setting next_dagrun for example_external_task_marker_child to None, run_after=None
[2025-02-17T22:35:39.344-0600] {logging_mixin.py:190} INFO - [2025-02-17T22:35:39.344-0600] {dag.py:4180} INFO - Setting next_dagrun for example_external_task_marker_parent to None, run_after=None
[2025-02-17T22:35:39.377-0600] {processor.py:208} INFO - Processing /home/dataScience/Projects/Pipeline/venv/lib/python3.10/site-packages/airflow/example_dags/example_external_task_marker_dag.py took 0.097 seconds
[2025-02-17T22:36:40.717-0600] {processor.py:186} INFO - Started process (PID=22900) to work on /home/dataScience/Projects/Pipeline/venv/lib/python3.10/site-packages/airflow/example_dags/example_external_task_marker_dag.py
[2025-02-17T22:36:40.718-0600] {processor.py:914} INFO - Processing file /home/dataScience/Projects/Pipeline/venv/lib/python3.10/site-packages/airflow/example_dags/example_external_task_marker_dag.py for tasks to queue
[2025-02-17T22:36:40.721-0600] {logging_mixin.py:190} INFO - [2025-02-17T22:36:40.720-0600] {dagbag.py:588} INFO - Filling up the DagBag from /home/dataScience/Projects/Pipeline/venv/lib/python3.10/site-packages/airflow/example_dags/example_external_task_marker_dag.py
[2025-02-17T22:36:40.731-0600] {processor.py:925} INFO - DAG(s) 'example_external_task_marker_child', 'example_external_task_marker_parent' retrieved from /home/dataScience/Projects/Pipeline/venv/lib/python3.10/site-packages/airflow/example_dags/example_external_task_marker_dag.py
[2025-02-17T22:36:40.753-0600] {logging_mixin.py:190} INFO - [2025-02-17T22:36:40.752-0600] {dag.py:3239} INFO - Sync 2 DAGs
[2025-02-17T22:36:40.769-0600] {logging_mixin.py:190} INFO - [2025-02-17T22:36:40.768-0600] {dag.py:4180} INFO - Setting next_dagrun for example_external_task_marker_child to None, run_after=None
[2025-02-17T22:36:40.774-0600] {logging_mixin.py:190} INFO - [2025-02-17T22:36:40.773-0600] {dag.py:4180} INFO - Setting next_dagrun for example_external_task_marker_parent to None, run_after=None
[2025-02-17T22:36:40.807-0600] {processor.py:208} INFO - Processing /home/dataScience/Projects/Pipeline/venv/lib/python3.10/site-packages/airflow/example_dags/example_external_task_marker_dag.py took 0.097 seconds
[2025-02-17T22:37:37.977-0600] {processor.py:186} INFO - Started process (PID=23383) to work on /home/dataScience/Projects/Pipeline/venv/lib/python3.10/site-packages/airflow/example_dags/example_external_task_marker_dag.py
[2025-02-17T22:37:37.979-0600] {processor.py:914} INFO - Processing file /home/dataScience/Projects/Pipeline/venv/lib/python3.10/site-packages/airflow/example_dags/example_external_task_marker_dag.py for tasks to queue
[2025-02-17T22:37:37.981-0600] {logging_mixin.py:190} INFO - [2025-02-17T22:37:37.981-0600] {dagbag.py:588} INFO - Filling up the DagBag from /home/dataScience/Projects/Pipeline/venv/lib/python3.10/site-packages/airflow/example_dags/example_external_task_marker_dag.py
[2025-02-17T22:37:37.991-0600] {processor.py:925} INFO - DAG(s) 'example_external_task_marker_parent', 'example_external_task_marker_child' retrieved from /home/dataScience/Projects/Pipeline/venv/lib/python3.10/site-packages/airflow/example_dags/example_external_task_marker_dag.py
[2025-02-17T22:37:38.013-0600] {logging_mixin.py:190} INFO - [2025-02-17T22:37:38.013-0600] {dag.py:3239} INFO - Sync 2 DAGs
[2025-02-17T22:37:38.029-0600] {logging_mixin.py:190} INFO - [2025-02-17T22:37:38.028-0600] {dag.py:4180} INFO - Setting next_dagrun for example_external_task_marker_child to None, run_after=None
[2025-02-17T22:37:38.033-0600] {logging_mixin.py:190} INFO - [2025-02-17T22:37:38.033-0600] {dag.py:4180} INFO - Setting next_dagrun for example_external_task_marker_parent to None, run_after=None
[2025-02-17T22:37:38.061-0600] {processor.py:208} INFO - Processing /home/dataScience/Projects/Pipeline/venv/lib/python3.10/site-packages/airflow/example_dags/example_external_task_marker_dag.py took 0.091 seconds
[2025-02-17T22:38:46.011-0600] {processor.py:186} INFO - Started process (PID=23940) to work on /home/dataScience/Projects/Pipeline/venv/lib/python3.10/site-packages/airflow/example_dags/example_external_task_marker_dag.py
[2025-02-17T22:38:46.012-0600] {processor.py:914} INFO - Processing file /home/dataScience/Projects/Pipeline/venv/lib/python3.10/site-packages/airflow/example_dags/example_external_task_marker_dag.py for tasks to queue
[2025-02-17T22:38:46.017-0600] {logging_mixin.py:190} INFO - [2025-02-17T22:38:46.017-0600] {dagbag.py:588} INFO - Filling up the DagBag from /home/dataScience/Projects/Pipeline/venv/lib/python3.10/site-packages/airflow/example_dags/example_external_task_marker_dag.py
[2025-02-17T22:38:46.028-0600] {processor.py:925} INFO - DAG(s) 'example_external_task_marker_child', 'example_external_task_marker_parent' retrieved from /home/dataScience/Projects/Pipeline/venv/lib/python3.10/site-packages/airflow/example_dags/example_external_task_marker_dag.py
[2025-02-17T22:38:46.057-0600] {logging_mixin.py:190} INFO - [2025-02-17T22:38:46.057-0600] {dag.py:3239} INFO - Sync 2 DAGs
[2025-02-17T22:38:46.076-0600] {logging_mixin.py:190} INFO - [2025-02-17T22:38:46.075-0600] {dag.py:4180} INFO - Setting next_dagrun for example_external_task_marker_child to None, run_after=None
[2025-02-17T22:38:46.080-0600] {logging_mixin.py:190} INFO - [2025-02-17T22:38:46.079-0600] {dag.py:4180} INFO - Setting next_dagrun for example_external_task_marker_parent to None, run_after=None
[2025-02-17T22:38:46.111-0600] {processor.py:208} INFO - Processing /home/dataScience/Projects/Pipeline/venv/lib/python3.10/site-packages/airflow/example_dags/example_external_task_marker_dag.py took 0.108 seconds
[2025-02-17T22:39:47.647-0600] {processor.py:186} INFO - Started process (PID=24453) to work on /home/dataScience/Projects/Pipeline/venv/lib/python3.10/site-packages/airflow/example_dags/example_external_task_marker_dag.py
[2025-02-17T22:39:47.649-0600] {processor.py:914} INFO - Processing file /home/dataScience/Projects/Pipeline/venv/lib/python3.10/site-packages/airflow/example_dags/example_external_task_marker_dag.py for tasks to queue
[2025-02-17T22:39:47.653-0600] {logging_mixin.py:190} INFO - [2025-02-17T22:39:47.652-0600] {dagbag.py:588} INFO - Filling up the DagBag from /home/dataScience/Projects/Pipeline/venv/lib/python3.10/site-packages/airflow/example_dags/example_external_task_marker_dag.py
[2025-02-17T22:39:47.665-0600] {processor.py:925} INFO - DAG(s) 'example_external_task_marker_child', 'example_external_task_marker_parent' retrieved from /home/dataScience/Projects/Pipeline/venv/lib/python3.10/site-packages/airflow/example_dags/example_external_task_marker_dag.py
[2025-02-17T22:39:47.716-0600] {logging_mixin.py:190} INFO - [2025-02-17T22:39:47.715-0600] {dag.py:3239} INFO - Sync 2 DAGs
[2025-02-17T22:39:47.769-0600] {logging_mixin.py:190} INFO - [2025-02-17T22:39:47.769-0600] {dag.py:4180} INFO - Setting next_dagrun for example_external_task_marker_child to None, run_after=None
[2025-02-17T22:39:47.775-0600] {logging_mixin.py:190} INFO - [2025-02-17T22:39:47.774-0600] {dag.py:4180} INFO - Setting next_dagrun for example_external_task_marker_parent to None, run_after=None
[2025-02-17T22:39:47.820-0600] {processor.py:208} INFO - Processing /home/dataScience/Projects/Pipeline/venv/lib/python3.10/site-packages/airflow/example_dags/example_external_task_marker_dag.py took 0.181 seconds
[2025-02-17T22:40:48.284-0600] {processor.py:186} INFO - Started process (PID=24957) to work on /home/dataScience/Projects/Pipeline/venv/lib/python3.10/site-packages/airflow/example_dags/example_external_task_marker_dag.py
[2025-02-17T22:40:48.286-0600] {processor.py:914} INFO - Processing file /home/dataScience/Projects/Pipeline/venv/lib/python3.10/site-packages/airflow/example_dags/example_external_task_marker_dag.py for tasks to queue
[2025-02-17T22:40:48.289-0600] {logging_mixin.py:190} INFO - [2025-02-17T22:40:48.288-0600] {dagbag.py:588} INFO - Filling up the DagBag from /home/dataScience/Projects/Pipeline/venv/lib/python3.10/site-packages/airflow/example_dags/example_external_task_marker_dag.py
[2025-02-17T22:40:48.300-0600] {processor.py:925} INFO - DAG(s) 'example_external_task_marker_child', 'example_external_task_marker_parent' retrieved from /home/dataScience/Projects/Pipeline/venv/lib/python3.10/site-packages/airflow/example_dags/example_external_task_marker_dag.py
[2025-02-17T22:40:48.323-0600] {logging_mixin.py:190} INFO - [2025-02-17T22:40:48.322-0600] {dag.py:3239} INFO - Sync 2 DAGs
[2025-02-17T22:40:48.339-0600] {logging_mixin.py:190} INFO - [2025-02-17T22:40:48.338-0600] {dag.py:4180} INFO - Setting next_dagrun for example_external_task_marker_child to None, run_after=None
[2025-02-17T22:40:48.343-0600] {logging_mixin.py:190} INFO - [2025-02-17T22:40:48.343-0600] {dag.py:4180} INFO - Setting next_dagrun for example_external_task_marker_parent to None, run_after=None
[2025-02-17T22:40:48.374-0600] {processor.py:208} INFO - Processing /home/dataScience/Projects/Pipeline/venv/lib/python3.10/site-packages/airflow/example_dags/example_external_task_marker_dag.py took 0.099 seconds
