[2025-02-17T22:32:06.958-0600] {processor.py:186} INFO - Started process (PID=20011) to work on /home/dataScience/Projects/Pipeline/venv/lib/python3.10/site-packages/airflow/example_dags/example_subdag_operator.py
[2025-02-17T22:32:06.960-0600] {processor.py:914} INFO - Processing file /home/dataScience/Projects/Pipeline/venv/lib/python3.10/site-packages/airflow/example_dags/example_subdag_operator.py for tasks to queue
[2025-02-17T22:32:06.962-0600] {logging_mixin.py:190} INFO - [2025-02-17T22:32:06.962-0600] {dagbag.py:588} INFO - Filling up the DagBag from /home/dataScience/Projects/Pipeline/venv/lib/python3.10/site-packages/airflow/example_dags/example_subdag_operator.py
[2025-02-17T22:32:06.990-0600] {processor.py:925} INFO - DAG(s) 'example_subdag_operator.section-1', 'example_subdag_operator.section-2', 'example_subdag_operator' retrieved from /home/dataScience/Projects/Pipeline/venv/lib/python3.10/site-packages/airflow/example_dags/example_subdag_operator.py
[2025-02-17T22:32:07.238-0600] {logging_mixin.py:190} INFO - [2025-02-17T22:32:07.237-0600] {override.py:1930} INFO - Created Permission View: can delete on DAG:example_subdag_operator
[2025-02-17T22:32:07.255-0600] {logging_mixin.py:190} INFO - [2025-02-17T22:32:07.255-0600] {override.py:1930} INFO - Created Permission View: can edit on DAG:example_subdag_operator
[2025-02-17T22:32:07.270-0600] {logging_mixin.py:190} INFO - [2025-02-17T22:32:07.270-0600] {override.py:1930} INFO - Created Permission View: can read on DAG:example_subdag_operator
[2025-02-17T22:32:07.292-0600] {logging_mixin.py:190} INFO - [2025-02-17T22:32:07.291-0600] {override.py:1930} INFO - Created Permission View: can create on DAG Run:example_subdag_operator
[2025-02-17T22:32:07.308-0600] {logging_mixin.py:190} INFO - [2025-02-17T22:32:07.307-0600] {override.py:1930} INFO - Created Permission View: can delete on DAG Run:example_subdag_operator
[2025-02-17T22:32:07.327-0600] {logging_mixin.py:190} INFO - [2025-02-17T22:32:07.326-0600] {override.py:1930} INFO - Created Permission View: menu access on DAG Run:example_subdag_operator
[2025-02-17T22:32:07.346-0600] {logging_mixin.py:190} INFO - [2025-02-17T22:32:07.345-0600] {override.py:1930} INFO - Created Permission View: can read on DAG Run:example_subdag_operator
[2025-02-17T22:32:07.347-0600] {logging_mixin.py:190} INFO - [2025-02-17T22:32:07.346-0600] {dag.py:3239} INFO - Sync 3 DAGs
[2025-02-17T22:32:07.368-0600] {logging_mixin.py:190} INFO - [2025-02-17T22:32:07.368-0600] {dag.py:3262} INFO - Creating ORM DAG for example_subdag_operator.section-1
[2025-02-17T22:32:07.369-0600] {logging_mixin.py:190} INFO - [2025-02-17T22:32:07.369-0600] {dag.py:3262} INFO - Creating ORM DAG for example_subdag_operator
[2025-02-17T22:32:07.369-0600] {logging_mixin.py:190} INFO - [2025-02-17T22:32:07.369-0600] {dag.py:3262} INFO - Creating ORM DAG for example_subdag_operator.section-2
[2025-02-17T22:32:07.385-0600] {logging_mixin.py:190} INFO - [2025-02-17T22:32:07.384-0600] {dag.py:4180} INFO - Setting next_dagrun for example_subdag_operator to 2022-01-01 00:00:00+00:00, run_after=2022-01-01 00:00:00+00:00
[2025-02-17T22:32:07.385-0600] {logging_mixin.py:190} INFO - [2025-02-17T22:32:07.385-0600] {dag.py:4180} INFO - Setting next_dagrun for example_subdag_operator.section-1 to None, run_after=None
[2025-02-17T22:32:07.386-0600] {logging_mixin.py:190} INFO - [2025-02-17T22:32:07.386-0600] {dag.py:4180} INFO - Setting next_dagrun for example_subdag_operator.section-2 to None, run_after=None
[2025-02-17T22:32:07.400-0600] {logging_mixin.py:190} INFO - [2025-02-17T22:32:07.400-0600] {dag.py:3239} INFO - Sync 2 DAGs
[2025-02-17T22:32:07.409-0600] {logging_mixin.py:190} INFO - [2025-02-17T22:32:07.409-0600] {dag.py:4180} INFO - Setting next_dagrun for example_subdag_operator.section-1 to None, run_after=None
[2025-02-17T22:32:07.413-0600] {logging_mixin.py:190} INFO - [2025-02-17T22:32:07.413-0600] {dag.py:4180} INFO - Setting next_dagrun for example_subdag_operator.section-2 to None, run_after=None
[2025-02-17T22:32:07.440-0600] {processor.py:208} INFO - Processing /home/dataScience/Projects/Pipeline/venv/lib/python3.10/site-packages/airflow/example_dags/example_subdag_operator.py took 0.488 seconds
[2025-02-17T22:33:19.837-0600] {processor.py:186} INFO - Started process (PID=20861) to work on /home/dataScience/Projects/Pipeline/venv/lib/python3.10/site-packages/airflow/example_dags/example_subdag_operator.py
[2025-02-17T22:33:19.839-0600] {processor.py:914} INFO - Processing file /home/dataScience/Projects/Pipeline/venv/lib/python3.10/site-packages/airflow/example_dags/example_subdag_operator.py for tasks to queue
[2025-02-17T22:33:19.841-0600] {logging_mixin.py:190} INFO - [2025-02-17T22:33:19.840-0600] {dagbag.py:588} INFO - Filling up the DagBag from /home/dataScience/Projects/Pipeline/venv/lib/python3.10/site-packages/airflow/example_dags/example_subdag_operator.py
[2025-02-17T22:33:19.872-0600] {processor.py:925} INFO - DAG(s) 'example_subdag_operator.section-1', 'example_subdag_operator.section-2', 'example_subdag_operator' retrieved from /home/dataScience/Projects/Pipeline/venv/lib/python3.10/site-packages/airflow/example_dags/example_subdag_operator.py
[2025-02-17T22:33:19.894-0600] {logging_mixin.py:190} INFO - [2025-02-17T22:33:19.894-0600] {dag.py:3239} INFO - Sync 3 DAGs
[2025-02-17T22:33:19.918-0600] {logging_mixin.py:190} INFO - [2025-02-17T22:33:19.917-0600] {dag.py:4180} INFO - Setting next_dagrun for example_subdag_operator to 2022-01-01 00:00:00+00:00, run_after=2022-01-01 00:00:00+00:00
[2025-02-17T22:33:19.922-0600] {logging_mixin.py:190} INFO - [2025-02-17T22:33:19.921-0600] {dag.py:4180} INFO - Setting next_dagrun for example_subdag_operator.section-1 to None, run_after=None
[2025-02-17T22:33:19.923-0600] {logging_mixin.py:190} INFO - [2025-02-17T22:33:19.923-0600] {dag.py:4180} INFO - Setting next_dagrun for example_subdag_operator.section-2 to None, run_after=None
[2025-02-17T22:33:19.934-0600] {logging_mixin.py:190} INFO - [2025-02-17T22:33:19.933-0600] {dag.py:3239} INFO - Sync 2 DAGs
[2025-02-17T22:33:19.940-0600] {logging_mixin.py:190} INFO - [2025-02-17T22:33:19.940-0600] {dag.py:4180} INFO - Setting next_dagrun for example_subdag_operator.section-1 to None, run_after=None
[2025-02-17T22:33:19.940-0600] {logging_mixin.py:190} INFO - [2025-02-17T22:33:19.940-0600] {dag.py:4180} INFO - Setting next_dagrun for example_subdag_operator.section-2 to None, run_after=None
[2025-02-17T22:33:19.963-0600] {processor.py:208} INFO - Processing /home/dataScience/Projects/Pipeline/venv/lib/python3.10/site-packages/airflow/example_dags/example_subdag_operator.py took 0.133 seconds
[2025-02-17T22:34:22.623-0600] {processor.py:186} INFO - Started process (PID=21514) to work on /home/dataScience/Projects/Pipeline/venv/lib/python3.10/site-packages/airflow/example_dags/example_subdag_operator.py
[2025-02-17T22:34:22.624-0600] {processor.py:914} INFO - Processing file /home/dataScience/Projects/Pipeline/venv/lib/python3.10/site-packages/airflow/example_dags/example_subdag_operator.py for tasks to queue
[2025-02-17T22:34:22.627-0600] {logging_mixin.py:190} INFO - [2025-02-17T22:34:22.626-0600] {dagbag.py:588} INFO - Filling up the DagBag from /home/dataScience/Projects/Pipeline/venv/lib/python3.10/site-packages/airflow/example_dags/example_subdag_operator.py
[2025-02-17T22:34:22.653-0600] {processor.py:925} INFO - DAG(s) 'example_subdag_operator.section-1', 'example_subdag_operator.section-2', 'example_subdag_operator' retrieved from /home/dataScience/Projects/Pipeline/venv/lib/python3.10/site-packages/airflow/example_dags/example_subdag_operator.py
[2025-02-17T22:34:22.670-0600] {logging_mixin.py:190} INFO - [2025-02-17T22:34:22.670-0600] {dag.py:3239} INFO - Sync 3 DAGs
[2025-02-17T22:34:22.692-0600] {logging_mixin.py:190} INFO - [2025-02-17T22:34:22.692-0600] {dag.py:4180} INFO - Setting next_dagrun for example_subdag_operator to 2022-01-01 00:00:00+00:00, run_after=2022-01-01 00:00:00+00:00
[2025-02-17T22:34:22.696-0600] {logging_mixin.py:190} INFO - [2025-02-17T22:34:22.696-0600] {dag.py:4180} INFO - Setting next_dagrun for example_subdag_operator.section-1 to None, run_after=None
[2025-02-17T22:34:22.697-0600] {logging_mixin.py:190} INFO - [2025-02-17T22:34:22.697-0600] {dag.py:4180} INFO - Setting next_dagrun for example_subdag_operator.section-2 to None, run_after=None
[2025-02-17T22:34:22.705-0600] {logging_mixin.py:190} INFO - [2025-02-17T22:34:22.705-0600] {dag.py:3239} INFO - Sync 2 DAGs
[2025-02-17T22:34:22.713-0600] {logging_mixin.py:190} INFO - [2025-02-17T22:34:22.713-0600] {dag.py:4180} INFO - Setting next_dagrun for example_subdag_operator.section-1 to None, run_after=None
[2025-02-17T22:34:22.713-0600] {logging_mixin.py:190} INFO - [2025-02-17T22:34:22.713-0600] {dag.py:4180} INFO - Setting next_dagrun for example_subdag_operator.section-2 to None, run_after=None
[2025-02-17T22:34:22.733-0600] {processor.py:208} INFO - Processing /home/dataScience/Projects/Pipeline/venv/lib/python3.10/site-packages/airflow/example_dags/example_subdag_operator.py took 0.117 seconds
[2025-02-17T22:35:26.696-0600] {processor.py:186} INFO - Started process (PID=22170) to work on /home/dataScience/Projects/Pipeline/venv/lib/python3.10/site-packages/airflow/example_dags/example_subdag_operator.py
[2025-02-17T22:35:26.698-0600] {processor.py:914} INFO - Processing file /home/dataScience/Projects/Pipeline/venv/lib/python3.10/site-packages/airflow/example_dags/example_subdag_operator.py for tasks to queue
[2025-02-17T22:35:26.704-0600] {logging_mixin.py:190} INFO - [2025-02-17T22:35:26.703-0600] {dagbag.py:588} INFO - Filling up the DagBag from /home/dataScience/Projects/Pipeline/venv/lib/python3.10/site-packages/airflow/example_dags/example_subdag_operator.py
[2025-02-17T22:35:26.735-0600] {processor.py:925} INFO - DAG(s) 'example_subdag_operator.section-1', 'example_subdag_operator.section-2', 'example_subdag_operator' retrieved from /home/dataScience/Projects/Pipeline/venv/lib/python3.10/site-packages/airflow/example_dags/example_subdag_operator.py
[2025-02-17T22:35:26.754-0600] {logging_mixin.py:190} INFO - [2025-02-17T22:35:26.753-0600] {dag.py:3239} INFO - Sync 3 DAGs
[2025-02-17T22:35:26.777-0600] {logging_mixin.py:190} INFO - [2025-02-17T22:35:26.776-0600] {dag.py:4180} INFO - Setting next_dagrun for example_subdag_operator to 2022-01-01 00:00:00+00:00, run_after=2022-01-01 00:00:00+00:00
[2025-02-17T22:35:26.781-0600] {logging_mixin.py:190} INFO - [2025-02-17T22:35:26.780-0600] {dag.py:4180} INFO - Setting next_dagrun for example_subdag_operator.section-1 to None, run_after=None
[2025-02-17T22:35:26.782-0600] {logging_mixin.py:190} INFO - [2025-02-17T22:35:26.782-0600] {dag.py:4180} INFO - Setting next_dagrun for example_subdag_operator.section-2 to None, run_after=None
[2025-02-17T22:35:26.790-0600] {logging_mixin.py:190} INFO - [2025-02-17T22:35:26.789-0600] {dag.py:3239} INFO - Sync 2 DAGs
[2025-02-17T22:35:26.795-0600] {logging_mixin.py:190} INFO - [2025-02-17T22:35:26.795-0600] {dag.py:4180} INFO - Setting next_dagrun for example_subdag_operator.section-1 to None, run_after=None
[2025-02-17T22:35:26.796-0600] {logging_mixin.py:190} INFO - [2025-02-17T22:35:26.795-0600] {dag.py:4180} INFO - Setting next_dagrun for example_subdag_operator.section-2 to None, run_after=None
[2025-02-17T22:35:26.817-0600] {processor.py:208} INFO - Processing /home/dataScience/Projects/Pipeline/venv/lib/python3.10/site-packages/airflow/example_dags/example_subdag_operator.py took 0.129 seconds
[2025-02-17T22:36:27.857-0600] {processor.py:186} INFO - Started process (PID=22707) to work on /home/dataScience/Projects/Pipeline/venv/lib/python3.10/site-packages/airflow/example_dags/example_subdag_operator.py
[2025-02-17T22:36:27.859-0600] {processor.py:914} INFO - Processing file /home/dataScience/Projects/Pipeline/venv/lib/python3.10/site-packages/airflow/example_dags/example_subdag_operator.py for tasks to queue
[2025-02-17T22:36:27.861-0600] {logging_mixin.py:190} INFO - [2025-02-17T22:36:27.861-0600] {dagbag.py:588} INFO - Filling up the DagBag from /home/dataScience/Projects/Pipeline/venv/lib/python3.10/site-packages/airflow/example_dags/example_subdag_operator.py
[2025-02-17T22:36:27.888-0600] {processor.py:925} INFO - DAG(s) 'example_subdag_operator.section-1', 'example_subdag_operator.section-2', 'example_subdag_operator' retrieved from /home/dataScience/Projects/Pipeline/venv/lib/python3.10/site-packages/airflow/example_dags/example_subdag_operator.py
[2025-02-17T22:36:27.906-0600] {logging_mixin.py:190} INFO - [2025-02-17T22:36:27.906-0600] {dag.py:3239} INFO - Sync 3 DAGs
[2025-02-17T22:36:27.931-0600] {logging_mixin.py:190} INFO - [2025-02-17T22:36:27.931-0600] {dag.py:4180} INFO - Setting next_dagrun for example_subdag_operator to 2022-01-01 00:00:00+00:00, run_after=2022-01-01 00:00:00+00:00
[2025-02-17T22:36:27.936-0600] {logging_mixin.py:190} INFO - [2025-02-17T22:36:27.935-0600] {dag.py:4180} INFO - Setting next_dagrun for example_subdag_operator.section-1 to None, run_after=None
[2025-02-17T22:36:27.937-0600] {logging_mixin.py:190} INFO - [2025-02-17T22:36:27.937-0600] {dag.py:4180} INFO - Setting next_dagrun for example_subdag_operator.section-2 to None, run_after=None
[2025-02-17T22:36:27.946-0600] {logging_mixin.py:190} INFO - [2025-02-17T22:36:27.945-0600] {dag.py:3239} INFO - Sync 2 DAGs
[2025-02-17T22:36:27.953-0600] {logging_mixin.py:190} INFO - [2025-02-17T22:36:27.953-0600] {dag.py:4180} INFO - Setting next_dagrun for example_subdag_operator.section-1 to None, run_after=None
[2025-02-17T22:36:27.953-0600] {logging_mixin.py:190} INFO - [2025-02-17T22:36:27.953-0600] {dag.py:4180} INFO - Setting next_dagrun for example_subdag_operator.section-2 to None, run_after=None
[2025-02-17T22:36:27.976-0600] {processor.py:208} INFO - Processing /home/dataScience/Projects/Pipeline/venv/lib/python3.10/site-packages/airflow/example_dags/example_subdag_operator.py took 0.126 seconds
[2025-02-17T22:37:26.556-0600] {processor.py:186} INFO - Started process (PID=23237) to work on /home/dataScience/Projects/Pipeline/venv/lib/python3.10/site-packages/airflow/example_dags/example_subdag_operator.py
[2025-02-17T22:37:26.558-0600] {processor.py:914} INFO - Processing file /home/dataScience/Projects/Pipeline/venv/lib/python3.10/site-packages/airflow/example_dags/example_subdag_operator.py for tasks to queue
[2025-02-17T22:37:26.561-0600] {logging_mixin.py:190} INFO - [2025-02-17T22:37:26.560-0600] {dagbag.py:588} INFO - Filling up the DagBag from /home/dataScience/Projects/Pipeline/venv/lib/python3.10/site-packages/airflow/example_dags/example_subdag_operator.py
[2025-02-17T22:37:26.588-0600] {processor.py:925} INFO - DAG(s) 'example_subdag_operator.section-1', 'example_subdag_operator.section-2', 'example_subdag_operator' retrieved from /home/dataScience/Projects/Pipeline/venv/lib/python3.10/site-packages/airflow/example_dags/example_subdag_operator.py
[2025-02-17T22:37:26.606-0600] {logging_mixin.py:190} INFO - [2025-02-17T22:37:26.606-0600] {dag.py:3239} INFO - Sync 3 DAGs
[2025-02-17T22:37:26.630-0600] {logging_mixin.py:190} INFO - [2025-02-17T22:37:26.630-0600] {dag.py:4180} INFO - Setting next_dagrun for example_subdag_operator to 2022-01-01 00:00:00+00:00, run_after=2022-01-01 00:00:00+00:00
[2025-02-17T22:37:26.634-0600] {logging_mixin.py:190} INFO - [2025-02-17T22:37:26.634-0600] {dag.py:4180} INFO - Setting next_dagrun for example_subdag_operator.section-1 to None, run_after=None
[2025-02-17T22:37:26.636-0600] {logging_mixin.py:190} INFO - [2025-02-17T22:37:26.635-0600] {dag.py:4180} INFO - Setting next_dagrun for example_subdag_operator.section-2 to None, run_after=None
[2025-02-17T22:37:26.644-0600] {logging_mixin.py:190} INFO - [2025-02-17T22:37:26.643-0600] {dag.py:3239} INFO - Sync 2 DAGs
[2025-02-17T22:37:26.649-0600] {logging_mixin.py:190} INFO - [2025-02-17T22:37:26.649-0600] {dag.py:4180} INFO - Setting next_dagrun for example_subdag_operator.section-1 to None, run_after=None
[2025-02-17T22:37:26.650-0600] {logging_mixin.py:190} INFO - [2025-02-17T22:37:26.649-0600] {dag.py:4180} INFO - Setting next_dagrun for example_subdag_operator.section-2 to None, run_after=None
[2025-02-17T22:37:26.670-0600] {processor.py:208} INFO - Processing /home/dataScience/Projects/Pipeline/venv/lib/python3.10/site-packages/airflow/example_dags/example_subdag_operator.py took 0.122 seconds
[2025-02-17T22:38:22.596-0600] {processor.py:186} INFO - Started process (PID=23708) to work on /home/dataScience/Projects/Pipeline/venv/lib/python3.10/site-packages/airflow/example_dags/example_subdag_operator.py
[2025-02-17T22:38:22.598-0600] {processor.py:914} INFO - Processing file /home/dataScience/Projects/Pipeline/venv/lib/python3.10/site-packages/airflow/example_dags/example_subdag_operator.py for tasks to queue
[2025-02-17T22:38:22.603-0600] {logging_mixin.py:190} INFO - [2025-02-17T22:38:22.602-0600] {dagbag.py:588} INFO - Filling up the DagBag from /home/dataScience/Projects/Pipeline/venv/lib/python3.10/site-packages/airflow/example_dags/example_subdag_operator.py
[2025-02-17T22:38:22.635-0600] {processor.py:925} INFO - DAG(s) 'example_subdag_operator.section-1', 'example_subdag_operator.section-2', 'example_subdag_operator' retrieved from /home/dataScience/Projects/Pipeline/venv/lib/python3.10/site-packages/airflow/example_dags/example_subdag_operator.py
[2025-02-17T22:38:22.657-0600] {logging_mixin.py:190} INFO - [2025-02-17T22:38:22.657-0600] {dag.py:3239} INFO - Sync 3 DAGs
[2025-02-17T22:38:22.694-0600] {logging_mixin.py:190} INFO - [2025-02-17T22:38:22.694-0600] {dag.py:4180} INFO - Setting next_dagrun for example_subdag_operator to 2022-01-01 00:00:00+00:00, run_after=2022-01-01 00:00:00+00:00
[2025-02-17T22:38:22.699-0600] {logging_mixin.py:190} INFO - [2025-02-17T22:38:22.698-0600] {dag.py:4180} INFO - Setting next_dagrun for example_subdag_operator.section-1 to None, run_after=None
[2025-02-17T22:38:22.701-0600] {logging_mixin.py:190} INFO - [2025-02-17T22:38:22.701-0600] {dag.py:4180} INFO - Setting next_dagrun for example_subdag_operator.section-2 to None, run_after=None
[2025-02-17T22:38:22.714-0600] {logging_mixin.py:190} INFO - [2025-02-17T22:38:22.714-0600] {dag.py:3239} INFO - Sync 2 DAGs
[2025-02-17T22:38:22.723-0600] {logging_mixin.py:190} INFO - [2025-02-17T22:38:22.723-0600] {dag.py:4180} INFO - Setting next_dagrun for example_subdag_operator.section-1 to None, run_after=None
[2025-02-17T22:38:22.724-0600] {logging_mixin.py:190} INFO - [2025-02-17T22:38:22.724-0600] {dag.py:4180} INFO - Setting next_dagrun for example_subdag_operator.section-2 to None, run_after=None
[2025-02-17T22:38:22.753-0600] {processor.py:208} INFO - Processing /home/dataScience/Projects/Pipeline/venv/lib/python3.10/site-packages/airflow/example_dags/example_subdag_operator.py took 0.164 seconds
[2025-02-17T22:39:26.504-0600] {processor.py:186} INFO - Started process (PID=24236) to work on /home/dataScience/Projects/Pipeline/venv/lib/python3.10/site-packages/airflow/example_dags/example_subdag_operator.py
[2025-02-17T22:39:26.507-0600] {processor.py:914} INFO - Processing file /home/dataScience/Projects/Pipeline/venv/lib/python3.10/site-packages/airflow/example_dags/example_subdag_operator.py for tasks to queue
[2025-02-17T22:39:26.510-0600] {logging_mixin.py:190} INFO - [2025-02-17T22:39:26.509-0600] {dagbag.py:588} INFO - Filling up the DagBag from /home/dataScience/Projects/Pipeline/venv/lib/python3.10/site-packages/airflow/example_dags/example_subdag_operator.py
[2025-02-17T22:39:26.540-0600] {processor.py:925} INFO - DAG(s) 'example_subdag_operator.section-1', 'example_subdag_operator.section-2', 'example_subdag_operator' retrieved from /home/dataScience/Projects/Pipeline/venv/lib/python3.10/site-packages/airflow/example_dags/example_subdag_operator.py
[2025-02-17T22:39:26.563-0600] {logging_mixin.py:190} INFO - [2025-02-17T22:39:26.562-0600] {dag.py:3239} INFO - Sync 3 DAGs
[2025-02-17T22:39:26.591-0600] {logging_mixin.py:190} INFO - [2025-02-17T22:39:26.591-0600] {dag.py:4180} INFO - Setting next_dagrun for example_subdag_operator to 2022-01-01 00:00:00+00:00, run_after=2022-01-01 00:00:00+00:00
[2025-02-17T22:39:26.596-0600] {logging_mixin.py:190} INFO - [2025-02-17T22:39:26.595-0600] {dag.py:4180} INFO - Setting next_dagrun for example_subdag_operator.section-1 to None, run_after=None
[2025-02-17T22:39:26.598-0600] {logging_mixin.py:190} INFO - [2025-02-17T22:39:26.598-0600] {dag.py:4180} INFO - Setting next_dagrun for example_subdag_operator.section-2 to None, run_after=None
[2025-02-17T22:39:26.606-0600] {logging_mixin.py:190} INFO - [2025-02-17T22:39:26.606-0600] {dag.py:3239} INFO - Sync 2 DAGs
[2025-02-17T22:39:26.613-0600] {logging_mixin.py:190} INFO - [2025-02-17T22:39:26.612-0600] {dag.py:4180} INFO - Setting next_dagrun for example_subdag_operator.section-1 to None, run_after=None
[2025-02-17T22:39:26.613-0600] {logging_mixin.py:190} INFO - [2025-02-17T22:39:26.613-0600] {dag.py:4180} INFO - Setting next_dagrun for example_subdag_operator.section-2 to None, run_after=None
[2025-02-17T22:39:26.637-0600] {processor.py:208} INFO - Processing /home/dataScience/Projects/Pipeline/venv/lib/python3.10/site-packages/airflow/example_dags/example_subdag_operator.py took 0.142 seconds
[2025-02-17T22:40:24.983-0600] {processor.py:186} INFO - Started process (PID=24724) to work on /home/dataScience/Projects/Pipeline/venv/lib/python3.10/site-packages/airflow/example_dags/example_subdag_operator.py
[2025-02-17T22:40:24.986-0600] {processor.py:914} INFO - Processing file /home/dataScience/Projects/Pipeline/venv/lib/python3.10/site-packages/airflow/example_dags/example_subdag_operator.py for tasks to queue
[2025-02-17T22:40:24.989-0600] {logging_mixin.py:190} INFO - [2025-02-17T22:40:24.989-0600] {dagbag.py:588} INFO - Filling up the DagBag from /home/dataScience/Projects/Pipeline/venv/lib/python3.10/site-packages/airflow/example_dags/example_subdag_operator.py
[2025-02-17T22:40:25.020-0600] {processor.py:925} INFO - DAG(s) 'example_subdag_operator.section-1', 'example_subdag_operator.section-2', 'example_subdag_operator' retrieved from /home/dataScience/Projects/Pipeline/venv/lib/python3.10/site-packages/airflow/example_dags/example_subdag_operator.py
[2025-02-17T22:40:25.040-0600] {logging_mixin.py:190} INFO - [2025-02-17T22:40:25.040-0600] {dag.py:3239} INFO - Sync 3 DAGs
[2025-02-17T22:40:25.066-0600] {logging_mixin.py:190} INFO - [2025-02-17T22:40:25.065-0600] {dag.py:4180} INFO - Setting next_dagrun for example_subdag_operator to 2022-01-01 00:00:00+00:00, run_after=2022-01-01 00:00:00+00:00
[2025-02-17T22:40:25.070-0600] {logging_mixin.py:190} INFO - [2025-02-17T22:40:25.069-0600] {dag.py:4180} INFO - Setting next_dagrun for example_subdag_operator.section-1 to None, run_after=None
[2025-02-17T22:40:25.071-0600] {logging_mixin.py:190} INFO - [2025-02-17T22:40:25.071-0600] {dag.py:4180} INFO - Setting next_dagrun for example_subdag_operator.section-2 to None, run_after=None
[2025-02-17T22:40:25.079-0600] {logging_mixin.py:190} INFO - [2025-02-17T22:40:25.078-0600] {dag.py:3239} INFO - Sync 2 DAGs
[2025-02-17T22:40:25.084-0600] {logging_mixin.py:190} INFO - [2025-02-17T22:40:25.084-0600] {dag.py:4180} INFO - Setting next_dagrun for example_subdag_operator.section-1 to None, run_after=None
[2025-02-17T22:40:25.084-0600] {logging_mixin.py:190} INFO - [2025-02-17T22:40:25.084-0600] {dag.py:4180} INFO - Setting next_dagrun for example_subdag_operator.section-2 to None, run_after=None
[2025-02-17T22:40:25.107-0600] {processor.py:208} INFO - Processing /home/dataScience/Projects/Pipeline/venv/lib/python3.10/site-packages/airflow/example_dags/example_subdag_operator.py took 0.134 seconds
[2025-02-17T22:41:26.520-0600] {processor.py:186} INFO - Started process (PID=25237) to work on /home/dataScience/Projects/Pipeline/venv/lib/python3.10/site-packages/airflow/example_dags/example_subdag_operator.py
[2025-02-17T22:41:26.522-0600] {processor.py:914} INFO - Processing file /home/dataScience/Projects/Pipeline/venv/lib/python3.10/site-packages/airflow/example_dags/example_subdag_operator.py for tasks to queue
[2025-02-17T22:41:26.527-0600] {logging_mixin.py:190} INFO - [2025-02-17T22:41:26.526-0600] {dagbag.py:588} INFO - Filling up the DagBag from /home/dataScience/Projects/Pipeline/venv/lib/python3.10/site-packages/airflow/example_dags/example_subdag_operator.py
[2025-02-17T22:41:26.560-0600] {processor.py:925} INFO - DAG(s) 'example_subdag_operator.section-1', 'example_subdag_operator.section-2', 'example_subdag_operator' retrieved from /home/dataScience/Projects/Pipeline/venv/lib/python3.10/site-packages/airflow/example_dags/example_subdag_operator.py
[2025-02-17T22:41:26.579-0600] {logging_mixin.py:190} INFO - [2025-02-17T22:41:26.579-0600] {dag.py:3239} INFO - Sync 3 DAGs
[2025-02-17T22:41:26.605-0600] {logging_mixin.py:190} INFO - [2025-02-17T22:41:26.605-0600] {dag.py:4180} INFO - Setting next_dagrun for example_subdag_operator to 2022-01-01 00:00:00+00:00, run_after=2022-01-01 00:00:00+00:00
[2025-02-17T22:41:26.612-0600] {logging_mixin.py:190} INFO - [2025-02-17T22:41:26.611-0600] {dag.py:4180} INFO - Setting next_dagrun for example_subdag_operator.section-1 to None, run_after=None
[2025-02-17T22:41:26.614-0600] {logging_mixin.py:190} INFO - [2025-02-17T22:41:26.613-0600] {dag.py:4180} INFO - Setting next_dagrun for example_subdag_operator.section-2 to None, run_after=None
[2025-02-17T22:41:26.621-0600] {logging_mixin.py:190} INFO - [2025-02-17T22:41:26.621-0600] {dag.py:3239} INFO - Sync 2 DAGs
[2025-02-17T22:41:26.629-0600] {logging_mixin.py:190} INFO - [2025-02-17T22:41:26.628-0600] {dag.py:4180} INFO - Setting next_dagrun for example_subdag_operator.section-1 to None, run_after=None
[2025-02-17T22:41:26.630-0600] {logging_mixin.py:190} INFO - [2025-02-17T22:41:26.630-0600] {dag.py:4180} INFO - Setting next_dagrun for example_subdag_operator.section-2 to None, run_after=None
[2025-02-17T22:41:26.657-0600] {processor.py:208} INFO - Processing /home/dataScience/Projects/Pipeline/venv/lib/python3.10/site-packages/airflow/example_dags/example_subdag_operator.py took 0.144 seconds
