[2025-02-17T22:31:32.437-0600] {processor.py:186} INFO - Started process (PID=19400) to work on /home/dataScience/Projects/Pipeline/venv/lib/python3.10/site-packages/airflow/example_dags/example_xcom.py
[2025-02-17T22:31:32.439-0600] {processor.py:914} INFO - Processing file /home/dataScience/Projects/Pipeline/venv/lib/python3.10/site-packages/airflow/example_dags/example_xcom.py for tasks to queue
[2025-02-17T22:31:32.443-0600] {logging_mixin.py:190} INFO - [2025-02-17T22:31:32.442-0600] {dagbag.py:588} INFO - Filling up the DagBag from /home/dataScience/Projects/Pipeline/venv/lib/python3.10/site-packages/airflow/example_dags/example_xcom.py
[2025-02-17T22:31:32.463-0600] {processor.py:925} INFO - DAG(s) 'example_xcom' retrieved from /home/dataScience/Projects/Pipeline/venv/lib/python3.10/site-packages/airflow/example_dags/example_xcom.py
[2025-02-17T22:31:32.826-0600] {logging_mixin.py:190} INFO - [2025-02-17T22:31:32.825-0600] {override.py:1930} INFO - Created Permission View: can delete on DAG:example_xcom
[2025-02-17T22:31:32.866-0600] {logging_mixin.py:190} INFO - [2025-02-17T22:31:32.865-0600] {override.py:1930} INFO - Created Permission View: can edit on DAG:example_xcom
[2025-02-17T22:31:32.884-0600] {logging_mixin.py:190} INFO - [2025-02-17T22:31:32.883-0600] {override.py:1930} INFO - Created Permission View: can read on DAG:example_xcom
[2025-02-17T22:31:32.925-0600] {logging_mixin.py:190} INFO - [2025-02-17T22:31:32.924-0600] {override.py:1930} INFO - Created Permission View: can create on DAG Run:example_xcom
[2025-02-17T22:31:32.940-0600] {logging_mixin.py:190} INFO - [2025-02-17T22:31:32.939-0600] {override.py:1930} INFO - Created Permission View: can delete on DAG Run:example_xcom
[2025-02-17T22:31:32.958-0600] {logging_mixin.py:190} INFO - [2025-02-17T22:31:32.957-0600] {override.py:1930} INFO - Created Permission View: menu access on DAG Run:example_xcom
[2025-02-17T22:31:32.973-0600] {logging_mixin.py:190} INFO - [2025-02-17T22:31:32.973-0600] {override.py:1930} INFO - Created Permission View: can read on DAG Run:example_xcom
[2025-02-17T22:31:32.974-0600] {logging_mixin.py:190} INFO - [2025-02-17T22:31:32.974-0600] {dag.py:3239} INFO - Sync 1 DAGs
[2025-02-17T22:31:33.000-0600] {logging_mixin.py:190} INFO - [2025-02-17T22:31:33.000-0600] {dag.py:3262} INFO - Creating ORM DAG for example_xcom
[2025-02-17T22:31:33.037-0600] {logging_mixin.py:190} INFO - [2025-02-17T22:31:33.036-0600] {dag.py:4180} INFO - Setting next_dagrun for example_xcom to 2021-01-01 00:00:00+00:00, run_after=2021-01-01 00:00:00+00:00
[2025-02-17T22:31:33.105-0600] {processor.py:208} INFO - Processing /home/dataScience/Projects/Pipeline/venv/lib/python3.10/site-packages/airflow/example_dags/example_xcom.py took 0.677 seconds
[2025-02-17T22:32:57.442-0600] {processor.py:186} INFO - Started process (PID=20551) to work on /home/dataScience/Projects/Pipeline/venv/lib/python3.10/site-packages/airflow/example_dags/example_xcom.py
[2025-02-17T22:32:57.443-0600] {processor.py:914} INFO - Processing file /home/dataScience/Projects/Pipeline/venv/lib/python3.10/site-packages/airflow/example_dags/example_xcom.py for tasks to queue
[2025-02-17T22:32:57.446-0600] {logging_mixin.py:190} INFO - [2025-02-17T22:32:57.445-0600] {dagbag.py:588} INFO - Filling up the DagBag from /home/dataScience/Projects/Pipeline/venv/lib/python3.10/site-packages/airflow/example_dags/example_xcom.py
[2025-02-17T22:32:57.580-0600] {processor.py:925} INFO - DAG(s) 'example_xcom' retrieved from /home/dataScience/Projects/Pipeline/venv/lib/python3.10/site-packages/airflow/example_dags/example_xcom.py
[2025-02-17T22:32:57.597-0600] {logging_mixin.py:190} INFO - [2025-02-17T22:32:57.596-0600] {dag.py:3239} INFO - Sync 1 DAGs
[2025-02-17T22:32:57.617-0600] {logging_mixin.py:190} INFO - [2025-02-17T22:32:57.617-0600] {dag.py:4180} INFO - Setting next_dagrun for example_xcom to 2021-01-01 00:00:00+00:00, run_after=2021-01-01 00:00:00+00:00
[2025-02-17T22:32:57.648-0600] {processor.py:208} INFO - Processing /home/dataScience/Projects/Pipeline/venv/lib/python3.10/site-packages/airflow/example_dags/example_xcom.py took 0.213 seconds
[2025-02-17T22:33:36.794-0600] {processor.py:186} INFO - Started process (PID=21051) to work on /home/dataScience/Projects/Pipeline/venv/lib/python3.10/site-packages/airflow/example_dags/example_xcom.py
[2025-02-17T22:33:36.796-0600] {processor.py:914} INFO - Processing file /home/dataScience/Projects/Pipeline/venv/lib/python3.10/site-packages/airflow/example_dags/example_xcom.py for tasks to queue
[2025-02-17T22:33:36.799-0600] {logging_mixin.py:190} INFO - [2025-02-17T22:33:36.799-0600] {dagbag.py:588} INFO - Filling up the DagBag from /home/dataScience/Projects/Pipeline/venv/lib/python3.10/site-packages/airflow/example_dags/example_xcom.py
[2025-02-17T22:33:36.811-0600] {processor.py:925} INFO - DAG(s) 'example_xcom' retrieved from /home/dataScience/Projects/Pipeline/venv/lib/python3.10/site-packages/airflow/example_dags/example_xcom.py
[2025-02-17T22:33:36.830-0600] {logging_mixin.py:190} INFO - [2025-02-17T22:33:36.829-0600] {dag.py:3239} INFO - Sync 1 DAGs
[2025-02-17T22:33:36.858-0600] {logging_mixin.py:190} INFO - [2025-02-17T22:33:36.858-0600] {dag.py:4180} INFO - Setting next_dagrun for example_xcom to 2021-01-01 00:00:00+00:00, run_after=2021-01-01 00:00:00+00:00
[2025-02-17T22:33:36.899-0600] {processor.py:208} INFO - Processing /home/dataScience/Projects/Pipeline/venv/lib/python3.10/site-packages/airflow/example_dags/example_xcom.py took 0.111 seconds
[2025-02-17T22:34:37.553-0600] {processor.py:186} INFO - Started process (PID=21690) to work on /home/dataScience/Projects/Pipeline/venv/lib/python3.10/site-packages/airflow/example_dags/example_xcom.py
[2025-02-17T22:34:37.555-0600] {processor.py:914} INFO - Processing file /home/dataScience/Projects/Pipeline/venv/lib/python3.10/site-packages/airflow/example_dags/example_xcom.py for tasks to queue
[2025-02-17T22:34:37.557-0600] {logging_mixin.py:190} INFO - [2025-02-17T22:34:37.556-0600] {dagbag.py:588} INFO - Filling up the DagBag from /home/dataScience/Projects/Pipeline/venv/lib/python3.10/site-packages/airflow/example_dags/example_xcom.py
[2025-02-17T22:34:37.568-0600] {processor.py:925} INFO - DAG(s) 'example_xcom' retrieved from /home/dataScience/Projects/Pipeline/venv/lib/python3.10/site-packages/airflow/example_dags/example_xcom.py
[2025-02-17T22:34:37.586-0600] {logging_mixin.py:190} INFO - [2025-02-17T22:34:37.586-0600] {dag.py:3239} INFO - Sync 1 DAGs
[2025-02-17T22:34:37.609-0600] {logging_mixin.py:190} INFO - [2025-02-17T22:34:37.609-0600] {dag.py:4180} INFO - Setting next_dagrun for example_xcom to 2021-01-01 00:00:00+00:00, run_after=2021-01-01 00:00:00+00:00
[2025-02-17T22:34:37.644-0600] {processor.py:208} INFO - Processing /home/dataScience/Projects/Pipeline/venv/lib/python3.10/site-packages/airflow/example_dags/example_xcom.py took 0.098 seconds
[2025-02-17T22:35:10.998-0600] {processor.py:186} INFO - Started process (PID=22057) to work on /home/dataScience/Projects/Pipeline/venv/lib/python3.10/site-packages/airflow/example_dags/example_xcom.py
[2025-02-17T22:35:11.000-0600] {processor.py:914} INFO - Processing file /home/dataScience/Projects/Pipeline/venv/lib/python3.10/site-packages/airflow/example_dags/example_xcom.py for tasks to queue
[2025-02-17T22:35:11.003-0600] {logging_mixin.py:190} INFO - [2025-02-17T22:35:11.002-0600] {dagbag.py:588} INFO - Filling up the DagBag from /home/dataScience/Projects/Pipeline/venv/lib/python3.10/site-packages/airflow/example_dags/example_xcom.py
[2025-02-17T22:35:11.014-0600] {processor.py:925} INFO - DAG(s) 'example_xcom' retrieved from /home/dataScience/Projects/Pipeline/venv/lib/python3.10/site-packages/airflow/example_dags/example_xcom.py
[2025-02-17T22:35:11.035-0600] {logging_mixin.py:190} INFO - [2025-02-17T22:35:11.034-0600] {dag.py:3239} INFO - Sync 1 DAGs
[2025-02-17T22:35:11.146-0600] {logging_mixin.py:190} INFO - [2025-02-17T22:35:11.145-0600] {dag.py:4180} INFO - Setting next_dagrun for example_xcom to 2021-01-01 00:00:00+00:00, run_after=2021-01-01 00:00:00+00:00
[2025-02-17T22:35:11.194-0600] {processor.py:208} INFO - Processing /home/dataScience/Projects/Pipeline/venv/lib/python3.10/site-packages/airflow/example_dags/example_xcom.py took 0.202 seconds
[2025-02-17T22:36:11.890-0600] {processor.py:186} INFO - Started process (PID=22561) to work on /home/dataScience/Projects/Pipeline/venv/lib/python3.10/site-packages/airflow/example_dags/example_xcom.py
[2025-02-17T22:36:11.892-0600] {processor.py:914} INFO - Processing file /home/dataScience/Projects/Pipeline/venv/lib/python3.10/site-packages/airflow/example_dags/example_xcom.py for tasks to queue
[2025-02-17T22:36:11.895-0600] {logging_mixin.py:190} INFO - [2025-02-17T22:36:11.894-0600] {dagbag.py:588} INFO - Filling up the DagBag from /home/dataScience/Projects/Pipeline/venv/lib/python3.10/site-packages/airflow/example_dags/example_xcom.py
[2025-02-17T22:36:11.909-0600] {processor.py:925} INFO - DAG(s) 'example_xcom' retrieved from /home/dataScience/Projects/Pipeline/venv/lib/python3.10/site-packages/airflow/example_dags/example_xcom.py
[2025-02-17T22:36:11.932-0600] {logging_mixin.py:190} INFO - [2025-02-17T22:36:11.932-0600] {dag.py:3239} INFO - Sync 1 DAGs
[2025-02-17T22:36:11.965-0600] {logging_mixin.py:190} INFO - [2025-02-17T22:36:11.965-0600] {dag.py:4180} INFO - Setting next_dagrun for example_xcom to 2021-01-01 00:00:00+00:00, run_after=2021-01-01 00:00:00+00:00
[2025-02-17T22:36:12.000-0600] {processor.py:208} INFO - Processing /home/dataScience/Projects/Pipeline/venv/lib/python3.10/site-packages/airflow/example_dags/example_xcom.py took 0.116 seconds
[2025-02-17T22:37:11.832-0600] {processor.py:186} INFO - Started process (PID=23128) to work on /home/dataScience/Projects/Pipeline/venv/lib/python3.10/site-packages/airflow/example_dags/example_xcom.py
[2025-02-17T22:37:11.835-0600] {processor.py:914} INFO - Processing file /home/dataScience/Projects/Pipeline/venv/lib/python3.10/site-packages/airflow/example_dags/example_xcom.py for tasks to queue
[2025-02-17T22:37:11.839-0600] {logging_mixin.py:190} INFO - [2025-02-17T22:37:11.838-0600] {dagbag.py:588} INFO - Filling up the DagBag from /home/dataScience/Projects/Pipeline/venv/lib/python3.10/site-packages/airflow/example_dags/example_xcom.py
[2025-02-17T22:37:11.857-0600] {processor.py:925} INFO - DAG(s) 'example_xcom' retrieved from /home/dataScience/Projects/Pipeline/venv/lib/python3.10/site-packages/airflow/example_dags/example_xcom.py
[2025-02-17T22:37:11.877-0600] {logging_mixin.py:190} INFO - [2025-02-17T22:37:11.876-0600] {dag.py:3239} INFO - Sync 1 DAGs
[2025-02-17T22:37:11.901-0600] {logging_mixin.py:190} INFO - [2025-02-17T22:37:11.901-0600] {dag.py:4180} INFO - Setting next_dagrun for example_xcom to 2021-01-01 00:00:00+00:00, run_after=2021-01-01 00:00:00+00:00
[2025-02-17T22:37:11.934-0600] {processor.py:208} INFO - Processing /home/dataScience/Projects/Pipeline/venv/lib/python3.10/site-packages/airflow/example_dags/example_xcom.py took 0.109 seconds
[2025-02-17T22:38:06.473-0600] {processor.py:186} INFO - Started process (PID=23593) to work on /home/dataScience/Projects/Pipeline/venv/lib/python3.10/site-packages/airflow/example_dags/example_xcom.py
[2025-02-17T22:38:06.475-0600] {processor.py:914} INFO - Processing file /home/dataScience/Projects/Pipeline/venv/lib/python3.10/site-packages/airflow/example_dags/example_xcom.py for tasks to queue
[2025-02-17T22:38:06.478-0600] {logging_mixin.py:190} INFO - [2025-02-17T22:38:06.477-0600] {dagbag.py:588} INFO - Filling up the DagBag from /home/dataScience/Projects/Pipeline/venv/lib/python3.10/site-packages/airflow/example_dags/example_xcom.py
[2025-02-17T22:38:06.490-0600] {processor.py:925} INFO - DAG(s) 'example_xcom' retrieved from /home/dataScience/Projects/Pipeline/venv/lib/python3.10/site-packages/airflow/example_dags/example_xcom.py
[2025-02-17T22:38:06.511-0600] {logging_mixin.py:190} INFO - [2025-02-17T22:38:06.510-0600] {dag.py:3239} INFO - Sync 1 DAGs
[2025-02-17T22:38:06.538-0600] {logging_mixin.py:190} INFO - [2025-02-17T22:38:06.538-0600] {dag.py:4180} INFO - Setting next_dagrun for example_xcom to 2021-01-01 00:00:00+00:00, run_after=2021-01-01 00:00:00+00:00
[2025-02-17T22:38:06.573-0600] {processor.py:208} INFO - Processing /home/dataScience/Projects/Pipeline/venv/lib/python3.10/site-packages/airflow/example_dags/example_xcom.py took 0.107 seconds
[2025-02-17T22:39:08.866-0600] {processor.py:186} INFO - Started process (PID=24110) to work on /home/dataScience/Projects/Pipeline/venv/lib/python3.10/site-packages/airflow/example_dags/example_xcom.py
[2025-02-17T22:39:08.868-0600] {processor.py:914} INFO - Processing file /home/dataScience/Projects/Pipeline/venv/lib/python3.10/site-packages/airflow/example_dags/example_xcom.py for tasks to queue
[2025-02-17T22:39:08.870-0600] {logging_mixin.py:190} INFO - [2025-02-17T22:39:08.870-0600] {dagbag.py:588} INFO - Filling up the DagBag from /home/dataScience/Projects/Pipeline/venv/lib/python3.10/site-packages/airflow/example_dags/example_xcom.py
[2025-02-17T22:39:08.886-0600] {processor.py:925} INFO - DAG(s) 'example_xcom' retrieved from /home/dataScience/Projects/Pipeline/venv/lib/python3.10/site-packages/airflow/example_dags/example_xcom.py
[2025-02-17T22:39:08.915-0600] {logging_mixin.py:190} INFO - [2025-02-17T22:39:08.914-0600] {dag.py:3239} INFO - Sync 1 DAGs
[2025-02-17T22:39:08.945-0600] {logging_mixin.py:190} INFO - [2025-02-17T22:39:08.945-0600] {dag.py:4180} INFO - Setting next_dagrun for example_xcom to 2021-01-01 00:00:00+00:00, run_after=2021-01-01 00:00:00+00:00
[2025-02-17T22:39:08.980-0600] {processor.py:208} INFO - Processing /home/dataScience/Projects/Pipeline/venv/lib/python3.10/site-packages/airflow/example_dags/example_xcom.py took 0.123 seconds
[2025-02-17T22:40:08.530-0600] {processor.py:186} INFO - Started process (PID=24602) to work on /home/dataScience/Projects/Pipeline/venv/lib/python3.10/site-packages/airflow/example_dags/example_xcom.py
[2025-02-17T22:40:08.533-0600] {processor.py:914} INFO - Processing file /home/dataScience/Projects/Pipeline/venv/lib/python3.10/site-packages/airflow/example_dags/example_xcom.py for tasks to queue
[2025-02-17T22:40:08.536-0600] {logging_mixin.py:190} INFO - [2025-02-17T22:40:08.535-0600] {dagbag.py:588} INFO - Filling up the DagBag from /home/dataScience/Projects/Pipeline/venv/lib/python3.10/site-packages/airflow/example_dags/example_xcom.py
[2025-02-17T22:40:08.547-0600] {processor.py:925} INFO - DAG(s) 'example_xcom' retrieved from /home/dataScience/Projects/Pipeline/venv/lib/python3.10/site-packages/airflow/example_dags/example_xcom.py
[2025-02-17T22:40:08.576-0600] {logging_mixin.py:190} INFO - [2025-02-17T22:40:08.573-0600] {dag.py:3239} INFO - Sync 1 DAGs
[2025-02-17T22:40:08.617-0600] {logging_mixin.py:190} INFO - [2025-02-17T22:40:08.617-0600] {dag.py:4180} INFO - Setting next_dagrun for example_xcom to 2021-01-01 00:00:00+00:00, run_after=2021-01-01 00:00:00+00:00
[2025-02-17T22:40:08.649-0600] {processor.py:208} INFO - Processing /home/dataScience/Projects/Pipeline/venv/lib/python3.10/site-packages/airflow/example_dags/example_xcom.py took 0.126 seconds
[2025-02-17T22:41:09.489-0600] {processor.py:186} INFO - Started process (PID=25113) to work on /home/dataScience/Projects/Pipeline/venv/lib/python3.10/site-packages/airflow/example_dags/example_xcom.py
[2025-02-17T22:41:09.491-0600] {processor.py:914} INFO - Processing file /home/dataScience/Projects/Pipeline/venv/lib/python3.10/site-packages/airflow/example_dags/example_xcom.py for tasks to queue
[2025-02-17T22:41:09.493-0600] {logging_mixin.py:190} INFO - [2025-02-17T22:41:09.493-0600] {dagbag.py:588} INFO - Filling up the DagBag from /home/dataScience/Projects/Pipeline/venv/lib/python3.10/site-packages/airflow/example_dags/example_xcom.py
[2025-02-17T22:41:09.505-0600] {processor.py:925} INFO - DAG(s) 'example_xcom' retrieved from /home/dataScience/Projects/Pipeline/venv/lib/python3.10/site-packages/airflow/example_dags/example_xcom.py
[2025-02-17T22:41:09.525-0600] {logging_mixin.py:190} INFO - [2025-02-17T22:41:09.524-0600] {dag.py:3239} INFO - Sync 1 DAGs
[2025-02-17T22:41:09.547-0600] {logging_mixin.py:190} INFO - [2025-02-17T22:41:09.547-0600] {dag.py:4180} INFO - Setting next_dagrun for example_xcom to 2021-01-01 00:00:00+00:00, run_after=2021-01-01 00:00:00+00:00
[2025-02-17T22:41:09.580-0600] {processor.py:208} INFO - Processing /home/dataScience/Projects/Pipeline/venv/lib/python3.10/site-packages/airflow/example_dags/example_xcom.py took 0.098 seconds
