[2025-02-17T22:32:49.673-0600] {processor.py:186} INFO - Started process (PID=20496) to work on /home/dataScience/Projects/Pipeline/venv/lib/python3.10/site-packages/airflow/example_dags/example_bash_decorator.py
[2025-02-17T22:32:49.674-0600] {processor.py:914} INFO - Processing file /home/dataScience/Projects/Pipeline/venv/lib/python3.10/site-packages/airflow/example_dags/example_bash_decorator.py for tasks to queue
[2025-02-17T22:32:49.677-0600] {logging_mixin.py:190} INFO - [2025-02-17T22:32:49.676-0600] {dagbag.py:588} INFO - Filling up the DagBag from /home/dataScience/Projects/Pipeline/venv/lib/python3.10/site-packages/airflow/example_dags/example_bash_decorator.py
[2025-02-17T22:32:49.805-0600] {processor.py:925} INFO - DAG(s) 'example_bash_decorator' retrieved from /home/dataScience/Projects/Pipeline/venv/lib/python3.10/site-packages/airflow/example_dags/example_bash_decorator.py
[2025-02-17T22:32:49.913-0600] {logging_mixin.py:190} INFO - [2025-02-17T22:32:49.912-0600] {override.py:1930} INFO - Created Permission View: can delete on DAG:example_bash_decorator
[2025-02-17T22:32:49.930-0600] {logging_mixin.py:190} INFO - [2025-02-17T22:32:49.930-0600] {override.py:1930} INFO - Created Permission View: can edit on DAG:example_bash_decorator
[2025-02-17T22:32:49.945-0600] {logging_mixin.py:190} INFO - [2025-02-17T22:32:49.944-0600] {override.py:1930} INFO - Created Permission View: can read on DAG:example_bash_decorator
[2025-02-17T22:32:49.971-0600] {logging_mixin.py:190} INFO - [2025-02-17T22:32:49.971-0600] {override.py:1930} INFO - Created Permission View: can create on DAG Run:example_bash_decorator
[2025-02-17T22:32:49.988-0600] {logging_mixin.py:190} INFO - [2025-02-17T22:32:49.987-0600] {override.py:1930} INFO - Created Permission View: can delete on DAG Run:example_bash_decorator
[2025-02-17T22:32:50.003-0600] {logging_mixin.py:190} INFO - [2025-02-17T22:32:50.003-0600] {override.py:1930} INFO - Created Permission View: menu access on DAG Run:example_bash_decorator
[2025-02-17T22:32:50.018-0600] {logging_mixin.py:190} INFO - [2025-02-17T22:32:50.018-0600] {override.py:1930} INFO - Created Permission View: can read on DAG Run:example_bash_decorator
[2025-02-17T22:32:50.019-0600] {logging_mixin.py:190} INFO - [2025-02-17T22:32:50.019-0600] {dag.py:3239} INFO - Sync 1 DAGs
[2025-02-17T22:32:50.032-0600] {logging_mixin.py:190} INFO - [2025-02-17T22:32:50.031-0600] {dag.py:3262} INFO - Creating ORM DAG for example_bash_decorator
[2025-02-17T22:32:50.033-0600] {logging_mixin.py:190} INFO - [2025-02-17T22:32:50.033-0600] {dag.py:4180} INFO - Setting next_dagrun for example_bash_decorator to None, run_after=None
[2025-02-17T22:32:50.065-0600] {processor.py:208} INFO - Processing /home/dataScience/Projects/Pipeline/venv/lib/python3.10/site-packages/airflow/example_dags/example_bash_decorator.py took 0.401 seconds
[2025-02-17T22:34:02.307-0600] {processor.py:186} INFO - Started process (PID=21240) to work on /home/dataScience/Projects/Pipeline/venv/lib/python3.10/site-packages/airflow/example_dags/example_bash_decorator.py
[2025-02-17T22:34:02.309-0600] {processor.py:914} INFO - Processing file /home/dataScience/Projects/Pipeline/venv/lib/python3.10/site-packages/airflow/example_dags/example_bash_decorator.py for tasks to queue
[2025-02-17T22:34:02.312-0600] {logging_mixin.py:190} INFO - [2025-02-17T22:34:02.311-0600] {dagbag.py:588} INFO - Filling up the DagBag from /home/dataScience/Projects/Pipeline/venv/lib/python3.10/site-packages/airflow/example_dags/example_bash_decorator.py
[2025-02-17T22:34:02.329-0600] {processor.py:925} INFO - DAG(s) 'example_bash_decorator' retrieved from /home/dataScience/Projects/Pipeline/venv/lib/python3.10/site-packages/airflow/example_dags/example_bash_decorator.py
[2025-02-17T22:34:02.351-0600] {logging_mixin.py:190} INFO - [2025-02-17T22:34:02.351-0600] {dag.py:3239} INFO - Sync 1 DAGs
[2025-02-17T22:34:02.366-0600] {logging_mixin.py:190} INFO - [2025-02-17T22:34:02.366-0600] {dag.py:4180} INFO - Setting next_dagrun for example_bash_decorator to None, run_after=None
[2025-02-17T22:34:02.393-0600] {processor.py:208} INFO - Processing /home/dataScience/Projects/Pipeline/venv/lib/python3.10/site-packages/airflow/example_dags/example_bash_decorator.py took 0.093 seconds
[2025-02-17T22:35:04.460-0600] {processor.py:186} INFO - Started process (PID=22007) to work on /home/dataScience/Projects/Pipeline/venv/lib/python3.10/site-packages/airflow/example_dags/example_bash_decorator.py
[2025-02-17T22:35:04.461-0600] {processor.py:914} INFO - Processing file /home/dataScience/Projects/Pipeline/venv/lib/python3.10/site-packages/airflow/example_dags/example_bash_decorator.py for tasks to queue
[2025-02-17T22:35:04.464-0600] {logging_mixin.py:190} INFO - [2025-02-17T22:35:04.463-0600] {dagbag.py:588} INFO - Filling up the DagBag from /home/dataScience/Projects/Pipeline/venv/lib/python3.10/site-packages/airflow/example_dags/example_bash_decorator.py
[2025-02-17T22:35:04.485-0600] {processor.py:925} INFO - DAG(s) 'example_bash_decorator' retrieved from /home/dataScience/Projects/Pipeline/venv/lib/python3.10/site-packages/airflow/example_dags/example_bash_decorator.py
[2025-02-17T22:35:04.507-0600] {logging_mixin.py:190} INFO - [2025-02-17T22:35:04.506-0600] {dag.py:3239} INFO - Sync 1 DAGs
[2025-02-17T22:35:04.548-0600] {logging_mixin.py:190} INFO - [2025-02-17T22:35:04.548-0600] {dag.py:4180} INFO - Setting next_dagrun for example_bash_decorator to None, run_after=None
[2025-02-17T22:35:04.613-0600] {processor.py:208} INFO - Processing /home/dataScience/Projects/Pipeline/venv/lib/python3.10/site-packages/airflow/example_dags/example_bash_decorator.py took 0.163 seconds
[2025-02-17T22:36:07.056-0600] {processor.py:186} INFO - Started process (PID=22526) to work on /home/dataScience/Projects/Pipeline/venv/lib/python3.10/site-packages/airflow/example_dags/example_bash_decorator.py
[2025-02-17T22:36:07.058-0600] {processor.py:914} INFO - Processing file /home/dataScience/Projects/Pipeline/venv/lib/python3.10/site-packages/airflow/example_dags/example_bash_decorator.py for tasks to queue
[2025-02-17T22:36:07.060-0600] {logging_mixin.py:190} INFO - [2025-02-17T22:36:07.060-0600] {dagbag.py:588} INFO - Filling up the DagBag from /home/dataScience/Projects/Pipeline/venv/lib/python3.10/site-packages/airflow/example_dags/example_bash_decorator.py
[2025-02-17T22:36:07.080-0600] {processor.py:925} INFO - DAG(s) 'example_bash_decorator' retrieved from /home/dataScience/Projects/Pipeline/venv/lib/python3.10/site-packages/airflow/example_dags/example_bash_decorator.py
[2025-02-17T22:36:07.103-0600] {logging_mixin.py:190} INFO - [2025-02-17T22:36:07.103-0600] {dag.py:3239} INFO - Sync 1 DAGs
[2025-02-17T22:36:07.117-0600] {logging_mixin.py:190} INFO - [2025-02-17T22:36:07.116-0600] {dag.py:4180} INFO - Setting next_dagrun for example_bash_decorator to None, run_after=None
[2025-02-17T22:36:07.144-0600] {processor.py:208} INFO - Processing /home/dataScience/Projects/Pipeline/venv/lib/python3.10/site-packages/airflow/example_dags/example_bash_decorator.py took 0.095 seconds
[2025-02-17T22:37:08.553-0600] {processor.py:186} INFO - Started process (PID=23100) to work on /home/dataScience/Projects/Pipeline/venv/lib/python3.10/site-packages/airflow/example_dags/example_bash_decorator.py
[2025-02-17T22:37:08.556-0600] {processor.py:914} INFO - Processing file /home/dataScience/Projects/Pipeline/venv/lib/python3.10/site-packages/airflow/example_dags/example_bash_decorator.py for tasks to queue
[2025-02-17T22:37:08.558-0600] {logging_mixin.py:190} INFO - [2025-02-17T22:37:08.558-0600] {dagbag.py:588} INFO - Filling up the DagBag from /home/dataScience/Projects/Pipeline/venv/lib/python3.10/site-packages/airflow/example_dags/example_bash_decorator.py
[2025-02-17T22:37:08.577-0600] {processor.py:925} INFO - DAG(s) 'example_bash_decorator' retrieved from /home/dataScience/Projects/Pipeline/venv/lib/python3.10/site-packages/airflow/example_dags/example_bash_decorator.py
[2025-02-17T22:37:08.599-0600] {logging_mixin.py:190} INFO - [2025-02-17T22:37:08.599-0600] {dag.py:3239} INFO - Sync 1 DAGs
[2025-02-17T22:37:08.614-0600] {logging_mixin.py:190} INFO - [2025-02-17T22:37:08.613-0600] {dag.py:4180} INFO - Setting next_dagrun for example_bash_decorator to None, run_after=None
[2025-02-17T22:37:08.646-0600] {processor.py:208} INFO - Processing /home/dataScience/Projects/Pipeline/venv/lib/python3.10/site-packages/airflow/example_dags/example_bash_decorator.py took 0.100 seconds
[2025-02-17T22:38:05.220-0600] {processor.py:186} INFO - Started process (PID=23581) to work on /home/dataScience/Projects/Pipeline/venv/lib/python3.10/site-packages/airflow/example_dags/example_bash_decorator.py
[2025-02-17T22:38:05.222-0600] {processor.py:914} INFO - Processing file /home/dataScience/Projects/Pipeline/venv/lib/python3.10/site-packages/airflow/example_dags/example_bash_decorator.py for tasks to queue
[2025-02-17T22:38:05.224-0600] {logging_mixin.py:190} INFO - [2025-02-17T22:38:05.224-0600] {dagbag.py:588} INFO - Filling up the DagBag from /home/dataScience/Projects/Pipeline/venv/lib/python3.10/site-packages/airflow/example_dags/example_bash_decorator.py
[2025-02-17T22:38:05.243-0600] {processor.py:925} INFO - DAG(s) 'example_bash_decorator' retrieved from /home/dataScience/Projects/Pipeline/venv/lib/python3.10/site-packages/airflow/example_dags/example_bash_decorator.py
[2025-02-17T22:38:05.267-0600] {logging_mixin.py:190} INFO - [2025-02-17T22:38:05.266-0600] {dag.py:3239} INFO - Sync 1 DAGs
[2025-02-17T22:38:05.284-0600] {logging_mixin.py:190} INFO - [2025-02-17T22:38:05.283-0600] {dag.py:4180} INFO - Setting next_dagrun for example_bash_decorator to None, run_after=None
[2025-02-17T22:38:05.313-0600] {processor.py:208} INFO - Processing /home/dataScience/Projects/Pipeline/venv/lib/python3.10/site-packages/airflow/example_dags/example_bash_decorator.py took 0.101 seconds
[2025-02-17T22:39:05.856-0600] {processor.py:186} INFO - Started process (PID=24083) to work on /home/dataScience/Projects/Pipeline/venv/lib/python3.10/site-packages/airflow/example_dags/example_bash_decorator.py
[2025-02-17T22:39:05.857-0600] {processor.py:914} INFO - Processing file /home/dataScience/Projects/Pipeline/venv/lib/python3.10/site-packages/airflow/example_dags/example_bash_decorator.py for tasks to queue
[2025-02-17T22:39:05.860-0600] {logging_mixin.py:190} INFO - [2025-02-17T22:39:05.859-0600] {dagbag.py:588} INFO - Filling up the DagBag from /home/dataScience/Projects/Pipeline/venv/lib/python3.10/site-packages/airflow/example_dags/example_bash_decorator.py
[2025-02-17T22:39:05.886-0600] {processor.py:925} INFO - DAG(s) 'example_bash_decorator' retrieved from /home/dataScience/Projects/Pipeline/venv/lib/python3.10/site-packages/airflow/example_dags/example_bash_decorator.py
[2025-02-17T22:39:05.923-0600] {logging_mixin.py:190} INFO - [2025-02-17T22:39:05.923-0600] {dag.py:3239} INFO - Sync 1 DAGs
[2025-02-17T22:39:05.947-0600] {logging_mixin.py:190} INFO - [2025-02-17T22:39:05.946-0600] {dag.py:4180} INFO - Setting next_dagrun for example_bash_decorator to None, run_after=None
[2025-02-17T22:39:05.983-0600] {processor.py:208} INFO - Processing /home/dataScience/Projects/Pipeline/venv/lib/python3.10/site-packages/airflow/example_dags/example_bash_decorator.py took 0.138 seconds
[2025-02-17T22:40:06.921-0600] {processor.py:186} INFO - Started process (PID=24594) to work on /home/dataScience/Projects/Pipeline/venv/lib/python3.10/site-packages/airflow/example_dags/example_bash_decorator.py
[2025-02-17T22:40:06.923-0600] {processor.py:914} INFO - Processing file /home/dataScience/Projects/Pipeline/venv/lib/python3.10/site-packages/airflow/example_dags/example_bash_decorator.py for tasks to queue
[2025-02-17T22:40:06.925-0600] {logging_mixin.py:190} INFO - [2025-02-17T22:40:06.925-0600] {dagbag.py:588} INFO - Filling up the DagBag from /home/dataScience/Projects/Pipeline/venv/lib/python3.10/site-packages/airflow/example_dags/example_bash_decorator.py
[2025-02-17T22:40:06.943-0600] {processor.py:925} INFO - DAG(s) 'example_bash_decorator' retrieved from /home/dataScience/Projects/Pipeline/venv/lib/python3.10/site-packages/airflow/example_dags/example_bash_decorator.py
[2025-02-17T22:40:06.964-0600] {logging_mixin.py:190} INFO - [2025-02-17T22:40:06.963-0600] {dag.py:3239} INFO - Sync 1 DAGs
[2025-02-17T22:40:06.979-0600] {logging_mixin.py:190} INFO - [2025-02-17T22:40:06.979-0600] {dag.py:4180} INFO - Setting next_dagrun for example_bash_decorator to None, run_after=None
[2025-02-17T22:40:07.010-0600] {processor.py:208} INFO - Processing /home/dataScience/Projects/Pipeline/venv/lib/python3.10/site-packages/airflow/example_dags/example_bash_decorator.py took 0.097 seconds
[2025-02-17T22:41:07.976-0600] {processor.py:186} INFO - Started process (PID=25099) to work on /home/dataScience/Projects/Pipeline/venv/lib/python3.10/site-packages/airflow/example_dags/example_bash_decorator.py
[2025-02-17T22:41:07.978-0600] {processor.py:914} INFO - Processing file /home/dataScience/Projects/Pipeline/venv/lib/python3.10/site-packages/airflow/example_dags/example_bash_decorator.py for tasks to queue
[2025-02-17T22:41:07.980-0600] {logging_mixin.py:190} INFO - [2025-02-17T22:41:07.980-0600] {dagbag.py:588} INFO - Filling up the DagBag from /home/dataScience/Projects/Pipeline/venv/lib/python3.10/site-packages/airflow/example_dags/example_bash_decorator.py
[2025-02-17T22:41:07.997-0600] {processor.py:925} INFO - DAG(s) 'example_bash_decorator' retrieved from /home/dataScience/Projects/Pipeline/venv/lib/python3.10/site-packages/airflow/example_dags/example_bash_decorator.py
[2025-02-17T22:41:08.019-0600] {logging_mixin.py:190} INFO - [2025-02-17T22:41:08.019-0600] {dag.py:3239} INFO - Sync 1 DAGs
[2025-02-17T22:41:08.033-0600] {logging_mixin.py:190} INFO - [2025-02-17T22:41:08.032-0600] {dag.py:4180} INFO - Setting next_dagrun for example_bash_decorator to None, run_after=None
[2025-02-17T22:41:08.060-0600] {processor.py:208} INFO - Processing /home/dataScience/Projects/Pipeline/venv/lib/python3.10/site-packages/airflow/example_dags/example_bash_decorator.py took 0.092 seconds
