[2025-02-17T22:31:36.314-0600] {processor.py:186} INFO - Started process (PID=19479) to work on /home/dataScience/Projects/Pipeline/venv/lib/python3.10/site-packages/airflow/example_dags/example_sensors.py
[2025-02-17T22:31:36.315-0600] {processor.py:914} INFO - Processing file /home/dataScience/Projects/Pipeline/venv/lib/python3.10/site-packages/airflow/example_dags/example_sensors.py for tasks to queue
[2025-02-17T22:31:36.319-0600] {logging_mixin.py:190} INFO - [2025-02-17T22:31:36.318-0600] {dagbag.py:588} INFO - Filling up the DagBag from /home/dataScience/Projects/Pipeline/venv/lib/python3.10/site-packages/airflow/example_dags/example_sensors.py
[2025-02-17T22:31:36.335-0600] {processor.py:925} INFO - DAG(s) 'example_sensors' retrieved from /home/dataScience/Projects/Pipeline/venv/lib/python3.10/site-packages/airflow/example_dags/example_sensors.py
[2025-02-17T22:31:36.713-0600] {logging_mixin.py:190} INFO - [2025-02-17T22:31:36.712-0600] {override.py:1930} INFO - Created Permission View: can delete on DAG:example_sensors
[2025-02-17T22:31:36.744-0600] {logging_mixin.py:190} INFO - [2025-02-17T22:31:36.744-0600] {override.py:1930} INFO - Created Permission View: can edit on DAG:example_sensors
[2025-02-17T22:31:36.782-0600] {logging_mixin.py:190} INFO - [2025-02-17T22:31:36.781-0600] {override.py:1930} INFO - Created Permission View: can read on DAG:example_sensors
[2025-02-17T22:31:36.856-0600] {logging_mixin.py:190} INFO - [2025-02-17T22:31:36.855-0600] {override.py:1930} INFO - Created Permission View: can create on DAG Run:example_sensors
[2025-02-17T22:31:36.886-0600] {logging_mixin.py:190} INFO - [2025-02-17T22:31:36.885-0600] {override.py:1930} INFO - Created Permission View: can delete on DAG Run:example_sensors
[2025-02-17T22:31:36.903-0600] {logging_mixin.py:190} INFO - [2025-02-17T22:31:36.902-0600] {override.py:1930} INFO - Created Permission View: menu access on DAG Run:example_sensors
[2025-02-17T22:31:36.920-0600] {logging_mixin.py:190} INFO - [2025-02-17T22:31:36.920-0600] {override.py:1930} INFO - Created Permission View: can read on DAG Run:example_sensors
[2025-02-17T22:31:36.921-0600] {logging_mixin.py:190} INFO - [2025-02-17T22:31:36.921-0600] {dag.py:3239} INFO - Sync 1 DAGs
[2025-02-17T22:31:36.938-0600] {logging_mixin.py:190} INFO - [2025-02-17T22:31:36.937-0600] {dag.py:3262} INFO - Creating ORM DAG for example_sensors
[2025-02-17T22:31:36.939-0600] {logging_mixin.py:190} INFO - [2025-02-17T22:31:36.938-0600] {dag.py:4180} INFO - Setting next_dagrun for example_sensors to None, run_after=None
[2025-02-17T22:31:36.980-0600] {processor.py:208} INFO - Processing /home/dataScience/Projects/Pipeline/venv/lib/python3.10/site-packages/airflow/example_dags/example_sensors.py took 0.676 seconds
[2025-02-17T22:32:59.133-0600] {processor.py:186} INFO - Started process (PID=20565) to work on /home/dataScience/Projects/Pipeline/venv/lib/python3.10/site-packages/airflow/example_dags/example_sensors.py
[2025-02-17T22:32:59.134-0600] {processor.py:914} INFO - Processing file /home/dataScience/Projects/Pipeline/venv/lib/python3.10/site-packages/airflow/example_dags/example_sensors.py for tasks to queue
[2025-02-17T22:32:59.137-0600] {logging_mixin.py:190} INFO - [2025-02-17T22:32:59.136-0600] {dagbag.py:588} INFO - Filling up the DagBag from /home/dataScience/Projects/Pipeline/venv/lib/python3.10/site-packages/airflow/example_dags/example_sensors.py
[2025-02-17T22:32:59.151-0600] {processor.py:925} INFO - DAG(s) 'example_sensors' retrieved from /home/dataScience/Projects/Pipeline/venv/lib/python3.10/site-packages/airflow/example_dags/example_sensors.py
[2025-02-17T22:32:59.175-0600] {logging_mixin.py:190} INFO - [2025-02-17T22:32:59.175-0600] {dag.py:3239} INFO - Sync 1 DAGs
[2025-02-17T22:32:59.190-0600] {logging_mixin.py:190} INFO - [2025-02-17T22:32:59.189-0600] {dag.py:4180} INFO - Setting next_dagrun for example_sensors to None, run_after=None
[2025-02-17T22:32:59.221-0600] {processor.py:208} INFO - Processing /home/dataScience/Projects/Pipeline/venv/lib/python3.10/site-packages/airflow/example_dags/example_sensors.py took 0.096 seconds
[2025-02-17T22:33:39.338-0600] {processor.py:186} INFO - Started process (PID=21069) to work on /home/dataScience/Projects/Pipeline/venv/lib/python3.10/site-packages/airflow/example_dags/example_sensors.py
[2025-02-17T22:33:39.340-0600] {processor.py:914} INFO - Processing file /home/dataScience/Projects/Pipeline/venv/lib/python3.10/site-packages/airflow/example_dags/example_sensors.py for tasks to queue
[2025-02-17T22:33:39.344-0600] {logging_mixin.py:190} INFO - [2025-02-17T22:33:39.344-0600] {dagbag.py:588} INFO - Filling up the DagBag from /home/dataScience/Projects/Pipeline/venv/lib/python3.10/site-packages/airflow/example_dags/example_sensors.py
[2025-02-17T22:33:39.368-0600] {processor.py:925} INFO - DAG(s) 'example_sensors' retrieved from /home/dataScience/Projects/Pipeline/venv/lib/python3.10/site-packages/airflow/example_dags/example_sensors.py
[2025-02-17T22:33:39.394-0600] {logging_mixin.py:190} INFO - [2025-02-17T22:33:39.394-0600] {dag.py:3239} INFO - Sync 1 DAGs
[2025-02-17T22:33:39.411-0600] {logging_mixin.py:190} INFO - [2025-02-17T22:33:39.411-0600] {dag.py:4180} INFO - Setting next_dagrun for example_sensors to None, run_after=None
[2025-02-17T22:33:39.444-0600] {processor.py:208} INFO - Processing /home/dataScience/Projects/Pipeline/venv/lib/python3.10/site-packages/airflow/example_dags/example_sensors.py took 0.117 seconds
[2025-02-17T22:34:39.165-0600] {processor.py:186} INFO - Started process (PID=21698) to work on /home/dataScience/Projects/Pipeline/venv/lib/python3.10/site-packages/airflow/example_dags/example_sensors.py
[2025-02-17T22:34:39.168-0600] {processor.py:914} INFO - Processing file /home/dataScience/Projects/Pipeline/venv/lib/python3.10/site-packages/airflow/example_dags/example_sensors.py for tasks to queue
[2025-02-17T22:34:39.172-0600] {logging_mixin.py:190} INFO - [2025-02-17T22:34:39.171-0600] {dagbag.py:588} INFO - Filling up the DagBag from /home/dataScience/Projects/Pipeline/venv/lib/python3.10/site-packages/airflow/example_dags/example_sensors.py
[2025-02-17T22:34:39.199-0600] {processor.py:925} INFO - DAG(s) 'example_sensors' retrieved from /home/dataScience/Projects/Pipeline/venv/lib/python3.10/site-packages/airflow/example_dags/example_sensors.py
[2025-02-17T22:34:39.233-0600] {logging_mixin.py:190} INFO - [2025-02-17T22:34:39.232-0600] {dag.py:3239} INFO - Sync 1 DAGs
[2025-02-17T22:34:39.253-0600] {logging_mixin.py:190} INFO - [2025-02-17T22:34:39.252-0600] {dag.py:4180} INFO - Setting next_dagrun for example_sensors to None, run_after=None
[2025-02-17T22:34:39.284-0600] {processor.py:208} INFO - Processing /home/dataScience/Projects/Pipeline/venv/lib/python3.10/site-packages/airflow/example_dags/example_sensors.py took 0.132 seconds
[2025-02-17T22:35:43.308-0600] {processor.py:186} INFO - Started process (PID=22352) to work on /home/dataScience/Projects/Pipeline/venv/lib/python3.10/site-packages/airflow/example_dags/example_sensors.py
[2025-02-17T22:35:43.310-0600] {processor.py:914} INFO - Processing file /home/dataScience/Projects/Pipeline/venv/lib/python3.10/site-packages/airflow/example_dags/example_sensors.py for tasks to queue
[2025-02-17T22:35:43.312-0600] {logging_mixin.py:190} INFO - [2025-02-17T22:35:43.312-0600] {dagbag.py:588} INFO - Filling up the DagBag from /home/dataScience/Projects/Pipeline/venv/lib/python3.10/site-packages/airflow/example_dags/example_sensors.py
[2025-02-17T22:35:43.325-0600] {processor.py:925} INFO - DAG(s) 'example_sensors' retrieved from /home/dataScience/Projects/Pipeline/venv/lib/python3.10/site-packages/airflow/example_dags/example_sensors.py
[2025-02-17T22:35:43.349-0600] {logging_mixin.py:190} INFO - [2025-02-17T22:35:43.348-0600] {dag.py:3239} INFO - Sync 1 DAGs
[2025-02-17T22:35:43.363-0600] {logging_mixin.py:190} INFO - [2025-02-17T22:35:43.363-0600] {dag.py:4180} INFO - Setting next_dagrun for example_sensors to None, run_after=None
[2025-02-17T22:35:43.394-0600] {processor.py:208} INFO - Processing /home/dataScience/Projects/Pipeline/venv/lib/python3.10/site-packages/airflow/example_dags/example_sensors.py took 0.093 seconds
[2025-02-17T22:36:44.638-0600] {processor.py:186} INFO - Started process (PID=22925) to work on /home/dataScience/Projects/Pipeline/venv/lib/python3.10/site-packages/airflow/example_dags/example_sensors.py
[2025-02-17T22:36:44.640-0600] {processor.py:914} INFO - Processing file /home/dataScience/Projects/Pipeline/venv/lib/python3.10/site-packages/airflow/example_dags/example_sensors.py for tasks to queue
[2025-02-17T22:36:44.642-0600] {logging_mixin.py:190} INFO - [2025-02-17T22:36:44.642-0600] {dagbag.py:588} INFO - Filling up the DagBag from /home/dataScience/Projects/Pipeline/venv/lib/python3.10/site-packages/airflow/example_dags/example_sensors.py
[2025-02-17T22:36:44.656-0600] {processor.py:925} INFO - DAG(s) 'example_sensors' retrieved from /home/dataScience/Projects/Pipeline/venv/lib/python3.10/site-packages/airflow/example_dags/example_sensors.py
[2025-02-17T22:36:44.680-0600] {logging_mixin.py:190} INFO - [2025-02-17T22:36:44.680-0600] {dag.py:3239} INFO - Sync 1 DAGs
[2025-02-17T22:36:44.695-0600] {logging_mixin.py:190} INFO - [2025-02-17T22:36:44.695-0600] {dag.py:4180} INFO - Setting next_dagrun for example_sensors to None, run_after=None
[2025-02-17T22:36:44.726-0600] {processor.py:208} INFO - Processing /home/dataScience/Projects/Pipeline/venv/lib/python3.10/site-packages/airflow/example_dags/example_sensors.py took 0.096 seconds
[2025-02-17T22:37:41.808-0600] {processor.py:186} INFO - Started process (PID=23408) to work on /home/dataScience/Projects/Pipeline/venv/lib/python3.10/site-packages/airflow/example_dags/example_sensors.py
[2025-02-17T22:37:41.811-0600] {processor.py:914} INFO - Processing file /home/dataScience/Projects/Pipeline/venv/lib/python3.10/site-packages/airflow/example_dags/example_sensors.py for tasks to queue
[2025-02-17T22:37:41.813-0600] {logging_mixin.py:190} INFO - [2025-02-17T22:37:41.812-0600] {dagbag.py:588} INFO - Filling up the DagBag from /home/dataScience/Projects/Pipeline/venv/lib/python3.10/site-packages/airflow/example_dags/example_sensors.py
[2025-02-17T22:37:41.828-0600] {processor.py:925} INFO - DAG(s) 'example_sensors' retrieved from /home/dataScience/Projects/Pipeline/venv/lib/python3.10/site-packages/airflow/example_dags/example_sensors.py
[2025-02-17T22:37:41.858-0600] {logging_mixin.py:190} INFO - [2025-02-17T22:37:41.857-0600] {dag.py:3239} INFO - Sync 1 DAGs
[2025-02-17T22:37:41.874-0600] {logging_mixin.py:190} INFO - [2025-02-17T22:37:41.873-0600] {dag.py:4180} INFO - Setting next_dagrun for example_sensors to None, run_after=None
[2025-02-17T22:37:41.911-0600] {processor.py:208} INFO - Processing /home/dataScience/Projects/Pipeline/venv/lib/python3.10/site-packages/airflow/example_dags/example_sensors.py took 0.112 seconds
[2025-02-17T22:38:38.149-0600] {processor.py:186} INFO - Started process (PID=23885) to work on /home/dataScience/Projects/Pipeline/venv/lib/python3.10/site-packages/airflow/example_dags/example_sensors.py
[2025-02-17T22:38:38.151-0600] {processor.py:914} INFO - Processing file /home/dataScience/Projects/Pipeline/venv/lib/python3.10/site-packages/airflow/example_dags/example_sensors.py for tasks to queue
[2025-02-17T22:38:38.155-0600] {logging_mixin.py:190} INFO - [2025-02-17T22:38:38.154-0600] {dagbag.py:588} INFO - Filling up the DagBag from /home/dataScience/Projects/Pipeline/venv/lib/python3.10/site-packages/airflow/example_dags/example_sensors.py
[2025-02-17T22:38:38.169-0600] {processor.py:925} INFO - DAG(s) 'example_sensors' retrieved from /home/dataScience/Projects/Pipeline/venv/lib/python3.10/site-packages/airflow/example_dags/example_sensors.py
[2025-02-17T22:38:38.201-0600] {logging_mixin.py:190} INFO - [2025-02-17T22:38:38.200-0600] {dag.py:3239} INFO - Sync 1 DAGs
[2025-02-17T22:38:38.217-0600] {logging_mixin.py:190} INFO - [2025-02-17T22:38:38.217-0600] {dag.py:4180} INFO - Setting next_dagrun for example_sensors to None, run_after=None
[2025-02-17T22:38:38.251-0600] {processor.py:208} INFO - Processing /home/dataScience/Projects/Pipeline/venv/lib/python3.10/site-packages/airflow/example_dags/example_sensors.py took 0.109 seconds
[2025-02-17T22:39:40.656-0600] {processor.py:186} INFO - Started process (PID=24401) to work on /home/dataScience/Projects/Pipeline/venv/lib/python3.10/site-packages/airflow/example_dags/example_sensors.py
[2025-02-17T22:39:40.658-0600] {processor.py:914} INFO - Processing file /home/dataScience/Projects/Pipeline/venv/lib/python3.10/site-packages/airflow/example_dags/example_sensors.py for tasks to queue
[2025-02-17T22:39:40.661-0600] {logging_mixin.py:190} INFO - [2025-02-17T22:39:40.660-0600] {dagbag.py:588} INFO - Filling up the DagBag from /home/dataScience/Projects/Pipeline/venv/lib/python3.10/site-packages/airflow/example_dags/example_sensors.py
[2025-02-17T22:39:40.677-0600] {processor.py:925} INFO - DAG(s) 'example_sensors' retrieved from /home/dataScience/Projects/Pipeline/venv/lib/python3.10/site-packages/airflow/example_dags/example_sensors.py
[2025-02-17T22:39:40.723-0600] {logging_mixin.py:190} INFO - [2025-02-17T22:39:40.723-0600] {dag.py:3239} INFO - Sync 1 DAGs
[2025-02-17T22:39:40.743-0600] {logging_mixin.py:190} INFO - [2025-02-17T22:39:40.743-0600] {dag.py:4180} INFO - Setting next_dagrun for example_sensors to None, run_after=None
[2025-02-17T22:39:40.779-0600] {processor.py:208} INFO - Processing /home/dataScience/Projects/Pipeline/venv/lib/python3.10/site-packages/airflow/example_dags/example_sensors.py took 0.132 seconds
[2025-02-17T22:40:41.427-0600] {processor.py:186} INFO - Started process (PID=24905) to work on /home/dataScience/Projects/Pipeline/venv/lib/python3.10/site-packages/airflow/example_dags/example_sensors.py
[2025-02-17T22:40:41.430-0600] {processor.py:914} INFO - Processing file /home/dataScience/Projects/Pipeline/venv/lib/python3.10/site-packages/airflow/example_dags/example_sensors.py for tasks to queue
[2025-02-17T22:40:41.433-0600] {logging_mixin.py:190} INFO - [2025-02-17T22:40:41.432-0600] {dagbag.py:588} INFO - Filling up the DagBag from /home/dataScience/Projects/Pipeline/venv/lib/python3.10/site-packages/airflow/example_dags/example_sensors.py
[2025-02-17T22:40:41.446-0600] {processor.py:925} INFO - DAG(s) 'example_sensors' retrieved from /home/dataScience/Projects/Pipeline/venv/lib/python3.10/site-packages/airflow/example_dags/example_sensors.py
[2025-02-17T22:40:41.471-0600] {logging_mixin.py:190} INFO - [2025-02-17T22:40:41.471-0600] {dag.py:3239} INFO - Sync 1 DAGs
[2025-02-17T22:40:41.485-0600] {logging_mixin.py:190} INFO - [2025-02-17T22:40:41.485-0600] {dag.py:4180} INFO - Setting next_dagrun for example_sensors to None, run_after=None
[2025-02-17T22:40:41.515-0600] {processor.py:208} INFO - Processing /home/dataScience/Projects/Pipeline/venv/lib/python3.10/site-packages/airflow/example_dags/example_sensors.py took 0.095 seconds
