[2025-02-17T22:32:24.626-0600] {processor.py:186} INFO - Started process (PID=20255) to work on /home/dataScience/Projects/Pipeline/venv/lib/python3.10/site-packages/airflow/example_dags/example_params_ui_tutorial.py
[2025-02-17T22:32:24.630-0600] {processor.py:914} INFO - Processing file /home/dataScience/Projects/Pipeline/venv/lib/python3.10/site-packages/airflow/example_dags/example_params_ui_tutorial.py for tasks to queue
[2025-02-17T22:32:24.634-0600] {logging_mixin.py:190} INFO - [2025-02-17T22:32:24.633-0600] {dagbag.py:588} INFO - Filling up the DagBag from /home/dataScience/Projects/Pipeline/venv/lib/python3.10/site-packages/airflow/example_dags/example_params_ui_tutorial.py
[2025-02-17T22:32:24.648-0600] {processor.py:925} INFO - DAG(s) 'example_params_ui_tutorial' retrieved from /home/dataScience/Projects/Pipeline/venv/lib/python3.10/site-packages/airflow/example_dags/example_params_ui_tutorial.py
[2025-02-17T22:32:24.922-0600] {logging_mixin.py:190} INFO - [2025-02-17T22:32:24.921-0600] {override.py:1930} INFO - Created Permission View: can delete on DAG:example_params_ui_tutorial
[2025-02-17T22:32:24.939-0600] {logging_mixin.py:190} INFO - [2025-02-17T22:32:24.939-0600] {override.py:1930} INFO - Created Permission View: can edit on DAG:example_params_ui_tutorial
[2025-02-17T22:32:24.955-0600] {logging_mixin.py:190} INFO - [2025-02-17T22:32:24.955-0600] {override.py:1930} INFO - Created Permission View: can read on DAG:example_params_ui_tutorial
[2025-02-17T22:32:24.981-0600] {logging_mixin.py:190} INFO - [2025-02-17T22:32:24.981-0600] {override.py:1930} INFO - Created Permission View: can create on DAG Run:example_params_ui_tutorial
[2025-02-17T22:32:24.997-0600] {logging_mixin.py:190} INFO - [2025-02-17T22:32:24.996-0600] {override.py:1930} INFO - Created Permission View: can delete on DAG Run:example_params_ui_tutorial
[2025-02-17T22:32:25.010-0600] {logging_mixin.py:190} INFO - [2025-02-17T22:32:25.009-0600] {override.py:1930} INFO - Created Permission View: menu access on DAG Run:example_params_ui_tutorial
[2025-02-17T22:32:25.023-0600] {logging_mixin.py:190} INFO - [2025-02-17T22:32:25.022-0600] {override.py:1930} INFO - Created Permission View: can read on DAG Run:example_params_ui_tutorial
[2025-02-17T22:32:25.023-0600] {logging_mixin.py:190} INFO - [2025-02-17T22:32:25.023-0600] {dag.py:3239} INFO - Sync 1 DAGs
[2025-02-17T22:32:25.038-0600] {logging_mixin.py:190} INFO - [2025-02-17T22:32:25.038-0600] {dag.py:3262} INFO - Creating ORM DAG for example_params_ui_tutorial
[2025-02-17T22:32:25.039-0600] {logging_mixin.py:190} INFO - [2025-02-17T22:32:25.038-0600] {dag.py:4180} INFO - Setting next_dagrun for example_params_ui_tutorial to None, run_after=None
[2025-02-17T22:32:25.068-0600] {processor.py:208} INFO - Processing /home/dataScience/Projects/Pipeline/venv/lib/python3.10/site-packages/airflow/example_dags/example_params_ui_tutorial.py took 0.451 seconds
[2025-02-17T22:33:45.223-0600] {processor.py:186} INFO - Started process (PID=21112) to work on /home/dataScience/Projects/Pipeline/venv/lib/python3.10/site-packages/airflow/example_dags/example_params_ui_tutorial.py
[2025-02-17T22:33:45.226-0600] {processor.py:914} INFO - Processing file /home/dataScience/Projects/Pipeline/venv/lib/python3.10/site-packages/airflow/example_dags/example_params_ui_tutorial.py for tasks to queue
[2025-02-17T22:33:45.229-0600] {logging_mixin.py:190} INFO - [2025-02-17T22:33:45.228-0600] {dagbag.py:588} INFO - Filling up the DagBag from /home/dataScience/Projects/Pipeline/venv/lib/python3.10/site-packages/airflow/example_dags/example_params_ui_tutorial.py
[2025-02-17T22:33:45.244-0600] {processor.py:925} INFO - DAG(s) 'example_params_ui_tutorial' retrieved from /home/dataScience/Projects/Pipeline/venv/lib/python3.10/site-packages/airflow/example_dags/example_params_ui_tutorial.py
[2025-02-17T22:33:45.303-0600] {logging_mixin.py:190} INFO - [2025-02-17T22:33:45.303-0600] {dag.py:3239} INFO - Sync 1 DAGs
[2025-02-17T22:33:45.325-0600] {logging_mixin.py:190} INFO - [2025-02-17T22:33:45.325-0600] {dag.py:4180} INFO - Setting next_dagrun for example_params_ui_tutorial to None, run_after=None
[2025-02-17T22:33:45.363-0600] {processor.py:208} INFO - Processing /home/dataScience/Projects/Pipeline/venv/lib/python3.10/site-packages/airflow/example_dags/example_params_ui_tutorial.py took 0.148 seconds
[2025-02-17T22:34:44.323-0600] {processor.py:186} INFO - Started process (PID=21741) to work on /home/dataScience/Projects/Pipeline/venv/lib/python3.10/site-packages/airflow/example_dags/example_params_ui_tutorial.py
[2025-02-17T22:34:44.327-0600] {processor.py:914} INFO - Processing file /home/dataScience/Projects/Pipeline/venv/lib/python3.10/site-packages/airflow/example_dags/example_params_ui_tutorial.py for tasks to queue
[2025-02-17T22:34:44.329-0600] {logging_mixin.py:190} INFO - [2025-02-17T22:34:44.329-0600] {dagbag.py:588} INFO - Filling up the DagBag from /home/dataScience/Projects/Pipeline/venv/lib/python3.10/site-packages/airflow/example_dags/example_params_ui_tutorial.py
[2025-02-17T22:34:44.341-0600] {processor.py:925} INFO - DAG(s) 'example_params_ui_tutorial' retrieved from /home/dataScience/Projects/Pipeline/venv/lib/python3.10/site-packages/airflow/example_dags/example_params_ui_tutorial.py
[2025-02-17T22:34:44.392-0600] {logging_mixin.py:190} INFO - [2025-02-17T22:34:44.392-0600] {dag.py:3239} INFO - Sync 1 DAGs
[2025-02-17T22:34:44.407-0600] {logging_mixin.py:190} INFO - [2025-02-17T22:34:44.407-0600] {dag.py:4180} INFO - Setting next_dagrun for example_params_ui_tutorial to None, run_after=None
[2025-02-17T22:34:44.436-0600] {processor.py:208} INFO - Processing /home/dataScience/Projects/Pipeline/venv/lib/python3.10/site-packages/airflow/example_dags/example_params_ui_tutorial.py took 0.119 seconds
[2025-02-17T22:35:48.330-0600] {processor.py:186} INFO - Started process (PID=22392) to work on /home/dataScience/Projects/Pipeline/venv/lib/python3.10/site-packages/airflow/example_dags/example_params_ui_tutorial.py
[2025-02-17T22:35:48.331-0600] {processor.py:914} INFO - Processing file /home/dataScience/Projects/Pipeline/venv/lib/python3.10/site-packages/airflow/example_dags/example_params_ui_tutorial.py for tasks to queue
[2025-02-17T22:35:48.334-0600] {logging_mixin.py:190} INFO - [2025-02-17T22:35:48.334-0600] {dagbag.py:588} INFO - Filling up the DagBag from /home/dataScience/Projects/Pipeline/venv/lib/python3.10/site-packages/airflow/example_dags/example_params_ui_tutorial.py
[2025-02-17T22:35:48.347-0600] {processor.py:925} INFO - DAG(s) 'example_params_ui_tutorial' retrieved from /home/dataScience/Projects/Pipeline/venv/lib/python3.10/site-packages/airflow/example_dags/example_params_ui_tutorial.py
[2025-02-17T22:35:48.401-0600] {logging_mixin.py:190} INFO - [2025-02-17T22:35:48.400-0600] {dag.py:3239} INFO - Sync 1 DAGs
[2025-02-17T22:35:48.416-0600] {logging_mixin.py:190} INFO - [2025-02-17T22:35:48.416-0600] {dag.py:4180} INFO - Setting next_dagrun for example_params_ui_tutorial to None, run_after=None
[2025-02-17T22:35:48.447-0600] {processor.py:208} INFO - Processing /home/dataScience/Projects/Pipeline/venv/lib/python3.10/site-packages/airflow/example_dags/example_params_ui_tutorial.py took 0.127 seconds
[2025-02-17T22:36:49.816-0600] {processor.py:186} INFO - Started process (PID=22962) to work on /home/dataScience/Projects/Pipeline/venv/lib/python3.10/site-packages/airflow/example_dags/example_params_ui_tutorial.py
[2025-02-17T22:36:49.817-0600] {processor.py:914} INFO - Processing file /home/dataScience/Projects/Pipeline/venv/lib/python3.10/site-packages/airflow/example_dags/example_params_ui_tutorial.py for tasks to queue
[2025-02-17T22:36:49.820-0600] {logging_mixin.py:190} INFO - [2025-02-17T22:36:49.819-0600] {dagbag.py:588} INFO - Filling up the DagBag from /home/dataScience/Projects/Pipeline/venv/lib/python3.10/site-packages/airflow/example_dags/example_params_ui_tutorial.py
[2025-02-17T22:36:49.831-0600] {processor.py:925} INFO - DAG(s) 'example_params_ui_tutorial' retrieved from /home/dataScience/Projects/Pipeline/venv/lib/python3.10/site-packages/airflow/example_dags/example_params_ui_tutorial.py
[2025-02-17T22:36:49.887-0600] {logging_mixin.py:190} INFO - [2025-02-17T22:36:49.886-0600] {dag.py:3239} INFO - Sync 1 DAGs
[2025-02-17T22:36:49.902-0600] {logging_mixin.py:190} INFO - [2025-02-17T22:36:49.901-0600] {dag.py:4180} INFO - Setting next_dagrun for example_params_ui_tutorial to None, run_after=None
[2025-02-17T22:36:49.931-0600] {processor.py:208} INFO - Processing /home/dataScience/Projects/Pipeline/venv/lib/python3.10/site-packages/airflow/example_dags/example_params_ui_tutorial.py took 0.124 seconds
[2025-02-17T22:37:46.978-0600] {processor.py:186} INFO - Started process (PID=23445) to work on /home/dataScience/Projects/Pipeline/venv/lib/python3.10/site-packages/airflow/example_dags/example_params_ui_tutorial.py
[2025-02-17T22:37:46.980-0600] {processor.py:914} INFO - Processing file /home/dataScience/Projects/Pipeline/venv/lib/python3.10/site-packages/airflow/example_dags/example_params_ui_tutorial.py for tasks to queue
[2025-02-17T22:37:46.984-0600] {logging_mixin.py:190} INFO - [2025-02-17T22:37:46.984-0600] {dagbag.py:588} INFO - Filling up the DagBag from /home/dataScience/Projects/Pipeline/venv/lib/python3.10/site-packages/airflow/example_dags/example_params_ui_tutorial.py
[2025-02-17T22:37:46.997-0600] {processor.py:925} INFO - DAG(s) 'example_params_ui_tutorial' retrieved from /home/dataScience/Projects/Pipeline/venv/lib/python3.10/site-packages/airflow/example_dags/example_params_ui_tutorial.py
[2025-02-17T22:37:47.058-0600] {logging_mixin.py:190} INFO - [2025-02-17T22:37:47.057-0600] {dag.py:3239} INFO - Sync 1 DAGs
[2025-02-17T22:37:47.077-0600] {logging_mixin.py:190} INFO - [2025-02-17T22:37:47.077-0600] {dag.py:4180} INFO - Setting next_dagrun for example_params_ui_tutorial to None, run_after=None
[2025-02-17T22:37:47.113-0600] {processor.py:208} INFO - Processing /home/dataScience/Projects/Pipeline/venv/lib/python3.10/site-packages/airflow/example_dags/example_params_ui_tutorial.py took 0.143 seconds
[2025-02-17T22:38:47.269-0600] {processor.py:186} INFO - Started process (PID=23952) to work on /home/dataScience/Projects/Pipeline/venv/lib/python3.10/site-packages/airflow/example_dags/example_params_ui_tutorial.py
[2025-02-17T22:38:47.271-0600] {processor.py:914} INFO - Processing file /home/dataScience/Projects/Pipeline/venv/lib/python3.10/site-packages/airflow/example_dags/example_params_ui_tutorial.py for tasks to queue
[2025-02-17T22:38:47.274-0600] {logging_mixin.py:190} INFO - [2025-02-17T22:38:47.273-0600] {dagbag.py:588} INFO - Filling up the DagBag from /home/dataScience/Projects/Pipeline/venv/lib/python3.10/site-packages/airflow/example_dags/example_params_ui_tutorial.py
[2025-02-17T22:38:47.288-0600] {processor.py:925} INFO - DAG(s) 'example_params_ui_tutorial' retrieved from /home/dataScience/Projects/Pipeline/venv/lib/python3.10/site-packages/airflow/example_dags/example_params_ui_tutorial.py
[2025-02-17T22:38:47.349-0600] {logging_mixin.py:190} INFO - [2025-02-17T22:38:47.349-0600] {dag.py:3239} INFO - Sync 1 DAGs
[2025-02-17T22:38:47.366-0600] {logging_mixin.py:190} INFO - [2025-02-17T22:38:47.365-0600] {dag.py:4180} INFO - Setting next_dagrun for example_params_ui_tutorial to None, run_after=None
[2025-02-17T22:38:47.399-0600] {processor.py:208} INFO - Processing /home/dataScience/Projects/Pipeline/venv/lib/python3.10/site-packages/airflow/example_dags/example_params_ui_tutorial.py took 0.139 seconds
[2025-02-17T22:39:48.907-0600] {processor.py:186} INFO - Started process (PID=24459) to work on /home/dataScience/Projects/Pipeline/venv/lib/python3.10/site-packages/airflow/example_dags/example_params_ui_tutorial.py
[2025-02-17T22:39:48.909-0600] {processor.py:914} INFO - Processing file /home/dataScience/Projects/Pipeline/venv/lib/python3.10/site-packages/airflow/example_dags/example_params_ui_tutorial.py for tasks to queue
[2025-02-17T22:39:48.913-0600] {logging_mixin.py:190} INFO - [2025-02-17T22:39:48.912-0600] {dagbag.py:588} INFO - Filling up the DagBag from /home/dataScience/Projects/Pipeline/venv/lib/python3.10/site-packages/airflow/example_dags/example_params_ui_tutorial.py
[2025-02-17T22:39:48.926-0600] {processor.py:925} INFO - DAG(s) 'example_params_ui_tutorial' retrieved from /home/dataScience/Projects/Pipeline/venv/lib/python3.10/site-packages/airflow/example_dags/example_params_ui_tutorial.py
[2025-02-17T22:39:48.981-0600] {logging_mixin.py:190} INFO - [2025-02-17T22:39:48.981-0600] {dag.py:3239} INFO - Sync 1 DAGs
[2025-02-17T22:39:48.998-0600] {logging_mixin.py:190} INFO - [2025-02-17T22:39:48.998-0600] {dag.py:4180} INFO - Setting next_dagrun for example_params_ui_tutorial to None, run_after=None
[2025-02-17T22:39:49.055-0600] {processor.py:208} INFO - Processing /home/dataScience/Projects/Pipeline/venv/lib/python3.10/site-packages/airflow/example_dags/example_params_ui_tutorial.py took 0.154 seconds
[2025-02-17T22:40:49.558-0600] {processor.py:186} INFO - Started process (PID=24963) to work on /home/dataScience/Projects/Pipeline/venv/lib/python3.10/site-packages/airflow/example_dags/example_params_ui_tutorial.py
[2025-02-17T22:40:49.559-0600] {processor.py:914} INFO - Processing file /home/dataScience/Projects/Pipeline/venv/lib/python3.10/site-packages/airflow/example_dags/example_params_ui_tutorial.py for tasks to queue
[2025-02-17T22:40:49.562-0600] {logging_mixin.py:190} INFO - [2025-02-17T22:40:49.561-0600] {dagbag.py:588} INFO - Filling up the DagBag from /home/dataScience/Projects/Pipeline/venv/lib/python3.10/site-packages/airflow/example_dags/example_params_ui_tutorial.py
[2025-02-17T22:40:49.573-0600] {processor.py:925} INFO - DAG(s) 'example_params_ui_tutorial' retrieved from /home/dataScience/Projects/Pipeline/venv/lib/python3.10/site-packages/airflow/example_dags/example_params_ui_tutorial.py
[2025-02-17T22:40:49.623-0600] {logging_mixin.py:190} INFO - [2025-02-17T22:40:49.622-0600] {dag.py:3239} INFO - Sync 1 DAGs
[2025-02-17T22:40:49.637-0600] {logging_mixin.py:190} INFO - [2025-02-17T22:40:49.637-0600] {dag.py:4180} INFO - Setting next_dagrun for example_params_ui_tutorial to None, run_after=None
[2025-02-17T22:40:49.664-0600] {processor.py:208} INFO - Processing /home/dataScience/Projects/Pipeline/venv/lib/python3.10/site-packages/airflow/example_dags/example_params_ui_tutorial.py took 0.114 seconds
