[2025-02-17T22:32:15.829-0600] {processor.py:186} INFO - Started process (PID=20131) to work on /home/dataScience/Projects/Pipeline/venv/lib/python3.10/site-packages/airflow/example_dags/example_branch_operator_decorator.py
[2025-02-17T22:32:15.830-0600] {processor.py:914} INFO - Processing file /home/dataScience/Projects/Pipeline/venv/lib/python3.10/site-packages/airflow/example_dags/example_branch_operator_decorator.py for tasks to queue
[2025-02-17T22:32:15.833-0600] {logging_mixin.py:190} INFO - [2025-02-17T22:32:15.832-0600] {dagbag.py:588} INFO - Filling up the DagBag from /home/dataScience/Projects/Pipeline/venv/lib/python3.10/site-packages/airflow/example_dags/example_branch_operator_decorator.py
[2025-02-17T22:32:15.866-0600] {processor.py:925} INFO - DAG(s) 'example_branch_python_operator_decorator' retrieved from /home/dataScience/Projects/Pipeline/venv/lib/python3.10/site-packages/airflow/example_dags/example_branch_operator_decorator.py
[2025-02-17T22:32:16.131-0600] {logging_mixin.py:190} INFO - [2025-02-17T22:32:16.130-0600] {override.py:1930} INFO - Created Permission View: can delete on DAG:example_branch_python_operator_decorator
[2025-02-17T22:32:16.151-0600] {logging_mixin.py:190} INFO - [2025-02-17T22:32:16.150-0600] {override.py:1930} INFO - Created Permission View: can edit on DAG:example_branch_python_operator_decorator
[2025-02-17T22:32:16.166-0600] {logging_mixin.py:190} INFO - [2025-02-17T22:32:16.165-0600] {override.py:1930} INFO - Created Permission View: can read on DAG:example_branch_python_operator_decorator
[2025-02-17T22:32:16.195-0600] {logging_mixin.py:190} INFO - [2025-02-17T22:32:16.194-0600] {override.py:1930} INFO - Created Permission View: can create on DAG Run:example_branch_python_operator_decorator
[2025-02-17T22:32:16.216-0600] {logging_mixin.py:190} INFO - [2025-02-17T22:32:16.215-0600] {override.py:1930} INFO - Created Permission View: can delete on DAG Run:example_branch_python_operator_decorator
[2025-02-17T22:32:16.230-0600] {logging_mixin.py:190} INFO - [2025-02-17T22:32:16.229-0600] {override.py:1930} INFO - Created Permission View: menu access on DAG Run:example_branch_python_operator_decorator
[2025-02-17T22:32:16.244-0600] {logging_mixin.py:190} INFO - [2025-02-17T22:32:16.243-0600] {override.py:1930} INFO - Created Permission View: can read on DAG Run:example_branch_python_operator_decorator
[2025-02-17T22:32:16.244-0600] {logging_mixin.py:190} INFO - [2025-02-17T22:32:16.244-0600] {dag.py:3239} INFO - Sync 1 DAGs
[2025-02-17T22:32:16.261-0600] {logging_mixin.py:190} INFO - [2025-02-17T22:32:16.261-0600] {dag.py:3262} INFO - Creating ORM DAG for example_branch_python_operator_decorator
[2025-02-17T22:32:16.280-0600] {logging_mixin.py:190} INFO - [2025-02-17T22:32:16.280-0600] {dag.py:4180} INFO - Setting next_dagrun for example_branch_python_operator_decorator to 2025-02-17 00:00:00+00:00, run_after=2025-02-18 00:00:00+00:00
[2025-02-17T22:32:16.326-0600] {processor.py:208} INFO - Processing /home/dataScience/Projects/Pipeline/venv/lib/python3.10/site-packages/airflow/example_dags/example_branch_operator_decorator.py took 0.505 seconds
[2025-02-17T22:33:27.434-0600] {processor.py:186} INFO - Started process (PID=20918) to work on /home/dataScience/Projects/Pipeline/venv/lib/python3.10/site-packages/airflow/example_dags/example_branch_operator_decorator.py
[2025-02-17T22:33:27.436-0600] {processor.py:914} INFO - Processing file /home/dataScience/Projects/Pipeline/venv/lib/python3.10/site-packages/airflow/example_dags/example_branch_operator_decorator.py for tasks to queue
[2025-02-17T22:33:27.438-0600] {logging_mixin.py:190} INFO - [2025-02-17T22:33:27.437-0600] {dagbag.py:588} INFO - Filling up the DagBag from /home/dataScience/Projects/Pipeline/venv/lib/python3.10/site-packages/airflow/example_dags/example_branch_operator_decorator.py
[2025-02-17T22:33:27.463-0600] {processor.py:925} INFO - DAG(s) 'example_branch_python_operator_decorator' retrieved from /home/dataScience/Projects/Pipeline/venv/lib/python3.10/site-packages/airflow/example_dags/example_branch_operator_decorator.py
[2025-02-17T22:33:27.490-0600] {logging_mixin.py:190} INFO - [2025-02-17T22:33:27.489-0600] {dag.py:3239} INFO - Sync 1 DAGs
[2025-02-17T22:33:27.551-0600] {logging_mixin.py:190} INFO - [2025-02-17T22:33:27.551-0600] {dag.py:4180} INFO - Setting next_dagrun for example_branch_python_operator_decorator to 2025-02-17 00:00:00+00:00, run_after=2025-02-18 00:00:00+00:00
[2025-02-17T22:33:27.597-0600] {processor.py:208} INFO - Processing /home/dataScience/Projects/Pipeline/venv/lib/python3.10/site-packages/airflow/example_dags/example_branch_operator_decorator.py took 0.170 seconds
[2025-02-17T22:34:29.742-0600] {processor.py:186} INFO - Started process (PID=21629) to work on /home/dataScience/Projects/Pipeline/venv/lib/python3.10/site-packages/airflow/example_dags/example_branch_operator_decorator.py
[2025-02-17T22:34:29.745-0600] {processor.py:914} INFO - Processing file /home/dataScience/Projects/Pipeline/venv/lib/python3.10/site-packages/airflow/example_dags/example_branch_operator_decorator.py for tasks to queue
[2025-02-17T22:34:29.749-0600] {logging_mixin.py:190} INFO - [2025-02-17T22:34:29.748-0600] {dagbag.py:588} INFO - Filling up the DagBag from /home/dataScience/Projects/Pipeline/venv/lib/python3.10/site-packages/airflow/example_dags/example_branch_operator_decorator.py
[2025-02-17T22:34:29.787-0600] {processor.py:925} INFO - DAG(s) 'example_branch_python_operator_decorator' retrieved from /home/dataScience/Projects/Pipeline/venv/lib/python3.10/site-packages/airflow/example_dags/example_branch_operator_decorator.py
[2025-02-17T22:34:29.818-0600] {logging_mixin.py:190} INFO - [2025-02-17T22:34:29.818-0600] {dag.py:3239} INFO - Sync 1 DAGs
[2025-02-17T22:34:29.847-0600] {logging_mixin.py:190} INFO - [2025-02-17T22:34:29.846-0600] {dag.py:4180} INFO - Setting next_dagrun for example_branch_python_operator_decorator to 2025-02-17 00:00:00+00:00, run_after=2025-02-18 00:00:00+00:00
[2025-02-17T22:34:29.887-0600] {processor.py:208} INFO - Processing /home/dataScience/Projects/Pipeline/venv/lib/python3.10/site-packages/airflow/example_dags/example_branch_operator_decorator.py took 0.153 seconds
[2025-02-17T22:35:33.942-0600] {processor.py:186} INFO - Started process (PID=22283) to work on /home/dataScience/Projects/Pipeline/venv/lib/python3.10/site-packages/airflow/example_dags/example_branch_operator_decorator.py
[2025-02-17T22:35:33.943-0600] {processor.py:914} INFO - Processing file /home/dataScience/Projects/Pipeline/venv/lib/python3.10/site-packages/airflow/example_dags/example_branch_operator_decorator.py for tasks to queue
[2025-02-17T22:35:33.946-0600] {logging_mixin.py:190} INFO - [2025-02-17T22:35:33.946-0600] {dagbag.py:588} INFO - Filling up the DagBag from /home/dataScience/Projects/Pipeline/venv/lib/python3.10/site-packages/airflow/example_dags/example_branch_operator_decorator.py
[2025-02-17T22:35:33.977-0600] {processor.py:925} INFO - DAG(s) 'example_branch_python_operator_decorator' retrieved from /home/dataScience/Projects/Pipeline/venv/lib/python3.10/site-packages/airflow/example_dags/example_branch_operator_decorator.py
[2025-02-17T22:35:34.022-0600] {logging_mixin.py:190} INFO - [2025-02-17T22:35:34.021-0600] {dag.py:3239} INFO - Sync 1 DAGs
[2025-02-17T22:35:34.129-0600] {logging_mixin.py:190} INFO - [2025-02-17T22:35:34.129-0600] {dag.py:4180} INFO - Setting next_dagrun for example_branch_python_operator_decorator to 2025-02-17 00:00:00+00:00, run_after=2025-02-18 00:00:00+00:00
[2025-02-17T22:35:34.185-0600] {processor.py:208} INFO - Processing /home/dataScience/Projects/Pipeline/venv/lib/python3.10/site-packages/airflow/example_dags/example_branch_operator_decorator.py took 0.251 seconds
[2025-02-17T22:36:35.364-0600] {processor.py:186} INFO - Started process (PID=22856) to work on /home/dataScience/Projects/Pipeline/venv/lib/python3.10/site-packages/airflow/example_dags/example_branch_operator_decorator.py
[2025-02-17T22:36:35.368-0600] {processor.py:914} INFO - Processing file /home/dataScience/Projects/Pipeline/venv/lib/python3.10/site-packages/airflow/example_dags/example_branch_operator_decorator.py for tasks to queue
[2025-02-17T22:36:35.371-0600] {logging_mixin.py:190} INFO - [2025-02-17T22:36:35.370-0600] {dagbag.py:588} INFO - Filling up the DagBag from /home/dataScience/Projects/Pipeline/venv/lib/python3.10/site-packages/airflow/example_dags/example_branch_operator_decorator.py
[2025-02-17T22:36:35.401-0600] {processor.py:925} INFO - DAG(s) 'example_branch_python_operator_decorator' retrieved from /home/dataScience/Projects/Pipeline/venv/lib/python3.10/site-packages/airflow/example_dags/example_branch_operator_decorator.py
[2025-02-17T22:36:35.437-0600] {logging_mixin.py:190} INFO - [2025-02-17T22:36:35.437-0600] {dag.py:3239} INFO - Sync 1 DAGs
[2025-02-17T22:36:35.468-0600] {logging_mixin.py:190} INFO - [2025-02-17T22:36:35.468-0600] {dag.py:4180} INFO - Setting next_dagrun for example_branch_python_operator_decorator to 2025-02-17 00:00:00+00:00, run_after=2025-02-18 00:00:00+00:00
[2025-02-17T22:36:35.502-0600] {processor.py:208} INFO - Processing /home/dataScience/Projects/Pipeline/venv/lib/python3.10/site-packages/airflow/example_dags/example_branch_operator_decorator.py took 0.146 seconds
[2025-02-17T22:37:33.446-0600] {processor.py:186} INFO - Started process (PID=23349) to work on /home/dataScience/Projects/Pipeline/venv/lib/python3.10/site-packages/airflow/example_dags/example_branch_operator_decorator.py
[2025-02-17T22:37:33.448-0600] {processor.py:914} INFO - Processing file /home/dataScience/Projects/Pipeline/venv/lib/python3.10/site-packages/airflow/example_dags/example_branch_operator_decorator.py for tasks to queue
[2025-02-17T22:37:33.450-0600] {logging_mixin.py:190} INFO - [2025-02-17T22:37:33.450-0600] {dagbag.py:588} INFO - Filling up the DagBag from /home/dataScience/Projects/Pipeline/venv/lib/python3.10/site-packages/airflow/example_dags/example_branch_operator_decorator.py
[2025-02-17T22:37:33.476-0600] {processor.py:925} INFO - DAG(s) 'example_branch_python_operator_decorator' retrieved from /home/dataScience/Projects/Pipeline/venv/lib/python3.10/site-packages/airflow/example_dags/example_branch_operator_decorator.py
[2025-02-17T22:37:33.505-0600] {logging_mixin.py:190} INFO - [2025-02-17T22:37:33.505-0600] {dag.py:3239} INFO - Sync 1 DAGs
[2025-02-17T22:37:33.529-0600] {logging_mixin.py:190} INFO - [2025-02-17T22:37:33.529-0600] {dag.py:4180} INFO - Setting next_dagrun for example_branch_python_operator_decorator to 2025-02-17 00:00:00+00:00, run_after=2025-02-18 00:00:00+00:00
[2025-02-17T22:37:33.567-0600] {processor.py:208} INFO - Processing /home/dataScience/Projects/Pipeline/venv/lib/python3.10/site-packages/airflow/example_dags/example_branch_operator_decorator.py took 0.128 seconds
[2025-02-17T22:38:30.416-0600] {processor.py:186} INFO - Started process (PID=23829) to work on /home/dataScience/Projects/Pipeline/venv/lib/python3.10/site-packages/airflow/example_dags/example_branch_operator_decorator.py
[2025-02-17T22:38:30.419-0600] {processor.py:914} INFO - Processing file /home/dataScience/Projects/Pipeline/venv/lib/python3.10/site-packages/airflow/example_dags/example_branch_operator_decorator.py for tasks to queue
[2025-02-17T22:38:30.422-0600] {logging_mixin.py:190} INFO - [2025-02-17T22:38:30.421-0600] {dagbag.py:588} INFO - Filling up the DagBag from /home/dataScience/Projects/Pipeline/venv/lib/python3.10/site-packages/airflow/example_dags/example_branch_operator_decorator.py
[2025-02-17T22:38:30.453-0600] {processor.py:925} INFO - DAG(s) 'example_branch_python_operator_decorator' retrieved from /home/dataScience/Projects/Pipeline/venv/lib/python3.10/site-packages/airflow/example_dags/example_branch_operator_decorator.py
[2025-02-17T22:38:30.486-0600] {logging_mixin.py:190} INFO - [2025-02-17T22:38:30.486-0600] {dag.py:3239} INFO - Sync 1 DAGs
[2025-02-17T22:38:30.517-0600] {logging_mixin.py:190} INFO - [2025-02-17T22:38:30.517-0600] {dag.py:4180} INFO - Setting next_dagrun for example_branch_python_operator_decorator to 2025-02-17 00:00:00+00:00, run_after=2025-02-18 00:00:00+00:00
[2025-02-17T22:38:30.551-0600] {processor.py:208} INFO - Processing /home/dataScience/Projects/Pipeline/venv/lib/python3.10/site-packages/airflow/example_dags/example_branch_operator_decorator.py took 0.144 seconds
[2025-02-17T22:39:33.039-0600] {processor.py:186} INFO - Started process (PID=24347) to work on /home/dataScience/Projects/Pipeline/venv/lib/python3.10/site-packages/airflow/example_dags/example_branch_operator_decorator.py
[2025-02-17T22:39:33.041-0600] {processor.py:914} INFO - Processing file /home/dataScience/Projects/Pipeline/venv/lib/python3.10/site-packages/airflow/example_dags/example_branch_operator_decorator.py for tasks to queue
[2025-02-17T22:39:33.045-0600] {logging_mixin.py:190} INFO - [2025-02-17T22:39:33.044-0600] {dagbag.py:588} INFO - Filling up the DagBag from /home/dataScience/Projects/Pipeline/venv/lib/python3.10/site-packages/airflow/example_dags/example_branch_operator_decorator.py
[2025-02-17T22:39:33.076-0600] {processor.py:925} INFO - DAG(s) 'example_branch_python_operator_decorator' retrieved from /home/dataScience/Projects/Pipeline/venv/lib/python3.10/site-packages/airflow/example_dags/example_branch_operator_decorator.py
[2025-02-17T22:39:33.106-0600] {logging_mixin.py:190} INFO - [2025-02-17T22:39:33.106-0600] {dag.py:3239} INFO - Sync 1 DAGs
[2025-02-17T22:39:33.134-0600] {logging_mixin.py:190} INFO - [2025-02-17T22:39:33.134-0600] {dag.py:4180} INFO - Setting next_dagrun for example_branch_python_operator_decorator to 2025-02-17 00:00:00+00:00, run_after=2025-02-18 00:00:00+00:00
[2025-02-17T22:39:33.167-0600] {processor.py:208} INFO - Processing /home/dataScience/Projects/Pipeline/venv/lib/python3.10/site-packages/airflow/example_dags/example_branch_operator_decorator.py took 0.135 seconds
[2025-02-17T22:40:32.671-0600] {processor.py:186} INFO - Started process (PID=24839) to work on /home/dataScience/Projects/Pipeline/venv/lib/python3.10/site-packages/airflow/example_dags/example_branch_operator_decorator.py
[2025-02-17T22:40:32.673-0600] {processor.py:914} INFO - Processing file /home/dataScience/Projects/Pipeline/venv/lib/python3.10/site-packages/airflow/example_dags/example_branch_operator_decorator.py for tasks to queue
[2025-02-17T22:40:32.675-0600] {logging_mixin.py:190} INFO - [2025-02-17T22:40:32.675-0600] {dagbag.py:588} INFO - Filling up the DagBag from /home/dataScience/Projects/Pipeline/venv/lib/python3.10/site-packages/airflow/example_dags/example_branch_operator_decorator.py
[2025-02-17T22:40:32.701-0600] {processor.py:925} INFO - DAG(s) 'example_branch_python_operator_decorator' retrieved from /home/dataScience/Projects/Pipeline/venv/lib/python3.10/site-packages/airflow/example_dags/example_branch_operator_decorator.py
[2025-02-17T22:40:32.729-0600] {logging_mixin.py:190} INFO - [2025-02-17T22:40:32.728-0600] {dag.py:3239} INFO - Sync 1 DAGs
[2025-02-17T22:40:32.753-0600] {logging_mixin.py:190} INFO - [2025-02-17T22:40:32.753-0600] {dag.py:4180} INFO - Setting next_dagrun for example_branch_python_operator_decorator to 2025-02-17 00:00:00+00:00, run_after=2025-02-18 00:00:00+00:00
[2025-02-17T22:40:32.787-0600] {processor.py:208} INFO - Processing /home/dataScience/Projects/Pipeline/venv/lib/python3.10/site-packages/airflow/example_dags/example_branch_operator_decorator.py took 0.123 seconds
[2025-02-17T22:41:32.437-0600] {processor.py:186} INFO - Started process (PID=25339) to work on /home/dataScience/Projects/Pipeline/venv/lib/python3.10/site-packages/airflow/example_dags/example_branch_operator_decorator.py
[2025-02-17T22:41:32.439-0600] {processor.py:914} INFO - Processing file /home/dataScience/Projects/Pipeline/venv/lib/python3.10/site-packages/airflow/example_dags/example_branch_operator_decorator.py for tasks to queue
[2025-02-17T22:41:32.442-0600] {logging_mixin.py:190} INFO - [2025-02-17T22:41:32.441-0600] {dagbag.py:588} INFO - Filling up the DagBag from /home/dataScience/Projects/Pipeline/venv/lib/python3.10/site-packages/airflow/example_dags/example_branch_operator_decorator.py
[2025-02-17T22:41:32.468-0600] {processor.py:925} INFO - DAG(s) 'example_branch_python_operator_decorator' retrieved from /home/dataScience/Projects/Pipeline/venv/lib/python3.10/site-packages/airflow/example_dags/example_branch_operator_decorator.py
[2025-02-17T22:41:32.495-0600] {logging_mixin.py:190} INFO - [2025-02-17T22:41:32.494-0600] {dag.py:3239} INFO - Sync 1 DAGs
[2025-02-17T22:41:32.519-0600] {logging_mixin.py:190} INFO - [2025-02-17T22:41:32.518-0600] {dag.py:4180} INFO - Setting next_dagrun for example_branch_python_operator_decorator to 2025-02-17 00:00:00+00:00, run_after=2025-02-18 00:00:00+00:00
[2025-02-17T22:41:32.548-0600] {processor.py:208} INFO - Processing /home/dataScience/Projects/Pipeline/venv/lib/python3.10/site-packages/airflow/example_dags/example_branch_operator_decorator.py took 0.118 seconds
