[2025-02-17T22:32:44.482-0600] {processor.py:186} INFO - Started process (PID=20461) to work on /home/dataScience/Projects/Pipeline/venv/lib/python3.10/site-packages/airflow/example_dags/example_dataset_alias.py
[2025-02-17T22:32:44.483-0600] {processor.py:914} INFO - Processing file /home/dataScience/Projects/Pipeline/venv/lib/python3.10/site-packages/airflow/example_dags/example_dataset_alias.py for tasks to queue
[2025-02-17T22:32:44.485-0600] {logging_mixin.py:190} INFO - [2025-02-17T22:32:44.485-0600] {dagbag.py:588} INFO - Filling up the DagBag from /home/dataScience/Projects/Pipeline/venv/lib/python3.10/site-packages/airflow/example_dags/example_dataset_alias.py
[2025-02-17T22:32:44.630-0600] {processor.py:925} INFO - DAG(s) 'dataset_s3_bucket_consumer', 'dataset_alias_example_alias_consumer', 'dataset_alias_example_alias_producer', 'dataset_s3_bucket_producer' retrieved from /home/dataScience/Projects/Pipeline/venv/lib/python3.10/site-packages/airflow/example_dags/example_dataset_alias.py
[2025-02-17T22:32:44.747-0600] {logging_mixin.py:190} INFO - [2025-02-17T22:32:44.746-0600] {override.py:1930} INFO - Created Permission View: can delete on DAG:dataset_s3_bucket_consumer
[2025-02-17T22:32:44.778-0600] {logging_mixin.py:190} INFO - [2025-02-17T22:32:44.777-0600] {override.py:1930} INFO - Created Permission View: can edit on DAG:dataset_s3_bucket_consumer
[2025-02-17T22:32:44.792-0600] {logging_mixin.py:190} INFO - [2025-02-17T22:32:44.791-0600] {override.py:1930} INFO - Created Permission View: can read on DAG:dataset_s3_bucket_consumer
[2025-02-17T22:32:44.818-0600] {logging_mixin.py:190} INFO - [2025-02-17T22:32:44.817-0600] {override.py:1930} INFO - Created Permission View: can create on DAG Run:dataset_s3_bucket_consumer
[2025-02-17T22:32:44.833-0600] {logging_mixin.py:190} INFO - [2025-02-17T22:32:44.832-0600] {override.py:1930} INFO - Created Permission View: can delete on DAG Run:dataset_s3_bucket_consumer
[2025-02-17T22:32:44.848-0600] {logging_mixin.py:190} INFO - [2025-02-17T22:32:44.847-0600] {override.py:1930} INFO - Created Permission View: menu access on DAG Run:dataset_s3_bucket_consumer
[2025-02-17T22:32:44.864-0600] {logging_mixin.py:190} INFO - [2025-02-17T22:32:44.863-0600] {override.py:1930} INFO - Created Permission View: can read on DAG Run:dataset_s3_bucket_consumer
[2025-02-17T22:32:44.897-0600] {logging_mixin.py:190} INFO - [2025-02-17T22:32:44.897-0600] {override.py:1930} INFO - Created Permission View: can delete on DAG:dataset_alias_example_alias_consumer
[2025-02-17T22:32:44.916-0600] {logging_mixin.py:190} INFO - [2025-02-17T22:32:44.916-0600] {override.py:1930} INFO - Created Permission View: can edit on DAG:dataset_alias_example_alias_consumer
[2025-02-17T22:32:44.933-0600] {logging_mixin.py:190} INFO - [2025-02-17T22:32:44.933-0600] {override.py:1930} INFO - Created Permission View: can read on DAG:dataset_alias_example_alias_consumer
[2025-02-17T22:32:44.956-0600] {logging_mixin.py:190} INFO - [2025-02-17T22:32:44.956-0600] {override.py:1930} INFO - Created Permission View: can create on DAG Run:dataset_alias_example_alias_consumer
[2025-02-17T22:32:44.971-0600] {logging_mixin.py:190} INFO - [2025-02-17T22:32:44.970-0600] {override.py:1930} INFO - Created Permission View: can delete on DAG Run:dataset_alias_example_alias_consumer
[2025-02-17T22:32:44.985-0600] {logging_mixin.py:190} INFO - [2025-02-17T22:32:44.985-0600] {override.py:1930} INFO - Created Permission View: menu access on DAG Run:dataset_alias_example_alias_consumer
[2025-02-17T22:32:45.000-0600] {logging_mixin.py:190} INFO - [2025-02-17T22:32:44.999-0600] {override.py:1930} INFO - Created Permission View: can read on DAG Run:dataset_alias_example_alias_consumer
[2025-02-17T22:32:45.035-0600] {logging_mixin.py:190} INFO - [2025-02-17T22:32:45.034-0600] {override.py:1930} INFO - Created Permission View: can delete on DAG:dataset_alias_example_alias_producer
[2025-02-17T22:32:45.055-0600] {logging_mixin.py:190} INFO - [2025-02-17T22:32:45.054-0600] {override.py:1930} INFO - Created Permission View: can edit on DAG:dataset_alias_example_alias_producer
[2025-02-17T22:32:45.077-0600] {logging_mixin.py:190} INFO - [2025-02-17T22:32:45.076-0600] {override.py:1930} INFO - Created Permission View: can read on DAG:dataset_alias_example_alias_producer
[2025-02-17T22:32:45.101-0600] {logging_mixin.py:190} INFO - [2025-02-17T22:32:45.101-0600] {override.py:1930} INFO - Created Permission View: can create on DAG Run:dataset_alias_example_alias_producer
[2025-02-17T22:32:45.118-0600] {logging_mixin.py:190} INFO - [2025-02-17T22:32:45.118-0600] {override.py:1930} INFO - Created Permission View: can delete on DAG Run:dataset_alias_example_alias_producer
[2025-02-17T22:32:45.134-0600] {logging_mixin.py:190} INFO - [2025-02-17T22:32:45.133-0600] {override.py:1930} INFO - Created Permission View: menu access on DAG Run:dataset_alias_example_alias_producer
[2025-02-17T22:32:45.148-0600] {logging_mixin.py:190} INFO - [2025-02-17T22:32:45.147-0600] {override.py:1930} INFO - Created Permission View: can read on DAG Run:dataset_alias_example_alias_producer
[2025-02-17T22:32:45.177-0600] {logging_mixin.py:190} INFO - [2025-02-17T22:32:45.177-0600] {override.py:1930} INFO - Created Permission View: can delete on DAG:dataset_s3_bucket_producer
[2025-02-17T22:32:45.191-0600] {logging_mixin.py:190} INFO - [2025-02-17T22:32:45.191-0600] {override.py:1930} INFO - Created Permission View: can edit on DAG:dataset_s3_bucket_producer
[2025-02-17T22:32:45.204-0600] {logging_mixin.py:190} INFO - [2025-02-17T22:32:45.204-0600] {override.py:1930} INFO - Created Permission View: can read on DAG:dataset_s3_bucket_producer
[2025-02-17T22:32:45.226-0600] {logging_mixin.py:190} INFO - [2025-02-17T22:32:45.226-0600] {override.py:1930} INFO - Created Permission View: can create on DAG Run:dataset_s3_bucket_producer
[2025-02-17T22:32:45.241-0600] {logging_mixin.py:190} INFO - [2025-02-17T22:32:45.240-0600] {override.py:1930} INFO - Created Permission View: can delete on DAG Run:dataset_s3_bucket_producer
[2025-02-17T22:32:45.254-0600] {logging_mixin.py:190} INFO - [2025-02-17T22:32:45.254-0600] {override.py:1930} INFO - Created Permission View: menu access on DAG Run:dataset_s3_bucket_producer
[2025-02-17T22:32:45.269-0600] {logging_mixin.py:190} INFO - [2025-02-17T22:32:45.268-0600] {override.py:1930} INFO - Created Permission View: can read on DAG Run:dataset_s3_bucket_producer
[2025-02-17T22:32:45.269-0600] {logging_mixin.py:190} INFO - [2025-02-17T22:32:45.269-0600] {dag.py:3239} INFO - Sync 4 DAGs
[2025-02-17T22:32:45.284-0600] {logging_mixin.py:190} INFO - [2025-02-17T22:32:45.284-0600] {dag.py:3262} INFO - Creating ORM DAG for dataset_s3_bucket_consumer
[2025-02-17T22:32:45.285-0600] {logging_mixin.py:190} INFO - [2025-02-17T22:32:45.285-0600] {dag.py:3262} INFO - Creating ORM DAG for dataset_alias_example_alias_producer
[2025-02-17T22:32:45.285-0600] {logging_mixin.py:190} INFO - [2025-02-17T22:32:45.285-0600] {dag.py:3262} INFO - Creating ORM DAG for dataset_s3_bucket_producer
[2025-02-17T22:32:45.286-0600] {logging_mixin.py:190} INFO - [2025-02-17T22:32:45.286-0600] {dag.py:3262} INFO - Creating ORM DAG for dataset_alias_example_alias_consumer
[2025-02-17T22:32:45.300-0600] {logging_mixin.py:190} INFO - [2025-02-17T22:32:45.300-0600] {dag.py:4180} INFO - Setting next_dagrun for dataset_alias_example_alias_consumer to None, run_after=None
[2025-02-17T22:32:45.301-0600] {logging_mixin.py:190} INFO - [2025-02-17T22:32:45.301-0600] {dag.py:4180} INFO - Setting next_dagrun for dataset_alias_example_alias_producer to None, run_after=None
[2025-02-17T22:32:45.303-0600] {logging_mixin.py:190} INFO - [2025-02-17T22:32:45.302-0600] {dag.py:4180} INFO - Setting next_dagrun for dataset_s3_bucket_consumer to None, run_after=None
[2025-02-17T22:32:45.304-0600] {logging_mixin.py:190} INFO - [2025-02-17T22:32:45.303-0600] {dag.py:4180} INFO - Setting next_dagrun for dataset_s3_bucket_producer to None, run_after=None
[2025-02-17T22:32:45.348-0600] {processor.py:208} INFO - Processing /home/dataScience/Projects/Pipeline/venv/lib/python3.10/site-packages/airflow/example_dags/example_dataset_alias.py took 0.874 seconds
[2025-02-17T22:33:59.216-0600] {processor.py:186} INFO - Started process (PID=21213) to work on /home/dataScience/Projects/Pipeline/venv/lib/python3.10/site-packages/airflow/example_dags/example_dataset_alias.py
[2025-02-17T22:33:59.218-0600] {processor.py:914} INFO - Processing file /home/dataScience/Projects/Pipeline/venv/lib/python3.10/site-packages/airflow/example_dags/example_dataset_alias.py for tasks to queue
[2025-02-17T22:33:59.221-0600] {logging_mixin.py:190} INFO - [2025-02-17T22:33:59.220-0600] {dagbag.py:588} INFO - Filling up the DagBag from /home/dataScience/Projects/Pipeline/venv/lib/python3.10/site-packages/airflow/example_dags/example_dataset_alias.py
[2025-02-17T22:33:59.249-0600] {processor.py:925} INFO - DAG(s) 'dataset_s3_bucket_producer', 'dataset_s3_bucket_consumer', 'dataset_alias_example_alias_producer', 'dataset_alias_example_alias_consumer' retrieved from /home/dataScience/Projects/Pipeline/venv/lib/python3.10/site-packages/airflow/example_dags/example_dataset_alias.py
[2025-02-17T22:33:59.276-0600] {logging_mixin.py:190} INFO - [2025-02-17T22:33:59.276-0600] {dag.py:3239} INFO - Sync 4 DAGs
[2025-02-17T22:33:59.310-0600] {logging_mixin.py:190} INFO - [2025-02-17T22:33:59.309-0600] {dag.py:4180} INFO - Setting next_dagrun for dataset_alias_example_alias_consumer to None, run_after=None
[2025-02-17T22:33:59.313-0600] {logging_mixin.py:190} INFO - [2025-02-17T22:33:59.312-0600] {dag.py:4180} INFO - Setting next_dagrun for dataset_alias_example_alias_producer to None, run_after=None
[2025-02-17T22:33:59.314-0600] {logging_mixin.py:190} INFO - [2025-02-17T22:33:59.314-0600] {dag.py:4180} INFO - Setting next_dagrun for dataset_s3_bucket_consumer to None, run_after=None
[2025-02-17T22:33:59.315-0600] {logging_mixin.py:190} INFO - [2025-02-17T22:33:59.315-0600] {dag.py:4180} INFO - Setting next_dagrun for dataset_s3_bucket_producer to None, run_after=None
[2025-02-17T22:33:59.357-0600] {processor.py:208} INFO - Processing /home/dataScience/Projects/Pipeline/venv/lib/python3.10/site-packages/airflow/example_dags/example_dataset_alias.py took 0.148 seconds
[2025-02-17T22:35:00.302-0600] {processor.py:186} INFO - Started process (PID=21916) to work on /home/dataScience/Projects/Pipeline/venv/lib/python3.10/site-packages/airflow/example_dags/example_dataset_alias.py
[2025-02-17T22:35:00.313-0600] {processor.py:914} INFO - Processing file /home/dataScience/Projects/Pipeline/venv/lib/python3.10/site-packages/airflow/example_dags/example_dataset_alias.py for tasks to queue
[2025-02-17T22:35:00.334-0600] {logging_mixin.py:190} INFO - [2025-02-17T22:35:00.330-0600] {dagbag.py:588} INFO - Filling up the DagBag from /home/dataScience/Projects/Pipeline/venv/lib/python3.10/site-packages/airflow/example_dags/example_dataset_alias.py
[2025-02-17T22:35:00.665-0600] {processor.py:925} INFO - DAG(s) 'dataset_alias_example_alias_producer', 'dataset_s3_bucket_consumer', 'dataset_alias_example_alias_consumer', 'dataset_s3_bucket_producer' retrieved from /home/dataScience/Projects/Pipeline/venv/lib/python3.10/site-packages/airflow/example_dags/example_dataset_alias.py
[2025-02-17T22:35:00.970-0600] {logging_mixin.py:190} INFO - [2025-02-17T22:35:00.969-0600] {dag.py:3239} INFO - Sync 4 DAGs
[2025-02-17T22:35:01.219-0600] {logging_mixin.py:190} INFO - [2025-02-17T22:35:01.218-0600] {dag.py:4180} INFO - Setting next_dagrun for dataset_alias_example_alias_consumer to None, run_after=None
[2025-02-17T22:35:01.230-0600] {logging_mixin.py:190} INFO - [2025-02-17T22:35:01.229-0600] {dag.py:4180} INFO - Setting next_dagrun for dataset_alias_example_alias_producer to None, run_after=None
[2025-02-17T22:35:01.233-0600] {logging_mixin.py:190} INFO - [2025-02-17T22:35:01.232-0600] {dag.py:4180} INFO - Setting next_dagrun for dataset_s3_bucket_consumer to None, run_after=None
[2025-02-17T22:35:01.236-0600] {logging_mixin.py:190} INFO - [2025-02-17T22:35:01.236-0600] {dag.py:4180} INFO - Setting next_dagrun for dataset_s3_bucket_producer to None, run_after=None
[2025-02-17T22:35:01.421-0600] {processor.py:208} INFO - Processing /home/dataScience/Projects/Pipeline/venv/lib/python3.10/site-packages/airflow/example_dags/example_dataset_alias.py took 1.151 seconds
[2025-02-17T22:36:03.601-0600] {processor.py:186} INFO - Started process (PID=22504) to work on /home/dataScience/Projects/Pipeline/venv/lib/python3.10/site-packages/airflow/example_dags/example_dataset_alias.py
[2025-02-17T22:36:03.603-0600] {processor.py:914} INFO - Processing file /home/dataScience/Projects/Pipeline/venv/lib/python3.10/site-packages/airflow/example_dags/example_dataset_alias.py for tasks to queue
[2025-02-17T22:36:03.606-0600] {logging_mixin.py:190} INFO - [2025-02-17T22:36:03.606-0600] {dagbag.py:588} INFO - Filling up the DagBag from /home/dataScience/Projects/Pipeline/venv/lib/python3.10/site-packages/airflow/example_dags/example_dataset_alias.py
[2025-02-17T22:36:03.635-0600] {processor.py:925} INFO - DAG(s) 'dataset_s3_bucket_producer', 'dataset_alias_example_alias_consumer', 'dataset_s3_bucket_consumer', 'dataset_alias_example_alias_producer' retrieved from /home/dataScience/Projects/Pipeline/venv/lib/python3.10/site-packages/airflow/example_dags/example_dataset_alias.py
[2025-02-17T22:36:03.667-0600] {logging_mixin.py:190} INFO - [2025-02-17T22:36:03.666-0600] {dag.py:3239} INFO - Sync 4 DAGs
[2025-02-17T22:36:03.693-0600] {logging_mixin.py:190} INFO - [2025-02-17T22:36:03.692-0600] {dag.py:4180} INFO - Setting next_dagrun for dataset_alias_example_alias_consumer to None, run_after=None
[2025-02-17T22:36:03.696-0600] {logging_mixin.py:190} INFO - [2025-02-17T22:36:03.696-0600] {dag.py:4180} INFO - Setting next_dagrun for dataset_alias_example_alias_producer to None, run_after=None
[2025-02-17T22:36:03.697-0600] {logging_mixin.py:190} INFO - [2025-02-17T22:36:03.697-0600] {dag.py:4180} INFO - Setting next_dagrun for dataset_s3_bucket_consumer to None, run_after=None
[2025-02-17T22:36:03.699-0600] {logging_mixin.py:190} INFO - [2025-02-17T22:36:03.699-0600] {dag.py:4180} INFO - Setting next_dagrun for dataset_s3_bucket_producer to None, run_after=None
[2025-02-17T22:36:03.737-0600] {processor.py:208} INFO - Processing /home/dataScience/Projects/Pipeline/venv/lib/python3.10/site-packages/airflow/example_dags/example_dataset_alias.py took 0.143 seconds
[2025-02-17T22:37:05.309-0600] {processor.py:186} INFO - Started process (PID=23079) to work on /home/dataScience/Projects/Pipeline/venv/lib/python3.10/site-packages/airflow/example_dags/example_dataset_alias.py
[2025-02-17T22:37:05.312-0600] {processor.py:914} INFO - Processing file /home/dataScience/Projects/Pipeline/venv/lib/python3.10/site-packages/airflow/example_dags/example_dataset_alias.py for tasks to queue
[2025-02-17T22:37:05.315-0600] {logging_mixin.py:190} INFO - [2025-02-17T22:37:05.314-0600] {dagbag.py:588} INFO - Filling up the DagBag from /home/dataScience/Projects/Pipeline/venv/lib/python3.10/site-packages/airflow/example_dags/example_dataset_alias.py
[2025-02-17T22:37:05.346-0600] {processor.py:925} INFO - DAG(s) 'dataset_s3_bucket_producer', 'dataset_alias_example_alias_producer', 'dataset_s3_bucket_consumer', 'dataset_alias_example_alias_consumer' retrieved from /home/dataScience/Projects/Pipeline/venv/lib/python3.10/site-packages/airflow/example_dags/example_dataset_alias.py
[2025-02-17T22:37:05.375-0600] {logging_mixin.py:190} INFO - [2025-02-17T22:37:05.375-0600] {dag.py:3239} INFO - Sync 4 DAGs
[2025-02-17T22:37:05.400-0600] {logging_mixin.py:190} INFO - [2025-02-17T22:37:05.399-0600] {dag.py:4180} INFO - Setting next_dagrun for dataset_alias_example_alias_consumer to None, run_after=None
[2025-02-17T22:37:05.405-0600] {logging_mixin.py:190} INFO - [2025-02-17T22:37:05.404-0600] {dag.py:4180} INFO - Setting next_dagrun for dataset_alias_example_alias_producer to None, run_after=None
[2025-02-17T22:37:05.407-0600] {logging_mixin.py:190} INFO - [2025-02-17T22:37:05.406-0600] {dag.py:4180} INFO - Setting next_dagrun for dataset_s3_bucket_consumer to None, run_after=None
[2025-02-17T22:37:05.408-0600] {logging_mixin.py:190} INFO - [2025-02-17T22:37:05.408-0600] {dag.py:4180} INFO - Setting next_dagrun for dataset_s3_bucket_producer to None, run_after=None
[2025-02-17T22:37:05.446-0600] {processor.py:208} INFO - Processing /home/dataScience/Projects/Pipeline/venv/lib/python3.10/site-packages/airflow/example_dags/example_dataset_alias.py took 0.144 seconds
[2025-02-17T22:38:01.511-0600] {processor.py:186} INFO - Started process (PID=23558) to work on /home/dataScience/Projects/Pipeline/venv/lib/python3.10/site-packages/airflow/example_dags/example_dataset_alias.py
[2025-02-17T22:38:01.513-0600] {processor.py:914} INFO - Processing file /home/dataScience/Projects/Pipeline/venv/lib/python3.10/site-packages/airflow/example_dags/example_dataset_alias.py for tasks to queue
[2025-02-17T22:38:01.516-0600] {logging_mixin.py:190} INFO - [2025-02-17T22:38:01.515-0600] {dagbag.py:588} INFO - Filling up the DagBag from /home/dataScience/Projects/Pipeline/venv/lib/python3.10/site-packages/airflow/example_dags/example_dataset_alias.py
[2025-02-17T22:38:01.546-0600] {processor.py:925} INFO - DAG(s) 'dataset_alias_example_alias_consumer', 'dataset_s3_bucket_consumer', 'dataset_s3_bucket_producer', 'dataset_alias_example_alias_producer' retrieved from /home/dataScience/Projects/Pipeline/venv/lib/python3.10/site-packages/airflow/example_dags/example_dataset_alias.py
[2025-02-17T22:38:01.572-0600] {logging_mixin.py:190} INFO - [2025-02-17T22:38:01.572-0600] {dag.py:3239} INFO - Sync 4 DAGs
[2025-02-17T22:38:01.599-0600] {logging_mixin.py:190} INFO - [2025-02-17T22:38:01.598-0600] {dag.py:4180} INFO - Setting next_dagrun for dataset_alias_example_alias_consumer to None, run_after=None
[2025-02-17T22:38:01.602-0600] {logging_mixin.py:190} INFO - [2025-02-17T22:38:01.601-0600] {dag.py:4180} INFO - Setting next_dagrun for dataset_alias_example_alias_producer to None, run_after=None
[2025-02-17T22:38:01.603-0600] {logging_mixin.py:190} INFO - [2025-02-17T22:38:01.603-0600] {dag.py:4180} INFO - Setting next_dagrun for dataset_s3_bucket_consumer to None, run_after=None
[2025-02-17T22:38:01.605-0600] {logging_mixin.py:190} INFO - [2025-02-17T22:38:01.605-0600] {dag.py:4180} INFO - Setting next_dagrun for dataset_s3_bucket_producer to None, run_after=None
[2025-02-17T22:38:01.640-0600] {processor.py:208} INFO - Processing /home/dataScience/Projects/Pipeline/venv/lib/python3.10/site-packages/airflow/example_dags/example_dataset_alias.py took 0.135 seconds
[2025-02-17T22:39:02.003-0600] {processor.py:186} INFO - Started process (PID=24059) to work on /home/dataScience/Projects/Pipeline/venv/lib/python3.10/site-packages/airflow/example_dags/example_dataset_alias.py
[2025-02-17T22:39:02.006-0600] {processor.py:914} INFO - Processing file /home/dataScience/Projects/Pipeline/venv/lib/python3.10/site-packages/airflow/example_dags/example_dataset_alias.py for tasks to queue
[2025-02-17T22:39:02.010-0600] {logging_mixin.py:190} INFO - [2025-02-17T22:39:02.009-0600] {dagbag.py:588} INFO - Filling up the DagBag from /home/dataScience/Projects/Pipeline/venv/lib/python3.10/site-packages/airflow/example_dags/example_dataset_alias.py
[2025-02-17T22:39:02.048-0600] {processor.py:925} INFO - DAG(s) 'dataset_alias_example_alias_consumer', 'dataset_s3_bucket_producer', 'dataset_alias_example_alias_producer', 'dataset_s3_bucket_consumer' retrieved from /home/dataScience/Projects/Pipeline/venv/lib/python3.10/site-packages/airflow/example_dags/example_dataset_alias.py
[2025-02-17T22:39:02.086-0600] {logging_mixin.py:190} INFO - [2025-02-17T22:39:02.085-0600] {dag.py:3239} INFO - Sync 4 DAGs
[2025-02-17T22:39:02.121-0600] {logging_mixin.py:190} INFO - [2025-02-17T22:39:02.121-0600] {dag.py:4180} INFO - Setting next_dagrun for dataset_alias_example_alias_consumer to None, run_after=None
[2025-02-17T22:39:02.125-0600] {logging_mixin.py:190} INFO - [2025-02-17T22:39:02.125-0600] {dag.py:4180} INFO - Setting next_dagrun for dataset_alias_example_alias_producer to None, run_after=None
[2025-02-17T22:39:02.127-0600] {logging_mixin.py:190} INFO - [2025-02-17T22:39:02.127-0600] {dag.py:4180} INFO - Setting next_dagrun for dataset_s3_bucket_consumer to None, run_after=None
[2025-02-17T22:39:02.130-0600] {logging_mixin.py:190} INFO - [2025-02-17T22:39:02.129-0600] {dag.py:4180} INFO - Setting next_dagrun for dataset_s3_bucket_producer to None, run_after=None
[2025-02-17T22:39:02.171-0600] {processor.py:208} INFO - Processing /home/dataScience/Projects/Pipeline/venv/lib/python3.10/site-packages/airflow/example_dags/example_dataset_alias.py took 0.177 seconds
[2025-02-17T22:40:03.365-0600] {processor.py:186} INFO - Started process (PID=24565) to work on /home/dataScience/Projects/Pipeline/venv/lib/python3.10/site-packages/airflow/example_dags/example_dataset_alias.py
[2025-02-17T22:40:03.367-0600] {processor.py:914} INFO - Processing file /home/dataScience/Projects/Pipeline/venv/lib/python3.10/site-packages/airflow/example_dags/example_dataset_alias.py for tasks to queue
[2025-02-17T22:40:03.369-0600] {logging_mixin.py:190} INFO - [2025-02-17T22:40:03.369-0600] {dagbag.py:588} INFO - Filling up the DagBag from /home/dataScience/Projects/Pipeline/venv/lib/python3.10/site-packages/airflow/example_dags/example_dataset_alias.py
[2025-02-17T22:40:03.397-0600] {processor.py:925} INFO - DAG(s) 'dataset_alias_example_alias_consumer', 'dataset_s3_bucket_consumer', 'dataset_alias_example_alias_producer', 'dataset_s3_bucket_producer' retrieved from /home/dataScience/Projects/Pipeline/venv/lib/python3.10/site-packages/airflow/example_dags/example_dataset_alias.py
[2025-02-17T22:40:03.430-0600] {logging_mixin.py:190} INFO - [2025-02-17T22:40:03.430-0600] {dag.py:3239} INFO - Sync 4 DAGs
[2025-02-17T22:40:03.454-0600] {logging_mixin.py:190} INFO - [2025-02-17T22:40:03.454-0600] {dag.py:4180} INFO - Setting next_dagrun for dataset_alias_example_alias_consumer to None, run_after=None
[2025-02-17T22:40:03.457-0600] {logging_mixin.py:190} INFO - [2025-02-17T22:40:03.457-0600] {dag.py:4180} INFO - Setting next_dagrun for dataset_alias_example_alias_producer to None, run_after=None
[2025-02-17T22:40:03.459-0600] {logging_mixin.py:190} INFO - [2025-02-17T22:40:03.458-0600] {dag.py:4180} INFO - Setting next_dagrun for dataset_s3_bucket_consumer to None, run_after=None
[2025-02-17T22:40:03.460-0600] {logging_mixin.py:190} INFO - [2025-02-17T22:40:03.460-0600] {dag.py:4180} INFO - Setting next_dagrun for dataset_s3_bucket_producer to None, run_after=None
[2025-02-17T22:40:03.496-0600] {processor.py:208} INFO - Processing /home/dataScience/Projects/Pipeline/venv/lib/python3.10/site-packages/airflow/example_dags/example_dataset_alias.py took 0.138 seconds
[2025-02-17T22:41:04.220-0600] {processor.py:186} INFO - Started process (PID=25071) to work on /home/dataScience/Projects/Pipeline/venv/lib/python3.10/site-packages/airflow/example_dags/example_dataset_alias.py
[2025-02-17T22:41:04.222-0600] {processor.py:914} INFO - Processing file /home/dataScience/Projects/Pipeline/venv/lib/python3.10/site-packages/airflow/example_dags/example_dataset_alias.py for tasks to queue
[2025-02-17T22:41:04.226-0600] {logging_mixin.py:190} INFO - [2025-02-17T22:41:04.225-0600] {dagbag.py:588} INFO - Filling up the DagBag from /home/dataScience/Projects/Pipeline/venv/lib/python3.10/site-packages/airflow/example_dags/example_dataset_alias.py
[2025-02-17T22:41:04.264-0600] {processor.py:925} INFO - DAG(s) 'dataset_s3_bucket_producer', 'dataset_s3_bucket_consumer', 'dataset_alias_example_alias_consumer', 'dataset_alias_example_alias_producer' retrieved from /home/dataScience/Projects/Pipeline/venv/lib/python3.10/site-packages/airflow/example_dags/example_dataset_alias.py
[2025-02-17T22:41:04.297-0600] {logging_mixin.py:190} INFO - [2025-02-17T22:41:04.296-0600] {dag.py:3239} INFO - Sync 4 DAGs
[2025-02-17T22:41:04.330-0600] {logging_mixin.py:190} INFO - [2025-02-17T22:41:04.330-0600] {dag.py:4180} INFO - Setting next_dagrun for dataset_alias_example_alias_consumer to None, run_after=None
[2025-02-17T22:41:04.335-0600] {logging_mixin.py:190} INFO - [2025-02-17T22:41:04.334-0600] {dag.py:4180} INFO - Setting next_dagrun for dataset_alias_example_alias_producer to None, run_after=None
[2025-02-17T22:41:04.338-0600] {logging_mixin.py:190} INFO - [2025-02-17T22:41:04.337-0600] {dag.py:4180} INFO - Setting next_dagrun for dataset_s3_bucket_consumer to None, run_after=None
[2025-02-17T22:41:04.339-0600] {logging_mixin.py:190} INFO - [2025-02-17T22:41:04.339-0600] {dag.py:4180} INFO - Setting next_dagrun for dataset_s3_bucket_producer to None, run_after=None
[2025-02-17T22:41:04.374-0600] {processor.py:208} INFO - Processing /home/dataScience/Projects/Pipeline/venv/lib/python3.10/site-packages/airflow/example_dags/example_dataset_alias.py took 0.161 seconds
