[2025-02-17T22:31:39.859-0600] {processor.py:186} INFO - Started process (PID=19570) to work on /home/dataScience/Projects/Pipeline/venv/lib/python3.10/site-packages/airflow/example_dags/example_sensor_decorator.py
[2025-02-17T22:31:39.860-0600] {processor.py:914} INFO - Processing file /home/dataScience/Projects/Pipeline/venv/lib/python3.10/site-packages/airflow/example_dags/example_sensor_decorator.py for tasks to queue
[2025-02-17T22:31:39.863-0600] {logging_mixin.py:190} INFO - [2025-02-17T22:31:39.862-0600] {dagbag.py:588} INFO - Filling up the DagBag from /home/dataScience/Projects/Pipeline/venv/lib/python3.10/site-packages/airflow/example_dags/example_sensor_decorator.py
[2025-02-17T22:31:39.874-0600] {processor.py:925} INFO - DAG(s) 'example_sensor_decorator' retrieved from /home/dataScience/Projects/Pipeline/venv/lib/python3.10/site-packages/airflow/example_dags/example_sensor_decorator.py
[2025-02-17T22:31:40.181-0600] {logging_mixin.py:190} INFO - [2025-02-17T22:31:40.180-0600] {override.py:1930} INFO - Created Permission View: can delete on DAG:example_sensor_decorator
[2025-02-17T22:31:40.210-0600] {logging_mixin.py:190} INFO - [2025-02-17T22:31:40.209-0600] {override.py:1930} INFO - Created Permission View: can edit on DAG:example_sensor_decorator
[2025-02-17T22:31:40.229-0600] {logging_mixin.py:190} INFO - [2025-02-17T22:31:40.228-0600] {override.py:1930} INFO - Created Permission View: can read on DAG:example_sensor_decorator
[2025-02-17T22:31:40.258-0600] {logging_mixin.py:190} INFO - [2025-02-17T22:31:40.257-0600] {override.py:1930} INFO - Created Permission View: can create on DAG Run:example_sensor_decorator
[2025-02-17T22:31:40.271-0600] {logging_mixin.py:190} INFO - [2025-02-17T22:31:40.270-0600] {override.py:1930} INFO - Created Permission View: can delete on DAG Run:example_sensor_decorator
[2025-02-17T22:31:40.286-0600] {logging_mixin.py:190} INFO - [2025-02-17T22:31:40.286-0600] {override.py:1930} INFO - Created Permission View: menu access on DAG Run:example_sensor_decorator
[2025-02-17T22:31:40.300-0600] {logging_mixin.py:190} INFO - [2025-02-17T22:31:40.300-0600] {override.py:1930} INFO - Created Permission View: can read on DAG Run:example_sensor_decorator
[2025-02-17T22:31:40.301-0600] {logging_mixin.py:190} INFO - [2025-02-17T22:31:40.300-0600] {dag.py:3239} INFO - Sync 1 DAGs
[2025-02-17T22:31:40.314-0600] {logging_mixin.py:190} INFO - [2025-02-17T22:31:40.313-0600] {dag.py:3262} INFO - Creating ORM DAG for example_sensor_decorator
[2025-02-17T22:31:40.314-0600] {logging_mixin.py:190} INFO - [2025-02-17T22:31:40.314-0600] {dag.py:4180} INFO - Setting next_dagrun for example_sensor_decorator to None, run_after=None
[2025-02-17T22:31:40.346-0600] {processor.py:208} INFO - Processing /home/dataScience/Projects/Pipeline/venv/lib/python3.10/site-packages/airflow/example_dags/example_sensor_decorator.py took 0.494 seconds
[2025-02-17T22:33:00.907-0600] {processor.py:186} INFO - Started process (PID=20580) to work on /home/dataScience/Projects/Pipeline/venv/lib/python3.10/site-packages/airflow/example_dags/example_sensor_decorator.py
[2025-02-17T22:33:00.909-0600] {processor.py:914} INFO - Processing file /home/dataScience/Projects/Pipeline/venv/lib/python3.10/site-packages/airflow/example_dags/example_sensor_decorator.py for tasks to queue
[2025-02-17T22:33:00.912-0600] {logging_mixin.py:190} INFO - [2025-02-17T22:33:00.912-0600] {dagbag.py:588} INFO - Filling up the DagBag from /home/dataScience/Projects/Pipeline/venv/lib/python3.10/site-packages/airflow/example_dags/example_sensor_decorator.py
[2025-02-17T22:33:00.925-0600] {processor.py:925} INFO - DAG(s) 'example_sensor_decorator' retrieved from /home/dataScience/Projects/Pipeline/venv/lib/python3.10/site-packages/airflow/example_dags/example_sensor_decorator.py
[2025-02-17T22:33:00.950-0600] {logging_mixin.py:190} INFO - [2025-02-17T22:33:00.950-0600] {dag.py:3239} INFO - Sync 1 DAGs
[2025-02-17T22:33:00.970-0600] {logging_mixin.py:190} INFO - [2025-02-17T22:33:00.969-0600] {dag.py:4180} INFO - Setting next_dagrun for example_sensor_decorator to None, run_after=None
[2025-02-17T22:33:01.008-0600] {processor.py:208} INFO - Processing /home/dataScience/Projects/Pipeline/venv/lib/python3.10/site-packages/airflow/example_dags/example_sensor_decorator.py took 0.114 seconds
[2025-02-17T22:33:41.774-0600] {processor.py:186} INFO - Started process (PID=21087) to work on /home/dataScience/Projects/Pipeline/venv/lib/python3.10/site-packages/airflow/example_dags/example_sensor_decorator.py
[2025-02-17T22:33:41.777-0600] {processor.py:914} INFO - Processing file /home/dataScience/Projects/Pipeline/venv/lib/python3.10/site-packages/airflow/example_dags/example_sensor_decorator.py for tasks to queue
[2025-02-17T22:33:41.781-0600] {logging_mixin.py:190} INFO - [2025-02-17T22:33:41.780-0600] {dagbag.py:588} INFO - Filling up the DagBag from /home/dataScience/Projects/Pipeline/venv/lib/python3.10/site-packages/airflow/example_dags/example_sensor_decorator.py
[2025-02-17T22:33:41.791-0600] {processor.py:925} INFO - DAG(s) 'example_sensor_decorator' retrieved from /home/dataScience/Projects/Pipeline/venv/lib/python3.10/site-packages/airflow/example_dags/example_sensor_decorator.py
[2025-02-17T22:33:41.812-0600] {logging_mixin.py:190} INFO - [2025-02-17T22:33:41.812-0600] {dag.py:3239} INFO - Sync 1 DAGs
[2025-02-17T22:33:41.831-0600] {logging_mixin.py:190} INFO - [2025-02-17T22:33:41.830-0600] {dag.py:4180} INFO - Setting next_dagrun for example_sensor_decorator to None, run_after=None
[2025-02-17T22:33:41.868-0600] {processor.py:208} INFO - Processing /home/dataScience/Projects/Pipeline/venv/lib/python3.10/site-packages/airflow/example_dags/example_sensor_decorator.py took 0.102 seconds
[2025-02-17T22:34:41.662-0600] {processor.py:186} INFO - Started process (PID=21716) to work on /home/dataScience/Projects/Pipeline/venv/lib/python3.10/site-packages/airflow/example_dags/example_sensor_decorator.py
[2025-02-17T22:34:41.664-0600] {processor.py:914} INFO - Processing file /home/dataScience/Projects/Pipeline/venv/lib/python3.10/site-packages/airflow/example_dags/example_sensor_decorator.py for tasks to queue
[2025-02-17T22:34:41.667-0600] {logging_mixin.py:190} INFO - [2025-02-17T22:34:41.666-0600] {dagbag.py:588} INFO - Filling up the DagBag from /home/dataScience/Projects/Pipeline/venv/lib/python3.10/site-packages/airflow/example_dags/example_sensor_decorator.py
[2025-02-17T22:34:41.677-0600] {processor.py:925} INFO - DAG(s) 'example_sensor_decorator' retrieved from /home/dataScience/Projects/Pipeline/venv/lib/python3.10/site-packages/airflow/example_dags/example_sensor_decorator.py
[2025-02-17T22:34:41.694-0600] {logging_mixin.py:190} INFO - [2025-02-17T22:34:41.694-0600] {dag.py:3239} INFO - Sync 1 DAGs
[2025-02-17T22:34:41.710-0600] {logging_mixin.py:190} INFO - [2025-02-17T22:34:41.710-0600] {dag.py:4180} INFO - Setting next_dagrun for example_sensor_decorator to None, run_after=None
[2025-02-17T22:34:41.755-0600] {processor.py:208} INFO - Processing /home/dataScience/Projects/Pipeline/venv/lib/python3.10/site-packages/airflow/example_dags/example_sensor_decorator.py took 0.101 seconds
[2025-02-17T22:35:45.556-0600] {processor.py:186} INFO - Started process (PID=22369) to work on /home/dataScience/Projects/Pipeline/venv/lib/python3.10/site-packages/airflow/example_dags/example_sensor_decorator.py
[2025-02-17T22:35:45.559-0600] {processor.py:914} INFO - Processing file /home/dataScience/Projects/Pipeline/venv/lib/python3.10/site-packages/airflow/example_dags/example_sensor_decorator.py for tasks to queue
[2025-02-17T22:35:45.562-0600] {logging_mixin.py:190} INFO - [2025-02-17T22:35:45.561-0600] {dagbag.py:588} INFO - Filling up the DagBag from /home/dataScience/Projects/Pipeline/venv/lib/python3.10/site-packages/airflow/example_dags/example_sensor_decorator.py
[2025-02-17T22:35:45.572-0600] {processor.py:925} INFO - DAG(s) 'example_sensor_decorator' retrieved from /home/dataScience/Projects/Pipeline/venv/lib/python3.10/site-packages/airflow/example_dags/example_sensor_decorator.py
[2025-02-17T22:35:45.590-0600] {logging_mixin.py:190} INFO - [2025-02-17T22:35:45.589-0600] {dag.py:3239} INFO - Sync 1 DAGs
[2025-02-17T22:35:45.604-0600] {logging_mixin.py:190} INFO - [2025-02-17T22:35:45.604-0600] {dag.py:4180} INFO - Setting next_dagrun for example_sensor_decorator to None, run_after=None
[2025-02-17T22:35:45.636-0600] {processor.py:208} INFO - Processing /home/dataScience/Projects/Pipeline/venv/lib/python3.10/site-packages/airflow/example_dags/example_sensor_decorator.py took 0.088 seconds
[2025-02-17T22:36:46.888-0600] {processor.py:186} INFO - Started process (PID=22942) to work on /home/dataScience/Projects/Pipeline/venv/lib/python3.10/site-packages/airflow/example_dags/example_sensor_decorator.py
[2025-02-17T22:36:46.890-0600] {processor.py:914} INFO - Processing file /home/dataScience/Projects/Pipeline/venv/lib/python3.10/site-packages/airflow/example_dags/example_sensor_decorator.py for tasks to queue
[2025-02-17T22:36:46.892-0600] {logging_mixin.py:190} INFO - [2025-02-17T22:36:46.892-0600] {dagbag.py:588} INFO - Filling up the DagBag from /home/dataScience/Projects/Pipeline/venv/lib/python3.10/site-packages/airflow/example_dags/example_sensor_decorator.py
[2025-02-17T22:36:46.903-0600] {processor.py:925} INFO - DAG(s) 'example_sensor_decorator' retrieved from /home/dataScience/Projects/Pipeline/venv/lib/python3.10/site-packages/airflow/example_dags/example_sensor_decorator.py
[2025-02-17T22:36:46.923-0600] {logging_mixin.py:190} INFO - [2025-02-17T22:36:46.922-0600] {dag.py:3239} INFO - Sync 1 DAGs
[2025-02-17T22:36:46.942-0600] {logging_mixin.py:190} INFO - [2025-02-17T22:36:46.941-0600] {dag.py:4180} INFO - Setting next_dagrun for example_sensor_decorator to None, run_after=None
[2025-02-17T22:36:46.978-0600] {processor.py:208} INFO - Processing /home/dataScience/Projects/Pipeline/venv/lib/python3.10/site-packages/airflow/example_dags/example_sensor_decorator.py took 0.098 seconds
[2025-02-17T22:37:44.307-0600] {processor.py:186} INFO - Started process (PID=23426) to work on /home/dataScience/Projects/Pipeline/venv/lib/python3.10/site-packages/airflow/example_dags/example_sensor_decorator.py
[2025-02-17T22:37:44.309-0600] {processor.py:914} INFO - Processing file /home/dataScience/Projects/Pipeline/venv/lib/python3.10/site-packages/airflow/example_dags/example_sensor_decorator.py for tasks to queue
[2025-02-17T22:37:44.311-0600] {logging_mixin.py:190} INFO - [2025-02-17T22:37:44.311-0600] {dagbag.py:588} INFO - Filling up the DagBag from /home/dataScience/Projects/Pipeline/venv/lib/python3.10/site-packages/airflow/example_dags/example_sensor_decorator.py
[2025-02-17T22:37:44.321-0600] {processor.py:925} INFO - DAG(s) 'example_sensor_decorator' retrieved from /home/dataScience/Projects/Pipeline/venv/lib/python3.10/site-packages/airflow/example_dags/example_sensor_decorator.py
[2025-02-17T22:37:44.338-0600] {logging_mixin.py:190} INFO - [2025-02-17T22:37:44.338-0600] {dag.py:3239} INFO - Sync 1 DAGs
[2025-02-17T22:37:44.353-0600] {logging_mixin.py:190} INFO - [2025-02-17T22:37:44.353-0600] {dag.py:4180} INFO - Setting next_dagrun for example_sensor_decorator to None, run_after=None
[2025-02-17T22:37:44.382-0600] {processor.py:208} INFO - Processing /home/dataScience/Projects/Pipeline/venv/lib/python3.10/site-packages/airflow/example_dags/example_sensor_decorator.py took 0.082 seconds
[2025-02-17T22:38:39.700-0600] {processor.py:186} INFO - Started process (PID=23899) to work on /home/dataScience/Projects/Pipeline/venv/lib/python3.10/site-packages/airflow/example_dags/example_sensor_decorator.py
[2025-02-17T22:38:39.702-0600] {processor.py:914} INFO - Processing file /home/dataScience/Projects/Pipeline/venv/lib/python3.10/site-packages/airflow/example_dags/example_sensor_decorator.py for tasks to queue
[2025-02-17T22:38:39.707-0600] {logging_mixin.py:190} INFO - [2025-02-17T22:38:39.706-0600] {dagbag.py:588} INFO - Filling up the DagBag from /home/dataScience/Projects/Pipeline/venv/lib/python3.10/site-packages/airflow/example_dags/example_sensor_decorator.py
[2025-02-17T22:38:39.719-0600] {processor.py:925} INFO - DAG(s) 'example_sensor_decorator' retrieved from /home/dataScience/Projects/Pipeline/venv/lib/python3.10/site-packages/airflow/example_dags/example_sensor_decorator.py
[2025-02-17T22:38:39.742-0600] {logging_mixin.py:190} INFO - [2025-02-17T22:38:39.741-0600] {dag.py:3239} INFO - Sync 1 DAGs
[2025-02-17T22:38:39.758-0600] {logging_mixin.py:190} INFO - [2025-02-17T22:38:39.758-0600] {dag.py:4180} INFO - Setting next_dagrun for example_sensor_decorator to None, run_after=None
[2025-02-17T22:38:39.791-0600] {processor.py:208} INFO - Processing /home/dataScience/Projects/Pipeline/venv/lib/python3.10/site-packages/airflow/example_dags/example_sensor_decorator.py took 0.098 seconds
[2025-02-17T22:39:42.351-0600] {processor.py:186} INFO - Started process (PID=24413) to work on /home/dataScience/Projects/Pipeline/venv/lib/python3.10/site-packages/airflow/example_dags/example_sensor_decorator.py
[2025-02-17T22:39:42.353-0600] {processor.py:914} INFO - Processing file /home/dataScience/Projects/Pipeline/venv/lib/python3.10/site-packages/airflow/example_dags/example_sensor_decorator.py for tasks to queue
[2025-02-17T22:39:42.356-0600] {logging_mixin.py:190} INFO - [2025-02-17T22:39:42.355-0600] {dagbag.py:588} INFO - Filling up the DagBag from /home/dataScience/Projects/Pipeline/venv/lib/python3.10/site-packages/airflow/example_dags/example_sensor_decorator.py
[2025-02-17T22:39:42.367-0600] {processor.py:925} INFO - DAG(s) 'example_sensor_decorator' retrieved from /home/dataScience/Projects/Pipeline/venv/lib/python3.10/site-packages/airflow/example_dags/example_sensor_decorator.py
[2025-02-17T22:39:42.388-0600] {logging_mixin.py:190} INFO - [2025-02-17T22:39:42.387-0600] {dag.py:3239} INFO - Sync 1 DAGs
[2025-02-17T22:39:42.405-0600] {logging_mixin.py:190} INFO - [2025-02-17T22:39:42.404-0600] {dag.py:4180} INFO - Setting next_dagrun for example_sensor_decorator to None, run_after=None
[2025-02-17T22:39:42.437-0600] {processor.py:208} INFO - Processing /home/dataScience/Projects/Pipeline/venv/lib/python3.10/site-packages/airflow/example_dags/example_sensor_decorator.py took 0.096 seconds
[2025-02-17T22:40:43.112-0600] {processor.py:186} INFO - Started process (PID=24920) to work on /home/dataScience/Projects/Pipeline/venv/lib/python3.10/site-packages/airflow/example_dags/example_sensor_decorator.py
[2025-02-17T22:40:43.113-0600] {processor.py:914} INFO - Processing file /home/dataScience/Projects/Pipeline/venv/lib/python3.10/site-packages/airflow/example_dags/example_sensor_decorator.py for tasks to queue
[2025-02-17T22:40:43.116-0600] {logging_mixin.py:190} INFO - [2025-02-17T22:40:43.115-0600] {dagbag.py:588} INFO - Filling up the DagBag from /home/dataScience/Projects/Pipeline/venv/lib/python3.10/site-packages/airflow/example_dags/example_sensor_decorator.py
[2025-02-17T22:40:43.126-0600] {processor.py:925} INFO - DAG(s) 'example_sensor_decorator' retrieved from /home/dataScience/Projects/Pipeline/venv/lib/python3.10/site-packages/airflow/example_dags/example_sensor_decorator.py
[2025-02-17T22:40:43.143-0600] {logging_mixin.py:190} INFO - [2025-02-17T22:40:43.143-0600] {dag.py:3239} INFO - Sync 1 DAGs
[2025-02-17T22:40:43.159-0600] {logging_mixin.py:190} INFO - [2025-02-17T22:40:43.158-0600] {dag.py:4180} INFO - Setting next_dagrun for example_sensor_decorator to None, run_after=None
[2025-02-17T22:40:43.188-0600] {processor.py:208} INFO - Processing /home/dataScience/Projects/Pipeline/venv/lib/python3.10/site-packages/airflow/example_dags/example_sensor_decorator.py took 0.084 seconds
