[2025-02-17T22:32:21.406-0600] {processor.py:186} INFO - Started process (PID=20235) to work on /home/dataScience/Projects/Pipeline/venv/lib/python3.10/site-packages/airflow/example_dags/example_latest_only.py
[2025-02-17T22:32:21.407-0600] {processor.py:914} INFO - Processing file /home/dataScience/Projects/Pipeline/venv/lib/python3.10/site-packages/airflow/example_dags/example_latest_only.py for tasks to queue
[2025-02-17T22:32:21.409-0600] {logging_mixin.py:190} INFO - [2025-02-17T22:32:21.409-0600] {dagbag.py:588} INFO - Filling up the DagBag from /home/dataScience/Projects/Pipeline/venv/lib/python3.10/site-packages/airflow/example_dags/example_latest_only.py
[2025-02-17T22:32:21.420-0600] {processor.py:925} INFO - DAG(s) 'latest_only' retrieved from /home/dataScience/Projects/Pipeline/venv/lib/python3.10/site-packages/airflow/example_dags/example_latest_only.py
[2025-02-17T22:32:21.684-0600] {logging_mixin.py:190} INFO - [2025-02-17T22:32:21.683-0600] {override.py:1930} INFO - Created Permission View: can delete on DAG:latest_only
[2025-02-17T22:32:21.702-0600] {logging_mixin.py:190} INFO - [2025-02-17T22:32:21.702-0600] {override.py:1930} INFO - Created Permission View: can edit on DAG:latest_only
[2025-02-17T22:32:21.719-0600] {logging_mixin.py:190} INFO - [2025-02-17T22:32:21.718-0600] {override.py:1930} INFO - Created Permission View: can read on DAG:latest_only
[2025-02-17T22:32:21.749-0600] {logging_mixin.py:190} INFO - [2025-02-17T22:32:21.748-0600] {override.py:1930} INFO - Created Permission View: can create on DAG Run:latest_only
[2025-02-17T22:32:21.764-0600] {logging_mixin.py:190} INFO - [2025-02-17T22:32:21.763-0600] {override.py:1930} INFO - Created Permission View: can delete on DAG Run:latest_only
[2025-02-17T22:32:21.781-0600] {logging_mixin.py:190} INFO - [2025-02-17T22:32:21.780-0600] {override.py:1930} INFO - Created Permission View: menu access on DAG Run:latest_only
[2025-02-17T22:32:21.797-0600] {logging_mixin.py:190} INFO - [2025-02-17T22:32:21.796-0600] {override.py:1930} INFO - Created Permission View: can read on DAG Run:latest_only
[2025-02-17T22:32:21.797-0600] {logging_mixin.py:190} INFO - [2025-02-17T22:32:21.797-0600] {dag.py:3239} INFO - Sync 1 DAGs
[2025-02-17T22:32:21.812-0600] {logging_mixin.py:190} INFO - [2025-02-17T22:32:21.811-0600] {dag.py:3262} INFO - Creating ORM DAG for latest_only
[2025-02-17T22:32:21.822-0600] {logging_mixin.py:190} INFO - [2025-02-17T22:32:21.822-0600] {dag.py:4180} INFO - Setting next_dagrun for latest_only to 2025-02-18 00:00:00+00:00, run_after=2025-02-18 04:00:00+00:00
[2025-02-17T22:32:21.849-0600] {processor.py:208} INFO - Processing /home/dataScience/Projects/Pipeline/venv/lib/python3.10/site-packages/airflow/example_dags/example_latest_only.py took 0.450 seconds
[2025-02-17T22:33:31.497-0600] {processor.py:186} INFO - Started process (PID=21012) to work on /home/dataScience/Projects/Pipeline/venv/lib/python3.10/site-packages/airflow/example_dags/example_latest_only.py
[2025-02-17T22:33:31.499-0600] {processor.py:914} INFO - Processing file /home/dataScience/Projects/Pipeline/venv/lib/python3.10/site-packages/airflow/example_dags/example_latest_only.py for tasks to queue
[2025-02-17T22:33:31.502-0600] {logging_mixin.py:190} INFO - [2025-02-17T22:33:31.502-0600] {dagbag.py:588} INFO - Filling up the DagBag from /home/dataScience/Projects/Pipeline/venv/lib/python3.10/site-packages/airflow/example_dags/example_latest_only.py
[2025-02-17T22:33:31.512-0600] {processor.py:925} INFO - DAG(s) 'latest_only' retrieved from /home/dataScience/Projects/Pipeline/venv/lib/python3.10/site-packages/airflow/example_dags/example_latest_only.py
[2025-02-17T22:33:31.532-0600] {logging_mixin.py:190} INFO - [2025-02-17T22:33:31.531-0600] {dag.py:3239} INFO - Sync 1 DAGs
[2025-02-17T22:33:31.559-0600] {logging_mixin.py:190} INFO - [2025-02-17T22:33:31.559-0600] {dag.py:4180} INFO - Setting next_dagrun for latest_only to 2025-02-18 00:00:00+00:00, run_after=2025-02-18 04:00:00+00:00
[2025-02-17T22:33:31.594-0600] {processor.py:208} INFO - Processing /home/dataScience/Projects/Pipeline/venv/lib/python3.10/site-packages/airflow/example_dags/example_latest_only.py took 0.105 seconds
[2025-02-17T22:34:33.988-0600] {processor.py:186} INFO - Started process (PID=21661) to work on /home/dataScience/Projects/Pipeline/venv/lib/python3.10/site-packages/airflow/example_dags/example_latest_only.py
[2025-02-17T22:34:33.990-0600] {processor.py:914} INFO - Processing file /home/dataScience/Projects/Pipeline/venv/lib/python3.10/site-packages/airflow/example_dags/example_latest_only.py for tasks to queue
[2025-02-17T22:34:33.992-0600] {logging_mixin.py:190} INFO - [2025-02-17T22:34:33.992-0600] {dagbag.py:588} INFO - Filling up the DagBag from /home/dataScience/Projects/Pipeline/venv/lib/python3.10/site-packages/airflow/example_dags/example_latest_only.py
[2025-02-17T22:34:34.002-0600] {processor.py:925} INFO - DAG(s) 'latest_only' retrieved from /home/dataScience/Projects/Pipeline/venv/lib/python3.10/site-packages/airflow/example_dags/example_latest_only.py
[2025-02-17T22:34:34.023-0600] {logging_mixin.py:190} INFO - [2025-02-17T22:34:34.023-0600] {dag.py:3239} INFO - Sync 1 DAGs
[2025-02-17T22:34:34.063-0600] {logging_mixin.py:190} INFO - [2025-02-17T22:34:34.063-0600] {dag.py:4180} INFO - Setting next_dagrun for latest_only to 2025-02-18 00:00:00+00:00, run_after=2025-02-18 04:00:00+00:00
[2025-02-17T22:34:34.099-0600] {processor.py:208} INFO - Processing /home/dataScience/Projects/Pipeline/venv/lib/python3.10/site-packages/airflow/example_dags/example_latest_only.py took 0.118 seconds
[2025-02-17T22:35:38.130-0600] {processor.py:186} INFO - Started process (PID=22315) to work on /home/dataScience/Projects/Pipeline/venv/lib/python3.10/site-packages/airflow/example_dags/example_latest_only.py
[2025-02-17T22:35:38.132-0600] {processor.py:914} INFO - Processing file /home/dataScience/Projects/Pipeline/venv/lib/python3.10/site-packages/airflow/example_dags/example_latest_only.py for tasks to queue
[2025-02-17T22:35:38.135-0600] {logging_mixin.py:190} INFO - [2025-02-17T22:35:38.134-0600] {dagbag.py:588} INFO - Filling up the DagBag from /home/dataScience/Projects/Pipeline/venv/lib/python3.10/site-packages/airflow/example_dags/example_latest_only.py
[2025-02-17T22:35:38.143-0600] {processor.py:925} INFO - DAG(s) 'latest_only' retrieved from /home/dataScience/Projects/Pipeline/venv/lib/python3.10/site-packages/airflow/example_dags/example_latest_only.py
[2025-02-17T22:35:38.161-0600] {logging_mixin.py:190} INFO - [2025-02-17T22:35:38.161-0600] {dag.py:3239} INFO - Sync 1 DAGs
[2025-02-17T22:35:38.185-0600] {logging_mixin.py:190} INFO - [2025-02-17T22:35:38.185-0600] {dag.py:4180} INFO - Setting next_dagrun for latest_only to 2025-02-18 00:00:00+00:00, run_after=2025-02-18 04:00:00+00:00
[2025-02-17T22:35:38.219-0600] {processor.py:208} INFO - Processing /home/dataScience/Projects/Pipeline/venv/lib/python3.10/site-packages/airflow/example_dags/example_latest_only.py took 0.096 seconds
[2025-02-17T22:36:39.465-0600] {processor.py:186} INFO - Started process (PID=22888) to work on /home/dataScience/Projects/Pipeline/venv/lib/python3.10/site-packages/airflow/example_dags/example_latest_only.py
[2025-02-17T22:36:39.467-0600] {processor.py:914} INFO - Processing file /home/dataScience/Projects/Pipeline/venv/lib/python3.10/site-packages/airflow/example_dags/example_latest_only.py for tasks to queue
[2025-02-17T22:36:39.470-0600] {logging_mixin.py:190} INFO - [2025-02-17T22:36:39.469-0600] {dagbag.py:588} INFO - Filling up the DagBag from /home/dataScience/Projects/Pipeline/venv/lib/python3.10/site-packages/airflow/example_dags/example_latest_only.py
[2025-02-17T22:36:39.478-0600] {processor.py:925} INFO - DAG(s) 'latest_only' retrieved from /home/dataScience/Projects/Pipeline/venv/lib/python3.10/site-packages/airflow/example_dags/example_latest_only.py
[2025-02-17T22:36:39.496-0600] {logging_mixin.py:190} INFO - [2025-02-17T22:36:39.496-0600] {dag.py:3239} INFO - Sync 1 DAGs
[2025-02-17T22:36:39.519-0600] {logging_mixin.py:190} INFO - [2025-02-17T22:36:39.519-0600] {dag.py:4180} INFO - Setting next_dagrun for latest_only to 2025-02-18 00:00:00+00:00, run_after=2025-02-18 04:00:00+00:00
[2025-02-17T22:36:39.557-0600] {processor.py:208} INFO - Processing /home/dataScience/Projects/Pipeline/venv/lib/python3.10/site-packages/airflow/example_dags/example_latest_only.py took 0.099 seconds
[2025-02-17T22:37:36.818-0600] {processor.py:186} INFO - Started process (PID=23372) to work on /home/dataScience/Projects/Pipeline/venv/lib/python3.10/site-packages/airflow/example_dags/example_latest_only.py
[2025-02-17T22:37:36.819-0600] {processor.py:914} INFO - Processing file /home/dataScience/Projects/Pipeline/venv/lib/python3.10/site-packages/airflow/example_dags/example_latest_only.py for tasks to queue
[2025-02-17T22:37:36.822-0600] {logging_mixin.py:190} INFO - [2025-02-17T22:37:36.821-0600] {dagbag.py:588} INFO - Filling up the DagBag from /home/dataScience/Projects/Pipeline/venv/lib/python3.10/site-packages/airflow/example_dags/example_latest_only.py
[2025-02-17T22:37:36.831-0600] {processor.py:925} INFO - DAG(s) 'latest_only' retrieved from /home/dataScience/Projects/Pipeline/venv/lib/python3.10/site-packages/airflow/example_dags/example_latest_only.py
[2025-02-17T22:37:36.849-0600] {logging_mixin.py:190} INFO - [2025-02-17T22:37:36.849-0600] {dag.py:3239} INFO - Sync 1 DAGs
[2025-02-17T22:37:36.876-0600] {logging_mixin.py:190} INFO - [2025-02-17T22:37:36.876-0600] {dag.py:4180} INFO - Setting next_dagrun for latest_only to 2025-02-18 00:00:00+00:00, run_after=2025-02-18 04:00:00+00:00
[2025-02-17T22:37:36.905-0600] {processor.py:208} INFO - Processing /home/dataScience/Projects/Pipeline/venv/lib/python3.10/site-packages/airflow/example_dags/example_latest_only.py took 0.094 seconds
[2025-02-17T22:38:44.755-0600] {processor.py:186} INFO - Started process (PID=23934) to work on /home/dataScience/Projects/Pipeline/venv/lib/python3.10/site-packages/airflow/example_dags/example_latest_only.py
[2025-02-17T22:38:44.758-0600] {processor.py:914} INFO - Processing file /home/dataScience/Projects/Pipeline/venv/lib/python3.10/site-packages/airflow/example_dags/example_latest_only.py for tasks to queue
[2025-02-17T22:38:44.762-0600] {logging_mixin.py:190} INFO - [2025-02-17T22:38:44.761-0600] {dagbag.py:588} INFO - Filling up the DagBag from /home/dataScience/Projects/Pipeline/venv/lib/python3.10/site-packages/airflow/example_dags/example_latest_only.py
[2025-02-17T22:38:44.773-0600] {processor.py:925} INFO - DAG(s) 'latest_only' retrieved from /home/dataScience/Projects/Pipeline/venv/lib/python3.10/site-packages/airflow/example_dags/example_latest_only.py
[2025-02-17T22:38:44.793-0600] {logging_mixin.py:190} INFO - [2025-02-17T22:38:44.793-0600] {dag.py:3239} INFO - Sync 1 DAGs
[2025-02-17T22:38:44.821-0600] {logging_mixin.py:190} INFO - [2025-02-17T22:38:44.821-0600] {dag.py:4180} INFO - Setting next_dagrun for latest_only to 2025-02-18 00:00:00+00:00, run_after=2025-02-18 04:00:00+00:00
[2025-02-17T22:38:44.858-0600] {processor.py:208} INFO - Processing /home/dataScience/Projects/Pipeline/venv/lib/python3.10/site-packages/airflow/example_dags/example_latest_only.py took 0.112 seconds
[2025-02-17T22:39:46.347-0600] {processor.py:186} INFO - Started process (PID=24441) to work on /home/dataScience/Projects/Pipeline/venv/lib/python3.10/site-packages/airflow/example_dags/example_latest_only.py
[2025-02-17T22:39:46.350-0600] {processor.py:914} INFO - Processing file /home/dataScience/Projects/Pipeline/venv/lib/python3.10/site-packages/airflow/example_dags/example_latest_only.py for tasks to queue
[2025-02-17T22:39:46.354-0600] {logging_mixin.py:190} INFO - [2025-02-17T22:39:46.352-0600] {dagbag.py:588} INFO - Filling up the DagBag from /home/dataScience/Projects/Pipeline/venv/lib/python3.10/site-packages/airflow/example_dags/example_latest_only.py
[2025-02-17T22:39:46.364-0600] {processor.py:925} INFO - DAG(s) 'latest_only' retrieved from /home/dataScience/Projects/Pipeline/venv/lib/python3.10/site-packages/airflow/example_dags/example_latest_only.py
[2025-02-17T22:39:46.391-0600] {logging_mixin.py:190} INFO - [2025-02-17T22:39:46.390-0600] {dag.py:3239} INFO - Sync 1 DAGs
[2025-02-17T22:39:46.423-0600] {logging_mixin.py:190} INFO - [2025-02-17T22:39:46.423-0600] {dag.py:4180} INFO - Setting next_dagrun for latest_only to 2025-02-18 00:00:00+00:00, run_after=2025-02-18 04:00:00+00:00
[2025-02-17T22:39:46.460-0600] {processor.py:208} INFO - Processing /home/dataScience/Projects/Pipeline/venv/lib/python3.10/site-packages/airflow/example_dags/example_latest_only.py took 0.122 seconds
[2025-02-17T22:40:47.948-0600] {processor.py:186} INFO - Started process (PID=24954) to work on /home/dataScience/Projects/Pipeline/venv/lib/python3.10/site-packages/airflow/example_dags/example_latest_only.py
[2025-02-17T22:40:47.950-0600] {processor.py:914} INFO - Processing file /home/dataScience/Projects/Pipeline/venv/lib/python3.10/site-packages/airflow/example_dags/example_latest_only.py for tasks to queue
[2025-02-17T22:40:47.955-0600] {logging_mixin.py:190} INFO - [2025-02-17T22:40:47.954-0600] {dagbag.py:588} INFO - Filling up the DagBag from /home/dataScience/Projects/Pipeline/venv/lib/python3.10/site-packages/airflow/example_dags/example_latest_only.py
[2025-02-17T22:40:47.968-0600] {processor.py:925} INFO - DAG(s) 'latest_only' retrieved from /home/dataScience/Projects/Pipeline/venv/lib/python3.10/site-packages/airflow/example_dags/example_latest_only.py
[2025-02-17T22:40:47.989-0600] {logging_mixin.py:190} INFO - [2025-02-17T22:40:47.989-0600] {dag.py:3239} INFO - Sync 1 DAGs
[2025-02-17T22:40:48.018-0600] {logging_mixin.py:190} INFO - [2025-02-17T22:40:48.018-0600] {dag.py:4180} INFO - Setting next_dagrun for latest_only to 2025-02-18 00:00:00+00:00, run_after=2025-02-18 04:00:00+00:00
[2025-02-17T22:40:48.055-0600] {processor.py:208} INFO - Processing /home/dataScience/Projects/Pipeline/venv/lib/python3.10/site-packages/airflow/example_dags/example_latest_only.py took 0.115 seconds
