[2025-02-17T22:31:56.729-0600] {processor.py:186} INFO - Started process (PID=19875) to work on /home/dataScience/Projects/Pipeline/venv/lib/python3.10/site-packages/airflow/example_dags/example_trigger_controller_dag.py
[2025-02-17T22:31:56.730-0600] {processor.py:914} INFO - Processing file /home/dataScience/Projects/Pipeline/venv/lib/python3.10/site-packages/airflow/example_dags/example_trigger_controller_dag.py for tasks to queue
[2025-02-17T22:31:56.732-0600] {logging_mixin.py:190} INFO - [2025-02-17T22:31:56.731-0600] {dagbag.py:588} INFO - Filling up the DagBag from /home/dataScience/Projects/Pipeline/venv/lib/python3.10/site-packages/airflow/example_dags/example_trigger_controller_dag.py
[2025-02-17T22:31:56.741-0600] {processor.py:925} INFO - DAG(s) 'example_trigger_controller_dag' retrieved from /home/dataScience/Projects/Pipeline/venv/lib/python3.10/site-packages/airflow/example_dags/example_trigger_controller_dag.py
[2025-02-17T22:31:57.048-0600] {logging_mixin.py:190} INFO - [2025-02-17T22:31:57.047-0600] {override.py:1930} INFO - Created Permission View: can delete on DAG:example_trigger_controller_dag
[2025-02-17T22:31:57.071-0600] {logging_mixin.py:190} INFO - [2025-02-17T22:31:57.069-0600] {override.py:1930} INFO - Created Permission View: can edit on DAG:example_trigger_controller_dag
[2025-02-17T22:31:57.087-0600] {logging_mixin.py:190} INFO - [2025-02-17T22:31:57.085-0600] {override.py:1930} INFO - Created Permission View: can read on DAG:example_trigger_controller_dag
[2025-02-17T22:31:57.114-0600] {logging_mixin.py:190} INFO - [2025-02-17T22:31:57.113-0600] {override.py:1930} INFO - Created Permission View: can create on DAG Run:example_trigger_controller_dag
[2025-02-17T22:31:57.131-0600] {logging_mixin.py:190} INFO - [2025-02-17T22:31:57.131-0600] {override.py:1930} INFO - Created Permission View: can delete on DAG Run:example_trigger_controller_dag
[2025-02-17T22:31:57.149-0600] {logging_mixin.py:190} INFO - [2025-02-17T22:31:57.148-0600] {override.py:1930} INFO - Created Permission View: menu access on DAG Run:example_trigger_controller_dag
[2025-02-17T22:31:57.165-0600] {logging_mixin.py:190} INFO - [2025-02-17T22:31:57.165-0600] {override.py:1930} INFO - Created Permission View: can read on DAG Run:example_trigger_controller_dag
[2025-02-17T22:31:57.166-0600] {logging_mixin.py:190} INFO - [2025-02-17T22:31:57.166-0600] {dag.py:3239} INFO - Sync 1 DAGs
[2025-02-17T22:31:57.181-0600] {logging_mixin.py:190} INFO - [2025-02-17T22:31:57.181-0600] {dag.py:3262} INFO - Creating ORM DAG for example_trigger_controller_dag
[2025-02-17T22:31:57.197-0600] {logging_mixin.py:190} INFO - [2025-02-17T22:31:57.196-0600] {dag.py:4180} INFO - Setting next_dagrun for example_trigger_controller_dag to 2021-01-01 00:00:00+00:00, run_after=2021-01-01 00:00:00+00:00
[2025-02-17T22:31:57.237-0600] {processor.py:208} INFO - Processing /home/dataScience/Projects/Pipeline/venv/lib/python3.10/site-packages/airflow/example_dags/example_trigger_controller_dag.py took 0.517 seconds
[2025-02-17T22:33:13.692-0600] {processor.py:186} INFO - Started process (PID=20810) to work on /home/dataScience/Projects/Pipeline/venv/lib/python3.10/site-packages/airflow/example_dags/example_trigger_controller_dag.py
[2025-02-17T22:33:13.694-0600] {processor.py:914} INFO - Processing file /home/dataScience/Projects/Pipeline/venv/lib/python3.10/site-packages/airflow/example_dags/example_trigger_controller_dag.py for tasks to queue
[2025-02-17T22:33:13.696-0600] {logging_mixin.py:190} INFO - [2025-02-17T22:33:13.696-0600] {dagbag.py:588} INFO - Filling up the DagBag from /home/dataScience/Projects/Pipeline/venv/lib/python3.10/site-packages/airflow/example_dags/example_trigger_controller_dag.py
[2025-02-17T22:33:13.706-0600] {processor.py:925} INFO - DAG(s) 'example_trigger_controller_dag' retrieved from /home/dataScience/Projects/Pipeline/venv/lib/python3.10/site-packages/airflow/example_dags/example_trigger_controller_dag.py
[2025-02-17T22:33:13.724-0600] {logging_mixin.py:190} INFO - [2025-02-17T22:33:13.723-0600] {dag.py:3239} INFO - Sync 1 DAGs
[2025-02-17T22:33:13.750-0600] {logging_mixin.py:190} INFO - [2025-02-17T22:33:13.750-0600] {dag.py:4180} INFO - Setting next_dagrun for example_trigger_controller_dag to 2021-01-01 00:00:00+00:00, run_after=2021-01-01 00:00:00+00:00
[2025-02-17T22:33:13.788-0600] {processor.py:208} INFO - Processing /home/dataScience/Projects/Pipeline/venv/lib/python3.10/site-packages/airflow/example_dags/example_trigger_controller_dag.py took 0.103 seconds
[2025-02-17T22:34:17.188-0600] {processor.py:186} INFO - Started process (PID=21473) to work on /home/dataScience/Projects/Pipeline/venv/lib/python3.10/site-packages/airflow/example_dags/example_trigger_controller_dag.py
[2025-02-17T22:34:17.190-0600] {processor.py:914} INFO - Processing file /home/dataScience/Projects/Pipeline/venv/lib/python3.10/site-packages/airflow/example_dags/example_trigger_controller_dag.py for tasks to queue
[2025-02-17T22:34:17.193-0600] {logging_mixin.py:190} INFO - [2025-02-17T22:34:17.192-0600] {dagbag.py:588} INFO - Filling up the DagBag from /home/dataScience/Projects/Pipeline/venv/lib/python3.10/site-packages/airflow/example_dags/example_trigger_controller_dag.py
[2025-02-17T22:34:17.200-0600] {processor.py:925} INFO - DAG(s) 'example_trigger_controller_dag' retrieved from /home/dataScience/Projects/Pipeline/venv/lib/python3.10/site-packages/airflow/example_dags/example_trigger_controller_dag.py
[2025-02-17T22:34:17.217-0600] {logging_mixin.py:190} INFO - [2025-02-17T22:34:17.216-0600] {dag.py:3239} INFO - Sync 1 DAGs
[2025-02-17T22:34:17.240-0600] {logging_mixin.py:190} INFO - [2025-02-17T22:34:17.240-0600] {dag.py:4180} INFO - Setting next_dagrun for example_trigger_controller_dag to 2021-01-01 00:00:00+00:00, run_after=2021-01-01 00:00:00+00:00
[2025-02-17T22:34:17.274-0600] {processor.py:208} INFO - Processing /home/dataScience/Projects/Pipeline/venv/lib/python3.10/site-packages/airflow/example_dags/example_trigger_controller_dag.py took 0.094 seconds
[2025-02-17T22:35:21.364-0600] {processor.py:186} INFO - Started process (PID=22131) to work on /home/dataScience/Projects/Pipeline/venv/lib/python3.10/site-packages/airflow/example_dags/example_trigger_controller_dag.py
[2025-02-17T22:35:21.365-0600] {processor.py:914} INFO - Processing file /home/dataScience/Projects/Pipeline/venv/lib/python3.10/site-packages/airflow/example_dags/example_trigger_controller_dag.py for tasks to queue
[2025-02-17T22:35:21.368-0600] {logging_mixin.py:190} INFO - [2025-02-17T22:35:21.368-0600] {dagbag.py:588} INFO - Filling up the DagBag from /home/dataScience/Projects/Pipeline/venv/lib/python3.10/site-packages/airflow/example_dags/example_trigger_controller_dag.py
[2025-02-17T22:35:21.378-0600] {processor.py:925} INFO - DAG(s) 'example_trigger_controller_dag' retrieved from /home/dataScience/Projects/Pipeline/venv/lib/python3.10/site-packages/airflow/example_dags/example_trigger_controller_dag.py
[2025-02-17T22:35:21.396-0600] {logging_mixin.py:190} INFO - [2025-02-17T22:35:21.396-0600] {dag.py:3239} INFO - Sync 1 DAGs
[2025-02-17T22:35:21.421-0600] {logging_mixin.py:190} INFO - [2025-02-17T22:35:21.421-0600] {dag.py:4180} INFO - Setting next_dagrun for example_trigger_controller_dag to 2021-01-01 00:00:00+00:00, run_after=2021-01-01 00:00:00+00:00
[2025-02-17T22:35:21.452-0600] {processor.py:208} INFO - Processing /home/dataScience/Projects/Pipeline/venv/lib/python3.10/site-packages/airflow/example_dags/example_trigger_controller_dag.py took 0.097 seconds
[2025-02-17T22:36:22.173-0600] {processor.py:186} INFO - Started process (PID=22641) to work on /home/dataScience/Projects/Pipeline/venv/lib/python3.10/site-packages/airflow/example_dags/example_trigger_controller_dag.py
[2025-02-17T22:36:22.175-0600] {processor.py:914} INFO - Processing file /home/dataScience/Projects/Pipeline/venv/lib/python3.10/site-packages/airflow/example_dags/example_trigger_controller_dag.py for tasks to queue
[2025-02-17T22:36:22.178-0600] {logging_mixin.py:190} INFO - [2025-02-17T22:36:22.178-0600] {dagbag.py:588} INFO - Filling up the DagBag from /home/dataScience/Projects/Pipeline/venv/lib/python3.10/site-packages/airflow/example_dags/example_trigger_controller_dag.py
[2025-02-17T22:36:22.186-0600] {processor.py:925} INFO - DAG(s) 'example_trigger_controller_dag' retrieved from /home/dataScience/Projects/Pipeline/venv/lib/python3.10/site-packages/airflow/example_dags/example_trigger_controller_dag.py
[2025-02-17T22:36:22.204-0600] {logging_mixin.py:190} INFO - [2025-02-17T22:36:22.203-0600] {dag.py:3239} INFO - Sync 1 DAGs
[2025-02-17T22:36:22.229-0600] {logging_mixin.py:190} INFO - [2025-02-17T22:36:22.229-0600] {dag.py:4180} INFO - Setting next_dagrun for example_trigger_controller_dag to 2021-01-01 00:00:00+00:00, run_after=2021-01-01 00:00:00+00:00
[2025-02-17T22:36:22.257-0600] {processor.py:208} INFO - Processing /home/dataScience/Projects/Pipeline/venv/lib/python3.10/site-packages/airflow/example_dags/example_trigger_controller_dag.py took 0.091 seconds
[2025-02-17T22:37:20.928-0600] {processor.py:186} INFO - Started process (PID=23194) to work on /home/dataScience/Projects/Pipeline/venv/lib/python3.10/site-packages/airflow/example_dags/example_trigger_controller_dag.py
[2025-02-17T22:37:20.930-0600] {processor.py:914} INFO - Processing file /home/dataScience/Projects/Pipeline/venv/lib/python3.10/site-packages/airflow/example_dags/example_trigger_controller_dag.py for tasks to queue
[2025-02-17T22:37:20.934-0600] {logging_mixin.py:190} INFO - [2025-02-17T22:37:20.933-0600] {dagbag.py:588} INFO - Filling up the DagBag from /home/dataScience/Projects/Pipeline/venv/lib/python3.10/site-packages/airflow/example_dags/example_trigger_controller_dag.py
[2025-02-17T22:37:20.946-0600] {processor.py:925} INFO - DAG(s) 'example_trigger_controller_dag' retrieved from /home/dataScience/Projects/Pipeline/venv/lib/python3.10/site-packages/airflow/example_dags/example_trigger_controller_dag.py
[2025-02-17T22:37:20.969-0600] {logging_mixin.py:190} INFO - [2025-02-17T22:37:20.968-0600] {dag.py:3239} INFO - Sync 1 DAGs
[2025-02-17T22:37:20.992-0600] {logging_mixin.py:190} INFO - [2025-02-17T22:37:20.991-0600] {dag.py:4180} INFO - Setting next_dagrun for example_trigger_controller_dag to 2021-01-01 00:00:00+00:00, run_after=2021-01-01 00:00:00+00:00
[2025-02-17T22:37:21.028-0600] {processor.py:208} INFO - Processing /home/dataScience/Projects/Pipeline/venv/lib/python3.10/site-packages/airflow/example_dags/example_trigger_controller_dag.py took 0.111 seconds
[2025-02-17T22:38:16.990-0600] {processor.py:186} INFO - Started process (PID=23668) to work on /home/dataScience/Projects/Pipeline/venv/lib/python3.10/site-packages/airflow/example_dags/example_trigger_controller_dag.py
[2025-02-17T22:38:16.992-0600] {processor.py:914} INFO - Processing file /home/dataScience/Projects/Pipeline/venv/lib/python3.10/site-packages/airflow/example_dags/example_trigger_controller_dag.py for tasks to queue
[2025-02-17T22:38:16.996-0600] {logging_mixin.py:190} INFO - [2025-02-17T22:38:16.995-0600] {dagbag.py:588} INFO - Filling up the DagBag from /home/dataScience/Projects/Pipeline/venv/lib/python3.10/site-packages/airflow/example_dags/example_trigger_controller_dag.py
[2025-02-17T22:38:17.005-0600] {processor.py:925} INFO - DAG(s) 'example_trigger_controller_dag' retrieved from /home/dataScience/Projects/Pipeline/venv/lib/python3.10/site-packages/airflow/example_dags/example_trigger_controller_dag.py
[2025-02-17T22:38:17.027-0600] {logging_mixin.py:190} INFO - [2025-02-17T22:38:17.027-0600] {dag.py:3239} INFO - Sync 1 DAGs
[2025-02-17T22:38:17.056-0600] {logging_mixin.py:190} INFO - [2025-02-17T22:38:17.055-0600] {dag.py:4180} INFO - Setting next_dagrun for example_trigger_controller_dag to 2021-01-01 00:00:00+00:00, run_after=2021-01-01 00:00:00+00:00
[2025-02-17T22:38:17.100-0600] {processor.py:208} INFO - Processing /home/dataScience/Projects/Pipeline/venv/lib/python3.10/site-packages/airflow/example_dags/example_trigger_controller_dag.py took 0.118 seconds
[2025-02-17T22:39:19.852-0600] {processor.py:186} INFO - Started process (PID=24187) to work on /home/dataScience/Projects/Pipeline/venv/lib/python3.10/site-packages/airflow/example_dags/example_trigger_controller_dag.py
[2025-02-17T22:39:19.854-0600] {processor.py:914} INFO - Processing file /home/dataScience/Projects/Pipeline/venv/lib/python3.10/site-packages/airflow/example_dags/example_trigger_controller_dag.py for tasks to queue
[2025-02-17T22:39:19.858-0600] {logging_mixin.py:190} INFO - [2025-02-17T22:39:19.857-0600] {dagbag.py:588} INFO - Filling up the DagBag from /home/dataScience/Projects/Pipeline/venv/lib/python3.10/site-packages/airflow/example_dags/example_trigger_controller_dag.py
[2025-02-17T22:39:19.871-0600] {processor.py:925} INFO - DAG(s) 'example_trigger_controller_dag' retrieved from /home/dataScience/Projects/Pipeline/venv/lib/python3.10/site-packages/airflow/example_dags/example_trigger_controller_dag.py
[2025-02-17T22:39:19.896-0600] {logging_mixin.py:190} INFO - [2025-02-17T22:39:19.895-0600] {dag.py:3239} INFO - Sync 1 DAGs
[2025-02-17T22:39:19.931-0600] {logging_mixin.py:190} INFO - [2025-02-17T22:39:19.931-0600] {dag.py:4180} INFO - Setting next_dagrun for example_trigger_controller_dag to 2021-01-01 00:00:00+00:00, run_after=2021-01-01 00:00:00+00:00
[2025-02-17T22:39:19.969-0600] {processor.py:208} INFO - Processing /home/dataScience/Projects/Pipeline/venv/lib/python3.10/site-packages/airflow/example_dags/example_trigger_controller_dag.py took 0.124 seconds
[2025-02-17T22:40:19.894-0600] {processor.py:186} INFO - Started process (PID=24686) to work on /home/dataScience/Projects/Pipeline/venv/lib/python3.10/site-packages/airflow/example_dags/example_trigger_controller_dag.py
[2025-02-17T22:40:19.897-0600] {processor.py:914} INFO - Processing file /home/dataScience/Projects/Pipeline/venv/lib/python3.10/site-packages/airflow/example_dags/example_trigger_controller_dag.py for tasks to queue
[2025-02-17T22:40:19.900-0600] {logging_mixin.py:190} INFO - [2025-02-17T22:40:19.899-0600] {dagbag.py:588} INFO - Filling up the DagBag from /home/dataScience/Projects/Pipeline/venv/lib/python3.10/site-packages/airflow/example_dags/example_trigger_controller_dag.py
[2025-02-17T22:40:19.909-0600] {processor.py:925} INFO - DAG(s) 'example_trigger_controller_dag' retrieved from /home/dataScience/Projects/Pipeline/venv/lib/python3.10/site-packages/airflow/example_dags/example_trigger_controller_dag.py
[2025-02-17T22:40:19.926-0600] {logging_mixin.py:190} INFO - [2025-02-17T22:40:19.926-0600] {dag.py:3239} INFO - Sync 1 DAGs
[2025-02-17T22:40:19.950-0600] {logging_mixin.py:190} INFO - [2025-02-17T22:40:19.949-0600] {dag.py:4180} INFO - Setting next_dagrun for example_trigger_controller_dag to 2021-01-01 00:00:00+00:00, run_after=2021-01-01 00:00:00+00:00
[2025-02-17T22:40:19.979-0600] {processor.py:208} INFO - Processing /home/dataScience/Projects/Pipeline/venv/lib/python3.10/site-packages/airflow/example_dags/example_trigger_controller_dag.py took 0.093 seconds
[2025-02-17T22:41:20.049-0600] {processor.py:186} INFO - Started process (PID=25188) to work on /home/dataScience/Projects/Pipeline/venv/lib/python3.10/site-packages/airflow/example_dags/example_trigger_controller_dag.py
[2025-02-17T22:41:20.051-0600] {processor.py:914} INFO - Processing file /home/dataScience/Projects/Pipeline/venv/lib/python3.10/site-packages/airflow/example_dags/example_trigger_controller_dag.py for tasks to queue
[2025-02-17T22:41:20.054-0600] {logging_mixin.py:190} INFO - [2025-02-17T22:41:20.053-0600] {dagbag.py:588} INFO - Filling up the DagBag from /home/dataScience/Projects/Pipeline/venv/lib/python3.10/site-packages/airflow/example_dags/example_trigger_controller_dag.py
[2025-02-17T22:41:20.064-0600] {processor.py:925} INFO - DAG(s) 'example_trigger_controller_dag' retrieved from /home/dataScience/Projects/Pipeline/venv/lib/python3.10/site-packages/airflow/example_dags/example_trigger_controller_dag.py
[2025-02-17T22:41:20.084-0600] {logging_mixin.py:190} INFO - [2025-02-17T22:41:20.084-0600] {dag.py:3239} INFO - Sync 1 DAGs
[2025-02-17T22:41:20.119-0600] {logging_mixin.py:190} INFO - [2025-02-17T22:41:20.118-0600] {dag.py:4180} INFO - Setting next_dagrun for example_trigger_controller_dag to 2021-01-01 00:00:00+00:00, run_after=2021-01-01 00:00:00+00:00
[2025-02-17T22:41:20.160-0600] {processor.py:208} INFO - Processing /home/dataScience/Projects/Pipeline/venv/lib/python3.10/site-packages/airflow/example_dags/example_trigger_controller_dag.py took 0.119 seconds
