[2025-02-17T22:32:50.343-0600] {processor.py:186} INFO - Started process (PID=20500) to work on /home/dataScience/Projects/Pipeline/venv/lib/python3.10/site-packages/airflow/example_dags/example_bash_operator.py
[2025-02-17T22:32:50.344-0600] {processor.py:914} INFO - Processing file /home/dataScience/Projects/Pipeline/venv/lib/python3.10/site-packages/airflow/example_dags/example_bash_operator.py for tasks to queue
[2025-02-17T22:32:50.346-0600] {logging_mixin.py:190} INFO - [2025-02-17T22:32:50.346-0600] {dagbag.py:588} INFO - Filling up the DagBag from /home/dataScience/Projects/Pipeline/venv/lib/python3.10/site-packages/airflow/example_dags/example_bash_operator.py
[2025-02-17T22:32:50.476-0600] {processor.py:925} INFO - DAG(s) 'example_bash_operator' retrieved from /home/dataScience/Projects/Pipeline/venv/lib/python3.10/site-packages/airflow/example_dags/example_bash_operator.py
[2025-02-17T22:32:50.631-0600] {logging_mixin.py:190} INFO - [2025-02-17T22:32:50.630-0600] {override.py:1930} INFO - Created Permission View: can delete on DAG:example_bash_operator
[2025-02-17T22:32:50.650-0600] {logging_mixin.py:190} INFO - [2025-02-17T22:32:50.649-0600] {override.py:1930} INFO - Created Permission View: can edit on DAG:example_bash_operator
[2025-02-17T22:32:50.665-0600] {logging_mixin.py:190} INFO - [2025-02-17T22:32:50.664-0600] {override.py:1930} INFO - Created Permission View: can read on DAG:example_bash_operator
[2025-02-17T22:32:50.695-0600] {logging_mixin.py:190} INFO - [2025-02-17T22:32:50.694-0600] {override.py:1930} INFO - Created Permission View: can create on DAG Run:example_bash_operator
[2025-02-17T22:32:50.711-0600] {logging_mixin.py:190} INFO - [2025-02-17T22:32:50.710-0600] {override.py:1930} INFO - Created Permission View: can delete on DAG Run:example_bash_operator
[2025-02-17T22:32:50.725-0600] {logging_mixin.py:190} INFO - [2025-02-17T22:32:50.725-0600] {override.py:1930} INFO - Created Permission View: menu access on DAG Run:example_bash_operator
[2025-02-17T22:32:50.741-0600] {logging_mixin.py:190} INFO - [2025-02-17T22:32:50.740-0600] {override.py:1930} INFO - Created Permission View: can read on DAG Run:example_bash_operator
[2025-02-17T22:32:50.741-0600] {logging_mixin.py:190} INFO - [2025-02-17T22:32:50.741-0600] {dag.py:3239} INFO - Sync 1 DAGs
[2025-02-17T22:32:50.754-0600] {logging_mixin.py:190} INFO - [2025-02-17T22:32:50.754-0600] {dag.py:3262} INFO - Creating ORM DAG for example_bash_operator
[2025-02-17T22:32:50.766-0600] {logging_mixin.py:190} INFO - [2025-02-17T22:32:50.766-0600] {dag.py:4180} INFO - Setting next_dagrun for example_bash_operator to 2025-02-17 00:00:00+00:00, run_after=2025-02-18 00:00:00+00:00
[2025-02-17T22:32:50.800-0600] {processor.py:208} INFO - Processing /home/dataScience/Projects/Pipeline/venv/lib/python3.10/site-packages/airflow/example_dags/example_bash_operator.py took 0.463 seconds
[2025-02-17T22:34:03.463-0600] {processor.py:186} INFO - Started process (PID=21246) to work on /home/dataScience/Projects/Pipeline/venv/lib/python3.10/site-packages/airflow/example_dags/example_bash_operator.py
[2025-02-17T22:34:03.465-0600] {processor.py:914} INFO - Processing file /home/dataScience/Projects/Pipeline/venv/lib/python3.10/site-packages/airflow/example_dags/example_bash_operator.py for tasks to queue
[2025-02-17T22:34:03.468-0600] {logging_mixin.py:190} INFO - [2025-02-17T22:34:03.467-0600] {dagbag.py:588} INFO - Filling up the DagBag from /home/dataScience/Projects/Pipeline/venv/lib/python3.10/site-packages/airflow/example_dags/example_bash_operator.py
[2025-02-17T22:34:03.483-0600] {processor.py:925} INFO - DAG(s) 'example_bash_operator' retrieved from /home/dataScience/Projects/Pipeline/venv/lib/python3.10/site-packages/airflow/example_dags/example_bash_operator.py
[2025-02-17T22:34:03.509-0600] {logging_mixin.py:190} INFO - [2025-02-17T22:34:03.509-0600] {dag.py:3239} INFO - Sync 1 DAGs
[2025-02-17T22:34:03.547-0600] {logging_mixin.py:190} INFO - [2025-02-17T22:34:03.547-0600] {dag.py:4180} INFO - Setting next_dagrun for example_bash_operator to 2025-02-17 00:00:00+00:00, run_after=2025-02-18 00:00:00+00:00
[2025-02-17T22:34:03.610-0600] {processor.py:208} INFO - Processing /home/dataScience/Projects/Pipeline/venv/lib/python3.10/site-packages/airflow/example_dags/example_bash_operator.py took 0.155 seconds
[2025-02-17T22:35:05.722-0600] {processor.py:186} INFO - Started process (PID=22017) to work on /home/dataScience/Projects/Pipeline/venv/lib/python3.10/site-packages/airflow/example_dags/example_bash_operator.py
[2025-02-17T22:35:05.724-0600] {processor.py:914} INFO - Processing file /home/dataScience/Projects/Pipeline/venv/lib/python3.10/site-packages/airflow/example_dags/example_bash_operator.py for tasks to queue
[2025-02-17T22:35:05.727-0600] {logging_mixin.py:190} INFO - [2025-02-17T22:35:05.727-0600] {dagbag.py:588} INFO - Filling up the DagBag from /home/dataScience/Projects/Pipeline/venv/lib/python3.10/site-packages/airflow/example_dags/example_bash_operator.py
[2025-02-17T22:35:05.744-0600] {processor.py:925} INFO - DAG(s) 'example_bash_operator' retrieved from /home/dataScience/Projects/Pipeline/venv/lib/python3.10/site-packages/airflow/example_dags/example_bash_operator.py
[2025-02-17T22:35:05.772-0600] {logging_mixin.py:190} INFO - [2025-02-17T22:35:05.772-0600] {dag.py:3239} INFO - Sync 1 DAGs
[2025-02-17T22:35:05.808-0600] {logging_mixin.py:190} INFO - [2025-02-17T22:35:05.808-0600] {dag.py:4180} INFO - Setting next_dagrun for example_bash_operator to 2025-02-17 00:00:00+00:00, run_after=2025-02-18 00:00:00+00:00
[2025-02-17T22:35:05.876-0600] {processor.py:208} INFO - Processing /home/dataScience/Projects/Pipeline/venv/lib/python3.10/site-packages/airflow/example_dags/example_bash_operator.py took 0.161 seconds
[2025-02-17T22:36:08.230-0600] {processor.py:186} INFO - Started process (PID=22538) to work on /home/dataScience/Projects/Pipeline/venv/lib/python3.10/site-packages/airflow/example_dags/example_bash_operator.py
[2025-02-17T22:36:08.232-0600] {processor.py:914} INFO - Processing file /home/dataScience/Projects/Pipeline/venv/lib/python3.10/site-packages/airflow/example_dags/example_bash_operator.py for tasks to queue
[2025-02-17T22:36:08.234-0600] {logging_mixin.py:190} INFO - [2025-02-17T22:36:08.234-0600] {dagbag.py:588} INFO - Filling up the DagBag from /home/dataScience/Projects/Pipeline/venv/lib/python3.10/site-packages/airflow/example_dags/example_bash_operator.py
[2025-02-17T22:36:08.250-0600] {processor.py:925} INFO - DAG(s) 'example_bash_operator' retrieved from /home/dataScience/Projects/Pipeline/venv/lib/python3.10/site-packages/airflow/example_dags/example_bash_operator.py
[2025-02-17T22:36:08.278-0600] {logging_mixin.py:190} INFO - [2025-02-17T22:36:08.277-0600] {dag.py:3239} INFO - Sync 1 DAGs
[2025-02-17T22:36:08.304-0600] {logging_mixin.py:190} INFO - [2025-02-17T22:36:08.304-0600] {dag.py:4180} INFO - Setting next_dagrun for example_bash_operator to 2025-02-17 00:00:00+00:00, run_after=2025-02-18 00:00:00+00:00
[2025-02-17T22:36:08.332-0600] {processor.py:208} INFO - Processing /home/dataScience/Projects/Pipeline/venv/lib/python3.10/site-packages/airflow/example_dags/example_bash_operator.py took 0.109 seconds
[2025-02-17T22:37:09.307-0600] {processor.py:186} INFO - Started process (PID=23110) to work on /home/dataScience/Projects/Pipeline/venv/lib/python3.10/site-packages/airflow/example_dags/example_bash_operator.py
[2025-02-17T22:37:09.308-0600] {processor.py:914} INFO - Processing file /home/dataScience/Projects/Pipeline/venv/lib/python3.10/site-packages/airflow/example_dags/example_bash_operator.py for tasks to queue
[2025-02-17T22:37:09.311-0600] {logging_mixin.py:190} INFO - [2025-02-17T22:37:09.310-0600] {dagbag.py:588} INFO - Filling up the DagBag from /home/dataScience/Projects/Pipeline/venv/lib/python3.10/site-packages/airflow/example_dags/example_bash_operator.py
[2025-02-17T22:37:09.327-0600] {processor.py:925} INFO - DAG(s) 'example_bash_operator' retrieved from /home/dataScience/Projects/Pipeline/venv/lib/python3.10/site-packages/airflow/example_dags/example_bash_operator.py
[2025-02-17T22:37:09.353-0600] {logging_mixin.py:190} INFO - [2025-02-17T22:37:09.353-0600] {dag.py:3239} INFO - Sync 1 DAGs
[2025-02-17T22:37:09.377-0600] {logging_mixin.py:190} INFO - [2025-02-17T22:37:09.376-0600] {dag.py:4180} INFO - Setting next_dagrun for example_bash_operator to 2025-02-17 00:00:00+00:00, run_after=2025-02-18 00:00:00+00:00
[2025-02-17T22:37:09.407-0600] {processor.py:208} INFO - Processing /home/dataScience/Projects/Pipeline/venv/lib/python3.10/site-packages/airflow/example_dags/example_bash_operator.py took 0.107 seconds
[2025-02-17T22:38:33.149-0600] {processor.py:186} INFO - Started process (PID=23848) to work on /home/dataScience/Projects/Pipeline/venv/lib/python3.10/site-packages/airflow/example_dags/example_bash_operator.py
[2025-02-17T22:38:33.150-0600] {processor.py:914} INFO - Processing file /home/dataScience/Projects/Pipeline/venv/lib/python3.10/site-packages/airflow/example_dags/example_bash_operator.py for tasks to queue
[2025-02-17T22:38:33.153-0600] {logging_mixin.py:190} INFO - [2025-02-17T22:38:33.153-0600] {dagbag.py:588} INFO - Filling up the DagBag from /home/dataScience/Projects/Pipeline/venv/lib/python3.10/site-packages/airflow/example_dags/example_bash_operator.py
[2025-02-17T22:38:33.176-0600] {processor.py:925} INFO - DAG(s) 'example_bash_operator' retrieved from /home/dataScience/Projects/Pipeline/venv/lib/python3.10/site-packages/airflow/example_dags/example_bash_operator.py
[2025-02-17T22:38:33.207-0600] {logging_mixin.py:190} INFO - [2025-02-17T22:38:33.207-0600] {dag.py:3239} INFO - Sync 1 DAGs
[2025-02-17T22:38:33.236-0600] {logging_mixin.py:190} INFO - [2025-02-17T22:38:33.236-0600] {dag.py:4180} INFO - Setting next_dagrun for example_bash_operator to 2025-02-17 00:00:00+00:00, run_after=2025-02-18 00:00:00+00:00
[2025-02-17T22:38:33.269-0600] {processor.py:208} INFO - Processing /home/dataScience/Projects/Pipeline/venv/lib/python3.10/site-packages/airflow/example_dags/example_bash_operator.py took 0.130 seconds
[2025-02-17T22:39:35.783-0600] {processor.py:186} INFO - Started process (PID=24366) to work on /home/dataScience/Projects/Pipeline/venv/lib/python3.10/site-packages/airflow/example_dags/example_bash_operator.py
[2025-02-17T22:39:35.786-0600] {processor.py:914} INFO - Processing file /home/dataScience/Projects/Pipeline/venv/lib/python3.10/site-packages/airflow/example_dags/example_bash_operator.py for tasks to queue
[2025-02-17T22:39:35.790-0600] {logging_mixin.py:190} INFO - [2025-02-17T22:39:35.789-0600] {dagbag.py:588} INFO - Filling up the DagBag from /home/dataScience/Projects/Pipeline/venv/lib/python3.10/site-packages/airflow/example_dags/example_bash_operator.py
[2025-02-17T22:39:35.811-0600] {processor.py:925} INFO - DAG(s) 'example_bash_operator' retrieved from /home/dataScience/Projects/Pipeline/venv/lib/python3.10/site-packages/airflow/example_dags/example_bash_operator.py
[2025-02-17T22:39:35.843-0600] {logging_mixin.py:190} INFO - [2025-02-17T22:39:35.842-0600] {dag.py:3239} INFO - Sync 1 DAGs
[2025-02-17T22:39:35.870-0600] {logging_mixin.py:190} INFO - [2025-02-17T22:39:35.870-0600] {dag.py:4180} INFO - Setting next_dagrun for example_bash_operator to 2025-02-17 00:00:00+00:00, run_after=2025-02-18 00:00:00+00:00
[2025-02-17T22:39:35.907-0600] {processor.py:208} INFO - Processing /home/dataScience/Projects/Pipeline/venv/lib/python3.10/site-packages/airflow/example_dags/example_bash_operator.py took 0.133 seconds
[2025-02-17T22:40:36.181-0600] {processor.py:186} INFO - Started process (PID=24868) to work on /home/dataScience/Projects/Pipeline/venv/lib/python3.10/site-packages/airflow/example_dags/example_bash_operator.py
[2025-02-17T22:40:36.187-0600] {processor.py:914} INFO - Processing file /home/dataScience/Projects/Pipeline/venv/lib/python3.10/site-packages/airflow/example_dags/example_bash_operator.py for tasks to queue
[2025-02-17T22:40:36.190-0600] {logging_mixin.py:190} INFO - [2025-02-17T22:40:36.189-0600] {dagbag.py:588} INFO - Filling up the DagBag from /home/dataScience/Projects/Pipeline/venv/lib/python3.10/site-packages/airflow/example_dags/example_bash_operator.py
[2025-02-17T22:40:36.211-0600] {processor.py:925} INFO - DAG(s) 'example_bash_operator' retrieved from /home/dataScience/Projects/Pipeline/venv/lib/python3.10/site-packages/airflow/example_dags/example_bash_operator.py
[2025-02-17T22:40:36.246-0600] {logging_mixin.py:190} INFO - [2025-02-17T22:40:36.245-0600] {dag.py:3239} INFO - Sync 1 DAGs
[2025-02-17T22:40:36.279-0600] {logging_mixin.py:190} INFO - [2025-02-17T22:40:36.279-0600] {dag.py:4180} INFO - Setting next_dagrun for example_bash_operator to 2025-02-17 00:00:00+00:00, run_after=2025-02-18 00:00:00+00:00
[2025-02-17T22:40:36.318-0600] {processor.py:208} INFO - Processing /home/dataScience/Projects/Pipeline/venv/lib/python3.10/site-packages/airflow/example_dags/example_bash_operator.py took 0.146 seconds
