[2025-02-17T22:32:03.811-0600] {processor.py:186} INFO - Started process (PID=19984) to work on /home/dataScience/Projects/Pipeline/venv/lib/python3.10/site-packages/airflow/example_dags/example_time_delta_sensor_async.py
[2025-02-17T22:32:03.812-0600] {processor.py:914} INFO - Processing file /home/dataScience/Projects/Pipeline/venv/lib/python3.10/site-packages/airflow/example_dags/example_time_delta_sensor_async.py for tasks to queue
[2025-02-17T22:32:03.815-0600] {logging_mixin.py:190} INFO - [2025-02-17T22:32:03.814-0600] {dagbag.py:588} INFO - Filling up the DagBag from /home/dataScience/Projects/Pipeline/venv/lib/python3.10/site-packages/airflow/example_dags/example_time_delta_sensor_async.py
[2025-02-17T22:32:03.824-0600] {processor.py:925} INFO - DAG(s) 'example_time_delta_sensor_async' retrieved from /home/dataScience/Projects/Pipeline/venv/lib/python3.10/site-packages/airflow/example_dags/example_time_delta_sensor_async.py
[2025-02-17T22:32:04.075-0600] {logging_mixin.py:190} INFO - [2025-02-17T22:32:04.074-0600] {override.py:1930} INFO - Created Permission View: can delete on DAG:example_time_delta_sensor_async
[2025-02-17T22:32:04.091-0600] {logging_mixin.py:190} INFO - [2025-02-17T22:32:04.090-0600] {override.py:1930} INFO - Created Permission View: can edit on DAG:example_time_delta_sensor_async
[2025-02-17T22:32:04.107-0600] {logging_mixin.py:190} INFO - [2025-02-17T22:32:04.106-0600] {override.py:1930} INFO - Created Permission View: can read on DAG:example_time_delta_sensor_async
[2025-02-17T22:32:04.130-0600] {logging_mixin.py:190} INFO - [2025-02-17T22:32:04.130-0600] {override.py:1930} INFO - Created Permission View: can create on DAG Run:example_time_delta_sensor_async
[2025-02-17T22:32:04.148-0600] {logging_mixin.py:190} INFO - [2025-02-17T22:32:04.147-0600] {override.py:1930} INFO - Created Permission View: can delete on DAG Run:example_time_delta_sensor_async
[2025-02-17T22:32:04.162-0600] {logging_mixin.py:190} INFO - [2025-02-17T22:32:04.162-0600] {override.py:1930} INFO - Created Permission View: menu access on DAG Run:example_time_delta_sensor_async
[2025-02-17T22:32:04.176-0600] {logging_mixin.py:190} INFO - [2025-02-17T22:32:04.176-0600] {override.py:1930} INFO - Created Permission View: can read on DAG Run:example_time_delta_sensor_async
[2025-02-17T22:32:04.177-0600] {logging_mixin.py:190} INFO - [2025-02-17T22:32:04.177-0600] {dag.py:3239} INFO - Sync 1 DAGs
[2025-02-17T22:32:04.189-0600] {logging_mixin.py:190} INFO - [2025-02-17T22:32:04.189-0600] {dag.py:3262} INFO - Creating ORM DAG for example_time_delta_sensor_async
[2025-02-17T22:32:04.190-0600] {logging_mixin.py:190} INFO - [2025-02-17T22:32:04.189-0600] {dag.py:4180} INFO - Setting next_dagrun for example_time_delta_sensor_async to None, run_after=None
[2025-02-17T22:32:04.224-0600] {processor.py:208} INFO - Processing /home/dataScience/Projects/Pipeline/venv/lib/python3.10/site-packages/airflow/example_dags/example_time_delta_sensor_async.py took 0.420 seconds
[2025-02-17T22:33:18.359-0600] {processor.py:186} INFO - Started process (PID=20848) to work on /home/dataScience/Projects/Pipeline/venv/lib/python3.10/site-packages/airflow/example_dags/example_time_delta_sensor_async.py
[2025-02-17T22:33:18.361-0600] {processor.py:914} INFO - Processing file /home/dataScience/Projects/Pipeline/venv/lib/python3.10/site-packages/airflow/example_dags/example_time_delta_sensor_async.py for tasks to queue
[2025-02-17T22:33:18.364-0600] {logging_mixin.py:190} INFO - [2025-02-17T22:33:18.363-0600] {dagbag.py:588} INFO - Filling up the DagBag from /home/dataScience/Projects/Pipeline/venv/lib/python3.10/site-packages/airflow/example_dags/example_time_delta_sensor_async.py
[2025-02-17T22:33:18.371-0600] {processor.py:925} INFO - DAG(s) 'example_time_delta_sensor_async' retrieved from /home/dataScience/Projects/Pipeline/venv/lib/python3.10/site-packages/airflow/example_dags/example_time_delta_sensor_async.py
[2025-02-17T22:33:18.388-0600] {logging_mixin.py:190} INFO - [2025-02-17T22:33:18.388-0600] {dag.py:3239} INFO - Sync 1 DAGs
[2025-02-17T22:33:18.402-0600] {logging_mixin.py:190} INFO - [2025-02-17T22:33:18.402-0600] {dag.py:4180} INFO - Setting next_dagrun for example_time_delta_sensor_async to None, run_after=None
[2025-02-17T22:33:18.433-0600] {processor.py:208} INFO - Processing /home/dataScience/Projects/Pipeline/venv/lib/python3.10/site-packages/airflow/example_dags/example_time_delta_sensor_async.py took 0.081 seconds
[2025-02-17T22:34:21.832-0600] {processor.py:186} INFO - Started process (PID=21509) to work on /home/dataScience/Projects/Pipeline/venv/lib/python3.10/site-packages/airflow/example_dags/example_time_delta_sensor_async.py
[2025-02-17T22:34:21.834-0600] {processor.py:914} INFO - Processing file /home/dataScience/Projects/Pipeline/venv/lib/python3.10/site-packages/airflow/example_dags/example_time_delta_sensor_async.py for tasks to queue
[2025-02-17T22:34:21.836-0600] {logging_mixin.py:190} INFO - [2025-02-17T22:34:21.836-0600] {dagbag.py:588} INFO - Filling up the DagBag from /home/dataScience/Projects/Pipeline/venv/lib/python3.10/site-packages/airflow/example_dags/example_time_delta_sensor_async.py
[2025-02-17T22:34:21.845-0600] {processor.py:925} INFO - DAG(s) 'example_time_delta_sensor_async' retrieved from /home/dataScience/Projects/Pipeline/venv/lib/python3.10/site-packages/airflow/example_dags/example_time_delta_sensor_async.py
[2025-02-17T22:34:21.866-0600] {logging_mixin.py:190} INFO - [2025-02-17T22:34:21.865-0600] {dag.py:3239} INFO - Sync 1 DAGs
[2025-02-17T22:34:21.880-0600] {logging_mixin.py:190} INFO - [2025-02-17T22:34:21.880-0600] {dag.py:4180} INFO - Setting next_dagrun for example_time_delta_sensor_async to None, run_after=None
[2025-02-17T22:34:21.909-0600] {processor.py:208} INFO - Processing /home/dataScience/Projects/Pipeline/venv/lib/python3.10/site-packages/airflow/example_dags/example_time_delta_sensor_async.py took 0.085 seconds
[2025-02-17T22:35:25.364-0600] {processor.py:186} INFO - Started process (PID=22163) to work on /home/dataScience/Projects/Pipeline/venv/lib/python3.10/site-packages/airflow/example_dags/example_time_delta_sensor_async.py
[2025-02-17T22:35:25.366-0600] {processor.py:914} INFO - Processing file /home/dataScience/Projects/Pipeline/venv/lib/python3.10/site-packages/airflow/example_dags/example_time_delta_sensor_async.py for tasks to queue
[2025-02-17T22:35:25.369-0600] {logging_mixin.py:190} INFO - [2025-02-17T22:35:25.368-0600] {dagbag.py:588} INFO - Filling up the DagBag from /home/dataScience/Projects/Pipeline/venv/lib/python3.10/site-packages/airflow/example_dags/example_time_delta_sensor_async.py
[2025-02-17T22:35:25.377-0600] {processor.py:925} INFO - DAG(s) 'example_time_delta_sensor_async' retrieved from /home/dataScience/Projects/Pipeline/venv/lib/python3.10/site-packages/airflow/example_dags/example_time_delta_sensor_async.py
[2025-02-17T22:35:25.396-0600] {logging_mixin.py:190} INFO - [2025-02-17T22:35:25.396-0600] {dag.py:3239} INFO - Sync 1 DAGs
[2025-02-17T22:35:25.411-0600] {logging_mixin.py:190} INFO - [2025-02-17T22:35:25.411-0600] {dag.py:4180} INFO - Setting next_dagrun for example_time_delta_sensor_async to None, run_after=None
[2025-02-17T22:35:25.442-0600] {processor.py:208} INFO - Processing /home/dataScience/Projects/Pipeline/venv/lib/python3.10/site-packages/airflow/example_dags/example_time_delta_sensor_async.py took 0.086 seconds
[2025-02-17T22:36:26.206-0600] {processor.py:186} INFO - Started process (PID=22667) to work on /home/dataScience/Projects/Pipeline/venv/lib/python3.10/site-packages/airflow/example_dags/example_time_delta_sensor_async.py
[2025-02-17T22:36:26.207-0600] {processor.py:914} INFO - Processing file /home/dataScience/Projects/Pipeline/venv/lib/python3.10/site-packages/airflow/example_dags/example_time_delta_sensor_async.py for tasks to queue
[2025-02-17T22:36:26.209-0600] {logging_mixin.py:190} INFO - [2025-02-17T22:36:26.209-0600] {dagbag.py:588} INFO - Filling up the DagBag from /home/dataScience/Projects/Pipeline/venv/lib/python3.10/site-packages/airflow/example_dags/example_time_delta_sensor_async.py
[2025-02-17T22:36:26.222-0600] {processor.py:925} INFO - DAG(s) 'example_time_delta_sensor_async' retrieved from /home/dataScience/Projects/Pipeline/venv/lib/python3.10/site-packages/airflow/example_dags/example_time_delta_sensor_async.py
[2025-02-17T22:36:26.243-0600] {logging_mixin.py:190} INFO - [2025-02-17T22:36:26.243-0600] {dag.py:3239} INFO - Sync 1 DAGs
[2025-02-17T22:36:26.261-0600] {logging_mixin.py:190} INFO - [2025-02-17T22:36:26.261-0600] {dag.py:4180} INFO - Setting next_dagrun for example_time_delta_sensor_async to None, run_after=None
[2025-02-17T22:36:26.297-0600] {processor.py:208} INFO - Processing /home/dataScience/Projects/Pipeline/venv/lib/python3.10/site-packages/airflow/example_dags/example_time_delta_sensor_async.py took 0.100 seconds
[2025-02-17T22:37:24.919-0600] {processor.py:186} INFO - Started process (PID=23223) to work on /home/dataScience/Projects/Pipeline/venv/lib/python3.10/site-packages/airflow/example_dags/example_time_delta_sensor_async.py
[2025-02-17T22:37:24.921-0600] {processor.py:914} INFO - Processing file /home/dataScience/Projects/Pipeline/venv/lib/python3.10/site-packages/airflow/example_dags/example_time_delta_sensor_async.py for tasks to queue
[2025-02-17T22:37:24.924-0600] {logging_mixin.py:190} INFO - [2025-02-17T22:37:24.924-0600] {dagbag.py:588} INFO - Filling up the DagBag from /home/dataScience/Projects/Pipeline/venv/lib/python3.10/site-packages/airflow/example_dags/example_time_delta_sensor_async.py
[2025-02-17T22:37:24.934-0600] {processor.py:925} INFO - DAG(s) 'example_time_delta_sensor_async' retrieved from /home/dataScience/Projects/Pipeline/venv/lib/python3.10/site-packages/airflow/example_dags/example_time_delta_sensor_async.py
[2025-02-17T22:37:24.952-0600] {logging_mixin.py:190} INFO - [2025-02-17T22:37:24.952-0600] {dag.py:3239} INFO - Sync 1 DAGs
[2025-02-17T22:37:24.968-0600] {logging_mixin.py:190} INFO - [2025-02-17T22:37:24.967-0600] {dag.py:4180} INFO - Setting next_dagrun for example_time_delta_sensor_async to None, run_after=None
[2025-02-17T22:37:24.999-0600] {processor.py:208} INFO - Processing /home/dataScience/Projects/Pipeline/venv/lib/python3.10/site-packages/airflow/example_dags/example_time_delta_sensor_async.py took 0.088 seconds
[2025-02-17T22:38:20.285-0600] {processor.py:186} INFO - Started process (PID=23694) to work on /home/dataScience/Projects/Pipeline/venv/lib/python3.10/site-packages/airflow/example_dags/example_time_delta_sensor_async.py
[2025-02-17T22:38:20.288-0600] {processor.py:914} INFO - Processing file /home/dataScience/Projects/Pipeline/venv/lib/python3.10/site-packages/airflow/example_dags/example_time_delta_sensor_async.py for tasks to queue
[2025-02-17T22:38:20.291-0600] {logging_mixin.py:190} INFO - [2025-02-17T22:38:20.291-0600] {dagbag.py:588} INFO - Filling up the DagBag from /home/dataScience/Projects/Pipeline/venv/lib/python3.10/site-packages/airflow/example_dags/example_time_delta_sensor_async.py
[2025-02-17T22:38:20.301-0600] {processor.py:925} INFO - DAG(s) 'example_time_delta_sensor_async' retrieved from /home/dataScience/Projects/Pipeline/venv/lib/python3.10/site-packages/airflow/example_dags/example_time_delta_sensor_async.py
[2025-02-17T22:38:20.324-0600] {logging_mixin.py:190} INFO - [2025-02-17T22:38:20.324-0600] {dag.py:3239} INFO - Sync 1 DAGs
[2025-02-17T22:38:20.348-0600] {logging_mixin.py:190} INFO - [2025-02-17T22:38:20.347-0600] {dag.py:4180} INFO - Setting next_dagrun for example_time_delta_sensor_async to None, run_after=None
[2025-02-17T22:38:20.387-0600] {processor.py:208} INFO - Processing /home/dataScience/Projects/Pipeline/venv/lib/python3.10/site-packages/airflow/example_dags/example_time_delta_sensor_async.py took 0.111 seconds
[2025-02-17T22:39:23.969-0600] {processor.py:186} INFO - Started process (PID=24219) to work on /home/dataScience/Projects/Pipeline/venv/lib/python3.10/site-packages/airflow/example_dags/example_time_delta_sensor_async.py
[2025-02-17T22:39:23.973-0600] {processor.py:914} INFO - Processing file /home/dataScience/Projects/Pipeline/venv/lib/python3.10/site-packages/airflow/example_dags/example_time_delta_sensor_async.py for tasks to queue
[2025-02-17T22:39:23.976-0600] {logging_mixin.py:190} INFO - [2025-02-17T22:39:23.975-0600] {dagbag.py:588} INFO - Filling up the DagBag from /home/dataScience/Projects/Pipeline/venv/lib/python3.10/site-packages/airflow/example_dags/example_time_delta_sensor_async.py
[2025-02-17T22:39:23.988-0600] {processor.py:925} INFO - DAG(s) 'example_time_delta_sensor_async' retrieved from /home/dataScience/Projects/Pipeline/venv/lib/python3.10/site-packages/airflow/example_dags/example_time_delta_sensor_async.py
[2025-02-17T22:39:24.009-0600] {logging_mixin.py:190} INFO - [2025-02-17T22:39:24.009-0600] {dag.py:3239} INFO - Sync 1 DAGs
[2025-02-17T22:39:24.027-0600] {logging_mixin.py:190} INFO - [2025-02-17T22:39:24.027-0600] {dag.py:4180} INFO - Setting next_dagrun for example_time_delta_sensor_async to None, run_after=None
[2025-02-17T22:39:24.063-0600] {processor.py:208} INFO - Processing /home/dataScience/Projects/Pipeline/venv/lib/python3.10/site-packages/airflow/example_dags/example_time_delta_sensor_async.py took 0.103 seconds
[2025-02-17T22:40:22.630-0600] {processor.py:186} INFO - Started process (PID=24707) to work on /home/dataScience/Projects/Pipeline/venv/lib/python3.10/site-packages/airflow/example_dags/example_time_delta_sensor_async.py
[2025-02-17T22:40:22.632-0600] {processor.py:914} INFO - Processing file /home/dataScience/Projects/Pipeline/venv/lib/python3.10/site-packages/airflow/example_dags/example_time_delta_sensor_async.py for tasks to queue
[2025-02-17T22:40:22.636-0600] {logging_mixin.py:190} INFO - [2025-02-17T22:40:22.634-0600] {dagbag.py:588} INFO - Filling up the DagBag from /home/dataScience/Projects/Pipeline/venv/lib/python3.10/site-packages/airflow/example_dags/example_time_delta_sensor_async.py
[2025-02-17T22:40:22.645-0600] {processor.py:925} INFO - DAG(s) 'example_time_delta_sensor_async' retrieved from /home/dataScience/Projects/Pipeline/venv/lib/python3.10/site-packages/airflow/example_dags/example_time_delta_sensor_async.py
[2025-02-17T22:40:22.665-0600] {logging_mixin.py:190} INFO - [2025-02-17T22:40:22.665-0600] {dag.py:3239} INFO - Sync 1 DAGs
[2025-02-17T22:40:22.682-0600] {logging_mixin.py:190} INFO - [2025-02-17T22:40:22.682-0600] {dag.py:4180} INFO - Setting next_dagrun for example_time_delta_sensor_async to None, run_after=None
[2025-02-17T22:40:22.719-0600] {processor.py:208} INFO - Processing /home/dataScience/Projects/Pipeline/venv/lib/python3.10/site-packages/airflow/example_dags/example_time_delta_sensor_async.py took 0.097 seconds
[2025-02-17T22:41:24.493-0600] {processor.py:186} INFO - Started process (PID=25221) to work on /home/dataScience/Projects/Pipeline/venv/lib/python3.10/site-packages/airflow/example_dags/example_time_delta_sensor_async.py
[2025-02-17T22:41:24.496-0600] {processor.py:914} INFO - Processing file /home/dataScience/Projects/Pipeline/venv/lib/python3.10/site-packages/airflow/example_dags/example_time_delta_sensor_async.py for tasks to queue
[2025-02-17T22:41:24.499-0600] {logging_mixin.py:190} INFO - [2025-02-17T22:41:24.499-0600] {dagbag.py:588} INFO - Filling up the DagBag from /home/dataScience/Projects/Pipeline/venv/lib/python3.10/site-packages/airflow/example_dags/example_time_delta_sensor_async.py
[2025-02-17T22:41:24.507-0600] {processor.py:925} INFO - DAG(s) 'example_time_delta_sensor_async' retrieved from /home/dataScience/Projects/Pipeline/venv/lib/python3.10/site-packages/airflow/example_dags/example_time_delta_sensor_async.py
[2025-02-17T22:41:24.524-0600] {logging_mixin.py:190} INFO - [2025-02-17T22:41:24.524-0600] {dag.py:3239} INFO - Sync 1 DAGs
[2025-02-17T22:41:24.538-0600] {logging_mixin.py:190} INFO - [2025-02-17T22:41:24.537-0600] {dag.py:4180} INFO - Setting next_dagrun for example_time_delta_sensor_async to None, run_after=None
[2025-02-17T22:41:24.573-0600] {processor.py:208} INFO - Processing /home/dataScience/Projects/Pipeline/venv/lib/python3.10/site-packages/airflow/example_dags/example_time_delta_sensor_async.py took 0.088 seconds
