[2025-02-17T22:32:17.500-0600] {processor.py:186} INFO - Started process (PID=20169) to work on /home/dataScience/Projects/Pipeline/venv/lib/python3.10/site-packages/airflow/example_dags/example_dynamic_task_mapping.py
[2025-02-17T22:32:17.501-0600] {processor.py:914} INFO - Processing file /home/dataScience/Projects/Pipeline/venv/lib/python3.10/site-packages/airflow/example_dags/example_dynamic_task_mapping.py for tasks to queue
[2025-02-17T22:32:17.508-0600] {logging_mixin.py:190} INFO - [2025-02-17T22:32:17.507-0600] {dagbag.py:588} INFO - Filling up the DagBag from /home/dataScience/Projects/Pipeline/venv/lib/python3.10/site-packages/airflow/example_dags/example_dynamic_task_mapping.py
[2025-02-17T22:32:17.519-0600] {processor.py:925} INFO - DAG(s) 'example_dynamic_task_mapping' retrieved from /home/dataScience/Projects/Pipeline/venv/lib/python3.10/site-packages/airflow/example_dags/example_dynamic_task_mapping.py
[2025-02-17T22:32:17.761-0600] {logging_mixin.py:190} INFO - [2025-02-17T22:32:17.761-0600] {override.py:1930} INFO - Created Permission View: can delete on DAG:example_dynamic_task_mapping
[2025-02-17T22:32:17.780-0600] {logging_mixin.py:190} INFO - [2025-02-17T22:32:17.780-0600] {override.py:1930} INFO - Created Permission View: can edit on DAG:example_dynamic_task_mapping
[2025-02-17T22:32:17.807-0600] {logging_mixin.py:190} INFO - [2025-02-17T22:32:17.806-0600] {override.py:1930} INFO - Created Permission View: can read on DAG:example_dynamic_task_mapping
[2025-02-17T22:32:17.834-0600] {logging_mixin.py:190} INFO - [2025-02-17T22:32:17.833-0600] {override.py:1930} INFO - Created Permission View: can create on DAG Run:example_dynamic_task_mapping
[2025-02-17T22:32:17.851-0600] {logging_mixin.py:190} INFO - [2025-02-17T22:32:17.850-0600] {override.py:1930} INFO - Created Permission View: can delete on DAG Run:example_dynamic_task_mapping
[2025-02-17T22:32:17.871-0600] {logging_mixin.py:190} INFO - [2025-02-17T22:32:17.870-0600] {override.py:1930} INFO - Created Permission View: menu access on DAG Run:example_dynamic_task_mapping
[2025-02-17T22:32:17.884-0600] {logging_mixin.py:190} INFO - [2025-02-17T22:32:17.884-0600] {override.py:1930} INFO - Created Permission View: can read on DAG Run:example_dynamic_task_mapping
[2025-02-17T22:32:17.885-0600] {logging_mixin.py:190} INFO - [2025-02-17T22:32:17.884-0600] {dag.py:3239} INFO - Sync 1 DAGs
[2025-02-17T22:32:17.901-0600] {logging_mixin.py:190} INFO - [2025-02-17T22:32:17.900-0600] {dag.py:3262} INFO - Creating ORM DAG for example_dynamic_task_mapping
[2025-02-17T22:32:17.906-0600] {logging_mixin.py:190} INFO - [2025-02-17T22:32:17.905-0600] {dag.py:4180} INFO - Setting next_dagrun for example_dynamic_task_mapping to None, run_after=None
[2025-02-17T22:32:17.939-0600] {processor.py:208} INFO - Processing /home/dataScience/Projects/Pipeline/venv/lib/python3.10/site-packages/airflow/example_dags/example_dynamic_task_mapping.py took 0.447 seconds
[2025-02-17T22:33:28.698-0600] {processor.py:186} INFO - Started process (PID=20986) to work on /home/dataScience/Projects/Pipeline/venv/lib/python3.10/site-packages/airflow/example_dags/example_dynamic_task_mapping.py
[2025-02-17T22:33:28.700-0600] {processor.py:914} INFO - Processing file /home/dataScience/Projects/Pipeline/venv/lib/python3.10/site-packages/airflow/example_dags/example_dynamic_task_mapping.py for tasks to queue
[2025-02-17T22:33:28.703-0600] {logging_mixin.py:190} INFO - [2025-02-17T22:33:28.702-0600] {dagbag.py:588} INFO - Filling up the DagBag from /home/dataScience/Projects/Pipeline/venv/lib/python3.10/site-packages/airflow/example_dags/example_dynamic_task_mapping.py
[2025-02-17T22:33:28.716-0600] {processor.py:925} INFO - DAG(s) 'example_dynamic_task_mapping' retrieved from /home/dataScience/Projects/Pipeline/venv/lib/python3.10/site-packages/airflow/example_dags/example_dynamic_task_mapping.py
[2025-02-17T22:33:28.736-0600] {logging_mixin.py:190} INFO - [2025-02-17T22:33:28.736-0600] {dag.py:3239} INFO - Sync 1 DAGs
[2025-02-17T22:33:28.761-0600] {logging_mixin.py:190} INFO - [2025-02-17T22:33:28.760-0600] {dag.py:4180} INFO - Setting next_dagrun for example_dynamic_task_mapping to None, run_after=None
[2025-02-17T22:33:28.799-0600] {processor.py:208} INFO - Processing /home/dataScience/Projects/Pipeline/venv/lib/python3.10/site-packages/airflow/example_dags/example_dynamic_task_mapping.py took 0.110 seconds
[2025-02-17T22:34:31.007-0600] {processor.py:186} INFO - Started process (PID=21641) to work on /home/dataScience/Projects/Pipeline/venv/lib/python3.10/site-packages/airflow/example_dags/example_dynamic_task_mapping.py
[2025-02-17T22:34:31.008-0600] {processor.py:914} INFO - Processing file /home/dataScience/Projects/Pipeline/venv/lib/python3.10/site-packages/airflow/example_dags/example_dynamic_task_mapping.py for tasks to queue
[2025-02-17T22:34:31.011-0600] {logging_mixin.py:190} INFO - [2025-02-17T22:34:31.010-0600] {dagbag.py:588} INFO - Filling up the DagBag from /home/dataScience/Projects/Pipeline/venv/lib/python3.10/site-packages/airflow/example_dags/example_dynamic_task_mapping.py
[2025-02-17T22:34:31.022-0600] {processor.py:925} INFO - DAG(s) 'example_dynamic_task_mapping' retrieved from /home/dataScience/Projects/Pipeline/venv/lib/python3.10/site-packages/airflow/example_dags/example_dynamic_task_mapping.py
[2025-02-17T22:34:31.041-0600] {logging_mixin.py:190} INFO - [2025-02-17T22:34:31.041-0600] {dag.py:3239} INFO - Sync 1 DAGs
[2025-02-17T22:34:31.062-0600] {logging_mixin.py:190} INFO - [2025-02-17T22:34:31.062-0600] {dag.py:4180} INFO - Setting next_dagrun for example_dynamic_task_mapping to None, run_after=None
[2025-02-17T22:34:31.100-0600] {processor.py:208} INFO - Processing /home/dataScience/Projects/Pipeline/venv/lib/python3.10/site-packages/airflow/example_dags/example_dynamic_task_mapping.py took 0.100 seconds
[2025-02-17T22:35:35.299-0600] {processor.py:186} INFO - Started process (PID=22295) to work on /home/dataScience/Projects/Pipeline/venv/lib/python3.10/site-packages/airflow/example_dags/example_dynamic_task_mapping.py
[2025-02-17T22:35:35.302-0600] {processor.py:914} INFO - Processing file /home/dataScience/Projects/Pipeline/venv/lib/python3.10/site-packages/airflow/example_dags/example_dynamic_task_mapping.py for tasks to queue
[2025-02-17T22:35:35.305-0600] {logging_mixin.py:190} INFO - [2025-02-17T22:35:35.304-0600] {dagbag.py:588} INFO - Filling up the DagBag from /home/dataScience/Projects/Pipeline/venv/lib/python3.10/site-packages/airflow/example_dags/example_dynamic_task_mapping.py
[2025-02-17T22:35:35.318-0600] {processor.py:925} INFO - DAG(s) 'example_dynamic_task_mapping' retrieved from /home/dataScience/Projects/Pipeline/venv/lib/python3.10/site-packages/airflow/example_dags/example_dynamic_task_mapping.py
[2025-02-17T22:35:35.337-0600] {logging_mixin.py:190} INFO - [2025-02-17T22:35:35.337-0600] {dag.py:3239} INFO - Sync 1 DAGs
[2025-02-17T22:35:35.353-0600] {logging_mixin.py:190} INFO - [2025-02-17T22:35:35.352-0600] {dag.py:4180} INFO - Setting next_dagrun for example_dynamic_task_mapping to None, run_after=None
[2025-02-17T22:35:35.389-0600] {processor.py:208} INFO - Processing /home/dataScience/Projects/Pipeline/venv/lib/python3.10/site-packages/airflow/example_dags/example_dynamic_task_mapping.py took 0.099 seconds
[2025-02-17T22:36:36.623-0600] {processor.py:186} INFO - Started process (PID=22868) to work on /home/dataScience/Projects/Pipeline/venv/lib/python3.10/site-packages/airflow/example_dags/example_dynamic_task_mapping.py
[2025-02-17T22:36:36.625-0600] {processor.py:914} INFO - Processing file /home/dataScience/Projects/Pipeline/venv/lib/python3.10/site-packages/airflow/example_dags/example_dynamic_task_mapping.py for tasks to queue
[2025-02-17T22:36:36.628-0600] {logging_mixin.py:190} INFO - [2025-02-17T22:36:36.628-0600] {dagbag.py:588} INFO - Filling up the DagBag from /home/dataScience/Projects/Pipeline/venv/lib/python3.10/site-packages/airflow/example_dags/example_dynamic_task_mapping.py
[2025-02-17T22:36:36.639-0600] {processor.py:925} INFO - DAG(s) 'example_dynamic_task_mapping' retrieved from /home/dataScience/Projects/Pipeline/venv/lib/python3.10/site-packages/airflow/example_dags/example_dynamic_task_mapping.py
[2025-02-17T22:36:36.657-0600] {logging_mixin.py:190} INFO - [2025-02-17T22:36:36.656-0600] {dag.py:3239} INFO - Sync 1 DAGs
[2025-02-17T22:36:36.672-0600] {logging_mixin.py:190} INFO - [2025-02-17T22:36:36.672-0600] {dag.py:4180} INFO - Setting next_dagrun for example_dynamic_task_mapping to None, run_after=None
[2025-02-17T22:36:36.704-0600] {processor.py:208} INFO - Processing /home/dataScience/Projects/Pipeline/venv/lib/python3.10/site-packages/airflow/example_dags/example_dynamic_task_mapping.py took 0.088 seconds
[2025-02-17T22:37:34.703-0600] {processor.py:186} INFO - Started process (PID=23355) to work on /home/dataScience/Projects/Pipeline/venv/lib/python3.10/site-packages/airflow/example_dags/example_dynamic_task_mapping.py
[2025-02-17T22:37:34.706-0600] {processor.py:914} INFO - Processing file /home/dataScience/Projects/Pipeline/venv/lib/python3.10/site-packages/airflow/example_dags/example_dynamic_task_mapping.py for tasks to queue
[2025-02-17T22:37:34.709-0600] {logging_mixin.py:190} INFO - [2025-02-17T22:37:34.708-0600] {dagbag.py:588} INFO - Filling up the DagBag from /home/dataScience/Projects/Pipeline/venv/lib/python3.10/site-packages/airflow/example_dags/example_dynamic_task_mapping.py
[2025-02-17T22:37:34.720-0600] {processor.py:925} INFO - DAG(s) 'example_dynamic_task_mapping' retrieved from /home/dataScience/Projects/Pipeline/venv/lib/python3.10/site-packages/airflow/example_dags/example_dynamic_task_mapping.py
[2025-02-17T22:37:34.739-0600] {logging_mixin.py:190} INFO - [2025-02-17T22:37:34.739-0600] {dag.py:3239} INFO - Sync 1 DAGs
[2025-02-17T22:37:34.753-0600] {logging_mixin.py:190} INFO - [2025-02-17T22:37:34.753-0600] {dag.py:4180} INFO - Setting next_dagrun for example_dynamic_task_mapping to None, run_after=None
[2025-02-17T22:37:34.788-0600] {processor.py:208} INFO - Processing /home/dataScience/Projects/Pipeline/venv/lib/python3.10/site-packages/airflow/example_dags/example_dynamic_task_mapping.py took 0.093 seconds
[2025-02-17T22:38:31.673-0600] {processor.py:186} INFO - Started process (PID=23835) to work on /home/dataScience/Projects/Pipeline/venv/lib/python3.10/site-packages/airflow/example_dags/example_dynamic_task_mapping.py
[2025-02-17T22:38:31.675-0600] {processor.py:914} INFO - Processing file /home/dataScience/Projects/Pipeline/venv/lib/python3.10/site-packages/airflow/example_dags/example_dynamic_task_mapping.py for tasks to queue
[2025-02-17T22:38:31.678-0600] {logging_mixin.py:190} INFO - [2025-02-17T22:38:31.678-0600] {dagbag.py:588} INFO - Filling up the DagBag from /home/dataScience/Projects/Pipeline/venv/lib/python3.10/site-packages/airflow/example_dags/example_dynamic_task_mapping.py
[2025-02-17T22:38:31.692-0600] {processor.py:925} INFO - DAG(s) 'example_dynamic_task_mapping' retrieved from /home/dataScience/Projects/Pipeline/venv/lib/python3.10/site-packages/airflow/example_dags/example_dynamic_task_mapping.py
[2025-02-17T22:38:31.715-0600] {logging_mixin.py:190} INFO - [2025-02-17T22:38:31.714-0600] {dag.py:3239} INFO - Sync 1 DAGs
[2025-02-17T22:38:31.731-0600] {logging_mixin.py:190} INFO - [2025-02-17T22:38:31.731-0600] {dag.py:4180} INFO - Setting next_dagrun for example_dynamic_task_mapping to None, run_after=None
[2025-02-17T22:38:31.767-0600] {processor.py:208} INFO - Processing /home/dataScience/Projects/Pipeline/venv/lib/python3.10/site-packages/airflow/example_dags/example_dynamic_task_mapping.py took 0.102 seconds
[2025-02-17T22:39:34.295-0600] {processor.py:186} INFO - Started process (PID=24353) to work on /home/dataScience/Projects/Pipeline/venv/lib/python3.10/site-packages/airflow/example_dags/example_dynamic_task_mapping.py
[2025-02-17T22:39:34.297-0600] {processor.py:914} INFO - Processing file /home/dataScience/Projects/Pipeline/venv/lib/python3.10/site-packages/airflow/example_dags/example_dynamic_task_mapping.py for tasks to queue
[2025-02-17T22:39:34.299-0600] {logging_mixin.py:190} INFO - [2025-02-17T22:39:34.299-0600] {dagbag.py:588} INFO - Filling up the DagBag from /home/dataScience/Projects/Pipeline/venv/lib/python3.10/site-packages/airflow/example_dags/example_dynamic_task_mapping.py
[2025-02-17T22:39:34.312-0600] {processor.py:925} INFO - DAG(s) 'example_dynamic_task_mapping' retrieved from /home/dataScience/Projects/Pipeline/venv/lib/python3.10/site-packages/airflow/example_dags/example_dynamic_task_mapping.py
[2025-02-17T22:39:34.334-0600] {logging_mixin.py:190} INFO - [2025-02-17T22:39:34.334-0600] {dag.py:3239} INFO - Sync 1 DAGs
[2025-02-17T22:39:34.351-0600] {logging_mixin.py:190} INFO - [2025-02-17T22:39:34.351-0600] {dag.py:4180} INFO - Setting next_dagrun for example_dynamic_task_mapping to None, run_after=None
[2025-02-17T22:39:34.406-0600] {processor.py:208} INFO - Processing /home/dataScience/Projects/Pipeline/venv/lib/python3.10/site-packages/airflow/example_dags/example_dynamic_task_mapping.py took 0.121 seconds
[2025-02-17T22:40:33.943-0600] {processor.py:186} INFO - Started process (PID=24851) to work on /home/dataScience/Projects/Pipeline/venv/lib/python3.10/site-packages/airflow/example_dags/example_dynamic_task_mapping.py
[2025-02-17T22:40:33.944-0600] {processor.py:914} INFO - Processing file /home/dataScience/Projects/Pipeline/venv/lib/python3.10/site-packages/airflow/example_dags/example_dynamic_task_mapping.py for tasks to queue
[2025-02-17T22:40:33.947-0600] {logging_mixin.py:190} INFO - [2025-02-17T22:40:33.946-0600] {dagbag.py:588} INFO - Filling up the DagBag from /home/dataScience/Projects/Pipeline/venv/lib/python3.10/site-packages/airflow/example_dags/example_dynamic_task_mapping.py
[2025-02-17T22:40:33.957-0600] {processor.py:925} INFO - DAG(s) 'example_dynamic_task_mapping' retrieved from /home/dataScience/Projects/Pipeline/venv/lib/python3.10/site-packages/airflow/example_dags/example_dynamic_task_mapping.py
[2025-02-17T22:40:33.974-0600] {logging_mixin.py:190} INFO - [2025-02-17T22:40:33.974-0600] {dag.py:3239} INFO - Sync 1 DAGs
[2025-02-17T22:40:33.990-0600] {logging_mixin.py:190} INFO - [2025-02-17T22:40:33.990-0600] {dag.py:4180} INFO - Setting next_dagrun for example_dynamic_task_mapping to None, run_after=None
[2025-02-17T22:40:34.019-0600] {processor.py:208} INFO - Processing /home/dataScience/Projects/Pipeline/venv/lib/python3.10/site-packages/airflow/example_dags/example_dynamic_task_mapping.py took 0.084 seconds
