[2025-02-17T22:32:41.344-0600] {processor.py:186} INFO - Started process (PID=20435) to work on /home/dataScience/Projects/Pipeline/venv/lib/python3.10/site-packages/airflow/example_dags/example_branch_labels.py
[2025-02-17T22:32:41.346-0600] {processor.py:914} INFO - Processing file /home/dataScience/Projects/Pipeline/venv/lib/python3.10/site-packages/airflow/example_dags/example_branch_labels.py for tasks to queue
[2025-02-17T22:32:41.348-0600] {logging_mixin.py:190} INFO - [2025-02-17T22:32:41.348-0600] {dagbag.py:588} INFO - Filling up the DagBag from /home/dataScience/Projects/Pipeline/venv/lib/python3.10/site-packages/airflow/example_dags/example_branch_labels.py
[2025-02-17T22:32:41.361-0600] {processor.py:925} INFO - DAG(s) 'example_branch_labels' retrieved from /home/dataScience/Projects/Pipeline/venv/lib/python3.10/site-packages/airflow/example_dags/example_branch_labels.py
[2025-02-17T22:32:41.590-0600] {logging_mixin.py:190} INFO - [2025-02-17T22:32:41.589-0600] {override.py:1930} INFO - Created Permission View: can delete on DAG:example_branch_labels
[2025-02-17T22:32:41.609-0600] {logging_mixin.py:190} INFO - [2025-02-17T22:32:41.608-0600] {override.py:1930} INFO - Created Permission View: can edit on DAG:example_branch_labels
[2025-02-17T22:32:41.625-0600] {logging_mixin.py:190} INFO - [2025-02-17T22:32:41.624-0600] {override.py:1930} INFO - Created Permission View: can read on DAG:example_branch_labels
[2025-02-17T22:32:41.654-0600] {logging_mixin.py:190} INFO - [2025-02-17T22:32:41.653-0600] {override.py:1930} INFO - Created Permission View: can create on DAG Run:example_branch_labels
[2025-02-17T22:32:41.671-0600] {logging_mixin.py:190} INFO - [2025-02-17T22:32:41.670-0600] {override.py:1930} INFO - Created Permission View: can delete on DAG Run:example_branch_labels
[2025-02-17T22:32:41.687-0600] {logging_mixin.py:190} INFO - [2025-02-17T22:32:41.687-0600] {override.py:1930} INFO - Created Permission View: menu access on DAG Run:example_branch_labels
[2025-02-17T22:32:41.707-0600] {logging_mixin.py:190} INFO - [2025-02-17T22:32:41.706-0600] {override.py:1930} INFO - Created Permission View: can read on DAG Run:example_branch_labels
[2025-02-17T22:32:41.708-0600] {logging_mixin.py:190} INFO - [2025-02-17T22:32:41.707-0600] {dag.py:3239} INFO - Sync 1 DAGs
[2025-02-17T22:32:41.722-0600] {logging_mixin.py:190} INFO - [2025-02-17T22:32:41.722-0600] {dag.py:3262} INFO - Creating ORM DAG for example_branch_labels
[2025-02-17T22:32:41.735-0600] {logging_mixin.py:190} INFO - [2025-02-17T22:32:41.734-0600] {dag.py:4180} INFO - Setting next_dagrun for example_branch_labels to 2025-02-17 00:00:00+00:00, run_after=2025-02-18 00:00:00+00:00
[2025-02-17T22:32:41.770-0600] {processor.py:208} INFO - Processing /home/dataScience/Projects/Pipeline/venv/lib/python3.10/site-packages/airflow/example_dags/example_branch_labels.py took 0.433 seconds
[2025-02-17T22:33:57.589-0600] {processor.py:186} INFO - Started process (PID=21205) to work on /home/dataScience/Projects/Pipeline/venv/lib/python3.10/site-packages/airflow/example_dags/example_branch_labels.py
[2025-02-17T22:33:57.591-0600] {processor.py:914} INFO - Processing file /home/dataScience/Projects/Pipeline/venv/lib/python3.10/site-packages/airflow/example_dags/example_branch_labels.py for tasks to queue
[2025-02-17T22:33:57.594-0600] {logging_mixin.py:190} INFO - [2025-02-17T22:33:57.593-0600] {dagbag.py:588} INFO - Filling up the DagBag from /home/dataScience/Projects/Pipeline/venv/lib/python3.10/site-packages/airflow/example_dags/example_branch_labels.py
[2025-02-17T22:33:57.616-0600] {processor.py:925} INFO - DAG(s) 'example_branch_labels' retrieved from /home/dataScience/Projects/Pipeline/venv/lib/python3.10/site-packages/airflow/example_dags/example_branch_labels.py
[2025-02-17T22:33:57.650-0600] {logging_mixin.py:190} INFO - [2025-02-17T22:33:57.650-0600] {dag.py:3239} INFO - Sync 1 DAGs
[2025-02-17T22:33:57.681-0600] {logging_mixin.py:190} INFO - [2025-02-17T22:33:57.681-0600] {dag.py:4180} INFO - Setting next_dagrun for example_branch_labels to 2025-02-17 00:00:00+00:00, run_after=2025-02-18 00:00:00+00:00
[2025-02-17T22:33:57.711-0600] {processor.py:208} INFO - Processing /home/dataScience/Projects/Pipeline/venv/lib/python3.10/site-packages/airflow/example_dags/example_branch_labels.py took 0.129 seconds
[2025-02-17T22:34:57.392-0600] {processor.py:186} INFO - Started process (PID=21837) to work on /home/dataScience/Projects/Pipeline/venv/lib/python3.10/site-packages/airflow/example_dags/example_branch_labels.py
[2025-02-17T22:34:57.399-0600] {processor.py:914} INFO - Processing file /home/dataScience/Projects/Pipeline/venv/lib/python3.10/site-packages/airflow/example_dags/example_branch_labels.py for tasks to queue
[2025-02-17T22:34:57.405-0600] {logging_mixin.py:190} INFO - [2025-02-17T22:34:57.404-0600] {dagbag.py:588} INFO - Filling up the DagBag from /home/dataScience/Projects/Pipeline/venv/lib/python3.10/site-packages/airflow/example_dags/example_branch_labels.py
[2025-02-17T22:34:57.427-0600] {processor.py:925} INFO - DAG(s) 'example_branch_labels' retrieved from /home/dataScience/Projects/Pipeline/venv/lib/python3.10/site-packages/airflow/example_dags/example_branch_labels.py
[2025-02-17T22:34:57.522-0600] {logging_mixin.py:190} INFO - [2025-02-17T22:34:57.522-0600] {dag.py:3239} INFO - Sync 1 DAGs
[2025-02-17T22:34:57.627-0600] {logging_mixin.py:190} INFO - [2025-02-17T22:34:57.626-0600] {dag.py:4180} INFO - Setting next_dagrun for example_branch_labels to 2025-02-17 00:00:00+00:00, run_after=2025-02-18 00:00:00+00:00
[2025-02-17T22:34:57.701-0600] {processor.py:208} INFO - Processing /home/dataScience/Projects/Pipeline/venv/lib/python3.10/site-packages/airflow/example_dags/example_branch_labels.py took 0.328 seconds
[2025-02-17T22:36:01.782-0600] {processor.py:186} INFO - Started process (PID=22489) to work on /home/dataScience/Projects/Pipeline/venv/lib/python3.10/site-packages/airflow/example_dags/example_branch_labels.py
[2025-02-17T22:36:01.785-0600] {processor.py:914} INFO - Processing file /home/dataScience/Projects/Pipeline/venv/lib/python3.10/site-packages/airflow/example_dags/example_branch_labels.py for tasks to queue
[2025-02-17T22:36:01.789-0600] {logging_mixin.py:190} INFO - [2025-02-17T22:36:01.788-0600] {dagbag.py:588} INFO - Filling up the DagBag from /home/dataScience/Projects/Pipeline/venv/lib/python3.10/site-packages/airflow/example_dags/example_branch_labels.py
[2025-02-17T22:36:01.809-0600] {processor.py:925} INFO - DAG(s) 'example_branch_labels' retrieved from /home/dataScience/Projects/Pipeline/venv/lib/python3.10/site-packages/airflow/example_dags/example_branch_labels.py
[2025-02-17T22:36:01.835-0600] {logging_mixin.py:190} INFO - [2025-02-17T22:36:01.835-0600] {dag.py:3239} INFO - Sync 1 DAGs
[2025-02-17T22:36:01.869-0600] {logging_mixin.py:190} INFO - [2025-02-17T22:36:01.868-0600] {dag.py:4180} INFO - Setting next_dagrun for example_branch_labels to 2025-02-17 00:00:00+00:00, run_after=2025-02-18 00:00:00+00:00
[2025-02-17T22:36:01.938-0600] {processor.py:208} INFO - Processing /home/dataScience/Projects/Pipeline/venv/lib/python3.10/site-packages/airflow/example_dags/example_branch_labels.py took 0.165 seconds
[2025-02-17T22:37:03.017-0600] {processor.py:186} INFO - Started process (PID=23062) to work on /home/dataScience/Projects/Pipeline/venv/lib/python3.10/site-packages/airflow/example_dags/example_branch_labels.py
[2025-02-17T22:37:03.019-0600] {processor.py:914} INFO - Processing file /home/dataScience/Projects/Pipeline/venv/lib/python3.10/site-packages/airflow/example_dags/example_branch_labels.py for tasks to queue
[2025-02-17T22:37:03.021-0600] {logging_mixin.py:190} INFO - [2025-02-17T22:37:03.021-0600] {dagbag.py:588} INFO - Filling up the DagBag from /home/dataScience/Projects/Pipeline/venv/lib/python3.10/site-packages/airflow/example_dags/example_branch_labels.py
[2025-02-17T22:37:03.034-0600] {processor.py:925} INFO - DAG(s) 'example_branch_labels' retrieved from /home/dataScience/Projects/Pipeline/venv/lib/python3.10/site-packages/airflow/example_dags/example_branch_labels.py
[2025-02-17T22:37:03.053-0600] {logging_mixin.py:190} INFO - [2025-02-17T22:37:03.053-0600] {dag.py:3239} INFO - Sync 1 DAGs
[2025-02-17T22:37:03.079-0600] {logging_mixin.py:190} INFO - [2025-02-17T22:37:03.078-0600] {dag.py:4180} INFO - Setting next_dagrun for example_branch_labels to 2025-02-17 00:00:00+00:00, run_after=2025-02-18 00:00:00+00:00
[2025-02-17T22:37:03.107-0600] {processor.py:208} INFO - Processing /home/dataScience/Projects/Pipeline/venv/lib/python3.10/site-packages/airflow/example_dags/example_branch_labels.py took 0.098 seconds
[2025-02-17T22:37:59.754-0600] {processor.py:186} INFO - Started process (PID=23543) to work on /home/dataScience/Projects/Pipeline/venv/lib/python3.10/site-packages/airflow/example_dags/example_branch_labels.py
[2025-02-17T22:37:59.757-0600] {processor.py:914} INFO - Processing file /home/dataScience/Projects/Pipeline/venv/lib/python3.10/site-packages/airflow/example_dags/example_branch_labels.py for tasks to queue
[2025-02-17T22:37:59.759-0600] {logging_mixin.py:190} INFO - [2025-02-17T22:37:59.759-0600] {dagbag.py:588} INFO - Filling up the DagBag from /home/dataScience/Projects/Pipeline/venv/lib/python3.10/site-packages/airflow/example_dags/example_branch_labels.py
[2025-02-17T22:37:59.772-0600] {processor.py:925} INFO - DAG(s) 'example_branch_labels' retrieved from /home/dataScience/Projects/Pipeline/venv/lib/python3.10/site-packages/airflow/example_dags/example_branch_labels.py
[2025-02-17T22:37:59.792-0600] {logging_mixin.py:190} INFO - [2025-02-17T22:37:59.792-0600] {dag.py:3239} INFO - Sync 1 DAGs
[2025-02-17T22:37:59.820-0600] {logging_mixin.py:190} INFO - [2025-02-17T22:37:59.819-0600] {dag.py:4180} INFO - Setting next_dagrun for example_branch_labels to 2025-02-17 00:00:00+00:00, run_after=2025-02-18 00:00:00+00:00
[2025-02-17T22:37:59.857-0600] {processor.py:208} INFO - Processing /home/dataScience/Projects/Pipeline/venv/lib/python3.10/site-packages/airflow/example_dags/example_branch_labels.py took 0.113 seconds
[2025-02-17T22:38:59.447-0600] {processor.py:186} INFO - Started process (PID=24041) to work on /home/dataScience/Projects/Pipeline/venv/lib/python3.10/site-packages/airflow/example_dags/example_branch_labels.py
[2025-02-17T22:38:59.449-0600] {processor.py:914} INFO - Processing file /home/dataScience/Projects/Pipeline/venv/lib/python3.10/site-packages/airflow/example_dags/example_branch_labels.py for tasks to queue
[2025-02-17T22:38:59.451-0600] {logging_mixin.py:190} INFO - [2025-02-17T22:38:59.450-0600] {dagbag.py:588} INFO - Filling up the DagBag from /home/dataScience/Projects/Pipeline/venv/lib/python3.10/site-packages/airflow/example_dags/example_branch_labels.py
[2025-02-17T22:38:59.467-0600] {processor.py:925} INFO - DAG(s) 'example_branch_labels' retrieved from /home/dataScience/Projects/Pipeline/venv/lib/python3.10/site-packages/airflow/example_dags/example_branch_labels.py
[2025-02-17T22:38:59.490-0600] {logging_mixin.py:190} INFO - [2025-02-17T22:38:59.490-0600] {dag.py:3239} INFO - Sync 1 DAGs
[2025-02-17T22:38:59.517-0600] {logging_mixin.py:190} INFO - [2025-02-17T22:38:59.517-0600] {dag.py:4180} INFO - Setting next_dagrun for example_branch_labels to 2025-02-17 00:00:00+00:00, run_after=2025-02-18 00:00:00+00:00
[2025-02-17T22:38:59.551-0600] {processor.py:208} INFO - Processing /home/dataScience/Projects/Pipeline/venv/lib/python3.10/site-packages/airflow/example_dags/example_branch_labels.py took 0.111 seconds
[2025-02-17T22:40:01.086-0600] {processor.py:186} INFO - Started process (PID=24548) to work on /home/dataScience/Projects/Pipeline/venv/lib/python3.10/site-packages/airflow/example_dags/example_branch_labels.py
[2025-02-17T22:40:01.088-0600] {processor.py:914} INFO - Processing file /home/dataScience/Projects/Pipeline/venv/lib/python3.10/site-packages/airflow/example_dags/example_branch_labels.py for tasks to queue
[2025-02-17T22:40:01.092-0600] {logging_mixin.py:190} INFO - [2025-02-17T22:40:01.091-0600] {dagbag.py:588} INFO - Filling up the DagBag from /home/dataScience/Projects/Pipeline/venv/lib/python3.10/site-packages/airflow/example_dags/example_branch_labels.py
[2025-02-17T22:40:01.106-0600] {processor.py:925} INFO - DAG(s) 'example_branch_labels' retrieved from /home/dataScience/Projects/Pipeline/venv/lib/python3.10/site-packages/airflow/example_dags/example_branch_labels.py
[2025-02-17T22:40:01.128-0600] {logging_mixin.py:190} INFO - [2025-02-17T22:40:01.128-0600] {dag.py:3239} INFO - Sync 1 DAGs
[2025-02-17T22:40:01.158-0600] {logging_mixin.py:190} INFO - [2025-02-17T22:40:01.158-0600] {dag.py:4180} INFO - Setting next_dagrun for example_branch_labels to 2025-02-17 00:00:00+00:00, run_after=2025-02-18 00:00:00+00:00
[2025-02-17T22:40:01.189-0600] {processor.py:208} INFO - Processing /home/dataScience/Projects/Pipeline/venv/lib/python3.10/site-packages/airflow/example_dags/example_branch_labels.py took 0.112 seconds
[2025-02-17T22:41:01.843-0600] {processor.py:186} INFO - Started process (PID=25055) to work on /home/dataScience/Projects/Pipeline/venv/lib/python3.10/site-packages/airflow/example_dags/example_branch_labels.py
[2025-02-17T22:41:01.847-0600] {processor.py:914} INFO - Processing file /home/dataScience/Projects/Pipeline/venv/lib/python3.10/site-packages/airflow/example_dags/example_branch_labels.py for tasks to queue
[2025-02-17T22:41:01.850-0600] {logging_mixin.py:190} INFO - [2025-02-17T22:41:01.849-0600] {dagbag.py:588} INFO - Filling up the DagBag from /home/dataScience/Projects/Pipeline/venv/lib/python3.10/site-packages/airflow/example_dags/example_branch_labels.py
[2025-02-17T22:41:01.864-0600] {processor.py:925} INFO - DAG(s) 'example_branch_labels' retrieved from /home/dataScience/Projects/Pipeline/venv/lib/python3.10/site-packages/airflow/example_dags/example_branch_labels.py
[2025-02-17T22:41:01.887-0600] {logging_mixin.py:190} INFO - [2025-02-17T22:41:01.886-0600] {dag.py:3239} INFO - Sync 1 DAGs
[2025-02-17T22:41:01.915-0600] {logging_mixin.py:190} INFO - [2025-02-17T22:41:01.915-0600] {dag.py:4180} INFO - Setting next_dagrun for example_branch_labels to 2025-02-17 00:00:00+00:00, run_after=2025-02-18 00:00:00+00:00
[2025-02-17T22:41:01.947-0600] {processor.py:208} INFO - Processing /home/dataScience/Projects/Pipeline/venv/lib/python3.10/site-packages/airflow/example_dags/example_branch_labels.py took 0.115 seconds
