[2025-02-17T22:31:53.481-0600] {processor.py:186} INFO - Started process (PID=19818) to work on /home/dataScience/Projects/Pipeline/venv/lib/python3.10/site-packages/airflow/example_dags/example_trigger_target_dag.py
[2025-02-17T22:31:53.482-0600] {processor.py:914} INFO - Processing file /home/dataScience/Projects/Pipeline/venv/lib/python3.10/site-packages/airflow/example_dags/example_trigger_target_dag.py for tasks to queue
[2025-02-17T22:31:53.484-0600] {logging_mixin.py:190} INFO - [2025-02-17T22:31:53.484-0600] {dagbag.py:588} INFO - Filling up the DagBag from /home/dataScience/Projects/Pipeline/venv/lib/python3.10/site-packages/airflow/example_dags/example_trigger_target_dag.py
[2025-02-17T22:31:53.497-0600] {processor.py:925} INFO - DAG(s) 'example_trigger_target_dag' retrieved from /home/dataScience/Projects/Pipeline/venv/lib/python3.10/site-packages/airflow/example_dags/example_trigger_target_dag.py
[2025-02-17T22:31:53.755-0600] {logging_mixin.py:190} INFO - [2025-02-17T22:31:53.754-0600] {override.py:1930} INFO - Created Permission View: can delete on DAG:example_trigger_target_dag
[2025-02-17T22:31:53.776-0600] {logging_mixin.py:190} INFO - [2025-02-17T22:31:53.775-0600] {override.py:1930} INFO - Created Permission View: can edit on DAG:example_trigger_target_dag
[2025-02-17T22:31:53.791-0600] {logging_mixin.py:190} INFO - [2025-02-17T22:31:53.791-0600] {override.py:1930} INFO - Created Permission View: can read on DAG:example_trigger_target_dag
[2025-02-17T22:31:53.814-0600] {logging_mixin.py:190} INFO - [2025-02-17T22:31:53.814-0600] {override.py:1930} INFO - Created Permission View: can create on DAG Run:example_trigger_target_dag
[2025-02-17T22:31:53.829-0600] {logging_mixin.py:190} INFO - [2025-02-17T22:31:53.828-0600] {override.py:1930} INFO - Created Permission View: can delete on DAG Run:example_trigger_target_dag
[2025-02-17T22:31:53.843-0600] {logging_mixin.py:190} INFO - [2025-02-17T22:31:53.843-0600] {override.py:1930} INFO - Created Permission View: menu access on DAG Run:example_trigger_target_dag
[2025-02-17T22:31:53.857-0600] {logging_mixin.py:190} INFO - [2025-02-17T22:31:53.857-0600] {override.py:1930} INFO - Created Permission View: can read on DAG Run:example_trigger_target_dag
[2025-02-17T22:31:53.858-0600] {logging_mixin.py:190} INFO - [2025-02-17T22:31:53.858-0600] {dag.py:3239} INFO - Sync 1 DAGs
[2025-02-17T22:31:53.870-0600] {logging_mixin.py:190} INFO - [2025-02-17T22:31:53.870-0600] {dag.py:3262} INFO - Creating ORM DAG for example_trigger_target_dag
[2025-02-17T22:31:53.871-0600] {logging_mixin.py:190} INFO - [2025-02-17T22:31:53.870-0600] {dag.py:4180} INFO - Setting next_dagrun for example_trigger_target_dag to None, run_after=None
[2025-02-17T22:31:53.898-0600] {processor.py:208} INFO - Processing /home/dataScience/Projects/Pipeline/venv/lib/python3.10/site-packages/airflow/example_dags/example_trigger_target_dag.py took 0.425 seconds
[2025-02-17T22:33:11.174-0600] {processor.py:186} INFO - Started process (PID=20732) to work on /home/dataScience/Projects/Pipeline/venv/lib/python3.10/site-packages/airflow/example_dags/example_trigger_target_dag.py
[2025-02-17T22:33:11.176-0600] {processor.py:914} INFO - Processing file /home/dataScience/Projects/Pipeline/venv/lib/python3.10/site-packages/airflow/example_dags/example_trigger_target_dag.py for tasks to queue
[2025-02-17T22:33:11.178-0600] {logging_mixin.py:190} INFO - [2025-02-17T22:33:11.178-0600] {dagbag.py:588} INFO - Filling up the DagBag from /home/dataScience/Projects/Pipeline/venv/lib/python3.10/site-packages/airflow/example_dags/example_trigger_target_dag.py
[2025-02-17T22:33:11.191-0600] {processor.py:925} INFO - DAG(s) 'example_trigger_target_dag' retrieved from /home/dataScience/Projects/Pipeline/venv/lib/python3.10/site-packages/airflow/example_dags/example_trigger_target_dag.py
[2025-02-17T22:33:11.211-0600] {logging_mixin.py:190} INFO - [2025-02-17T22:33:11.211-0600] {dag.py:3239} INFO - Sync 1 DAGs
[2025-02-17T22:33:11.232-0600] {logging_mixin.py:190} INFO - [2025-02-17T22:33:11.232-0600] {dag.py:4180} INFO - Setting next_dagrun for example_trigger_target_dag to None, run_after=None
[2025-02-17T22:33:11.263-0600] {processor.py:208} INFO - Processing /home/dataScience/Projects/Pipeline/venv/lib/python3.10/site-packages/airflow/example_dags/example_trigger_target_dag.py took 0.099 seconds
[2025-02-17T22:34:15.748-0600] {processor.py:186} INFO - Started process (PID=21452) to work on /home/dataScience/Projects/Pipeline/venv/lib/python3.10/site-packages/airflow/example_dags/example_trigger_target_dag.py
[2025-02-17T22:34:15.752-0600] {processor.py:914} INFO - Processing file /home/dataScience/Projects/Pipeline/venv/lib/python3.10/site-packages/airflow/example_dags/example_trigger_target_dag.py for tasks to queue
[2025-02-17T22:34:15.758-0600] {logging_mixin.py:190} INFO - [2025-02-17T22:34:15.758-0600] {dagbag.py:588} INFO - Filling up the DagBag from /home/dataScience/Projects/Pipeline/venv/lib/python3.10/site-packages/airflow/example_dags/example_trigger_target_dag.py
[2025-02-17T22:34:15.767-0600] {processor.py:925} INFO - DAG(s) 'example_trigger_target_dag' retrieved from /home/dataScience/Projects/Pipeline/venv/lib/python3.10/site-packages/airflow/example_dags/example_trigger_target_dag.py
[2025-02-17T22:34:15.784-0600] {logging_mixin.py:190} INFO - [2025-02-17T22:34:15.784-0600] {dag.py:3239} INFO - Sync 1 DAGs
[2025-02-17T22:34:15.798-0600] {logging_mixin.py:190} INFO - [2025-02-17T22:34:15.798-0600] {dag.py:4180} INFO - Setting next_dagrun for example_trigger_target_dag to None, run_after=None
[2025-02-17T22:34:15.827-0600] {processor.py:208} INFO - Processing /home/dataScience/Projects/Pipeline/venv/lib/python3.10/site-packages/airflow/example_dags/example_trigger_target_dag.py took 0.089 seconds
[2025-02-17T22:35:19.106-0600] {processor.py:186} INFO - Started process (PID=22114) to work on /home/dataScience/Projects/Pipeline/venv/lib/python3.10/site-packages/airflow/example_dags/example_trigger_target_dag.py
[2025-02-17T22:35:19.108-0600] {processor.py:914} INFO - Processing file /home/dataScience/Projects/Pipeline/venv/lib/python3.10/site-packages/airflow/example_dags/example_trigger_target_dag.py for tasks to queue
[2025-02-17T22:35:19.111-0600] {logging_mixin.py:190} INFO - [2025-02-17T22:35:19.110-0600] {dagbag.py:588} INFO - Filling up the DagBag from /home/dataScience/Projects/Pipeline/venv/lib/python3.10/site-packages/airflow/example_dags/example_trigger_target_dag.py
[2025-02-17T22:35:19.122-0600] {processor.py:925} INFO - DAG(s) 'example_trigger_target_dag' retrieved from /home/dataScience/Projects/Pipeline/venv/lib/python3.10/site-packages/airflow/example_dags/example_trigger_target_dag.py
[2025-02-17T22:35:19.142-0600] {logging_mixin.py:190} INFO - [2025-02-17T22:35:19.142-0600] {dag.py:3239} INFO - Sync 1 DAGs
[2025-02-17T22:35:19.157-0600] {logging_mixin.py:190} INFO - [2025-02-17T22:35:19.156-0600] {dag.py:4180} INFO - Setting next_dagrun for example_trigger_target_dag to None, run_after=None
[2025-02-17T22:35:19.189-0600] {processor.py:208} INFO - Processing /home/dataScience/Projects/Pipeline/venv/lib/python3.10/site-packages/airflow/example_dags/example_trigger_target_dag.py took 0.090 seconds
[2025-02-17T22:36:19.866-0600] {processor.py:186} INFO - Started process (PID=22624) to work on /home/dataScience/Projects/Pipeline/venv/lib/python3.10/site-packages/airflow/example_dags/example_trigger_target_dag.py
[2025-02-17T22:36:19.868-0600] {processor.py:914} INFO - Processing file /home/dataScience/Projects/Pipeline/venv/lib/python3.10/site-packages/airflow/example_dags/example_trigger_target_dag.py for tasks to queue
[2025-02-17T22:36:19.871-0600] {logging_mixin.py:190} INFO - [2025-02-17T22:36:19.871-0600] {dagbag.py:588} INFO - Filling up the DagBag from /home/dataScience/Projects/Pipeline/venv/lib/python3.10/site-packages/airflow/example_dags/example_trigger_target_dag.py
[2025-02-17T22:36:19.881-0600] {processor.py:925} INFO - DAG(s) 'example_trigger_target_dag' retrieved from /home/dataScience/Projects/Pipeline/venv/lib/python3.10/site-packages/airflow/example_dags/example_trigger_target_dag.py
[2025-02-17T22:36:19.898-0600] {logging_mixin.py:190} INFO - [2025-02-17T22:36:19.898-0600] {dag.py:3239} INFO - Sync 1 DAGs
[2025-02-17T22:36:19.915-0600] {logging_mixin.py:190} INFO - [2025-02-17T22:36:19.915-0600] {dag.py:4180} INFO - Setting next_dagrun for example_trigger_target_dag to None, run_after=None
[2025-02-17T22:36:19.945-0600] {processor.py:208} INFO - Processing /home/dataScience/Projects/Pipeline/venv/lib/python3.10/site-packages/airflow/example_dags/example_trigger_target_dag.py took 0.088 seconds
[2025-02-17T22:37:19.444-0600] {processor.py:186} INFO - Started process (PID=23183) to work on /home/dataScience/Projects/Pipeline/venv/lib/python3.10/site-packages/airflow/example_dags/example_trigger_target_dag.py
[2025-02-17T22:37:19.446-0600] {processor.py:914} INFO - Processing file /home/dataScience/Projects/Pipeline/venv/lib/python3.10/site-packages/airflow/example_dags/example_trigger_target_dag.py for tasks to queue
[2025-02-17T22:37:19.449-0600] {logging_mixin.py:190} INFO - [2025-02-17T22:37:19.448-0600] {dagbag.py:588} INFO - Filling up the DagBag from /home/dataScience/Projects/Pipeline/venv/lib/python3.10/site-packages/airflow/example_dags/example_trigger_target_dag.py
[2025-02-17T22:37:19.458-0600] {processor.py:925} INFO - DAG(s) 'example_trigger_target_dag' retrieved from /home/dataScience/Projects/Pipeline/venv/lib/python3.10/site-packages/airflow/example_dags/example_trigger_target_dag.py
[2025-02-17T22:37:19.478-0600] {logging_mixin.py:190} INFO - [2025-02-17T22:37:19.478-0600] {dag.py:3239} INFO - Sync 1 DAGs
[2025-02-17T22:37:19.494-0600] {logging_mixin.py:190} INFO - [2025-02-17T22:37:19.493-0600] {dag.py:4180} INFO - Setting next_dagrun for example_trigger_target_dag to None, run_after=None
[2025-02-17T22:37:19.523-0600] {processor.py:208} INFO - Processing /home/dataScience/Projects/Pipeline/venv/lib/python3.10/site-packages/airflow/example_dags/example_trigger_target_dag.py took 0.086 seconds
[2025-02-17T22:38:14.572-0600] {processor.py:186} INFO - Started process (PID=23650) to work on /home/dataScience/Projects/Pipeline/venv/lib/python3.10/site-packages/airflow/example_dags/example_trigger_target_dag.py
[2025-02-17T22:38:14.574-0600] {processor.py:914} INFO - Processing file /home/dataScience/Projects/Pipeline/venv/lib/python3.10/site-packages/airflow/example_dags/example_trigger_target_dag.py for tasks to queue
[2025-02-17T22:38:14.577-0600] {logging_mixin.py:190} INFO - [2025-02-17T22:38:14.576-0600] {dagbag.py:588} INFO - Filling up the DagBag from /home/dataScience/Projects/Pipeline/venv/lib/python3.10/site-packages/airflow/example_dags/example_trigger_target_dag.py
[2025-02-17T22:38:14.587-0600] {processor.py:925} INFO - DAG(s) 'example_trigger_target_dag' retrieved from /home/dataScience/Projects/Pipeline/venv/lib/python3.10/site-packages/airflow/example_dags/example_trigger_target_dag.py
[2025-02-17T22:38:14.606-0600] {logging_mixin.py:190} INFO - [2025-02-17T22:38:14.606-0600] {dag.py:3239} INFO - Sync 1 DAGs
[2025-02-17T22:38:14.629-0600] {logging_mixin.py:190} INFO - [2025-02-17T22:38:14.628-0600] {dag.py:4180} INFO - Setting next_dagrun for example_trigger_target_dag to None, run_after=None
[2025-02-17T22:38:14.671-0600] {processor.py:208} INFO - Processing /home/dataScience/Projects/Pipeline/venv/lib/python3.10/site-packages/airflow/example_dags/example_trigger_target_dag.py took 0.105 seconds
[2025-02-17T22:39:18.581-0600] {processor.py:186} INFO - Started process (PID=24180) to work on /home/dataScience/Projects/Pipeline/venv/lib/python3.10/site-packages/airflow/example_dags/example_trigger_target_dag.py
[2025-02-17T22:39:18.582-0600] {processor.py:914} INFO - Processing file /home/dataScience/Projects/Pipeline/venv/lib/python3.10/site-packages/airflow/example_dags/example_trigger_target_dag.py for tasks to queue
[2025-02-17T22:39:18.586-0600] {logging_mixin.py:190} INFO - [2025-02-17T22:39:18.585-0600] {dagbag.py:588} INFO - Filling up the DagBag from /home/dataScience/Projects/Pipeline/venv/lib/python3.10/site-packages/airflow/example_dags/example_trigger_target_dag.py
[2025-02-17T22:39:18.597-0600] {processor.py:925} INFO - DAG(s) 'example_trigger_target_dag' retrieved from /home/dataScience/Projects/Pipeline/venv/lib/python3.10/site-packages/airflow/example_dags/example_trigger_target_dag.py
[2025-02-17T22:39:18.617-0600] {logging_mixin.py:190} INFO - [2025-02-17T22:39:18.617-0600] {dag.py:3239} INFO - Sync 1 DAGs
[2025-02-17T22:39:18.635-0600] {logging_mixin.py:190} INFO - [2025-02-17T22:39:18.635-0600] {dag.py:4180} INFO - Setting next_dagrun for example_trigger_target_dag to None, run_after=None
[2025-02-17T22:39:18.670-0600] {processor.py:208} INFO - Processing /home/dataScience/Projects/Pipeline/venv/lib/python3.10/site-packages/airflow/example_dags/example_trigger_target_dag.py took 0.096 seconds
[2025-02-17T22:40:17.387-0600] {processor.py:186} INFO - Started process (PID=24669) to work on /home/dataScience/Projects/Pipeline/venv/lib/python3.10/site-packages/airflow/example_dags/example_trigger_target_dag.py
[2025-02-17T22:40:17.390-0600] {processor.py:914} INFO - Processing file /home/dataScience/Projects/Pipeline/venv/lib/python3.10/site-packages/airflow/example_dags/example_trigger_target_dag.py for tasks to queue
[2025-02-17T22:40:17.393-0600] {logging_mixin.py:190} INFO - [2025-02-17T22:40:17.392-0600] {dagbag.py:588} INFO - Filling up the DagBag from /home/dataScience/Projects/Pipeline/venv/lib/python3.10/site-packages/airflow/example_dags/example_trigger_target_dag.py
[2025-02-17T22:40:17.405-0600] {processor.py:925} INFO - DAG(s) 'example_trigger_target_dag' retrieved from /home/dataScience/Projects/Pipeline/venv/lib/python3.10/site-packages/airflow/example_dags/example_trigger_target_dag.py
[2025-02-17T22:40:17.427-0600] {logging_mixin.py:190} INFO - [2025-02-17T22:40:17.426-0600] {dag.py:3239} INFO - Sync 1 DAGs
[2025-02-17T22:40:17.444-0600] {logging_mixin.py:190} INFO - [2025-02-17T22:40:17.444-0600] {dag.py:4180} INFO - Setting next_dagrun for example_trigger_target_dag to None, run_after=None
[2025-02-17T22:40:17.483-0600] {processor.py:208} INFO - Processing /home/dataScience/Projects/Pipeline/venv/lib/python3.10/site-packages/airflow/example_dags/example_trigger_target_dag.py took 0.121 seconds
[2025-02-17T22:41:18.456-0600] {processor.py:186} INFO - Started process (PID=25174) to work on /home/dataScience/Projects/Pipeline/venv/lib/python3.10/site-packages/airflow/example_dags/example_trigger_target_dag.py
[2025-02-17T22:41:18.459-0600] {processor.py:914} INFO - Processing file /home/dataScience/Projects/Pipeline/venv/lib/python3.10/site-packages/airflow/example_dags/example_trigger_target_dag.py for tasks to queue
[2025-02-17T22:41:18.462-0600] {logging_mixin.py:190} INFO - [2025-02-17T22:41:18.461-0600] {dagbag.py:588} INFO - Filling up the DagBag from /home/dataScience/Projects/Pipeline/venv/lib/python3.10/site-packages/airflow/example_dags/example_trigger_target_dag.py
[2025-02-17T22:41:18.471-0600] {processor.py:925} INFO - DAG(s) 'example_trigger_target_dag' retrieved from /home/dataScience/Projects/Pipeline/venv/lib/python3.10/site-packages/airflow/example_dags/example_trigger_target_dag.py
[2025-02-17T22:41:18.488-0600] {logging_mixin.py:190} INFO - [2025-02-17T22:41:18.488-0600] {dag.py:3239} INFO - Sync 1 DAGs
[2025-02-17T22:41:18.505-0600] {logging_mixin.py:190} INFO - [2025-02-17T22:41:18.505-0600] {dag.py:4180} INFO - Setting next_dagrun for example_trigger_target_dag to None, run_after=None
[2025-02-17T22:41:18.563-0600] {processor.py:208} INFO - Processing /home/dataScience/Projects/Pipeline/venv/lib/python3.10/site-packages/airflow/example_dags/example_trigger_target_dag.py took 0.114 seconds
