[2025-02-17T22:31:47.106-0600] {processor.py:186} INFO - Started process (PID=19684) to work on /home/dataScience/Projects/Pipeline/venv/lib/python3.10/site-packages/airflow/example_dags/example_xcomargs.py
[2025-02-17T22:31:47.108-0600] {processor.py:914} INFO - Processing file /home/dataScience/Projects/Pipeline/venv/lib/python3.10/site-packages/airflow/example_dags/example_xcomargs.py for tasks to queue
[2025-02-17T22:31:47.112-0600] {logging_mixin.py:190} INFO - [2025-02-17T22:31:47.111-0600] {dagbag.py:588} INFO - Filling up the DagBag from /home/dataScience/Projects/Pipeline/venv/lib/python3.10/site-packages/airflow/example_dags/example_xcomargs.py
[2025-02-17T22:31:47.132-0600] {processor.py:925} INFO - DAG(s) 'example_xcom_args', 'example_xcom_args_with_operators' retrieved from /home/dataScience/Projects/Pipeline/venv/lib/python3.10/site-packages/airflow/example_dags/example_xcomargs.py
[2025-02-17T22:31:47.985-0600] {logging_mixin.py:190} INFO - [2025-02-17T22:31:47.984-0600] {override.py:1930} INFO - Created Permission View: can delete on DAG:example_xcom_args
[2025-02-17T22:31:48.012-0600] {logging_mixin.py:190} INFO - [2025-02-17T22:31:48.012-0600] {override.py:1930} INFO - Created Permission View: can edit on DAG:example_xcom_args
[2025-02-17T22:31:48.030-0600] {logging_mixin.py:190} INFO - [2025-02-17T22:31:48.029-0600] {override.py:1930} INFO - Created Permission View: can read on DAG:example_xcom_args
[2025-02-17T22:31:48.055-0600] {logging_mixin.py:190} INFO - [2025-02-17T22:31:48.055-0600] {override.py:1930} INFO - Created Permission View: can create on DAG Run:example_xcom_args
[2025-02-17T22:31:48.071-0600] {logging_mixin.py:190} INFO - [2025-02-17T22:31:48.071-0600] {override.py:1930} INFO - Created Permission View: can delete on DAG Run:example_xcom_args
[2025-02-17T22:31:48.087-0600] {logging_mixin.py:190} INFO - [2025-02-17T22:31:48.087-0600] {override.py:1930} INFO - Created Permission View: menu access on DAG Run:example_xcom_args
[2025-02-17T22:31:48.103-0600] {logging_mixin.py:190} INFO - [2025-02-17T22:31:48.103-0600] {override.py:1930} INFO - Created Permission View: can read on DAG Run:example_xcom_args
[2025-02-17T22:31:48.137-0600] {logging_mixin.py:190} INFO - [2025-02-17T22:31:48.136-0600] {override.py:1930} INFO - Created Permission View: can delete on DAG:example_xcom_args_with_operators
[2025-02-17T22:31:48.152-0600] {logging_mixin.py:190} INFO - [2025-02-17T22:31:48.152-0600] {override.py:1930} INFO - Created Permission View: can edit on DAG:example_xcom_args_with_operators
[2025-02-17T22:31:48.169-0600] {logging_mixin.py:190} INFO - [2025-02-17T22:31:48.168-0600] {override.py:1930} INFO - Created Permission View: can read on DAG:example_xcom_args_with_operators
[2025-02-17T22:31:48.193-0600] {logging_mixin.py:190} INFO - [2025-02-17T22:31:48.192-0600] {override.py:1930} INFO - Created Permission View: can create on DAG Run:example_xcom_args_with_operators
[2025-02-17T22:31:48.206-0600] {logging_mixin.py:190} INFO - [2025-02-17T22:31:48.205-0600] {override.py:1930} INFO - Created Permission View: can delete on DAG Run:example_xcom_args_with_operators
[2025-02-17T22:31:48.220-0600] {logging_mixin.py:190} INFO - [2025-02-17T22:31:48.219-0600] {override.py:1930} INFO - Created Permission View: menu access on DAG Run:example_xcom_args_with_operators
[2025-02-17T22:31:48.239-0600] {logging_mixin.py:190} INFO - [2025-02-17T22:31:48.239-0600] {override.py:1930} INFO - Created Permission View: can read on DAG Run:example_xcom_args_with_operators
[2025-02-17T22:31:48.239-0600] {logging_mixin.py:190} INFO - [2025-02-17T22:31:48.239-0600] {dag.py:3239} INFO - Sync 2 DAGs
[2025-02-17T22:31:48.262-0600] {logging_mixin.py:190} INFO - [2025-02-17T22:31:48.262-0600] {dag.py:3262} INFO - Creating ORM DAG for example_xcom_args_with_operators
[2025-02-17T22:31:48.263-0600] {logging_mixin.py:190} INFO - [2025-02-17T22:31:48.263-0600] {dag.py:3262} INFO - Creating ORM DAG for example_xcom_args
[2025-02-17T22:31:48.264-0600] {logging_mixin.py:190} INFO - [2025-02-17T22:31:48.264-0600] {dag.py:4180} INFO - Setting next_dagrun for example_xcom_args to None, run_after=None
[2025-02-17T22:31:48.265-0600] {logging_mixin.py:190} INFO - [2025-02-17T22:31:48.265-0600] {dag.py:4180} INFO - Setting next_dagrun for example_xcom_args_with_operators to None, run_after=None
[2025-02-17T22:31:48.304-0600] {processor.py:208} INFO - Processing /home/dataScience/Projects/Pipeline/venv/lib/python3.10/site-packages/airflow/example_dags/example_xcomargs.py took 1.207 seconds
[2025-02-17T22:33:06.862-0600] {processor.py:186} INFO - Started process (PID=20696) to work on /home/dataScience/Projects/Pipeline/venv/lib/python3.10/site-packages/airflow/example_dags/example_xcomargs.py
[2025-02-17T22:33:06.864-0600] {processor.py:914} INFO - Processing file /home/dataScience/Projects/Pipeline/venv/lib/python3.10/site-packages/airflow/example_dags/example_xcomargs.py for tasks to queue
[2025-02-17T22:33:06.867-0600] {logging_mixin.py:190} INFO - [2025-02-17T22:33:06.866-0600] {dagbag.py:588} INFO - Filling up the DagBag from /home/dataScience/Projects/Pipeline/venv/lib/python3.10/site-packages/airflow/example_dags/example_xcomargs.py
[2025-02-17T22:33:06.880-0600] {processor.py:925} INFO - DAG(s) 'example_xcom_args', 'example_xcom_args_with_operators' retrieved from /home/dataScience/Projects/Pipeline/venv/lib/python3.10/site-packages/airflow/example_dags/example_xcomargs.py
[2025-02-17T22:33:06.902-0600] {logging_mixin.py:190} INFO - [2025-02-17T22:33:06.902-0600] {dag.py:3239} INFO - Sync 2 DAGs
[2025-02-17T22:33:06.919-0600] {logging_mixin.py:190} INFO - [2025-02-17T22:33:06.918-0600] {dag.py:4180} INFO - Setting next_dagrun for example_xcom_args to None, run_after=None
[2025-02-17T22:33:06.925-0600] {logging_mixin.py:190} INFO - [2025-02-17T22:33:06.923-0600] {dag.py:4180} INFO - Setting next_dagrun for example_xcom_args_with_operators to None, run_after=None
[2025-02-17T22:33:06.958-0600] {processor.py:208} INFO - Processing /home/dataScience/Projects/Pipeline/venv/lib/python3.10/site-packages/airflow/example_dags/example_xcomargs.py took 0.104 seconds
[2025-02-17T22:34:11.921-0600] {processor.py:186} INFO - Started process (PID=21373) to work on /home/dataScience/Projects/Pipeline/venv/lib/python3.10/site-packages/airflow/example_dags/example_xcomargs.py
[2025-02-17T22:34:11.928-0600] {processor.py:914} INFO - Processing file /home/dataScience/Projects/Pipeline/venv/lib/python3.10/site-packages/airflow/example_dags/example_xcomargs.py for tasks to queue
[2025-02-17T22:34:11.931-0600] {logging_mixin.py:190} INFO - [2025-02-17T22:34:11.930-0600] {dagbag.py:588} INFO - Filling up the DagBag from /home/dataScience/Projects/Pipeline/venv/lib/python3.10/site-packages/airflow/example_dags/example_xcomargs.py
[2025-02-17T22:34:11.943-0600] {processor.py:925} INFO - DAG(s) 'example_xcom_args_with_operators', 'example_xcom_args' retrieved from /home/dataScience/Projects/Pipeline/venv/lib/python3.10/site-packages/airflow/example_dags/example_xcomargs.py
[2025-02-17T22:34:11.967-0600] {logging_mixin.py:190} INFO - [2025-02-17T22:34:11.967-0600] {dag.py:3239} INFO - Sync 2 DAGs
[2025-02-17T22:34:11.982-0600] {logging_mixin.py:190} INFO - [2025-02-17T22:34:11.981-0600] {dag.py:4180} INFO - Setting next_dagrun for example_xcom_args to None, run_after=None
[2025-02-17T22:34:11.986-0600] {logging_mixin.py:190} INFO - [2025-02-17T22:34:11.985-0600] {dag.py:4180} INFO - Setting next_dagrun for example_xcom_args_with_operators to None, run_after=None
[2025-02-17T22:34:12.015-0600] {processor.py:208} INFO - Processing /home/dataScience/Projects/Pipeline/venv/lib/python3.10/site-packages/airflow/example_dags/example_xcomargs.py took 0.103 seconds
[2025-02-17T22:35:14.995-0600] {processor.py:186} INFO - Started process (PID=22082) to work on /home/dataScience/Projects/Pipeline/venv/lib/python3.10/site-packages/airflow/example_dags/example_xcomargs.py
[2025-02-17T22:35:14.997-0600] {processor.py:914} INFO - Processing file /home/dataScience/Projects/Pipeline/venv/lib/python3.10/site-packages/airflow/example_dags/example_xcomargs.py for tasks to queue
[2025-02-17T22:35:14.999-0600] {logging_mixin.py:190} INFO - [2025-02-17T22:35:14.999-0600] {dagbag.py:588} INFO - Filling up the DagBag from /home/dataScience/Projects/Pipeline/venv/lib/python3.10/site-packages/airflow/example_dags/example_xcomargs.py
[2025-02-17T22:35:15.012-0600] {processor.py:925} INFO - DAG(s) 'example_xcom_args', 'example_xcom_args_with_operators' retrieved from /home/dataScience/Projects/Pipeline/venv/lib/python3.10/site-packages/airflow/example_dags/example_xcomargs.py
[2025-02-17T22:35:15.033-0600] {logging_mixin.py:190} INFO - [2025-02-17T22:35:15.033-0600] {dag.py:3239} INFO - Sync 2 DAGs
[2025-02-17T22:35:15.050-0600] {logging_mixin.py:190} INFO - [2025-02-17T22:35:15.050-0600] {dag.py:4180} INFO - Setting next_dagrun for example_xcom_args to None, run_after=None
[2025-02-17T22:35:15.055-0600] {logging_mixin.py:190} INFO - [2025-02-17T22:35:15.055-0600] {dag.py:4180} INFO - Setting next_dagrun for example_xcom_args_with_operators to None, run_after=None
[2025-02-17T22:35:15.082-0600] {processor.py:208} INFO - Processing /home/dataScience/Projects/Pipeline/venv/lib/python3.10/site-packages/airflow/example_dags/example_xcomargs.py took 0.094 seconds
[2025-02-17T22:36:15.096-0600] {processor.py:186} INFO - Started process (PID=22590) to work on /home/dataScience/Projects/Pipeline/venv/lib/python3.10/site-packages/airflow/example_dags/example_xcomargs.py
[2025-02-17T22:36:15.097-0600] {processor.py:914} INFO - Processing file /home/dataScience/Projects/Pipeline/venv/lib/python3.10/site-packages/airflow/example_dags/example_xcomargs.py for tasks to queue
[2025-02-17T22:36:15.100-0600] {logging_mixin.py:190} INFO - [2025-02-17T22:36:15.099-0600] {dagbag.py:588} INFO - Filling up the DagBag from /home/dataScience/Projects/Pipeline/venv/lib/python3.10/site-packages/airflow/example_dags/example_xcomargs.py
[2025-02-17T22:36:15.112-0600] {processor.py:925} INFO - DAG(s) 'example_xcom_args_with_operators', 'example_xcom_args' retrieved from /home/dataScience/Projects/Pipeline/venv/lib/python3.10/site-packages/airflow/example_dags/example_xcomargs.py
[2025-02-17T22:36:15.132-0600] {logging_mixin.py:190} INFO - [2025-02-17T22:36:15.132-0600] {dag.py:3239} INFO - Sync 2 DAGs
[2025-02-17T22:36:15.145-0600] {logging_mixin.py:190} INFO - [2025-02-17T22:36:15.145-0600] {dag.py:4180} INFO - Setting next_dagrun for example_xcom_args to None, run_after=None
[2025-02-17T22:36:15.149-0600] {logging_mixin.py:190} INFO - [2025-02-17T22:36:15.149-0600] {dag.py:4180} INFO - Setting next_dagrun for example_xcom_args_with_operators to None, run_after=None
[2025-02-17T22:36:15.176-0600] {processor.py:208} INFO - Processing /home/dataScience/Projects/Pipeline/venv/lib/python3.10/site-packages/airflow/example_dags/example_xcomargs.py took 0.089 seconds
[2025-02-17T22:37:15.750-0600] {processor.py:186} INFO - Started process (PID=23153) to work on /home/dataScience/Projects/Pipeline/venv/lib/python3.10/site-packages/airflow/example_dags/example_xcomargs.py
[2025-02-17T22:37:15.752-0600] {processor.py:914} INFO - Processing file /home/dataScience/Projects/Pipeline/venv/lib/python3.10/site-packages/airflow/example_dags/example_xcomargs.py for tasks to queue
[2025-02-17T22:37:15.755-0600] {logging_mixin.py:190} INFO - [2025-02-17T22:37:15.754-0600] {dagbag.py:588} INFO - Filling up the DagBag from /home/dataScience/Projects/Pipeline/venv/lib/python3.10/site-packages/airflow/example_dags/example_xcomargs.py
[2025-02-17T22:37:15.767-0600] {processor.py:925} INFO - DAG(s) 'example_xcom_args_with_operators', 'example_xcom_args' retrieved from /home/dataScience/Projects/Pipeline/venv/lib/python3.10/site-packages/airflow/example_dags/example_xcomargs.py
[2025-02-17T22:37:15.789-0600] {logging_mixin.py:190} INFO - [2025-02-17T22:37:15.789-0600] {dag.py:3239} INFO - Sync 2 DAGs
[2025-02-17T22:37:15.804-0600] {logging_mixin.py:190} INFO - [2025-02-17T22:37:15.804-0600] {dag.py:4180} INFO - Setting next_dagrun for example_xcom_args to None, run_after=None
[2025-02-17T22:37:15.808-0600] {logging_mixin.py:190} INFO - [2025-02-17T22:37:15.808-0600] {dag.py:4180} INFO - Setting next_dagrun for example_xcom_args_with_operators to None, run_after=None
[2025-02-17T22:37:15.836-0600] {processor.py:208} INFO - Processing /home/dataScience/Projects/Pipeline/venv/lib/python3.10/site-packages/airflow/example_dags/example_xcomargs.py took 0.095 seconds
[2025-02-17T22:38:09.906-0600] {processor.py:186} INFO - Started process (PID=23616) to work on /home/dataScience/Projects/Pipeline/venv/lib/python3.10/site-packages/airflow/example_dags/example_xcomargs.py
[2025-02-17T22:38:09.910-0600] {processor.py:914} INFO - Processing file /home/dataScience/Projects/Pipeline/venv/lib/python3.10/site-packages/airflow/example_dags/example_xcomargs.py for tasks to queue
[2025-02-17T22:38:09.914-0600] {logging_mixin.py:190} INFO - [2025-02-17T22:38:09.913-0600] {dagbag.py:588} INFO - Filling up the DagBag from /home/dataScience/Projects/Pipeline/venv/lib/python3.10/site-packages/airflow/example_dags/example_xcomargs.py
[2025-02-17T22:38:09.925-0600] {processor.py:925} INFO - DAG(s) 'example_xcom_args_with_operators', 'example_xcom_args' retrieved from /home/dataScience/Projects/Pipeline/venv/lib/python3.10/site-packages/airflow/example_dags/example_xcomargs.py
[2025-02-17T22:38:09.955-0600] {logging_mixin.py:190} INFO - [2025-02-17T22:38:09.954-0600] {dag.py:3239} INFO - Sync 2 DAGs
[2025-02-17T22:38:09.972-0600] {logging_mixin.py:190} INFO - [2025-02-17T22:38:09.971-0600] {dag.py:4180} INFO - Setting next_dagrun for example_xcom_args to None, run_after=None
[2025-02-17T22:38:09.976-0600] {logging_mixin.py:190} INFO - [2025-02-17T22:38:09.975-0600] {dag.py:4180} INFO - Setting next_dagrun for example_xcom_args_with_operators to None, run_after=None
[2025-02-17T22:38:10.004-0600] {processor.py:208} INFO - Processing /home/dataScience/Projects/Pipeline/venv/lib/python3.10/site-packages/airflow/example_dags/example_xcomargs.py took 0.107 seconds
[2025-02-17T22:39:13.631-0600] {processor.py:186} INFO - Started process (PID=24144) to work on /home/dataScience/Projects/Pipeline/venv/lib/python3.10/site-packages/airflow/example_dags/example_xcomargs.py
[2025-02-17T22:39:13.633-0600] {processor.py:914} INFO - Processing file /home/dataScience/Projects/Pipeline/venv/lib/python3.10/site-packages/airflow/example_dags/example_xcomargs.py for tasks to queue
[2025-02-17T22:39:13.637-0600] {logging_mixin.py:190} INFO - [2025-02-17T22:39:13.636-0600] {dagbag.py:588} INFO - Filling up the DagBag from /home/dataScience/Projects/Pipeline/venv/lib/python3.10/site-packages/airflow/example_dags/example_xcomargs.py
[2025-02-17T22:39:13.652-0600] {processor.py:925} INFO - DAG(s) 'example_xcom_args_with_operators', 'example_xcom_args' retrieved from /home/dataScience/Projects/Pipeline/venv/lib/python3.10/site-packages/airflow/example_dags/example_xcomargs.py
[2025-02-17T22:39:13.680-0600] {logging_mixin.py:190} INFO - [2025-02-17T22:39:13.680-0600] {dag.py:3239} INFO - Sync 2 DAGs
[2025-02-17T22:39:13.703-0600] {logging_mixin.py:190} INFO - [2025-02-17T22:39:13.702-0600] {dag.py:4180} INFO - Setting next_dagrun for example_xcom_args to None, run_after=None
[2025-02-17T22:39:13.708-0600] {logging_mixin.py:190} INFO - [2025-02-17T22:39:13.707-0600] {dag.py:4180} INFO - Setting next_dagrun for example_xcom_args_with_operators to None, run_after=None
[2025-02-17T22:39:13.741-0600] {processor.py:208} INFO - Processing /home/dataScience/Projects/Pipeline/venv/lib/python3.10/site-packages/airflow/example_dags/example_xcomargs.py took 0.119 seconds
[2025-02-17T22:40:12.396-0600] {processor.py:186} INFO - Started process (PID=24633) to work on /home/dataScience/Projects/Pipeline/venv/lib/python3.10/site-packages/airflow/example_dags/example_xcomargs.py
[2025-02-17T22:40:12.398-0600] {processor.py:914} INFO - Processing file /home/dataScience/Projects/Pipeline/venv/lib/python3.10/site-packages/airflow/example_dags/example_xcomargs.py for tasks to queue
[2025-02-17T22:40:12.401-0600] {logging_mixin.py:190} INFO - [2025-02-17T22:40:12.400-0600] {dagbag.py:588} INFO - Filling up the DagBag from /home/dataScience/Projects/Pipeline/venv/lib/python3.10/site-packages/airflow/example_dags/example_xcomargs.py
[2025-02-17T22:40:12.413-0600] {processor.py:925} INFO - DAG(s) 'example_xcom_args', 'example_xcom_args_with_operators' retrieved from /home/dataScience/Projects/Pipeline/venv/lib/python3.10/site-packages/airflow/example_dags/example_xcomargs.py
[2025-02-17T22:40:12.436-0600] {logging_mixin.py:190} INFO - [2025-02-17T22:40:12.436-0600] {dag.py:3239} INFO - Sync 2 DAGs
[2025-02-17T22:40:12.452-0600] {logging_mixin.py:190} INFO - [2025-02-17T22:40:12.451-0600] {dag.py:4180} INFO - Setting next_dagrun for example_xcom_args to None, run_after=None
[2025-02-17T22:40:12.457-0600] {logging_mixin.py:190} INFO - [2025-02-17T22:40:12.456-0600] {dag.py:4180} INFO - Setting next_dagrun for example_xcom_args_with_operators to None, run_after=None
[2025-02-17T22:40:12.484-0600] {processor.py:208} INFO - Processing /home/dataScience/Projects/Pipeline/venv/lib/python3.10/site-packages/airflow/example_dags/example_xcomargs.py took 0.096 seconds
[2025-02-17T22:41:14.532-0600] {processor.py:186} INFO - Started process (PID=25149) to work on /home/dataScience/Projects/Pipeline/venv/lib/python3.10/site-packages/airflow/example_dags/example_xcomargs.py
[2025-02-17T22:41:14.535-0600] {processor.py:914} INFO - Processing file /home/dataScience/Projects/Pipeline/venv/lib/python3.10/site-packages/airflow/example_dags/example_xcomargs.py for tasks to queue
[2025-02-17T22:41:14.538-0600] {logging_mixin.py:190} INFO - [2025-02-17T22:41:14.537-0600] {dagbag.py:588} INFO - Filling up the DagBag from /home/dataScience/Projects/Pipeline/venv/lib/python3.10/site-packages/airflow/example_dags/example_xcomargs.py
[2025-02-17T22:41:14.550-0600] {processor.py:925} INFO - DAG(s) 'example_xcom_args', 'example_xcom_args_with_operators' retrieved from /home/dataScience/Projects/Pipeline/venv/lib/python3.10/site-packages/airflow/example_dags/example_xcomargs.py
[2025-02-17T22:41:14.571-0600] {logging_mixin.py:190} INFO - [2025-02-17T22:41:14.571-0600] {dag.py:3239} INFO - Sync 2 DAGs
[2025-02-17T22:41:14.587-0600] {logging_mixin.py:190} INFO - [2025-02-17T22:41:14.586-0600] {dag.py:4180} INFO - Setting next_dagrun for example_xcom_args to None, run_after=None
[2025-02-17T22:41:14.590-0600] {logging_mixin.py:190} INFO - [2025-02-17T22:41:14.590-0600] {dag.py:4180} INFO - Setting next_dagrun for example_xcom_args_with_operators to None, run_after=None
[2025-02-17T22:41:14.619-0600] {processor.py:208} INFO - Processing /home/dataScience/Projects/Pipeline/venv/lib/python3.10/site-packages/airflow/example_dags/example_xcomargs.py took 0.093 seconds
