[2025-02-17T22:31:43.668-0600] {processor.py:186} INFO - Started process (PID=19624) to work on /home/dataScience/Projects/Pipeline/venv/lib/python3.10/site-packages/airflow/example_dags/example_task_group.py
[2025-02-17T22:31:43.669-0600] {processor.py:914} INFO - Processing file /home/dataScience/Projects/Pipeline/venv/lib/python3.10/site-packages/airflow/example_dags/example_task_group.py for tasks to queue
[2025-02-17T22:31:43.672-0600] {logging_mixin.py:190} INFO - [2025-02-17T22:31:43.671-0600] {dagbag.py:588} INFO - Filling up the DagBag from /home/dataScience/Projects/Pipeline/venv/lib/python3.10/site-packages/airflow/example_dags/example_task_group.py
[2025-02-17T22:31:43.684-0600] {processor.py:925} INFO - DAG(s) 'example_task_group' retrieved from /home/dataScience/Projects/Pipeline/venv/lib/python3.10/site-packages/airflow/example_dags/example_task_group.py
[2025-02-17T22:31:43.938-0600] {logging_mixin.py:190} INFO - [2025-02-17T22:31:43.937-0600] {override.py:1930} INFO - Created Permission View: can delete on DAG:example_task_group
[2025-02-17T22:31:43.956-0600] {logging_mixin.py:190} INFO - [2025-02-17T22:31:43.955-0600] {override.py:1930} INFO - Created Permission View: can edit on DAG:example_task_group
[2025-02-17T22:31:43.974-0600] {logging_mixin.py:190} INFO - [2025-02-17T22:31:43.974-0600] {override.py:1930} INFO - Created Permission View: can read on DAG:example_task_group
[2025-02-17T22:31:44.005-0600] {logging_mixin.py:190} INFO - [2025-02-17T22:31:44.005-0600] {override.py:1930} INFO - Created Permission View: can create on DAG Run:example_task_group
[2025-02-17T22:31:44.023-0600] {logging_mixin.py:190} INFO - [2025-02-17T22:31:44.022-0600] {override.py:1930} INFO - Created Permission View: can delete on DAG Run:example_task_group
[2025-02-17T22:31:44.040-0600] {logging_mixin.py:190} INFO - [2025-02-17T22:31:44.040-0600] {override.py:1930} INFO - Created Permission View: menu access on DAG Run:example_task_group
[2025-02-17T22:31:44.057-0600] {logging_mixin.py:190} INFO - [2025-02-17T22:31:44.056-0600] {override.py:1930} INFO - Created Permission View: can read on DAG Run:example_task_group
[2025-02-17T22:31:44.058-0600] {logging_mixin.py:190} INFO - [2025-02-17T22:31:44.058-0600] {dag.py:3239} INFO - Sync 1 DAGs
[2025-02-17T22:31:44.071-0600] {logging_mixin.py:190} INFO - [2025-02-17T22:31:44.071-0600] {dag.py:3262} INFO - Creating ORM DAG for example_task_group
[2025-02-17T22:31:44.072-0600] {logging_mixin.py:190} INFO - [2025-02-17T22:31:44.072-0600] {dag.py:4180} INFO - Setting next_dagrun for example_task_group to None, run_after=None
[2025-02-17T22:31:44.103-0600] {processor.py:208} INFO - Processing /home/dataScience/Projects/Pipeline/venv/lib/python3.10/site-packages/airflow/example_dags/example_task_group.py took 0.442 seconds
[2025-02-17T22:33:04.323-0600] {processor.py:186} INFO - Started process (PID=20677) to work on /home/dataScience/Projects/Pipeline/venv/lib/python3.10/site-packages/airflow/example_dags/example_task_group.py
[2025-02-17T22:33:04.331-0600] {processor.py:914} INFO - Processing file /home/dataScience/Projects/Pipeline/venv/lib/python3.10/site-packages/airflow/example_dags/example_task_group.py for tasks to queue
[2025-02-17T22:33:04.339-0600] {logging_mixin.py:190} INFO - [2025-02-17T22:33:04.338-0600] {dagbag.py:588} INFO - Filling up the DagBag from /home/dataScience/Projects/Pipeline/venv/lib/python3.10/site-packages/airflow/example_dags/example_task_group.py
[2025-02-17T22:33:04.363-0600] {processor.py:925} INFO - DAG(s) 'example_task_group' retrieved from /home/dataScience/Projects/Pipeline/venv/lib/python3.10/site-packages/airflow/example_dags/example_task_group.py
[2025-02-17T22:33:04.399-0600] {logging_mixin.py:190} INFO - [2025-02-17T22:33:04.399-0600] {dag.py:3239} INFO - Sync 1 DAGs
[2025-02-17T22:33:04.435-0600] {logging_mixin.py:190} INFO - [2025-02-17T22:33:04.434-0600] {dag.py:4180} INFO - Setting next_dagrun for example_task_group to None, run_after=None
[2025-02-17T22:33:04.465-0600] {processor.py:208} INFO - Processing /home/dataScience/Projects/Pipeline/venv/lib/python3.10/site-packages/airflow/example_dags/example_task_group.py took 0.152 seconds
[2025-02-17T22:34:09.368-0600] {processor.py:186} INFO - Started process (PID=21294) to work on /home/dataScience/Projects/Pipeline/venv/lib/python3.10/site-packages/airflow/example_dags/example_task_group.py
[2025-02-17T22:34:09.370-0600] {processor.py:914} INFO - Processing file /home/dataScience/Projects/Pipeline/venv/lib/python3.10/site-packages/airflow/example_dags/example_task_group.py for tasks to queue
[2025-02-17T22:34:09.373-0600] {logging_mixin.py:190} INFO - [2025-02-17T22:34:09.372-0600] {dagbag.py:588} INFO - Filling up the DagBag from /home/dataScience/Projects/Pipeline/venv/lib/python3.10/site-packages/airflow/example_dags/example_task_group.py
[2025-02-17T22:34:09.399-0600] {processor.py:925} INFO - DAG(s) 'example_task_group' retrieved from /home/dataScience/Projects/Pipeline/venv/lib/python3.10/site-packages/airflow/example_dags/example_task_group.py
[2025-02-17T22:34:09.421-0600] {logging_mixin.py:190} INFO - [2025-02-17T22:34:09.421-0600] {dag.py:3239} INFO - Sync 1 DAGs
[2025-02-17T22:34:09.440-0600] {logging_mixin.py:190} INFO - [2025-02-17T22:34:09.439-0600] {dag.py:4180} INFO - Setting next_dagrun for example_task_group to None, run_after=None
[2025-02-17T22:34:09.474-0600] {processor.py:208} INFO - Processing /home/dataScience/Projects/Pipeline/venv/lib/python3.10/site-packages/airflow/example_dags/example_task_group.py took 0.121 seconds
[2025-02-17T22:35:13.514-0600] {processor.py:186} INFO - Started process (PID=22075) to work on /home/dataScience/Projects/Pipeline/venv/lib/python3.10/site-packages/airflow/example_dags/example_task_group.py
[2025-02-17T22:35:13.516-0600] {processor.py:914} INFO - Processing file /home/dataScience/Projects/Pipeline/venv/lib/python3.10/site-packages/airflow/example_dags/example_task_group.py for tasks to queue
[2025-02-17T22:35:13.519-0600] {logging_mixin.py:190} INFO - [2025-02-17T22:35:13.518-0600] {dagbag.py:588} INFO - Filling up the DagBag from /home/dataScience/Projects/Pipeline/venv/lib/python3.10/site-packages/airflow/example_dags/example_task_group.py
[2025-02-17T22:35:13.531-0600] {processor.py:925} INFO - DAG(s) 'example_task_group' retrieved from /home/dataScience/Projects/Pipeline/venv/lib/python3.10/site-packages/airflow/example_dags/example_task_group.py
[2025-02-17T22:35:13.553-0600] {logging_mixin.py:190} INFO - [2025-02-17T22:35:13.553-0600] {dag.py:3239} INFO - Sync 1 DAGs
[2025-02-17T22:35:13.569-0600] {logging_mixin.py:190} INFO - [2025-02-17T22:35:13.569-0600] {dag.py:4180} INFO - Setting next_dagrun for example_task_group to None, run_after=None
[2025-02-17T22:35:13.603-0600] {processor.py:208} INFO - Processing /home/dataScience/Projects/Pipeline/venv/lib/python3.10/site-packages/airflow/example_dags/example_task_group.py took 0.096 seconds
[2025-02-17T22:36:13.403-0600] {processor.py:186} INFO - Started process (PID=22575) to work on /home/dataScience/Projects/Pipeline/venv/lib/python3.10/site-packages/airflow/example_dags/example_task_group.py
[2025-02-17T22:36:13.405-0600] {processor.py:914} INFO - Processing file /home/dataScience/Projects/Pipeline/venv/lib/python3.10/site-packages/airflow/example_dags/example_task_group.py for tasks to queue
[2025-02-17T22:36:13.407-0600] {logging_mixin.py:190} INFO - [2025-02-17T22:36:13.407-0600] {dagbag.py:588} INFO - Filling up the DagBag from /home/dataScience/Projects/Pipeline/venv/lib/python3.10/site-packages/airflow/example_dags/example_task_group.py
[2025-02-17T22:36:13.419-0600] {processor.py:925} INFO - DAG(s) 'example_task_group' retrieved from /home/dataScience/Projects/Pipeline/venv/lib/python3.10/site-packages/airflow/example_dags/example_task_group.py
[2025-02-17T22:36:13.438-0600] {logging_mixin.py:190} INFO - [2025-02-17T22:36:13.438-0600] {dag.py:3239} INFO - Sync 1 DAGs
[2025-02-17T22:36:13.453-0600] {logging_mixin.py:190} INFO - [2025-02-17T22:36:13.453-0600] {dag.py:4180} INFO - Setting next_dagrun for example_task_group to None, run_after=None
[2025-02-17T22:36:13.482-0600] {processor.py:208} INFO - Processing /home/dataScience/Projects/Pipeline/venv/lib/python3.10/site-packages/airflow/example_dags/example_task_group.py took 0.086 seconds
[2025-02-17T22:37:14.235-0600] {processor.py:186} INFO - Started process (PID=23145) to work on /home/dataScience/Projects/Pipeline/venv/lib/python3.10/site-packages/airflow/example_dags/example_task_group.py
[2025-02-17T22:37:14.238-0600] {processor.py:914} INFO - Processing file /home/dataScience/Projects/Pipeline/venv/lib/python3.10/site-packages/airflow/example_dags/example_task_group.py for tasks to queue
[2025-02-17T22:37:14.241-0600] {logging_mixin.py:190} INFO - [2025-02-17T22:37:14.240-0600] {dagbag.py:588} INFO - Filling up the DagBag from /home/dataScience/Projects/Pipeline/venv/lib/python3.10/site-packages/airflow/example_dags/example_task_group.py
[2025-02-17T22:37:14.251-0600] {processor.py:925} INFO - DAG(s) 'example_task_group' retrieved from /home/dataScience/Projects/Pipeline/venv/lib/python3.10/site-packages/airflow/example_dags/example_task_group.py
[2025-02-17T22:37:14.271-0600] {logging_mixin.py:190} INFO - [2025-02-17T22:37:14.270-0600] {dag.py:3239} INFO - Sync 1 DAGs
[2025-02-17T22:37:14.285-0600] {logging_mixin.py:190} INFO - [2025-02-17T22:37:14.285-0600] {dag.py:4180} INFO - Setting next_dagrun for example_task_group to None, run_after=None
[2025-02-17T22:37:14.318-0600] {processor.py:208} INFO - Processing /home/dataScience/Projects/Pipeline/venv/lib/python3.10/site-packages/airflow/example_dags/example_task_group.py took 0.090 seconds
[2025-02-17T22:38:07.593-0600] {processor.py:186} INFO - Started process (PID=23599) to work on /home/dataScience/Projects/Pipeline/venv/lib/python3.10/site-packages/airflow/example_dags/example_task_group.py
[2025-02-17T22:38:07.596-0600] {processor.py:914} INFO - Processing file /home/dataScience/Projects/Pipeline/venv/lib/python3.10/site-packages/airflow/example_dags/example_task_group.py for tasks to queue
[2025-02-17T22:38:07.599-0600] {logging_mixin.py:190} INFO - [2025-02-17T22:38:07.598-0600] {dagbag.py:588} INFO - Filling up the DagBag from /home/dataScience/Projects/Pipeline/venv/lib/python3.10/site-packages/airflow/example_dags/example_task_group.py
[2025-02-17T22:38:07.611-0600] {processor.py:925} INFO - DAG(s) 'example_task_group' retrieved from /home/dataScience/Projects/Pipeline/venv/lib/python3.10/site-packages/airflow/example_dags/example_task_group.py
[2025-02-17T22:38:07.631-0600] {logging_mixin.py:190} INFO - [2025-02-17T22:38:07.630-0600] {dag.py:3239} INFO - Sync 1 DAGs
[2025-02-17T22:38:07.649-0600] {logging_mixin.py:190} INFO - [2025-02-17T22:38:07.649-0600] {dag.py:4180} INFO - Setting next_dagrun for example_task_group to None, run_after=None
[2025-02-17T22:38:07.679-0600] {processor.py:208} INFO - Processing /home/dataScience/Projects/Pipeline/venv/lib/python3.10/site-packages/airflow/example_dags/example_task_group.py took 0.093 seconds
[2025-02-17T22:39:11.115-0600] {processor.py:186} INFO - Started process (PID=24127) to work on /home/dataScience/Projects/Pipeline/venv/lib/python3.10/site-packages/airflow/example_dags/example_task_group.py
[2025-02-17T22:39:11.117-0600] {processor.py:914} INFO - Processing file /home/dataScience/Projects/Pipeline/venv/lib/python3.10/site-packages/airflow/example_dags/example_task_group.py for tasks to queue
[2025-02-17T22:39:11.120-0600] {logging_mixin.py:190} INFO - [2025-02-17T22:39:11.119-0600] {dagbag.py:588} INFO - Filling up the DagBag from /home/dataScience/Projects/Pipeline/venv/lib/python3.10/site-packages/airflow/example_dags/example_task_group.py
[2025-02-17T22:39:11.133-0600] {processor.py:925} INFO - DAG(s) 'example_task_group' retrieved from /home/dataScience/Projects/Pipeline/venv/lib/python3.10/site-packages/airflow/example_dags/example_task_group.py
[2025-02-17T22:39:11.155-0600] {logging_mixin.py:190} INFO - [2025-02-17T22:39:11.155-0600] {dag.py:3239} INFO - Sync 1 DAGs
[2025-02-17T22:39:11.173-0600] {logging_mixin.py:190} INFO - [2025-02-17T22:39:11.173-0600] {dag.py:4180} INFO - Setting next_dagrun for example_task_group to None, run_after=None
[2025-02-17T22:39:11.206-0600] {processor.py:208} INFO - Processing /home/dataScience/Projects/Pipeline/venv/lib/python3.10/site-packages/airflow/example_dags/example_task_group.py took 0.099 seconds
[2025-02-17T22:40:10.080-0600] {processor.py:186} INFO - Started process (PID=24616) to work on /home/dataScience/Projects/Pipeline/venv/lib/python3.10/site-packages/airflow/example_dags/example_task_group.py
[2025-02-17T22:40:10.082-0600] {processor.py:914} INFO - Processing file /home/dataScience/Projects/Pipeline/venv/lib/python3.10/site-packages/airflow/example_dags/example_task_group.py for tasks to queue
[2025-02-17T22:40:10.084-0600] {logging_mixin.py:190} INFO - [2025-02-17T22:40:10.084-0600] {dagbag.py:588} INFO - Filling up the DagBag from /home/dataScience/Projects/Pipeline/venv/lib/python3.10/site-packages/airflow/example_dags/example_task_group.py
[2025-02-17T22:40:10.095-0600] {processor.py:925} INFO - DAG(s) 'example_task_group' retrieved from /home/dataScience/Projects/Pipeline/venv/lib/python3.10/site-packages/airflow/example_dags/example_task_group.py
[2025-02-17T22:40:10.116-0600] {logging_mixin.py:190} INFO - [2025-02-17T22:40:10.115-0600] {dag.py:3239} INFO - Sync 1 DAGs
[2025-02-17T22:40:10.130-0600] {logging_mixin.py:190} INFO - [2025-02-17T22:40:10.130-0600] {dag.py:4180} INFO - Setting next_dagrun for example_task_group to None, run_after=None
[2025-02-17T22:40:10.161-0600] {processor.py:208} INFO - Processing /home/dataScience/Projects/Pipeline/venv/lib/python3.10/site-packages/airflow/example_dags/example_task_group.py took 0.088 seconds
[2025-02-17T22:41:12.022-0600] {processor.py:186} INFO - Started process (PID=25131) to work on /home/dataScience/Projects/Pipeline/venv/lib/python3.10/site-packages/airflow/example_dags/example_task_group.py
[2025-02-17T22:41:12.024-0600] {processor.py:914} INFO - Processing file /home/dataScience/Projects/Pipeline/venv/lib/python3.10/site-packages/airflow/example_dags/example_task_group.py for tasks to queue
[2025-02-17T22:41:12.028-0600] {logging_mixin.py:190} INFO - [2025-02-17T22:41:12.027-0600] {dagbag.py:588} INFO - Filling up the DagBag from /home/dataScience/Projects/Pipeline/venv/lib/python3.10/site-packages/airflow/example_dags/example_task_group.py
[2025-02-17T22:41:12.042-0600] {processor.py:925} INFO - DAG(s) 'example_task_group' retrieved from /home/dataScience/Projects/Pipeline/venv/lib/python3.10/site-packages/airflow/example_dags/example_task_group.py
[2025-02-17T22:41:12.067-0600] {logging_mixin.py:190} INFO - [2025-02-17T22:41:12.067-0600] {dag.py:3239} INFO - Sync 1 DAGs
[2025-02-17T22:41:12.090-0600] {logging_mixin.py:190} INFO - [2025-02-17T22:41:12.089-0600] {dag.py:4180} INFO - Setting next_dagrun for example_task_group to None, run_after=None
[2025-02-17T22:41:12.129-0600] {processor.py:208} INFO - Processing /home/dataScience/Projects/Pipeline/venv/lib/python3.10/site-packages/airflow/example_dags/example_task_group.py took 0.118 seconds
