[2025-02-17T22:32:42.895-0600] {processor.py:186} INFO - Started process (PID=20448) to work on /home/dataScience/Projects/Pipeline/venv/lib/python3.10/site-packages/airflow/example_dags/example_python_decorator.py
[2025-02-17T22:32:42.896-0600] {processor.py:914} INFO - Processing file /home/dataScience/Projects/Pipeline/venv/lib/python3.10/site-packages/airflow/example_dags/example_python_decorator.py for tasks to queue
[2025-02-17T22:32:42.898-0600] {logging_mixin.py:190} INFO - [2025-02-17T22:32:42.898-0600] {dagbag.py:588} INFO - Filling up the DagBag from /home/dataScience/Projects/Pipeline/venv/lib/python3.10/site-packages/airflow/example_dags/example_python_decorator.py
[2025-02-17T22:32:43.030-0600] {processor.py:925} INFO - DAG(s) 'example_python_decorator' retrieved from /home/dataScience/Projects/Pipeline/venv/lib/python3.10/site-packages/airflow/example_dags/example_python_decorator.py
[2025-02-17T22:32:43.152-0600] {logging_mixin.py:190} INFO - [2025-02-17T22:32:43.151-0600] {override.py:1930} INFO - Created Permission View: can delete on DAG:example_python_decorator
[2025-02-17T22:32:43.170-0600] {logging_mixin.py:190} INFO - [2025-02-17T22:32:43.170-0600] {override.py:1930} INFO - Created Permission View: can edit on DAG:example_python_decorator
[2025-02-17T22:32:43.186-0600] {logging_mixin.py:190} INFO - [2025-02-17T22:32:43.185-0600] {override.py:1930} INFO - Created Permission View: can read on DAG:example_python_decorator
[2025-02-17T22:32:43.214-0600] {logging_mixin.py:190} INFO - [2025-02-17T22:32:43.213-0600] {override.py:1930} INFO - Created Permission View: can create on DAG Run:example_python_decorator
[2025-02-17T22:32:43.230-0600] {logging_mixin.py:190} INFO - [2025-02-17T22:32:43.230-0600] {override.py:1930} INFO - Created Permission View: can delete on DAG Run:example_python_decorator
[2025-02-17T22:32:43.247-0600] {logging_mixin.py:190} INFO - [2025-02-17T22:32:43.246-0600] {override.py:1930} INFO - Created Permission View: menu access on DAG Run:example_python_decorator
[2025-02-17T22:32:43.264-0600] {logging_mixin.py:190} INFO - [2025-02-17T22:32:43.264-0600] {override.py:1930} INFO - Created Permission View: can read on DAG Run:example_python_decorator
[2025-02-17T22:32:43.265-0600] {logging_mixin.py:190} INFO - [2025-02-17T22:32:43.265-0600] {dag.py:3239} INFO - Sync 1 DAGs
[2025-02-17T22:32:43.279-0600] {logging_mixin.py:190} INFO - [2025-02-17T22:32:43.278-0600] {dag.py:3262} INFO - Creating ORM DAG for example_python_decorator
[2025-02-17T22:32:43.280-0600] {logging_mixin.py:190} INFO - [2025-02-17T22:32:43.279-0600] {dag.py:4180} INFO - Setting next_dagrun for example_python_decorator to None, run_after=None
[2025-02-17T22:32:43.311-0600] {processor.py:208} INFO - Processing /home/dataScience/Projects/Pipeline/venv/lib/python3.10/site-packages/airflow/example_dags/example_python_decorator.py took 0.423 seconds
[2025-02-17T22:33:58.840-0600] {processor.py:186} INFO - Started process (PID=21211) to work on /home/dataScience/Projects/Pipeline/venv/lib/python3.10/site-packages/airflow/example_dags/example_python_decorator.py
[2025-02-17T22:33:58.841-0600] {processor.py:914} INFO - Processing file /home/dataScience/Projects/Pipeline/venv/lib/python3.10/site-packages/airflow/example_dags/example_python_decorator.py for tasks to queue
[2025-02-17T22:33:58.844-0600] {logging_mixin.py:190} INFO - [2025-02-17T22:33:58.843-0600] {dagbag.py:588} INFO - Filling up the DagBag from /home/dataScience/Projects/Pipeline/venv/lib/python3.10/site-packages/airflow/example_dags/example_python_decorator.py
[2025-02-17T22:33:58.865-0600] {processor.py:925} INFO - DAG(s) 'example_python_decorator' retrieved from /home/dataScience/Projects/Pipeline/venv/lib/python3.10/site-packages/airflow/example_dags/example_python_decorator.py
[2025-02-17T22:33:58.891-0600] {logging_mixin.py:190} INFO - [2025-02-17T22:33:58.891-0600] {dag.py:3239} INFO - Sync 1 DAGs
[2025-02-17T22:33:58.906-0600] {logging_mixin.py:190} INFO - [2025-02-17T22:33:58.906-0600] {dag.py:4180} INFO - Setting next_dagrun for example_python_decorator to None, run_after=None
[2025-02-17T22:33:58.934-0600] {processor.py:208} INFO - Processing /home/dataScience/Projects/Pipeline/venv/lib/python3.10/site-packages/airflow/example_dags/example_python_decorator.py took 0.102 seconds
[2025-02-17T22:34:58.862-0600] {processor.py:186} INFO - Started process (PID=21875) to work on /home/dataScience/Projects/Pipeline/venv/lib/python3.10/site-packages/airflow/example_dags/example_python_decorator.py
[2025-02-17T22:34:58.864-0600] {processor.py:914} INFO - Processing file /home/dataScience/Projects/Pipeline/venv/lib/python3.10/site-packages/airflow/example_dags/example_python_decorator.py for tasks to queue
[2025-02-17T22:34:58.869-0600] {logging_mixin.py:190} INFO - [2025-02-17T22:34:58.868-0600] {dagbag.py:588} INFO - Filling up the DagBag from /home/dataScience/Projects/Pipeline/venv/lib/python3.10/site-packages/airflow/example_dags/example_python_decorator.py
[2025-02-17T22:34:58.944-0600] {processor.py:925} INFO - DAG(s) 'example_python_decorator' retrieved from /home/dataScience/Projects/Pipeline/venv/lib/python3.10/site-packages/airflow/example_dags/example_python_decorator.py
[2025-02-17T22:34:59.102-0600] {logging_mixin.py:190} INFO - [2025-02-17T22:34:59.101-0600] {dag.py:3239} INFO - Sync 1 DAGs
[2025-02-17T22:34:59.168-0600] {logging_mixin.py:190} INFO - [2025-02-17T22:34:59.167-0600] {dag.py:4180} INFO - Setting next_dagrun for example_python_decorator to None, run_after=None
[2025-02-17T22:34:59.261-0600] {processor.py:208} INFO - Processing /home/dataScience/Projects/Pipeline/venv/lib/python3.10/site-packages/airflow/example_dags/example_python_decorator.py took 0.416 seconds
[2025-02-17T22:36:02.318-0600] {processor.py:186} INFO - Started process (PID=22492) to work on /home/dataScience/Projects/Pipeline/venv/lib/python3.10/site-packages/airflow/example_dags/example_python_decorator.py
[2025-02-17T22:36:02.319-0600] {processor.py:914} INFO - Processing file /home/dataScience/Projects/Pipeline/venv/lib/python3.10/site-packages/airflow/example_dags/example_python_decorator.py for tasks to queue
[2025-02-17T22:36:02.324-0600] {logging_mixin.py:190} INFO - [2025-02-17T22:36:02.323-0600] {dagbag.py:588} INFO - Filling up the DagBag from /home/dataScience/Projects/Pipeline/venv/lib/python3.10/site-packages/airflow/example_dags/example_python_decorator.py
[2025-02-17T22:36:02.344-0600] {processor.py:925} INFO - DAG(s) 'example_python_decorator' retrieved from /home/dataScience/Projects/Pipeline/venv/lib/python3.10/site-packages/airflow/example_dags/example_python_decorator.py
[2025-02-17T22:36:02.364-0600] {logging_mixin.py:190} INFO - [2025-02-17T22:36:02.363-0600] {dag.py:3239} INFO - Sync 1 DAGs
[2025-02-17T22:36:02.382-0600] {logging_mixin.py:190} INFO - [2025-02-17T22:36:02.382-0600] {dag.py:4180} INFO - Setting next_dagrun for example_python_decorator to None, run_after=None
[2025-02-17T22:36:02.445-0600] {processor.py:208} INFO - Processing /home/dataScience/Projects/Pipeline/venv/lib/python3.10/site-packages/airflow/example_dags/example_python_decorator.py took 0.135 seconds
[2025-02-17T22:37:04.126-0600] {processor.py:186} INFO - Started process (PID=23067) to work on /home/dataScience/Projects/Pipeline/venv/lib/python3.10/site-packages/airflow/example_dags/example_python_decorator.py
[2025-02-17T22:37:04.127-0600] {processor.py:914} INFO - Processing file /home/dataScience/Projects/Pipeline/venv/lib/python3.10/site-packages/airflow/example_dags/example_python_decorator.py for tasks to queue
[2025-02-17T22:37:04.130-0600] {logging_mixin.py:190} INFO - [2025-02-17T22:37:04.129-0600] {dagbag.py:588} INFO - Filling up the DagBag from /home/dataScience/Projects/Pipeline/venv/lib/python3.10/site-packages/airflow/example_dags/example_python_decorator.py
[2025-02-17T22:37:04.148-0600] {processor.py:925} INFO - DAG(s) 'example_python_decorator' retrieved from /home/dataScience/Projects/Pipeline/venv/lib/python3.10/site-packages/airflow/example_dags/example_python_decorator.py
[2025-02-17T22:37:04.168-0600] {logging_mixin.py:190} INFO - [2025-02-17T22:37:04.168-0600] {dag.py:3239} INFO - Sync 1 DAGs
[2025-02-17T22:37:04.183-0600] {logging_mixin.py:190} INFO - [2025-02-17T22:37:04.183-0600] {dag.py:4180} INFO - Setting next_dagrun for example_python_decorator to None, run_after=None
[2025-02-17T22:37:04.214-0600] {processor.py:208} INFO - Processing /home/dataScience/Projects/Pipeline/venv/lib/python3.10/site-packages/airflow/example_dags/example_python_decorator.py took 0.096 seconds
[2025-02-17T22:38:01.000-0600] {processor.py:186} INFO - Started process (PID=23549) to work on /home/dataScience/Projects/Pipeline/venv/lib/python3.10/site-packages/airflow/example_dags/example_python_decorator.py
[2025-02-17T22:38:01.003-0600] {processor.py:914} INFO - Processing file /home/dataScience/Projects/Pipeline/venv/lib/python3.10/site-packages/airflow/example_dags/example_python_decorator.py for tasks to queue
[2025-02-17T22:38:01.005-0600] {logging_mixin.py:190} INFO - [2025-02-17T22:38:01.005-0600] {dagbag.py:588} INFO - Filling up the DagBag from /home/dataScience/Projects/Pipeline/venv/lib/python3.10/site-packages/airflow/example_dags/example_python_decorator.py
[2025-02-17T22:38:01.022-0600] {processor.py:925} INFO - DAG(s) 'example_python_decorator' retrieved from /home/dataScience/Projects/Pipeline/venv/lib/python3.10/site-packages/airflow/example_dags/example_python_decorator.py
[2025-02-17T22:38:01.044-0600] {logging_mixin.py:190} INFO - [2025-02-17T22:38:01.043-0600] {dag.py:3239} INFO - Sync 1 DAGs
[2025-02-17T22:38:01.058-0600] {logging_mixin.py:190} INFO - [2025-02-17T22:38:01.058-0600] {dag.py:4180} INFO - Setting next_dagrun for example_python_decorator to None, run_after=None
[2025-02-17T22:38:01.086-0600] {processor.py:208} INFO - Processing /home/dataScience/Projects/Pipeline/venv/lib/python3.10/site-packages/airflow/example_dags/example_python_decorator.py took 0.092 seconds
[2025-02-17T22:39:00.730-0600] {processor.py:186} INFO - Started process (PID=24047) to work on /home/dataScience/Projects/Pipeline/venv/lib/python3.10/site-packages/airflow/example_dags/example_python_decorator.py
[2025-02-17T22:39:00.732-0600] {processor.py:914} INFO - Processing file /home/dataScience/Projects/Pipeline/venv/lib/python3.10/site-packages/airflow/example_dags/example_python_decorator.py for tasks to queue
[2025-02-17T22:39:00.737-0600] {logging_mixin.py:190} INFO - [2025-02-17T22:39:00.736-0600] {dagbag.py:588} INFO - Filling up the DagBag from /home/dataScience/Projects/Pipeline/venv/lib/python3.10/site-packages/airflow/example_dags/example_python_decorator.py
[2025-02-17T22:39:00.763-0600] {processor.py:925} INFO - DAG(s) 'example_python_decorator' retrieved from /home/dataScience/Projects/Pipeline/venv/lib/python3.10/site-packages/airflow/example_dags/example_python_decorator.py
[2025-02-17T22:39:00.795-0600] {logging_mixin.py:190} INFO - [2025-02-17T22:39:00.795-0600] {dag.py:3239} INFO - Sync 1 DAGs
[2025-02-17T22:39:00.823-0600] {logging_mixin.py:190} INFO - [2025-02-17T22:39:00.822-0600] {dag.py:4180} INFO - Setting next_dagrun for example_python_decorator to None, run_after=None
[2025-02-17T22:39:00.864-0600] {processor.py:208} INFO - Processing /home/dataScience/Projects/Pipeline/venv/lib/python3.10/site-packages/airflow/example_dags/example_python_decorator.py took 0.142 seconds
[2025-02-17T22:40:02.189-0600] {processor.py:186} INFO - Started process (PID=24560) to work on /home/dataScience/Projects/Pipeline/venv/lib/python3.10/site-packages/airflow/example_dags/example_python_decorator.py
[2025-02-17T22:40:02.191-0600] {processor.py:914} INFO - Processing file /home/dataScience/Projects/Pipeline/venv/lib/python3.10/site-packages/airflow/example_dags/example_python_decorator.py for tasks to queue
[2025-02-17T22:40:02.194-0600] {logging_mixin.py:190} INFO - [2025-02-17T22:40:02.193-0600] {dagbag.py:588} INFO - Filling up the DagBag from /home/dataScience/Projects/Pipeline/venv/lib/python3.10/site-packages/airflow/example_dags/example_python_decorator.py
[2025-02-17T22:40:02.211-0600] {processor.py:925} INFO - DAG(s) 'example_python_decorator' retrieved from /home/dataScience/Projects/Pipeline/venv/lib/python3.10/site-packages/airflow/example_dags/example_python_decorator.py
[2025-02-17T22:40:02.232-0600] {logging_mixin.py:190} INFO - [2025-02-17T22:40:02.232-0600] {dag.py:3239} INFO - Sync 1 DAGs
[2025-02-17T22:40:02.246-0600] {logging_mixin.py:190} INFO - [2025-02-17T22:40:02.246-0600] {dag.py:4180} INFO - Setting next_dagrun for example_python_decorator to None, run_after=None
[2025-02-17T22:40:02.278-0600] {processor.py:208} INFO - Processing /home/dataScience/Projects/Pipeline/venv/lib/python3.10/site-packages/airflow/example_dags/example_python_decorator.py took 0.096 seconds
[2025-02-17T22:41:03.089-0600] {processor.py:186} INFO - Started process (PID=25064) to work on /home/dataScience/Projects/Pipeline/venv/lib/python3.10/site-packages/airflow/example_dags/example_python_decorator.py
[2025-02-17T22:41:03.092-0600] {processor.py:914} INFO - Processing file /home/dataScience/Projects/Pipeline/venv/lib/python3.10/site-packages/airflow/example_dags/example_python_decorator.py for tasks to queue
[2025-02-17T22:41:03.094-0600] {logging_mixin.py:190} INFO - [2025-02-17T22:41:03.094-0600] {dagbag.py:588} INFO - Filling up the DagBag from /home/dataScience/Projects/Pipeline/venv/lib/python3.10/site-packages/airflow/example_dags/example_python_decorator.py
[2025-02-17T22:41:03.111-0600] {processor.py:925} INFO - DAG(s) 'example_python_decorator' retrieved from /home/dataScience/Projects/Pipeline/venv/lib/python3.10/site-packages/airflow/example_dags/example_python_decorator.py
[2025-02-17T22:41:03.131-0600] {logging_mixin.py:190} INFO - [2025-02-17T22:41:03.131-0600] {dag.py:3239} INFO - Sync 1 DAGs
[2025-02-17T22:41:03.146-0600] {logging_mixin.py:190} INFO - [2025-02-17T22:41:03.145-0600] {dag.py:4180} INFO - Setting next_dagrun for example_python_decorator to None, run_after=None
[2025-02-17T22:41:03.177-0600] {processor.py:208} INFO - Processing /home/dataScience/Projects/Pipeline/venv/lib/python3.10/site-packages/airflow/example_dags/example_python_decorator.py took 0.095 seconds
