[2025-02-17T22:32:38.947-0600] {processor.py:186} INFO - Started process (PID=20418) to work on /home/dataScience/Projects/Pipeline/venv/lib/python3.10/site-packages/airflow/example_dags/example_dag_decorator.py
[2025-02-17T22:32:38.948-0600] {processor.py:914} INFO - Processing file /home/dataScience/Projects/Pipeline/venv/lib/python3.10/site-packages/airflow/example_dags/example_dag_decorator.py for tasks to queue
[2025-02-17T22:32:38.950-0600] {logging_mixin.py:190} INFO - [2025-02-17T22:32:38.949-0600] {dagbag.py:588} INFO - Filling up the DagBag from /home/dataScience/Projects/Pipeline/venv/lib/python3.10/site-packages/airflow/example_dags/example_dag_decorator.py
[2025-02-17T22:32:39.130-0600] {processor.py:925} INFO - DAG(s) 'example_dag_decorator' retrieved from /home/dataScience/Projects/Pipeline/venv/lib/python3.10/site-packages/airflow/example_dags/example_dag_decorator.py
[2025-02-17T22:32:39.243-0600] {logging_mixin.py:190} INFO - [2025-02-17T22:32:39.242-0600] {override.py:1930} INFO - Created Permission View: can delete on DAG:example_dag_decorator
[2025-02-17T22:32:39.261-0600] {logging_mixin.py:190} INFO - [2025-02-17T22:32:39.260-0600] {override.py:1930} INFO - Created Permission View: can edit on DAG:example_dag_decorator
[2025-02-17T22:32:39.277-0600] {logging_mixin.py:190} INFO - [2025-02-17T22:32:39.276-0600] {override.py:1930} INFO - Created Permission View: can read on DAG:example_dag_decorator
[2025-02-17T22:32:39.303-0600] {logging_mixin.py:190} INFO - [2025-02-17T22:32:39.302-0600] {override.py:1930} INFO - Created Permission View: can create on DAG Run:example_dag_decorator
[2025-02-17T22:32:39.323-0600] {logging_mixin.py:190} INFO - [2025-02-17T22:32:39.323-0600] {override.py:1930} INFO - Created Permission View: can delete on DAG Run:example_dag_decorator
[2025-02-17T22:32:39.338-0600] {logging_mixin.py:190} INFO - [2025-02-17T22:32:39.338-0600] {override.py:1930} INFO - Created Permission View: menu access on DAG Run:example_dag_decorator
[2025-02-17T22:32:39.355-0600] {logging_mixin.py:190} INFO - [2025-02-17T22:32:39.354-0600] {override.py:1930} INFO - Created Permission View: can read on DAG Run:example_dag_decorator
[2025-02-17T22:32:39.355-0600] {logging_mixin.py:190} INFO - [2025-02-17T22:32:39.355-0600] {dag.py:3239} INFO - Sync 1 DAGs
[2025-02-17T22:32:39.368-0600] {logging_mixin.py:190} INFO - [2025-02-17T22:32:39.368-0600] {dag.py:3262} INFO - Creating ORM DAG for example_dag_decorator
[2025-02-17T22:32:39.370-0600] {logging_mixin.py:190} INFO - [2025-02-17T22:32:39.369-0600] {dag.py:4180} INFO - Setting next_dagrun for example_dag_decorator to None, run_after=None
[2025-02-17T22:32:39.417-0600] {processor.py:208} INFO - Processing /home/dataScience/Projects/Pipeline/venv/lib/python3.10/site-packages/airflow/example_dags/example_dag_decorator.py took 0.478 seconds
[2025-02-17T22:33:55.932-0600] {processor.py:186} INFO - Started process (PID=21191) to work on /home/dataScience/Projects/Pipeline/venv/lib/python3.10/site-packages/airflow/example_dags/example_dag_decorator.py
[2025-02-17T22:33:55.933-0600] {processor.py:914} INFO - Processing file /home/dataScience/Projects/Pipeline/venv/lib/python3.10/site-packages/airflow/example_dags/example_dag_decorator.py for tasks to queue
[2025-02-17T22:33:55.935-0600] {logging_mixin.py:190} INFO - [2025-02-17T22:33:55.935-0600] {dagbag.py:588} INFO - Filling up the DagBag from /home/dataScience/Projects/Pipeline/venv/lib/python3.10/site-packages/airflow/example_dags/example_dag_decorator.py
[2025-02-17T22:33:55.978-0600] {processor.py:925} INFO - DAG(s) 'example_dag_decorator' retrieved from /home/dataScience/Projects/Pipeline/venv/lib/python3.10/site-packages/airflow/example_dags/example_dag_decorator.py
[2025-02-17T22:33:56.109-0600] {logging_mixin.py:190} INFO - [2025-02-17T22:33:56.109-0600] {dag.py:3239} INFO - Sync 1 DAGs
[2025-02-17T22:33:56.128-0600] {logging_mixin.py:190} INFO - [2025-02-17T22:33:56.128-0600] {dag.py:4180} INFO - Setting next_dagrun for example_dag_decorator to None, run_after=None
[2025-02-17T22:33:56.184-0600] {processor.py:208} INFO - Processing /home/dataScience/Projects/Pipeline/venv/lib/python3.10/site-packages/airflow/example_dags/example_dag_decorator.py took 0.260 seconds
[2025-02-17T22:34:54.862-0600] {processor.py:186} INFO - Started process (PID=21816) to work on /home/dataScience/Projects/Pipeline/venv/lib/python3.10/site-packages/airflow/example_dags/example_dag_decorator.py
[2025-02-17T22:34:54.866-0600] {processor.py:914} INFO - Processing file /home/dataScience/Projects/Pipeline/venv/lib/python3.10/site-packages/airflow/example_dags/example_dag_decorator.py for tasks to queue
[2025-02-17T22:34:54.868-0600] {logging_mixin.py:190} INFO - [2025-02-17T22:34:54.867-0600] {dagbag.py:588} INFO - Filling up the DagBag from /home/dataScience/Projects/Pipeline/venv/lib/python3.10/site-packages/airflow/example_dags/example_dag_decorator.py
[2025-02-17T22:34:54.911-0600] {processor.py:925} INFO - DAG(s) 'example_dag_decorator' retrieved from /home/dataScience/Projects/Pipeline/venv/lib/python3.10/site-packages/airflow/example_dags/example_dag_decorator.py
[2025-02-17T22:34:55.040-0600] {logging_mixin.py:190} INFO - [2025-02-17T22:34:55.039-0600] {dag.py:3239} INFO - Sync 1 DAGs
[2025-02-17T22:34:55.054-0600] {logging_mixin.py:190} INFO - [2025-02-17T22:34:55.053-0600] {dag.py:4180} INFO - Setting next_dagrun for example_dag_decorator to None, run_after=None
[2025-02-17T22:34:55.084-0600] {processor.py:208} INFO - Processing /home/dataScience/Projects/Pipeline/venv/lib/python3.10/site-packages/airflow/example_dags/example_dag_decorator.py took 0.229 seconds
[2025-02-17T22:35:59.270-0600] {processor.py:186} INFO - Started process (PID=22471) to work on /home/dataScience/Projects/Pipeline/venv/lib/python3.10/site-packages/airflow/example_dags/example_dag_decorator.py
[2025-02-17T22:35:59.272-0600] {processor.py:914} INFO - Processing file /home/dataScience/Projects/Pipeline/venv/lib/python3.10/site-packages/airflow/example_dags/example_dag_decorator.py for tasks to queue
[2025-02-17T22:35:59.275-0600] {logging_mixin.py:190} INFO - [2025-02-17T22:35:59.274-0600] {dagbag.py:588} INFO - Filling up the DagBag from /home/dataScience/Projects/Pipeline/venv/lib/python3.10/site-packages/airflow/example_dags/example_dag_decorator.py
[2025-02-17T22:35:59.332-0600] {processor.py:925} INFO - DAG(s) 'example_dag_decorator' retrieved from /home/dataScience/Projects/Pipeline/venv/lib/python3.10/site-packages/airflow/example_dags/example_dag_decorator.py
[2025-02-17T22:35:59.361-0600] {logging_mixin.py:190} INFO - [2025-02-17T22:35:59.360-0600] {dag.py:3239} INFO - Sync 1 DAGs
[2025-02-17T22:35:59.415-0600] {logging_mixin.py:190} INFO - [2025-02-17T22:35:59.415-0600] {dag.py:4180} INFO - Setting next_dagrun for example_dag_decorator to None, run_after=None
[2025-02-17T22:35:59.487-0600] {processor.py:208} INFO - Processing /home/dataScience/Projects/Pipeline/venv/lib/python3.10/site-packages/airflow/example_dags/example_dag_decorator.py took 0.227 seconds
[2025-02-17T22:37:01.382-0600] {processor.py:186} INFO - Started process (PID=23047) to work on /home/dataScience/Projects/Pipeline/venv/lib/python3.10/site-packages/airflow/example_dags/example_dag_decorator.py
[2025-02-17T22:37:01.384-0600] {processor.py:914} INFO - Processing file /home/dataScience/Projects/Pipeline/venv/lib/python3.10/site-packages/airflow/example_dags/example_dag_decorator.py for tasks to queue
[2025-02-17T22:37:01.386-0600] {logging_mixin.py:190} INFO - [2025-02-17T22:37:01.386-0600] {dagbag.py:588} INFO - Filling up the DagBag from /home/dataScience/Projects/Pipeline/venv/lib/python3.10/site-packages/airflow/example_dags/example_dag_decorator.py
[2025-02-17T22:37:01.429-0600] {processor.py:925} INFO - DAG(s) 'example_dag_decorator' retrieved from /home/dataScience/Projects/Pipeline/venv/lib/python3.10/site-packages/airflow/example_dags/example_dag_decorator.py
[2025-02-17T22:37:01.597-0600] {logging_mixin.py:190} INFO - [2025-02-17T22:37:01.597-0600] {dag.py:3239} INFO - Sync 1 DAGs
[2025-02-17T22:37:01.636-0600] {logging_mixin.py:190} INFO - [2025-02-17T22:37:01.635-0600] {dag.py:4180} INFO - Setting next_dagrun for example_dag_decorator to None, run_after=None
[2025-02-17T22:37:01.703-0600] {processor.py:208} INFO - Processing /home/dataScience/Projects/Pipeline/venv/lib/python3.10/site-packages/airflow/example_dags/example_dag_decorator.py took 0.327 seconds
[2025-02-17T22:37:57.233-0600] {processor.py:186} INFO - Started process (PID=23525) to work on /home/dataScience/Projects/Pipeline/venv/lib/python3.10/site-packages/airflow/example_dags/example_dag_decorator.py
[2025-02-17T22:37:57.236-0600] {processor.py:914} INFO - Processing file /home/dataScience/Projects/Pipeline/venv/lib/python3.10/site-packages/airflow/example_dags/example_dag_decorator.py for tasks to queue
[2025-02-17T22:37:57.239-0600] {logging_mixin.py:190} INFO - [2025-02-17T22:37:57.238-0600] {dagbag.py:588} INFO - Filling up the DagBag from /home/dataScience/Projects/Pipeline/venv/lib/python3.10/site-packages/airflow/example_dags/example_dag_decorator.py
[2025-02-17T22:37:57.286-0600] {processor.py:925} INFO - DAG(s) 'example_dag_decorator' retrieved from /home/dataScience/Projects/Pipeline/venv/lib/python3.10/site-packages/airflow/example_dags/example_dag_decorator.py
[2025-02-17T22:37:57.408-0600] {logging_mixin.py:190} INFO - [2025-02-17T22:37:57.408-0600] {dag.py:3239} INFO - Sync 1 DAGs
[2025-02-17T22:37:57.423-0600] {logging_mixin.py:190} INFO - [2025-02-17T22:37:57.422-0600] {dag.py:4180} INFO - Setting next_dagrun for example_dag_decorator to None, run_after=None
[2025-02-17T22:37:57.459-0600] {processor.py:208} INFO - Processing /home/dataScience/Projects/Pipeline/venv/lib/python3.10/site-packages/airflow/example_dags/example_dag_decorator.py took 0.232 seconds
[2025-02-17T22:38:58.090-0600] {processor.py:186} INFO - Started process (PID=24028) to work on /home/dataScience/Projects/Pipeline/venv/lib/python3.10/site-packages/airflow/example_dags/example_dag_decorator.py
[2025-02-17T22:38:58.091-0600] {processor.py:914} INFO - Processing file /home/dataScience/Projects/Pipeline/venv/lib/python3.10/site-packages/airflow/example_dags/example_dag_decorator.py for tasks to queue
[2025-02-17T22:38:58.096-0600] {logging_mixin.py:190} INFO - [2025-02-17T22:38:58.095-0600] {dagbag.py:588} INFO - Filling up the DagBag from /home/dataScience/Projects/Pipeline/venv/lib/python3.10/site-packages/airflow/example_dags/example_dag_decorator.py
[2025-02-17T22:38:58.154-0600] {processor.py:925} INFO - DAG(s) 'example_dag_decorator' retrieved from /home/dataScience/Projects/Pipeline/venv/lib/python3.10/site-packages/airflow/example_dags/example_dag_decorator.py
[2025-02-17T22:38:58.330-0600] {logging_mixin.py:190} INFO - [2025-02-17T22:38:58.330-0600] {dag.py:3239} INFO - Sync 1 DAGs
[2025-02-17T22:38:58.348-0600] {logging_mixin.py:190} INFO - [2025-02-17T22:38:58.347-0600] {dag.py:4180} INFO - Setting next_dagrun for example_dag_decorator to None, run_after=None
[2025-02-17T22:38:58.392-0600] {processor.py:208} INFO - Processing /home/dataScience/Projects/Pipeline/venv/lib/python3.10/site-packages/airflow/example_dags/example_dag_decorator.py took 0.311 seconds
[2025-02-17T22:39:59.453-0600] {processor.py:186} INFO - Started process (PID=24540) to work on /home/dataScience/Projects/Pipeline/venv/lib/python3.10/site-packages/airflow/example_dags/example_dag_decorator.py
[2025-02-17T22:39:59.454-0600] {processor.py:914} INFO - Processing file /home/dataScience/Projects/Pipeline/venv/lib/python3.10/site-packages/airflow/example_dags/example_dag_decorator.py for tasks to queue
[2025-02-17T22:39:59.457-0600] {logging_mixin.py:190} INFO - [2025-02-17T22:39:59.456-0600] {dagbag.py:588} INFO - Filling up the DagBag from /home/dataScience/Projects/Pipeline/venv/lib/python3.10/site-packages/airflow/example_dags/example_dag_decorator.py
[2025-02-17T22:39:59.499-0600] {processor.py:925} INFO - DAG(s) 'example_dag_decorator' retrieved from /home/dataScience/Projects/Pipeline/venv/lib/python3.10/site-packages/airflow/example_dags/example_dag_decorator.py
[2025-02-17T22:39:59.642-0600] {logging_mixin.py:190} INFO - [2025-02-17T22:39:59.641-0600] {dag.py:3239} INFO - Sync 1 DAGs
[2025-02-17T22:39:59.657-0600] {logging_mixin.py:190} INFO - [2025-02-17T22:39:59.657-0600] {dag.py:4180} INFO - Setting next_dagrun for example_dag_decorator to None, run_after=None
[2025-02-17T22:39:59.689-0600] {processor.py:208} INFO - Processing /home/dataScience/Projects/Pipeline/venv/lib/python3.10/site-packages/airflow/example_dags/example_dag_decorator.py took 0.243 seconds
[2025-02-17T22:41:00.215-0600] {processor.py:186} INFO - Started process (PID=25044) to work on /home/dataScience/Projects/Pipeline/venv/lib/python3.10/site-packages/airflow/example_dags/example_dag_decorator.py
[2025-02-17T22:41:00.217-0600] {processor.py:914} INFO - Processing file /home/dataScience/Projects/Pipeline/venv/lib/python3.10/site-packages/airflow/example_dags/example_dag_decorator.py for tasks to queue
[2025-02-17T22:41:00.220-0600] {logging_mixin.py:190} INFO - [2025-02-17T22:41:00.220-0600] {dagbag.py:588} INFO - Filling up the DagBag from /home/dataScience/Projects/Pipeline/venv/lib/python3.10/site-packages/airflow/example_dags/example_dag_decorator.py
[2025-02-17T22:41:00.262-0600] {processor.py:925} INFO - DAG(s) 'example_dag_decorator' retrieved from /home/dataScience/Projects/Pipeline/venv/lib/python3.10/site-packages/airflow/example_dags/example_dag_decorator.py
[2025-02-17T22:41:00.372-0600] {logging_mixin.py:190} INFO - [2025-02-17T22:41:00.372-0600] {dag.py:3239} INFO - Sync 1 DAGs
[2025-02-17T22:41:00.384-0600] {logging_mixin.py:190} INFO - [2025-02-17T22:41:00.384-0600] {dag.py:4180} INFO - Setting next_dagrun for example_dag_decorator to None, run_after=None
[2025-02-17T22:41:00.415-0600] {processor.py:208} INFO - Processing /home/dataScience/Projects/Pipeline/venv/lib/python3.10/site-packages/airflow/example_dags/example_dag_decorator.py took 0.209 seconds
