[2025-02-17T22:32:13.960-0600] {processor.py:186} INFO - Started process (PID=20123) to work on /home/dataScience/Projects/Pipeline/venv/lib/python3.10/site-packages/airflow/example_dags/example_outlet_event_extra.py
[2025-02-17T22:32:13.961-0600] {processor.py:914} INFO - Processing file /home/dataScience/Projects/Pipeline/venv/lib/python3.10/site-packages/airflow/example_dags/example_outlet_event_extra.py for tasks to queue
[2025-02-17T22:32:13.963-0600] {logging_mixin.py:190} INFO - [2025-02-17T22:32:13.962-0600] {dagbag.py:588} INFO - Filling up the DagBag from /home/dataScience/Projects/Pipeline/venv/lib/python3.10/site-packages/airflow/example_dags/example_outlet_event_extra.py
[2025-02-17T22:32:13.984-0600] {processor.py:925} INFO - DAG(s) 'dataset_with_extra_from_classic_operator', 'dataset_with_extra_by_yield', 'dataset_with_extra_by_context' retrieved from /home/dataScience/Projects/Pipeline/venv/lib/python3.10/site-packages/airflow/example_dags/example_outlet_event_extra.py
[2025-02-17T22:32:14.283-0600] {logging_mixin.py:190} INFO - [2025-02-17T22:32:14.283-0600] {override.py:1930} INFO - Created Permission View: can delete on DAG:dataset_with_extra_from_classic_operator
[2025-02-17T22:32:14.303-0600] {logging_mixin.py:190} INFO - [2025-02-17T22:32:14.302-0600] {override.py:1930} INFO - Created Permission View: can edit on DAG:dataset_with_extra_from_classic_operator
[2025-02-17T22:32:14.318-0600] {logging_mixin.py:190} INFO - [2025-02-17T22:32:14.317-0600] {override.py:1930} INFO - Created Permission View: can read on DAG:dataset_with_extra_from_classic_operator
[2025-02-17T22:32:14.344-0600] {logging_mixin.py:190} INFO - [2025-02-17T22:32:14.343-0600] {override.py:1930} INFO - Created Permission View: can create on DAG Run:dataset_with_extra_from_classic_operator
[2025-02-17T22:32:14.363-0600] {logging_mixin.py:190} INFO - [2025-02-17T22:32:14.362-0600] {override.py:1930} INFO - Created Permission View: can delete on DAG Run:dataset_with_extra_from_classic_operator
[2025-02-17T22:32:14.377-0600] {logging_mixin.py:190} INFO - [2025-02-17T22:32:14.377-0600] {override.py:1930} INFO - Created Permission View: menu access on DAG Run:dataset_with_extra_from_classic_operator
[2025-02-17T22:32:14.392-0600] {logging_mixin.py:190} INFO - [2025-02-17T22:32:14.391-0600] {override.py:1930} INFO - Created Permission View: can read on DAG Run:dataset_with_extra_from_classic_operator
[2025-02-17T22:32:14.426-0600] {logging_mixin.py:190} INFO - [2025-02-17T22:32:14.425-0600] {override.py:1930} INFO - Created Permission View: can delete on DAG:dataset_with_extra_by_yield
[2025-02-17T22:32:14.439-0600] {logging_mixin.py:190} INFO - [2025-02-17T22:32:14.438-0600] {override.py:1930} INFO - Created Permission View: can edit on DAG:dataset_with_extra_by_yield
[2025-02-17T22:32:14.454-0600] {logging_mixin.py:190} INFO - [2025-02-17T22:32:14.453-0600] {override.py:1930} INFO - Created Permission View: can read on DAG:dataset_with_extra_by_yield
[2025-02-17T22:32:14.476-0600] {logging_mixin.py:190} INFO - [2025-02-17T22:32:14.476-0600] {override.py:1930} INFO - Created Permission View: can create on DAG Run:dataset_with_extra_by_yield
[2025-02-17T22:32:14.491-0600] {logging_mixin.py:190} INFO - [2025-02-17T22:32:14.490-0600] {override.py:1930} INFO - Created Permission View: can delete on DAG Run:dataset_with_extra_by_yield
[2025-02-17T22:32:14.504-0600] {logging_mixin.py:190} INFO - [2025-02-17T22:32:14.503-0600] {override.py:1930} INFO - Created Permission View: menu access on DAG Run:dataset_with_extra_by_yield
[2025-02-17T22:32:14.518-0600] {logging_mixin.py:190} INFO - [2025-02-17T22:32:14.517-0600] {override.py:1930} INFO - Created Permission View: can read on DAG Run:dataset_with_extra_by_yield
[2025-02-17T22:32:14.549-0600] {logging_mixin.py:190} INFO - [2025-02-17T22:32:14.548-0600] {override.py:1930} INFO - Created Permission View: can delete on DAG:dataset_with_extra_by_context
[2025-02-17T22:32:14.566-0600] {logging_mixin.py:190} INFO - [2025-02-17T22:32:14.565-0600] {override.py:1930} INFO - Created Permission View: can edit on DAG:dataset_with_extra_by_context
[2025-02-17T22:32:14.581-0600] {logging_mixin.py:190} INFO - [2025-02-17T22:32:14.581-0600] {override.py:1930} INFO - Created Permission View: can read on DAG:dataset_with_extra_by_context
[2025-02-17T22:32:14.603-0600] {logging_mixin.py:190} INFO - [2025-02-17T22:32:14.602-0600] {override.py:1930} INFO - Created Permission View: can create on DAG Run:dataset_with_extra_by_context
[2025-02-17T22:32:14.615-0600] {logging_mixin.py:190} INFO - [2025-02-17T22:32:14.615-0600] {override.py:1930} INFO - Created Permission View: can delete on DAG Run:dataset_with_extra_by_context
[2025-02-17T22:32:14.630-0600] {logging_mixin.py:190} INFO - [2025-02-17T22:32:14.630-0600] {override.py:1930} INFO - Created Permission View: menu access on DAG Run:dataset_with_extra_by_context
[2025-02-17T22:32:14.646-0600] {logging_mixin.py:190} INFO - [2025-02-17T22:32:14.646-0600] {override.py:1930} INFO - Created Permission View: can read on DAG Run:dataset_with_extra_by_context
[2025-02-17T22:32:14.646-0600] {logging_mixin.py:190} INFO - [2025-02-17T22:32:14.646-0600] {dag.py:3239} INFO - Sync 3 DAGs
[2025-02-17T22:32:14.672-0600] {logging_mixin.py:190} INFO - [2025-02-17T22:32:14.672-0600] {dag.py:3262} INFO - Creating ORM DAG for dataset_with_extra_by_context
[2025-02-17T22:32:14.675-0600] {logging_mixin.py:190} INFO - [2025-02-17T22:32:14.674-0600] {dag.py:3262} INFO - Creating ORM DAG for dataset_with_extra_by_yield
[2025-02-17T22:32:14.675-0600] {logging_mixin.py:190} INFO - [2025-02-17T22:32:14.675-0600] {dag.py:3262} INFO - Creating ORM DAG for dataset_with_extra_from_classic_operator
[2025-02-17T22:32:14.687-0600] {logging_mixin.py:190} INFO - [2025-02-17T22:32:14.686-0600] {dag.py:4180} INFO - Setting next_dagrun for dataset_with_extra_by_context to 2025-02-17 00:00:00+00:00, run_after=2025-02-18 00:00:00+00:00
[2025-02-17T22:32:14.690-0600] {logging_mixin.py:190} INFO - [2025-02-17T22:32:14.689-0600] {dag.py:4180} INFO - Setting next_dagrun for dataset_with_extra_by_yield to 2025-02-17 00:00:00+00:00, run_after=2025-02-18 00:00:00+00:00
[2025-02-17T22:32:14.692-0600] {logging_mixin.py:190} INFO - [2025-02-17T22:32:14.691-0600] {dag.py:4180} INFO - Setting next_dagrun for dataset_with_extra_from_classic_operator to 2025-02-17 00:00:00+00:00, run_after=2025-02-18 00:00:00+00:00
[2025-02-17T22:32:14.730-0600] {processor.py:208} INFO - Processing /home/dataScience/Projects/Pipeline/venv/lib/python3.10/site-packages/airflow/example_dags/example_outlet_event_extra.py took 0.779 seconds
[2025-02-17T22:33:26.156-0600] {processor.py:186} INFO - Started process (PID=20906) to work on /home/dataScience/Projects/Pipeline/venv/lib/python3.10/site-packages/airflow/example_dags/example_outlet_event_extra.py
[2025-02-17T22:33:26.158-0600] {processor.py:914} INFO - Processing file /home/dataScience/Projects/Pipeline/venv/lib/python3.10/site-packages/airflow/example_dags/example_outlet_event_extra.py for tasks to queue
[2025-02-17T22:33:26.160-0600] {logging_mixin.py:190} INFO - [2025-02-17T22:33:26.160-0600] {dagbag.py:588} INFO - Filling up the DagBag from /home/dataScience/Projects/Pipeline/venv/lib/python3.10/site-packages/airflow/example_dags/example_outlet_event_extra.py
[2025-02-17T22:33:26.177-0600] {processor.py:925} INFO - DAG(s) 'dataset_with_extra_by_yield', 'dataset_with_extra_from_classic_operator', 'dataset_with_extra_by_context' retrieved from /home/dataScience/Projects/Pipeline/venv/lib/python3.10/site-packages/airflow/example_dags/example_outlet_event_extra.py
[2025-02-17T22:33:26.203-0600] {logging_mixin.py:190} INFO - [2025-02-17T22:33:26.202-0600] {dag.py:3239} INFO - Sync 3 DAGs
[2025-02-17T22:33:26.235-0600] {logging_mixin.py:190} INFO - [2025-02-17T22:33:26.235-0600] {dag.py:4180} INFO - Setting next_dagrun for dataset_with_extra_by_context to 2025-02-17 00:00:00+00:00, run_after=2025-02-18 00:00:00+00:00
[2025-02-17T22:33:26.243-0600] {logging_mixin.py:190} INFO - [2025-02-17T22:33:26.242-0600] {dag.py:4180} INFO - Setting next_dagrun for dataset_with_extra_by_yield to 2025-02-17 00:00:00+00:00, run_after=2025-02-18 00:00:00+00:00
[2025-02-17T22:33:26.247-0600] {logging_mixin.py:190} INFO - [2025-02-17T22:33:26.247-0600] {dag.py:4180} INFO - Setting next_dagrun for dataset_with_extra_from_classic_operator to 2025-02-17 00:00:00+00:00, run_after=2025-02-18 00:00:00+00:00
[2025-02-17T22:33:26.298-0600] {processor.py:208} INFO - Processing /home/dataScience/Projects/Pipeline/venv/lib/python3.10/site-packages/airflow/example_dags/example_outlet_event_extra.py took 0.149 seconds
[2025-02-17T22:34:28.810-0600] {processor.py:186} INFO - Started process (PID=21624) to work on /home/dataScience/Projects/Pipeline/venv/lib/python3.10/site-packages/airflow/example_dags/example_outlet_event_extra.py
[2025-02-17T22:34:28.812-0600] {processor.py:914} INFO - Processing file /home/dataScience/Projects/Pipeline/venv/lib/python3.10/site-packages/airflow/example_dags/example_outlet_event_extra.py for tasks to queue
[2025-02-17T22:34:28.815-0600] {logging_mixin.py:190} INFO - [2025-02-17T22:34:28.814-0600] {dagbag.py:588} INFO - Filling up the DagBag from /home/dataScience/Projects/Pipeline/venv/lib/python3.10/site-packages/airflow/example_dags/example_outlet_event_extra.py
[2025-02-17T22:34:28.835-0600] {processor.py:925} INFO - DAG(s) 'dataset_with_extra_from_classic_operator', 'dataset_with_extra_by_context', 'dataset_with_extra_by_yield' retrieved from /home/dataScience/Projects/Pipeline/venv/lib/python3.10/site-packages/airflow/example_dags/example_outlet_event_extra.py
[2025-02-17T22:34:28.861-0600] {logging_mixin.py:190} INFO - [2025-02-17T22:34:28.860-0600] {dag.py:3239} INFO - Sync 3 DAGs
[2025-02-17T22:34:28.889-0600] {logging_mixin.py:190} INFO - [2025-02-17T22:34:28.888-0600] {dag.py:4180} INFO - Setting next_dagrun for dataset_with_extra_by_context to 2025-02-17 00:00:00+00:00, run_after=2025-02-18 00:00:00+00:00
[2025-02-17T22:34:28.897-0600] {logging_mixin.py:190} INFO - [2025-02-17T22:34:28.897-0600] {dag.py:4180} INFO - Setting next_dagrun for dataset_with_extra_by_yield to 2025-02-17 00:00:00+00:00, run_after=2025-02-18 00:00:00+00:00
[2025-02-17T22:34:28.900-0600] {logging_mixin.py:190} INFO - [2025-02-17T22:34:28.900-0600] {dag.py:4180} INFO - Setting next_dagrun for dataset_with_extra_from_classic_operator to 2025-02-17 00:00:00+00:00, run_after=2025-02-18 00:00:00+00:00
[2025-02-17T22:34:28.949-0600] {processor.py:208} INFO - Processing /home/dataScience/Projects/Pipeline/venv/lib/python3.10/site-packages/airflow/example_dags/example_outlet_event_extra.py took 0.148 seconds
[2025-02-17T22:35:33.058-0600] {processor.py:186} INFO - Started process (PID=22278) to work on /home/dataScience/Projects/Pipeline/venv/lib/python3.10/site-packages/airflow/example_dags/example_outlet_event_extra.py
[2025-02-17T22:35:33.060-0600] {processor.py:914} INFO - Processing file /home/dataScience/Projects/Pipeline/venv/lib/python3.10/site-packages/airflow/example_dags/example_outlet_event_extra.py for tasks to queue
[2025-02-17T22:35:33.063-0600] {logging_mixin.py:190} INFO - [2025-02-17T22:35:33.062-0600] {dagbag.py:588} INFO - Filling up the DagBag from /home/dataScience/Projects/Pipeline/venv/lib/python3.10/site-packages/airflow/example_dags/example_outlet_event_extra.py
[2025-02-17T22:35:33.085-0600] {processor.py:925} INFO - DAG(s) 'dataset_with_extra_from_classic_operator', 'dataset_with_extra_by_context', 'dataset_with_extra_by_yield' retrieved from /home/dataScience/Projects/Pipeline/venv/lib/python3.10/site-packages/airflow/example_dags/example_outlet_event_extra.py
[2025-02-17T22:35:33.116-0600] {logging_mixin.py:190} INFO - [2025-02-17T22:35:33.115-0600] {dag.py:3239} INFO - Sync 3 DAGs
[2025-02-17T22:35:33.159-0600] {logging_mixin.py:190} INFO - [2025-02-17T22:35:33.158-0600] {dag.py:4180} INFO - Setting next_dagrun for dataset_with_extra_by_context to 2025-02-17 00:00:00+00:00, run_after=2025-02-18 00:00:00+00:00
[2025-02-17T22:35:33.164-0600] {logging_mixin.py:190} INFO - [2025-02-17T22:35:33.164-0600] {dag.py:4180} INFO - Setting next_dagrun for dataset_with_extra_by_yield to 2025-02-17 00:00:00+00:00, run_after=2025-02-18 00:00:00+00:00
[2025-02-17T22:35:33.170-0600] {logging_mixin.py:190} INFO - [2025-02-17T22:35:33.170-0600] {dag.py:4180} INFO - Setting next_dagrun for dataset_with_extra_from_classic_operator to 2025-02-17 00:00:00+00:00, run_after=2025-02-18 00:00:00+00:00
[2025-02-17T22:35:33.210-0600] {processor.py:208} INFO - Processing /home/dataScience/Projects/Pipeline/venv/lib/python3.10/site-packages/airflow/example_dags/example_outlet_event_extra.py took 0.160 seconds
[2025-02-17T22:36:34.296-0600] {processor.py:186} INFO - Started process (PID=22851) to work on /home/dataScience/Projects/Pipeline/venv/lib/python3.10/site-packages/airflow/example_dags/example_outlet_event_extra.py
[2025-02-17T22:36:34.298-0600] {processor.py:914} INFO - Processing file /home/dataScience/Projects/Pipeline/venv/lib/python3.10/site-packages/airflow/example_dags/example_outlet_event_extra.py for tasks to queue
[2025-02-17T22:36:34.302-0600] {logging_mixin.py:190} INFO - [2025-02-17T22:36:34.301-0600] {dagbag.py:588} INFO - Filling up the DagBag from /home/dataScience/Projects/Pipeline/venv/lib/python3.10/site-packages/airflow/example_dags/example_outlet_event_extra.py
[2025-02-17T22:36:34.320-0600] {processor.py:925} INFO - DAG(s) 'dataset_with_extra_by_context', 'dataset_with_extra_by_yield', 'dataset_with_extra_from_classic_operator' retrieved from /home/dataScience/Projects/Pipeline/venv/lib/python3.10/site-packages/airflow/example_dags/example_outlet_event_extra.py
[2025-02-17T22:36:34.344-0600] {logging_mixin.py:190} INFO - [2025-02-17T22:36:34.344-0600] {dag.py:3239} INFO - Sync 3 DAGs
[2025-02-17T22:36:34.369-0600] {logging_mixin.py:190} INFO - [2025-02-17T22:36:34.368-0600] {dag.py:4180} INFO - Setting next_dagrun for dataset_with_extra_by_context to 2025-02-17 00:00:00+00:00, run_after=2025-02-18 00:00:00+00:00
[2025-02-17T22:36:34.374-0600] {logging_mixin.py:190} INFO - [2025-02-17T22:36:34.373-0600] {dag.py:4180} INFO - Setting next_dagrun for dataset_with_extra_by_yield to 2025-02-17 00:00:00+00:00, run_after=2025-02-18 00:00:00+00:00
[2025-02-17T22:36:34.377-0600] {logging_mixin.py:190} INFO - [2025-02-17T22:36:34.377-0600] {dag.py:4180} INFO - Setting next_dagrun for dataset_with_extra_from_classic_operator to 2025-02-17 00:00:00+00:00, run_after=2025-02-18 00:00:00+00:00
[2025-02-17T22:36:34.412-0600] {processor.py:208} INFO - Processing /home/dataScience/Projects/Pipeline/venv/lib/python3.10/site-packages/airflow/example_dags/example_outlet_event_extra.py took 0.123 seconds
[2025-02-17T22:37:32.517-0600] {processor.py:186} INFO - Started process (PID=23338) to work on /home/dataScience/Projects/Pipeline/venv/lib/python3.10/site-packages/airflow/example_dags/example_outlet_event_extra.py
[2025-02-17T22:37:32.519-0600] {processor.py:914} INFO - Processing file /home/dataScience/Projects/Pipeline/venv/lib/python3.10/site-packages/airflow/example_dags/example_outlet_event_extra.py for tasks to queue
[2025-02-17T22:37:32.521-0600] {logging_mixin.py:190} INFO - [2025-02-17T22:37:32.521-0600] {dagbag.py:588} INFO - Filling up the DagBag from /home/dataScience/Projects/Pipeline/venv/lib/python3.10/site-packages/airflow/example_dags/example_outlet_event_extra.py
[2025-02-17T22:37:32.545-0600] {processor.py:925} INFO - DAG(s) 'dataset_with_extra_by_context', 'dataset_with_extra_from_classic_operator', 'dataset_with_extra_by_yield' retrieved from /home/dataScience/Projects/Pipeline/venv/lib/python3.10/site-packages/airflow/example_dags/example_outlet_event_extra.py
[2025-02-17T22:37:32.571-0600] {logging_mixin.py:190} INFO - [2025-02-17T22:37:32.571-0600] {dag.py:3239} INFO - Sync 3 DAGs
[2025-02-17T22:37:32.598-0600] {logging_mixin.py:190} INFO - [2025-02-17T22:37:32.598-0600] {dag.py:4180} INFO - Setting next_dagrun for dataset_with_extra_by_context to 2025-02-17 00:00:00+00:00, run_after=2025-02-18 00:00:00+00:00
[2025-02-17T22:37:32.605-0600] {logging_mixin.py:190} INFO - [2025-02-17T22:37:32.605-0600] {dag.py:4180} INFO - Setting next_dagrun for dataset_with_extra_by_yield to 2025-02-17 00:00:00+00:00, run_after=2025-02-18 00:00:00+00:00
[2025-02-17T22:37:32.609-0600] {logging_mixin.py:190} INFO - [2025-02-17T22:37:32.608-0600] {dag.py:4180} INFO - Setting next_dagrun for dataset_with_extra_from_classic_operator to 2025-02-17 00:00:00+00:00, run_after=2025-02-18 00:00:00+00:00
[2025-02-17T22:37:32.642-0600] {processor.py:208} INFO - Processing /home/dataScience/Projects/Pipeline/venv/lib/python3.10/site-packages/airflow/example_dags/example_outlet_event_extra.py took 0.132 seconds
[2025-02-17T22:38:29.155-0600] {processor.py:186} INFO - Started process (PID=23817) to work on /home/dataScience/Projects/Pipeline/venv/lib/python3.10/site-packages/airflow/example_dags/example_outlet_event_extra.py
[2025-02-17T22:38:29.158-0600] {processor.py:914} INFO - Processing file /home/dataScience/Projects/Pipeline/venv/lib/python3.10/site-packages/airflow/example_dags/example_outlet_event_extra.py for tasks to queue
[2025-02-17T22:38:29.160-0600] {logging_mixin.py:190} INFO - [2025-02-17T22:38:29.160-0600] {dagbag.py:588} INFO - Filling up the DagBag from /home/dataScience/Projects/Pipeline/venv/lib/python3.10/site-packages/airflow/example_dags/example_outlet_event_extra.py
[2025-02-17T22:38:29.182-0600] {processor.py:925} INFO - DAG(s) 'dataset_with_extra_by_context', 'dataset_with_extra_from_classic_operator', 'dataset_with_extra_by_yield' retrieved from /home/dataScience/Projects/Pipeline/venv/lib/python3.10/site-packages/airflow/example_dags/example_outlet_event_extra.py
[2025-02-17T22:38:29.209-0600] {logging_mixin.py:190} INFO - [2025-02-17T22:38:29.209-0600] {dag.py:3239} INFO - Sync 3 DAGs
[2025-02-17T22:38:29.239-0600] {logging_mixin.py:190} INFO - [2025-02-17T22:38:29.239-0600] {dag.py:4180} INFO - Setting next_dagrun for dataset_with_extra_by_context to 2025-02-17 00:00:00+00:00, run_after=2025-02-18 00:00:00+00:00
[2025-02-17T22:38:29.246-0600] {logging_mixin.py:190} INFO - [2025-02-17T22:38:29.246-0600] {dag.py:4180} INFO - Setting next_dagrun for dataset_with_extra_by_yield to 2025-02-17 00:00:00+00:00, run_after=2025-02-18 00:00:00+00:00
[2025-02-17T22:38:29.250-0600] {logging_mixin.py:190} INFO - [2025-02-17T22:38:29.250-0600] {dag.py:4180} INFO - Setting next_dagrun for dataset_with_extra_from_classic_operator to 2025-02-17 00:00:00+00:00, run_after=2025-02-18 00:00:00+00:00
[2025-02-17T22:38:29.289-0600] {processor.py:208} INFO - Processing /home/dataScience/Projects/Pipeline/venv/lib/python3.10/site-packages/airflow/example_dags/example_outlet_event_extra.py took 0.142 seconds
[2025-02-17T22:39:31.784-0600] {processor.py:186} INFO - Started process (PID=24335) to work on /home/dataScience/Projects/Pipeline/venv/lib/python3.10/site-packages/airflow/example_dags/example_outlet_event_extra.py
[2025-02-17T22:39:31.785-0600] {processor.py:914} INFO - Processing file /home/dataScience/Projects/Pipeline/venv/lib/python3.10/site-packages/airflow/example_dags/example_outlet_event_extra.py for tasks to queue
[2025-02-17T22:39:31.788-0600] {logging_mixin.py:190} INFO - [2025-02-17T22:39:31.787-0600] {dagbag.py:588} INFO - Filling up the DagBag from /home/dataScience/Projects/Pipeline/venv/lib/python3.10/site-packages/airflow/example_dags/example_outlet_event_extra.py
[2025-02-17T22:39:31.808-0600] {processor.py:925} INFO - DAG(s) 'dataset_with_extra_by_context', 'dataset_with_extra_from_classic_operator', 'dataset_with_extra_by_yield' retrieved from /home/dataScience/Projects/Pipeline/venv/lib/python3.10/site-packages/airflow/example_dags/example_outlet_event_extra.py
[2025-02-17T22:39:31.846-0600] {logging_mixin.py:190} INFO - [2025-02-17T22:39:31.846-0600] {dag.py:3239} INFO - Sync 3 DAGs
[2025-02-17T22:39:31.875-0600] {logging_mixin.py:190} INFO - [2025-02-17T22:39:31.874-0600] {dag.py:4180} INFO - Setting next_dagrun for dataset_with_extra_by_context to 2025-02-17 00:00:00+00:00, run_after=2025-02-18 00:00:00+00:00
[2025-02-17T22:39:31.882-0600] {logging_mixin.py:190} INFO - [2025-02-17T22:39:31.881-0600] {dag.py:4180} INFO - Setting next_dagrun for dataset_with_extra_by_yield to 2025-02-17 00:00:00+00:00, run_after=2025-02-18 00:00:00+00:00
[2025-02-17T22:39:31.885-0600] {logging_mixin.py:190} INFO - [2025-02-17T22:39:31.885-0600] {dag.py:4180} INFO - Setting next_dagrun for dataset_with_extra_from_classic_operator to 2025-02-17 00:00:00+00:00, run_after=2025-02-18 00:00:00+00:00
[2025-02-17T22:39:31.923-0600] {processor.py:208} INFO - Processing /home/dataScience/Projects/Pipeline/venv/lib/python3.10/site-packages/airflow/example_dags/example_outlet_event_extra.py took 0.147 seconds
[2025-02-17T22:40:31.413-0600] {processor.py:186} INFO - Started process (PID=24833) to work on /home/dataScience/Projects/Pipeline/venv/lib/python3.10/site-packages/airflow/example_dags/example_outlet_event_extra.py
[2025-02-17T22:40:31.416-0600] {processor.py:914} INFO - Processing file /home/dataScience/Projects/Pipeline/venv/lib/python3.10/site-packages/airflow/example_dags/example_outlet_event_extra.py for tasks to queue
[2025-02-17T22:40:31.419-0600] {logging_mixin.py:190} INFO - [2025-02-17T22:40:31.418-0600] {dagbag.py:588} INFO - Filling up the DagBag from /home/dataScience/Projects/Pipeline/venv/lib/python3.10/site-packages/airflow/example_dags/example_outlet_event_extra.py
[2025-02-17T22:40:31.440-0600] {processor.py:925} INFO - DAG(s) 'dataset_with_extra_by_context', 'dataset_with_extra_from_classic_operator', 'dataset_with_extra_by_yield' retrieved from /home/dataScience/Projects/Pipeline/venv/lib/python3.10/site-packages/airflow/example_dags/example_outlet_event_extra.py
[2025-02-17T22:40:31.471-0600] {logging_mixin.py:190} INFO - [2025-02-17T22:40:31.470-0600] {dag.py:3239} INFO - Sync 3 DAGs
[2025-02-17T22:40:31.504-0600] {logging_mixin.py:190} INFO - [2025-02-17T22:40:31.504-0600] {dag.py:4180} INFO - Setting next_dagrun for dataset_with_extra_by_context to 2025-02-17 00:00:00+00:00, run_after=2025-02-18 00:00:00+00:00
[2025-02-17T22:40:31.512-0600] {logging_mixin.py:190} INFO - [2025-02-17T22:40:31.511-0600] {dag.py:4180} INFO - Setting next_dagrun for dataset_with_extra_by_yield to 2025-02-17 00:00:00+00:00, run_after=2025-02-18 00:00:00+00:00
[2025-02-17T22:40:31.515-0600] {logging_mixin.py:190} INFO - [2025-02-17T22:40:31.515-0600] {dag.py:4180} INFO - Setting next_dagrun for dataset_with_extra_from_classic_operator to 2025-02-17 00:00:00+00:00, run_after=2025-02-18 00:00:00+00:00
[2025-02-17T22:40:31.554-0600] {processor.py:208} INFO - Processing /home/dataScience/Projects/Pipeline/venv/lib/python3.10/site-packages/airflow/example_dags/example_outlet_event_extra.py took 0.149 seconds
[2025-02-17T22:41:31.175-0600] {processor.py:186} INFO - Started process (PID=25333) to work on /home/dataScience/Projects/Pipeline/venv/lib/python3.10/site-packages/airflow/example_dags/example_outlet_event_extra.py
[2025-02-17T22:41:31.176-0600] {processor.py:914} INFO - Processing file /home/dataScience/Projects/Pipeline/venv/lib/python3.10/site-packages/airflow/example_dags/example_outlet_event_extra.py for tasks to queue
[2025-02-17T22:41:31.178-0600] {logging_mixin.py:190} INFO - [2025-02-17T22:41:31.178-0600] {dagbag.py:588} INFO - Filling up the DagBag from /home/dataScience/Projects/Pipeline/venv/lib/python3.10/site-packages/airflow/example_dags/example_outlet_event_extra.py
[2025-02-17T22:41:31.195-0600] {processor.py:925} INFO - DAG(s) 'dataset_with_extra_by_context', 'dataset_with_extra_by_yield', 'dataset_with_extra_from_classic_operator' retrieved from /home/dataScience/Projects/Pipeline/venv/lib/python3.10/site-packages/airflow/example_dags/example_outlet_event_extra.py
[2025-02-17T22:41:31.225-0600] {logging_mixin.py:190} INFO - [2025-02-17T22:41:31.225-0600] {dag.py:3239} INFO - Sync 3 DAGs
[2025-02-17T22:41:31.255-0600] {logging_mixin.py:190} INFO - [2025-02-17T22:41:31.254-0600] {dag.py:4180} INFO - Setting next_dagrun for dataset_with_extra_by_context to 2025-02-17 00:00:00+00:00, run_after=2025-02-18 00:00:00+00:00
[2025-02-17T22:41:31.260-0600] {logging_mixin.py:190} INFO - [2025-02-17T22:41:31.260-0600] {dag.py:4180} INFO - Setting next_dagrun for dataset_with_extra_by_yield to 2025-02-17 00:00:00+00:00, run_after=2025-02-18 00:00:00+00:00
[2025-02-17T22:41:31.264-0600] {logging_mixin.py:190} INFO - [2025-02-17T22:41:31.264-0600] {dag.py:4180} INFO - Setting next_dagrun for dataset_with_extra_from_classic_operator to 2025-02-17 00:00:00+00:00, run_after=2025-02-18 00:00:00+00:00
[2025-02-17T22:41:31.307-0600] {processor.py:208} INFO - Processing /home/dataScience/Projects/Pipeline/venv/lib/python3.10/site-packages/airflow/example_dags/example_outlet_event_extra.py took 0.139 seconds
