[2025-02-17T22:32:25.402-0600] {processor.py:186} INFO - Started process (PID=20265) to work on /home/dataScience/Projects/Pipeline/venv/lib/python3.10/site-packages/airflow/example_dags/example_dataset_alias_with_no_taskflow.py
[2025-02-17T22:32:25.403-0600] {processor.py:914} INFO - Processing file /home/dataScience/Projects/Pipeline/venv/lib/python3.10/site-packages/airflow/example_dags/example_dataset_alias_with_no_taskflow.py for tasks to queue
[2025-02-17T22:32:25.406-0600] {logging_mixin.py:190} INFO - [2025-02-17T22:32:25.405-0600] {dagbag.py:588} INFO - Filling up the DagBag from /home/dataScience/Projects/Pipeline/venv/lib/python3.10/site-packages/airflow/example_dags/example_dataset_alias_with_no_taskflow.py
[2025-02-17T22:32:25.426-0600] {processor.py:925} INFO - DAG(s) 'dataset_alias_example_alias_consumer_with_no_taskflow', 'dataset_s3_bucket_consumer_with_no_taskflow', 'dataset_alias_example_alias_producer_with_no_taskflow', 'dataset_s3_bucket_producer_with_no_taskflow' retrieved from /home/dataScience/Projects/Pipeline/venv/lib/python3.10/site-packages/airflow/example_dags/example_dataset_alias_with_no_taskflow.py
[2025-02-17T22:32:25.670-0600] {logging_mixin.py:190} INFO - [2025-02-17T22:32:25.670-0600] {override.py:1930} INFO - Created Permission View: can delete on DAG:dataset_alias_example_alias_consumer_with_no_taskflow
[2025-02-17T22:32:25.688-0600] {logging_mixin.py:190} INFO - [2025-02-17T22:32:25.687-0600] {override.py:1930} INFO - Created Permission View: can edit on DAG:dataset_alias_example_alias_consumer_with_no_taskflow
[2025-02-17T22:32:25.704-0600] {logging_mixin.py:190} INFO - [2025-02-17T22:32:25.703-0600] {override.py:1930} INFO - Created Permission View: can read on DAG:dataset_alias_example_alias_consumer_with_no_taskflow
[2025-02-17T22:32:25.727-0600] {logging_mixin.py:190} INFO - [2025-02-17T22:32:25.726-0600] {override.py:1930} INFO - Created Permission View: can create on DAG Run:dataset_alias_example_alias_consumer_with_no_taskflow
[2025-02-17T22:32:25.743-0600] {logging_mixin.py:190} INFO - [2025-02-17T22:32:25.742-0600] {override.py:1930} INFO - Created Permission View: can delete on DAG Run:dataset_alias_example_alias_consumer_with_no_taskflow
[2025-02-17T22:32:25.756-0600] {logging_mixin.py:190} INFO - [2025-02-17T22:32:25.756-0600] {override.py:1930} INFO - Created Permission View: menu access on DAG Run:dataset_alias_example_alias_consumer_with_no_taskflow
[2025-02-17T22:32:25.770-0600] {logging_mixin.py:190} INFO - [2025-02-17T22:32:25.769-0600] {override.py:1930} INFO - Created Permission View: can read on DAG Run:dataset_alias_example_alias_consumer_with_no_taskflow
[2025-02-17T22:32:25.799-0600] {logging_mixin.py:190} INFO - [2025-02-17T22:32:25.799-0600] {override.py:1930} INFO - Created Permission View: can delete on DAG:dataset_s3_bucket_consumer_with_no_taskflow
[2025-02-17T22:32:25.813-0600] {logging_mixin.py:190} INFO - [2025-02-17T22:32:25.813-0600] {override.py:1930} INFO - Created Permission View: can edit on DAG:dataset_s3_bucket_consumer_with_no_taskflow
[2025-02-17T22:32:25.828-0600] {logging_mixin.py:190} INFO - [2025-02-17T22:32:25.827-0600] {override.py:1930} INFO - Created Permission View: can read on DAG:dataset_s3_bucket_consumer_with_no_taskflow
[2025-02-17T22:32:25.849-0600] {logging_mixin.py:190} INFO - [2025-02-17T22:32:25.849-0600] {override.py:1930} INFO - Created Permission View: can create on DAG Run:dataset_s3_bucket_consumer_with_no_taskflow
[2025-02-17T22:32:25.867-0600] {logging_mixin.py:190} INFO - [2025-02-17T22:32:25.866-0600] {override.py:1930} INFO - Created Permission View: can delete on DAG Run:dataset_s3_bucket_consumer_with_no_taskflow
[2025-02-17T22:32:25.880-0600] {logging_mixin.py:190} INFO - [2025-02-17T22:32:25.879-0600] {override.py:1930} INFO - Created Permission View: menu access on DAG Run:dataset_s3_bucket_consumer_with_no_taskflow
[2025-02-17T22:32:25.893-0600] {logging_mixin.py:190} INFO - [2025-02-17T22:32:25.893-0600] {override.py:1930} INFO - Created Permission View: can read on DAG Run:dataset_s3_bucket_consumer_with_no_taskflow
[2025-02-17T22:32:25.926-0600] {logging_mixin.py:190} INFO - [2025-02-17T22:32:25.925-0600] {override.py:1930} INFO - Created Permission View: can delete on DAG:dataset_alias_example_alias_producer_with_no_taskflow
[2025-02-17T22:32:25.943-0600] {logging_mixin.py:190} INFO - [2025-02-17T22:32:25.942-0600] {override.py:1930} INFO - Created Permission View: can edit on DAG:dataset_alias_example_alias_producer_with_no_taskflow
[2025-02-17T22:32:25.956-0600] {logging_mixin.py:190} INFO - [2025-02-17T22:32:25.956-0600] {override.py:1930} INFO - Created Permission View: can read on DAG:dataset_alias_example_alias_producer_with_no_taskflow
[2025-02-17T22:32:25.979-0600] {logging_mixin.py:190} INFO - [2025-02-17T22:32:25.978-0600] {override.py:1930} INFO - Created Permission View: can create on DAG Run:dataset_alias_example_alias_producer_with_no_taskflow
[2025-02-17T22:32:25.997-0600] {logging_mixin.py:190} INFO - [2025-02-17T22:32:25.997-0600] {override.py:1930} INFO - Created Permission View: can delete on DAG Run:dataset_alias_example_alias_producer_with_no_taskflow
[2025-02-17T22:32:26.016-0600] {logging_mixin.py:190} INFO - [2025-02-17T22:32:26.015-0600] {override.py:1930} INFO - Created Permission View: menu access on DAG Run:dataset_alias_example_alias_producer_with_no_taskflow
[2025-02-17T22:32:26.029-0600] {logging_mixin.py:190} INFO - [2025-02-17T22:32:26.029-0600] {override.py:1930} INFO - Created Permission View: can read on DAG Run:dataset_alias_example_alias_producer_with_no_taskflow
[2025-02-17T22:32:26.059-0600] {logging_mixin.py:190} INFO - [2025-02-17T22:32:26.059-0600] {override.py:1930} INFO - Created Permission View: can delete on DAG:dataset_s3_bucket_producer_with_no_taskflow
[2025-02-17T22:32:26.073-0600] {logging_mixin.py:190} INFO - [2025-02-17T22:32:26.073-0600] {override.py:1930} INFO - Created Permission View: can edit on DAG:dataset_s3_bucket_producer_with_no_taskflow
[2025-02-17T22:32:26.087-0600] {logging_mixin.py:190} INFO - [2025-02-17T22:32:26.087-0600] {override.py:1930} INFO - Created Permission View: can read on DAG:dataset_s3_bucket_producer_with_no_taskflow
[2025-02-17T22:32:26.109-0600] {logging_mixin.py:190} INFO - [2025-02-17T22:32:26.109-0600] {override.py:1930} INFO - Created Permission View: can create on DAG Run:dataset_s3_bucket_producer_with_no_taskflow
[2025-02-17T22:32:26.123-0600] {logging_mixin.py:190} INFO - [2025-02-17T22:32:26.122-0600] {override.py:1930} INFO - Created Permission View: can delete on DAG Run:dataset_s3_bucket_producer_with_no_taskflow
[2025-02-17T22:32:26.138-0600] {logging_mixin.py:190} INFO - [2025-02-17T22:32:26.137-0600] {override.py:1930} INFO - Created Permission View: menu access on DAG Run:dataset_s3_bucket_producer_with_no_taskflow
[2025-02-17T22:32:26.155-0600] {logging_mixin.py:190} INFO - [2025-02-17T22:32:26.153-0600] {override.py:1930} INFO - Created Permission View: can read on DAG Run:dataset_s3_bucket_producer_with_no_taskflow
[2025-02-17T22:32:26.155-0600] {logging_mixin.py:190} INFO - [2025-02-17T22:32:26.155-0600] {dag.py:3239} INFO - Sync 4 DAGs
[2025-02-17T22:32:26.169-0600] {logging_mixin.py:190} INFO - [2025-02-17T22:32:26.168-0600] {dag.py:3262} INFO - Creating ORM DAG for dataset_s3_bucket_producer_with_no_taskflow
[2025-02-17T22:32:26.170-0600] {logging_mixin.py:190} INFO - [2025-02-17T22:32:26.169-0600] {dag.py:3262} INFO - Creating ORM DAG for dataset_s3_bucket_consumer_with_no_taskflow
[2025-02-17T22:32:26.170-0600] {logging_mixin.py:190} INFO - [2025-02-17T22:32:26.170-0600] {dag.py:3262} INFO - Creating ORM DAG for dataset_alias_example_alias_producer_with_no_taskflow
[2025-02-17T22:32:26.171-0600] {logging_mixin.py:190} INFO - [2025-02-17T22:32:26.171-0600] {dag.py:3262} INFO - Creating ORM DAG for dataset_alias_example_alias_consumer_with_no_taskflow
[2025-02-17T22:32:26.180-0600] {logging_mixin.py:190} INFO - [2025-02-17T22:32:26.179-0600] {dag.py:4180} INFO - Setting next_dagrun for dataset_alias_example_alias_consumer_with_no_taskflow to None, run_after=None
[2025-02-17T22:32:26.181-0600] {logging_mixin.py:190} INFO - [2025-02-17T22:32:26.180-0600] {dag.py:4180} INFO - Setting next_dagrun for dataset_alias_example_alias_producer_with_no_taskflow to None, run_after=None
[2025-02-17T22:32:26.181-0600] {logging_mixin.py:190} INFO - [2025-02-17T22:32:26.181-0600] {dag.py:4180} INFO - Setting next_dagrun for dataset_s3_bucket_consumer_with_no_taskflow to None, run_after=None
[2025-02-17T22:32:26.182-0600] {logging_mixin.py:190} INFO - [2025-02-17T22:32:26.181-0600] {dag.py:4180} INFO - Setting next_dagrun for dataset_s3_bucket_producer_with_no_taskflow to None, run_after=None
[2025-02-17T22:32:26.223-0600] {processor.py:208} INFO - Processing /home/dataScience/Projects/Pipeline/venv/lib/python3.10/site-packages/airflow/example_dags/example_dataset_alias_with_no_taskflow.py took 0.828 seconds
[2025-02-17T22:33:45.871-0600] {processor.py:186} INFO - Started process (PID=21118) to work on /home/dataScience/Projects/Pipeline/venv/lib/python3.10/site-packages/airflow/example_dags/example_dataset_alias_with_no_taskflow.py
[2025-02-17T22:33:45.875-0600] {processor.py:914} INFO - Processing file /home/dataScience/Projects/Pipeline/venv/lib/python3.10/site-packages/airflow/example_dags/example_dataset_alias_with_no_taskflow.py for tasks to queue
[2025-02-17T22:33:45.879-0600] {logging_mixin.py:190} INFO - [2025-02-17T22:33:45.879-0600] {dagbag.py:588} INFO - Filling up the DagBag from /home/dataScience/Projects/Pipeline/venv/lib/python3.10/site-packages/airflow/example_dags/example_dataset_alias_with_no_taskflow.py
[2025-02-17T22:33:45.909-0600] {processor.py:925} INFO - DAG(s) 'dataset_s3_bucket_producer_with_no_taskflow', 'dataset_alias_example_alias_producer_with_no_taskflow', 'dataset_alias_example_alias_consumer_with_no_taskflow', 'dataset_s3_bucket_consumer_with_no_taskflow' retrieved from /home/dataScience/Projects/Pipeline/venv/lib/python3.10/site-packages/airflow/example_dags/example_dataset_alias_with_no_taskflow.py
[2025-02-17T22:33:45.938-0600] {logging_mixin.py:190} INFO - [2025-02-17T22:33:45.938-0600] {dag.py:3239} INFO - Sync 4 DAGs
[2025-02-17T22:33:45.967-0600] {logging_mixin.py:190} INFO - [2025-02-17T22:33:45.966-0600] {dag.py:4180} INFO - Setting next_dagrun for dataset_alias_example_alias_consumer_with_no_taskflow to None, run_after=None
[2025-02-17T22:33:45.970-0600] {logging_mixin.py:190} INFO - [2025-02-17T22:33:45.969-0600] {dag.py:4180} INFO - Setting next_dagrun for dataset_alias_example_alias_producer_with_no_taskflow to None, run_after=None
[2025-02-17T22:33:45.971-0600] {logging_mixin.py:190} INFO - [2025-02-17T22:33:45.971-0600] {dag.py:4180} INFO - Setting next_dagrun for dataset_s3_bucket_consumer_with_no_taskflow to None, run_after=None
[2025-02-17T22:33:45.973-0600] {logging_mixin.py:190} INFO - [2025-02-17T22:33:45.972-0600] {dag.py:4180} INFO - Setting next_dagrun for dataset_s3_bucket_producer_with_no_taskflow to None, run_after=None
[2025-02-17T22:33:46.011-0600] {processor.py:208} INFO - Processing /home/dataScience/Projects/Pipeline/venv/lib/python3.10/site-packages/airflow/example_dags/example_dataset_alias_with_no_taskflow.py took 0.147 seconds
[2025-02-17T22:34:45.004-0600] {processor.py:186} INFO - Started process (PID=21745) to work on /home/dataScience/Projects/Pipeline/venv/lib/python3.10/site-packages/airflow/example_dags/example_dataset_alias_with_no_taskflow.py
[2025-02-17T22:34:45.006-0600] {processor.py:914} INFO - Processing file /home/dataScience/Projects/Pipeline/venv/lib/python3.10/site-packages/airflow/example_dags/example_dataset_alias_with_no_taskflow.py for tasks to queue
[2025-02-17T22:34:45.009-0600] {logging_mixin.py:190} INFO - [2025-02-17T22:34:45.008-0600] {dagbag.py:588} INFO - Filling up the DagBag from /home/dataScience/Projects/Pipeline/venv/lib/python3.10/site-packages/airflow/example_dags/example_dataset_alias_with_no_taskflow.py
[2025-02-17T22:34:45.034-0600] {processor.py:925} INFO - DAG(s) 'dataset_alias_example_alias_consumer_with_no_taskflow', 'dataset_alias_example_alias_producer_with_no_taskflow', 'dataset_s3_bucket_producer_with_no_taskflow', 'dataset_s3_bucket_consumer_with_no_taskflow' retrieved from /home/dataScience/Projects/Pipeline/venv/lib/python3.10/site-packages/airflow/example_dags/example_dataset_alias_with_no_taskflow.py
[2025-02-17T22:34:45.059-0600] {logging_mixin.py:190} INFO - [2025-02-17T22:34:45.059-0600] {dag.py:3239} INFO - Sync 4 DAGs
[2025-02-17T22:34:45.084-0600] {logging_mixin.py:190} INFO - [2025-02-17T22:34:45.084-0600] {dag.py:4180} INFO - Setting next_dagrun for dataset_alias_example_alias_consumer_with_no_taskflow to None, run_after=None
[2025-02-17T22:34:45.087-0600] {logging_mixin.py:190} INFO - [2025-02-17T22:34:45.086-0600] {dag.py:4180} INFO - Setting next_dagrun for dataset_alias_example_alias_producer_with_no_taskflow to None, run_after=None
[2025-02-17T22:34:45.088-0600] {logging_mixin.py:190} INFO - [2025-02-17T22:34:45.088-0600] {dag.py:4180} INFO - Setting next_dagrun for dataset_s3_bucket_consumer_with_no_taskflow to None, run_after=None
[2025-02-17T22:34:45.089-0600] {logging_mixin.py:190} INFO - [2025-02-17T22:34:45.089-0600] {dag.py:4180} INFO - Setting next_dagrun for dataset_s3_bucket_producer_with_no_taskflow to None, run_after=None
[2025-02-17T22:34:45.127-0600] {processor.py:208} INFO - Processing /home/dataScience/Projects/Pipeline/venv/lib/python3.10/site-packages/airflow/example_dags/example_dataset_alias_with_no_taskflow.py took 0.130 seconds
[2025-02-17T22:35:49.581-0600] {processor.py:186} INFO - Started process (PID=22401) to work on /home/dataScience/Projects/Pipeline/venv/lib/python3.10/site-packages/airflow/example_dags/example_dataset_alias_with_no_taskflow.py
[2025-02-17T22:35:49.586-0600] {processor.py:914} INFO - Processing file /home/dataScience/Projects/Pipeline/venv/lib/python3.10/site-packages/airflow/example_dags/example_dataset_alias_with_no_taskflow.py for tasks to queue
[2025-02-17T22:35:49.588-0600] {logging_mixin.py:190} INFO - [2025-02-17T22:35:49.588-0600] {dagbag.py:588} INFO - Filling up the DagBag from /home/dataScience/Projects/Pipeline/venv/lib/python3.10/site-packages/airflow/example_dags/example_dataset_alias_with_no_taskflow.py
[2025-02-17T22:35:49.615-0600] {processor.py:925} INFO - DAG(s) 'dataset_alias_example_alias_producer_with_no_taskflow', 'dataset_alias_example_alias_consumer_with_no_taskflow', 'dataset_s3_bucket_consumer_with_no_taskflow', 'dataset_s3_bucket_producer_with_no_taskflow' retrieved from /home/dataScience/Projects/Pipeline/venv/lib/python3.10/site-packages/airflow/example_dags/example_dataset_alias_with_no_taskflow.py
[2025-02-17T22:35:49.640-0600] {logging_mixin.py:190} INFO - [2025-02-17T22:35:49.640-0600] {dag.py:3239} INFO - Sync 4 DAGs
[2025-02-17T22:35:49.665-0600] {logging_mixin.py:190} INFO - [2025-02-17T22:35:49.665-0600] {dag.py:4180} INFO - Setting next_dagrun for dataset_alias_example_alias_consumer_with_no_taskflow to None, run_after=None
[2025-02-17T22:35:49.668-0600] {logging_mixin.py:190} INFO - [2025-02-17T22:35:49.668-0600] {dag.py:4180} INFO - Setting next_dagrun for dataset_alias_example_alias_producer_with_no_taskflow to None, run_after=None
[2025-02-17T22:35:49.669-0600] {logging_mixin.py:190} INFO - [2025-02-17T22:35:49.669-0600] {dag.py:4180} INFO - Setting next_dagrun for dataset_s3_bucket_consumer_with_no_taskflow to None, run_after=None
[2025-02-17T22:35:49.671-0600] {logging_mixin.py:190} INFO - [2025-02-17T22:35:49.670-0600] {dag.py:4180} INFO - Setting next_dagrun for dataset_s3_bucket_producer_with_no_taskflow to None, run_after=None
[2025-02-17T22:35:49.704-0600] {processor.py:208} INFO - Processing /home/dataScience/Projects/Pipeline/venv/lib/python3.10/site-packages/airflow/example_dags/example_dataset_alias_with_no_taskflow.py took 0.130 seconds
[2025-02-17T22:36:51.078-0600] {processor.py:186} INFO - Started process (PID=22974) to work on /home/dataScience/Projects/Pipeline/venv/lib/python3.10/site-packages/airflow/example_dags/example_dataset_alias_with_no_taskflow.py
[2025-02-17T22:36:51.081-0600] {processor.py:914} INFO - Processing file /home/dataScience/Projects/Pipeline/venv/lib/python3.10/site-packages/airflow/example_dags/example_dataset_alias_with_no_taskflow.py for tasks to queue
[2025-02-17T22:36:51.084-0600] {logging_mixin.py:190} INFO - [2025-02-17T22:36:51.083-0600] {dagbag.py:588} INFO - Filling up the DagBag from /home/dataScience/Projects/Pipeline/venv/lib/python3.10/site-packages/airflow/example_dags/example_dataset_alias_with_no_taskflow.py
[2025-02-17T22:36:51.111-0600] {processor.py:925} INFO - DAG(s) 'dataset_s3_bucket_producer_with_no_taskflow', 'dataset_alias_example_alias_consumer_with_no_taskflow', 'dataset_s3_bucket_consumer_with_no_taskflow', 'dataset_alias_example_alias_producer_with_no_taskflow' retrieved from /home/dataScience/Projects/Pipeline/venv/lib/python3.10/site-packages/airflow/example_dags/example_dataset_alias_with_no_taskflow.py
[2025-02-17T22:36:51.141-0600] {logging_mixin.py:190} INFO - [2025-02-17T22:36:51.141-0600] {dag.py:3239} INFO - Sync 4 DAGs
[2025-02-17T22:36:51.166-0600] {logging_mixin.py:190} INFO - [2025-02-17T22:36:51.166-0600] {dag.py:4180} INFO - Setting next_dagrun for dataset_alias_example_alias_consumer_with_no_taskflow to None, run_after=None
[2025-02-17T22:36:51.169-0600] {logging_mixin.py:190} INFO - [2025-02-17T22:36:51.169-0600] {dag.py:4180} INFO - Setting next_dagrun for dataset_alias_example_alias_producer_with_no_taskflow to None, run_after=None
[2025-02-17T22:36:51.171-0600] {logging_mixin.py:190} INFO - [2025-02-17T22:36:51.171-0600] {dag.py:4180} INFO - Setting next_dagrun for dataset_s3_bucket_consumer_with_no_taskflow to None, run_after=None
[2025-02-17T22:36:51.173-0600] {logging_mixin.py:190} INFO - [2025-02-17T22:36:51.173-0600] {dag.py:4180} INFO - Setting next_dagrun for dataset_s3_bucket_producer_with_no_taskflow to None, run_after=None
[2025-02-17T22:36:51.210-0600] {processor.py:208} INFO - Processing /home/dataScience/Projects/Pipeline/venv/lib/python3.10/site-packages/airflow/example_dags/example_dataset_alias_with_no_taskflow.py took 0.139 seconds
[2025-02-17T22:37:48.235-0600] {processor.py:186} INFO - Started process (PID=23457) to work on /home/dataScience/Projects/Pipeline/venv/lib/python3.10/site-packages/airflow/example_dags/example_dataset_alias_with_no_taskflow.py
[2025-02-17T22:37:48.237-0600] {processor.py:914} INFO - Processing file /home/dataScience/Projects/Pipeline/venv/lib/python3.10/site-packages/airflow/example_dags/example_dataset_alias_with_no_taskflow.py for tasks to queue
[2025-02-17T22:37:48.239-0600] {logging_mixin.py:190} INFO - [2025-02-17T22:37:48.239-0600] {dagbag.py:588} INFO - Filling up the DagBag from /home/dataScience/Projects/Pipeline/venv/lib/python3.10/site-packages/airflow/example_dags/example_dataset_alias_with_no_taskflow.py
[2025-02-17T22:37:48.268-0600] {processor.py:925} INFO - DAG(s) 'dataset_s3_bucket_producer_with_no_taskflow', 'dataset_alias_example_alias_producer_with_no_taskflow', 'dataset_alias_example_alias_consumer_with_no_taskflow', 'dataset_s3_bucket_consumer_with_no_taskflow' retrieved from /home/dataScience/Projects/Pipeline/venv/lib/python3.10/site-packages/airflow/example_dags/example_dataset_alias_with_no_taskflow.py
[2025-02-17T22:37:48.296-0600] {logging_mixin.py:190} INFO - [2025-02-17T22:37:48.295-0600] {dag.py:3239} INFO - Sync 4 DAGs
[2025-02-17T22:37:48.326-0600] {logging_mixin.py:190} INFO - [2025-02-17T22:37:48.326-0600] {dag.py:4180} INFO - Setting next_dagrun for dataset_alias_example_alias_consumer_with_no_taskflow to None, run_after=None
[2025-02-17T22:37:48.330-0600] {logging_mixin.py:190} INFO - [2025-02-17T22:37:48.329-0600] {dag.py:4180} INFO - Setting next_dagrun for dataset_alias_example_alias_producer_with_no_taskflow to None, run_after=None
[2025-02-17T22:37:48.333-0600] {logging_mixin.py:190} INFO - [2025-02-17T22:37:48.332-0600] {dag.py:4180} INFO - Setting next_dagrun for dataset_s3_bucket_consumer_with_no_taskflow to None, run_after=None
[2025-02-17T22:37:48.336-0600] {logging_mixin.py:190} INFO - [2025-02-17T22:37:48.336-0600] {dag.py:4180} INFO - Setting next_dagrun for dataset_s3_bucket_producer_with_no_taskflow to None, run_after=None
[2025-02-17T22:37:48.373-0600] {processor.py:208} INFO - Processing /home/dataScience/Projects/Pipeline/venv/lib/python3.10/site-packages/airflow/example_dags/example_dataset_alias_with_no_taskflow.py took 0.147 seconds
[2025-02-17T22:38:48.410-0600] {processor.py:186} INFO - Started process (PID=23958) to work on /home/dataScience/Projects/Pipeline/venv/lib/python3.10/site-packages/airflow/example_dags/example_dataset_alias_with_no_taskflow.py
[2025-02-17T22:38:48.412-0600] {processor.py:914} INFO - Processing file /home/dataScience/Projects/Pipeline/venv/lib/python3.10/site-packages/airflow/example_dags/example_dataset_alias_with_no_taskflow.py for tasks to queue
[2025-02-17T22:38:48.416-0600] {logging_mixin.py:190} INFO - [2025-02-17T22:38:48.415-0600] {dagbag.py:588} INFO - Filling up the DagBag from /home/dataScience/Projects/Pipeline/venv/lib/python3.10/site-packages/airflow/example_dags/example_dataset_alias_with_no_taskflow.py
[2025-02-17T22:38:48.452-0600] {processor.py:925} INFO - DAG(s) 'dataset_s3_bucket_producer_with_no_taskflow', 'dataset_alias_example_alias_producer_with_no_taskflow', 'dataset_alias_example_alias_consumer_with_no_taskflow', 'dataset_s3_bucket_consumer_with_no_taskflow' retrieved from /home/dataScience/Projects/Pipeline/venv/lib/python3.10/site-packages/airflow/example_dags/example_dataset_alias_with_no_taskflow.py
[2025-02-17T22:38:48.489-0600] {logging_mixin.py:190} INFO - [2025-02-17T22:38:48.489-0600] {dag.py:3239} INFO - Sync 4 DAGs
[2025-02-17T22:38:48.517-0600] {logging_mixin.py:190} INFO - [2025-02-17T22:38:48.516-0600] {dag.py:4180} INFO - Setting next_dagrun for dataset_alias_example_alias_consumer_with_no_taskflow to None, run_after=None
[2025-02-17T22:38:48.521-0600] {logging_mixin.py:190} INFO - [2025-02-17T22:38:48.520-0600] {dag.py:4180} INFO - Setting next_dagrun for dataset_alias_example_alias_producer_with_no_taskflow to None, run_after=None
[2025-02-17T22:38:48.522-0600] {logging_mixin.py:190} INFO - [2025-02-17T22:38:48.522-0600] {dag.py:4180} INFO - Setting next_dagrun for dataset_s3_bucket_consumer_with_no_taskflow to None, run_after=None
[2025-02-17T22:38:48.523-0600] {logging_mixin.py:190} INFO - [2025-02-17T22:38:48.523-0600] {dag.py:4180} INFO - Setting next_dagrun for dataset_s3_bucket_producer_with_no_taskflow to None, run_after=None
[2025-02-17T22:38:48.565-0600] {processor.py:208} INFO - Processing /home/dataScience/Projects/Pipeline/venv/lib/python3.10/site-packages/airflow/example_dags/example_dataset_alias_with_no_taskflow.py took 0.163 seconds
[2025-02-17T22:39:49.663-0600] {processor.py:186} INFO - Started process (PID=24469) to work on /home/dataScience/Projects/Pipeline/venv/lib/python3.10/site-packages/airflow/example_dags/example_dataset_alias_with_no_taskflow.py
[2025-02-17T22:39:49.666-0600] {processor.py:914} INFO - Processing file /home/dataScience/Projects/Pipeline/venv/lib/python3.10/site-packages/airflow/example_dags/example_dataset_alias_with_no_taskflow.py for tasks to queue
[2025-02-17T22:39:49.668-0600] {logging_mixin.py:190} INFO - [2025-02-17T22:39:49.668-0600] {dagbag.py:588} INFO - Filling up the DagBag from /home/dataScience/Projects/Pipeline/venv/lib/python3.10/site-packages/airflow/example_dags/example_dataset_alias_with_no_taskflow.py
[2025-02-17T22:39:49.699-0600] {processor.py:925} INFO - DAG(s) 'dataset_alias_example_alias_producer_with_no_taskflow', 'dataset_alias_example_alias_consumer_with_no_taskflow', 'dataset_s3_bucket_producer_with_no_taskflow', 'dataset_s3_bucket_consumer_with_no_taskflow' retrieved from /home/dataScience/Projects/Pipeline/venv/lib/python3.10/site-packages/airflow/example_dags/example_dataset_alias_with_no_taskflow.py
[2025-02-17T22:39:49.731-0600] {logging_mixin.py:190} INFO - [2025-02-17T22:39:49.730-0600] {dag.py:3239} INFO - Sync 4 DAGs
[2025-02-17T22:39:49.758-0600] {logging_mixin.py:190} INFO - [2025-02-17T22:39:49.758-0600] {dag.py:4180} INFO - Setting next_dagrun for dataset_alias_example_alias_consumer_with_no_taskflow to None, run_after=None
[2025-02-17T22:39:49.763-0600] {logging_mixin.py:190} INFO - [2025-02-17T22:39:49.762-0600] {dag.py:4180} INFO - Setting next_dagrun for dataset_alias_example_alias_producer_with_no_taskflow to None, run_after=None
[2025-02-17T22:39:49.765-0600] {logging_mixin.py:190} INFO - [2025-02-17T22:39:49.764-0600] {dag.py:4180} INFO - Setting next_dagrun for dataset_s3_bucket_consumer_with_no_taskflow to None, run_after=None
[2025-02-17T22:39:49.766-0600] {logging_mixin.py:190} INFO - [2025-02-17T22:39:49.766-0600] {dag.py:4180} INFO - Setting next_dagrun for dataset_s3_bucket_producer_with_no_taskflow to None, run_after=None
[2025-02-17T22:39:49.809-0600] {processor.py:208} INFO - Processing /home/dataScience/Projects/Pipeline/venv/lib/python3.10/site-packages/airflow/example_dags/example_dataset_alias_with_no_taskflow.py took 0.154 seconds
[2025-02-17T22:40:50.426-0600] {processor.py:186} INFO - Started process (PID=24973) to work on /home/dataScience/Projects/Pipeline/venv/lib/python3.10/site-packages/airflow/example_dags/example_dataset_alias_with_no_taskflow.py
[2025-02-17T22:40:50.428-0600] {processor.py:914} INFO - Processing file /home/dataScience/Projects/Pipeline/venv/lib/python3.10/site-packages/airflow/example_dags/example_dataset_alias_with_no_taskflow.py for tasks to queue
[2025-02-17T22:40:50.430-0600] {logging_mixin.py:190} INFO - [2025-02-17T22:40:50.430-0600] {dagbag.py:588} INFO - Filling up the DagBag from /home/dataScience/Projects/Pipeline/venv/lib/python3.10/site-packages/airflow/example_dags/example_dataset_alias_with_no_taskflow.py
[2025-02-17T22:40:50.457-0600] {processor.py:925} INFO - DAG(s) 'dataset_alias_example_alias_producer_with_no_taskflow', 'dataset_s3_bucket_producer_with_no_taskflow', 'dataset_s3_bucket_consumer_with_no_taskflow', 'dataset_alias_example_alias_consumer_with_no_taskflow' retrieved from /home/dataScience/Projects/Pipeline/venv/lib/python3.10/site-packages/airflow/example_dags/example_dataset_alias_with_no_taskflow.py
[2025-02-17T22:40:50.483-0600] {logging_mixin.py:190} INFO - [2025-02-17T22:40:50.483-0600] {dag.py:3239} INFO - Sync 4 DAGs
[2025-02-17T22:40:50.506-0600] {logging_mixin.py:190} INFO - [2025-02-17T22:40:50.505-0600] {dag.py:4180} INFO - Setting next_dagrun for dataset_alias_example_alias_consumer_with_no_taskflow to None, run_after=None
[2025-02-17T22:40:50.508-0600] {logging_mixin.py:190} INFO - [2025-02-17T22:40:50.508-0600] {dag.py:4180} INFO - Setting next_dagrun for dataset_alias_example_alias_producer_with_no_taskflow to None, run_after=None
[2025-02-17T22:40:50.510-0600] {logging_mixin.py:190} INFO - [2025-02-17T22:40:50.510-0600] {dag.py:4180} INFO - Setting next_dagrun for dataset_s3_bucket_consumer_with_no_taskflow to None, run_after=None
[2025-02-17T22:40:50.512-0600] {logging_mixin.py:190} INFO - [2025-02-17T22:40:50.512-0600] {dag.py:4180} INFO - Setting next_dagrun for dataset_s3_bucket_producer_with_no_taskflow to None, run_after=None
[2025-02-17T22:40:50.551-0600] {processor.py:208} INFO - Processing /home/dataScience/Projects/Pipeline/venv/lib/python3.10/site-packages/airflow/example_dags/example_dataset_alias_with_no_taskflow.py took 0.133 seconds
