[2025-02-17T22:32:19.058-0600] {processor.py:186} INFO - Started process (PID=20218) to work on /home/dataScience/Projects/Pipeline/venv/lib/python3.10/site-packages/airflow/example_dags/example_display_name.py
[2025-02-17T22:32:19.059-0600] {processor.py:914} INFO - Processing file /home/dataScience/Projects/Pipeline/venv/lib/python3.10/site-packages/airflow/example_dags/example_display_name.py for tasks to queue
[2025-02-17T22:32:19.062-0600] {logging_mixin.py:190} INFO - [2025-02-17T22:32:19.061-0600] {dagbag.py:588} INFO - Filling up the DagBag from /home/dataScience/Projects/Pipeline/venv/lib/python3.10/site-packages/airflow/example_dags/example_display_name.py
[2025-02-17T22:32:19.074-0600] {processor.py:925} INFO - DAG(s) 'example_display_name' retrieved from /home/dataScience/Projects/Pipeline/venv/lib/python3.10/site-packages/airflow/example_dags/example_display_name.py
[2025-02-17T22:32:19.353-0600] {logging_mixin.py:190} INFO - [2025-02-17T22:32:19.351-0600] {override.py:1930} INFO - Created Permission View: can delete on DAG:example_display_name
[2025-02-17T22:32:19.376-0600] {logging_mixin.py:190} INFO - [2025-02-17T22:32:19.376-0600] {override.py:1930} INFO - Created Permission View: can edit on DAG:example_display_name
[2025-02-17T22:32:19.398-0600] {logging_mixin.py:190} INFO - [2025-02-17T22:32:19.397-0600] {override.py:1930} INFO - Created Permission View: can read on DAG:example_display_name
[2025-02-17T22:32:19.426-0600] {logging_mixin.py:190} INFO - [2025-02-17T22:32:19.425-0600] {override.py:1930} INFO - Created Permission View: can create on DAG Run:example_display_name
[2025-02-17T22:32:19.444-0600] {logging_mixin.py:190} INFO - [2025-02-17T22:32:19.443-0600] {override.py:1930} INFO - Created Permission View: can delete on DAG Run:example_display_name
[2025-02-17T22:32:19.463-0600] {logging_mixin.py:190} INFO - [2025-02-17T22:32:19.462-0600] {override.py:1930} INFO - Created Permission View: menu access on DAG Run:example_display_name
[2025-02-17T22:32:19.479-0600] {logging_mixin.py:190} INFO - [2025-02-17T22:32:19.478-0600] {override.py:1930} INFO - Created Permission View: can read on DAG Run:example_display_name
[2025-02-17T22:32:19.479-0600] {logging_mixin.py:190} INFO - [2025-02-17T22:32:19.479-0600] {dag.py:3239} INFO - Sync 1 DAGs
[2025-02-17T22:32:19.496-0600] {logging_mixin.py:190} INFO - [2025-02-17T22:32:19.496-0600] {dag.py:3262} INFO - Creating ORM DAG for example_display_name
[2025-02-17T22:32:19.498-0600] {logging_mixin.py:190} INFO - [2025-02-17T22:32:19.497-0600] {dag.py:4180} INFO - Setting next_dagrun for example_display_name to None, run_after=None
[2025-02-17T22:32:19.528-0600] {processor.py:208} INFO - Processing /home/dataScience/Projects/Pipeline/venv/lib/python3.10/site-packages/airflow/example_dags/example_display_name.py took 0.480 seconds
[2025-02-17T22:33:29.960-0600] {processor.py:186} INFO - Started process (PID=20998) to work on /home/dataScience/Projects/Pipeline/venv/lib/python3.10/site-packages/airflow/example_dags/example_display_name.py
[2025-02-17T22:33:29.962-0600] {processor.py:914} INFO - Processing file /home/dataScience/Projects/Pipeline/venv/lib/python3.10/site-packages/airflow/example_dags/example_display_name.py for tasks to queue
[2025-02-17T22:33:29.965-0600] {logging_mixin.py:190} INFO - [2025-02-17T22:33:29.965-0600] {dagbag.py:588} INFO - Filling up the DagBag from /home/dataScience/Projects/Pipeline/venv/lib/python3.10/site-packages/airflow/example_dags/example_display_name.py
[2025-02-17T22:33:29.975-0600] {processor.py:925} INFO - DAG(s) 'example_display_name' retrieved from /home/dataScience/Projects/Pipeline/venv/lib/python3.10/site-packages/airflow/example_dags/example_display_name.py
[2025-02-17T22:33:29.991-0600] {logging_mixin.py:190} INFO - [2025-02-17T22:33:29.991-0600] {dag.py:3239} INFO - Sync 1 DAGs
[2025-02-17T22:33:30.006-0600] {logging_mixin.py:190} INFO - [2025-02-17T22:33:30.006-0600] {dag.py:4180} INFO - Setting next_dagrun for example_display_name to None, run_after=None
[2025-02-17T22:33:30.039-0600] {processor.py:208} INFO - Processing /home/dataScience/Projects/Pipeline/venv/lib/python3.10/site-packages/airflow/example_dags/example_display_name.py took 0.086 seconds
[2025-02-17T22:34:32.259-0600] {processor.py:186} INFO - Started process (PID=21647) to work on /home/dataScience/Projects/Pipeline/venv/lib/python3.10/site-packages/airflow/example_dags/example_display_name.py
[2025-02-17T22:34:32.261-0600] {processor.py:914} INFO - Processing file /home/dataScience/Projects/Pipeline/venv/lib/python3.10/site-packages/airflow/example_dags/example_display_name.py for tasks to queue
[2025-02-17T22:34:32.264-0600] {logging_mixin.py:190} INFO - [2025-02-17T22:34:32.263-0600] {dagbag.py:588} INFO - Filling up the DagBag from /home/dataScience/Projects/Pipeline/venv/lib/python3.10/site-packages/airflow/example_dags/example_display_name.py
[2025-02-17T22:34:32.273-0600] {processor.py:925} INFO - DAG(s) 'example_display_name' retrieved from /home/dataScience/Projects/Pipeline/venv/lib/python3.10/site-packages/airflow/example_dags/example_display_name.py
[2025-02-17T22:34:32.290-0600] {logging_mixin.py:190} INFO - [2025-02-17T22:34:32.290-0600] {dag.py:3239} INFO - Sync 1 DAGs
[2025-02-17T22:34:32.305-0600] {logging_mixin.py:190} INFO - [2025-02-17T22:34:32.304-0600] {dag.py:4180} INFO - Setting next_dagrun for example_display_name to None, run_after=None
[2025-02-17T22:34:32.339-0600] {processor.py:208} INFO - Processing /home/dataScience/Projects/Pipeline/venv/lib/python3.10/site-packages/airflow/example_dags/example_display_name.py took 0.086 seconds
[2025-02-17T22:35:35.798-0600] {processor.py:186} INFO - Started process (PID=22298) to work on /home/dataScience/Projects/Pipeline/venv/lib/python3.10/site-packages/airflow/example_dags/example_display_name.py
[2025-02-17T22:35:35.800-0600] {processor.py:914} INFO - Processing file /home/dataScience/Projects/Pipeline/venv/lib/python3.10/site-packages/airflow/example_dags/example_display_name.py for tasks to queue
[2025-02-17T22:35:35.803-0600] {logging_mixin.py:190} INFO - [2025-02-17T22:35:35.802-0600] {dagbag.py:588} INFO - Filling up the DagBag from /home/dataScience/Projects/Pipeline/venv/lib/python3.10/site-packages/airflow/example_dags/example_display_name.py
[2025-02-17T22:35:35.813-0600] {processor.py:925} INFO - DAG(s) 'example_display_name' retrieved from /home/dataScience/Projects/Pipeline/venv/lib/python3.10/site-packages/airflow/example_dags/example_display_name.py
[2025-02-17T22:35:35.832-0600] {logging_mixin.py:190} INFO - [2025-02-17T22:35:35.831-0600] {dag.py:3239} INFO - Sync 1 DAGs
[2025-02-17T22:35:35.848-0600] {logging_mixin.py:190} INFO - [2025-02-17T22:35:35.847-0600] {dag.py:4180} INFO - Setting next_dagrun for example_display_name to None, run_after=None
[2025-02-17T22:35:35.883-0600] {processor.py:208} INFO - Processing /home/dataScience/Projects/Pipeline/venv/lib/python3.10/site-packages/airflow/example_dags/example_display_name.py took 0.093 seconds
[2025-02-17T22:36:37.775-0600] {processor.py:186} INFO - Started process (PID=22874) to work on /home/dataScience/Projects/Pipeline/venv/lib/python3.10/site-packages/airflow/example_dags/example_display_name.py
[2025-02-17T22:36:37.777-0600] {processor.py:914} INFO - Processing file /home/dataScience/Projects/Pipeline/venv/lib/python3.10/site-packages/airflow/example_dags/example_display_name.py for tasks to queue
[2025-02-17T22:36:37.780-0600] {logging_mixin.py:190} INFO - [2025-02-17T22:36:37.779-0600] {dagbag.py:588} INFO - Filling up the DagBag from /home/dataScience/Projects/Pipeline/venv/lib/python3.10/site-packages/airflow/example_dags/example_display_name.py
[2025-02-17T22:36:37.789-0600] {processor.py:925} INFO - DAG(s) 'example_display_name' retrieved from /home/dataScience/Projects/Pipeline/venv/lib/python3.10/site-packages/airflow/example_dags/example_display_name.py
[2025-02-17T22:36:37.806-0600] {logging_mixin.py:190} INFO - [2025-02-17T22:36:37.805-0600] {dag.py:3239} INFO - Sync 1 DAGs
[2025-02-17T22:36:37.820-0600] {logging_mixin.py:190} INFO - [2025-02-17T22:36:37.820-0600] {dag.py:4180} INFO - Setting next_dagrun for example_display_name to None, run_after=None
[2025-02-17T22:36:37.855-0600] {processor.py:208} INFO - Processing /home/dataScience/Projects/Pipeline/venv/lib/python3.10/site-packages/airflow/example_dags/example_display_name.py took 0.087 seconds
[2025-02-17T22:37:35.363-0600] {processor.py:186} INFO - Started process (PID=23364) to work on /home/dataScience/Projects/Pipeline/venv/lib/python3.10/site-packages/airflow/example_dags/example_display_name.py
[2025-02-17T22:37:35.365-0600] {processor.py:914} INFO - Processing file /home/dataScience/Projects/Pipeline/venv/lib/python3.10/site-packages/airflow/example_dags/example_display_name.py for tasks to queue
[2025-02-17T22:37:35.367-0600] {logging_mixin.py:190} INFO - [2025-02-17T22:37:35.367-0600] {dagbag.py:588} INFO - Filling up the DagBag from /home/dataScience/Projects/Pipeline/venv/lib/python3.10/site-packages/airflow/example_dags/example_display_name.py
[2025-02-17T22:37:35.377-0600] {processor.py:925} INFO - DAG(s) 'example_display_name' retrieved from /home/dataScience/Projects/Pipeline/venv/lib/python3.10/site-packages/airflow/example_dags/example_display_name.py
[2025-02-17T22:37:35.396-0600] {logging_mixin.py:190} INFO - [2025-02-17T22:37:35.395-0600] {dag.py:3239} INFO - Sync 1 DAGs
[2025-02-17T22:37:35.412-0600] {logging_mixin.py:190} INFO - [2025-02-17T22:37:35.411-0600] {dag.py:4180} INFO - Setting next_dagrun for example_display_name to None, run_after=None
[2025-02-17T22:37:35.449-0600] {processor.py:208} INFO - Processing /home/dataScience/Projects/Pipeline/venv/lib/python3.10/site-packages/airflow/example_dags/example_display_name.py took 0.094 seconds
[2025-02-17T22:38:32.932-0600] {processor.py:186} INFO - Started process (PID=23847) to work on /home/dataScience/Projects/Pipeline/venv/lib/python3.10/site-packages/airflow/example_dags/example_display_name.py
[2025-02-17T22:38:32.934-0600] {processor.py:914} INFO - Processing file /home/dataScience/Projects/Pipeline/venv/lib/python3.10/site-packages/airflow/example_dags/example_display_name.py for tasks to queue
[2025-02-17T22:38:32.937-0600] {logging_mixin.py:190} INFO - [2025-02-17T22:38:32.936-0600] {dagbag.py:588} INFO - Filling up the DagBag from /home/dataScience/Projects/Pipeline/venv/lib/python3.10/site-packages/airflow/example_dags/example_display_name.py
[2025-02-17T22:38:32.947-0600] {processor.py:925} INFO - DAG(s) 'example_display_name' retrieved from /home/dataScience/Projects/Pipeline/venv/lib/python3.10/site-packages/airflow/example_dags/example_display_name.py
[2025-02-17T22:38:32.967-0600] {logging_mixin.py:190} INFO - [2025-02-17T22:38:32.967-0600] {dag.py:3239} INFO - Sync 1 DAGs
[2025-02-17T22:38:32.985-0600] {logging_mixin.py:190} INFO - [2025-02-17T22:38:32.984-0600] {dag.py:4180} INFO - Setting next_dagrun for example_display_name to None, run_after=None
[2025-02-17T22:38:33.018-0600] {processor.py:208} INFO - Processing /home/dataScience/Projects/Pipeline/venv/lib/python3.10/site-packages/airflow/example_dags/example_display_name.py took 0.095 seconds
[2025-02-17T22:39:35.128-0600] {processor.py:186} INFO - Started process (PID=24363) to work on /home/dataScience/Projects/Pipeline/venv/lib/python3.10/site-packages/airflow/example_dags/example_display_name.py
[2025-02-17T22:39:35.130-0600] {processor.py:914} INFO - Processing file /home/dataScience/Projects/Pipeline/venv/lib/python3.10/site-packages/airflow/example_dags/example_display_name.py for tasks to queue
[2025-02-17T22:39:35.132-0600] {logging_mixin.py:190} INFO - [2025-02-17T22:39:35.132-0600] {dagbag.py:588} INFO - Filling up the DagBag from /home/dataScience/Projects/Pipeline/venv/lib/python3.10/site-packages/airflow/example_dags/example_display_name.py
[2025-02-17T22:39:35.144-0600] {processor.py:925} INFO - DAG(s) 'example_display_name' retrieved from /home/dataScience/Projects/Pipeline/venv/lib/python3.10/site-packages/airflow/example_dags/example_display_name.py
[2025-02-17T22:39:35.164-0600] {logging_mixin.py:190} INFO - [2025-02-17T22:39:35.164-0600] {dag.py:3239} INFO - Sync 1 DAGs
[2025-02-17T22:39:35.182-0600] {logging_mixin.py:190} INFO - [2025-02-17T22:39:35.181-0600] {dag.py:4180} INFO - Setting next_dagrun for example_display_name to None, run_after=None
[2025-02-17T22:39:35.218-0600] {processor.py:208} INFO - Processing /home/dataScience/Projects/Pipeline/venv/lib/python3.10/site-packages/airflow/example_dags/example_display_name.py took 0.099 seconds
[2025-02-17T22:40:35.095-0600] {processor.py:186} INFO - Started process (PID=24857) to work on /home/dataScience/Projects/Pipeline/venv/lib/python3.10/site-packages/airflow/example_dags/example_display_name.py
[2025-02-17T22:40:35.098-0600] {processor.py:914} INFO - Processing file /home/dataScience/Projects/Pipeline/venv/lib/python3.10/site-packages/airflow/example_dags/example_display_name.py for tasks to queue
[2025-02-17T22:40:35.101-0600] {logging_mixin.py:190} INFO - [2025-02-17T22:40:35.100-0600] {dagbag.py:588} INFO - Filling up the DagBag from /home/dataScience/Projects/Pipeline/venv/lib/python3.10/site-packages/airflow/example_dags/example_display_name.py
[2025-02-17T22:40:35.110-0600] {processor.py:925} INFO - DAG(s) 'example_display_name' retrieved from /home/dataScience/Projects/Pipeline/venv/lib/python3.10/site-packages/airflow/example_dags/example_display_name.py
[2025-02-17T22:40:35.128-0600] {logging_mixin.py:190} INFO - [2025-02-17T22:40:35.128-0600] {dag.py:3239} INFO - Sync 1 DAGs
[2025-02-17T22:40:35.144-0600] {logging_mixin.py:190} INFO - [2025-02-17T22:40:35.144-0600] {dag.py:4180} INFO - Setting next_dagrun for example_display_name to None, run_after=None
[2025-02-17T22:40:35.176-0600] {processor.py:208} INFO - Processing /home/dataScience/Projects/Pipeline/venv/lib/python3.10/site-packages/airflow/example_dags/example_display_name.py took 0.089 seconds
