[2025-02-17T22:32:34.502-0600] {processor.py:186} INFO - Started process (PID=20386) to work on /home/dataScience/Projects/Pipeline/venv/lib/python3.10/site-packages/airflow/example_dags/example_python_operator.py
[2025-02-17T22:32:34.503-0600] {processor.py:914} INFO - Processing file /home/dataScience/Projects/Pipeline/venv/lib/python3.10/site-packages/airflow/example_dags/example_python_operator.py for tasks to queue
[2025-02-17T22:32:34.505-0600] {logging_mixin.py:190} INFO - [2025-02-17T22:32:34.505-0600] {dagbag.py:588} INFO - Filling up the DagBag from /home/dataScience/Projects/Pipeline/venv/lib/python3.10/site-packages/airflow/example_dags/example_python_operator.py
[2025-02-17T22:32:34.524-0600] {processor.py:925} INFO - DAG(s) 'example_python_operator' retrieved from /home/dataScience/Projects/Pipeline/venv/lib/python3.10/site-packages/airflow/example_dags/example_python_operator.py
[2025-02-17T22:32:34.793-0600] {logging_mixin.py:190} INFO - [2025-02-17T22:32:34.792-0600] {override.py:1930} INFO - Created Permission View: can delete on DAG:example_python_operator
[2025-02-17T22:32:34.810-0600] {logging_mixin.py:190} INFO - [2025-02-17T22:32:34.809-0600] {override.py:1930} INFO - Created Permission View: can edit on DAG:example_python_operator
[2025-02-17T22:32:34.824-0600] {logging_mixin.py:190} INFO - [2025-02-17T22:32:34.823-0600] {override.py:1930} INFO - Created Permission View: can read on DAG:example_python_operator
[2025-02-17T22:32:34.847-0600] {logging_mixin.py:190} INFO - [2025-02-17T22:32:34.846-0600] {override.py:1930} INFO - Created Permission View: can create on DAG Run:example_python_operator
[2025-02-17T22:32:34.863-0600] {logging_mixin.py:190} INFO - [2025-02-17T22:32:34.863-0600] {override.py:1930} INFO - Created Permission View: can delete on DAG Run:example_python_operator
[2025-02-17T22:32:34.876-0600] {logging_mixin.py:190} INFO - [2025-02-17T22:32:34.876-0600] {override.py:1930} INFO - Created Permission View: menu access on DAG Run:example_python_operator
[2025-02-17T22:32:34.889-0600] {logging_mixin.py:190} INFO - [2025-02-17T22:32:34.889-0600] {override.py:1930} INFO - Created Permission View: can read on DAG Run:example_python_operator
[2025-02-17T22:32:34.890-0600] {logging_mixin.py:190} INFO - [2025-02-17T22:32:34.890-0600] {dag.py:3239} INFO - Sync 1 DAGs
[2025-02-17T22:32:34.903-0600] {logging_mixin.py:190} INFO - [2025-02-17T22:32:34.903-0600] {dag.py:3262} INFO - Creating ORM DAG for example_python_operator
[2025-02-17T22:32:34.904-0600] {logging_mixin.py:190} INFO - [2025-02-17T22:32:34.904-0600] {dag.py:4180} INFO - Setting next_dagrun for example_python_operator to None, run_after=None
[2025-02-17T22:32:34.933-0600] {processor.py:208} INFO - Processing /home/dataScience/Projects/Pipeline/venv/lib/python3.10/site-packages/airflow/example_dags/example_python_operator.py took 0.439 seconds
[2025-02-17T22:33:53.313-0600] {processor.py:186} INFO - Started process (PID=21172) to work on /home/dataScience/Projects/Pipeline/venv/lib/python3.10/site-packages/airflow/example_dags/example_python_operator.py
[2025-02-17T22:33:53.315-0600] {processor.py:914} INFO - Processing file /home/dataScience/Projects/Pipeline/venv/lib/python3.10/site-packages/airflow/example_dags/example_python_operator.py for tasks to queue
[2025-02-17T22:33:53.319-0600] {logging_mixin.py:190} INFO - [2025-02-17T22:33:53.318-0600] {dagbag.py:588} INFO - Filling up the DagBag from /home/dataScience/Projects/Pipeline/venv/lib/python3.10/site-packages/airflow/example_dags/example_python_operator.py
[2025-02-17T22:33:53.335-0600] {processor.py:925} INFO - DAG(s) 'example_python_operator' retrieved from /home/dataScience/Projects/Pipeline/venv/lib/python3.10/site-packages/airflow/example_dags/example_python_operator.py
[2025-02-17T22:33:53.362-0600] {logging_mixin.py:190} INFO - [2025-02-17T22:33:53.362-0600] {dag.py:3239} INFO - Sync 1 DAGs
[2025-02-17T22:33:53.381-0600] {logging_mixin.py:190} INFO - [2025-02-17T22:33:53.381-0600] {dag.py:4180} INFO - Setting next_dagrun for example_python_operator to None, run_after=None
[2025-02-17T22:33:53.413-0600] {processor.py:208} INFO - Processing /home/dataScience/Projects/Pipeline/venv/lib/python3.10/site-packages/airflow/example_dags/example_python_operator.py took 0.107 seconds
[2025-02-17T22:34:53.082-0600] {processor.py:186} INFO - Started process (PID=21801) to work on /home/dataScience/Projects/Pipeline/venv/lib/python3.10/site-packages/airflow/example_dags/example_python_operator.py
[2025-02-17T22:34:53.083-0600] {processor.py:914} INFO - Processing file /home/dataScience/Projects/Pipeline/venv/lib/python3.10/site-packages/airflow/example_dags/example_python_operator.py for tasks to queue
[2025-02-17T22:34:53.086-0600] {logging_mixin.py:190} INFO - [2025-02-17T22:34:53.085-0600] {dagbag.py:588} INFO - Filling up the DagBag from /home/dataScience/Projects/Pipeline/venv/lib/python3.10/site-packages/airflow/example_dags/example_python_operator.py
[2025-02-17T22:34:53.102-0600] {processor.py:925} INFO - DAG(s) 'example_python_operator' retrieved from /home/dataScience/Projects/Pipeline/venv/lib/python3.10/site-packages/airflow/example_dags/example_python_operator.py
[2025-02-17T22:34:53.124-0600] {logging_mixin.py:190} INFO - [2025-02-17T22:34:53.124-0600] {dag.py:3239} INFO - Sync 1 DAGs
[2025-02-17T22:34:53.138-0600] {logging_mixin.py:190} INFO - [2025-02-17T22:34:53.138-0600] {dag.py:4180} INFO - Setting next_dagrun for example_python_operator to None, run_after=None
[2025-02-17T22:34:53.168-0600] {processor.py:208} INFO - Processing /home/dataScience/Projects/Pipeline/venv/lib/python3.10/site-packages/airflow/example_dags/example_python_operator.py took 0.094 seconds
[2025-02-17T22:35:56.597-0600] {processor.py:186} INFO - Started process (PID=22453) to work on /home/dataScience/Projects/Pipeline/venv/lib/python3.10/site-packages/airflow/example_dags/example_python_operator.py
[2025-02-17T22:35:56.600-0600] {processor.py:914} INFO - Processing file /home/dataScience/Projects/Pipeline/venv/lib/python3.10/site-packages/airflow/example_dags/example_python_operator.py for tasks to queue
[2025-02-17T22:35:56.603-0600] {logging_mixin.py:190} INFO - [2025-02-17T22:35:56.603-0600] {dagbag.py:588} INFO - Filling up the DagBag from /home/dataScience/Projects/Pipeline/venv/lib/python3.10/site-packages/airflow/example_dags/example_python_operator.py
[2025-02-17T22:35:56.627-0600] {processor.py:925} INFO - DAG(s) 'example_python_operator' retrieved from /home/dataScience/Projects/Pipeline/venv/lib/python3.10/site-packages/airflow/example_dags/example_python_operator.py
[2025-02-17T22:35:56.653-0600] {logging_mixin.py:190} INFO - [2025-02-17T22:35:56.653-0600] {dag.py:3239} INFO - Sync 1 DAGs
[2025-02-17T22:35:56.672-0600] {logging_mixin.py:190} INFO - [2025-02-17T22:35:56.672-0600] {dag.py:4180} INFO - Setting next_dagrun for example_python_operator to None, run_after=None
[2025-02-17T22:35:56.708-0600] {processor.py:208} INFO - Processing /home/dataScience/Projects/Pipeline/venv/lib/python3.10/site-packages/airflow/example_dags/example_python_operator.py took 0.120 seconds
[2025-02-17T22:36:58.859-0600] {processor.py:186} INFO - Started process (PID=23029) to work on /home/dataScience/Projects/Pipeline/venv/lib/python3.10/site-packages/airflow/example_dags/example_python_operator.py
[2025-02-17T22:36:58.861-0600] {processor.py:914} INFO - Processing file /home/dataScience/Projects/Pipeline/venv/lib/python3.10/site-packages/airflow/example_dags/example_python_operator.py for tasks to queue
[2025-02-17T22:36:58.865-0600] {logging_mixin.py:190} INFO - [2025-02-17T22:36:58.864-0600] {dagbag.py:588} INFO - Filling up the DagBag from /home/dataScience/Projects/Pipeline/venv/lib/python3.10/site-packages/airflow/example_dags/example_python_operator.py
[2025-02-17T22:36:58.882-0600] {processor.py:925} INFO - DAG(s) 'example_python_operator' retrieved from /home/dataScience/Projects/Pipeline/venv/lib/python3.10/site-packages/airflow/example_dags/example_python_operator.py
[2025-02-17T22:36:58.903-0600] {logging_mixin.py:190} INFO - [2025-02-17T22:36:58.903-0600] {dag.py:3239} INFO - Sync 1 DAGs
[2025-02-17T22:36:58.918-0600] {logging_mixin.py:190} INFO - [2025-02-17T22:36:58.918-0600] {dag.py:4180} INFO - Setting next_dagrun for example_python_operator to None, run_after=None
[2025-02-17T22:36:58.951-0600] {processor.py:208} INFO - Processing /home/dataScience/Projects/Pipeline/venv/lib/python3.10/site-packages/airflow/example_dags/example_python_operator.py took 0.101 seconds
[2025-02-17T22:37:55.899-0600] {processor.py:186} INFO - Started process (PID=23512) to work on /home/dataScience/Projects/Pipeline/venv/lib/python3.10/site-packages/airflow/example_dags/example_python_operator.py
[2025-02-17T22:37:55.902-0600] {processor.py:914} INFO - Processing file /home/dataScience/Projects/Pipeline/venv/lib/python3.10/site-packages/airflow/example_dags/example_python_operator.py for tasks to queue
[2025-02-17T22:37:55.904-0600] {logging_mixin.py:190} INFO - [2025-02-17T22:37:55.904-0600] {dagbag.py:588} INFO - Filling up the DagBag from /home/dataScience/Projects/Pipeline/venv/lib/python3.10/site-packages/airflow/example_dags/example_python_operator.py
[2025-02-17T22:37:55.919-0600] {processor.py:925} INFO - DAG(s) 'example_python_operator' retrieved from /home/dataScience/Projects/Pipeline/venv/lib/python3.10/site-packages/airflow/example_dags/example_python_operator.py
[2025-02-17T22:37:55.939-0600] {logging_mixin.py:190} INFO - [2025-02-17T22:37:55.939-0600] {dag.py:3239} INFO - Sync 1 DAGs
[2025-02-17T22:37:55.955-0600] {logging_mixin.py:190} INFO - [2025-02-17T22:37:55.955-0600] {dag.py:4180} INFO - Setting next_dagrun for example_python_operator to None, run_after=None
[2025-02-17T22:37:55.986-0600] {processor.py:208} INFO - Processing /home/dataScience/Projects/Pipeline/venv/lib/python3.10/site-packages/airflow/example_dags/example_python_operator.py took 0.093 seconds
[2025-02-17T22:38:55.459-0600] {processor.py:186} INFO - Started process (PID=24010) to work on /home/dataScience/Projects/Pipeline/venv/lib/python3.10/site-packages/airflow/example_dags/example_python_operator.py
[2025-02-17T22:38:55.464-0600] {processor.py:914} INFO - Processing file /home/dataScience/Projects/Pipeline/venv/lib/python3.10/site-packages/airflow/example_dags/example_python_operator.py for tasks to queue
[2025-02-17T22:38:55.467-0600] {logging_mixin.py:190} INFO - [2025-02-17T22:38:55.467-0600] {dagbag.py:588} INFO - Filling up the DagBag from /home/dataScience/Projects/Pipeline/venv/lib/python3.10/site-packages/airflow/example_dags/example_python_operator.py
[2025-02-17T22:38:55.495-0600] {processor.py:925} INFO - DAG(s) 'example_python_operator' retrieved from /home/dataScience/Projects/Pipeline/venv/lib/python3.10/site-packages/airflow/example_dags/example_python_operator.py
[2025-02-17T22:38:55.526-0600] {logging_mixin.py:190} INFO - [2025-02-17T22:38:55.525-0600] {dag.py:3239} INFO - Sync 1 DAGs
[2025-02-17T22:38:55.552-0600] {logging_mixin.py:190} INFO - [2025-02-17T22:38:55.551-0600] {dag.py:4180} INFO - Setting next_dagrun for example_python_operator to None, run_after=None
[2025-02-17T22:38:55.601-0600] {processor.py:208} INFO - Processing /home/dataScience/Projects/Pipeline/venv/lib/python3.10/site-packages/airflow/example_dags/example_python_operator.py took 0.152 seconds
[2025-02-17T22:39:56.925-0600] {processor.py:186} INFO - Started process (PID=24522) to work on /home/dataScience/Projects/Pipeline/venv/lib/python3.10/site-packages/airflow/example_dags/example_python_operator.py
[2025-02-17T22:39:56.928-0600] {processor.py:914} INFO - Processing file /home/dataScience/Projects/Pipeline/venv/lib/python3.10/site-packages/airflow/example_dags/example_python_operator.py for tasks to queue
[2025-02-17T22:39:56.931-0600] {logging_mixin.py:190} INFO - [2025-02-17T22:39:56.931-0600] {dagbag.py:588} INFO - Filling up the DagBag from /home/dataScience/Projects/Pipeline/venv/lib/python3.10/site-packages/airflow/example_dags/example_python_operator.py
[2025-02-17T22:39:56.951-0600] {processor.py:925} INFO - DAG(s) 'example_python_operator' retrieved from /home/dataScience/Projects/Pipeline/venv/lib/python3.10/site-packages/airflow/example_dags/example_python_operator.py
[2025-02-17T22:39:56.977-0600] {logging_mixin.py:190} INFO - [2025-02-17T22:39:56.976-0600] {dag.py:3239} INFO - Sync 1 DAGs
[2025-02-17T22:39:56.993-0600] {logging_mixin.py:190} INFO - [2025-02-17T22:39:56.993-0600] {dag.py:4180} INFO - Setting next_dagrun for example_python_operator to None, run_after=None
[2025-02-17T22:39:57.024-0600] {processor.py:208} INFO - Processing /home/dataScience/Projects/Pipeline/venv/lib/python3.10/site-packages/airflow/example_dags/example_python_operator.py took 0.108 seconds
[2025-02-17T22:40:58.296-0600] {processor.py:186} INFO - Started process (PID=25029) to work on /home/dataScience/Projects/Pipeline/venv/lib/python3.10/site-packages/airflow/example_dags/example_python_operator.py
[2025-02-17T22:40:58.297-0600] {processor.py:914} INFO - Processing file /home/dataScience/Projects/Pipeline/venv/lib/python3.10/site-packages/airflow/example_dags/example_python_operator.py for tasks to queue
[2025-02-17T22:40:58.300-0600] {logging_mixin.py:190} INFO - [2025-02-17T22:40:58.299-0600] {dagbag.py:588} INFO - Filling up the DagBag from /home/dataScience/Projects/Pipeline/venv/lib/python3.10/site-packages/airflow/example_dags/example_python_operator.py
[2025-02-17T22:40:58.315-0600] {processor.py:925} INFO - DAG(s) 'example_python_operator' retrieved from /home/dataScience/Projects/Pipeline/venv/lib/python3.10/site-packages/airflow/example_dags/example_python_operator.py
[2025-02-17T22:40:58.336-0600] {logging_mixin.py:190} INFO - [2025-02-17T22:40:58.336-0600] {dag.py:3239} INFO - Sync 1 DAGs
[2025-02-17T22:40:58.350-0600] {logging_mixin.py:190} INFO - [2025-02-17T22:40:58.350-0600] {dag.py:4180} INFO - Setting next_dagrun for example_python_operator to None, run_after=None
[2025-02-17T22:40:58.379-0600] {processor.py:208} INFO - Processing /home/dataScience/Projects/Pipeline/venv/lib/python3.10/site-packages/airflow/example_dags/example_python_operator.py took 0.092 seconds
