[2025-02-17T22:32:32.946-0600] {processor.py:186} INFO - Started process (PID=20379) to work on /home/dataScience/Projects/Pipeline/venv/lib/python3.10/site-packages/airflow/example_dags/example_branch_python_dop_operator_3.py
[2025-02-17T22:32:32.947-0600] {processor.py:914} INFO - Processing file /home/dataScience/Projects/Pipeline/venv/lib/python3.10/site-packages/airflow/example_dags/example_branch_python_dop_operator_3.py for tasks to queue
[2025-02-17T22:32:32.950-0600] {logging_mixin.py:190} INFO - [2025-02-17T22:32:32.950-0600] {dagbag.py:588} INFO - Filling up the DagBag from /home/dataScience/Projects/Pipeline/venv/lib/python3.10/site-packages/airflow/example_dags/example_branch_python_dop_operator_3.py
[2025-02-17T22:32:32.964-0600] {processor.py:925} INFO - DAG(s) 'example_branch_dop_operator_v3' retrieved from /home/dataScience/Projects/Pipeline/venv/lib/python3.10/site-packages/airflow/example_dags/example_branch_python_dop_operator_3.py
[2025-02-17T22:32:33.223-0600] {logging_mixin.py:190} INFO - [2025-02-17T22:32:33.222-0600] {override.py:1930} INFO - Created Permission View: can delete on DAG:example_branch_dop_operator_v3
[2025-02-17T22:32:33.242-0600] {logging_mixin.py:190} INFO - [2025-02-17T22:32:33.241-0600] {override.py:1930} INFO - Created Permission View: can edit on DAG:example_branch_dop_operator_v3
[2025-02-17T22:32:33.255-0600] {logging_mixin.py:190} INFO - [2025-02-17T22:32:33.255-0600] {override.py:1930} INFO - Created Permission View: can read on DAG:example_branch_dop_operator_v3
[2025-02-17T22:32:33.277-0600] {logging_mixin.py:190} INFO - [2025-02-17T22:32:33.277-0600] {override.py:1930} INFO - Created Permission View: can create on DAG Run:example_branch_dop_operator_v3
[2025-02-17T22:32:33.292-0600] {logging_mixin.py:190} INFO - [2025-02-17T22:32:33.291-0600] {override.py:1930} INFO - Created Permission View: can delete on DAG Run:example_branch_dop_operator_v3
[2025-02-17T22:32:33.306-0600] {logging_mixin.py:190} INFO - [2025-02-17T22:32:33.305-0600] {override.py:1930} INFO - Created Permission View: menu access on DAG Run:example_branch_dop_operator_v3
[2025-02-17T22:32:33.320-0600] {logging_mixin.py:190} INFO - [2025-02-17T22:32:33.318-0600] {override.py:1930} INFO - Created Permission View: can read on DAG Run:example_branch_dop_operator_v3
[2025-02-17T22:32:33.321-0600] {logging_mixin.py:190} INFO - [2025-02-17T22:32:33.320-0600] {dag.py:3239} INFO - Sync 1 DAGs
[2025-02-17T22:32:33.339-0600] {logging_mixin.py:190} INFO - [2025-02-17T22:32:33.339-0600] {dag.py:3262} INFO - Creating ORM DAG for example_branch_dop_operator_v3
[2025-02-17T22:32:33.356-0600] {logging_mixin.py:190} INFO - [2025-02-17T22:32:33.356-0600] {dag.py:4180} INFO - Setting next_dagrun for example_branch_dop_operator_v3 to 2025-02-18 04:31:00+00:00, run_after=2025-02-18 04:32:00+00:00
[2025-02-17T22:32:33.387-0600] {processor.py:208} INFO - Processing /home/dataScience/Projects/Pipeline/venv/lib/python3.10/site-packages/airflow/example_dags/example_branch_python_dop_operator_3.py took 0.448 seconds
[2025-02-17T22:33:52.033-0600] {processor.py:186} INFO - Started process (PID=21160) to work on /home/dataScience/Projects/Pipeline/venv/lib/python3.10/site-packages/airflow/example_dags/example_branch_python_dop_operator_3.py
[2025-02-17T22:33:52.037-0600] {processor.py:914} INFO - Processing file /home/dataScience/Projects/Pipeline/venv/lib/python3.10/site-packages/airflow/example_dags/example_branch_python_dop_operator_3.py for tasks to queue
[2025-02-17T22:33:52.041-0600] {logging_mixin.py:190} INFO - [2025-02-17T22:33:52.040-0600] {dagbag.py:588} INFO - Filling up the DagBag from /home/dataScience/Projects/Pipeline/venv/lib/python3.10/site-packages/airflow/example_dags/example_branch_python_dop_operator_3.py
[2025-02-17T22:33:52.057-0600] {processor.py:925} INFO - DAG(s) 'example_branch_dop_operator_v3' retrieved from /home/dataScience/Projects/Pipeline/venv/lib/python3.10/site-packages/airflow/example_dags/example_branch_python_dop_operator_3.py
[2025-02-17T22:33:52.079-0600] {logging_mixin.py:190} INFO - [2025-02-17T22:33:52.079-0600] {dag.py:3239} INFO - Sync 1 DAGs
[2025-02-17T22:33:52.116-0600] {logging_mixin.py:190} INFO - [2025-02-17T22:33:52.116-0600] {dag.py:4180} INFO - Setting next_dagrun for example_branch_dop_operator_v3 to 2025-02-18 04:32:00+00:00, run_after=2025-02-18 04:33:00+00:00
[2025-02-17T22:33:52.159-0600] {processor.py:208} INFO - Processing /home/dataScience/Projects/Pipeline/venv/lib/python3.10/site-packages/airflow/example_dags/example_branch_python_dop_operator_3.py took 0.135 seconds
[2025-02-17T22:34:52.007-0600] {processor.py:186} INFO - Started process (PID=21796) to work on /home/dataScience/Projects/Pipeline/venv/lib/python3.10/site-packages/airflow/example_dags/example_branch_python_dop_operator_3.py
[2025-02-17T22:34:52.009-0600] {processor.py:914} INFO - Processing file /home/dataScience/Projects/Pipeline/venv/lib/python3.10/site-packages/airflow/example_dags/example_branch_python_dop_operator_3.py for tasks to queue
[2025-02-17T22:34:52.011-0600] {logging_mixin.py:190} INFO - [2025-02-17T22:34:52.011-0600] {dagbag.py:588} INFO - Filling up the DagBag from /home/dataScience/Projects/Pipeline/venv/lib/python3.10/site-packages/airflow/example_dags/example_branch_python_dop_operator_3.py
[2025-02-17T22:34:52.027-0600] {processor.py:925} INFO - DAG(s) 'example_branch_dop_operator_v3' retrieved from /home/dataScience/Projects/Pipeline/venv/lib/python3.10/site-packages/airflow/example_dags/example_branch_python_dop_operator_3.py
[2025-02-17T22:34:52.045-0600] {logging_mixin.py:190} INFO - [2025-02-17T22:34:52.045-0600] {dag.py:3239} INFO - Sync 1 DAGs
[2025-02-17T22:34:52.078-0600] {logging_mixin.py:190} INFO - [2025-02-17T22:34:52.077-0600] {dag.py:4180} INFO - Setting next_dagrun for example_branch_dop_operator_v3 to 2025-02-18 04:33:00+00:00, run_after=2025-02-18 04:34:00+00:00
[2025-02-17T22:34:52.111-0600] {processor.py:208} INFO - Processing /home/dataScience/Projects/Pipeline/venv/lib/python3.10/site-packages/airflow/example_dags/example_branch_python_dop_operator_3.py took 0.112 seconds
[2025-02-17T22:35:55.807-0600] {processor.py:186} INFO - Started process (PID=22449) to work on /home/dataScience/Projects/Pipeline/venv/lib/python3.10/site-packages/airflow/example_dags/example_branch_python_dop_operator_3.py
[2025-02-17T22:35:55.809-0600] {processor.py:914} INFO - Processing file /home/dataScience/Projects/Pipeline/venv/lib/python3.10/site-packages/airflow/example_dags/example_branch_python_dop_operator_3.py for tasks to queue
[2025-02-17T22:35:55.811-0600] {logging_mixin.py:190} INFO - [2025-02-17T22:35:55.811-0600] {dagbag.py:588} INFO - Filling up the DagBag from /home/dataScience/Projects/Pipeline/venv/lib/python3.10/site-packages/airflow/example_dags/example_branch_python_dop_operator_3.py
[2025-02-17T22:35:55.825-0600] {processor.py:925} INFO - DAG(s) 'example_branch_dop_operator_v3' retrieved from /home/dataScience/Projects/Pipeline/venv/lib/python3.10/site-packages/airflow/example_dags/example_branch_python_dop_operator_3.py
[2025-02-17T22:35:55.847-0600] {logging_mixin.py:190} INFO - [2025-02-17T22:35:55.847-0600] {dag.py:3239} INFO - Sync 1 DAGs
[2025-02-17T22:35:55.876-0600] {logging_mixin.py:190} INFO - [2025-02-17T22:35:55.875-0600] {dag.py:4180} INFO - Setting next_dagrun for example_branch_dop_operator_v3 to 2025-02-18 04:34:00+00:00, run_after=2025-02-18 04:35:00+00:00
[2025-02-17T22:35:55.905-0600] {processor.py:208} INFO - Processing /home/dataScience/Projects/Pipeline/venv/lib/python3.10/site-packages/airflow/example_dags/example_branch_python_dop_operator_3.py took 0.104 seconds
[2025-02-17T22:36:58.297-0600] {processor.py:186} INFO - Started process (PID=23026) to work on /home/dataScience/Projects/Pipeline/venv/lib/python3.10/site-packages/airflow/example_dags/example_branch_python_dop_operator_3.py
[2025-02-17T22:36:58.299-0600] {processor.py:914} INFO - Processing file /home/dataScience/Projects/Pipeline/venv/lib/python3.10/site-packages/airflow/example_dags/example_branch_python_dop_operator_3.py for tasks to queue
[2025-02-17T22:36:58.301-0600] {logging_mixin.py:190} INFO - [2025-02-17T22:36:58.301-0600] {dagbag.py:588} INFO - Filling up the DagBag from /home/dataScience/Projects/Pipeline/venv/lib/python3.10/site-packages/airflow/example_dags/example_branch_python_dop_operator_3.py
[2025-02-17T22:36:58.314-0600] {processor.py:925} INFO - DAG(s) 'example_branch_dop_operator_v3' retrieved from /home/dataScience/Projects/Pipeline/venv/lib/python3.10/site-packages/airflow/example_dags/example_branch_python_dop_operator_3.py
[2025-02-17T22:36:58.332-0600] {logging_mixin.py:190} INFO - [2025-02-17T22:36:58.331-0600] {dag.py:3239} INFO - Sync 1 DAGs
[2025-02-17T22:36:58.364-0600] {logging_mixin.py:190} INFO - [2025-02-17T22:36:58.364-0600] {dag.py:4180} INFO - Setting next_dagrun for example_branch_dop_operator_v3 to 2025-02-18 04:35:00+00:00, run_after=2025-02-18 04:36:00+00:00
[2025-02-17T22:36:58.393-0600] {processor.py:208} INFO - Processing /home/dataScience/Projects/Pipeline/venv/lib/python3.10/site-packages/airflow/example_dags/example_branch_python_dop_operator_3.py took 0.104 seconds
[2025-02-17T22:37:54.650-0600] {processor.py:186} INFO - Started process (PID=23506) to work on /home/dataScience/Projects/Pipeline/venv/lib/python3.10/site-packages/airflow/example_dags/example_branch_python_dop_operator_3.py
[2025-02-17T22:37:54.653-0600] {processor.py:914} INFO - Processing file /home/dataScience/Projects/Pipeline/venv/lib/python3.10/site-packages/airflow/example_dags/example_branch_python_dop_operator_3.py for tasks to queue
[2025-02-17T22:37:54.655-0600] {logging_mixin.py:190} INFO - [2025-02-17T22:37:54.655-0600] {dagbag.py:588} INFO - Filling up the DagBag from /home/dataScience/Projects/Pipeline/venv/lib/python3.10/site-packages/airflow/example_dags/example_branch_python_dop_operator_3.py
[2025-02-17T22:37:54.670-0600] {processor.py:925} INFO - DAG(s) 'example_branch_dop_operator_v3' retrieved from /home/dataScience/Projects/Pipeline/venv/lib/python3.10/site-packages/airflow/example_dags/example_branch_python_dop_operator_3.py
[2025-02-17T22:37:54.688-0600] {logging_mixin.py:190} INFO - [2025-02-17T22:37:54.688-0600] {dag.py:3239} INFO - Sync 1 DAGs
[2025-02-17T22:37:54.721-0600] {logging_mixin.py:190} INFO - [2025-02-17T22:37:54.720-0600] {dag.py:4180} INFO - Setting next_dagrun for example_branch_dop_operator_v3 to 2025-02-18 04:36:00+00:00, run_after=2025-02-18 04:37:00+00:00
[2025-02-17T22:37:54.757-0600] {processor.py:208} INFO - Processing /home/dataScience/Projects/Pipeline/venv/lib/python3.10/site-packages/airflow/example_dags/example_branch_python_dop_operator_3.py took 0.116 seconds
[2025-02-17T22:38:54.039-0600] {processor.py:186} INFO - Started process (PID=24003) to work on /home/dataScience/Projects/Pipeline/venv/lib/python3.10/site-packages/airflow/example_dags/example_branch_python_dop_operator_3.py
[2025-02-17T22:38:54.042-0600] {processor.py:914} INFO - Processing file /home/dataScience/Projects/Pipeline/venv/lib/python3.10/site-packages/airflow/example_dags/example_branch_python_dop_operator_3.py for tasks to queue
[2025-02-17T22:38:54.046-0600] {logging_mixin.py:190} INFO - [2025-02-17T22:38:54.045-0600] {dagbag.py:588} INFO - Filling up the DagBag from /home/dataScience/Projects/Pipeline/venv/lib/python3.10/site-packages/airflow/example_dags/example_branch_python_dop_operator_3.py
[2025-02-17T22:38:54.076-0600] {processor.py:925} INFO - DAG(s) 'example_branch_dop_operator_v3' retrieved from /home/dataScience/Projects/Pipeline/venv/lib/python3.10/site-packages/airflow/example_dags/example_branch_python_dop_operator_3.py
[2025-02-17T22:38:54.113-0600] {logging_mixin.py:190} INFO - [2025-02-17T22:38:54.113-0600] {dag.py:3239} INFO - Sync 1 DAGs
[2025-02-17T22:38:54.159-0600] {logging_mixin.py:190} INFO - [2025-02-17T22:38:54.159-0600] {dag.py:4180} INFO - Setting next_dagrun for example_branch_dop_operator_v3 to 2025-02-18 04:37:00+00:00, run_after=2025-02-18 04:38:00+00:00
[2025-02-17T22:38:54.229-0600] {processor.py:208} INFO - Processing /home/dataScience/Projects/Pipeline/venv/lib/python3.10/site-packages/airflow/example_dags/example_branch_python_dop_operator_3.py took 0.202 seconds
[2025-02-17T22:39:56.606-0600] {processor.py:186} INFO - Started process (PID=24514) to work on /home/dataScience/Projects/Pipeline/venv/lib/python3.10/site-packages/airflow/example_dags/example_branch_python_dop_operator_3.py
[2025-02-17T22:39:56.608-0600] {processor.py:914} INFO - Processing file /home/dataScience/Projects/Pipeline/venv/lib/python3.10/site-packages/airflow/example_dags/example_branch_python_dop_operator_3.py for tasks to queue
[2025-02-17T22:39:56.611-0600] {logging_mixin.py:190} INFO - [2025-02-17T22:39:56.610-0600] {dagbag.py:588} INFO - Filling up the DagBag from /home/dataScience/Projects/Pipeline/venv/lib/python3.10/site-packages/airflow/example_dags/example_branch_python_dop_operator_3.py
[2025-02-17T22:39:56.624-0600] {processor.py:925} INFO - DAG(s) 'example_branch_dop_operator_v3' retrieved from /home/dataScience/Projects/Pipeline/venv/lib/python3.10/site-packages/airflow/example_dags/example_branch_python_dop_operator_3.py
[2025-02-17T22:39:56.641-0600] {logging_mixin.py:190} INFO - [2025-02-17T22:39:56.641-0600] {dag.py:3239} INFO - Sync 1 DAGs
[2025-02-17T22:39:56.669-0600] {logging_mixin.py:190} INFO - [2025-02-17T22:39:56.669-0600] {dag.py:4180} INFO - Setting next_dagrun for example_branch_dop_operator_v3 to 2025-02-18 04:38:00+00:00, run_after=2025-02-18 04:39:00+00:00
[2025-02-17T22:39:56.705-0600] {processor.py:208} INFO - Processing /home/dataScience/Projects/Pipeline/venv/lib/python3.10/site-packages/airflow/example_dags/example_branch_python_dop_operator_3.py took 0.106 seconds
[2025-02-17T22:40:57.132-0600] {processor.py:186} INFO - Started process (PID=25023) to work on /home/dataScience/Projects/Pipeline/venv/lib/python3.10/site-packages/airflow/example_dags/example_branch_python_dop_operator_3.py
[2025-02-17T22:40:57.133-0600] {processor.py:914} INFO - Processing file /home/dataScience/Projects/Pipeline/venv/lib/python3.10/site-packages/airflow/example_dags/example_branch_python_dop_operator_3.py for tasks to queue
[2025-02-17T22:40:57.136-0600] {logging_mixin.py:190} INFO - [2025-02-17T22:40:57.135-0600] {dagbag.py:588} INFO - Filling up the DagBag from /home/dataScience/Projects/Pipeline/venv/lib/python3.10/site-packages/airflow/example_dags/example_branch_python_dop_operator_3.py
[2025-02-17T22:40:57.148-0600] {processor.py:925} INFO - DAG(s) 'example_branch_dop_operator_v3' retrieved from /home/dataScience/Projects/Pipeline/venv/lib/python3.10/site-packages/airflow/example_dags/example_branch_python_dop_operator_3.py
[2025-02-17T22:40:57.166-0600] {logging_mixin.py:190} INFO - [2025-02-17T22:40:57.166-0600] {dag.py:3239} INFO - Sync 1 DAGs
[2025-02-17T22:40:57.194-0600] {logging_mixin.py:190} INFO - [2025-02-17T22:40:57.193-0600] {dag.py:4180} INFO - Setting next_dagrun for example_branch_dop_operator_v3 to 2025-02-18 04:39:00+00:00, run_after=2025-02-18 04:40:00+00:00
[2025-02-17T22:40:57.222-0600] {processor.py:208} INFO - Processing /home/dataScience/Projects/Pipeline/venv/lib/python3.10/site-packages/airflow/example_dags/example_branch_python_dop_operator_3.py took 0.097 seconds
