[2025-02-17T22:32:10.566-0600] {processor.py:186} INFO - Started process (PID=20035) to work on /home/dataScience/Projects/Pipeline/venv/lib/python3.10/site-packages/airflow/example_dags/example_inlet_event_extra.py
[2025-02-17T22:32:10.567-0600] {processor.py:914} INFO - Processing file /home/dataScience/Projects/Pipeline/venv/lib/python3.10/site-packages/airflow/example_dags/example_inlet_event_extra.py for tasks to queue
[2025-02-17T22:32:10.569-0600] {logging_mixin.py:190} INFO - [2025-02-17T22:32:10.569-0600] {dagbag.py:588} INFO - Filling up the DagBag from /home/dataScience/Projects/Pipeline/venv/lib/python3.10/site-packages/airflow/example_dags/example_inlet_event_extra.py
[2025-02-17T22:32:10.586-0600] {processor.py:925} INFO - DAG(s) 'read_dataset_event', 'read_dataset_event_from_classic' retrieved from /home/dataScience/Projects/Pipeline/venv/lib/python3.10/site-packages/airflow/example_dags/example_inlet_event_extra.py
[2025-02-17T22:32:11.006-0600] {logging_mixin.py:190} INFO - [2025-02-17T22:32:11.004-0600] {override.py:1930} INFO - Created Permission View: can delete on DAG:read_dataset_event
[2025-02-17T22:32:11.029-0600] {logging_mixin.py:190} INFO - [2025-02-17T22:32:11.029-0600] {override.py:1930} INFO - Created Permission View: can edit on DAG:read_dataset_event
[2025-02-17T22:32:11.044-0600] {logging_mixin.py:190} INFO - [2025-02-17T22:32:11.043-0600] {override.py:1930} INFO - Created Permission View: can read on DAG:read_dataset_event
[2025-02-17T22:32:11.077-0600] {logging_mixin.py:190} INFO - [2025-02-17T22:32:11.076-0600] {override.py:1930} INFO - Created Permission View: can create on DAG Run:read_dataset_event
[2025-02-17T22:32:11.101-0600] {logging_mixin.py:190} INFO - [2025-02-17T22:32:11.100-0600] {override.py:1930} INFO - Created Permission View: can delete on DAG Run:read_dataset_event
[2025-02-17T22:32:11.118-0600] {logging_mixin.py:190} INFO - [2025-02-17T22:32:11.118-0600] {override.py:1930} INFO - Created Permission View: menu access on DAG Run:read_dataset_event
[2025-02-17T22:32:11.134-0600] {logging_mixin.py:190} INFO - [2025-02-17T22:32:11.133-0600] {override.py:1930} INFO - Created Permission View: can read on DAG Run:read_dataset_event
[2025-02-17T22:32:11.163-0600] {logging_mixin.py:190} INFO - [2025-02-17T22:32:11.162-0600] {override.py:1930} INFO - Created Permission View: can delete on DAG:read_dataset_event_from_classic
[2025-02-17T22:32:11.176-0600] {logging_mixin.py:190} INFO - [2025-02-17T22:32:11.176-0600] {override.py:1930} INFO - Created Permission View: can edit on DAG:read_dataset_event_from_classic
[2025-02-17T22:32:11.194-0600] {logging_mixin.py:190} INFO - [2025-02-17T22:32:11.193-0600] {override.py:1930} INFO - Created Permission View: can read on DAG:read_dataset_event_from_classic
[2025-02-17T22:32:11.223-0600] {logging_mixin.py:190} INFO - [2025-02-17T22:32:11.222-0600] {override.py:1930} INFO - Created Permission View: can create on DAG Run:read_dataset_event_from_classic
[2025-02-17T22:32:11.237-0600] {logging_mixin.py:190} INFO - [2025-02-17T22:32:11.237-0600] {override.py:1930} INFO - Created Permission View: can delete on DAG Run:read_dataset_event_from_classic
[2025-02-17T22:32:11.252-0600] {logging_mixin.py:190} INFO - [2025-02-17T22:32:11.252-0600] {override.py:1930} INFO - Created Permission View: menu access on DAG Run:read_dataset_event_from_classic
[2025-02-17T22:32:11.269-0600] {logging_mixin.py:190} INFO - [2025-02-17T22:32:11.268-0600] {override.py:1930} INFO - Created Permission View: can read on DAG Run:read_dataset_event_from_classic
[2025-02-17T22:32:11.269-0600] {logging_mixin.py:190} INFO - [2025-02-17T22:32:11.269-0600] {dag.py:3239} INFO - Sync 2 DAGs
[2025-02-17T22:32:11.285-0600] {logging_mixin.py:190} INFO - [2025-02-17T22:32:11.285-0600] {dag.py:3262} INFO - Creating ORM DAG for read_dataset_event_from_classic
[2025-02-17T22:32:11.286-0600] {logging_mixin.py:190} INFO - [2025-02-17T22:32:11.285-0600] {dag.py:3262} INFO - Creating ORM DAG for read_dataset_event
[2025-02-17T22:32:11.300-0600] {logging_mixin.py:190} INFO - [2025-02-17T22:32:11.300-0600] {dag.py:4180} INFO - Setting next_dagrun for read_dataset_event to 2025-02-17 00:00:00+00:00, run_after=2025-02-18 00:00:00+00:00
[2025-02-17T22:32:11.305-0600] {logging_mixin.py:190} INFO - [2025-02-17T22:32:11.304-0600] {dag.py:4180} INFO - Setting next_dagrun for read_dataset_event_from_classic to 2025-02-17 00:00:00+00:00, run_after=2025-02-18 00:00:00+00:00
[2025-02-17T22:32:11.339-0600] {processor.py:208} INFO - Processing /home/dataScience/Projects/Pipeline/venv/lib/python3.10/site-packages/airflow/example_dags/example_inlet_event_extra.py took 0.780 seconds
[2025-02-17T22:33:23.760-0600] {processor.py:186} INFO - Started process (PID=20889) to work on /home/dataScience/Projects/Pipeline/venv/lib/python3.10/site-packages/airflow/example_dags/example_inlet_event_extra.py
[2025-02-17T22:33:23.761-0600] {processor.py:914} INFO - Processing file /home/dataScience/Projects/Pipeline/venv/lib/python3.10/site-packages/airflow/example_dags/example_inlet_event_extra.py for tasks to queue
[2025-02-17T22:33:23.764-0600] {logging_mixin.py:190} INFO - [2025-02-17T22:33:23.764-0600] {dagbag.py:588} INFO - Filling up the DagBag from /home/dataScience/Projects/Pipeline/venv/lib/python3.10/site-packages/airflow/example_dags/example_inlet_event_extra.py
[2025-02-17T22:33:23.780-0600] {processor.py:925} INFO - DAG(s) 'read_dataset_event', 'read_dataset_event_from_classic' retrieved from /home/dataScience/Projects/Pipeline/venv/lib/python3.10/site-packages/airflow/example_dags/example_inlet_event_extra.py
[2025-02-17T22:33:23.803-0600] {logging_mixin.py:190} INFO - [2025-02-17T22:33:23.803-0600] {dag.py:3239} INFO - Sync 2 DAGs
[2025-02-17T22:33:23.841-0600] {logging_mixin.py:190} INFO - [2025-02-17T22:33:23.841-0600] {dag.py:4180} INFO - Setting next_dagrun for read_dataset_event to 2025-02-17 00:00:00+00:00, run_after=2025-02-18 00:00:00+00:00
[2025-02-17T22:33:23.849-0600] {logging_mixin.py:190} INFO - [2025-02-17T22:33:23.849-0600] {dag.py:4180} INFO - Setting next_dagrun for read_dataset_event_from_classic to 2025-02-17 00:00:00+00:00, run_after=2025-02-18 00:00:00+00:00
[2025-02-17T22:33:23.887-0600] {processor.py:208} INFO - Processing /home/dataScience/Projects/Pipeline/venv/lib/python3.10/site-packages/airflow/example_dags/example_inlet_event_extra.py took 0.134 seconds
[2025-02-17T22:34:26.429-0600] {processor.py:186} INFO - Started process (PID=21545) to work on /home/dataScience/Projects/Pipeline/venv/lib/python3.10/site-packages/airflow/example_dags/example_inlet_event_extra.py
[2025-02-17T22:34:26.431-0600] {processor.py:914} INFO - Processing file /home/dataScience/Projects/Pipeline/venv/lib/python3.10/site-packages/airflow/example_dags/example_inlet_event_extra.py for tasks to queue
[2025-02-17T22:34:26.434-0600] {logging_mixin.py:190} INFO - [2025-02-17T22:34:26.434-0600] {dagbag.py:588} INFO - Filling up the DagBag from /home/dataScience/Projects/Pipeline/venv/lib/python3.10/site-packages/airflow/example_dags/example_inlet_event_extra.py
[2025-02-17T22:34:26.451-0600] {processor.py:925} INFO - DAG(s) 'read_dataset_event', 'read_dataset_event_from_classic' retrieved from /home/dataScience/Projects/Pipeline/venv/lib/python3.10/site-packages/airflow/example_dags/example_inlet_event_extra.py
[2025-02-17T22:34:26.471-0600] {logging_mixin.py:190} INFO - [2025-02-17T22:34:26.470-0600] {dag.py:3239} INFO - Sync 2 DAGs
[2025-02-17T22:34:26.507-0600] {logging_mixin.py:190} INFO - [2025-02-17T22:34:26.506-0600] {dag.py:4180} INFO - Setting next_dagrun for read_dataset_event to 2025-02-17 00:00:00+00:00, run_after=2025-02-18 00:00:00+00:00
[2025-02-17T22:34:26.520-0600] {logging_mixin.py:190} INFO - [2025-02-17T22:34:26.519-0600] {dag.py:4180} INFO - Setting next_dagrun for read_dataset_event_from_classic to 2025-02-17 00:00:00+00:00, run_after=2025-02-18 00:00:00+00:00
[2025-02-17T22:34:26.554-0600] {processor.py:208} INFO - Processing /home/dataScience/Projects/Pipeline/venv/lib/python3.10/site-packages/airflow/example_dags/example_inlet_event_extra.py took 0.132 seconds
[2025-02-17T22:35:30.527-0600] {processor.py:186} INFO - Started process (PID=22261) to work on /home/dataScience/Projects/Pipeline/venv/lib/python3.10/site-packages/airflow/example_dags/example_inlet_event_extra.py
[2025-02-17T22:35:30.529-0600] {processor.py:914} INFO - Processing file /home/dataScience/Projects/Pipeline/venv/lib/python3.10/site-packages/airflow/example_dags/example_inlet_event_extra.py for tasks to queue
[2025-02-17T22:35:30.531-0600] {logging_mixin.py:190} INFO - [2025-02-17T22:35:30.530-0600] {dagbag.py:588} INFO - Filling up the DagBag from /home/dataScience/Projects/Pipeline/venv/lib/python3.10/site-packages/airflow/example_dags/example_inlet_event_extra.py
[2025-02-17T22:35:30.554-0600] {processor.py:925} INFO - DAG(s) 'read_dataset_event', 'read_dataset_event_from_classic' retrieved from /home/dataScience/Projects/Pipeline/venv/lib/python3.10/site-packages/airflow/example_dags/example_inlet_event_extra.py
[2025-02-17T22:35:30.575-0600] {logging_mixin.py:190} INFO - [2025-02-17T22:35:30.575-0600] {dag.py:3239} INFO - Sync 2 DAGs
[2025-02-17T22:35:30.603-0600] {logging_mixin.py:190} INFO - [2025-02-17T22:35:30.603-0600] {dag.py:4180} INFO - Setting next_dagrun for read_dataset_event to 2025-02-17 00:00:00+00:00, run_after=2025-02-18 00:00:00+00:00
[2025-02-17T22:35:30.609-0600] {logging_mixin.py:190} INFO - [2025-02-17T22:35:30.609-0600] {dag.py:4180} INFO - Setting next_dagrun for read_dataset_event_from_classic to 2025-02-17 00:00:00+00:00, run_after=2025-02-18 00:00:00+00:00
[2025-02-17T22:35:30.640-0600] {processor.py:208} INFO - Processing /home/dataScience/Projects/Pipeline/venv/lib/python3.10/site-packages/airflow/example_dags/example_inlet_event_extra.py took 0.120 seconds
[2025-02-17T22:36:32.600-0600] {processor.py:186} INFO - Started process (PID=22798) to work on /home/dataScience/Projects/Pipeline/venv/lib/python3.10/site-packages/airflow/example_dags/example_inlet_event_extra.py
[2025-02-17T22:36:32.602-0600] {processor.py:914} INFO - Processing file /home/dataScience/Projects/Pipeline/venv/lib/python3.10/site-packages/airflow/example_dags/example_inlet_event_extra.py for tasks to queue
[2025-02-17T22:36:32.605-0600] {logging_mixin.py:190} INFO - [2025-02-17T22:36:32.604-0600] {dagbag.py:588} INFO - Filling up the DagBag from /home/dataScience/Projects/Pipeline/venv/lib/python3.10/site-packages/airflow/example_dags/example_inlet_event_extra.py
[2025-02-17T22:36:32.622-0600] {processor.py:925} INFO - DAG(s) 'read_dataset_event', 'read_dataset_event_from_classic' retrieved from /home/dataScience/Projects/Pipeline/venv/lib/python3.10/site-packages/airflow/example_dags/example_inlet_event_extra.py
[2025-02-17T22:36:32.642-0600] {logging_mixin.py:190} INFO - [2025-02-17T22:36:32.642-0600] {dag.py:3239} INFO - Sync 2 DAGs
[2025-02-17T22:36:32.668-0600] {logging_mixin.py:190} INFO - [2025-02-17T22:36:32.667-0600] {dag.py:4180} INFO - Setting next_dagrun for read_dataset_event to 2025-02-17 00:00:00+00:00, run_after=2025-02-18 00:00:00+00:00
[2025-02-17T22:36:32.673-0600] {logging_mixin.py:190} INFO - [2025-02-17T22:36:32.673-0600] {dag.py:4180} INFO - Setting next_dagrun for read_dataset_event_from_classic to 2025-02-17 00:00:00+00:00, run_after=2025-02-18 00:00:00+00:00
[2025-02-17T22:36:32.702-0600] {processor.py:208} INFO - Processing /home/dataScience/Projects/Pipeline/venv/lib/python3.10/site-packages/airflow/example_dags/example_inlet_event_extra.py took 0.110 seconds
[2025-02-17T22:37:30.087-0600] {processor.py:186} INFO - Started process (PID=23321) to work on /home/dataScience/Projects/Pipeline/venv/lib/python3.10/site-packages/airflow/example_dags/example_inlet_event_extra.py
[2025-02-17T22:37:30.090-0600] {processor.py:914} INFO - Processing file /home/dataScience/Projects/Pipeline/venv/lib/python3.10/site-packages/airflow/example_dags/example_inlet_event_extra.py for tasks to queue
[2025-02-17T22:37:30.093-0600] {logging_mixin.py:190} INFO - [2025-02-17T22:37:30.092-0600] {dagbag.py:588} INFO - Filling up the DagBag from /home/dataScience/Projects/Pipeline/venv/lib/python3.10/site-packages/airflow/example_dags/example_inlet_event_extra.py
[2025-02-17T22:37:30.109-0600] {processor.py:925} INFO - DAG(s) 'read_dataset_event', 'read_dataset_event_from_classic' retrieved from /home/dataScience/Projects/Pipeline/venv/lib/python3.10/site-packages/airflow/example_dags/example_inlet_event_extra.py
[2025-02-17T22:37:30.131-0600] {logging_mixin.py:190} INFO - [2025-02-17T22:37:30.131-0600] {dag.py:3239} INFO - Sync 2 DAGs
[2025-02-17T22:37:30.158-0600] {logging_mixin.py:190} INFO - [2025-02-17T22:37:30.158-0600] {dag.py:4180} INFO - Setting next_dagrun for read_dataset_event to 2025-02-17 00:00:00+00:00, run_after=2025-02-18 00:00:00+00:00
[2025-02-17T22:37:30.165-0600] {logging_mixin.py:190} INFO - [2025-02-17T22:37:30.164-0600] {dag.py:4180} INFO - Setting next_dagrun for read_dataset_event_from_classic to 2025-02-17 00:00:00+00:00, run_after=2025-02-18 00:00:00+00:00
[2025-02-17T22:37:30.200-0600] {processor.py:208} INFO - Processing /home/dataScience/Projects/Pipeline/venv/lib/python3.10/site-packages/airflow/example_dags/example_inlet_event_extra.py took 0.120 seconds
[2025-02-17T22:38:27.272-0600] {processor.py:186} INFO - Started process (PID=23742) to work on /home/dataScience/Projects/Pipeline/venv/lib/python3.10/site-packages/airflow/example_dags/example_inlet_event_extra.py
[2025-02-17T22:38:27.274-0600] {processor.py:914} INFO - Processing file /home/dataScience/Projects/Pipeline/venv/lib/python3.10/site-packages/airflow/example_dags/example_inlet_event_extra.py for tasks to queue
[2025-02-17T22:38:27.277-0600] {logging_mixin.py:190} INFO - [2025-02-17T22:38:27.277-0600] {dagbag.py:588} INFO - Filling up the DagBag from /home/dataScience/Projects/Pipeline/venv/lib/python3.10/site-packages/airflow/example_dags/example_inlet_event_extra.py
[2025-02-17T22:38:27.297-0600] {processor.py:925} INFO - DAG(s) 'read_dataset_event', 'read_dataset_event_from_classic' retrieved from /home/dataScience/Projects/Pipeline/venv/lib/python3.10/site-packages/airflow/example_dags/example_inlet_event_extra.py
[2025-02-17T22:38:27.328-0600] {logging_mixin.py:190} INFO - [2025-02-17T22:38:27.327-0600] {dag.py:3239} INFO - Sync 2 DAGs
[2025-02-17T22:38:27.364-0600] {logging_mixin.py:190} INFO - [2025-02-17T22:38:27.363-0600] {dag.py:4180} INFO - Setting next_dagrun for read_dataset_event to 2025-02-17 00:00:00+00:00, run_after=2025-02-18 00:00:00+00:00
[2025-02-17T22:38:27.373-0600] {logging_mixin.py:190} INFO - [2025-02-17T22:38:27.373-0600] {dag.py:4180} INFO - Setting next_dagrun for read_dataset_event_from_classic to 2025-02-17 00:00:00+00:00, run_after=2025-02-18 00:00:00+00:00
[2025-02-17T22:38:27.409-0600] {processor.py:208} INFO - Processing /home/dataScience/Projects/Pipeline/venv/lib/python3.10/site-packages/airflow/example_dags/example_inlet_event_extra.py took 0.146 seconds
[2025-02-17T22:39:29.390-0600] {processor.py:186} INFO - Started process (PID=24318) to work on /home/dataScience/Projects/Pipeline/venv/lib/python3.10/site-packages/airflow/example_dags/example_inlet_event_extra.py
[2025-02-17T22:39:29.393-0600] {processor.py:914} INFO - Processing file /home/dataScience/Projects/Pipeline/venv/lib/python3.10/site-packages/airflow/example_dags/example_inlet_event_extra.py for tasks to queue
[2025-02-17T22:39:29.397-0600] {logging_mixin.py:190} INFO - [2025-02-17T22:39:29.397-0600] {dagbag.py:588} INFO - Filling up the DagBag from /home/dataScience/Projects/Pipeline/venv/lib/python3.10/site-packages/airflow/example_dags/example_inlet_event_extra.py
[2025-02-17T22:39:29.415-0600] {processor.py:925} INFO - DAG(s) 'read_dataset_event_from_classic', 'read_dataset_event' retrieved from /home/dataScience/Projects/Pipeline/venv/lib/python3.10/site-packages/airflow/example_dags/example_inlet_event_extra.py
[2025-02-17T22:39:29.442-0600] {logging_mixin.py:190} INFO - [2025-02-17T22:39:29.442-0600] {dag.py:3239} INFO - Sync 2 DAGs
[2025-02-17T22:39:29.474-0600] {logging_mixin.py:190} INFO - [2025-02-17T22:39:29.474-0600] {dag.py:4180} INFO - Setting next_dagrun for read_dataset_event to 2025-02-17 00:00:00+00:00, run_after=2025-02-18 00:00:00+00:00
[2025-02-17T22:39:29.481-0600] {logging_mixin.py:190} INFO - [2025-02-17T22:39:29.481-0600] {dag.py:4180} INFO - Setting next_dagrun for read_dataset_event_from_classic to 2025-02-17 00:00:00+00:00, run_after=2025-02-18 00:00:00+00:00
[2025-02-17T22:39:29.512-0600] {processor.py:208} INFO - Processing /home/dataScience/Projects/Pipeline/venv/lib/python3.10/site-packages/airflow/example_dags/example_inlet_event_extra.py took 0.130 seconds
[2025-02-17T22:40:28.889-0600] {processor.py:186} INFO - Started process (PID=24780) to work on /home/dataScience/Projects/Pipeline/venv/lib/python3.10/site-packages/airflow/example_dags/example_inlet_event_extra.py
[2025-02-17T22:40:28.891-0600] {processor.py:914} INFO - Processing file /home/dataScience/Projects/Pipeline/venv/lib/python3.10/site-packages/airflow/example_dags/example_inlet_event_extra.py for tasks to queue
[2025-02-17T22:40:28.894-0600] {logging_mixin.py:190} INFO - [2025-02-17T22:40:28.893-0600] {dagbag.py:588} INFO - Filling up the DagBag from /home/dataScience/Projects/Pipeline/venv/lib/python3.10/site-packages/airflow/example_dags/example_inlet_event_extra.py
[2025-02-17T22:40:28.910-0600] {processor.py:925} INFO - DAG(s) 'read_dataset_event_from_classic', 'read_dataset_event' retrieved from /home/dataScience/Projects/Pipeline/venv/lib/python3.10/site-packages/airflow/example_dags/example_inlet_event_extra.py
[2025-02-17T22:40:28.930-0600] {logging_mixin.py:190} INFO - [2025-02-17T22:40:28.929-0600] {dag.py:3239} INFO - Sync 2 DAGs
[2025-02-17T22:40:28.956-0600] {logging_mixin.py:190} INFO - [2025-02-17T22:40:28.955-0600] {dag.py:4180} INFO - Setting next_dagrun for read_dataset_event to 2025-02-17 00:00:00+00:00, run_after=2025-02-18 00:00:00+00:00
[2025-02-17T22:40:28.962-0600] {logging_mixin.py:190} INFO - [2025-02-17T22:40:28.961-0600] {dag.py:4180} INFO - Setting next_dagrun for read_dataset_event_from_classic to 2025-02-17 00:00:00+00:00, run_after=2025-02-18 00:00:00+00:00
[2025-02-17T22:40:28.989-0600] {processor.py:208} INFO - Processing /home/dataScience/Projects/Pipeline/venv/lib/python3.10/site-packages/airflow/example_dags/example_inlet_event_extra.py took 0.106 seconds
[2025-02-17T22:41:30.210-0600] {processor.py:186} INFO - Started process (PID=25321) to work on /home/dataScience/Projects/Pipeline/venv/lib/python3.10/site-packages/airflow/example_dags/example_inlet_event_extra.py
[2025-02-17T22:41:30.212-0600] {processor.py:914} INFO - Processing file /home/dataScience/Projects/Pipeline/venv/lib/python3.10/site-packages/airflow/example_dags/example_inlet_event_extra.py for tasks to queue
[2025-02-17T22:41:30.216-0600] {logging_mixin.py:190} INFO - [2025-02-17T22:41:30.215-0600] {dagbag.py:588} INFO - Filling up the DagBag from /home/dataScience/Projects/Pipeline/venv/lib/python3.10/site-packages/airflow/example_dags/example_inlet_event_extra.py
[2025-02-17T22:41:30.232-0600] {processor.py:925} INFO - DAG(s) 'read_dataset_event_from_classic', 'read_dataset_event' retrieved from /home/dataScience/Projects/Pipeline/venv/lib/python3.10/site-packages/airflow/example_dags/example_inlet_event_extra.py
[2025-02-17T22:41:30.253-0600] {logging_mixin.py:190} INFO - [2025-02-17T22:41:30.253-0600] {dag.py:3239} INFO - Sync 2 DAGs
[2025-02-17T22:41:30.282-0600] {logging_mixin.py:190} INFO - [2025-02-17T22:41:30.282-0600] {dag.py:4180} INFO - Setting next_dagrun for read_dataset_event to 2025-02-17 00:00:00+00:00, run_after=2025-02-18 00:00:00+00:00
[2025-02-17T22:41:30.289-0600] {logging_mixin.py:190} INFO - [2025-02-17T22:41:30.289-0600] {dag.py:4180} INFO - Setting next_dagrun for read_dataset_event_from_classic to 2025-02-17 00:00:00+00:00, run_after=2025-02-18 00:00:00+00:00
[2025-02-17T22:41:30.317-0600] {processor.py:208} INFO - Processing /home/dataScience/Projects/Pipeline/venv/lib/python3.10/site-packages/airflow/example_dags/example_inlet_event_extra.py took 0.115 seconds
