[2025-02-17T22:32:51.901-0600] {processor.py:186} INFO - Started process (PID=20513) to work on /home/dataScience/Projects/Pipeline/venv/lib/python3.10/site-packages/airflow/example_dags/example_branch_datetime_operator.py
[2025-02-17T22:32:51.902-0600] {processor.py:914} INFO - Processing file /home/dataScience/Projects/Pipeline/venv/lib/python3.10/site-packages/airflow/example_dags/example_branch_datetime_operator.py for tasks to queue
[2025-02-17T22:32:51.906-0600] {logging_mixin.py:190} INFO - [2025-02-17T22:32:51.905-0600] {dagbag.py:588} INFO - Filling up the DagBag from /home/dataScience/Projects/Pipeline/venv/lib/python3.10/site-packages/airflow/example_dags/example_branch_datetime_operator.py
[2025-02-17T22:32:51.919-0600] {processor.py:925} INFO - DAG(s) 'example_branch_datetime_operator', 'example_branch_datetime_operator_2', 'example_branch_datetime_operator_3' retrieved from /home/dataScience/Projects/Pipeline/venv/lib/python3.10/site-packages/airflow/example_dags/example_branch_datetime_operator.py
[2025-02-17T22:32:52.139-0600] {logging_mixin.py:190} INFO - [2025-02-17T22:32:52.138-0600] {override.py:1930} INFO - Created Permission View: can delete on DAG:example_branch_datetime_operator
[2025-02-17T22:32:52.158-0600] {logging_mixin.py:190} INFO - [2025-02-17T22:32:52.158-0600] {override.py:1930} INFO - Created Permission View: can edit on DAG:example_branch_datetime_operator
[2025-02-17T22:32:52.176-0600] {logging_mixin.py:190} INFO - [2025-02-17T22:32:52.176-0600] {override.py:1930} INFO - Created Permission View: can read on DAG:example_branch_datetime_operator
[2025-02-17T22:32:52.206-0600] {logging_mixin.py:190} INFO - [2025-02-17T22:32:52.206-0600] {override.py:1930} INFO - Created Permission View: can create on DAG Run:example_branch_datetime_operator
[2025-02-17T22:32:52.221-0600] {logging_mixin.py:190} INFO - [2025-02-17T22:32:52.221-0600] {override.py:1930} INFO - Created Permission View: can delete on DAG Run:example_branch_datetime_operator
[2025-02-17T22:32:52.236-0600] {logging_mixin.py:190} INFO - [2025-02-17T22:32:52.236-0600] {override.py:1930} INFO - Created Permission View: menu access on DAG Run:example_branch_datetime_operator
[2025-02-17T22:32:52.251-0600] {logging_mixin.py:190} INFO - [2025-02-17T22:32:52.251-0600] {override.py:1930} INFO - Created Permission View: can read on DAG Run:example_branch_datetime_operator
[2025-02-17T22:32:52.287-0600] {logging_mixin.py:190} INFO - [2025-02-17T22:32:52.286-0600] {override.py:1930} INFO - Created Permission View: can delete on DAG:example_branch_datetime_operator_2
[2025-02-17T22:32:52.301-0600] {logging_mixin.py:190} INFO - [2025-02-17T22:32:52.300-0600] {override.py:1930} INFO - Created Permission View: can edit on DAG:example_branch_datetime_operator_2
[2025-02-17T22:32:52.315-0600] {logging_mixin.py:190} INFO - [2025-02-17T22:32:52.315-0600] {override.py:1930} INFO - Created Permission View: can read on DAG:example_branch_datetime_operator_2
[2025-02-17T22:32:52.336-0600] {logging_mixin.py:190} INFO - [2025-02-17T22:32:52.336-0600] {override.py:1930} INFO - Created Permission View: can create on DAG Run:example_branch_datetime_operator_2
[2025-02-17T22:32:52.349-0600] {logging_mixin.py:190} INFO - [2025-02-17T22:32:52.349-0600] {override.py:1930} INFO - Created Permission View: can delete on DAG Run:example_branch_datetime_operator_2
[2025-02-17T22:32:52.366-0600] {logging_mixin.py:190} INFO - [2025-02-17T22:32:52.365-0600] {override.py:1930} INFO - Created Permission View: menu access on DAG Run:example_branch_datetime_operator_2
[2025-02-17T22:32:52.383-0600] {logging_mixin.py:190} INFO - [2025-02-17T22:32:52.382-0600] {override.py:1930} INFO - Created Permission View: can read on DAG Run:example_branch_datetime_operator_2
[2025-02-17T22:32:52.416-0600] {logging_mixin.py:190} INFO - [2025-02-17T22:32:52.415-0600] {override.py:1930} INFO - Created Permission View: can delete on DAG:example_branch_datetime_operator_3
[2025-02-17T22:32:52.430-0600] {logging_mixin.py:190} INFO - [2025-02-17T22:32:52.430-0600] {override.py:1930} INFO - Created Permission View: can edit on DAG:example_branch_datetime_operator_3
[2025-02-17T22:32:52.443-0600] {logging_mixin.py:190} INFO - [2025-02-17T22:32:52.443-0600] {override.py:1930} INFO - Created Permission View: can read on DAG:example_branch_datetime_operator_3
[2025-02-17T22:32:52.468-0600] {logging_mixin.py:190} INFO - [2025-02-17T22:32:52.468-0600] {override.py:1930} INFO - Created Permission View: can create on DAG Run:example_branch_datetime_operator_3
[2025-02-17T22:32:52.483-0600] {logging_mixin.py:190} INFO - [2025-02-17T22:32:52.482-0600] {override.py:1930} INFO - Created Permission View: can delete on DAG Run:example_branch_datetime_operator_3
[2025-02-17T22:32:52.497-0600] {logging_mixin.py:190} INFO - [2025-02-17T22:32:52.497-0600] {override.py:1930} INFO - Created Permission View: menu access on DAG Run:example_branch_datetime_operator_3
[2025-02-17T22:32:52.512-0600] {logging_mixin.py:190} INFO - [2025-02-17T22:32:52.511-0600] {override.py:1930} INFO - Created Permission View: can read on DAG Run:example_branch_datetime_operator_3
[2025-02-17T22:32:52.512-0600] {logging_mixin.py:190} INFO - [2025-02-17T22:32:52.512-0600] {dag.py:3239} INFO - Sync 3 DAGs
[2025-02-17T22:32:52.524-0600] {logging_mixin.py:190} INFO - [2025-02-17T22:32:52.524-0600] {dag.py:3262} INFO - Creating ORM DAG for example_branch_datetime_operator_3
[2025-02-17T22:32:52.525-0600] {logging_mixin.py:190} INFO - [2025-02-17T22:32:52.524-0600] {dag.py:3262} INFO - Creating ORM DAG for example_branch_datetime_operator_2
[2025-02-17T22:32:52.525-0600] {logging_mixin.py:190} INFO - [2025-02-17T22:32:52.525-0600] {dag.py:3262} INFO - Creating ORM DAG for example_branch_datetime_operator
[2025-02-17T22:32:52.536-0600] {logging_mixin.py:190} INFO - [2025-02-17T22:32:52.536-0600] {dag.py:4180} INFO - Setting next_dagrun for example_branch_datetime_operator to 2025-02-17 00:00:00+00:00, run_after=2025-02-18 00:00:00+00:00
[2025-02-17T22:32:52.539-0600] {logging_mixin.py:190} INFO - [2025-02-17T22:32:52.538-0600] {dag.py:4180} INFO - Setting next_dagrun for example_branch_datetime_operator_2 to 2025-02-17 00:00:00+00:00, run_after=2025-02-18 00:00:00+00:00
[2025-02-17T22:32:52.541-0600] {logging_mixin.py:190} INFO - [2025-02-17T22:32:52.541-0600] {dag.py:4180} INFO - Setting next_dagrun for example_branch_datetime_operator_3 to 2025-02-17 00:00:00+00:00, run_after=2025-02-18 00:00:00+00:00
[2025-02-17T22:32:52.572-0600] {processor.py:208} INFO - Processing /home/dataScience/Projects/Pipeline/venv/lib/python3.10/site-packages/airflow/example_dags/example_branch_datetime_operator.py took 0.677 seconds
[2025-02-17T22:34:04.723-0600] {processor.py:186} INFO - Started process (PID=21258) to work on /home/dataScience/Projects/Pipeline/venv/lib/python3.10/site-packages/airflow/example_dags/example_branch_datetime_operator.py
[2025-02-17T22:34:04.725-0600] {processor.py:914} INFO - Processing file /home/dataScience/Projects/Pipeline/venv/lib/python3.10/site-packages/airflow/example_dags/example_branch_datetime_operator.py for tasks to queue
[2025-02-17T22:34:04.730-0600] {logging_mixin.py:190} INFO - [2025-02-17T22:34:04.729-0600] {dagbag.py:588} INFO - Filling up the DagBag from /home/dataScience/Projects/Pipeline/venv/lib/python3.10/site-packages/airflow/example_dags/example_branch_datetime_operator.py
[2025-02-17T22:34:04.748-0600] {processor.py:925} INFO - DAG(s) 'example_branch_datetime_operator', 'example_branch_datetime_operator_3', 'example_branch_datetime_operator_2' retrieved from /home/dataScience/Projects/Pipeline/venv/lib/python3.10/site-packages/airflow/example_dags/example_branch_datetime_operator.py
[2025-02-17T22:34:04.775-0600] {logging_mixin.py:190} INFO - [2025-02-17T22:34:04.775-0600] {dag.py:3239} INFO - Sync 3 DAGs
[2025-02-17T22:34:04.804-0600] {logging_mixin.py:190} INFO - [2025-02-17T22:34:04.803-0600] {dag.py:4180} INFO - Setting next_dagrun for example_branch_datetime_operator to 2025-02-17 00:00:00+00:00, run_after=2025-02-18 00:00:00+00:00
[2025-02-17T22:34:04.810-0600] {logging_mixin.py:190} INFO - [2025-02-17T22:34:04.809-0600] {dag.py:4180} INFO - Setting next_dagrun for example_branch_datetime_operator_2 to 2025-02-17 00:00:00+00:00, run_after=2025-02-18 00:00:00+00:00
[2025-02-17T22:34:04.814-0600] {logging_mixin.py:190} INFO - [2025-02-17T22:34:04.813-0600] {dag.py:4180} INFO - Setting next_dagrun for example_branch_datetime_operator_3 to 2025-02-17 00:00:00+00:00, run_after=2025-02-18 00:00:00+00:00
[2025-02-17T22:34:04.850-0600] {processor.py:208} INFO - Processing /home/dataScience/Projects/Pipeline/venv/lib/python3.10/site-packages/airflow/example_dags/example_branch_datetime_operator.py took 0.134 seconds
[2025-02-17T22:35:06.977-0600] {processor.py:186} INFO - Started process (PID=22025) to work on /home/dataScience/Projects/Pipeline/venv/lib/python3.10/site-packages/airflow/example_dags/example_branch_datetime_operator.py
[2025-02-17T22:35:06.980-0600] {processor.py:914} INFO - Processing file /home/dataScience/Projects/Pipeline/venv/lib/python3.10/site-packages/airflow/example_dags/example_branch_datetime_operator.py for tasks to queue
[2025-02-17T22:35:06.983-0600] {logging_mixin.py:190} INFO - [2025-02-17T22:35:06.982-0600] {dagbag.py:588} INFO - Filling up the DagBag from /home/dataScience/Projects/Pipeline/venv/lib/python3.10/site-packages/airflow/example_dags/example_branch_datetime_operator.py
[2025-02-17T22:35:06.999-0600] {processor.py:925} INFO - DAG(s) 'example_branch_datetime_operator_2', 'example_branch_datetime_operator_3', 'example_branch_datetime_operator' retrieved from /home/dataScience/Projects/Pipeline/venv/lib/python3.10/site-packages/airflow/example_dags/example_branch_datetime_operator.py
[2025-02-17T22:35:07.029-0600] {logging_mixin.py:190} INFO - [2025-02-17T22:35:07.029-0600] {dag.py:3239} INFO - Sync 3 DAGs
[2025-02-17T22:35:07.058-0600] {logging_mixin.py:190} INFO - [2025-02-17T22:35:07.058-0600] {dag.py:4180} INFO - Setting next_dagrun for example_branch_datetime_operator to 2025-02-17 00:00:00+00:00, run_after=2025-02-18 00:00:00+00:00
[2025-02-17T22:35:07.065-0600] {logging_mixin.py:190} INFO - [2025-02-17T22:35:07.065-0600] {dag.py:4180} INFO - Setting next_dagrun for example_branch_datetime_operator_2 to 2025-02-17 00:00:00+00:00, run_after=2025-02-18 00:00:00+00:00
[2025-02-17T22:35:07.068-0600] {logging_mixin.py:190} INFO - [2025-02-17T22:35:07.068-0600] {dag.py:4180} INFO - Setting next_dagrun for example_branch_datetime_operator_3 to 2025-02-17 00:00:00+00:00, run_after=2025-02-18 00:00:00+00:00
[2025-02-17T22:35:07.106-0600] {processor.py:208} INFO - Processing /home/dataScience/Projects/Pipeline/venv/lib/python3.10/site-packages/airflow/example_dags/example_branch_datetime_operator.py took 0.136 seconds
[2025-02-17T22:36:09.479-0600] {processor.py:186} INFO - Started process (PID=22544) to work on /home/dataScience/Projects/Pipeline/venv/lib/python3.10/site-packages/airflow/example_dags/example_branch_datetime_operator.py
[2025-02-17T22:36:09.481-0600] {processor.py:914} INFO - Processing file /home/dataScience/Projects/Pipeline/venv/lib/python3.10/site-packages/airflow/example_dags/example_branch_datetime_operator.py for tasks to queue
[2025-02-17T22:36:09.484-0600] {logging_mixin.py:190} INFO - [2025-02-17T22:36:09.484-0600] {dagbag.py:588} INFO - Filling up the DagBag from /home/dataScience/Projects/Pipeline/venv/lib/python3.10/site-packages/airflow/example_dags/example_branch_datetime_operator.py
[2025-02-17T22:36:09.498-0600] {processor.py:925} INFO - DAG(s) 'example_branch_datetime_operator_2', 'example_branch_datetime_operator_3', 'example_branch_datetime_operator' retrieved from /home/dataScience/Projects/Pipeline/venv/lib/python3.10/site-packages/airflow/example_dags/example_branch_datetime_operator.py
[2025-02-17T22:36:09.523-0600] {logging_mixin.py:190} INFO - [2025-02-17T22:36:09.523-0600] {dag.py:3239} INFO - Sync 3 DAGs
[2025-02-17T22:36:09.554-0600] {logging_mixin.py:190} INFO - [2025-02-17T22:36:09.554-0600] {dag.py:4180} INFO - Setting next_dagrun for example_branch_datetime_operator to 2025-02-17 00:00:00+00:00, run_after=2025-02-18 00:00:00+00:00
[2025-02-17T22:36:09.560-0600] {logging_mixin.py:190} INFO - [2025-02-17T22:36:09.560-0600] {dag.py:4180} INFO - Setting next_dagrun for example_branch_datetime_operator_2 to 2025-02-17 00:00:00+00:00, run_after=2025-02-18 00:00:00+00:00
[2025-02-17T22:36:09.563-0600] {logging_mixin.py:190} INFO - [2025-02-17T22:36:09.563-0600] {dag.py:4180} INFO - Setting next_dagrun for example_branch_datetime_operator_3 to 2025-02-17 00:00:00+00:00, run_after=2025-02-18 00:00:00+00:00
[2025-02-17T22:36:09.601-0600] {processor.py:208} INFO - Processing /home/dataScience/Projects/Pipeline/venv/lib/python3.10/site-packages/airflow/example_dags/example_branch_datetime_operator.py took 0.129 seconds
[2025-02-17T22:37:10.576-0600] {processor.py:186} INFO - Started process (PID=23116) to work on /home/dataScience/Projects/Pipeline/venv/lib/python3.10/site-packages/airflow/example_dags/example_branch_datetime_operator.py
[2025-02-17T22:37:10.578-0600] {processor.py:914} INFO - Processing file /home/dataScience/Projects/Pipeline/venv/lib/python3.10/site-packages/airflow/example_dags/example_branch_datetime_operator.py for tasks to queue
[2025-02-17T22:37:10.581-0600] {logging_mixin.py:190} INFO - [2025-02-17T22:37:10.580-0600] {dagbag.py:588} INFO - Filling up the DagBag from /home/dataScience/Projects/Pipeline/venv/lib/python3.10/site-packages/airflow/example_dags/example_branch_datetime_operator.py
[2025-02-17T22:37:10.596-0600] {processor.py:925} INFO - DAG(s) 'example_branch_datetime_operator', 'example_branch_datetime_operator_3', 'example_branch_datetime_operator_2' retrieved from /home/dataScience/Projects/Pipeline/venv/lib/python3.10/site-packages/airflow/example_dags/example_branch_datetime_operator.py
[2025-02-17T22:37:10.621-0600] {logging_mixin.py:190} INFO - [2025-02-17T22:37:10.620-0600] {dag.py:3239} INFO - Sync 3 DAGs
[2025-02-17T22:37:10.646-0600] {logging_mixin.py:190} INFO - [2025-02-17T22:37:10.646-0600] {dag.py:4180} INFO - Setting next_dagrun for example_branch_datetime_operator to 2025-02-17 00:00:00+00:00, run_after=2025-02-18 00:00:00+00:00
[2025-02-17T22:37:10.652-0600] {logging_mixin.py:190} INFO - [2025-02-17T22:37:10.651-0600] {dag.py:4180} INFO - Setting next_dagrun for example_branch_datetime_operator_2 to 2025-02-17 00:00:00+00:00, run_after=2025-02-18 00:00:00+00:00
[2025-02-17T22:37:10.655-0600] {logging_mixin.py:190} INFO - [2025-02-17T22:37:10.655-0600] {dag.py:4180} INFO - Setting next_dagrun for example_branch_datetime_operator_3 to 2025-02-17 00:00:00+00:00, run_after=2025-02-18 00:00:00+00:00
[2025-02-17T22:37:10.687-0600] {processor.py:208} INFO - Processing /home/dataScience/Projects/Pipeline/venv/lib/python3.10/site-packages/airflow/example_dags/example_branch_datetime_operator.py took 0.118 seconds
[2025-02-17T22:38:34.283-0600] {processor.py:186} INFO - Started process (PID=23854) to work on /home/dataScience/Projects/Pipeline/venv/lib/python3.10/site-packages/airflow/example_dags/example_branch_datetime_operator.py
[2025-02-17T22:38:34.286-0600] {processor.py:914} INFO - Processing file /home/dataScience/Projects/Pipeline/venv/lib/python3.10/site-packages/airflow/example_dags/example_branch_datetime_operator.py for tasks to queue
[2025-02-17T22:38:34.288-0600] {logging_mixin.py:190} INFO - [2025-02-17T22:38:34.287-0600] {dagbag.py:588} INFO - Filling up the DagBag from /home/dataScience/Projects/Pipeline/venv/lib/python3.10/site-packages/airflow/example_dags/example_branch_datetime_operator.py
[2025-02-17T22:38:34.305-0600] {processor.py:925} INFO - DAG(s) 'example_branch_datetime_operator_3', 'example_branch_datetime_operator', 'example_branch_datetime_operator_2' retrieved from /home/dataScience/Projects/Pipeline/venv/lib/python3.10/site-packages/airflow/example_dags/example_branch_datetime_operator.py
[2025-02-17T22:38:34.339-0600] {logging_mixin.py:190} INFO - [2025-02-17T22:38:34.338-0600] {dag.py:3239} INFO - Sync 3 DAGs
[2025-02-17T22:38:34.370-0600] {logging_mixin.py:190} INFO - [2025-02-17T22:38:34.370-0600] {dag.py:4180} INFO - Setting next_dagrun for example_branch_datetime_operator to 2025-02-17 00:00:00+00:00, run_after=2025-02-18 00:00:00+00:00
[2025-02-17T22:38:34.378-0600] {logging_mixin.py:190} INFO - [2025-02-17T22:38:34.378-0600] {dag.py:4180} INFO - Setting next_dagrun for example_branch_datetime_operator_2 to 2025-02-17 00:00:00+00:00, run_after=2025-02-18 00:00:00+00:00
[2025-02-17T22:38:34.383-0600] {logging_mixin.py:190} INFO - [2025-02-17T22:38:34.383-0600] {dag.py:4180} INFO - Setting next_dagrun for example_branch_datetime_operator_3 to 2025-02-17 00:00:00+00:00, run_after=2025-02-18 00:00:00+00:00
[2025-02-17T22:38:34.418-0600] {processor.py:208} INFO - Processing /home/dataScience/Projects/Pipeline/venv/lib/python3.10/site-packages/airflow/example_dags/example_branch_datetime_operator.py took 0.143 seconds
[2025-02-17T22:39:37.061-0600] {processor.py:186} INFO - Started process (PID=24372) to work on /home/dataScience/Projects/Pipeline/venv/lib/python3.10/site-packages/airflow/example_dags/example_branch_datetime_operator.py
[2025-02-17T22:39:37.063-0600] {processor.py:914} INFO - Processing file /home/dataScience/Projects/Pipeline/venv/lib/python3.10/site-packages/airflow/example_dags/example_branch_datetime_operator.py for tasks to queue
[2025-02-17T22:39:37.066-0600] {logging_mixin.py:190} INFO - [2025-02-17T22:39:37.065-0600] {dagbag.py:588} INFO - Filling up the DagBag from /home/dataScience/Projects/Pipeline/venv/lib/python3.10/site-packages/airflow/example_dags/example_branch_datetime_operator.py
[2025-02-17T22:39:37.084-0600] {processor.py:925} INFO - DAG(s) 'example_branch_datetime_operator', 'example_branch_datetime_operator_3', 'example_branch_datetime_operator_2' retrieved from /home/dataScience/Projects/Pipeline/venv/lib/python3.10/site-packages/airflow/example_dags/example_branch_datetime_operator.py
[2025-02-17T22:39:37.116-0600] {logging_mixin.py:190} INFO - [2025-02-17T22:39:37.116-0600] {dag.py:3239} INFO - Sync 3 DAGs
[2025-02-17T22:39:37.151-0600] {logging_mixin.py:190} INFO - [2025-02-17T22:39:37.151-0600] {dag.py:4180} INFO - Setting next_dagrun for example_branch_datetime_operator to 2025-02-17 00:00:00+00:00, run_after=2025-02-18 00:00:00+00:00
[2025-02-17T22:39:37.159-0600] {logging_mixin.py:190} INFO - [2025-02-17T22:39:37.159-0600] {dag.py:4180} INFO - Setting next_dagrun for example_branch_datetime_operator_2 to 2025-02-17 00:00:00+00:00, run_after=2025-02-18 00:00:00+00:00
[2025-02-17T22:39:37.163-0600] {logging_mixin.py:190} INFO - [2025-02-17T22:39:37.163-0600] {dag.py:4180} INFO - Setting next_dagrun for example_branch_datetime_operator_3 to 2025-02-17 00:00:00+00:00, run_after=2025-02-18 00:00:00+00:00
[2025-02-17T22:39:37.197-0600] {processor.py:208} INFO - Processing /home/dataScience/Projects/Pipeline/venv/lib/python3.10/site-packages/airflow/example_dags/example_branch_datetime_operator.py took 0.145 seconds
[2025-02-17T22:40:37.453-0600] {processor.py:186} INFO - Started process (PID=24874) to work on /home/dataScience/Projects/Pipeline/venv/lib/python3.10/site-packages/airflow/example_dags/example_branch_datetime_operator.py
[2025-02-17T22:40:37.456-0600] {processor.py:914} INFO - Processing file /home/dataScience/Projects/Pipeline/venv/lib/python3.10/site-packages/airflow/example_dags/example_branch_datetime_operator.py for tasks to queue
[2025-02-17T22:40:37.459-0600] {logging_mixin.py:190} INFO - [2025-02-17T22:40:37.458-0600] {dagbag.py:588} INFO - Filling up the DagBag from /home/dataScience/Projects/Pipeline/venv/lib/python3.10/site-packages/airflow/example_dags/example_branch_datetime_operator.py
[2025-02-17T22:40:37.474-0600] {processor.py:925} INFO - DAG(s) 'example_branch_datetime_operator_3', 'example_branch_datetime_operator_2', 'example_branch_datetime_operator' retrieved from /home/dataScience/Projects/Pipeline/venv/lib/python3.10/site-packages/airflow/example_dags/example_branch_datetime_operator.py
[2025-02-17T22:40:37.501-0600] {logging_mixin.py:190} INFO - [2025-02-17T22:40:37.501-0600] {dag.py:3239} INFO - Sync 3 DAGs
[2025-02-17T22:40:37.528-0600] {logging_mixin.py:190} INFO - [2025-02-17T22:40:37.528-0600] {dag.py:4180} INFO - Setting next_dagrun for example_branch_datetime_operator to 2025-02-17 00:00:00+00:00, run_after=2025-02-18 00:00:00+00:00
[2025-02-17T22:40:37.534-0600] {logging_mixin.py:190} INFO - [2025-02-17T22:40:37.534-0600] {dag.py:4180} INFO - Setting next_dagrun for example_branch_datetime_operator_2 to 2025-02-17 00:00:00+00:00, run_after=2025-02-18 00:00:00+00:00
[2025-02-17T22:40:37.537-0600] {logging_mixin.py:190} INFO - [2025-02-17T22:40:37.537-0600] {dag.py:4180} INFO - Setting next_dagrun for example_branch_datetime_operator_3 to 2025-02-17 00:00:00+00:00, run_after=2025-02-18 00:00:00+00:00
[2025-02-17T22:40:37.567-0600] {processor.py:208} INFO - Processing /home/dataScience/Projects/Pipeline/venv/lib/python3.10/site-packages/airflow/example_dags/example_branch_datetime_operator.py took 0.122 seconds
