[2025-02-17T22:32:29.065-0600] {processor.py:186} INFO - Started process (PID=20348) to work on /home/dataScience/Projects/Pipeline/venv/lib/python3.10/site-packages/airflow/example_dags/example_nested_branch_dag.py
[2025-02-17T22:32:29.066-0600] {processor.py:914} INFO - Processing file /home/dataScience/Projects/Pipeline/venv/lib/python3.10/site-packages/airflow/example_dags/example_nested_branch_dag.py for tasks to queue
[2025-02-17T22:32:29.069-0600] {logging_mixin.py:190} INFO - [2025-02-17T22:32:29.068-0600] {dagbag.py:588} INFO - Filling up the DagBag from /home/dataScience/Projects/Pipeline/venv/lib/python3.10/site-packages/airflow/example_dags/example_nested_branch_dag.py
[2025-02-17T22:32:29.084-0600] {processor.py:925} INFO - DAG(s) 'example_nested_branch_dag' retrieved from /home/dataScience/Projects/Pipeline/venv/lib/python3.10/site-packages/airflow/example_dags/example_nested_branch_dag.py
[2025-02-17T22:32:29.324-0600] {logging_mixin.py:190} INFO - [2025-02-17T22:32:29.323-0600] {override.py:1930} INFO - Created Permission View: can delete on DAG:example_nested_branch_dag
[2025-02-17T22:32:29.342-0600] {logging_mixin.py:190} INFO - [2025-02-17T22:32:29.341-0600] {override.py:1930} INFO - Created Permission View: can edit on DAG:example_nested_branch_dag
[2025-02-17T22:32:29.359-0600] {logging_mixin.py:190} INFO - [2025-02-17T22:32:29.359-0600] {override.py:1930} INFO - Created Permission View: can read on DAG:example_nested_branch_dag
[2025-02-17T22:32:29.382-0600] {logging_mixin.py:190} INFO - [2025-02-17T22:32:29.381-0600] {override.py:1930} INFO - Created Permission View: can create on DAG Run:example_nested_branch_dag
[2025-02-17T22:32:29.399-0600] {logging_mixin.py:190} INFO - [2025-02-17T22:32:29.399-0600] {override.py:1930} INFO - Created Permission View: can delete on DAG Run:example_nested_branch_dag
[2025-02-17T22:32:29.417-0600] {logging_mixin.py:190} INFO - [2025-02-17T22:32:29.416-0600] {override.py:1930} INFO - Created Permission View: menu access on DAG Run:example_nested_branch_dag
[2025-02-17T22:32:29.435-0600] {logging_mixin.py:190} INFO - [2025-02-17T22:32:29.435-0600] {override.py:1930} INFO - Created Permission View: can read on DAG Run:example_nested_branch_dag
[2025-02-17T22:32:29.436-0600] {logging_mixin.py:190} INFO - [2025-02-17T22:32:29.436-0600] {dag.py:3239} INFO - Sync 1 DAGs
[2025-02-17T22:32:29.451-0600] {logging_mixin.py:190} INFO - [2025-02-17T22:32:29.450-0600] {dag.py:3262} INFO - Creating ORM DAG for example_nested_branch_dag
[2025-02-17T22:32:29.463-0600] {logging_mixin.py:190} INFO - [2025-02-17T22:32:29.462-0600] {dag.py:4180} INFO - Setting next_dagrun for example_nested_branch_dag to 2025-02-17 00:00:00+00:00, run_after=2025-02-18 00:00:00+00:00
[2025-02-17T22:32:29.494-0600] {processor.py:208} INFO - Processing /home/dataScience/Projects/Pipeline/venv/lib/python3.10/site-packages/airflow/example_dags/example_nested_branch_dag.py took 0.438 seconds
[2025-02-17T22:33:48.404-0600] {processor.py:186} INFO - Started process (PID=21136) to work on /home/dataScience/Projects/Pipeline/venv/lib/python3.10/site-packages/airflow/example_dags/example_nested_branch_dag.py
[2025-02-17T22:33:48.407-0600] {processor.py:914} INFO - Processing file /home/dataScience/Projects/Pipeline/venv/lib/python3.10/site-packages/airflow/example_dags/example_nested_branch_dag.py for tasks to queue
[2025-02-17T22:33:48.411-0600] {logging_mixin.py:190} INFO - [2025-02-17T22:33:48.410-0600] {dagbag.py:588} INFO - Filling up the DagBag from /home/dataScience/Projects/Pipeline/venv/lib/python3.10/site-packages/airflow/example_dags/example_nested_branch_dag.py
[2025-02-17T22:33:48.433-0600] {processor.py:925} INFO - DAG(s) 'example_nested_branch_dag' retrieved from /home/dataScience/Projects/Pipeline/venv/lib/python3.10/site-packages/airflow/example_dags/example_nested_branch_dag.py
[2025-02-17T22:33:48.460-0600] {logging_mixin.py:190} INFO - [2025-02-17T22:33:48.460-0600] {dag.py:3239} INFO - Sync 1 DAGs
[2025-02-17T22:33:48.493-0600] {logging_mixin.py:190} INFO - [2025-02-17T22:33:48.492-0600] {dag.py:4180} INFO - Setting next_dagrun for example_nested_branch_dag to 2025-02-17 00:00:00+00:00, run_after=2025-02-18 00:00:00+00:00
[2025-02-17T22:33:48.528-0600] {processor.py:208} INFO - Processing /home/dataScience/Projects/Pipeline/venv/lib/python3.10/site-packages/airflow/example_dags/example_nested_branch_dag.py took 0.132 seconds
[2025-02-17T22:34:47.520-0600] {processor.py:186} INFO - Started process (PID=21763) to work on /home/dataScience/Projects/Pipeline/venv/lib/python3.10/site-packages/airflow/example_dags/example_nested_branch_dag.py
[2025-02-17T22:34:47.521-0600] {processor.py:914} INFO - Processing file /home/dataScience/Projects/Pipeline/venv/lib/python3.10/site-packages/airflow/example_dags/example_nested_branch_dag.py for tasks to queue
[2025-02-17T22:34:47.524-0600] {logging_mixin.py:190} INFO - [2025-02-17T22:34:47.523-0600] {dagbag.py:588} INFO - Filling up the DagBag from /home/dataScience/Projects/Pipeline/venv/lib/python3.10/site-packages/airflow/example_dags/example_nested_branch_dag.py
[2025-02-17T22:34:47.538-0600] {processor.py:925} INFO - DAG(s) 'example_nested_branch_dag' retrieved from /home/dataScience/Projects/Pipeline/venv/lib/python3.10/site-packages/airflow/example_dags/example_nested_branch_dag.py
[2025-02-17T22:34:47.558-0600] {logging_mixin.py:190} INFO - [2025-02-17T22:34:47.557-0600] {dag.py:3239} INFO - Sync 1 DAGs
[2025-02-17T22:34:47.583-0600] {logging_mixin.py:190} INFO - [2025-02-17T22:34:47.583-0600] {dag.py:4180} INFO - Setting next_dagrun for example_nested_branch_dag to 2025-02-17 00:00:00+00:00, run_after=2025-02-18 00:00:00+00:00
[2025-02-17T22:34:47.612-0600] {processor.py:208} INFO - Processing /home/dataScience/Projects/Pipeline/venv/lib/python3.10/site-packages/airflow/example_dags/example_nested_branch_dag.py took 0.100 seconds
[2025-02-17T22:35:51.320-0600] {processor.py:186} INFO - Started process (PID=22415) to work on /home/dataScience/Projects/Pipeline/venv/lib/python3.10/site-packages/airflow/example_dags/example_nested_branch_dag.py
[2025-02-17T22:35:51.323-0600] {processor.py:914} INFO - Processing file /home/dataScience/Projects/Pipeline/venv/lib/python3.10/site-packages/airflow/example_dags/example_nested_branch_dag.py for tasks to queue
[2025-02-17T22:35:51.325-0600] {logging_mixin.py:190} INFO - [2025-02-17T22:35:51.325-0600] {dagbag.py:588} INFO - Filling up the DagBag from /home/dataScience/Projects/Pipeline/venv/lib/python3.10/site-packages/airflow/example_dags/example_nested_branch_dag.py
[2025-02-17T22:35:51.339-0600] {processor.py:925} INFO - DAG(s) 'example_nested_branch_dag' retrieved from /home/dataScience/Projects/Pipeline/venv/lib/python3.10/site-packages/airflow/example_dags/example_nested_branch_dag.py
[2025-02-17T22:35:51.360-0600] {logging_mixin.py:190} INFO - [2025-02-17T22:35:51.360-0600] {dag.py:3239} INFO - Sync 1 DAGs
[2025-02-17T22:35:51.386-0600] {logging_mixin.py:190} INFO - [2025-02-17T22:35:51.386-0600] {dag.py:4180} INFO - Setting next_dagrun for example_nested_branch_dag to 2025-02-17 00:00:00+00:00, run_after=2025-02-18 00:00:00+00:00
[2025-02-17T22:35:51.414-0600] {processor.py:208} INFO - Processing /home/dataScience/Projects/Pipeline/venv/lib/python3.10/site-packages/airflow/example_dags/example_nested_branch_dag.py took 0.101 seconds
[2025-02-17T22:36:53.585-0600] {processor.py:186} INFO - Started process (PID=22992) to work on /home/dataScience/Projects/Pipeline/venv/lib/python3.10/site-packages/airflow/example_dags/example_nested_branch_dag.py
[2025-02-17T22:36:53.588-0600] {processor.py:914} INFO - Processing file /home/dataScience/Projects/Pipeline/venv/lib/python3.10/site-packages/airflow/example_dags/example_nested_branch_dag.py for tasks to queue
[2025-02-17T22:36:53.591-0600] {logging_mixin.py:190} INFO - [2025-02-17T22:36:53.590-0600] {dagbag.py:588} INFO - Filling up the DagBag from /home/dataScience/Projects/Pipeline/venv/lib/python3.10/site-packages/airflow/example_dags/example_nested_branch_dag.py
[2025-02-17T22:36:53.606-0600] {processor.py:925} INFO - DAG(s) 'example_nested_branch_dag' retrieved from /home/dataScience/Projects/Pipeline/venv/lib/python3.10/site-packages/airflow/example_dags/example_nested_branch_dag.py
[2025-02-17T22:36:53.627-0600] {logging_mixin.py:190} INFO - [2025-02-17T22:36:53.627-0600] {dag.py:3239} INFO - Sync 1 DAGs
[2025-02-17T22:36:53.655-0600] {logging_mixin.py:190} INFO - [2025-02-17T22:36:53.655-0600] {dag.py:4180} INFO - Setting next_dagrun for example_nested_branch_dag to 2025-02-17 00:00:00+00:00, run_after=2025-02-18 00:00:00+00:00
[2025-02-17T22:36:53.688-0600] {processor.py:208} INFO - Processing /home/dataScience/Projects/Pipeline/venv/lib/python3.10/site-packages/airflow/example_dags/example_nested_branch_dag.py took 0.111 seconds
[2025-02-17T22:37:49.960-0600] {processor.py:186} INFO - Started process (PID=23472) to work on /home/dataScience/Projects/Pipeline/venv/lib/python3.10/site-packages/airflow/example_dags/example_nested_branch_dag.py
[2025-02-17T22:37:49.963-0600] {processor.py:914} INFO - Processing file /home/dataScience/Projects/Pipeline/venv/lib/python3.10/site-packages/airflow/example_dags/example_nested_branch_dag.py for tasks to queue
[2025-02-17T22:37:49.966-0600] {logging_mixin.py:190} INFO - [2025-02-17T22:37:49.965-0600] {dagbag.py:588} INFO - Filling up the DagBag from /home/dataScience/Projects/Pipeline/venv/lib/python3.10/site-packages/airflow/example_dags/example_nested_branch_dag.py
[2025-02-17T22:37:49.980-0600] {processor.py:925} INFO - DAG(s) 'example_nested_branch_dag' retrieved from /home/dataScience/Projects/Pipeline/venv/lib/python3.10/site-packages/airflow/example_dags/example_nested_branch_dag.py
[2025-02-17T22:37:49.999-0600] {logging_mixin.py:190} INFO - [2025-02-17T22:37:49.999-0600] {dag.py:3239} INFO - Sync 1 DAGs
[2025-02-17T22:37:50.026-0600] {logging_mixin.py:190} INFO - [2025-02-17T22:37:50.025-0600] {dag.py:4180} INFO - Setting next_dagrun for example_nested_branch_dag to 2025-02-17 00:00:00+00:00, run_after=2025-02-18 00:00:00+00:00
[2025-02-17T22:37:50.058-0600] {processor.py:208} INFO - Processing /home/dataScience/Projects/Pipeline/venv/lib/python3.10/site-packages/airflow/example_dags/example_nested_branch_dag.py took 0.105 seconds
[2025-02-17T22:38:49.550-0600] {processor.py:186} INFO - Started process (PID=23970) to work on /home/dataScience/Projects/Pipeline/venv/lib/python3.10/site-packages/airflow/example_dags/example_nested_branch_dag.py
[2025-02-17T22:38:49.552-0600] {processor.py:914} INFO - Processing file /home/dataScience/Projects/Pipeline/venv/lib/python3.10/site-packages/airflow/example_dags/example_nested_branch_dag.py for tasks to queue
[2025-02-17T22:38:49.555-0600] {logging_mixin.py:190} INFO - [2025-02-17T22:38:49.555-0600] {dagbag.py:588} INFO - Filling up the DagBag from /home/dataScience/Projects/Pipeline/venv/lib/python3.10/site-packages/airflow/example_dags/example_nested_branch_dag.py
[2025-02-17T22:38:49.573-0600] {processor.py:925} INFO - DAG(s) 'example_nested_branch_dag' retrieved from /home/dataScience/Projects/Pipeline/venv/lib/python3.10/site-packages/airflow/example_dags/example_nested_branch_dag.py
[2025-02-17T22:38:49.597-0600] {logging_mixin.py:190} INFO - [2025-02-17T22:38:49.597-0600] {dag.py:3239} INFO - Sync 1 DAGs
[2025-02-17T22:38:49.632-0600] {logging_mixin.py:190} INFO - [2025-02-17T22:38:49.632-0600] {dag.py:4180} INFO - Setting next_dagrun for example_nested_branch_dag to 2025-02-17 00:00:00+00:00, run_after=2025-02-18 00:00:00+00:00
[2025-02-17T22:38:49.671-0600] {processor.py:208} INFO - Processing /home/dataScience/Projects/Pipeline/venv/lib/python3.10/site-packages/airflow/example_dags/example_nested_branch_dag.py took 0.131 seconds
[2025-02-17T22:39:51.637-0600] {processor.py:186} INFO - Started process (PID=24479) to work on /home/dataScience/Projects/Pipeline/venv/lib/python3.10/site-packages/airflow/example_dags/example_nested_branch_dag.py
[2025-02-17T22:39:51.639-0600] {processor.py:914} INFO - Processing file /home/dataScience/Projects/Pipeline/venv/lib/python3.10/site-packages/airflow/example_dags/example_nested_branch_dag.py for tasks to queue
[2025-02-17T22:39:51.644-0600] {logging_mixin.py:190} INFO - [2025-02-17T22:39:51.644-0600] {dagbag.py:588} INFO - Filling up the DagBag from /home/dataScience/Projects/Pipeline/venv/lib/python3.10/site-packages/airflow/example_dags/example_nested_branch_dag.py
[2025-02-17T22:39:51.661-0600] {processor.py:925} INFO - DAG(s) 'example_nested_branch_dag' retrieved from /home/dataScience/Projects/Pipeline/venv/lib/python3.10/site-packages/airflow/example_dags/example_nested_branch_dag.py
[2025-02-17T22:39:51.684-0600] {logging_mixin.py:190} INFO - [2025-02-17T22:39:51.684-0600] {dag.py:3239} INFO - Sync 1 DAGs
[2025-02-17T22:39:51.715-0600] {logging_mixin.py:190} INFO - [2025-02-17T22:39:51.715-0600] {dag.py:4180} INFO - Setting next_dagrun for example_nested_branch_dag to 2025-02-17 00:00:00+00:00, run_after=2025-02-18 00:00:00+00:00
[2025-02-17T22:39:51.751-0600] {processor.py:208} INFO - Processing /home/dataScience/Projects/Pipeline/venv/lib/python3.10/site-packages/airflow/example_dags/example_nested_branch_dag.py took 0.121 seconds
[2025-02-17T22:40:52.713-0600] {processor.py:186} INFO - Started process (PID=24990) to work on /home/dataScience/Projects/Pipeline/venv/lib/python3.10/site-packages/airflow/example_dags/example_nested_branch_dag.py
[2025-02-17T22:40:52.714-0600] {processor.py:914} INFO - Processing file /home/dataScience/Projects/Pipeline/venv/lib/python3.10/site-packages/airflow/example_dags/example_nested_branch_dag.py for tasks to queue
[2025-02-17T22:40:52.717-0600] {logging_mixin.py:190} INFO - [2025-02-17T22:40:52.716-0600] {dagbag.py:588} INFO - Filling up the DagBag from /home/dataScience/Projects/Pipeline/venv/lib/python3.10/site-packages/airflow/example_dags/example_nested_branch_dag.py
[2025-02-17T22:40:52.730-0600] {processor.py:925} INFO - DAG(s) 'example_nested_branch_dag' retrieved from /home/dataScience/Projects/Pipeline/venv/lib/python3.10/site-packages/airflow/example_dags/example_nested_branch_dag.py
[2025-02-17T22:40:52.749-0600] {logging_mixin.py:190} INFO - [2025-02-17T22:40:52.749-0600] {dag.py:3239} INFO - Sync 1 DAGs
[2025-02-17T22:40:52.774-0600] {logging_mixin.py:190} INFO - [2025-02-17T22:40:52.774-0600] {dag.py:4180} INFO - Setting next_dagrun for example_nested_branch_dag to 2025-02-17 00:00:00+00:00, run_after=2025-02-18 00:00:00+00:00
[2025-02-17T22:40:52.806-0600] {processor.py:208} INFO - Processing /home/dataScience/Projects/Pipeline/venv/lib/python3.10/site-packages/airflow/example_dags/example_nested_branch_dag.py took 0.101 seconds
