[2025-02-17T22:32:29.625-0600] {processor.py:186} INFO - Started process (PID=20352) to work on /home/dataScience/Projects/Pipeline/venv/lib/python3.10/site-packages/airflow/example_dags/example_branch_operator.py
[2025-02-17T22:32:29.626-0600] {processor.py:914} INFO - Processing file /home/dataScience/Projects/Pipeline/venv/lib/python3.10/site-packages/airflow/example_dags/example_branch_operator.py for tasks to queue
[2025-02-17T22:32:29.628-0600] {logging_mixin.py:190} INFO - [2025-02-17T22:32:29.628-0600] {dagbag.py:588} INFO - Filling up the DagBag from /home/dataScience/Projects/Pipeline/venv/lib/python3.10/site-packages/airflow/example_dags/example_branch_operator.py
[2025-02-17T22:32:29.651-0600] {processor.py:925} INFO - DAG(s) 'example_branch_operator' retrieved from /home/dataScience/Projects/Pipeline/venv/lib/python3.10/site-packages/airflow/example_dags/example_branch_operator.py
[2025-02-17T22:32:29.912-0600] {logging_mixin.py:190} INFO - [2025-02-17T22:32:29.910-0600] {override.py:1930} INFO - Created Permission View: can delete on DAG:example_branch_operator
[2025-02-17T22:32:29.938-0600] {logging_mixin.py:190} INFO - [2025-02-17T22:32:29.937-0600] {override.py:1930} INFO - Created Permission View: can edit on DAG:example_branch_operator
[2025-02-17T22:32:29.957-0600] {logging_mixin.py:190} INFO - [2025-02-17T22:32:29.956-0600] {override.py:1930} INFO - Created Permission View: can read on DAG:example_branch_operator
[2025-02-17T22:32:29.986-0600] {logging_mixin.py:190} INFO - [2025-02-17T22:32:29.986-0600] {override.py:1930} INFO - Created Permission View: can create on DAG Run:example_branch_operator
[2025-02-17T22:32:30.007-0600] {logging_mixin.py:190} INFO - [2025-02-17T22:32:30.006-0600] {override.py:1930} INFO - Created Permission View: can delete on DAG Run:example_branch_operator
[2025-02-17T22:32:30.029-0600] {logging_mixin.py:190} INFO - [2025-02-17T22:32:30.028-0600] {override.py:1930} INFO - Created Permission View: menu access on DAG Run:example_branch_operator
[2025-02-17T22:32:30.050-0600] {logging_mixin.py:190} INFO - [2025-02-17T22:32:30.049-0600] {override.py:1930} INFO - Created Permission View: can read on DAG Run:example_branch_operator
[2025-02-17T22:32:30.050-0600] {logging_mixin.py:190} INFO - [2025-02-17T22:32:30.050-0600] {dag.py:3239} INFO - Sync 1 DAGs
[2025-02-17T22:32:30.066-0600] {logging_mixin.py:190} INFO - [2025-02-17T22:32:30.066-0600] {dag.py:3262} INFO - Creating ORM DAG for example_branch_operator
[2025-02-17T22:32:30.080-0600] {logging_mixin.py:190} INFO - [2025-02-17T22:32:30.080-0600] {dag.py:4180} INFO - Setting next_dagrun for example_branch_operator to 2025-02-17 00:00:00+00:00, run_after=2025-02-18 00:00:00+00:00
[2025-02-17T22:32:30.114-0600] {processor.py:208} INFO - Processing /home/dataScience/Projects/Pipeline/venv/lib/python3.10/site-packages/airflow/example_dags/example_branch_operator.py took 0.497 seconds
[2025-02-17T22:33:49.674-0600] {processor.py:186} INFO - Started process (PID=21142) to work on /home/dataScience/Projects/Pipeline/venv/lib/python3.10/site-packages/airflow/example_dags/example_branch_operator.py
[2025-02-17T22:33:49.676-0600] {processor.py:914} INFO - Processing file /home/dataScience/Projects/Pipeline/venv/lib/python3.10/site-packages/airflow/example_dags/example_branch_operator.py for tasks to queue
[2025-02-17T22:33:49.679-0600] {logging_mixin.py:190} INFO - [2025-02-17T22:33:49.678-0600] {dagbag.py:588} INFO - Filling up the DagBag from /home/dataScience/Projects/Pipeline/venv/lib/python3.10/site-packages/airflow/example_dags/example_branch_operator.py
[2025-02-17T22:33:49.709-0600] {processor.py:925} INFO - DAG(s) 'example_branch_operator' retrieved from /home/dataScience/Projects/Pipeline/venv/lib/python3.10/site-packages/airflow/example_dags/example_branch_operator.py
[2025-02-17T22:33:49.745-0600] {logging_mixin.py:190} INFO - [2025-02-17T22:33:49.744-0600] {dag.py:3239} INFO - Sync 1 DAGs
[2025-02-17T22:33:49.778-0600] {logging_mixin.py:190} INFO - [2025-02-17T22:33:49.777-0600] {dag.py:4180} INFO - Setting next_dagrun for example_branch_operator to 2025-02-17 00:00:00+00:00, run_after=2025-02-18 00:00:00+00:00
[2025-02-17T22:33:49.820-0600] {processor.py:208} INFO - Processing /home/dataScience/Projects/Pipeline/venv/lib/python3.10/site-packages/airflow/example_dags/example_branch_operator.py took 0.156 seconds
[2025-02-17T22:34:48.324-0600] {processor.py:186} INFO - Started process (PID=21767) to work on /home/dataScience/Projects/Pipeline/venv/lib/python3.10/site-packages/airflow/example_dags/example_branch_operator.py
[2025-02-17T22:34:48.325-0600] {processor.py:914} INFO - Processing file /home/dataScience/Projects/Pipeline/venv/lib/python3.10/site-packages/airflow/example_dags/example_branch_operator.py for tasks to queue
[2025-02-17T22:34:48.328-0600] {logging_mixin.py:190} INFO - [2025-02-17T22:34:48.327-0600] {dagbag.py:588} INFO - Filling up the DagBag from /home/dataScience/Projects/Pipeline/venv/lib/python3.10/site-packages/airflow/example_dags/example_branch_operator.py
[2025-02-17T22:34:48.350-0600] {processor.py:925} INFO - DAG(s) 'example_branch_operator' retrieved from /home/dataScience/Projects/Pipeline/venv/lib/python3.10/site-packages/airflow/example_dags/example_branch_operator.py
[2025-02-17T22:34:48.377-0600] {logging_mixin.py:190} INFO - [2025-02-17T22:34:48.377-0600] {dag.py:3239} INFO - Sync 1 DAGs
[2025-02-17T22:34:48.401-0600] {logging_mixin.py:190} INFO - [2025-02-17T22:34:48.401-0600] {dag.py:4180} INFO - Setting next_dagrun for example_branch_operator to 2025-02-17 00:00:00+00:00, run_after=2025-02-18 00:00:00+00:00
[2025-02-17T22:34:48.430-0600] {processor.py:208} INFO - Processing /home/dataScience/Projects/Pipeline/venv/lib/python3.10/site-packages/airflow/example_dags/example_branch_operator.py took 0.113 seconds
[2025-02-17T22:35:52.593-0600] {processor.py:186} INFO - Started process (PID=22421) to work on /home/dataScience/Projects/Pipeline/venv/lib/python3.10/site-packages/airflow/example_dags/example_branch_operator.py
[2025-02-17T22:35:52.595-0600] {processor.py:914} INFO - Processing file /home/dataScience/Projects/Pipeline/venv/lib/python3.10/site-packages/airflow/example_dags/example_branch_operator.py for tasks to queue
[2025-02-17T22:35:52.598-0600] {logging_mixin.py:190} INFO - [2025-02-17T22:35:52.597-0600] {dagbag.py:588} INFO - Filling up the DagBag from /home/dataScience/Projects/Pipeline/venv/lib/python3.10/site-packages/airflow/example_dags/example_branch_operator.py
[2025-02-17T22:35:52.621-0600] {processor.py:925} INFO - DAG(s) 'example_branch_operator' retrieved from /home/dataScience/Projects/Pipeline/venv/lib/python3.10/site-packages/airflow/example_dags/example_branch_operator.py
[2025-02-17T22:35:52.651-0600] {logging_mixin.py:190} INFO - [2025-02-17T22:35:52.651-0600] {dag.py:3239} INFO - Sync 1 DAGs
[2025-02-17T22:35:52.675-0600] {logging_mixin.py:190} INFO - [2025-02-17T22:35:52.675-0600] {dag.py:4180} INFO - Setting next_dagrun for example_branch_operator to 2025-02-17 00:00:00+00:00, run_after=2025-02-18 00:00:00+00:00
[2025-02-17T22:35:52.704-0600] {processor.py:208} INFO - Processing /home/dataScience/Projects/Pipeline/venv/lib/python3.10/site-packages/airflow/example_dags/example_branch_operator.py took 0.118 seconds
[2025-02-17T22:36:54.869-0600] {processor.py:186} INFO - Started process (PID=23002) to work on /home/dataScience/Projects/Pipeline/venv/lib/python3.10/site-packages/airflow/example_dags/example_branch_operator.py
[2025-02-17T22:36:54.871-0600] {processor.py:914} INFO - Processing file /home/dataScience/Projects/Pipeline/venv/lib/python3.10/site-packages/airflow/example_dags/example_branch_operator.py for tasks to queue
[2025-02-17T22:36:54.874-0600] {logging_mixin.py:190} INFO - [2025-02-17T22:36:54.873-0600] {dagbag.py:588} INFO - Filling up the DagBag from /home/dataScience/Projects/Pipeline/venv/lib/python3.10/site-packages/airflow/example_dags/example_branch_operator.py
[2025-02-17T22:36:54.896-0600] {processor.py:925} INFO - DAG(s) 'example_branch_operator' retrieved from /home/dataScience/Projects/Pipeline/venv/lib/python3.10/site-packages/airflow/example_dags/example_branch_operator.py
[2025-02-17T22:36:54.926-0600] {logging_mixin.py:190} INFO - [2025-02-17T22:36:54.925-0600] {dag.py:3239} INFO - Sync 1 DAGs
[2025-02-17T22:36:54.950-0600] {logging_mixin.py:190} INFO - [2025-02-17T22:36:54.949-0600] {dag.py:4180} INFO - Setting next_dagrun for example_branch_operator to 2025-02-17 00:00:00+00:00, run_after=2025-02-18 00:00:00+00:00
[2025-02-17T22:36:54.980-0600] {processor.py:208} INFO - Processing /home/dataScience/Projects/Pipeline/venv/lib/python3.10/site-packages/airflow/example_dags/example_branch_operator.py took 0.118 seconds
[2025-02-17T22:37:50.974-0600] {processor.py:186} INFO - Started process (PID=23477) to work on /home/dataScience/Projects/Pipeline/venv/lib/python3.10/site-packages/airflow/example_dags/example_branch_operator.py
[2025-02-17T22:37:50.976-0600] {processor.py:914} INFO - Processing file /home/dataScience/Projects/Pipeline/venv/lib/python3.10/site-packages/airflow/example_dags/example_branch_operator.py for tasks to queue
[2025-02-17T22:37:50.979-0600] {logging_mixin.py:190} INFO - [2025-02-17T22:37:50.978-0600] {dagbag.py:588} INFO - Filling up the DagBag from /home/dataScience/Projects/Pipeline/venv/lib/python3.10/site-packages/airflow/example_dags/example_branch_operator.py
[2025-02-17T22:37:51.000-0600] {processor.py:925} INFO - DAG(s) 'example_branch_operator' retrieved from /home/dataScience/Projects/Pipeline/venv/lib/python3.10/site-packages/airflow/example_dags/example_branch_operator.py
[2025-02-17T22:37:51.028-0600] {logging_mixin.py:190} INFO - [2025-02-17T22:37:51.027-0600] {dag.py:3239} INFO - Sync 1 DAGs
[2025-02-17T22:37:51.053-0600] {logging_mixin.py:190} INFO - [2025-02-17T22:37:51.053-0600] {dag.py:4180} INFO - Setting next_dagrun for example_branch_operator to 2025-02-17 00:00:00+00:00, run_after=2025-02-18 00:00:00+00:00
[2025-02-17T22:37:51.081-0600] {processor.py:208} INFO - Processing /home/dataScience/Projects/Pipeline/venv/lib/python3.10/site-packages/airflow/example_dags/example_branch_operator.py took 0.114 seconds
[2025-02-17T22:38:50.881-0600] {processor.py:186} INFO - Started process (PID=23976) to work on /home/dataScience/Projects/Pipeline/venv/lib/python3.10/site-packages/airflow/example_dags/example_branch_operator.py
[2025-02-17T22:38:50.884-0600] {processor.py:914} INFO - Processing file /home/dataScience/Projects/Pipeline/venv/lib/python3.10/site-packages/airflow/example_dags/example_branch_operator.py for tasks to queue
[2025-02-17T22:38:50.898-0600] {logging_mixin.py:190} INFO - [2025-02-17T22:38:50.897-0600] {dagbag.py:588} INFO - Filling up the DagBag from /home/dataScience/Projects/Pipeline/venv/lib/python3.10/site-packages/airflow/example_dags/example_branch_operator.py
[2025-02-17T22:38:51.011-0600] {processor.py:925} INFO - DAG(s) 'example_branch_operator' retrieved from /home/dataScience/Projects/Pipeline/venv/lib/python3.10/site-packages/airflow/example_dags/example_branch_operator.py
[2025-02-17T22:38:51.132-0600] {logging_mixin.py:190} INFO - [2025-02-17T22:38:51.128-0600] {dag.py:3239} INFO - Sync 1 DAGs
[2025-02-17T22:38:51.248-0600] {logging_mixin.py:190} INFO - [2025-02-17T22:38:51.247-0600] {dag.py:4180} INFO - Setting next_dagrun for example_branch_operator to 2025-02-17 00:00:00+00:00, run_after=2025-02-18 00:00:00+00:00
[2025-02-17T22:38:51.323-0600] {processor.py:208} INFO - Processing /home/dataScience/Projects/Pipeline/venv/lib/python3.10/site-packages/airflow/example_dags/example_branch_operator.py took 0.466 seconds
[2025-02-17T22:39:52.930-0600] {processor.py:186} INFO - Started process (PID=24491) to work on /home/dataScience/Projects/Pipeline/venv/lib/python3.10/site-packages/airflow/example_dags/example_branch_operator.py
[2025-02-17T22:39:52.932-0600] {processor.py:914} INFO - Processing file /home/dataScience/Projects/Pipeline/venv/lib/python3.10/site-packages/airflow/example_dags/example_branch_operator.py for tasks to queue
[2025-02-17T22:39:52.935-0600] {logging_mixin.py:190} INFO - [2025-02-17T22:39:52.934-0600] {dagbag.py:588} INFO - Filling up the DagBag from /home/dataScience/Projects/Pipeline/venv/lib/python3.10/site-packages/airflow/example_dags/example_branch_operator.py
[2025-02-17T22:39:52.967-0600] {processor.py:925} INFO - DAG(s) 'example_branch_operator' retrieved from /home/dataScience/Projects/Pipeline/venv/lib/python3.10/site-packages/airflow/example_dags/example_branch_operator.py
[2025-02-17T22:39:53.007-0600] {logging_mixin.py:190} INFO - [2025-02-17T22:39:53.007-0600] {dag.py:3239} INFO - Sync 1 DAGs
[2025-02-17T22:39:53.042-0600] {logging_mixin.py:190} INFO - [2025-02-17T22:39:53.042-0600] {dag.py:4180} INFO - Setting next_dagrun for example_branch_operator to 2025-02-17 00:00:00+00:00, run_after=2025-02-18 00:00:00+00:00
[2025-02-17T22:39:53.084-0600] {processor.py:208} INFO - Processing /home/dataScience/Projects/Pipeline/venv/lib/python3.10/site-packages/airflow/example_dags/example_branch_operator.py took 0.162 seconds
[2025-02-17T22:40:53.557-0600] {processor.py:186} INFO - Started process (PID=24994) to work on /home/dataScience/Projects/Pipeline/venv/lib/python3.10/site-packages/airflow/example_dags/example_branch_operator.py
[2025-02-17T22:40:53.560-0600] {processor.py:914} INFO - Processing file /home/dataScience/Projects/Pipeline/venv/lib/python3.10/site-packages/airflow/example_dags/example_branch_operator.py for tasks to queue
[2025-02-17T22:40:53.563-0600] {logging_mixin.py:190} INFO - [2025-02-17T22:40:53.562-0600] {dagbag.py:588} INFO - Filling up the DagBag from /home/dataScience/Projects/Pipeline/venv/lib/python3.10/site-packages/airflow/example_dags/example_branch_operator.py
[2025-02-17T22:40:53.584-0600] {processor.py:925} INFO - DAG(s) 'example_branch_operator' retrieved from /home/dataScience/Projects/Pipeline/venv/lib/python3.10/site-packages/airflow/example_dags/example_branch_operator.py
[2025-02-17T22:40:53.616-0600] {logging_mixin.py:190} INFO - [2025-02-17T22:40:53.615-0600] {dag.py:3239} INFO - Sync 1 DAGs
[2025-02-17T22:40:53.644-0600] {logging_mixin.py:190} INFO - [2025-02-17T22:40:53.644-0600] {dag.py:4180} INFO - Setting next_dagrun for example_branch_operator to 2025-02-17 00:00:00+00:00, run_after=2025-02-18 00:00:00+00:00
[2025-02-17T22:40:53.681-0600] {processor.py:208} INFO - Processing /home/dataScience/Projects/Pipeline/venv/lib/python3.10/site-packages/airflow/example_dags/example_branch_operator.py took 0.131 seconds
