[2025-02-17T22:32:36.061-0600] {processor.py:186} INFO - Started process (PID=20400) to work on /home/dataScience/Projects/Pipeline/venv/lib/python3.10/site-packages/airflow/example_dags/example_datasets.py
[2025-02-17T22:32:36.062-0600] {processor.py:914} INFO - Processing file /home/dataScience/Projects/Pipeline/venv/lib/python3.10/site-packages/airflow/example_dags/example_datasets.py for tasks to queue
[2025-02-17T22:32:36.064-0600] {logging_mixin.py:190} INFO - [2025-02-17T22:32:36.064-0600] {dagbag.py:588} INFO - Filling up the DagBag from /home/dataScience/Projects/Pipeline/venv/lib/python3.10/site-packages/airflow/example_dags/example_datasets.py
[2025-02-17T22:32:36.085-0600] {processor.py:925} INFO - DAG(s) 'consume_1_and_2_with_dataset_expressions', 'conditional_dataset_and_time_based_timetable', 'consume_1_or_2_with_dataset_expressions', 'dataset_consumes_1_never_scheduled', 'consume_1_or_both_2_and_3_with_dataset_expressions', 'dataset_consumes_unknown_never_scheduled', 'dataset_consumes_1', 'dataset_consumes_1_and_2', 'dataset_produces_1', 'dataset_produces_2' retrieved from /home/dataScience/Projects/Pipeline/venv/lib/python3.10/site-packages/airflow/example_dags/example_datasets.py
[2025-02-17T22:32:36.317-0600] {logging_mixin.py:190} INFO - [2025-02-17T22:32:36.315-0600] {override.py:1930} INFO - Created Permission View: can delete on DAG:consume_1_and_2_with_dataset_expressions
[2025-02-17T22:32:36.343-0600] {logging_mixin.py:190} INFO - [2025-02-17T22:32:36.342-0600] {override.py:1930} INFO - Created Permission View: can edit on DAG:consume_1_and_2_with_dataset_expressions
[2025-02-17T22:32:36.368-0600] {logging_mixin.py:190} INFO - [2025-02-17T22:32:36.367-0600] {override.py:1930} INFO - Created Permission View: can read on DAG:consume_1_and_2_with_dataset_expressions
[2025-02-17T22:32:36.398-0600] {logging_mixin.py:190} INFO - [2025-02-17T22:32:36.397-0600] {override.py:1930} INFO - Created Permission View: can create on DAG Run:consume_1_and_2_with_dataset_expressions
[2025-02-17T22:32:36.420-0600] {logging_mixin.py:190} INFO - [2025-02-17T22:32:36.419-0600] {override.py:1930} INFO - Created Permission View: can delete on DAG Run:consume_1_and_2_with_dataset_expressions
[2025-02-17T22:32:36.437-0600] {logging_mixin.py:190} INFO - [2025-02-17T22:32:36.437-0600] {override.py:1930} INFO - Created Permission View: menu access on DAG Run:consume_1_and_2_with_dataset_expressions
[2025-02-17T22:32:36.454-0600] {logging_mixin.py:190} INFO - [2025-02-17T22:32:36.454-0600] {override.py:1930} INFO - Created Permission View: can read on DAG Run:consume_1_and_2_with_dataset_expressions
[2025-02-17T22:32:36.488-0600] {logging_mixin.py:190} INFO - [2025-02-17T22:32:36.487-0600] {override.py:1930} INFO - Created Permission View: can delete on DAG:conditional_dataset_and_time_based_timetable
[2025-02-17T22:32:36.503-0600] {logging_mixin.py:190} INFO - [2025-02-17T22:32:36.503-0600] {override.py:1930} INFO - Created Permission View: can edit on DAG:conditional_dataset_and_time_based_timetable
[2025-02-17T22:32:36.517-0600] {logging_mixin.py:190} INFO - [2025-02-17T22:32:36.516-0600] {override.py:1930} INFO - Created Permission View: can read on DAG:conditional_dataset_and_time_based_timetable
[2025-02-17T22:32:36.542-0600] {logging_mixin.py:190} INFO - [2025-02-17T22:32:36.541-0600] {override.py:1930} INFO - Created Permission View: can create on DAG Run:conditional_dataset_and_time_based_timetable
[2025-02-17T22:32:36.557-0600] {logging_mixin.py:190} INFO - [2025-02-17T22:32:36.556-0600] {override.py:1930} INFO - Created Permission View: can delete on DAG Run:conditional_dataset_and_time_based_timetable
[2025-02-17T22:32:36.571-0600] {logging_mixin.py:190} INFO - [2025-02-17T22:32:36.571-0600] {override.py:1930} INFO - Created Permission View: menu access on DAG Run:conditional_dataset_and_time_based_timetable
[2025-02-17T22:32:36.585-0600] {logging_mixin.py:190} INFO - [2025-02-17T22:32:36.584-0600] {override.py:1930} INFO - Created Permission View: can read on DAG Run:conditional_dataset_and_time_based_timetable
[2025-02-17T22:32:36.614-0600] {logging_mixin.py:190} INFO - [2025-02-17T22:32:36.613-0600] {override.py:1930} INFO - Created Permission View: can delete on DAG:consume_1_or_2_with_dataset_expressions
[2025-02-17T22:32:36.627-0600] {logging_mixin.py:190} INFO - [2025-02-17T22:32:36.627-0600] {override.py:1930} INFO - Created Permission View: can edit on DAG:consume_1_or_2_with_dataset_expressions
[2025-02-17T22:32:36.641-0600] {logging_mixin.py:190} INFO - [2025-02-17T22:32:36.641-0600] {override.py:1930} INFO - Created Permission View: can read on DAG:consume_1_or_2_with_dataset_expressions
[2025-02-17T22:32:36.664-0600] {logging_mixin.py:190} INFO - [2025-02-17T22:32:36.663-0600] {override.py:1930} INFO - Created Permission View: can create on DAG Run:consume_1_or_2_with_dataset_expressions
[2025-02-17T22:32:36.678-0600] {logging_mixin.py:190} INFO - [2025-02-17T22:32:36.678-0600] {override.py:1930} INFO - Created Permission View: can delete on DAG Run:consume_1_or_2_with_dataset_expressions
[2025-02-17T22:32:36.692-0600] {logging_mixin.py:190} INFO - [2025-02-17T22:32:36.692-0600] {override.py:1930} INFO - Created Permission View: menu access on DAG Run:consume_1_or_2_with_dataset_expressions
[2025-02-17T22:32:36.705-0600] {logging_mixin.py:190} INFO - [2025-02-17T22:32:36.705-0600] {override.py:1930} INFO - Created Permission View: can read on DAG Run:consume_1_or_2_with_dataset_expressions
[2025-02-17T22:32:36.734-0600] {logging_mixin.py:190} INFO - [2025-02-17T22:32:36.734-0600] {override.py:1930} INFO - Created Permission View: can delete on DAG:dataset_consumes_1_never_scheduled
[2025-02-17T22:32:36.749-0600] {logging_mixin.py:190} INFO - [2025-02-17T22:32:36.748-0600] {override.py:1930} INFO - Created Permission View: can edit on DAG:dataset_consumes_1_never_scheduled
[2025-02-17T22:32:36.771-0600] {logging_mixin.py:190} INFO - [2025-02-17T22:32:36.770-0600] {override.py:1930} INFO - Created Permission View: can read on DAG:dataset_consumes_1_never_scheduled
[2025-02-17T22:32:36.801-0600] {logging_mixin.py:190} INFO - [2025-02-17T22:32:36.801-0600] {override.py:1930} INFO - Created Permission View: can create on DAG Run:dataset_consumes_1_never_scheduled
[2025-02-17T22:32:36.822-0600] {logging_mixin.py:190} INFO - [2025-02-17T22:32:36.822-0600] {override.py:1930} INFO - Created Permission View: can delete on DAG Run:dataset_consumes_1_never_scheduled
[2025-02-17T22:32:36.841-0600] {logging_mixin.py:190} INFO - [2025-02-17T22:32:36.840-0600] {override.py:1930} INFO - Created Permission View: menu access on DAG Run:dataset_consumes_1_never_scheduled
[2025-02-17T22:32:36.858-0600] {logging_mixin.py:190} INFO - [2025-02-17T22:32:36.857-0600] {override.py:1930} INFO - Created Permission View: can read on DAG Run:dataset_consumes_1_never_scheduled
[2025-02-17T22:32:36.894-0600] {logging_mixin.py:190} INFO - [2025-02-17T22:32:36.893-0600] {override.py:1930} INFO - Created Permission View: can delete on DAG:consume_1_or_both_2_and_3_with_dataset_expressions
[2025-02-17T22:32:36.909-0600] {logging_mixin.py:190} INFO - [2025-02-17T22:32:36.908-0600] {override.py:1930} INFO - Created Permission View: can edit on DAG:consume_1_or_both_2_and_3_with_dataset_expressions
[2025-02-17T22:32:36.926-0600] {logging_mixin.py:190} INFO - [2025-02-17T22:32:36.925-0600] {override.py:1930} INFO - Created Permission View: can read on DAG:consume_1_or_both_2_and_3_with_dataset_expressions
[2025-02-17T22:32:36.955-0600] {logging_mixin.py:190} INFO - [2025-02-17T22:32:36.954-0600] {override.py:1930} INFO - Created Permission View: can create on DAG Run:consume_1_or_both_2_and_3_with_dataset_expressions
[2025-02-17T22:32:36.974-0600] {logging_mixin.py:190} INFO - [2025-02-17T22:32:36.973-0600] {override.py:1930} INFO - Created Permission View: can delete on DAG Run:consume_1_or_both_2_and_3_with_dataset_expressions
[2025-02-17T22:32:36.994-0600] {logging_mixin.py:190} INFO - [2025-02-17T22:32:36.993-0600] {override.py:1930} INFO - Created Permission View: menu access on DAG Run:consume_1_or_both_2_and_3_with_dataset_expressions
[2025-02-17T22:32:37.013-0600] {logging_mixin.py:190} INFO - [2025-02-17T22:32:37.012-0600] {override.py:1930} INFO - Created Permission View: can read on DAG Run:consume_1_or_both_2_and_3_with_dataset_expressions
[2025-02-17T22:32:37.053-0600] {logging_mixin.py:190} INFO - [2025-02-17T22:32:37.052-0600] {override.py:1930} INFO - Created Permission View: can delete on DAG:dataset_consumes_unknown_never_scheduled
[2025-02-17T22:32:37.071-0600] {logging_mixin.py:190} INFO - [2025-02-17T22:32:37.070-0600] {override.py:1930} INFO - Created Permission View: can edit on DAG:dataset_consumes_unknown_never_scheduled
[2025-02-17T22:32:37.091-0600] {logging_mixin.py:190} INFO - [2025-02-17T22:32:37.091-0600] {override.py:1930} INFO - Created Permission View: can read on DAG:dataset_consumes_unknown_never_scheduled
[2025-02-17T22:32:37.119-0600] {logging_mixin.py:190} INFO - [2025-02-17T22:32:37.118-0600] {override.py:1930} INFO - Created Permission View: can create on DAG Run:dataset_consumes_unknown_never_scheduled
[2025-02-17T22:32:37.137-0600] {logging_mixin.py:190} INFO - [2025-02-17T22:32:37.136-0600] {override.py:1930} INFO - Created Permission View: can delete on DAG Run:dataset_consumes_unknown_never_scheduled
[2025-02-17T22:32:37.152-0600] {logging_mixin.py:190} INFO - [2025-02-17T22:32:37.152-0600] {override.py:1930} INFO - Created Permission View: menu access on DAG Run:dataset_consumes_unknown_never_scheduled
[2025-02-17T22:32:37.168-0600] {logging_mixin.py:190} INFO - [2025-02-17T22:32:37.167-0600] {override.py:1930} INFO - Created Permission View: can read on DAG Run:dataset_consumes_unknown_never_scheduled
[2025-02-17T22:32:37.200-0600] {logging_mixin.py:190} INFO - [2025-02-17T22:32:37.200-0600] {override.py:1930} INFO - Created Permission View: can delete on DAG:dataset_consumes_1
[2025-02-17T22:32:37.215-0600] {logging_mixin.py:190} INFO - [2025-02-17T22:32:37.214-0600] {override.py:1930} INFO - Created Permission View: can edit on DAG:dataset_consumes_1
[2025-02-17T22:32:37.231-0600] {logging_mixin.py:190} INFO - [2025-02-17T22:32:37.231-0600] {override.py:1930} INFO - Created Permission View: can read on DAG:dataset_consumes_1
[2025-02-17T22:32:37.258-0600] {logging_mixin.py:190} INFO - [2025-02-17T22:32:37.258-0600] {override.py:1930} INFO - Created Permission View: can create on DAG Run:dataset_consumes_1
[2025-02-17T22:32:37.277-0600] {logging_mixin.py:190} INFO - [2025-02-17T22:32:37.276-0600] {override.py:1930} INFO - Created Permission View: can delete on DAG Run:dataset_consumes_1
[2025-02-17T22:32:37.291-0600] {logging_mixin.py:190} INFO - [2025-02-17T22:32:37.290-0600] {override.py:1930} INFO - Created Permission View: menu access on DAG Run:dataset_consumes_1
[2025-02-17T22:32:37.305-0600] {logging_mixin.py:190} INFO - [2025-02-17T22:32:37.304-0600] {override.py:1930} INFO - Created Permission View: can read on DAG Run:dataset_consumes_1
[2025-02-17T22:32:37.337-0600] {logging_mixin.py:190} INFO - [2025-02-17T22:32:37.336-0600] {override.py:1930} INFO - Created Permission View: can delete on DAG:dataset_consumes_1_and_2
[2025-02-17T22:32:37.351-0600] {logging_mixin.py:190} INFO - [2025-02-17T22:32:37.350-0600] {override.py:1930} INFO - Created Permission View: can edit on DAG:dataset_consumes_1_and_2
[2025-02-17T22:32:37.364-0600] {logging_mixin.py:190} INFO - [2025-02-17T22:32:37.364-0600] {override.py:1930} INFO - Created Permission View: can read on DAG:dataset_consumes_1_and_2
[2025-02-17T22:32:37.392-0600] {logging_mixin.py:190} INFO - [2025-02-17T22:32:37.391-0600] {override.py:1930} INFO - Created Permission View: can create on DAG Run:dataset_consumes_1_and_2
[2025-02-17T22:32:37.408-0600] {logging_mixin.py:190} INFO - [2025-02-17T22:32:37.407-0600] {override.py:1930} INFO - Created Permission View: can delete on DAG Run:dataset_consumes_1_and_2
[2025-02-17T22:32:37.422-0600] {logging_mixin.py:190} INFO - [2025-02-17T22:32:37.421-0600] {override.py:1930} INFO - Created Permission View: menu access on DAG Run:dataset_consumes_1_and_2
[2025-02-17T22:32:37.437-0600] {logging_mixin.py:190} INFO - [2025-02-17T22:32:37.437-0600] {override.py:1930} INFO - Created Permission View: can read on DAG Run:dataset_consumes_1_and_2
[2025-02-17T22:32:37.470-0600] {logging_mixin.py:190} INFO - [2025-02-17T22:32:37.470-0600] {override.py:1930} INFO - Created Permission View: can delete on DAG:dataset_produces_1
[2025-02-17T22:32:37.486-0600] {logging_mixin.py:190} INFO - [2025-02-17T22:32:37.485-0600] {override.py:1930} INFO - Created Permission View: can edit on DAG:dataset_produces_1
[2025-02-17T22:32:37.501-0600] {logging_mixin.py:190} INFO - [2025-02-17T22:32:37.501-0600] {override.py:1930} INFO - Created Permission View: can read on DAG:dataset_produces_1
[2025-02-17T22:32:37.527-0600] {logging_mixin.py:190} INFO - [2025-02-17T22:32:37.527-0600] {override.py:1930} INFO - Created Permission View: can create on DAG Run:dataset_produces_1
[2025-02-17T22:32:37.546-0600] {logging_mixin.py:190} INFO - [2025-02-17T22:32:37.545-0600] {override.py:1930} INFO - Created Permission View: can delete on DAG Run:dataset_produces_1
[2025-02-17T22:32:37.562-0600] {logging_mixin.py:190} INFO - [2025-02-17T22:32:37.561-0600] {override.py:1930} INFO - Created Permission View: menu access on DAG Run:dataset_produces_1
[2025-02-17T22:32:37.577-0600] {logging_mixin.py:190} INFO - [2025-02-17T22:32:37.576-0600] {override.py:1930} INFO - Created Permission View: can read on DAG Run:dataset_produces_1
[2025-02-17T22:32:37.608-0600] {logging_mixin.py:190} INFO - [2025-02-17T22:32:37.608-0600] {override.py:1930} INFO - Created Permission View: can delete on DAG:dataset_produces_2
[2025-02-17T22:32:37.624-0600] {logging_mixin.py:190} INFO - [2025-02-17T22:32:37.623-0600] {override.py:1930} INFO - Created Permission View: can edit on DAG:dataset_produces_2
[2025-02-17T22:32:37.638-0600] {logging_mixin.py:190} INFO - [2025-02-17T22:32:37.637-0600] {override.py:1930} INFO - Created Permission View: can read on DAG:dataset_produces_2
[2025-02-17T22:32:37.660-0600] {logging_mixin.py:190} INFO - [2025-02-17T22:32:37.660-0600] {override.py:1930} INFO - Created Permission View: can create on DAG Run:dataset_produces_2
[2025-02-17T22:32:37.675-0600] {logging_mixin.py:190} INFO - [2025-02-17T22:32:37.674-0600] {override.py:1930} INFO - Created Permission View: can delete on DAG Run:dataset_produces_2
[2025-02-17T22:32:37.689-0600] {logging_mixin.py:190} INFO - [2025-02-17T22:32:37.689-0600] {override.py:1930} INFO - Created Permission View: menu access on DAG Run:dataset_produces_2
[2025-02-17T22:32:37.704-0600] {logging_mixin.py:190} INFO - [2025-02-17T22:32:37.703-0600] {override.py:1930} INFO - Created Permission View: can read on DAG Run:dataset_produces_2
[2025-02-17T22:32:37.704-0600] {logging_mixin.py:190} INFO - [2025-02-17T22:32:37.704-0600] {dag.py:3239} INFO - Sync 10 DAGs
[2025-02-17T22:32:37.721-0600] {logging_mixin.py:190} INFO - [2025-02-17T22:32:37.720-0600] {dag.py:3262} INFO - Creating ORM DAG for dataset_consumes_1_never_scheduled
[2025-02-17T22:32:37.722-0600] {logging_mixin.py:190} INFO - [2025-02-17T22:32:37.721-0600] {dag.py:3262} INFO - Creating ORM DAG for dataset_produces_1
[2025-02-17T22:32:37.723-0600] {logging_mixin.py:190} INFO - [2025-02-17T22:32:37.722-0600] {dag.py:3262} INFO - Creating ORM DAG for conditional_dataset_and_time_based_timetable
[2025-02-17T22:32:37.723-0600] {logging_mixin.py:190} INFO - [2025-02-17T22:32:37.723-0600] {dag.py:3262} INFO - Creating ORM DAG for dataset_produces_2
[2025-02-17T22:32:37.724-0600] {logging_mixin.py:190} INFO - [2025-02-17T22:32:37.724-0600] {dag.py:3262} INFO - Creating ORM DAG for consume_1_or_2_with_dataset_expressions
[2025-02-17T22:32:37.724-0600] {logging_mixin.py:190} INFO - [2025-02-17T22:32:37.724-0600] {dag.py:3262} INFO - Creating ORM DAG for consume_1_or_both_2_and_3_with_dataset_expressions
[2025-02-17T22:32:37.725-0600] {logging_mixin.py:190} INFO - [2025-02-17T22:32:37.725-0600] {dag.py:3262} INFO - Creating ORM DAG for dataset_consumes_1
[2025-02-17T22:32:37.725-0600] {logging_mixin.py:190} INFO - [2025-02-17T22:32:37.725-0600] {dag.py:3262} INFO - Creating ORM DAG for dataset_consumes_1_and_2
[2025-02-17T22:32:37.726-0600] {logging_mixin.py:190} INFO - [2025-02-17T22:32:37.726-0600] {dag.py:3262} INFO - Creating ORM DAG for dataset_consumes_unknown_never_scheduled
[2025-02-17T22:32:37.726-0600] {logging_mixin.py:190} INFO - [2025-02-17T22:32:37.726-0600] {dag.py:3262} INFO - Creating ORM DAG for consume_1_and_2_with_dataset_expressions
[2025-02-17T22:32:37.739-0600] {logging_mixin.py:190} INFO - [2025-02-17T22:32:37.738-0600] {dag.py:4180} INFO - Setting next_dagrun for conditional_dataset_and_time_based_timetable to 2025-02-12 01:00:00+00:00, run_after=2025-02-12 01:00:00+00:00
[2025-02-17T22:32:37.740-0600] {logging_mixin.py:190} INFO - [2025-02-17T22:32:37.740-0600] {dag.py:4180} INFO - Setting next_dagrun for consume_1_and_2_with_dataset_expressions to None, run_after=None
[2025-02-17T22:32:37.740-0600] {logging_mixin.py:190} INFO - [2025-02-17T22:32:37.740-0600] {dag.py:4180} INFO - Setting next_dagrun for consume_1_or_2_with_dataset_expressions to None, run_after=None
[2025-02-17T22:32:37.741-0600] {logging_mixin.py:190} INFO - [2025-02-17T22:32:37.741-0600] {dag.py:4180} INFO - Setting next_dagrun for consume_1_or_both_2_and_3_with_dataset_expressions to None, run_after=None
[2025-02-17T22:32:37.741-0600] {logging_mixin.py:190} INFO - [2025-02-17T22:32:37.741-0600] {dag.py:4180} INFO - Setting next_dagrun for dataset_consumes_1 to None, run_after=None
[2025-02-17T22:32:37.742-0600] {logging_mixin.py:190} INFO - [2025-02-17T22:32:37.742-0600] {dag.py:4180} INFO - Setting next_dagrun for dataset_consumes_1_and_2 to None, run_after=None
[2025-02-17T22:32:37.742-0600] {logging_mixin.py:190} INFO - [2025-02-17T22:32:37.742-0600] {dag.py:4180} INFO - Setting next_dagrun for dataset_consumes_1_never_scheduled to None, run_after=None
[2025-02-17T22:32:37.743-0600] {logging_mixin.py:190} INFO - [2025-02-17T22:32:37.743-0600] {dag.py:4180} INFO - Setting next_dagrun for dataset_consumes_unknown_never_scheduled to None, run_after=None
[2025-02-17T22:32:37.745-0600] {logging_mixin.py:190} INFO - [2025-02-17T22:32:37.744-0600] {dag.py:4180} INFO - Setting next_dagrun for dataset_produces_1 to 2025-02-17 00:00:00+00:00, run_after=2025-02-18 00:00:00+00:00
[2025-02-17T22:32:37.745-0600] {logging_mixin.py:190} INFO - [2025-02-17T22:32:37.745-0600] {dag.py:4180} INFO - Setting next_dagrun for dataset_produces_2 to None, run_after=None
[2025-02-17T22:32:37.798-0600] {processor.py:208} INFO - Processing /home/dataScience/Projects/Pipeline/venv/lib/python3.10/site-packages/airflow/example_dags/example_datasets.py took 1.744 seconds
[2025-02-17T22:33:54.576-0600] {processor.py:186} INFO - Started process (PID=21178) to work on /home/dataScience/Projects/Pipeline/venv/lib/python3.10/site-packages/airflow/example_dags/example_datasets.py
[2025-02-17T22:33:54.580-0600] {processor.py:914} INFO - Processing file /home/dataScience/Projects/Pipeline/venv/lib/python3.10/site-packages/airflow/example_dags/example_datasets.py for tasks to queue
[2025-02-17T22:33:54.583-0600] {logging_mixin.py:190} INFO - [2025-02-17T22:33:54.582-0600] {dagbag.py:588} INFO - Filling up the DagBag from /home/dataScience/Projects/Pipeline/venv/lib/python3.10/site-packages/airflow/example_dags/example_datasets.py
[2025-02-17T22:33:54.611-0600] {processor.py:925} INFO - DAG(s) 'dataset_consumes_1_and_2', 'dataset_produces_1', 'dataset_consumes_1', 'consume_1_or_both_2_and_3_with_dataset_expressions', 'consume_1_and_2_with_dataset_expressions', 'dataset_consumes_unknown_never_scheduled', 'dataset_consumes_1_never_scheduled', 'conditional_dataset_and_time_based_timetable', 'consume_1_or_2_with_dataset_expressions', 'dataset_produces_2' retrieved from /home/dataScience/Projects/Pipeline/venv/lib/python3.10/site-packages/airflow/example_dags/example_datasets.py
[2025-02-17T22:33:54.677-0600] {logging_mixin.py:190} INFO - [2025-02-17T22:33:54.677-0600] {dag.py:3239} INFO - Sync 10 DAGs
[2025-02-17T22:33:54.720-0600] {logging_mixin.py:190} INFO - [2025-02-17T22:33:54.720-0600] {dag.py:4180} INFO - Setting next_dagrun for conditional_dataset_and_time_based_timetable to 2025-02-12 01:00:00+00:00, run_after=2025-02-12 01:00:00+00:00
[2025-02-17T22:33:54.725-0600] {logging_mixin.py:190} INFO - [2025-02-17T22:33:54.724-0600] {dag.py:4180} INFO - Setting next_dagrun for consume_1_and_2_with_dataset_expressions to None, run_after=None
[2025-02-17T22:33:54.726-0600] {logging_mixin.py:190} INFO - [2025-02-17T22:33:54.726-0600] {dag.py:4180} INFO - Setting next_dagrun for consume_1_or_2_with_dataset_expressions to None, run_after=None
[2025-02-17T22:33:54.727-0600] {logging_mixin.py:190} INFO - [2025-02-17T22:33:54.727-0600] {dag.py:4180} INFO - Setting next_dagrun for consume_1_or_both_2_and_3_with_dataset_expressions to None, run_after=None
[2025-02-17T22:33:54.728-0600] {logging_mixin.py:190} INFO - [2025-02-17T22:33:54.728-0600] {dag.py:4180} INFO - Setting next_dagrun for dataset_consumes_1 to None, run_after=None
[2025-02-17T22:33:54.729-0600] {logging_mixin.py:190} INFO - [2025-02-17T22:33:54.729-0600] {dag.py:4180} INFO - Setting next_dagrun for dataset_consumes_1_and_2 to None, run_after=None
[2025-02-17T22:33:54.731-0600] {logging_mixin.py:190} INFO - [2025-02-17T22:33:54.730-0600] {dag.py:4180} INFO - Setting next_dagrun for dataset_consumes_1_never_scheduled to None, run_after=None
[2025-02-17T22:33:54.732-0600] {logging_mixin.py:190} INFO - [2025-02-17T22:33:54.732-0600] {dag.py:4180} INFO - Setting next_dagrun for dataset_consumes_unknown_never_scheduled to None, run_after=None
[2025-02-17T22:33:54.736-0600] {logging_mixin.py:190} INFO - [2025-02-17T22:33:54.736-0600] {dag.py:4180} INFO - Setting next_dagrun for dataset_produces_1 to 2025-02-17 00:00:00+00:00, run_after=2025-02-18 00:00:00+00:00
[2025-02-17T22:33:54.738-0600] {logging_mixin.py:190} INFO - [2025-02-17T22:33:54.738-0600] {dag.py:4180} INFO - Setting next_dagrun for dataset_produces_2 to None, run_after=None
[2025-02-17T22:33:54.792-0600] {processor.py:208} INFO - Processing /home/dataScience/Projects/Pipeline/venv/lib/python3.10/site-packages/airflow/example_dags/example_datasets.py took 0.228 seconds
[2025-02-17T22:34:53.598-0600] {processor.py:186} INFO - Started process (PID=21807) to work on /home/dataScience/Projects/Pipeline/venv/lib/python3.10/site-packages/airflow/example_dags/example_datasets.py
[2025-02-17T22:34:53.600-0600] {processor.py:914} INFO - Processing file /home/dataScience/Projects/Pipeline/venv/lib/python3.10/site-packages/airflow/example_dags/example_datasets.py for tasks to queue
[2025-02-17T22:34:53.604-0600] {logging_mixin.py:190} INFO - [2025-02-17T22:34:53.603-0600] {dagbag.py:588} INFO - Filling up the DagBag from /home/dataScience/Projects/Pipeline/venv/lib/python3.10/site-packages/airflow/example_dags/example_datasets.py
[2025-02-17T22:34:53.635-0600] {processor.py:925} INFO - DAG(s) 'consume_1_or_2_with_dataset_expressions', 'dataset_produces_1', 'dataset_produces_2', 'conditional_dataset_and_time_based_timetable', 'consume_1_or_both_2_and_3_with_dataset_expressions', 'consume_1_and_2_with_dataset_expressions', 'dataset_consumes_unknown_never_scheduled', 'dataset_consumes_1', 'dataset_consumes_1_never_scheduled', 'dataset_consumes_1_and_2' retrieved from /home/dataScience/Projects/Pipeline/venv/lib/python3.10/site-packages/airflow/example_dags/example_datasets.py
[2025-02-17T22:34:53.685-0600] {logging_mixin.py:190} INFO - [2025-02-17T22:34:53.684-0600] {dag.py:3239} INFO - Sync 10 DAGs
[2025-02-17T22:34:53.712-0600] {logging_mixin.py:190} INFO - [2025-02-17T22:34:53.712-0600] {dag.py:4180} INFO - Setting next_dagrun for conditional_dataset_and_time_based_timetable to 2025-02-12 01:00:00+00:00, run_after=2025-02-12 01:00:00+00:00
[2025-02-17T22:34:53.717-0600] {logging_mixin.py:190} INFO - [2025-02-17T22:34:53.716-0600] {dag.py:4180} INFO - Setting next_dagrun for consume_1_and_2_with_dataset_expressions to None, run_after=None
[2025-02-17T22:34:53.718-0600] {logging_mixin.py:190} INFO - [2025-02-17T22:34:53.718-0600] {dag.py:4180} INFO - Setting next_dagrun for consume_1_or_2_with_dataset_expressions to None, run_after=None
[2025-02-17T22:34:53.719-0600] {logging_mixin.py:190} INFO - [2025-02-17T22:34:53.719-0600] {dag.py:4180} INFO - Setting next_dagrun for consume_1_or_both_2_and_3_with_dataset_expressions to None, run_after=None
[2025-02-17T22:34:53.720-0600] {logging_mixin.py:190} INFO - [2025-02-17T22:34:53.720-0600] {dag.py:4180} INFO - Setting next_dagrun for dataset_consumes_1 to None, run_after=None
[2025-02-17T22:34:53.722-0600] {logging_mixin.py:190} INFO - [2025-02-17T22:34:53.722-0600] {dag.py:4180} INFO - Setting next_dagrun for dataset_consumes_1_and_2 to None, run_after=None
[2025-02-17T22:34:53.724-0600] {logging_mixin.py:190} INFO - [2025-02-17T22:34:53.723-0600] {dag.py:4180} INFO - Setting next_dagrun for dataset_consumes_1_never_scheduled to None, run_after=None
[2025-02-17T22:34:53.725-0600] {logging_mixin.py:190} INFO - [2025-02-17T22:34:53.725-0600] {dag.py:4180} INFO - Setting next_dagrun for dataset_consumes_unknown_never_scheduled to None, run_after=None
[2025-02-17T22:34:53.728-0600] {logging_mixin.py:190} INFO - [2025-02-17T22:34:53.728-0600] {dag.py:4180} INFO - Setting next_dagrun for dataset_produces_1 to 2025-02-17 00:00:00+00:00, run_after=2025-02-18 00:00:00+00:00
[2025-02-17T22:34:53.729-0600] {logging_mixin.py:190} INFO - [2025-02-17T22:34:53.729-0600] {dag.py:4180} INFO - Setting next_dagrun for dataset_produces_2 to None, run_after=None
[2025-02-17T22:34:53.775-0600] {processor.py:208} INFO - Processing /home/dataScience/Projects/Pipeline/venv/lib/python3.10/site-packages/airflow/example_dags/example_datasets.py took 0.185 seconds
[2025-02-17T22:35:57.899-0600] {processor.py:186} INFO - Started process (PID=22465) to work on /home/dataScience/Projects/Pipeline/venv/lib/python3.10/site-packages/airflow/example_dags/example_datasets.py
[2025-02-17T22:35:57.900-0600] {processor.py:914} INFO - Processing file /home/dataScience/Projects/Pipeline/venv/lib/python3.10/site-packages/airflow/example_dags/example_datasets.py for tasks to queue
[2025-02-17T22:35:57.904-0600] {logging_mixin.py:190} INFO - [2025-02-17T22:35:57.903-0600] {dagbag.py:588} INFO - Filling up the DagBag from /home/dataScience/Projects/Pipeline/venv/lib/python3.10/site-packages/airflow/example_dags/example_datasets.py
[2025-02-17T22:35:57.936-0600] {processor.py:925} INFO - DAG(s) 'consume_1_and_2_with_dataset_expressions', 'dataset_consumes_1_never_scheduled', 'consume_1_or_both_2_and_3_with_dataset_expressions', 'dataset_consumes_1_and_2', 'dataset_produces_2', 'consume_1_or_2_with_dataset_expressions', 'conditional_dataset_and_time_based_timetable', 'dataset_consumes_1', 'dataset_produces_1', 'dataset_consumes_unknown_never_scheduled' retrieved from /home/dataScience/Projects/Pipeline/venv/lib/python3.10/site-packages/airflow/example_dags/example_datasets.py
[2025-02-17T22:35:58.022-0600] {logging_mixin.py:190} INFO - [2025-02-17T22:35:58.021-0600] {dag.py:3239} INFO - Sync 10 DAGs
[2025-02-17T22:35:58.061-0600] {logging_mixin.py:190} INFO - [2025-02-17T22:35:58.060-0600] {dag.py:4180} INFO - Setting next_dagrun for conditional_dataset_and_time_based_timetable to 2025-02-12 01:00:00+00:00, run_after=2025-02-12 01:00:00+00:00
[2025-02-17T22:35:58.066-0600] {logging_mixin.py:190} INFO - [2025-02-17T22:35:58.065-0600] {dag.py:4180} INFO - Setting next_dagrun for consume_1_and_2_with_dataset_expressions to None, run_after=None
[2025-02-17T22:35:58.067-0600] {logging_mixin.py:190} INFO - [2025-02-17T22:35:58.067-0600] {dag.py:4180} INFO - Setting next_dagrun for consume_1_or_2_with_dataset_expressions to None, run_after=None
[2025-02-17T22:35:58.069-0600] {logging_mixin.py:190} INFO - [2025-02-17T22:35:58.069-0600] {dag.py:4180} INFO - Setting next_dagrun for consume_1_or_both_2_and_3_with_dataset_expressions to None, run_after=None
[2025-02-17T22:35:58.070-0600] {logging_mixin.py:190} INFO - [2025-02-17T22:35:58.070-0600] {dag.py:4180} INFO - Setting next_dagrun for dataset_consumes_1 to None, run_after=None
[2025-02-17T22:35:58.072-0600] {logging_mixin.py:190} INFO - [2025-02-17T22:35:58.072-0600] {dag.py:4180} INFO - Setting next_dagrun for dataset_consumes_1_and_2 to None, run_after=None
[2025-02-17T22:35:58.074-0600] {logging_mixin.py:190} INFO - [2025-02-17T22:35:58.074-0600] {dag.py:4180} INFO - Setting next_dagrun for dataset_consumes_1_never_scheduled to None, run_after=None
[2025-02-17T22:35:58.077-0600] {logging_mixin.py:190} INFO - [2025-02-17T22:35:58.076-0600] {dag.py:4180} INFO - Setting next_dagrun for dataset_consumes_unknown_never_scheduled to None, run_after=None
[2025-02-17T22:35:58.084-0600] {logging_mixin.py:190} INFO - [2025-02-17T22:35:58.084-0600] {dag.py:4180} INFO - Setting next_dagrun for dataset_produces_1 to 2025-02-17 00:00:00+00:00, run_after=2025-02-18 00:00:00+00:00
[2025-02-17T22:35:58.087-0600] {logging_mixin.py:190} INFO - [2025-02-17T22:35:58.086-0600] {dag.py:4180} INFO - Setting next_dagrun for dataset_produces_2 to None, run_after=None
[2025-02-17T22:35:58.139-0600] {processor.py:208} INFO - Processing /home/dataScience/Projects/Pipeline/venv/lib/python3.10/site-packages/airflow/example_dags/example_datasets.py took 0.249 seconds
[2025-02-17T22:37:00.128-0600] {processor.py:186} INFO - Started process (PID=23041) to work on /home/dataScience/Projects/Pipeline/venv/lib/python3.10/site-packages/airflow/example_dags/example_datasets.py
[2025-02-17T22:37:00.131-0600] {processor.py:914} INFO - Processing file /home/dataScience/Projects/Pipeline/venv/lib/python3.10/site-packages/airflow/example_dags/example_datasets.py for tasks to queue
[2025-02-17T22:37:00.134-0600] {logging_mixin.py:190} INFO - [2025-02-17T22:37:00.133-0600] {dagbag.py:588} INFO - Filling up the DagBag from /home/dataScience/Projects/Pipeline/venv/lib/python3.10/site-packages/airflow/example_dags/example_datasets.py
[2025-02-17T22:37:00.155-0600] {processor.py:925} INFO - DAG(s) 'dataset_consumes_1', 'dataset_consumes_unknown_never_scheduled', 'conditional_dataset_and_time_based_timetable', 'consume_1_or_2_with_dataset_expressions', 'dataset_consumes_1_and_2', 'dataset_consumes_1_never_scheduled', 'consume_1_and_2_with_dataset_expressions', 'consume_1_or_both_2_and_3_with_dataset_expressions', 'dataset_produces_1', 'dataset_produces_2' retrieved from /home/dataScience/Projects/Pipeline/venv/lib/python3.10/site-packages/airflow/example_dags/example_datasets.py
[2025-02-17T22:37:00.204-0600] {logging_mixin.py:190} INFO - [2025-02-17T22:37:00.203-0600] {dag.py:3239} INFO - Sync 10 DAGs
[2025-02-17T22:37:00.235-0600] {logging_mixin.py:190} INFO - [2025-02-17T22:37:00.235-0600] {dag.py:4180} INFO - Setting next_dagrun for conditional_dataset_and_time_based_timetable to 2025-02-12 01:00:00+00:00, run_after=2025-02-12 01:00:00+00:00
[2025-02-17T22:37:00.240-0600] {logging_mixin.py:190} INFO - [2025-02-17T22:37:00.240-0600] {dag.py:4180} INFO - Setting next_dagrun for consume_1_and_2_with_dataset_expressions to None, run_after=None
[2025-02-17T22:37:00.242-0600] {logging_mixin.py:190} INFO - [2025-02-17T22:37:00.242-0600] {dag.py:4180} INFO - Setting next_dagrun for consume_1_or_2_with_dataset_expressions to None, run_after=None
[2025-02-17T22:37:00.244-0600] {logging_mixin.py:190} INFO - [2025-02-17T22:37:00.244-0600] {dag.py:4180} INFO - Setting next_dagrun for consume_1_or_both_2_and_3_with_dataset_expressions to None, run_after=None
[2025-02-17T22:37:00.245-0600] {logging_mixin.py:190} INFO - [2025-02-17T22:37:00.245-0600] {dag.py:4180} INFO - Setting next_dagrun for dataset_consumes_1 to None, run_after=None
[2025-02-17T22:37:00.247-0600] {logging_mixin.py:190} INFO - [2025-02-17T22:37:00.246-0600] {dag.py:4180} INFO - Setting next_dagrun for dataset_consumes_1_and_2 to None, run_after=None
[2025-02-17T22:37:00.248-0600] {logging_mixin.py:190} INFO - [2025-02-17T22:37:00.248-0600] {dag.py:4180} INFO - Setting next_dagrun for dataset_consumes_1_never_scheduled to None, run_after=None
[2025-02-17T22:37:00.249-0600] {logging_mixin.py:190} INFO - [2025-02-17T22:37:00.249-0600] {dag.py:4180} INFO - Setting next_dagrun for dataset_consumes_unknown_never_scheduled to None, run_after=None
[2025-02-17T22:37:00.251-0600] {logging_mixin.py:190} INFO - [2025-02-17T22:37:00.251-0600] {dag.py:4180} INFO - Setting next_dagrun for dataset_produces_1 to 2025-02-17 00:00:00+00:00, run_after=2025-02-18 00:00:00+00:00
[2025-02-17T22:37:00.253-0600] {logging_mixin.py:190} INFO - [2025-02-17T22:37:00.253-0600] {dag.py:4180} INFO - Setting next_dagrun for dataset_produces_2 to None, run_after=None
[2025-02-17T22:37:00.301-0600] {processor.py:208} INFO - Processing /home/dataScience/Projects/Pipeline/venv/lib/python3.10/site-packages/airflow/example_dags/example_datasets.py took 0.180 seconds
[2025-02-17T22:37:56.245-0600] {processor.py:186} INFO - Started process (PID=23514) to work on /home/dataScience/Projects/Pipeline/venv/lib/python3.10/site-packages/airflow/example_dags/example_datasets.py
[2025-02-17T22:37:56.248-0600] {processor.py:914} INFO - Processing file /home/dataScience/Projects/Pipeline/venv/lib/python3.10/site-packages/airflow/example_dags/example_datasets.py for tasks to queue
[2025-02-17T22:37:56.251-0600] {logging_mixin.py:190} INFO - [2025-02-17T22:37:56.251-0600] {dagbag.py:588} INFO - Filling up the DagBag from /home/dataScience/Projects/Pipeline/venv/lib/python3.10/site-packages/airflow/example_dags/example_datasets.py
[2025-02-17T22:37:56.269-0600] {processor.py:925} INFO - DAG(s) 'dataset_produces_2', 'dataset_consumes_1', 'consume_1_and_2_with_dataset_expressions', 'dataset_consumes_1_and_2', 'consume_1_or_2_with_dataset_expressions', 'conditional_dataset_and_time_based_timetable', 'dataset_consumes_1_never_scheduled', 'dataset_consumes_unknown_never_scheduled', 'consume_1_or_both_2_and_3_with_dataset_expressions', 'dataset_produces_1' retrieved from /home/dataScience/Projects/Pipeline/venv/lib/python3.10/site-packages/airflow/example_dags/example_datasets.py
[2025-02-17T22:37:56.316-0600] {logging_mixin.py:190} INFO - [2025-02-17T22:37:56.316-0600] {dag.py:3239} INFO - Sync 10 DAGs
[2025-02-17T22:37:56.346-0600] {logging_mixin.py:190} INFO - [2025-02-17T22:37:56.346-0600] {dag.py:4180} INFO - Setting next_dagrun for conditional_dataset_and_time_based_timetable to 2025-02-12 01:00:00+00:00, run_after=2025-02-12 01:00:00+00:00
[2025-02-17T22:37:56.350-0600] {logging_mixin.py:190} INFO - [2025-02-17T22:37:56.350-0600] {dag.py:4180} INFO - Setting next_dagrun for consume_1_and_2_with_dataset_expressions to None, run_after=None
[2025-02-17T22:37:56.351-0600] {logging_mixin.py:190} INFO - [2025-02-17T22:37:56.351-0600] {dag.py:4180} INFO - Setting next_dagrun for consume_1_or_2_with_dataset_expressions to None, run_after=None
[2025-02-17T22:37:56.353-0600] {logging_mixin.py:190} INFO - [2025-02-17T22:37:56.353-0600] {dag.py:4180} INFO - Setting next_dagrun for consume_1_or_both_2_and_3_with_dataset_expressions to None, run_after=None
[2025-02-17T22:37:56.355-0600] {logging_mixin.py:190} INFO - [2025-02-17T22:37:56.354-0600] {dag.py:4180} INFO - Setting next_dagrun for dataset_consumes_1 to None, run_after=None
[2025-02-17T22:37:56.356-0600] {logging_mixin.py:190} INFO - [2025-02-17T22:37:56.356-0600] {dag.py:4180} INFO - Setting next_dagrun for dataset_consumes_1_and_2 to None, run_after=None
[2025-02-17T22:37:56.357-0600] {logging_mixin.py:190} INFO - [2025-02-17T22:37:56.357-0600] {dag.py:4180} INFO - Setting next_dagrun for dataset_consumes_1_never_scheduled to None, run_after=None
[2025-02-17T22:37:56.358-0600] {logging_mixin.py:190} INFO - [2025-02-17T22:37:56.358-0600] {dag.py:4180} INFO - Setting next_dagrun for dataset_consumes_unknown_never_scheduled to None, run_after=None
[2025-02-17T22:37:56.361-0600] {logging_mixin.py:190} INFO - [2025-02-17T22:37:56.361-0600] {dag.py:4180} INFO - Setting next_dagrun for dataset_produces_1 to 2025-02-17 00:00:00+00:00, run_after=2025-02-18 00:00:00+00:00
[2025-02-17T22:37:56.362-0600] {logging_mixin.py:190} INFO - [2025-02-17T22:37:56.362-0600] {dag.py:4180} INFO - Setting next_dagrun for dataset_produces_2 to None, run_after=None
[2025-02-17T22:37:56.407-0600] {processor.py:208} INFO - Processing /home/dataScience/Projects/Pipeline/venv/lib/python3.10/site-packages/airflow/example_dags/example_datasets.py took 0.171 seconds
[2025-02-17T22:38:56.731-0600] {processor.py:186} INFO - Started process (PID=24022) to work on /home/dataScience/Projects/Pipeline/venv/lib/python3.10/site-packages/airflow/example_dags/example_datasets.py
[2025-02-17T22:38:56.733-0600] {processor.py:914} INFO - Processing file /home/dataScience/Projects/Pipeline/venv/lib/python3.10/site-packages/airflow/example_dags/example_datasets.py for tasks to queue
[2025-02-17T22:38:56.736-0600] {logging_mixin.py:190} INFO - [2025-02-17T22:38:56.735-0600] {dagbag.py:588} INFO - Filling up the DagBag from /home/dataScience/Projects/Pipeline/venv/lib/python3.10/site-packages/airflow/example_dags/example_datasets.py
[2025-02-17T22:38:56.760-0600] {processor.py:925} INFO - DAG(s) 'dataset_produces_2', 'dataset_consumes_1_and_2', 'dataset_produces_1', 'consume_1_or_2_with_dataset_expressions', 'consume_1_and_2_with_dataset_expressions', 'consume_1_or_both_2_and_3_with_dataset_expressions', 'dataset_consumes_unknown_never_scheduled', 'dataset_consumes_1', 'dataset_consumes_1_never_scheduled', 'conditional_dataset_and_time_based_timetable' retrieved from /home/dataScience/Projects/Pipeline/venv/lib/python3.10/site-packages/airflow/example_dags/example_datasets.py
[2025-02-17T22:38:56.820-0600] {logging_mixin.py:190} INFO - [2025-02-17T22:38:56.819-0600] {dag.py:3239} INFO - Sync 10 DAGs
[2025-02-17T22:38:56.856-0600] {logging_mixin.py:190} INFO - [2025-02-17T22:38:56.856-0600] {dag.py:4180} INFO - Setting next_dagrun for conditional_dataset_and_time_based_timetable to 2025-02-12 01:00:00+00:00, run_after=2025-02-12 01:00:00+00:00
[2025-02-17T22:38:56.862-0600] {logging_mixin.py:190} INFO - [2025-02-17T22:38:56.862-0600] {dag.py:4180} INFO - Setting next_dagrun for consume_1_and_2_with_dataset_expressions to None, run_after=None
[2025-02-17T22:38:56.864-0600] {logging_mixin.py:190} INFO - [2025-02-17T22:38:56.864-0600] {dag.py:4180} INFO - Setting next_dagrun for consume_1_or_2_with_dataset_expressions to None, run_after=None
[2025-02-17T22:38:56.865-0600] {logging_mixin.py:190} INFO - [2025-02-17T22:38:56.865-0600] {dag.py:4180} INFO - Setting next_dagrun for consume_1_or_both_2_and_3_with_dataset_expressions to None, run_after=None
[2025-02-17T22:38:56.866-0600] {logging_mixin.py:190} INFO - [2025-02-17T22:38:56.866-0600] {dag.py:4180} INFO - Setting next_dagrun for dataset_consumes_1 to None, run_after=None
[2025-02-17T22:38:56.868-0600] {logging_mixin.py:190} INFO - [2025-02-17T22:38:56.868-0600] {dag.py:4180} INFO - Setting next_dagrun for dataset_consumes_1_and_2 to None, run_after=None
[2025-02-17T22:38:56.870-0600] {logging_mixin.py:190} INFO - [2025-02-17T22:38:56.870-0600] {dag.py:4180} INFO - Setting next_dagrun for dataset_consumes_1_never_scheduled to None, run_after=None
[2025-02-17T22:38:56.873-0600] {logging_mixin.py:190} INFO - [2025-02-17T22:38:56.873-0600] {dag.py:4180} INFO - Setting next_dagrun for dataset_consumes_unknown_never_scheduled to None, run_after=None
[2025-02-17T22:38:56.878-0600] {logging_mixin.py:190} INFO - [2025-02-17T22:38:56.878-0600] {dag.py:4180} INFO - Setting next_dagrun for dataset_produces_1 to 2025-02-17 00:00:00+00:00, run_after=2025-02-18 00:00:00+00:00
[2025-02-17T22:38:56.880-0600] {logging_mixin.py:190} INFO - [2025-02-17T22:38:56.880-0600] {dag.py:4180} INFO - Setting next_dagrun for dataset_produces_2 to None, run_after=None
[2025-02-17T22:38:56.931-0600] {processor.py:208} INFO - Processing /home/dataScience/Projects/Pipeline/venv/lib/python3.10/site-packages/airflow/example_dags/example_datasets.py took 0.209 seconds
[2025-02-17T22:39:58.189-0600] {processor.py:186} INFO - Started process (PID=24528) to work on /home/dataScience/Projects/Pipeline/venv/lib/python3.10/site-packages/airflow/example_dags/example_datasets.py
[2025-02-17T22:39:58.190-0600] {processor.py:914} INFO - Processing file /home/dataScience/Projects/Pipeline/venv/lib/python3.10/site-packages/airflow/example_dags/example_datasets.py for tasks to queue
[2025-02-17T22:39:58.193-0600] {logging_mixin.py:190} INFO - [2025-02-17T22:39:58.192-0600] {dagbag.py:588} INFO - Filling up the DagBag from /home/dataScience/Projects/Pipeline/venv/lib/python3.10/site-packages/airflow/example_dags/example_datasets.py
[2025-02-17T22:39:58.212-0600] {processor.py:925} INFO - DAG(s) 'dataset_consumes_1_and_2', 'conditional_dataset_and_time_based_timetable', 'consume_1_or_both_2_and_3_with_dataset_expressions', 'dataset_produces_1', 'dataset_consumes_1_never_scheduled', 'consume_1_or_2_with_dataset_expressions', 'dataset_produces_2', 'consume_1_and_2_with_dataset_expressions', 'dataset_consumes_unknown_never_scheduled', 'dataset_consumes_1' retrieved from /home/dataScience/Projects/Pipeline/venv/lib/python3.10/site-packages/airflow/example_dags/example_datasets.py
[2025-02-17T22:39:58.260-0600] {logging_mixin.py:190} INFO - [2025-02-17T22:39:58.260-0600] {dag.py:3239} INFO - Sync 10 DAGs
[2025-02-17T22:39:58.293-0600] {logging_mixin.py:190} INFO - [2025-02-17T22:39:58.293-0600] {dag.py:4180} INFO - Setting next_dagrun for conditional_dataset_and_time_based_timetable to 2025-02-12 01:00:00+00:00, run_after=2025-02-12 01:00:00+00:00
[2025-02-17T22:39:58.297-0600] {logging_mixin.py:190} INFO - [2025-02-17T22:39:58.297-0600] {dag.py:4180} INFO - Setting next_dagrun for consume_1_and_2_with_dataset_expressions to None, run_after=None
[2025-02-17T22:39:58.299-0600] {logging_mixin.py:190} INFO - [2025-02-17T22:39:58.299-0600] {dag.py:4180} INFO - Setting next_dagrun for consume_1_or_2_with_dataset_expressions to None, run_after=None
[2025-02-17T22:39:58.300-0600] {logging_mixin.py:190} INFO - [2025-02-17T22:39:58.300-0600] {dag.py:4180} INFO - Setting next_dagrun for consume_1_or_both_2_and_3_with_dataset_expressions to None, run_after=None
[2025-02-17T22:39:58.302-0600] {logging_mixin.py:190} INFO - [2025-02-17T22:39:58.301-0600] {dag.py:4180} INFO - Setting next_dagrun for dataset_consumes_1 to None, run_after=None
[2025-02-17T22:39:58.303-0600] {logging_mixin.py:190} INFO - [2025-02-17T22:39:58.303-0600] {dag.py:4180} INFO - Setting next_dagrun for dataset_consumes_1_and_2 to None, run_after=None
[2025-02-17T22:39:58.304-0600] {logging_mixin.py:190} INFO - [2025-02-17T22:39:58.304-0600] {dag.py:4180} INFO - Setting next_dagrun for dataset_consumes_1_never_scheduled to None, run_after=None
[2025-02-17T22:39:58.306-0600] {logging_mixin.py:190} INFO - [2025-02-17T22:39:58.305-0600] {dag.py:4180} INFO - Setting next_dagrun for dataset_consumes_unknown_never_scheduled to None, run_after=None
[2025-02-17T22:39:58.308-0600] {logging_mixin.py:190} INFO - [2025-02-17T22:39:58.308-0600] {dag.py:4180} INFO - Setting next_dagrun for dataset_produces_1 to 2025-02-17 00:00:00+00:00, run_after=2025-02-18 00:00:00+00:00
[2025-02-17T22:39:58.310-0600] {logging_mixin.py:190} INFO - [2025-02-17T22:39:58.310-0600] {dag.py:4180} INFO - Setting next_dagrun for dataset_produces_2 to None, run_after=None
[2025-02-17T22:39:58.368-0600] {processor.py:208} INFO - Processing /home/dataScience/Projects/Pipeline/venv/lib/python3.10/site-packages/airflow/example_dags/example_datasets.py took 0.187 seconds
[2025-02-17T22:40:58.834-0600] {processor.py:186} INFO - Started process (PID=25032) to work on /home/dataScience/Projects/Pipeline/venv/lib/python3.10/site-packages/airflow/example_dags/example_datasets.py
[2025-02-17T22:40:58.836-0600] {processor.py:914} INFO - Processing file /home/dataScience/Projects/Pipeline/venv/lib/python3.10/site-packages/airflow/example_dags/example_datasets.py for tasks to queue
[2025-02-17T22:40:58.839-0600] {logging_mixin.py:190} INFO - [2025-02-17T22:40:58.838-0600] {dagbag.py:588} INFO - Filling up the DagBag from /home/dataScience/Projects/Pipeline/venv/lib/python3.10/site-packages/airflow/example_dags/example_datasets.py
[2025-02-17T22:40:58.870-0600] {processor.py:925} INFO - DAG(s) 'conditional_dataset_and_time_based_timetable', 'dataset_consumes_1_and_2', 'dataset_consumes_1', 'dataset_produces_1', 'dataset_consumes_unknown_never_scheduled', 'dataset_produces_2', 'consume_1_and_2_with_dataset_expressions', 'dataset_consumes_1_never_scheduled', 'consume_1_or_2_with_dataset_expressions', 'consume_1_or_both_2_and_3_with_dataset_expressions' retrieved from /home/dataScience/Projects/Pipeline/venv/lib/python3.10/site-packages/airflow/example_dags/example_datasets.py
[2025-02-17T22:40:58.930-0600] {logging_mixin.py:190} INFO - [2025-02-17T22:40:58.930-0600] {dag.py:3239} INFO - Sync 10 DAGs
[2025-02-17T22:40:58.972-0600] {logging_mixin.py:190} INFO - [2025-02-17T22:40:58.972-0600] {dag.py:4180} INFO - Setting next_dagrun for conditional_dataset_and_time_based_timetable to 2025-02-12 01:00:00+00:00, run_after=2025-02-12 01:00:00+00:00
[2025-02-17T22:40:58.978-0600] {logging_mixin.py:190} INFO - [2025-02-17T22:40:58.977-0600] {dag.py:4180} INFO - Setting next_dagrun for consume_1_and_2_with_dataset_expressions to None, run_after=None
[2025-02-17T22:40:58.980-0600] {logging_mixin.py:190} INFO - [2025-02-17T22:40:58.980-0600] {dag.py:4180} INFO - Setting next_dagrun for consume_1_or_2_with_dataset_expressions to None, run_after=None
[2025-02-17T22:40:58.983-0600] {logging_mixin.py:190} INFO - [2025-02-17T22:40:58.983-0600] {dag.py:4180} INFO - Setting next_dagrun for consume_1_or_both_2_and_3_with_dataset_expressions to None, run_after=None
[2025-02-17T22:40:58.986-0600] {logging_mixin.py:190} INFO - [2025-02-17T22:40:58.985-0600] {dag.py:4180} INFO - Setting next_dagrun for dataset_consumes_1 to None, run_after=None
[2025-02-17T22:40:58.988-0600] {logging_mixin.py:190} INFO - [2025-02-17T22:40:58.988-0600] {dag.py:4180} INFO - Setting next_dagrun for dataset_consumes_1_and_2 to None, run_after=None
[2025-02-17T22:40:58.991-0600] {logging_mixin.py:190} INFO - [2025-02-17T22:40:58.991-0600] {dag.py:4180} INFO - Setting next_dagrun for dataset_consumes_1_never_scheduled to None, run_after=None
[2025-02-17T22:40:58.994-0600] {logging_mixin.py:190} INFO - [2025-02-17T22:40:58.993-0600] {dag.py:4180} INFO - Setting next_dagrun for dataset_consumes_unknown_never_scheduled to None, run_after=None
[2025-02-17T22:40:58.999-0600] {logging_mixin.py:190} INFO - [2025-02-17T22:40:58.998-0600] {dag.py:4180} INFO - Setting next_dagrun for dataset_produces_1 to 2025-02-17 00:00:00+00:00, run_after=2025-02-18 00:00:00+00:00
[2025-02-17T22:40:59.001-0600] {logging_mixin.py:190} INFO - [2025-02-17T22:40:59.000-0600] {dag.py:4180} INFO - Setting next_dagrun for dataset_produces_2 to None, run_after=None
[2025-02-17T22:40:59.060-0600] {processor.py:208} INFO - Processing /home/dataScience/Projects/Pipeline/venv/lib/python3.10/site-packages/airflow/example_dags/example_datasets.py took 0.237 seconds
