[2025-02-17T22:32:31.376-0600] {processor.py:186} INFO - Started process (PID=20366) to work on /home/dataScience/Projects/Pipeline/venv/lib/python3.10/site-packages/airflow/example_dags/example_branch_day_of_week_operator.py
[2025-02-17T22:32:31.377-0600] {processor.py:914} INFO - Processing file /home/dataScience/Projects/Pipeline/venv/lib/python3.10/site-packages/airflow/example_dags/example_branch_day_of_week_operator.py for tasks to queue
[2025-02-17T22:32:31.379-0600] {logging_mixin.py:190} INFO - [2025-02-17T22:32:31.379-0600] {dagbag.py:588} INFO - Filling up the DagBag from /home/dataScience/Projects/Pipeline/venv/lib/python3.10/site-packages/airflow/example_dags/example_branch_day_of_week_operator.py
[2025-02-17T22:32:31.391-0600] {processor.py:925} INFO - DAG(s) 'example_weekday_branch_operator' retrieved from /home/dataScience/Projects/Pipeline/venv/lib/python3.10/site-packages/airflow/example_dags/example_branch_day_of_week_operator.py
[2025-02-17T22:32:31.646-0600] {logging_mixin.py:190} INFO - [2025-02-17T22:32:31.646-0600] {override.py:1930} INFO - Created Permission View: can delete on DAG:example_weekday_branch_operator
[2025-02-17T22:32:31.664-0600] {logging_mixin.py:190} INFO - [2025-02-17T22:32:31.663-0600] {override.py:1930} INFO - Created Permission View: can edit on DAG:example_weekday_branch_operator
[2025-02-17T22:32:31.679-0600] {logging_mixin.py:190} INFO - [2025-02-17T22:32:31.679-0600] {override.py:1930} INFO - Created Permission View: can read on DAG:example_weekday_branch_operator
[2025-02-17T22:32:31.702-0600] {logging_mixin.py:190} INFO - [2025-02-17T22:32:31.701-0600] {override.py:1930} INFO - Created Permission View: can create on DAG Run:example_weekday_branch_operator
[2025-02-17T22:32:31.719-0600] {logging_mixin.py:190} INFO - [2025-02-17T22:32:31.719-0600] {override.py:1930} INFO - Created Permission View: can delete on DAG Run:example_weekday_branch_operator
[2025-02-17T22:32:31.737-0600] {logging_mixin.py:190} INFO - [2025-02-17T22:32:31.736-0600] {override.py:1930} INFO - Created Permission View: menu access on DAG Run:example_weekday_branch_operator
[2025-02-17T22:32:31.753-0600] {logging_mixin.py:190} INFO - [2025-02-17T22:32:31.752-0600] {override.py:1930} INFO - Created Permission View: can read on DAG Run:example_weekday_branch_operator
[2025-02-17T22:32:31.754-0600] {logging_mixin.py:190} INFO - [2025-02-17T22:32:31.754-0600] {dag.py:3239} INFO - Sync 1 DAGs
[2025-02-17T22:32:31.767-0600] {logging_mixin.py:190} INFO - [2025-02-17T22:32:31.767-0600] {dag.py:3262} INFO - Creating ORM DAG for example_weekday_branch_operator
[2025-02-17T22:32:31.778-0600] {logging_mixin.py:190} INFO - [2025-02-17T22:32:31.777-0600] {dag.py:4180} INFO - Setting next_dagrun for example_weekday_branch_operator to 2025-02-17 00:00:00+00:00, run_after=2025-02-18 00:00:00+00:00
[2025-02-17T22:32:31.807-0600] {processor.py:208} INFO - Processing /home/dataScience/Projects/Pipeline/venv/lib/python3.10/site-packages/airflow/example_dags/example_branch_day_of_week_operator.py took 0.438 seconds
[2025-02-17T22:33:51.146-0600] {processor.py:186} INFO - Started process (PID=21156) to work on /home/dataScience/Projects/Pipeline/venv/lib/python3.10/site-packages/airflow/example_dags/example_branch_day_of_week_operator.py
[2025-02-17T22:33:51.148-0600] {processor.py:914} INFO - Processing file /home/dataScience/Projects/Pipeline/venv/lib/python3.10/site-packages/airflow/example_dags/example_branch_day_of_week_operator.py for tasks to queue
[2025-02-17T22:33:51.151-0600] {logging_mixin.py:190} INFO - [2025-02-17T22:33:51.151-0600] {dagbag.py:588} INFO - Filling up the DagBag from /home/dataScience/Projects/Pipeline/venv/lib/python3.10/site-packages/airflow/example_dags/example_branch_day_of_week_operator.py
[2025-02-17T22:33:51.170-0600] {processor.py:925} INFO - DAG(s) 'example_weekday_branch_operator' retrieved from /home/dataScience/Projects/Pipeline/venv/lib/python3.10/site-packages/airflow/example_dags/example_branch_day_of_week_operator.py
[2025-02-17T22:33:51.194-0600] {logging_mixin.py:190} INFO - [2025-02-17T22:33:51.193-0600] {dag.py:3239} INFO - Sync 1 DAGs
[2025-02-17T22:33:51.229-0600] {logging_mixin.py:190} INFO - [2025-02-17T22:33:51.229-0600] {dag.py:4180} INFO - Setting next_dagrun for example_weekday_branch_operator to 2025-02-17 00:00:00+00:00, run_after=2025-02-18 00:00:00+00:00
[2025-02-17T22:33:51.264-0600] {processor.py:208} INFO - Processing /home/dataScience/Projects/Pipeline/venv/lib/python3.10/site-packages/airflow/example_dags/example_branch_day_of_week_operator.py took 0.128 seconds
[2025-02-17T22:34:50.749-0600] {processor.py:186} INFO - Started process (PID=21784) to work on /home/dataScience/Projects/Pipeline/venv/lib/python3.10/site-packages/airflow/example_dags/example_branch_day_of_week_operator.py
[2025-02-17T22:34:50.753-0600] {processor.py:914} INFO - Processing file /home/dataScience/Projects/Pipeline/venv/lib/python3.10/site-packages/airflow/example_dags/example_branch_day_of_week_operator.py for tasks to queue
[2025-02-17T22:34:50.755-0600] {logging_mixin.py:190} INFO - [2025-02-17T22:34:50.755-0600] {dagbag.py:588} INFO - Filling up the DagBag from /home/dataScience/Projects/Pipeline/venv/lib/python3.10/site-packages/airflow/example_dags/example_branch_day_of_week_operator.py
[2025-02-17T22:34:50.767-0600] {processor.py:925} INFO - DAG(s) 'example_weekday_branch_operator' retrieved from /home/dataScience/Projects/Pipeline/venv/lib/python3.10/site-packages/airflow/example_dags/example_branch_day_of_week_operator.py
[2025-02-17T22:34:50.787-0600] {logging_mixin.py:190} INFO - [2025-02-17T22:34:50.787-0600] {dag.py:3239} INFO - Sync 1 DAGs
[2025-02-17T22:34:50.812-0600] {logging_mixin.py:190} INFO - [2025-02-17T22:34:50.811-0600] {dag.py:4180} INFO - Setting next_dagrun for example_weekday_branch_operator to 2025-02-17 00:00:00+00:00, run_after=2025-02-18 00:00:00+00:00
[2025-02-17T22:34:50.842-0600] {processor.py:208} INFO - Processing /home/dataScience/Projects/Pipeline/venv/lib/python3.10/site-packages/airflow/example_dags/example_branch_day_of_week_operator.py took 0.099 seconds
[2025-02-17T22:35:54.551-0600] {processor.py:186} INFO - Started process (PID=22437) to work on /home/dataScience/Projects/Pipeline/venv/lib/python3.10/site-packages/airflow/example_dags/example_branch_day_of_week_operator.py
[2025-02-17T22:35:54.554-0600] {processor.py:914} INFO - Processing file /home/dataScience/Projects/Pipeline/venv/lib/python3.10/site-packages/airflow/example_dags/example_branch_day_of_week_operator.py for tasks to queue
[2025-02-17T22:35:54.557-0600] {logging_mixin.py:190} INFO - [2025-02-17T22:35:54.556-0600] {dagbag.py:588} INFO - Filling up the DagBag from /home/dataScience/Projects/Pipeline/venv/lib/python3.10/site-packages/airflow/example_dags/example_branch_day_of_week_operator.py
[2025-02-17T22:35:54.570-0600] {processor.py:925} INFO - DAG(s) 'example_weekday_branch_operator' retrieved from /home/dataScience/Projects/Pipeline/venv/lib/python3.10/site-packages/airflow/example_dags/example_branch_day_of_week_operator.py
[2025-02-17T22:35:54.589-0600] {logging_mixin.py:190} INFO - [2025-02-17T22:35:54.589-0600] {dag.py:3239} INFO - Sync 1 DAGs
[2025-02-17T22:35:54.619-0600] {logging_mixin.py:190} INFO - [2025-02-17T22:35:54.619-0600] {dag.py:4180} INFO - Setting next_dagrun for example_weekday_branch_operator to 2025-02-17 00:00:00+00:00, run_after=2025-02-18 00:00:00+00:00
[2025-02-17T22:35:54.652-0600] {processor.py:208} INFO - Processing /home/dataScience/Projects/Pipeline/venv/lib/python3.10/site-packages/airflow/example_dags/example_branch_day_of_week_operator.py took 0.111 seconds
[2025-02-17T22:36:57.040-0600] {processor.py:186} INFO - Started process (PID=23014) to work on /home/dataScience/Projects/Pipeline/venv/lib/python3.10/site-packages/airflow/example_dags/example_branch_day_of_week_operator.py
[2025-02-17T22:36:57.042-0600] {processor.py:914} INFO - Processing file /home/dataScience/Projects/Pipeline/venv/lib/python3.10/site-packages/airflow/example_dags/example_branch_day_of_week_operator.py for tasks to queue
[2025-02-17T22:36:57.045-0600] {logging_mixin.py:190} INFO - [2025-02-17T22:36:57.045-0600] {dagbag.py:588} INFO - Filling up the DagBag from /home/dataScience/Projects/Pipeline/venv/lib/python3.10/site-packages/airflow/example_dags/example_branch_day_of_week_operator.py
[2025-02-17T22:36:57.057-0600] {processor.py:925} INFO - DAG(s) 'example_weekday_branch_operator' retrieved from /home/dataScience/Projects/Pipeline/venv/lib/python3.10/site-packages/airflow/example_dags/example_branch_day_of_week_operator.py
[2025-02-17T22:36:57.076-0600] {logging_mixin.py:190} INFO - [2025-02-17T22:36:57.076-0600] {dag.py:3239} INFO - Sync 1 DAGs
[2025-02-17T22:36:57.102-0600] {logging_mixin.py:190} INFO - [2025-02-17T22:36:57.102-0600] {dag.py:4180} INFO - Setting next_dagrun for example_weekday_branch_operator to 2025-02-17 00:00:00+00:00, run_after=2025-02-18 00:00:00+00:00
[2025-02-17T22:36:57.137-0600] {processor.py:208} INFO - Processing /home/dataScience/Projects/Pipeline/venv/lib/python3.10/site-packages/airflow/example_dags/example_branch_day_of_week_operator.py took 0.103 seconds
[2025-02-17T22:37:53.396-0600] {processor.py:186} INFO - Started process (PID=23494) to work on /home/dataScience/Projects/Pipeline/venv/lib/python3.10/site-packages/airflow/example_dags/example_branch_day_of_week_operator.py
[2025-02-17T22:37:53.399-0600] {processor.py:914} INFO - Processing file /home/dataScience/Projects/Pipeline/venv/lib/python3.10/site-packages/airflow/example_dags/example_branch_day_of_week_operator.py for tasks to queue
[2025-02-17T22:37:53.401-0600] {logging_mixin.py:190} INFO - [2025-02-17T22:37:53.401-0600] {dagbag.py:588} INFO - Filling up the DagBag from /home/dataScience/Projects/Pipeline/venv/lib/python3.10/site-packages/airflow/example_dags/example_branch_day_of_week_operator.py
[2025-02-17T22:37:53.414-0600] {processor.py:925} INFO - DAG(s) 'example_weekday_branch_operator' retrieved from /home/dataScience/Projects/Pipeline/venv/lib/python3.10/site-packages/airflow/example_dags/example_branch_day_of_week_operator.py
[2025-02-17T22:37:53.434-0600] {logging_mixin.py:190} INFO - [2025-02-17T22:37:53.433-0600] {dag.py:3239} INFO - Sync 1 DAGs
[2025-02-17T22:37:53.464-0600] {logging_mixin.py:190} INFO - [2025-02-17T22:37:53.463-0600] {dag.py:4180} INFO - Setting next_dagrun for example_weekday_branch_operator to 2025-02-17 00:00:00+00:00, run_after=2025-02-18 00:00:00+00:00
[2025-02-17T22:37:53.497-0600] {processor.py:208} INFO - Processing /home/dataScience/Projects/Pipeline/venv/lib/python3.10/site-packages/airflow/example_dags/example_branch_day_of_week_operator.py took 0.109 seconds
[2025-02-17T22:38:53.644-0600] {processor.py:186} INFO - Started process (PID=23995) to work on /home/dataScience/Projects/Pipeline/venv/lib/python3.10/site-packages/airflow/example_dags/example_branch_day_of_week_operator.py
[2025-02-17T22:38:53.645-0600] {processor.py:914} INFO - Processing file /home/dataScience/Projects/Pipeline/venv/lib/python3.10/site-packages/airflow/example_dags/example_branch_day_of_week_operator.py for tasks to queue
[2025-02-17T22:38:53.648-0600] {logging_mixin.py:190} INFO - [2025-02-17T22:38:53.648-0600] {dagbag.py:588} INFO - Filling up the DagBag from /home/dataScience/Projects/Pipeline/venv/lib/python3.10/site-packages/airflow/example_dags/example_branch_day_of_week_operator.py
[2025-02-17T22:38:53.664-0600] {processor.py:925} INFO - DAG(s) 'example_weekday_branch_operator' retrieved from /home/dataScience/Projects/Pipeline/venv/lib/python3.10/site-packages/airflow/example_dags/example_branch_day_of_week_operator.py
[2025-02-17T22:38:53.686-0600] {logging_mixin.py:190} INFO - [2025-02-17T22:38:53.685-0600] {dag.py:3239} INFO - Sync 1 DAGs
[2025-02-17T22:38:53.720-0600] {logging_mixin.py:190} INFO - [2025-02-17T22:38:53.720-0600] {dag.py:4180} INFO - Setting next_dagrun for example_weekday_branch_operator to 2025-02-17 00:00:00+00:00, run_after=2025-02-18 00:00:00+00:00
[2025-02-17T22:38:53.763-0600] {processor.py:208} INFO - Processing /home/dataScience/Projects/Pipeline/venv/lib/python3.10/site-packages/airflow/example_dags/example_branch_day_of_week_operator.py took 0.130 seconds
[2025-02-17T22:39:55.350-0600] {processor.py:186} INFO - Started process (PID=24508) to work on /home/dataScience/Projects/Pipeline/venv/lib/python3.10/site-packages/airflow/example_dags/example_branch_day_of_week_operator.py
[2025-02-17T22:39:55.351-0600] {processor.py:914} INFO - Processing file /home/dataScience/Projects/Pipeline/venv/lib/python3.10/site-packages/airflow/example_dags/example_branch_day_of_week_operator.py for tasks to queue
[2025-02-17T22:39:55.354-0600] {logging_mixin.py:190} INFO - [2025-02-17T22:39:55.354-0600] {dagbag.py:588} INFO - Filling up the DagBag from /home/dataScience/Projects/Pipeline/venv/lib/python3.10/site-packages/airflow/example_dags/example_branch_day_of_week_operator.py
[2025-02-17T22:39:55.367-0600] {processor.py:925} INFO - DAG(s) 'example_weekday_branch_operator' retrieved from /home/dataScience/Projects/Pipeline/venv/lib/python3.10/site-packages/airflow/example_dags/example_branch_day_of_week_operator.py
[2025-02-17T22:39:55.386-0600] {logging_mixin.py:190} INFO - [2025-02-17T22:39:55.386-0600] {dag.py:3239} INFO - Sync 1 DAGs
[2025-02-17T22:39:55.413-0600] {logging_mixin.py:190} INFO - [2025-02-17T22:39:55.412-0600] {dag.py:4180} INFO - Setting next_dagrun for example_weekday_branch_operator to 2025-02-17 00:00:00+00:00, run_after=2025-02-18 00:00:00+00:00
[2025-02-17T22:39:55.445-0600] {processor.py:208} INFO - Processing /home/dataScience/Projects/Pipeline/venv/lib/python3.10/site-packages/airflow/example_dags/example_branch_day_of_week_operator.py took 0.102 seconds
[2025-02-17T22:40:55.978-0600] {processor.py:186} INFO - Started process (PID=25012) to work on /home/dataScience/Projects/Pipeline/venv/lib/python3.10/site-packages/airflow/example_dags/example_branch_day_of_week_operator.py
[2025-02-17T22:40:55.980-0600] {processor.py:914} INFO - Processing file /home/dataScience/Projects/Pipeline/venv/lib/python3.10/site-packages/airflow/example_dags/example_branch_day_of_week_operator.py for tasks to queue
[2025-02-17T22:40:55.982-0600] {logging_mixin.py:190} INFO - [2025-02-17T22:40:55.982-0600] {dagbag.py:588} INFO - Filling up the DagBag from /home/dataScience/Projects/Pipeline/venv/lib/python3.10/site-packages/airflow/example_dags/example_branch_day_of_week_operator.py
[2025-02-17T22:40:55.994-0600] {processor.py:925} INFO - DAG(s) 'example_weekday_branch_operator' retrieved from /home/dataScience/Projects/Pipeline/venv/lib/python3.10/site-packages/airflow/example_dags/example_branch_day_of_week_operator.py
[2025-02-17T22:40:56.012-0600] {logging_mixin.py:190} INFO - [2025-02-17T22:40:56.012-0600] {dag.py:3239} INFO - Sync 1 DAGs
[2025-02-17T22:40:56.037-0600] {logging_mixin.py:190} INFO - [2025-02-17T22:40:56.037-0600] {dag.py:4180} INFO - Setting next_dagrun for example_weekday_branch_operator to 2025-02-17 00:00:00+00:00, run_after=2025-02-18 00:00:00+00:00
[2025-02-17T22:40:56.065-0600] {processor.py:208} INFO - Processing /home/dataScience/Projects/Pipeline/venv/lib/python3.10/site-packages/airflow/example_dags/example_branch_day_of_week_operator.py took 0.095 seconds
