[2025-02-17T22:32:05.395-0600] {processor.py:186} INFO - Started process (PID=19997) to work on /home/dataScience/Projects/Pipeline/venv/lib/python3.10/site-packages/airflow/example_dags/example_short_circuit_decorator.py
[2025-02-17T22:32:05.396-0600] {processor.py:914} INFO - Processing file /home/dataScience/Projects/Pipeline/venv/lib/python3.10/site-packages/airflow/example_dags/example_short_circuit_decorator.py for tasks to queue
[2025-02-17T22:32:05.400-0600] {logging_mixin.py:190} INFO - [2025-02-17T22:32:05.399-0600] {dagbag.py:588} INFO - Filling up the DagBag from /home/dataScience/Projects/Pipeline/venv/lib/python3.10/site-packages/airflow/example_dags/example_short_circuit_decorator.py
[2025-02-17T22:32:05.413-0600] {processor.py:925} INFO - DAG(s) 'example_short_circuit_decorator' retrieved from /home/dataScience/Projects/Pipeline/venv/lib/python3.10/site-packages/airflow/example_dags/example_short_circuit_decorator.py
[2025-02-17T22:32:05.696-0600] {logging_mixin.py:190} INFO - [2025-02-17T22:32:05.695-0600] {override.py:1930} INFO - Created Permission View: can delete on DAG:example_short_circuit_decorator
[2025-02-17T22:32:05.719-0600] {logging_mixin.py:190} INFO - [2025-02-17T22:32:05.718-0600] {override.py:1930} INFO - Created Permission View: can edit on DAG:example_short_circuit_decorator
[2025-02-17T22:32:05.739-0600] {logging_mixin.py:190} INFO - [2025-02-17T22:32:05.738-0600] {override.py:1930} INFO - Created Permission View: can read on DAG:example_short_circuit_decorator
[2025-02-17T22:32:05.767-0600] {logging_mixin.py:190} INFO - [2025-02-17T22:32:05.766-0600] {override.py:1930} INFO - Created Permission View: can create on DAG Run:example_short_circuit_decorator
[2025-02-17T22:32:05.784-0600] {logging_mixin.py:190} INFO - [2025-02-17T22:32:05.783-0600] {override.py:1930} INFO - Created Permission View: can delete on DAG Run:example_short_circuit_decorator
[2025-02-17T22:32:05.799-0600] {logging_mixin.py:190} INFO - [2025-02-17T22:32:05.799-0600] {override.py:1930} INFO - Created Permission View: menu access on DAG Run:example_short_circuit_decorator
[2025-02-17T22:32:05.816-0600] {logging_mixin.py:190} INFO - [2025-02-17T22:32:05.815-0600] {override.py:1930} INFO - Created Permission View: can read on DAG Run:example_short_circuit_decorator
[2025-02-17T22:32:05.816-0600] {logging_mixin.py:190} INFO - [2025-02-17T22:32:05.816-0600] {dag.py:3239} INFO - Sync 1 DAGs
[2025-02-17T22:32:05.830-0600] {logging_mixin.py:190} INFO - [2025-02-17T22:32:05.830-0600] {dag.py:3262} INFO - Creating ORM DAG for example_short_circuit_decorator
[2025-02-17T22:32:05.831-0600] {logging_mixin.py:190} INFO - [2025-02-17T22:32:05.831-0600] {dag.py:4180} INFO - Setting next_dagrun for example_short_circuit_decorator to None, run_after=None
[2025-02-17T22:32:05.868-0600] {processor.py:208} INFO - Processing /home/dataScience/Projects/Pipeline/venv/lib/python3.10/site-packages/airflow/example_dags/example_short_circuit_decorator.py took 0.484 seconds
[2025-02-17T22:33:19.513-0600] {processor.py:186} INFO - Started process (PID=20859) to work on /home/dataScience/Projects/Pipeline/venv/lib/python3.10/site-packages/airflow/example_dags/example_short_circuit_decorator.py
[2025-02-17T22:33:19.516-0600] {processor.py:914} INFO - Processing file /home/dataScience/Projects/Pipeline/venv/lib/python3.10/site-packages/airflow/example_dags/example_short_circuit_decorator.py for tasks to queue
[2025-02-17T22:33:19.519-0600] {logging_mixin.py:190} INFO - [2025-02-17T22:33:19.518-0600] {dagbag.py:588} INFO - Filling up the DagBag from /home/dataScience/Projects/Pipeline/venv/lib/python3.10/site-packages/airflow/example_dags/example_short_circuit_decorator.py
[2025-02-17T22:33:19.529-0600] {processor.py:925} INFO - DAG(s) 'example_short_circuit_decorator' retrieved from /home/dataScience/Projects/Pipeline/venv/lib/python3.10/site-packages/airflow/example_dags/example_short_circuit_decorator.py
[2025-02-17T22:33:19.550-0600] {logging_mixin.py:190} INFO - [2025-02-17T22:33:19.550-0600] {dag.py:3239} INFO - Sync 1 DAGs
[2025-02-17T22:33:19.567-0600] {logging_mixin.py:190} INFO - [2025-02-17T22:33:19.567-0600] {dag.py:4180} INFO - Setting next_dagrun for example_short_circuit_decorator to None, run_after=None
[2025-02-17T22:33:19.600-0600] {processor.py:208} INFO - Processing /home/dataScience/Projects/Pipeline/venv/lib/python3.10/site-packages/airflow/example_dags/example_short_circuit_decorator.py took 0.094 seconds
[2025-02-17T22:34:22.360-0600] {processor.py:186} INFO - Started process (PID=21512) to work on /home/dataScience/Projects/Pipeline/venv/lib/python3.10/site-packages/airflow/example_dags/example_short_circuit_decorator.py
[2025-02-17T22:34:22.362-0600] {processor.py:914} INFO - Processing file /home/dataScience/Projects/Pipeline/venv/lib/python3.10/site-packages/airflow/example_dags/example_short_circuit_decorator.py for tasks to queue
[2025-02-17T22:34:22.365-0600] {logging_mixin.py:190} INFO - [2025-02-17T22:34:22.364-0600] {dagbag.py:588} INFO - Filling up the DagBag from /home/dataScience/Projects/Pipeline/venv/lib/python3.10/site-packages/airflow/example_dags/example_short_circuit_decorator.py
[2025-02-17T22:34:22.377-0600] {processor.py:925} INFO - DAG(s) 'example_short_circuit_decorator' retrieved from /home/dataScience/Projects/Pipeline/venv/lib/python3.10/site-packages/airflow/example_dags/example_short_circuit_decorator.py
[2025-02-17T22:34:22.399-0600] {logging_mixin.py:190} INFO - [2025-02-17T22:34:22.398-0600] {dag.py:3239} INFO - Sync 1 DAGs
[2025-02-17T22:34:22.413-0600] {logging_mixin.py:190} INFO - [2025-02-17T22:34:22.413-0600] {dag.py:4180} INFO - Setting next_dagrun for example_short_circuit_decorator to None, run_after=None
[2025-02-17T22:34:22.439-0600] {processor.py:208} INFO - Processing /home/dataScience/Projects/Pipeline/venv/lib/python3.10/site-packages/airflow/example_dags/example_short_circuit_decorator.py took 0.087 seconds
[2025-02-17T22:35:26.422-0600] {processor.py:186} INFO - Started process (PID=22168) to work on /home/dataScience/Projects/Pipeline/venv/lib/python3.10/site-packages/airflow/example_dags/example_short_circuit_decorator.py
[2025-02-17T22:35:26.424-0600] {processor.py:914} INFO - Processing file /home/dataScience/Projects/Pipeline/venv/lib/python3.10/site-packages/airflow/example_dags/example_short_circuit_decorator.py for tasks to queue
[2025-02-17T22:35:26.427-0600] {logging_mixin.py:190} INFO - [2025-02-17T22:35:26.427-0600] {dagbag.py:588} INFO - Filling up the DagBag from /home/dataScience/Projects/Pipeline/venv/lib/python3.10/site-packages/airflow/example_dags/example_short_circuit_decorator.py
[2025-02-17T22:35:26.439-0600] {processor.py:925} INFO - DAG(s) 'example_short_circuit_decorator' retrieved from /home/dataScience/Projects/Pipeline/venv/lib/python3.10/site-packages/airflow/example_dags/example_short_circuit_decorator.py
[2025-02-17T22:35:26.461-0600] {logging_mixin.py:190} INFO - [2025-02-17T22:35:26.460-0600] {dag.py:3239} INFO - Sync 1 DAGs
[2025-02-17T22:35:26.476-0600] {logging_mixin.py:190} INFO - [2025-02-17T22:35:26.476-0600] {dag.py:4180} INFO - Setting next_dagrun for example_short_circuit_decorator to None, run_after=None
[2025-02-17T22:35:26.508-0600] {processor.py:208} INFO - Processing /home/dataScience/Projects/Pipeline/venv/lib/python3.10/site-packages/airflow/example_dags/example_short_circuit_decorator.py took 0.092 seconds
[2025-02-17T22:36:26.959-0600] {processor.py:186} INFO - Started process (PID=22678) to work on /home/dataScience/Projects/Pipeline/venv/lib/python3.10/site-packages/airflow/example_dags/example_short_circuit_decorator.py
[2025-02-17T22:36:26.961-0600] {processor.py:914} INFO - Processing file /home/dataScience/Projects/Pipeline/venv/lib/python3.10/site-packages/airflow/example_dags/example_short_circuit_decorator.py for tasks to queue
[2025-02-17T22:36:26.964-0600] {logging_mixin.py:190} INFO - [2025-02-17T22:36:26.963-0600] {dagbag.py:588} INFO - Filling up the DagBag from /home/dataScience/Projects/Pipeline/venv/lib/python3.10/site-packages/airflow/example_dags/example_short_circuit_decorator.py
[2025-02-17T22:36:26.976-0600] {processor.py:925} INFO - DAG(s) 'example_short_circuit_decorator' retrieved from /home/dataScience/Projects/Pipeline/venv/lib/python3.10/site-packages/airflow/example_dags/example_short_circuit_decorator.py
[2025-02-17T22:36:26.998-0600] {logging_mixin.py:190} INFO - [2025-02-17T22:36:26.997-0600] {dag.py:3239} INFO - Sync 1 DAGs
[2025-02-17T22:36:27.013-0600] {logging_mixin.py:190} INFO - [2025-02-17T22:36:27.012-0600] {dag.py:4180} INFO - Setting next_dagrun for example_short_circuit_decorator to None, run_after=None
[2025-02-17T22:36:27.044-0600] {processor.py:208} INFO - Processing /home/dataScience/Projects/Pipeline/venv/lib/python3.10/site-packages/airflow/example_dags/example_short_circuit_decorator.py took 0.093 seconds
[2025-02-17T22:37:26.084-0600] {processor.py:186} INFO - Started process (PID=23234) to work on /home/dataScience/Projects/Pipeline/venv/lib/python3.10/site-packages/airflow/example_dags/example_short_circuit_decorator.py
[2025-02-17T22:37:26.087-0600] {processor.py:914} INFO - Processing file /home/dataScience/Projects/Pipeline/venv/lib/python3.10/site-packages/airflow/example_dags/example_short_circuit_decorator.py for tasks to queue
[2025-02-17T22:37:26.090-0600] {logging_mixin.py:190} INFO - [2025-02-17T22:37:26.090-0600] {dagbag.py:588} INFO - Filling up the DagBag from /home/dataScience/Projects/Pipeline/venv/lib/python3.10/site-packages/airflow/example_dags/example_short_circuit_decorator.py
[2025-02-17T22:37:26.103-0600] {processor.py:925} INFO - DAG(s) 'example_short_circuit_decorator' retrieved from /home/dataScience/Projects/Pipeline/venv/lib/python3.10/site-packages/airflow/example_dags/example_short_circuit_decorator.py
[2025-02-17T22:37:26.131-0600] {logging_mixin.py:190} INFO - [2025-02-17T22:37:26.130-0600] {dag.py:3239} INFO - Sync 1 DAGs
[2025-02-17T22:37:26.148-0600] {logging_mixin.py:190} INFO - [2025-02-17T22:37:26.147-0600] {dag.py:4180} INFO - Setting next_dagrun for example_short_circuit_decorator to None, run_after=None
[2025-02-17T22:37:26.182-0600] {processor.py:208} INFO - Processing /home/dataScience/Projects/Pipeline/venv/lib/python3.10/site-packages/airflow/example_dags/example_short_circuit_decorator.py took 0.104 seconds
[2025-02-17T22:38:21.537-0600] {processor.py:186} INFO - Started process (PID=23702) to work on /home/dataScience/Projects/Pipeline/venv/lib/python3.10/site-packages/airflow/example_dags/example_short_circuit_decorator.py
[2025-02-17T22:38:21.540-0600] {processor.py:914} INFO - Processing file /home/dataScience/Projects/Pipeline/venv/lib/python3.10/site-packages/airflow/example_dags/example_short_circuit_decorator.py for tasks to queue
[2025-02-17T22:38:21.543-0600] {logging_mixin.py:190} INFO - [2025-02-17T22:38:21.543-0600] {dagbag.py:588} INFO - Filling up the DagBag from /home/dataScience/Projects/Pipeline/venv/lib/python3.10/site-packages/airflow/example_dags/example_short_circuit_decorator.py
[2025-02-17T22:38:21.557-0600] {processor.py:925} INFO - DAG(s) 'example_short_circuit_decorator' retrieved from /home/dataScience/Projects/Pipeline/venv/lib/python3.10/site-packages/airflow/example_dags/example_short_circuit_decorator.py
[2025-02-17T22:38:21.581-0600] {logging_mixin.py:190} INFO - [2025-02-17T22:38:21.580-0600] {dag.py:3239} INFO - Sync 1 DAGs
[2025-02-17T22:38:21.599-0600] {logging_mixin.py:190} INFO - [2025-02-17T22:38:21.599-0600] {dag.py:4180} INFO - Setting next_dagrun for example_short_circuit_decorator to None, run_after=None
[2025-02-17T22:38:21.633-0600] {processor.py:208} INFO - Processing /home/dataScience/Projects/Pipeline/venv/lib/python3.10/site-packages/airflow/example_dags/example_short_circuit_decorator.py took 0.104 seconds
[2025-02-17T22:39:25.223-0600] {processor.py:186} INFO - Started process (PID=24224) to work on /home/dataScience/Projects/Pipeline/venv/lib/python3.10/site-packages/airflow/example_dags/example_short_circuit_decorator.py
[2025-02-17T22:39:25.225-0600] {processor.py:914} INFO - Processing file /home/dataScience/Projects/Pipeline/venv/lib/python3.10/site-packages/airflow/example_dags/example_short_circuit_decorator.py for tasks to queue
[2025-02-17T22:39:25.228-0600] {logging_mixin.py:190} INFO - [2025-02-17T22:39:25.227-0600] {dagbag.py:588} INFO - Filling up the DagBag from /home/dataScience/Projects/Pipeline/venv/lib/python3.10/site-packages/airflow/example_dags/example_short_circuit_decorator.py
[2025-02-17T22:39:25.243-0600] {processor.py:925} INFO - DAG(s) 'example_short_circuit_decorator' retrieved from /home/dataScience/Projects/Pipeline/venv/lib/python3.10/site-packages/airflow/example_dags/example_short_circuit_decorator.py
[2025-02-17T22:39:25.267-0600] {logging_mixin.py:190} INFO - [2025-02-17T22:39:25.267-0600] {dag.py:3239} INFO - Sync 1 DAGs
[2025-02-17T22:39:25.285-0600] {logging_mixin.py:190} INFO - [2025-02-17T22:39:25.284-0600] {dag.py:4180} INFO - Setting next_dagrun for example_short_circuit_decorator to None, run_after=None
[2025-02-17T22:39:25.326-0600] {processor.py:208} INFO - Processing /home/dataScience/Projects/Pipeline/venv/lib/python3.10/site-packages/airflow/example_dags/example_short_circuit_decorator.py took 0.109 seconds
[2025-02-17T22:40:23.813-0600] {processor.py:186} INFO - Started process (PID=24719) to work on /home/dataScience/Projects/Pipeline/venv/lib/python3.10/site-packages/airflow/example_dags/example_short_circuit_decorator.py
[2025-02-17T22:40:23.815-0600] {processor.py:914} INFO - Processing file /home/dataScience/Projects/Pipeline/venv/lib/python3.10/site-packages/airflow/example_dags/example_short_circuit_decorator.py for tasks to queue
[2025-02-17T22:40:23.818-0600] {logging_mixin.py:190} INFO - [2025-02-17T22:40:23.818-0600] {dagbag.py:588} INFO - Filling up the DagBag from /home/dataScience/Projects/Pipeline/venv/lib/python3.10/site-packages/airflow/example_dags/example_short_circuit_decorator.py
[2025-02-17T22:40:23.831-0600] {processor.py:925} INFO - DAG(s) 'example_short_circuit_decorator' retrieved from /home/dataScience/Projects/Pipeline/venv/lib/python3.10/site-packages/airflow/example_dags/example_short_circuit_decorator.py
[2025-02-17T22:40:23.855-0600] {logging_mixin.py:190} INFO - [2025-02-17T22:40:23.855-0600] {dag.py:3239} INFO - Sync 1 DAGs
[2025-02-17T22:40:23.870-0600] {logging_mixin.py:190} INFO - [2025-02-17T22:40:23.869-0600] {dag.py:4180} INFO - Setting next_dagrun for example_short_circuit_decorator to None, run_after=None
[2025-02-17T22:40:23.899-0600] {processor.py:208} INFO - Processing /home/dataScience/Projects/Pipeline/venv/lib/python3.10/site-packages/airflow/example_dags/example_short_circuit_decorator.py took 0.093 seconds
[2025-02-17T22:41:25.327-0600] {processor.py:186} INFO - Started process (PID=25225) to work on /home/dataScience/Projects/Pipeline/venv/lib/python3.10/site-packages/airflow/example_dags/example_short_circuit_decorator.py
[2025-02-17T22:41:25.329-0600] {processor.py:914} INFO - Processing file /home/dataScience/Projects/Pipeline/venv/lib/python3.10/site-packages/airflow/example_dags/example_short_circuit_decorator.py for tasks to queue
[2025-02-17T22:41:25.333-0600] {logging_mixin.py:190} INFO - [2025-02-17T22:41:25.332-0600] {dagbag.py:588} INFO - Filling up the DagBag from /home/dataScience/Projects/Pipeline/venv/lib/python3.10/site-packages/airflow/example_dags/example_short_circuit_decorator.py
[2025-02-17T22:41:25.346-0600] {processor.py:925} INFO - DAG(s) 'example_short_circuit_decorator' retrieved from /home/dataScience/Projects/Pipeline/venv/lib/python3.10/site-packages/airflow/example_dags/example_short_circuit_decorator.py
[2025-02-17T22:41:25.371-0600] {logging_mixin.py:190} INFO - [2025-02-17T22:41:25.371-0600] {dag.py:3239} INFO - Sync 1 DAGs
[2025-02-17T22:41:25.387-0600] {logging_mixin.py:190} INFO - [2025-02-17T22:41:25.387-0600] {dag.py:4180} INFO - Setting next_dagrun for example_short_circuit_decorator to None, run_after=None
[2025-02-17T22:41:25.424-0600] {processor.py:208} INFO - Processing /home/dataScience/Projects/Pipeline/venv/lib/python3.10/site-packages/airflow/example_dags/example_short_circuit_decorator.py took 0.106 seconds
