[2025-02-17T22:32:46.440-0600] {processor.py:186} INFO - Started process (PID=20473) to work on /home/dataScience/Projects/Pipeline/venv/lib/python3.10/site-packages/airflow/example_dags/example_params_trigger_ui.py
[2025-02-17T22:32:46.441-0600] {processor.py:914} INFO - Processing file /home/dataScience/Projects/Pipeline/venv/lib/python3.10/site-packages/airflow/example_dags/example_params_trigger_ui.py for tasks to queue
[2025-02-17T22:32:46.445-0600] {logging_mixin.py:190} INFO - [2025-02-17T22:32:46.444-0600] {dagbag.py:588} INFO - Filling up the DagBag from /home/dataScience/Projects/Pipeline/venv/lib/python3.10/site-packages/airflow/example_dags/example_params_trigger_ui.py
[2025-02-17T22:32:46.603-0600] {processor.py:925} INFO - DAG(s) 'example_params_trigger_ui' retrieved from /home/dataScience/Projects/Pipeline/venv/lib/python3.10/site-packages/airflow/example_dags/example_params_trigger_ui.py
[2025-02-17T22:32:46.766-0600] {logging_mixin.py:190} INFO - [2025-02-17T22:32:46.765-0600] {override.py:1930} INFO - Created Permission View: can delete on DAG:example_params_trigger_ui
[2025-02-17T22:32:46.791-0600] {logging_mixin.py:190} INFO - [2025-02-17T22:32:46.790-0600] {override.py:1930} INFO - Created Permission View: can edit on DAG:example_params_trigger_ui
[2025-02-17T22:32:46.806-0600] {logging_mixin.py:190} INFO - [2025-02-17T22:32:46.806-0600] {override.py:1930} INFO - Created Permission View: can read on DAG:example_params_trigger_ui
[2025-02-17T22:32:46.833-0600] {logging_mixin.py:190} INFO - [2025-02-17T22:32:46.832-0600] {override.py:1930} INFO - Created Permission View: can create on DAG Run:example_params_trigger_ui
[2025-02-17T22:32:46.853-0600] {logging_mixin.py:190} INFO - [2025-02-17T22:32:46.852-0600] {override.py:1930} INFO - Created Permission View: can delete on DAG Run:example_params_trigger_ui
[2025-02-17T22:32:46.871-0600] {logging_mixin.py:190} INFO - [2025-02-17T22:32:46.870-0600] {override.py:1930} INFO - Created Permission View: menu access on DAG Run:example_params_trigger_ui
[2025-02-17T22:32:46.889-0600] {logging_mixin.py:190} INFO - [2025-02-17T22:32:46.888-0600] {override.py:1930} INFO - Created Permission View: can read on DAG Run:example_params_trigger_ui
[2025-02-17T22:32:46.889-0600] {logging_mixin.py:190} INFO - [2025-02-17T22:32:46.889-0600] {dag.py:3239} INFO - Sync 1 DAGs
[2025-02-17T22:32:46.904-0600] {logging_mixin.py:190} INFO - [2025-02-17T22:32:46.904-0600] {dag.py:3262} INFO - Creating ORM DAG for example_params_trigger_ui
[2025-02-17T22:32:46.905-0600] {logging_mixin.py:190} INFO - [2025-02-17T22:32:46.905-0600] {dag.py:4180} INFO - Setting next_dagrun for example_params_trigger_ui to None, run_after=None
[2025-02-17T22:32:46.940-0600] {processor.py:208} INFO - Processing /home/dataScience/Projects/Pipeline/venv/lib/python3.10/site-packages/airflow/example_dags/example_params_trigger_ui.py took 0.509 seconds
[2025-02-17T22:34:00.488-0600] {processor.py:186} INFO - Started process (PID=21225) to work on /home/dataScience/Projects/Pipeline/venv/lib/python3.10/site-packages/airflow/example_dags/example_params_trigger_ui.py
[2025-02-17T22:34:00.489-0600] {processor.py:914} INFO - Processing file /home/dataScience/Projects/Pipeline/venv/lib/python3.10/site-packages/airflow/example_dags/example_params_trigger_ui.py for tasks to queue
[2025-02-17T22:34:00.492-0600] {logging_mixin.py:190} INFO - [2025-02-17T22:34:00.492-0600] {dagbag.py:588} INFO - Filling up the DagBag from /home/dataScience/Projects/Pipeline/venv/lib/python3.10/site-packages/airflow/example_dags/example_params_trigger_ui.py
[2025-02-17T22:34:00.507-0600] {processor.py:925} INFO - DAG(s) 'example_params_trigger_ui' retrieved from /home/dataScience/Projects/Pipeline/venv/lib/python3.10/site-packages/airflow/example_dags/example_params_trigger_ui.py
[2025-02-17T22:34:00.558-0600] {logging_mixin.py:190} INFO - [2025-02-17T22:34:00.558-0600] {dag.py:3239} INFO - Sync 1 DAGs
[2025-02-17T22:34:00.573-0600] {logging_mixin.py:190} INFO - [2025-02-17T22:34:00.573-0600] {dag.py:4180} INFO - Setting next_dagrun for example_params_trigger_ui to None, run_after=None
[2025-02-17T22:34:00.604-0600] {processor.py:208} INFO - Processing /home/dataScience/Projects/Pipeline/venv/lib/python3.10/site-packages/airflow/example_dags/example_params_trigger_ui.py took 0.124 seconds
[2025-02-17T22:35:02.586-0600] {processor.py:186} INFO - Started process (PID=21932) to work on /home/dataScience/Projects/Pipeline/venv/lib/python3.10/site-packages/airflow/example_dags/example_params_trigger_ui.py
[2025-02-17T22:35:02.588-0600] {processor.py:914} INFO - Processing file /home/dataScience/Projects/Pipeline/venv/lib/python3.10/site-packages/airflow/example_dags/example_params_trigger_ui.py for tasks to queue
[2025-02-17T22:35:02.591-0600] {logging_mixin.py:190} INFO - [2025-02-17T22:35:02.590-0600] {dagbag.py:588} INFO - Filling up the DagBag from /home/dataScience/Projects/Pipeline/venv/lib/python3.10/site-packages/airflow/example_dags/example_params_trigger_ui.py
[2025-02-17T22:35:02.605-0600] {processor.py:925} INFO - DAG(s) 'example_params_trigger_ui' retrieved from /home/dataScience/Projects/Pipeline/venv/lib/python3.10/site-packages/airflow/example_dags/example_params_trigger_ui.py
[2025-02-17T22:35:02.777-0600] {logging_mixin.py:190} INFO - [2025-02-17T22:35:02.776-0600] {dag.py:3239} INFO - Sync 1 DAGs
[2025-02-17T22:35:02.836-0600] {logging_mixin.py:190} INFO - [2025-02-17T22:35:02.835-0600] {dag.py:4180} INFO - Setting next_dagrun for example_params_trigger_ui to None, run_after=None
[2025-02-17T22:35:02.901-0600] {processor.py:208} INFO - Processing /home/dataScience/Projects/Pipeline/venv/lib/python3.10/site-packages/airflow/example_dags/example_params_trigger_ui.py took 0.323 seconds
[2025-02-17T22:36:04.814-0600] {processor.py:186} INFO - Started process (PID=22510) to work on /home/dataScience/Projects/Pipeline/venv/lib/python3.10/site-packages/airflow/example_dags/example_params_trigger_ui.py
[2025-02-17T22:36:04.815-0600] {processor.py:914} INFO - Processing file /home/dataScience/Projects/Pipeline/venv/lib/python3.10/site-packages/airflow/example_dags/example_params_trigger_ui.py for tasks to queue
[2025-02-17T22:36:04.818-0600] {logging_mixin.py:190} INFO - [2025-02-17T22:36:04.817-0600] {dagbag.py:588} INFO - Filling up the DagBag from /home/dataScience/Projects/Pipeline/venv/lib/python3.10/site-packages/airflow/example_dags/example_params_trigger_ui.py
[2025-02-17T22:36:04.837-0600] {processor.py:925} INFO - DAG(s) 'example_params_trigger_ui' retrieved from /home/dataScience/Projects/Pipeline/venv/lib/python3.10/site-packages/airflow/example_dags/example_params_trigger_ui.py
[2025-02-17T22:36:04.901-0600] {logging_mixin.py:190} INFO - [2025-02-17T22:36:04.900-0600] {dag.py:3239} INFO - Sync 1 DAGs
[2025-02-17T22:36:04.921-0600] {logging_mixin.py:190} INFO - [2025-02-17T22:36:04.921-0600] {dag.py:4180} INFO - Setting next_dagrun for example_params_trigger_ui to None, run_after=None
[2025-02-17T22:36:04.958-0600] {processor.py:208} INFO - Processing /home/dataScience/Projects/Pipeline/venv/lib/python3.10/site-packages/airflow/example_dags/example_params_trigger_ui.py took 0.152 seconds
[2025-02-17T22:37:06.041-0600] {processor.py:186} INFO - Started process (PID=23082) to work on /home/dataScience/Projects/Pipeline/venv/lib/python3.10/site-packages/airflow/example_dags/example_params_trigger_ui.py
[2025-02-17T22:37:06.044-0600] {processor.py:914} INFO - Processing file /home/dataScience/Projects/Pipeline/venv/lib/python3.10/site-packages/airflow/example_dags/example_params_trigger_ui.py for tasks to queue
[2025-02-17T22:37:06.046-0600] {logging_mixin.py:190} INFO - [2025-02-17T22:37:06.046-0600] {dagbag.py:588} INFO - Filling up the DagBag from /home/dataScience/Projects/Pipeline/venv/lib/python3.10/site-packages/airflow/example_dags/example_params_trigger_ui.py
[2025-02-17T22:37:06.061-0600] {processor.py:925} INFO - DAG(s) 'example_params_trigger_ui' retrieved from /home/dataScience/Projects/Pipeline/venv/lib/python3.10/site-packages/airflow/example_dags/example_params_trigger_ui.py
[2025-02-17T22:37:06.114-0600] {logging_mixin.py:190} INFO - [2025-02-17T22:37:06.114-0600] {dag.py:3239} INFO - Sync 1 DAGs
[2025-02-17T22:37:06.130-0600] {logging_mixin.py:190} INFO - [2025-02-17T22:37:06.130-0600] {dag.py:4180} INFO - Setting next_dagrun for example_params_trigger_ui to None, run_after=None
[2025-02-17T22:37:06.163-0600] {processor.py:208} INFO - Processing /home/dataScience/Projects/Pipeline/venv/lib/python3.10/site-packages/airflow/example_dags/example_params_trigger_ui.py took 0.130 seconds
[2025-02-17T22:38:02.784-0600] {processor.py:186} INFO - Started process (PID=23564) to work on /home/dataScience/Projects/Pipeline/venv/lib/python3.10/site-packages/airflow/example_dags/example_params_trigger_ui.py
[2025-02-17T22:38:02.786-0600] {processor.py:914} INFO - Processing file /home/dataScience/Projects/Pipeline/venv/lib/python3.10/site-packages/airflow/example_dags/example_params_trigger_ui.py for tasks to queue
[2025-02-17T22:38:02.788-0600] {logging_mixin.py:190} INFO - [2025-02-17T22:38:02.788-0600] {dagbag.py:588} INFO - Filling up the DagBag from /home/dataScience/Projects/Pipeline/venv/lib/python3.10/site-packages/airflow/example_dags/example_params_trigger_ui.py
[2025-02-17T22:38:02.802-0600] {processor.py:925} INFO - DAG(s) 'example_params_trigger_ui' retrieved from /home/dataScience/Projects/Pipeline/venv/lib/python3.10/site-packages/airflow/example_dags/example_params_trigger_ui.py
[2025-02-17T22:38:02.859-0600] {logging_mixin.py:190} INFO - [2025-02-17T22:38:02.858-0600] {dag.py:3239} INFO - Sync 1 DAGs
[2025-02-17T22:38:02.874-0600] {logging_mixin.py:190} INFO - [2025-02-17T22:38:02.873-0600] {dag.py:4180} INFO - Setting next_dagrun for example_params_trigger_ui to None, run_after=None
[2025-02-17T22:38:02.903-0600] {processor.py:208} INFO - Processing /home/dataScience/Projects/Pipeline/venv/lib/python3.10/site-packages/airflow/example_dags/example_params_trigger_ui.py took 0.126 seconds
[2025-02-17T22:39:03.279-0600] {processor.py:186} INFO - Started process (PID=24065) to work on /home/dataScience/Projects/Pipeline/venv/lib/python3.10/site-packages/airflow/example_dags/example_params_trigger_ui.py
[2025-02-17T22:39:03.282-0600] {processor.py:914} INFO - Processing file /home/dataScience/Projects/Pipeline/venv/lib/python3.10/site-packages/airflow/example_dags/example_params_trigger_ui.py for tasks to queue
[2025-02-17T22:39:03.287-0600] {logging_mixin.py:190} INFO - [2025-02-17T22:39:03.286-0600] {dagbag.py:588} INFO - Filling up the DagBag from /home/dataScience/Projects/Pipeline/venv/lib/python3.10/site-packages/airflow/example_dags/example_params_trigger_ui.py
[2025-02-17T22:39:03.308-0600] {processor.py:925} INFO - DAG(s) 'example_params_trigger_ui' retrieved from /home/dataScience/Projects/Pipeline/venv/lib/python3.10/site-packages/airflow/example_dags/example_params_trigger_ui.py
[2025-02-17T22:39:03.370-0600] {logging_mixin.py:190} INFO - [2025-02-17T22:39:03.369-0600] {dag.py:3239} INFO - Sync 1 DAGs
[2025-02-17T22:39:03.393-0600] {logging_mixin.py:190} INFO - [2025-02-17T22:39:03.392-0600] {dag.py:4180} INFO - Setting next_dagrun for example_params_trigger_ui to None, run_after=None
[2025-02-17T22:39:03.433-0600] {processor.py:208} INFO - Processing /home/dataScience/Projects/Pipeline/venv/lib/python3.10/site-packages/airflow/example_dags/example_params_trigger_ui.py took 0.164 seconds
[2025-02-17T22:40:04.618-0600] {processor.py:186} INFO - Started process (PID=24577) to work on /home/dataScience/Projects/Pipeline/venv/lib/python3.10/site-packages/airflow/example_dags/example_params_trigger_ui.py
[2025-02-17T22:40:04.621-0600] {processor.py:914} INFO - Processing file /home/dataScience/Projects/Pipeline/venv/lib/python3.10/site-packages/airflow/example_dags/example_params_trigger_ui.py for tasks to queue
[2025-02-17T22:40:04.624-0600] {logging_mixin.py:190} INFO - [2025-02-17T22:40:04.623-0600] {dagbag.py:588} INFO - Filling up the DagBag from /home/dataScience/Projects/Pipeline/venv/lib/python3.10/site-packages/airflow/example_dags/example_params_trigger_ui.py
[2025-02-17T22:40:04.637-0600] {processor.py:925} INFO - DAG(s) 'example_params_trigger_ui' retrieved from /home/dataScience/Projects/Pipeline/venv/lib/python3.10/site-packages/airflow/example_dags/example_params_trigger_ui.py
[2025-02-17T22:40:04.691-0600] {logging_mixin.py:190} INFO - [2025-02-17T22:40:04.691-0600] {dag.py:3239} INFO - Sync 1 DAGs
[2025-02-17T22:40:04.710-0600] {logging_mixin.py:190} INFO - [2025-02-17T22:40:04.709-0600] {dag.py:4180} INFO - Setting next_dagrun for example_params_trigger_ui to None, run_after=None
[2025-02-17T22:40:04.749-0600] {processor.py:208} INFO - Processing /home/dataScience/Projects/Pipeline/venv/lib/python3.10/site-packages/airflow/example_dags/example_params_trigger_ui.py took 0.138 seconds
[2025-02-17T22:41:05.496-0600] {processor.py:186} INFO - Started process (PID=25081) to work on /home/dataScience/Projects/Pipeline/venv/lib/python3.10/site-packages/airflow/example_dags/example_params_trigger_ui.py
[2025-02-17T22:41:05.499-0600] {processor.py:914} INFO - Processing file /home/dataScience/Projects/Pipeline/venv/lib/python3.10/site-packages/airflow/example_dags/example_params_trigger_ui.py for tasks to queue
[2025-02-17T22:41:05.501-0600] {logging_mixin.py:190} INFO - [2025-02-17T22:41:05.501-0600] {dagbag.py:588} INFO - Filling up the DagBag from /home/dataScience/Projects/Pipeline/venv/lib/python3.10/site-packages/airflow/example_dags/example_params_trigger_ui.py
[2025-02-17T22:41:05.514-0600] {processor.py:925} INFO - DAG(s) 'example_params_trigger_ui' retrieved from /home/dataScience/Projects/Pipeline/venv/lib/python3.10/site-packages/airflow/example_dags/example_params_trigger_ui.py
[2025-02-17T22:41:05.563-0600] {logging_mixin.py:190} INFO - [2025-02-17T22:41:05.562-0600] {dag.py:3239} INFO - Sync 1 DAGs
[2025-02-17T22:41:05.577-0600] {logging_mixin.py:190} INFO - [2025-02-17T22:41:05.577-0600] {dag.py:4180} INFO - Setting next_dagrun for example_params_trigger_ui to None, run_after=None
[2025-02-17T22:41:05.608-0600] {processor.py:208} INFO - Processing /home/dataScience/Projects/Pipeline/venv/lib/python3.10/site-packages/airflow/example_dags/example_params_trigger_ui.py took 0.124 seconds
