[2025-02-17T22:31:42.114-0600] {processor.py:186} INFO - Started process (PID=19586) to work on /home/dataScience/Projects/Pipeline/venv/lib/python3.10/site-packages/airflow/example_dags/tutorial_taskflow_api_virtualenv.py
[2025-02-17T22:31:42.115-0600] {processor.py:914} INFO - Processing file /home/dataScience/Projects/Pipeline/venv/lib/python3.10/site-packages/airflow/example_dags/tutorial_taskflow_api_virtualenv.py for tasks to queue
[2025-02-17T22:31:42.118-0600] {logging_mixin.py:190} INFO - [2025-02-17T22:31:42.117-0600] {dagbag.py:588} INFO - Filling up the DagBag from /home/dataScience/Projects/Pipeline/venv/lib/python3.10/site-packages/airflow/example_dags/tutorial_taskflow_api_virtualenv.py
[2025-02-17T22:31:42.133-0600] {processor.py:925} INFO - DAG(s) 'tutorial_taskflow_api_virtualenv' retrieved from /home/dataScience/Projects/Pipeline/venv/lib/python3.10/site-packages/airflow/example_dags/tutorial_taskflow_api_virtualenv.py
[2025-02-17T22:31:42.395-0600] {logging_mixin.py:190} INFO - [2025-02-17T22:31:42.395-0600] {override.py:1930} INFO - Created Permission View: can delete on DAG:tutorial_taskflow_api_virtualenv
[2025-02-17T22:31:42.413-0600] {logging_mixin.py:190} INFO - [2025-02-17T22:31:42.413-0600] {override.py:1930} INFO - Created Permission View: can edit on DAG:tutorial_taskflow_api_virtualenv
[2025-02-17T22:31:42.427-0600] {logging_mixin.py:190} INFO - [2025-02-17T22:31:42.427-0600] {override.py:1930} INFO - Created Permission View: can read on DAG:tutorial_taskflow_api_virtualenv
[2025-02-17T22:31:42.452-0600] {logging_mixin.py:190} INFO - [2025-02-17T22:31:42.452-0600] {override.py:1930} INFO - Created Permission View: can create on DAG Run:tutorial_taskflow_api_virtualenv
[2025-02-17T22:31:42.466-0600] {logging_mixin.py:190} INFO - [2025-02-17T22:31:42.466-0600] {override.py:1930} INFO - Created Permission View: can delete on DAG Run:tutorial_taskflow_api_virtualenv
[2025-02-17T22:31:42.480-0600] {logging_mixin.py:190} INFO - [2025-02-17T22:31:42.479-0600] {override.py:1930} INFO - Created Permission View: menu access on DAG Run:tutorial_taskflow_api_virtualenv
[2025-02-17T22:31:42.496-0600] {logging_mixin.py:190} INFO - [2025-02-17T22:31:42.495-0600] {override.py:1930} INFO - Created Permission View: can read on DAG Run:tutorial_taskflow_api_virtualenv
[2025-02-17T22:31:42.496-0600] {logging_mixin.py:190} INFO - [2025-02-17T22:31:42.496-0600] {dag.py:3239} INFO - Sync 1 DAGs
[2025-02-17T22:31:42.509-0600] {logging_mixin.py:190} INFO - [2025-02-17T22:31:42.509-0600] {dag.py:3262} INFO - Creating ORM DAG for tutorial_taskflow_api_virtualenv
[2025-02-17T22:31:42.510-0600] {logging_mixin.py:190} INFO - [2025-02-17T22:31:42.510-0600] {dag.py:4180} INFO - Setting next_dagrun for tutorial_taskflow_api_virtualenv to None, run_after=None
[2025-02-17T22:31:42.547-0600] {processor.py:208} INFO - Processing /home/dataScience/Projects/Pipeline/venv/lib/python3.10/site-packages/airflow/example_dags/tutorial_taskflow_api_virtualenv.py took 0.447 seconds
[2025-02-17T22:33:03.541-0600] {processor.py:186} INFO - Started process (PID=20638) to work on /home/dataScience/Projects/Pipeline/venv/lib/python3.10/site-packages/airflow/example_dags/tutorial_taskflow_api_virtualenv.py
[2025-02-17T22:33:03.546-0600] {processor.py:914} INFO - Processing file /home/dataScience/Projects/Pipeline/venv/lib/python3.10/site-packages/airflow/example_dags/tutorial_taskflow_api_virtualenv.py for tasks to queue
[2025-02-17T22:33:03.549-0600] {logging_mixin.py:190} INFO - [2025-02-17T22:33:03.549-0600] {dagbag.py:588} INFO - Filling up the DagBag from /home/dataScience/Projects/Pipeline/venv/lib/python3.10/site-packages/airflow/example_dags/tutorial_taskflow_api_virtualenv.py
[2025-02-17T22:33:03.575-0600] {processor.py:925} INFO - DAG(s) 'tutorial_taskflow_api_virtualenv' retrieved from /home/dataScience/Projects/Pipeline/venv/lib/python3.10/site-packages/airflow/example_dags/tutorial_taskflow_api_virtualenv.py
[2025-02-17T22:33:03.602-0600] {logging_mixin.py:190} INFO - [2025-02-17T22:33:03.602-0600] {dag.py:3239} INFO - Sync 1 DAGs
[2025-02-17T22:33:03.632-0600] {logging_mixin.py:190} INFO - [2025-02-17T22:33:03.631-0600] {dag.py:4180} INFO - Setting next_dagrun for tutorial_taskflow_api_virtualenv to None, run_after=None
[2025-02-17T22:33:03.679-0600] {processor.py:208} INFO - Processing /home/dataScience/Projects/Pipeline/venv/lib/python3.10/site-packages/airflow/example_dags/tutorial_taskflow_api_virtualenv.py took 0.151 seconds
[2025-02-17T22:33:43.962-0600] {processor.py:186} INFO - Started process (PID=21103) to work on /home/dataScience/Projects/Pipeline/venv/lib/python3.10/site-packages/airflow/example_dags/tutorial_taskflow_api_virtualenv.py
[2025-02-17T22:33:43.964-0600] {processor.py:914} INFO - Processing file /home/dataScience/Projects/Pipeline/venv/lib/python3.10/site-packages/airflow/example_dags/tutorial_taskflow_api_virtualenv.py for tasks to queue
[2025-02-17T22:33:43.968-0600] {logging_mixin.py:190} INFO - [2025-02-17T22:33:43.967-0600] {dagbag.py:588} INFO - Filling up the DagBag from /home/dataScience/Projects/Pipeline/venv/lib/python3.10/site-packages/airflow/example_dags/tutorial_taskflow_api_virtualenv.py
[2025-02-17T22:33:43.990-0600] {processor.py:925} INFO - DAG(s) 'tutorial_taskflow_api_virtualenv' retrieved from /home/dataScience/Projects/Pipeline/venv/lib/python3.10/site-packages/airflow/example_dags/tutorial_taskflow_api_virtualenv.py
[2025-02-17T22:33:44.010-0600] {logging_mixin.py:190} INFO - [2025-02-17T22:33:44.009-0600] {dag.py:3239} INFO - Sync 1 DAGs
[2025-02-17T22:33:44.026-0600] {logging_mixin.py:190} INFO - [2025-02-17T22:33:44.026-0600] {dag.py:4180} INFO - Setting next_dagrun for tutorial_taskflow_api_virtualenv to None, run_after=None
[2025-02-17T22:33:44.056-0600] {processor.py:208} INFO - Processing /home/dataScience/Projects/Pipeline/venv/lib/python3.10/site-packages/airflow/example_dags/tutorial_taskflow_api_virtualenv.py took 0.104 seconds
[2025-02-17T22:34:43.157-0600] {processor.py:186} INFO - Started process (PID=21730) to work on /home/dataScience/Projects/Pipeline/venv/lib/python3.10/site-packages/airflow/example_dags/tutorial_taskflow_api_virtualenv.py
[2025-02-17T22:34:43.158-0600] {processor.py:914} INFO - Processing file /home/dataScience/Projects/Pipeline/venv/lib/python3.10/site-packages/airflow/example_dags/tutorial_taskflow_api_virtualenv.py for tasks to queue
[2025-02-17T22:34:43.161-0600] {logging_mixin.py:190} INFO - [2025-02-17T22:34:43.161-0600] {dagbag.py:588} INFO - Filling up the DagBag from /home/dataScience/Projects/Pipeline/venv/lib/python3.10/site-packages/airflow/example_dags/tutorial_taskflow_api_virtualenv.py
[2025-02-17T22:34:43.174-0600] {processor.py:925} INFO - DAG(s) 'tutorial_taskflow_api_virtualenv' retrieved from /home/dataScience/Projects/Pipeline/venv/lib/python3.10/site-packages/airflow/example_dags/tutorial_taskflow_api_virtualenv.py
[2025-02-17T22:34:43.191-0600] {logging_mixin.py:190} INFO - [2025-02-17T22:34:43.191-0600] {dag.py:3239} INFO - Sync 1 DAGs
[2025-02-17T22:34:43.206-0600] {logging_mixin.py:190} INFO - [2025-02-17T22:34:43.205-0600] {dag.py:4180} INFO - Setting next_dagrun for tutorial_taskflow_api_virtualenv to None, run_after=None
[2025-02-17T22:34:43.232-0600] {processor.py:208} INFO - Processing /home/dataScience/Projects/Pipeline/venv/lib/python3.10/site-packages/airflow/example_dags/tutorial_taskflow_api_virtualenv.py took 0.082 seconds
[2025-02-17T22:35:47.058-0600] {processor.py:186} INFO - Started process (PID=22383) to work on /home/dataScience/Projects/Pipeline/venv/lib/python3.10/site-packages/airflow/example_dags/tutorial_taskflow_api_virtualenv.py
[2025-02-17T22:35:47.060-0600] {processor.py:914} INFO - Processing file /home/dataScience/Projects/Pipeline/venv/lib/python3.10/site-packages/airflow/example_dags/tutorial_taskflow_api_virtualenv.py for tasks to queue
[2025-02-17T22:35:47.063-0600] {logging_mixin.py:190} INFO - [2025-02-17T22:35:47.062-0600] {dagbag.py:588} INFO - Filling up the DagBag from /home/dataScience/Projects/Pipeline/venv/lib/python3.10/site-packages/airflow/example_dags/tutorial_taskflow_api_virtualenv.py
[2025-02-17T22:35:47.077-0600] {processor.py:925} INFO - DAG(s) 'tutorial_taskflow_api_virtualenv' retrieved from /home/dataScience/Projects/Pipeline/venv/lib/python3.10/site-packages/airflow/example_dags/tutorial_taskflow_api_virtualenv.py
[2025-02-17T22:35:47.096-0600] {logging_mixin.py:190} INFO - [2025-02-17T22:35:47.096-0600] {dag.py:3239} INFO - Sync 1 DAGs
[2025-02-17T22:35:47.119-0600] {logging_mixin.py:190} INFO - [2025-02-17T22:35:47.118-0600] {dag.py:4180} INFO - Setting next_dagrun for tutorial_taskflow_api_virtualenv to None, run_after=None
[2025-02-17T22:35:47.156-0600] {processor.py:208} INFO - Processing /home/dataScience/Projects/Pipeline/venv/lib/python3.10/site-packages/airflow/example_dags/tutorial_taskflow_api_virtualenv.py took 0.105 seconds
[2025-02-17T22:36:48.636-0600] {processor.py:186} INFO - Started process (PID=22957) to work on /home/dataScience/Projects/Pipeline/venv/lib/python3.10/site-packages/airflow/example_dags/tutorial_taskflow_api_virtualenv.py
[2025-02-17T22:36:48.638-0600] {processor.py:914} INFO - Processing file /home/dataScience/Projects/Pipeline/venv/lib/python3.10/site-packages/airflow/example_dags/tutorial_taskflow_api_virtualenv.py for tasks to queue
[2025-02-17T22:36:48.640-0600] {logging_mixin.py:190} INFO - [2025-02-17T22:36:48.640-0600] {dagbag.py:588} INFO - Filling up the DagBag from /home/dataScience/Projects/Pipeline/venv/lib/python3.10/site-packages/airflow/example_dags/tutorial_taskflow_api_virtualenv.py
[2025-02-17T22:36:48.656-0600] {processor.py:925} INFO - DAG(s) 'tutorial_taskflow_api_virtualenv' retrieved from /home/dataScience/Projects/Pipeline/venv/lib/python3.10/site-packages/airflow/example_dags/tutorial_taskflow_api_virtualenv.py
[2025-02-17T22:36:48.675-0600] {logging_mixin.py:190} INFO - [2025-02-17T22:36:48.674-0600] {dag.py:3239} INFO - Sync 1 DAGs
[2025-02-17T22:36:48.691-0600] {logging_mixin.py:190} INFO - [2025-02-17T22:36:48.691-0600] {dag.py:4180} INFO - Setting next_dagrun for tutorial_taskflow_api_virtualenv to None, run_after=None
[2025-02-17T22:36:48.724-0600] {processor.py:208} INFO - Processing /home/dataScience/Projects/Pipeline/venv/lib/python3.10/site-packages/airflow/example_dags/tutorial_taskflow_api_virtualenv.py took 0.096 seconds
[2025-02-17T22:37:45.804-0600] {processor.py:186} INFO - Started process (PID=23440) to work on /home/dataScience/Projects/Pipeline/venv/lib/python3.10/site-packages/airflow/example_dags/tutorial_taskflow_api_virtualenv.py
[2025-02-17T22:37:45.805-0600] {processor.py:914} INFO - Processing file /home/dataScience/Projects/Pipeline/venv/lib/python3.10/site-packages/airflow/example_dags/tutorial_taskflow_api_virtualenv.py for tasks to queue
[2025-02-17T22:37:45.808-0600] {logging_mixin.py:190} INFO - [2025-02-17T22:37:45.807-0600] {dagbag.py:588} INFO - Filling up the DagBag from /home/dataScience/Projects/Pipeline/venv/lib/python3.10/site-packages/airflow/example_dags/tutorial_taskflow_api_virtualenv.py
[2025-02-17T22:37:45.823-0600] {processor.py:925} INFO - DAG(s) 'tutorial_taskflow_api_virtualenv' retrieved from /home/dataScience/Projects/Pipeline/venv/lib/python3.10/site-packages/airflow/example_dags/tutorial_taskflow_api_virtualenv.py
[2025-02-17T22:37:45.840-0600] {logging_mixin.py:190} INFO - [2025-02-17T22:37:45.840-0600] {dag.py:3239} INFO - Sync 1 DAGs
[2025-02-17T22:37:45.860-0600] {logging_mixin.py:190} INFO - [2025-02-17T22:37:45.860-0600] {dag.py:4180} INFO - Setting next_dagrun for tutorial_taskflow_api_virtualenv to None, run_after=None
[2025-02-17T22:37:45.889-0600] {processor.py:208} INFO - Processing /home/dataScience/Projects/Pipeline/venv/lib/python3.10/site-packages/airflow/example_dags/tutorial_taskflow_api_virtualenv.py took 0.092 seconds
[2025-02-17T22:38:42.209-0600] {processor.py:186} INFO - Started process (PID=23917) to work on /home/dataScience/Projects/Pipeline/venv/lib/python3.10/site-packages/airflow/example_dags/tutorial_taskflow_api_virtualenv.py
[2025-02-17T22:38:42.211-0600] {processor.py:914} INFO - Processing file /home/dataScience/Projects/Pipeline/venv/lib/python3.10/site-packages/airflow/example_dags/tutorial_taskflow_api_virtualenv.py for tasks to queue
[2025-02-17T22:38:42.214-0600] {logging_mixin.py:190} INFO - [2025-02-17T22:38:42.213-0600] {dagbag.py:588} INFO - Filling up the DagBag from /home/dataScience/Projects/Pipeline/venv/lib/python3.10/site-packages/airflow/example_dags/tutorial_taskflow_api_virtualenv.py
[2025-02-17T22:38:42.231-0600] {processor.py:925} INFO - DAG(s) 'tutorial_taskflow_api_virtualenv' retrieved from /home/dataScience/Projects/Pipeline/venv/lib/python3.10/site-packages/airflow/example_dags/tutorial_taskflow_api_virtualenv.py
[2025-02-17T22:38:42.253-0600] {logging_mixin.py:190} INFO - [2025-02-17T22:38:42.253-0600] {dag.py:3239} INFO - Sync 1 DAGs
[2025-02-17T22:38:42.271-0600] {logging_mixin.py:190} INFO - [2025-02-17T22:38:42.271-0600] {dag.py:4180} INFO - Setting next_dagrun for tutorial_taskflow_api_virtualenv to None, run_after=None
[2025-02-17T22:38:42.306-0600] {processor.py:208} INFO - Processing /home/dataScience/Projects/Pipeline/venv/lib/python3.10/site-packages/airflow/example_dags/tutorial_taskflow_api_virtualenv.py took 0.104 seconds
[2025-02-17T22:39:44.777-0600] {processor.py:186} INFO - Started process (PID=24433) to work on /home/dataScience/Projects/Pipeline/venv/lib/python3.10/site-packages/airflow/example_dags/tutorial_taskflow_api_virtualenv.py
[2025-02-17T22:39:44.780-0600] {processor.py:914} INFO - Processing file /home/dataScience/Projects/Pipeline/venv/lib/python3.10/site-packages/airflow/example_dags/tutorial_taskflow_api_virtualenv.py for tasks to queue
[2025-02-17T22:39:44.783-0600] {logging_mixin.py:190} INFO - [2025-02-17T22:39:44.783-0600] {dagbag.py:588} INFO - Filling up the DagBag from /home/dataScience/Projects/Pipeline/venv/lib/python3.10/site-packages/airflow/example_dags/tutorial_taskflow_api_virtualenv.py
[2025-02-17T22:39:44.800-0600] {processor.py:925} INFO - DAG(s) 'tutorial_taskflow_api_virtualenv' retrieved from /home/dataScience/Projects/Pipeline/venv/lib/python3.10/site-packages/airflow/example_dags/tutorial_taskflow_api_virtualenv.py
[2025-02-17T22:39:44.821-0600] {logging_mixin.py:190} INFO - [2025-02-17T22:39:44.820-0600] {dag.py:3239} INFO - Sync 1 DAGs
[2025-02-17T22:39:44.840-0600] {logging_mixin.py:190} INFO - [2025-02-17T22:39:44.839-0600] {dag.py:4180} INFO - Setting next_dagrun for tutorial_taskflow_api_virtualenv to None, run_after=None
[2025-02-17T22:39:44.874-0600] {processor.py:208} INFO - Processing /home/dataScience/Projects/Pipeline/venv/lib/python3.10/site-packages/airflow/example_dags/tutorial_taskflow_api_virtualenv.py took 0.103 seconds
[2025-02-17T22:40:45.542-0600] {processor.py:186} INFO - Started process (PID=24937) to work on /home/dataScience/Projects/Pipeline/venv/lib/python3.10/site-packages/airflow/example_dags/tutorial_taskflow_api_virtualenv.py
[2025-02-17T22:40:45.546-0600] {processor.py:914} INFO - Processing file /home/dataScience/Projects/Pipeline/venv/lib/python3.10/site-packages/airflow/example_dags/tutorial_taskflow_api_virtualenv.py for tasks to queue
[2025-02-17T22:40:45.548-0600] {logging_mixin.py:190} INFO - [2025-02-17T22:40:45.548-0600] {dagbag.py:588} INFO - Filling up the DagBag from /home/dataScience/Projects/Pipeline/venv/lib/python3.10/site-packages/airflow/example_dags/tutorial_taskflow_api_virtualenv.py
[2025-02-17T22:40:45.563-0600] {processor.py:925} INFO - DAG(s) 'tutorial_taskflow_api_virtualenv' retrieved from /home/dataScience/Projects/Pipeline/venv/lib/python3.10/site-packages/airflow/example_dags/tutorial_taskflow_api_virtualenv.py
[2025-02-17T22:40:45.582-0600] {logging_mixin.py:190} INFO - [2025-02-17T22:40:45.581-0600] {dag.py:3239} INFO - Sync 1 DAGs
[2025-02-17T22:40:45.596-0600] {logging_mixin.py:190} INFO - [2025-02-17T22:40:45.596-0600] {dag.py:4180} INFO - Setting next_dagrun for tutorial_taskflow_api_virtualenv to None, run_after=None
[2025-02-17T22:40:45.627-0600] {processor.py:208} INFO - Processing /home/dataScience/Projects/Pipeline/venv/lib/python3.10/site-packages/airflow/example_dags/tutorial_taskflow_api_virtualenv.py took 0.091 seconds
