[2025-02-17T22:31:29.892-0600] {processor.py:186} INFO - Started process (PID=19378) to work on /home/dataScience/Projects/Pipeline/venv/lib/python3.10/site-packages/airflow/example_dags/tutorial_taskflow_api.py
[2025-02-17T22:31:29.894-0600] {processor.py:914} INFO - Processing file /home/dataScience/Projects/Pipeline/venv/lib/python3.10/site-packages/airflow/example_dags/tutorial_taskflow_api.py for tasks to queue
[2025-02-17T22:31:29.906-0600] {logging_mixin.py:190} INFO - [2025-02-17T22:31:29.904-0600] {dagbag.py:588} INFO - Filling up the DagBag from /home/dataScience/Projects/Pipeline/venv/lib/python3.10/site-packages/airflow/example_dags/tutorial_taskflow_api.py
[2025-02-17T22:31:29.993-0600] {processor.py:925} INFO - DAG(s) 'tutorial_taskflow_api' retrieved from /home/dataScience/Projects/Pipeline/venv/lib/python3.10/site-packages/airflow/example_dags/tutorial_taskflow_api.py
[2025-02-17T22:31:30.937-0600] {logging_mixin.py:190} INFO - [2025-02-17T22:31:30.937-0600] {override.py:1930} INFO - Created Permission View: can delete on DAG:tutorial_taskflow_api
[2025-02-17T22:31:31.021-0600] {logging_mixin.py:190} INFO - [2025-02-17T22:31:31.020-0600] {override.py:1930} INFO - Created Permission View: can edit on DAG:tutorial_taskflow_api
[2025-02-17T22:31:31.046-0600] {logging_mixin.py:190} INFO - [2025-02-17T22:31:31.045-0600] {override.py:1930} INFO - Created Permission View: can read on DAG:tutorial_taskflow_api
[2025-02-17T22:31:31.080-0600] {logging_mixin.py:190} INFO - [2025-02-17T22:31:31.079-0600] {override.py:1930} INFO - Created Permission View: can create on DAG Run:tutorial_taskflow_api
[2025-02-17T22:31:31.114-0600] {logging_mixin.py:190} INFO - [2025-02-17T22:31:31.113-0600] {override.py:1930} INFO - Created Permission View: can delete on DAG Run:tutorial_taskflow_api
[2025-02-17T22:31:31.142-0600] {logging_mixin.py:190} INFO - [2025-02-17T22:31:31.141-0600] {override.py:1930} INFO - Created Permission View: menu access on DAG Run:tutorial_taskflow_api
[2025-02-17T22:31:31.171-0600] {logging_mixin.py:190} INFO - [2025-02-17T22:31:31.170-0600] {override.py:1930} INFO - Created Permission View: can read on DAG Run:tutorial_taskflow_api
[2025-02-17T22:31:31.172-0600] {logging_mixin.py:190} INFO - [2025-02-17T22:31:31.172-0600] {dag.py:3239} INFO - Sync 1 DAGs
[2025-02-17T22:31:31.194-0600] {logging_mixin.py:190} INFO - [2025-02-17T22:31:31.193-0600] {dag.py:3262} INFO - Creating ORM DAG for tutorial_taskflow_api
[2025-02-17T22:31:31.195-0600] {logging_mixin.py:190} INFO - [2025-02-17T22:31:31.194-0600] {dag.py:4180} INFO - Setting next_dagrun for tutorial_taskflow_api to None, run_after=None
[2025-02-17T22:31:31.244-0600] {processor.py:208} INFO - Processing /home/dataScience/Projects/Pipeline/venv/lib/python3.10/site-packages/airflow/example_dags/tutorial_taskflow_api.py took 1.366 seconds
[2025-02-17T22:32:56.185-0600] {processor.py:186} INFO - Started process (PID=20545) to work on /home/dataScience/Projects/Pipeline/venv/lib/python3.10/site-packages/airflow/example_dags/tutorial_taskflow_api.py
[2025-02-17T22:32:56.187-0600] {processor.py:914} INFO - Processing file /home/dataScience/Projects/Pipeline/venv/lib/python3.10/site-packages/airflow/example_dags/tutorial_taskflow_api.py for tasks to queue
[2025-02-17T22:32:56.189-0600] {logging_mixin.py:190} INFO - [2025-02-17T22:32:56.189-0600] {dagbag.py:588} INFO - Filling up the DagBag from /home/dataScience/Projects/Pipeline/venv/lib/python3.10/site-packages/airflow/example_dags/tutorial_taskflow_api.py
[2025-02-17T22:32:56.313-0600] {processor.py:925} INFO - DAG(s) 'tutorial_taskflow_api' retrieved from /home/dataScience/Projects/Pipeline/venv/lib/python3.10/site-packages/airflow/example_dags/tutorial_taskflow_api.py
[2025-02-17T22:32:56.326-0600] {logging_mixin.py:190} INFO - [2025-02-17T22:32:56.326-0600] {dag.py:3239} INFO - Sync 1 DAGs
[2025-02-17T22:32:56.340-0600] {logging_mixin.py:190} INFO - [2025-02-17T22:32:56.339-0600] {dag.py:4180} INFO - Setting next_dagrun for tutorial_taskflow_api to None, run_after=None
[2025-02-17T22:32:56.370-0600] {processor.py:208} INFO - Processing /home/dataScience/Projects/Pipeline/venv/lib/python3.10/site-packages/airflow/example_dags/tutorial_taskflow_api.py took 0.193 seconds
[2025-02-17T22:33:35.507-0600] {processor.py:186} INFO - Started process (PID=21039) to work on /home/dataScience/Projects/Pipeline/venv/lib/python3.10/site-packages/airflow/example_dags/tutorial_taskflow_api.py
[2025-02-17T22:33:35.509-0600] {processor.py:914} INFO - Processing file /home/dataScience/Projects/Pipeline/venv/lib/python3.10/site-packages/airflow/example_dags/tutorial_taskflow_api.py for tasks to queue
[2025-02-17T22:33:35.513-0600] {logging_mixin.py:190} INFO - [2025-02-17T22:33:35.512-0600] {dagbag.py:588} INFO - Filling up the DagBag from /home/dataScience/Projects/Pipeline/venv/lib/python3.10/site-packages/airflow/example_dags/tutorial_taskflow_api.py
[2025-02-17T22:33:35.527-0600] {processor.py:925} INFO - DAG(s) 'tutorial_taskflow_api' retrieved from /home/dataScience/Projects/Pipeline/venv/lib/python3.10/site-packages/airflow/example_dags/tutorial_taskflow_api.py
[2025-02-17T22:33:35.551-0600] {logging_mixin.py:190} INFO - [2025-02-17T22:33:35.550-0600] {dag.py:3239} INFO - Sync 1 DAGs
[2025-02-17T22:33:35.574-0600] {logging_mixin.py:190} INFO - [2025-02-17T22:33:35.573-0600] {dag.py:4180} INFO - Setting next_dagrun for tutorial_taskflow_api to None, run_after=None
[2025-02-17T22:33:35.606-0600] {processor.py:208} INFO - Processing /home/dataScience/Projects/Pipeline/venv/lib/python3.10/site-packages/airflow/example_dags/tutorial_taskflow_api.py took 0.110 seconds
[2025-02-17T22:34:08.050-0600] {processor.py:186} INFO - Started process (PID=21280) to work on /home/dataScience/Projects/Pipeline/venv/lib/python3.10/site-packages/airflow/example_dags/tutorial_taskflow_api.py
[2025-02-17T22:34:08.052-0600] {processor.py:914} INFO - Processing file /home/dataScience/Projects/Pipeline/venv/lib/python3.10/site-packages/airflow/example_dags/tutorial_taskflow_api.py for tasks to queue
[2025-02-17T22:34:08.055-0600] {logging_mixin.py:190} INFO - [2025-02-17T22:34:08.054-0600] {dagbag.py:588} INFO - Filling up the DagBag from /home/dataScience/Projects/Pipeline/venv/lib/python3.10/site-packages/airflow/example_dags/tutorial_taskflow_api.py
[2025-02-17T22:34:08.066-0600] {processor.py:925} INFO - DAG(s) 'tutorial_taskflow_api' retrieved from /home/dataScience/Projects/Pipeline/venv/lib/python3.10/site-packages/airflow/example_dags/tutorial_taskflow_api.py
[2025-02-17T22:34:08.088-0600] {logging_mixin.py:190} INFO - [2025-02-17T22:34:08.088-0600] {dag.py:3239} INFO - Sync 1 DAGs
[2025-02-17T22:34:08.106-0600] {logging_mixin.py:190} INFO - [2025-02-17T22:34:08.106-0600] {dag.py:4180} INFO - Setting next_dagrun for tutorial_taskflow_api to None, run_after=None
[2025-02-17T22:34:08.144-0600] {processor.py:208} INFO - Processing /home/dataScience/Projects/Pipeline/venv/lib/python3.10/site-packages/airflow/example_dags/tutorial_taskflow_api.py took 0.102 seconds
[2025-02-17T22:35:09.722-0600] {processor.py:186} INFO - Started process (PID=22045) to work on /home/dataScience/Projects/Pipeline/venv/lib/python3.10/site-packages/airflow/example_dags/tutorial_taskflow_api.py
[2025-02-17T22:35:09.724-0600] {processor.py:914} INFO - Processing file /home/dataScience/Projects/Pipeline/venv/lib/python3.10/site-packages/airflow/example_dags/tutorial_taskflow_api.py for tasks to queue
[2025-02-17T22:35:09.727-0600] {logging_mixin.py:190} INFO - [2025-02-17T22:35:09.727-0600] {dagbag.py:588} INFO - Filling up the DagBag from /home/dataScience/Projects/Pipeline/venv/lib/python3.10/site-packages/airflow/example_dags/tutorial_taskflow_api.py
[2025-02-17T22:35:09.738-0600] {processor.py:925} INFO - DAG(s) 'tutorial_taskflow_api' retrieved from /home/dataScience/Projects/Pipeline/venv/lib/python3.10/site-packages/airflow/example_dags/tutorial_taskflow_api.py
[2025-02-17T22:35:09.759-0600] {logging_mixin.py:190} INFO - [2025-02-17T22:35:09.758-0600] {dag.py:3239} INFO - Sync 1 DAGs
[2025-02-17T22:35:09.775-0600] {logging_mixin.py:190} INFO - [2025-02-17T22:35:09.775-0600] {dag.py:4180} INFO - Setting next_dagrun for tutorial_taskflow_api to None, run_after=None
[2025-02-17T22:35:09.827-0600] {processor.py:208} INFO - Processing /home/dataScience/Projects/Pipeline/venv/lib/python3.10/site-packages/airflow/example_dags/tutorial_taskflow_api.py took 0.112 seconds
[2025-02-17T22:35:42.154-0600] {processor.py:186} INFO - Started process (PID=22347) to work on /home/dataScience/Projects/Pipeline/venv/lib/python3.10/site-packages/airflow/example_dags/tutorial_taskflow_api.py
[2025-02-17T22:35:42.156-0600] {processor.py:914} INFO - Processing file /home/dataScience/Projects/Pipeline/venv/lib/python3.10/site-packages/airflow/example_dags/tutorial_taskflow_api.py for tasks to queue
[2025-02-17T22:35:42.159-0600] {logging_mixin.py:190} INFO - [2025-02-17T22:35:42.158-0600] {dagbag.py:588} INFO - Filling up the DagBag from /home/dataScience/Projects/Pipeline/venv/lib/python3.10/site-packages/airflow/example_dags/tutorial_taskflow_api.py
[2025-02-17T22:35:42.169-0600] {processor.py:925} INFO - DAG(s) 'tutorial_taskflow_api' retrieved from /home/dataScience/Projects/Pipeline/venv/lib/python3.10/site-packages/airflow/example_dags/tutorial_taskflow_api.py
[2025-02-17T22:35:42.188-0600] {logging_mixin.py:190} INFO - [2025-02-17T22:35:42.187-0600] {dag.py:3239} INFO - Sync 1 DAGs
[2025-02-17T22:35:42.203-0600] {logging_mixin.py:190} INFO - [2025-02-17T22:35:42.203-0600] {dag.py:4180} INFO - Setting next_dagrun for tutorial_taskflow_api to None, run_after=None
[2025-02-17T22:35:42.236-0600] {processor.py:208} INFO - Processing /home/dataScience/Projects/Pipeline/venv/lib/python3.10/site-packages/airflow/example_dags/tutorial_taskflow_api.py took 0.090 seconds
[2025-02-17T22:36:43.465-0600] {processor.py:186} INFO - Started process (PID=22920) to work on /home/dataScience/Projects/Pipeline/venv/lib/python3.10/site-packages/airflow/example_dags/tutorial_taskflow_api.py
[2025-02-17T22:36:43.467-0600] {processor.py:914} INFO - Processing file /home/dataScience/Projects/Pipeline/venv/lib/python3.10/site-packages/airflow/example_dags/tutorial_taskflow_api.py for tasks to queue
[2025-02-17T22:36:43.470-0600] {logging_mixin.py:190} INFO - [2025-02-17T22:36:43.469-0600] {dagbag.py:588} INFO - Filling up the DagBag from /home/dataScience/Projects/Pipeline/venv/lib/python3.10/site-packages/airflow/example_dags/tutorial_taskflow_api.py
[2025-02-17T22:36:43.480-0600] {processor.py:925} INFO - DAG(s) 'tutorial_taskflow_api' retrieved from /home/dataScience/Projects/Pipeline/venv/lib/python3.10/site-packages/airflow/example_dags/tutorial_taskflow_api.py
[2025-02-17T22:36:43.497-0600] {logging_mixin.py:190} INFO - [2025-02-17T22:36:43.496-0600] {dag.py:3239} INFO - Sync 1 DAGs
[2025-02-17T22:36:43.512-0600] {logging_mixin.py:190} INFO - [2025-02-17T22:36:43.512-0600] {dag.py:4180} INFO - Setting next_dagrun for tutorial_taskflow_api to None, run_after=None
[2025-02-17T22:36:43.545-0600] {processor.py:208} INFO - Processing /home/dataScience/Projects/Pipeline/venv/lib/python3.10/site-packages/airflow/example_dags/tutorial_taskflow_api.py took 0.088 seconds
[2025-02-17T22:37:40.541-0600] {processor.py:186} INFO - Started process (PID=23402) to work on /home/dataScience/Projects/Pipeline/venv/lib/python3.10/site-packages/airflow/example_dags/tutorial_taskflow_api.py
[2025-02-17T22:37:40.543-0600] {processor.py:914} INFO - Processing file /home/dataScience/Projects/Pipeline/venv/lib/python3.10/site-packages/airflow/example_dags/tutorial_taskflow_api.py for tasks to queue
[2025-02-17T22:37:40.546-0600] {logging_mixin.py:190} INFO - [2025-02-17T22:37:40.545-0600] {dagbag.py:588} INFO - Filling up the DagBag from /home/dataScience/Projects/Pipeline/venv/lib/python3.10/site-packages/airflow/example_dags/tutorial_taskflow_api.py
[2025-02-17T22:37:40.559-0600] {processor.py:925} INFO - DAG(s) 'tutorial_taskflow_api' retrieved from /home/dataScience/Projects/Pipeline/venv/lib/python3.10/site-packages/airflow/example_dags/tutorial_taskflow_api.py
[2025-02-17T22:37:40.577-0600] {logging_mixin.py:190} INFO - [2025-02-17T22:37:40.576-0600] {dag.py:3239} INFO - Sync 1 DAGs
[2025-02-17T22:37:40.593-0600] {logging_mixin.py:190} INFO - [2025-02-17T22:37:40.593-0600] {dag.py:4180} INFO - Setting next_dagrun for tutorial_taskflow_api to None, run_after=None
[2025-02-17T22:37:40.630-0600] {processor.py:208} INFO - Processing /home/dataScience/Projects/Pipeline/venv/lib/python3.10/site-packages/airflow/example_dags/tutorial_taskflow_api.py took 0.100 seconds
[2025-02-17T22:38:37.860-0600] {processor.py:186} INFO - Started process (PID=23883) to work on /home/dataScience/Projects/Pipeline/venv/lib/python3.10/site-packages/airflow/example_dags/tutorial_taskflow_api.py
[2025-02-17T22:38:37.862-0600] {processor.py:914} INFO - Processing file /home/dataScience/Projects/Pipeline/venv/lib/python3.10/site-packages/airflow/example_dags/tutorial_taskflow_api.py for tasks to queue
[2025-02-17T22:38:37.865-0600] {logging_mixin.py:190} INFO - [2025-02-17T22:38:37.864-0600] {dagbag.py:588} INFO - Filling up the DagBag from /home/dataScience/Projects/Pipeline/venv/lib/python3.10/site-packages/airflow/example_dags/tutorial_taskflow_api.py
[2025-02-17T22:38:37.877-0600] {processor.py:925} INFO - DAG(s) 'tutorial_taskflow_api' retrieved from /home/dataScience/Projects/Pipeline/venv/lib/python3.10/site-packages/airflow/example_dags/tutorial_taskflow_api.py
[2025-02-17T22:38:37.898-0600] {logging_mixin.py:190} INFO - [2025-02-17T22:38:37.897-0600] {dag.py:3239} INFO - Sync 1 DAGs
[2025-02-17T22:38:37.914-0600] {logging_mixin.py:190} INFO - [2025-02-17T22:38:37.914-0600] {dag.py:4180} INFO - Setting next_dagrun for tutorial_taskflow_api to None, run_after=None
[2025-02-17T22:38:37.950-0600] {processor.py:208} INFO - Processing /home/dataScience/Projects/Pipeline/venv/lib/python3.10/site-packages/airflow/example_dags/tutorial_taskflow_api.py took 0.099 seconds
[2025-02-17T22:39:39.483-0600] {processor.py:186} INFO - Started process (PID=24390) to work on /home/dataScience/Projects/Pipeline/venv/lib/python3.10/site-packages/airflow/example_dags/tutorial_taskflow_api.py
[2025-02-17T22:39:39.485-0600] {processor.py:914} INFO - Processing file /home/dataScience/Projects/Pipeline/venv/lib/python3.10/site-packages/airflow/example_dags/tutorial_taskflow_api.py for tasks to queue
[2025-02-17T22:39:39.488-0600] {logging_mixin.py:190} INFO - [2025-02-17T22:39:39.488-0600] {dagbag.py:588} INFO - Filling up the DagBag from /home/dataScience/Projects/Pipeline/venv/lib/python3.10/site-packages/airflow/example_dags/tutorial_taskflow_api.py
[2025-02-17T22:39:39.499-0600] {processor.py:925} INFO - DAG(s) 'tutorial_taskflow_api' retrieved from /home/dataScience/Projects/Pipeline/venv/lib/python3.10/site-packages/airflow/example_dags/tutorial_taskflow_api.py
[2025-02-17T22:39:39.519-0600] {logging_mixin.py:190} INFO - [2025-02-17T22:39:39.518-0600] {dag.py:3239} INFO - Sync 1 DAGs
[2025-02-17T22:39:39.535-0600] {logging_mixin.py:190} INFO - [2025-02-17T22:39:39.535-0600] {dag.py:4180} INFO - Setting next_dagrun for tutorial_taskflow_api to None, run_after=None
[2025-02-17T22:39:39.571-0600] {processor.py:208} INFO - Processing /home/dataScience/Projects/Pipeline/venv/lib/python3.10/site-packages/airflow/example_dags/tutorial_taskflow_api.py took 0.096 seconds
[2025-02-17T22:40:40.274-0600] {processor.py:186} INFO - Started process (PID=24900) to work on /home/dataScience/Projects/Pipeline/venv/lib/python3.10/site-packages/airflow/example_dags/tutorial_taskflow_api.py
[2025-02-17T22:40:40.277-0600] {processor.py:914} INFO - Processing file /home/dataScience/Projects/Pipeline/venv/lib/python3.10/site-packages/airflow/example_dags/tutorial_taskflow_api.py for tasks to queue
[2025-02-17T22:40:40.279-0600] {logging_mixin.py:190} INFO - [2025-02-17T22:40:40.279-0600] {dagbag.py:588} INFO - Filling up the DagBag from /home/dataScience/Projects/Pipeline/venv/lib/python3.10/site-packages/airflow/example_dags/tutorial_taskflow_api.py
[2025-02-17T22:40:40.290-0600] {processor.py:925} INFO - DAG(s) 'tutorial_taskflow_api' retrieved from /home/dataScience/Projects/Pipeline/venv/lib/python3.10/site-packages/airflow/example_dags/tutorial_taskflow_api.py
[2025-02-17T22:40:40.308-0600] {logging_mixin.py:190} INFO - [2025-02-17T22:40:40.308-0600] {dag.py:3239} INFO - Sync 1 DAGs
[2025-02-17T22:40:40.324-0600] {logging_mixin.py:190} INFO - [2025-02-17T22:40:40.324-0600] {dag.py:4180} INFO - Setting next_dagrun for tutorial_taskflow_api to None, run_after=None
[2025-02-17T22:40:40.355-0600] {processor.py:208} INFO - Processing /home/dataScience/Projects/Pipeline/venv/lib/python3.10/site-packages/airflow/example_dags/tutorial_taskflow_api.py took 0.087 seconds
