[2025-02-17T22:31:51.137-0600] {processor.py:186} INFO - Started process (PID=19775) to work on /home/dataScience/Projects/Pipeline/venv/lib/python3.10/site-packages/airflow/example_dags/tutorial_taskflow_templates.py
[2025-02-17T22:31:51.139-0600] {processor.py:914} INFO - Processing file /home/dataScience/Projects/Pipeline/venv/lib/python3.10/site-packages/airflow/example_dags/tutorial_taskflow_templates.py for tasks to queue
[2025-02-17T22:31:51.142-0600] {logging_mixin.py:190} INFO - [2025-02-17T22:31:51.141-0600] {dagbag.py:588} INFO - Filling up the DagBag from /home/dataScience/Projects/Pipeline/venv/lib/python3.10/site-packages/airflow/example_dags/tutorial_taskflow_templates.py
[2025-02-17T22:31:51.157-0600] {processor.py:925} INFO - DAG(s) 'tutorial_taskflow_templates' retrieved from /home/dataScience/Projects/Pipeline/venv/lib/python3.10/site-packages/airflow/example_dags/tutorial_taskflow_templates.py
[2025-02-17T22:31:51.392-0600] {logging_mixin.py:190} INFO - [2025-02-17T22:31:51.391-0600] {override.py:1930} INFO - Created Permission View: can delete on DAG:tutorial_taskflow_templates
[2025-02-17T22:31:51.419-0600] {logging_mixin.py:190} INFO - [2025-02-17T22:31:51.418-0600] {override.py:1930} INFO - Created Permission View: can edit on DAG:tutorial_taskflow_templates
[2025-02-17T22:31:51.438-0600] {logging_mixin.py:190} INFO - [2025-02-17T22:31:51.438-0600] {override.py:1930} INFO - Created Permission View: can read on DAG:tutorial_taskflow_templates
[2025-02-17T22:31:51.467-0600] {logging_mixin.py:190} INFO - [2025-02-17T22:31:51.466-0600] {override.py:1930} INFO - Created Permission View: can create on DAG Run:tutorial_taskflow_templates
[2025-02-17T22:31:51.485-0600] {logging_mixin.py:190} INFO - [2025-02-17T22:31:51.485-0600] {override.py:1930} INFO - Created Permission View: can delete on DAG Run:tutorial_taskflow_templates
[2025-02-17T22:31:51.503-0600] {logging_mixin.py:190} INFO - [2025-02-17T22:31:51.502-0600] {override.py:1930} INFO - Created Permission View: menu access on DAG Run:tutorial_taskflow_templates
[2025-02-17T22:31:51.522-0600] {logging_mixin.py:190} INFO - [2025-02-17T22:31:51.521-0600] {override.py:1930} INFO - Created Permission View: can read on DAG Run:tutorial_taskflow_templates
[2025-02-17T22:31:51.524-0600] {logging_mixin.py:190} INFO - [2025-02-17T22:31:51.523-0600] {dag.py:3239} INFO - Sync 1 DAGs
[2025-02-17T22:31:51.537-0600] {logging_mixin.py:190} INFO - [2025-02-17T22:31:51.537-0600] {dag.py:3262} INFO - Creating ORM DAG for tutorial_taskflow_templates
[2025-02-17T22:31:51.554-0600] {logging_mixin.py:190} INFO - [2025-02-17T22:31:51.554-0600] {dag.py:4180} INFO - Setting next_dagrun for tutorial_taskflow_templates to 2025-02-17 00:00:00+00:00, run_after=2025-02-18 00:00:00+00:00
[2025-02-17T22:31:51.594-0600] {processor.py:208} INFO - Processing /home/dataScience/Projects/Pipeline/venv/lib/python3.10/site-packages/airflow/example_dags/tutorial_taskflow_templates.py took 0.463 seconds
[2025-02-17T22:33:09.376-0600] {processor.py:186} INFO - Started process (PID=20717) to work on /home/dataScience/Projects/Pipeline/venv/lib/python3.10/site-packages/airflow/example_dags/tutorial_taskflow_templates.py
[2025-02-17T22:33:09.378-0600] {processor.py:914} INFO - Processing file /home/dataScience/Projects/Pipeline/venv/lib/python3.10/site-packages/airflow/example_dags/tutorial_taskflow_templates.py for tasks to queue
[2025-02-17T22:33:09.381-0600] {logging_mixin.py:190} INFO - [2025-02-17T22:33:09.381-0600] {dagbag.py:588} INFO - Filling up the DagBag from /home/dataScience/Projects/Pipeline/venv/lib/python3.10/site-packages/airflow/example_dags/tutorial_taskflow_templates.py
[2025-02-17T22:33:09.398-0600] {processor.py:925} INFO - DAG(s) 'tutorial_taskflow_templates' retrieved from /home/dataScience/Projects/Pipeline/venv/lib/python3.10/site-packages/airflow/example_dags/tutorial_taskflow_templates.py
[2025-02-17T22:33:09.418-0600] {logging_mixin.py:190} INFO - [2025-02-17T22:33:09.418-0600] {dag.py:3239} INFO - Sync 1 DAGs
[2025-02-17T22:33:09.449-0600] {logging_mixin.py:190} INFO - [2025-02-17T22:33:09.449-0600] {dag.py:4180} INFO - Setting next_dagrun for tutorial_taskflow_templates to 2025-02-17 00:00:00+00:00, run_after=2025-02-18 00:00:00+00:00
[2025-02-17T22:33:09.483-0600] {processor.py:208} INFO - Processing /home/dataScience/Projects/Pipeline/venv/lib/python3.10/site-packages/airflow/example_dags/tutorial_taskflow_templates.py took 0.115 seconds
[2025-02-17T22:34:13.632-0600] {processor.py:186} INFO - Started process (PID=21386) to work on /home/dataScience/Projects/Pipeline/venv/lib/python3.10/site-packages/airflow/example_dags/tutorial_taskflow_templates.py
[2025-02-17T22:34:13.634-0600] {processor.py:914} INFO - Processing file /home/dataScience/Projects/Pipeline/venv/lib/python3.10/site-packages/airflow/example_dags/tutorial_taskflow_templates.py for tasks to queue
[2025-02-17T22:34:13.637-0600] {logging_mixin.py:190} INFO - [2025-02-17T22:34:13.637-0600] {dagbag.py:588} INFO - Filling up the DagBag from /home/dataScience/Projects/Pipeline/venv/lib/python3.10/site-packages/airflow/example_dags/tutorial_taskflow_templates.py
[2025-02-17T22:34:13.654-0600] {processor.py:925} INFO - DAG(s) 'tutorial_taskflow_templates' retrieved from /home/dataScience/Projects/Pipeline/venv/lib/python3.10/site-packages/airflow/example_dags/tutorial_taskflow_templates.py
[2025-02-17T22:34:13.677-0600] {logging_mixin.py:190} INFO - [2025-02-17T22:34:13.676-0600] {dag.py:3239} INFO - Sync 1 DAGs
[2025-02-17T22:34:13.702-0600] {logging_mixin.py:190} INFO - [2025-02-17T22:34:13.701-0600] {dag.py:4180} INFO - Setting next_dagrun for tutorial_taskflow_templates to 2025-02-17 00:00:00+00:00, run_after=2025-02-18 00:00:00+00:00
[2025-02-17T22:34:13.730-0600] {processor.py:208} INFO - Processing /home/dataScience/Projects/Pipeline/venv/lib/python3.10/site-packages/airflow/example_dags/tutorial_taskflow_templates.py took 0.107 seconds
[2025-02-17T22:35:16.590-0600] {processor.py:186} INFO - Started process (PID=22096) to work on /home/dataScience/Projects/Pipeline/venv/lib/python3.10/site-packages/airflow/example_dags/tutorial_taskflow_templates.py
[2025-02-17T22:35:16.592-0600] {processor.py:914} INFO - Processing file /home/dataScience/Projects/Pipeline/venv/lib/python3.10/site-packages/airflow/example_dags/tutorial_taskflow_templates.py for tasks to queue
[2025-02-17T22:35:16.596-0600] {logging_mixin.py:190} INFO - [2025-02-17T22:35:16.595-0600] {dagbag.py:588} INFO - Filling up the DagBag from /home/dataScience/Projects/Pipeline/venv/lib/python3.10/site-packages/airflow/example_dags/tutorial_taskflow_templates.py
[2025-02-17T22:35:16.613-0600] {processor.py:925} INFO - DAG(s) 'tutorial_taskflow_templates' retrieved from /home/dataScience/Projects/Pipeline/venv/lib/python3.10/site-packages/airflow/example_dags/tutorial_taskflow_templates.py
[2025-02-17T22:35:16.633-0600] {logging_mixin.py:190} INFO - [2025-02-17T22:35:16.632-0600] {dag.py:3239} INFO - Sync 1 DAGs
[2025-02-17T22:35:16.667-0600] {logging_mixin.py:190} INFO - [2025-02-17T22:35:16.665-0600] {dag.py:4180} INFO - Setting next_dagrun for tutorial_taskflow_templates to 2025-02-17 00:00:00+00:00, run_after=2025-02-18 00:00:00+00:00
[2025-02-17T22:35:16.701-0600] {processor.py:208} INFO - Processing /home/dataScience/Projects/Pipeline/venv/lib/python3.10/site-packages/airflow/example_dags/tutorial_taskflow_templates.py took 0.125 seconds
[2025-02-17T22:36:17.404-0600] {processor.py:186} INFO - Started process (PID=22607) to work on /home/dataScience/Projects/Pipeline/venv/lib/python3.10/site-packages/airflow/example_dags/tutorial_taskflow_templates.py
[2025-02-17T22:36:17.406-0600] {processor.py:914} INFO - Processing file /home/dataScience/Projects/Pipeline/venv/lib/python3.10/site-packages/airflow/example_dags/tutorial_taskflow_templates.py for tasks to queue
[2025-02-17T22:36:17.410-0600] {logging_mixin.py:190} INFO - [2025-02-17T22:36:17.409-0600] {dagbag.py:588} INFO - Filling up the DagBag from /home/dataScience/Projects/Pipeline/venv/lib/python3.10/site-packages/airflow/example_dags/tutorial_taskflow_templates.py
[2025-02-17T22:36:17.425-0600] {processor.py:925} INFO - DAG(s) 'tutorial_taskflow_templates' retrieved from /home/dataScience/Projects/Pipeline/venv/lib/python3.10/site-packages/airflow/example_dags/tutorial_taskflow_templates.py
[2025-02-17T22:36:17.445-0600] {logging_mixin.py:190} INFO - [2025-02-17T22:36:17.445-0600] {dag.py:3239} INFO - Sync 1 DAGs
[2025-02-17T22:36:17.471-0600] {logging_mixin.py:190} INFO - [2025-02-17T22:36:17.470-0600] {dag.py:4180} INFO - Setting next_dagrun for tutorial_taskflow_templates to 2025-02-17 00:00:00+00:00, run_after=2025-02-18 00:00:00+00:00
[2025-02-17T22:36:17.502-0600] {processor.py:208} INFO - Processing /home/dataScience/Projects/Pipeline/venv/lib/python3.10/site-packages/airflow/example_dags/tutorial_taskflow_templates.py took 0.105 seconds
[2025-02-17T22:37:17.551-0600] {processor.py:186} INFO - Started process (PID=23168) to work on /home/dataScience/Projects/Pipeline/venv/lib/python3.10/site-packages/airflow/example_dags/tutorial_taskflow_templates.py
[2025-02-17T22:37:17.554-0600] {processor.py:914} INFO - Processing file /home/dataScience/Projects/Pipeline/venv/lib/python3.10/site-packages/airflow/example_dags/tutorial_taskflow_templates.py for tasks to queue
[2025-02-17T22:37:17.559-0600] {logging_mixin.py:190} INFO - [2025-02-17T22:37:17.558-0600] {dagbag.py:588} INFO - Filling up the DagBag from /home/dataScience/Projects/Pipeline/venv/lib/python3.10/site-packages/airflow/example_dags/tutorial_taskflow_templates.py
[2025-02-17T22:37:17.576-0600] {processor.py:925} INFO - DAG(s) 'tutorial_taskflow_templates' retrieved from /home/dataScience/Projects/Pipeline/venv/lib/python3.10/site-packages/airflow/example_dags/tutorial_taskflow_templates.py
[2025-02-17T22:37:17.596-0600] {logging_mixin.py:190} INFO - [2025-02-17T22:37:17.596-0600] {dag.py:3239} INFO - Sync 1 DAGs
[2025-02-17T22:37:17.625-0600] {logging_mixin.py:190} INFO - [2025-02-17T22:37:17.625-0600] {dag.py:4180} INFO - Setting next_dagrun for tutorial_taskflow_templates to 2025-02-17 00:00:00+00:00, run_after=2025-02-18 00:00:00+00:00
[2025-02-17T22:37:17.657-0600] {processor.py:208} INFO - Processing /home/dataScience/Projects/Pipeline/venv/lib/python3.10/site-packages/airflow/example_dags/tutorial_taskflow_templates.py took 0.114 seconds
[2025-02-17T22:38:12.052-0600] {processor.py:186} INFO - Started process (PID=23633) to work on /home/dataScience/Projects/Pipeline/venv/lib/python3.10/site-packages/airflow/example_dags/tutorial_taskflow_templates.py
[2025-02-17T22:38:12.055-0600] {processor.py:914} INFO - Processing file /home/dataScience/Projects/Pipeline/venv/lib/python3.10/site-packages/airflow/example_dags/tutorial_taskflow_templates.py for tasks to queue
[2025-02-17T22:38:12.058-0600] {logging_mixin.py:190} INFO - [2025-02-17T22:38:12.057-0600] {dagbag.py:588} INFO - Filling up the DagBag from /home/dataScience/Projects/Pipeline/venv/lib/python3.10/site-packages/airflow/example_dags/tutorial_taskflow_templates.py
[2025-02-17T22:38:12.075-0600] {processor.py:925} INFO - DAG(s) 'tutorial_taskflow_templates' retrieved from /home/dataScience/Projects/Pipeline/venv/lib/python3.10/site-packages/airflow/example_dags/tutorial_taskflow_templates.py
[2025-02-17T22:38:12.097-0600] {logging_mixin.py:190} INFO - [2025-02-17T22:38:12.097-0600] {dag.py:3239} INFO - Sync 1 DAGs
[2025-02-17T22:38:12.123-0600] {logging_mixin.py:190} INFO - [2025-02-17T22:38:12.123-0600] {dag.py:4180} INFO - Setting next_dagrun for tutorial_taskflow_templates to 2025-02-17 00:00:00+00:00, run_after=2025-02-18 00:00:00+00:00
[2025-02-17T22:38:12.156-0600] {processor.py:208} INFO - Processing /home/dataScience/Projects/Pipeline/venv/lib/python3.10/site-packages/airflow/example_dags/tutorial_taskflow_templates.py took 0.111 seconds
[2025-02-17T22:39:16.155-0600] {processor.py:186} INFO - Started process (PID=24162) to work on /home/dataScience/Projects/Pipeline/venv/lib/python3.10/site-packages/airflow/example_dags/tutorial_taskflow_templates.py
[2025-02-17T22:39:16.157-0600] {processor.py:914} INFO - Processing file /home/dataScience/Projects/Pipeline/venv/lib/python3.10/site-packages/airflow/example_dags/tutorial_taskflow_templates.py for tasks to queue
[2025-02-17T22:39:16.161-0600] {logging_mixin.py:190} INFO - [2025-02-17T22:39:16.160-0600] {dagbag.py:588} INFO - Filling up the DagBag from /home/dataScience/Projects/Pipeline/venv/lib/python3.10/site-packages/airflow/example_dags/tutorial_taskflow_templates.py
[2025-02-17T22:39:16.179-0600] {processor.py:925} INFO - DAG(s) 'tutorial_taskflow_templates' retrieved from /home/dataScience/Projects/Pipeline/venv/lib/python3.10/site-packages/airflow/example_dags/tutorial_taskflow_templates.py
[2025-02-17T22:39:16.199-0600] {logging_mixin.py:190} INFO - [2025-02-17T22:39:16.199-0600] {dag.py:3239} INFO - Sync 1 DAGs
[2025-02-17T22:39:16.233-0600] {logging_mixin.py:190} INFO - [2025-02-17T22:39:16.232-0600] {dag.py:4180} INFO - Setting next_dagrun for tutorial_taskflow_templates to 2025-02-17 00:00:00+00:00, run_after=2025-02-18 00:00:00+00:00
[2025-02-17T22:39:16.265-0600] {processor.py:208} INFO - Processing /home/dataScience/Projects/Pipeline/venv/lib/python3.10/site-packages/airflow/example_dags/tutorial_taskflow_templates.py took 0.118 seconds
[2025-02-17T22:40:14.828-0600] {processor.py:186} INFO - Started process (PID=24651) to work on /home/dataScience/Projects/Pipeline/venv/lib/python3.10/site-packages/airflow/example_dags/tutorial_taskflow_templates.py
[2025-02-17T22:40:14.833-0600] {processor.py:914} INFO - Processing file /home/dataScience/Projects/Pipeline/venv/lib/python3.10/site-packages/airflow/example_dags/tutorial_taskflow_templates.py for tasks to queue
[2025-02-17T22:40:14.839-0600] {logging_mixin.py:190} INFO - [2025-02-17T22:40:14.838-0600] {dagbag.py:588} INFO - Filling up the DagBag from /home/dataScience/Projects/Pipeline/venv/lib/python3.10/site-packages/airflow/example_dags/tutorial_taskflow_templates.py
[2025-02-17T22:40:14.859-0600] {processor.py:925} INFO - DAG(s) 'tutorial_taskflow_templates' retrieved from /home/dataScience/Projects/Pipeline/venv/lib/python3.10/site-packages/airflow/example_dags/tutorial_taskflow_templates.py
[2025-02-17T22:40:14.878-0600] {logging_mixin.py:190} INFO - [2025-02-17T22:40:14.877-0600] {dag.py:3239} INFO - Sync 1 DAGs
[2025-02-17T22:40:14.915-0600] {logging_mixin.py:190} INFO - [2025-02-17T22:40:14.914-0600] {dag.py:4180} INFO - Setting next_dagrun for tutorial_taskflow_templates to 2025-02-17 00:00:00+00:00, run_after=2025-02-18 00:00:00+00:00
[2025-02-17T22:40:14.952-0600] {processor.py:208} INFO - Processing /home/dataScience/Projects/Pipeline/venv/lib/python3.10/site-packages/airflow/example_dags/tutorial_taskflow_templates.py took 0.132 seconds
[2025-02-17T22:41:16.047-0600] {processor.py:186} INFO - Started process (PID=25156) to work on /home/dataScience/Projects/Pipeline/venv/lib/python3.10/site-packages/airflow/example_dags/tutorial_taskflow_templates.py
[2025-02-17T22:41:16.051-0600] {processor.py:914} INFO - Processing file /home/dataScience/Projects/Pipeline/venv/lib/python3.10/site-packages/airflow/example_dags/tutorial_taskflow_templates.py for tasks to queue
[2025-02-17T22:41:16.054-0600] {logging_mixin.py:190} INFO - [2025-02-17T22:41:16.054-0600] {dagbag.py:588} INFO - Filling up the DagBag from /home/dataScience/Projects/Pipeline/venv/lib/python3.10/site-packages/airflow/example_dags/tutorial_taskflow_templates.py
[2025-02-17T22:41:16.071-0600] {processor.py:925} INFO - DAG(s) 'tutorial_taskflow_templates' retrieved from /home/dataScience/Projects/Pipeline/venv/lib/python3.10/site-packages/airflow/example_dags/tutorial_taskflow_templates.py
[2025-02-17T22:41:16.089-0600] {logging_mixin.py:190} INFO - [2025-02-17T22:41:16.089-0600] {dag.py:3239} INFO - Sync 1 DAGs
[2025-02-17T22:41:16.113-0600] {logging_mixin.py:190} INFO - [2025-02-17T22:41:16.113-0600] {dag.py:4180} INFO - Setting next_dagrun for tutorial_taskflow_templates to 2025-02-17 00:00:00+00:00, run_after=2025-02-18 00:00:00+00:00
[2025-02-17T22:41:16.149-0600] {processor.py:208} INFO - Processing /home/dataScience/Projects/Pipeline/venv/lib/python3.10/site-packages/airflow/example_dags/tutorial_taskflow_templates.py took 0.109 seconds
