[2025-02-17T22:31:58.400-0600] {processor.py:186} INFO - Started process (PID=19913) to work on /home/dataScience/Projects/Pipeline/venv/lib/python3.10/site-packages/airflow/example_dags/tutorial_dag.py
[2025-02-17T22:31:58.400-0600] {processor.py:914} INFO - Processing file /home/dataScience/Projects/Pipeline/venv/lib/python3.10/site-packages/airflow/example_dags/tutorial_dag.py for tasks to queue
[2025-02-17T22:31:58.403-0600] {logging_mixin.py:190} INFO - [2025-02-17T22:31:58.402-0600] {dagbag.py:588} INFO - Filling up the DagBag from /home/dataScience/Projects/Pipeline/venv/lib/python3.10/site-packages/airflow/example_dags/tutorial_dag.py
[2025-02-17T22:31:58.412-0600] {processor.py:925} INFO - DAG(s) 'tutorial_dag' retrieved from /home/dataScience/Projects/Pipeline/venv/lib/python3.10/site-packages/airflow/example_dags/tutorial_dag.py
[2025-02-17T22:31:58.727-0600] {logging_mixin.py:190} INFO - [2025-02-17T22:31:58.726-0600] {override.py:1930} INFO - Created Permission View: can delete on DAG:tutorial_dag
[2025-02-17T22:31:58.750-0600] {logging_mixin.py:190} INFO - [2025-02-17T22:31:58.749-0600] {override.py:1930} INFO - Created Permission View: can edit on DAG:tutorial_dag
[2025-02-17T22:31:58.767-0600] {logging_mixin.py:190} INFO - [2025-02-17T22:31:58.766-0600] {override.py:1930} INFO - Created Permission View: can read on DAG:tutorial_dag
[2025-02-17T22:31:58.794-0600] {logging_mixin.py:190} INFO - [2025-02-17T22:31:58.793-0600] {override.py:1930} INFO - Created Permission View: can create on DAG Run:tutorial_dag
[2025-02-17T22:31:58.808-0600] {logging_mixin.py:190} INFO - [2025-02-17T22:31:58.808-0600] {override.py:1930} INFO - Created Permission View: can delete on DAG Run:tutorial_dag
[2025-02-17T22:31:58.823-0600] {logging_mixin.py:190} INFO - [2025-02-17T22:31:58.822-0600] {override.py:1930} INFO - Created Permission View: menu access on DAG Run:tutorial_dag
[2025-02-17T22:31:58.837-0600] {logging_mixin.py:190} INFO - [2025-02-17T22:31:58.836-0600] {override.py:1930} INFO - Created Permission View: can read on DAG Run:tutorial_dag
[2025-02-17T22:31:58.838-0600] {logging_mixin.py:190} INFO - [2025-02-17T22:31:58.838-0600] {dag.py:3239} INFO - Sync 1 DAGs
[2025-02-17T22:31:58.855-0600] {logging_mixin.py:190} INFO - [2025-02-17T22:31:58.854-0600] {dag.py:3262} INFO - Creating ORM DAG for tutorial_dag
[2025-02-17T22:31:58.856-0600] {logging_mixin.py:190} INFO - [2025-02-17T22:31:58.855-0600] {dag.py:4180} INFO - Setting next_dagrun for tutorial_dag to None, run_after=None
[2025-02-17T22:31:58.889-0600] {processor.py:208} INFO - Processing /home/dataScience/Projects/Pipeline/venv/lib/python3.10/site-packages/airflow/example_dags/tutorial_dag.py took 0.496 seconds
[2025-02-17T22:33:14.655-0600] {processor.py:186} INFO - Started process (PID=20818) to work on /home/dataScience/Projects/Pipeline/venv/lib/python3.10/site-packages/airflow/example_dags/tutorial_dag.py
[2025-02-17T22:33:14.658-0600] {processor.py:914} INFO - Processing file /home/dataScience/Projects/Pipeline/venv/lib/python3.10/site-packages/airflow/example_dags/tutorial_dag.py for tasks to queue
[2025-02-17T22:33:14.662-0600] {logging_mixin.py:190} INFO - [2025-02-17T22:33:14.661-0600] {dagbag.py:588} INFO - Filling up the DagBag from /home/dataScience/Projects/Pipeline/venv/lib/python3.10/site-packages/airflow/example_dags/tutorial_dag.py
[2025-02-17T22:33:14.671-0600] {processor.py:925} INFO - DAG(s) 'tutorial_dag' retrieved from /home/dataScience/Projects/Pipeline/venv/lib/python3.10/site-packages/airflow/example_dags/tutorial_dag.py
[2025-02-17T22:33:14.689-0600] {logging_mixin.py:190} INFO - [2025-02-17T22:33:14.688-0600] {dag.py:3239} INFO - Sync 1 DAGs
[2025-02-17T22:33:14.705-0600] {logging_mixin.py:190} INFO - [2025-02-17T22:33:14.705-0600] {dag.py:4180} INFO - Setting next_dagrun for tutorial_dag to None, run_after=None
[2025-02-17T22:33:14.741-0600] {processor.py:208} INFO - Processing /home/dataScience/Projects/Pipeline/venv/lib/python3.10/site-packages/airflow/example_dags/tutorial_dag.py took 0.094 seconds
[2025-02-17T22:34:18.362-0600] {processor.py:186} INFO - Started process (PID=21485) to work on /home/dataScience/Projects/Pipeline/venv/lib/python3.10/site-packages/airflow/example_dags/tutorial_dag.py
[2025-02-17T22:34:18.365-0600] {processor.py:914} INFO - Processing file /home/dataScience/Projects/Pipeline/venv/lib/python3.10/site-packages/airflow/example_dags/tutorial_dag.py for tasks to queue
[2025-02-17T22:34:18.367-0600] {logging_mixin.py:190} INFO - [2025-02-17T22:34:18.366-0600] {dagbag.py:588} INFO - Filling up the DagBag from /home/dataScience/Projects/Pipeline/venv/lib/python3.10/site-packages/airflow/example_dags/tutorial_dag.py
[2025-02-17T22:34:18.376-0600] {processor.py:925} INFO - DAG(s) 'tutorial_dag' retrieved from /home/dataScience/Projects/Pipeline/venv/lib/python3.10/site-packages/airflow/example_dags/tutorial_dag.py
[2025-02-17T22:34:18.394-0600] {logging_mixin.py:190} INFO - [2025-02-17T22:34:18.394-0600] {dag.py:3239} INFO - Sync 1 DAGs
[2025-02-17T22:34:18.409-0600] {logging_mixin.py:190} INFO - [2025-02-17T22:34:18.408-0600] {dag.py:4180} INFO - Setting next_dagrun for tutorial_dag to None, run_after=None
[2025-02-17T22:34:18.438-0600] {processor.py:208} INFO - Processing /home/dataScience/Projects/Pipeline/venv/lib/python3.10/site-packages/airflow/example_dags/tutorial_dag.py took 0.083 seconds
[2025-02-17T22:35:22.532-0600] {processor.py:186} INFO - Started process (PID=22143) to work on /home/dataScience/Projects/Pipeline/venv/lib/python3.10/site-packages/airflow/example_dags/tutorial_dag.py
[2025-02-17T22:35:22.534-0600] {processor.py:914} INFO - Processing file /home/dataScience/Projects/Pipeline/venv/lib/python3.10/site-packages/airflow/example_dags/tutorial_dag.py for tasks to queue
[2025-02-17T22:35:22.537-0600] {logging_mixin.py:190} INFO - [2025-02-17T22:35:22.536-0600] {dagbag.py:588} INFO - Filling up the DagBag from /home/dataScience/Projects/Pipeline/venv/lib/python3.10/site-packages/airflow/example_dags/tutorial_dag.py
[2025-02-17T22:35:22.549-0600] {processor.py:925} INFO - DAG(s) 'tutorial_dag' retrieved from /home/dataScience/Projects/Pipeline/venv/lib/python3.10/site-packages/airflow/example_dags/tutorial_dag.py
[2025-02-17T22:35:22.571-0600] {logging_mixin.py:190} INFO - [2025-02-17T22:35:22.570-0600] {dag.py:3239} INFO - Sync 1 DAGs
[2025-02-17T22:35:22.595-0600] {logging_mixin.py:190} INFO - [2025-02-17T22:35:22.595-0600] {dag.py:4180} INFO - Setting next_dagrun for tutorial_dag to None, run_after=None
[2025-02-17T22:35:22.656-0600] {processor.py:208} INFO - Processing /home/dataScience/Projects/Pipeline/venv/lib/python3.10/site-packages/airflow/example_dags/tutorial_dag.py took 0.134 seconds
[2025-02-17T22:36:22.673-0600] {processor.py:186} INFO - Started process (PID=22644) to work on /home/dataScience/Projects/Pipeline/venv/lib/python3.10/site-packages/airflow/example_dags/tutorial_dag.py
[2025-02-17T22:36:22.674-0600] {processor.py:914} INFO - Processing file /home/dataScience/Projects/Pipeline/venv/lib/python3.10/site-packages/airflow/example_dags/tutorial_dag.py for tasks to queue
[2025-02-17T22:36:22.677-0600] {logging_mixin.py:190} INFO - [2025-02-17T22:36:22.676-0600] {dagbag.py:588} INFO - Filling up the DagBag from /home/dataScience/Projects/Pipeline/venv/lib/python3.10/site-packages/airflow/example_dags/tutorial_dag.py
[2025-02-17T22:36:22.686-0600] {processor.py:925} INFO - DAG(s) 'tutorial_dag' retrieved from /home/dataScience/Projects/Pipeline/venv/lib/python3.10/site-packages/airflow/example_dags/tutorial_dag.py
[2025-02-17T22:36:22.704-0600] {logging_mixin.py:190} INFO - [2025-02-17T22:36:22.704-0600] {dag.py:3239} INFO - Sync 1 DAGs
[2025-02-17T22:36:22.719-0600] {logging_mixin.py:190} INFO - [2025-02-17T22:36:22.719-0600] {dag.py:4180} INFO - Setting next_dagrun for tutorial_dag to None, run_after=None
[2025-02-17T22:36:22.750-0600] {processor.py:208} INFO - Processing /home/dataScience/Projects/Pipeline/venv/lib/python3.10/site-packages/airflow/example_dags/tutorial_dag.py took 0.085 seconds
[2025-02-17T22:37:22.174-0600] {processor.py:186} INFO - Started process (PID=23203) to work on /home/dataScience/Projects/Pipeline/venv/lib/python3.10/site-packages/airflow/example_dags/tutorial_dag.py
[2025-02-17T22:37:22.177-0600] {processor.py:914} INFO - Processing file /home/dataScience/Projects/Pipeline/venv/lib/python3.10/site-packages/airflow/example_dags/tutorial_dag.py for tasks to queue
[2025-02-17T22:37:22.180-0600] {logging_mixin.py:190} INFO - [2025-02-17T22:37:22.180-0600] {dagbag.py:588} INFO - Filling up the DagBag from /home/dataScience/Projects/Pipeline/venv/lib/python3.10/site-packages/airflow/example_dags/tutorial_dag.py
[2025-02-17T22:37:22.189-0600] {processor.py:925} INFO - DAG(s) 'tutorial_dag' retrieved from /home/dataScience/Projects/Pipeline/venv/lib/python3.10/site-packages/airflow/example_dags/tutorial_dag.py
[2025-02-17T22:37:22.208-0600] {logging_mixin.py:190} INFO - [2025-02-17T22:37:22.208-0600] {dag.py:3239} INFO - Sync 1 DAGs
[2025-02-17T22:37:22.225-0600] {logging_mixin.py:190} INFO - [2025-02-17T22:37:22.225-0600] {dag.py:4180} INFO - Setting next_dagrun for tutorial_dag to None, run_after=None
[2025-02-17T22:37:22.261-0600] {processor.py:208} INFO - Processing /home/dataScience/Projects/Pipeline/venv/lib/python3.10/site-packages/airflow/example_dags/tutorial_dag.py took 0.093 seconds
[2025-02-17T22:38:17.323-0600] {processor.py:186} INFO - Started process (PID=23670) to work on /home/dataScience/Projects/Pipeline/venv/lib/python3.10/site-packages/airflow/example_dags/tutorial_dag.py
[2025-02-17T22:38:17.326-0600] {processor.py:914} INFO - Processing file /home/dataScience/Projects/Pipeline/venv/lib/python3.10/site-packages/airflow/example_dags/tutorial_dag.py for tasks to queue
[2025-02-17T22:38:17.328-0600] {logging_mixin.py:190} INFO - [2025-02-17T22:38:17.328-0600] {dagbag.py:588} INFO - Filling up the DagBag from /home/dataScience/Projects/Pipeline/venv/lib/python3.10/site-packages/airflow/example_dags/tutorial_dag.py
[2025-02-17T22:38:17.339-0600] {processor.py:925} INFO - DAG(s) 'tutorial_dag' retrieved from /home/dataScience/Projects/Pipeline/venv/lib/python3.10/site-packages/airflow/example_dags/tutorial_dag.py
[2025-02-17T22:38:17.362-0600] {logging_mixin.py:190} INFO - [2025-02-17T22:38:17.361-0600] {dag.py:3239} INFO - Sync 1 DAGs
[2025-02-17T22:38:17.379-0600] {logging_mixin.py:190} INFO - [2025-02-17T22:38:17.379-0600] {dag.py:4180} INFO - Setting next_dagrun for tutorial_dag to None, run_after=None
[2025-02-17T22:38:17.416-0600] {processor.py:208} INFO - Processing /home/dataScience/Projects/Pipeline/venv/lib/python3.10/site-packages/airflow/example_dags/tutorial_dag.py took 0.102 seconds
[2025-02-17T22:39:20.162-0600] {processor.py:186} INFO - Started process (PID=24189) to work on /home/dataScience/Projects/Pipeline/venv/lib/python3.10/site-packages/airflow/example_dags/tutorial_dag.py
[2025-02-17T22:39:20.164-0600] {processor.py:914} INFO - Processing file /home/dataScience/Projects/Pipeline/venv/lib/python3.10/site-packages/airflow/example_dags/tutorial_dag.py for tasks to queue
[2025-02-17T22:39:20.169-0600] {logging_mixin.py:190} INFO - [2025-02-17T22:39:20.168-0600] {dagbag.py:588} INFO - Filling up the DagBag from /home/dataScience/Projects/Pipeline/venv/lib/python3.10/site-packages/airflow/example_dags/tutorial_dag.py
[2025-02-17T22:39:20.182-0600] {processor.py:925} INFO - DAG(s) 'tutorial_dag' retrieved from /home/dataScience/Projects/Pipeline/venv/lib/python3.10/site-packages/airflow/example_dags/tutorial_dag.py
[2025-02-17T22:39:20.210-0600] {logging_mixin.py:190} INFO - [2025-02-17T22:39:20.209-0600] {dag.py:3239} INFO - Sync 1 DAGs
[2025-02-17T22:39:20.233-0600] {logging_mixin.py:190} INFO - [2025-02-17T22:39:20.233-0600] {dag.py:4180} INFO - Setting next_dagrun for tutorial_dag to None, run_after=None
[2025-02-17T22:39:20.271-0600] {processor.py:208} INFO - Processing /home/dataScience/Projects/Pipeline/venv/lib/python3.10/site-packages/airflow/example_dags/tutorial_dag.py took 0.119 seconds
[2025-02-17T22:40:20.233-0600] {processor.py:186} INFO - Started process (PID=24689) to work on /home/dataScience/Projects/Pipeline/venv/lib/python3.10/site-packages/airflow/example_dags/tutorial_dag.py
[2025-02-17T22:40:20.234-0600] {processor.py:914} INFO - Processing file /home/dataScience/Projects/Pipeline/venv/lib/python3.10/site-packages/airflow/example_dags/tutorial_dag.py for tasks to queue
[2025-02-17T22:40:20.237-0600] {logging_mixin.py:190} INFO - [2025-02-17T22:40:20.237-0600] {dagbag.py:588} INFO - Filling up the DagBag from /home/dataScience/Projects/Pipeline/venv/lib/python3.10/site-packages/airflow/example_dags/tutorial_dag.py
[2025-02-17T22:40:20.246-0600] {processor.py:925} INFO - DAG(s) 'tutorial_dag' retrieved from /home/dataScience/Projects/Pipeline/venv/lib/python3.10/site-packages/airflow/example_dags/tutorial_dag.py
[2025-02-17T22:40:20.262-0600] {logging_mixin.py:190} INFO - [2025-02-17T22:40:20.262-0600] {dag.py:3239} INFO - Sync 1 DAGs
[2025-02-17T22:40:20.277-0600] {logging_mixin.py:190} INFO - [2025-02-17T22:40:20.276-0600] {dag.py:4180} INFO - Setting next_dagrun for tutorial_dag to None, run_after=None
[2025-02-17T22:40:20.307-0600] {processor.py:208} INFO - Processing /home/dataScience/Projects/Pipeline/venv/lib/python3.10/site-packages/airflow/example_dags/tutorial_dag.py took 0.081 seconds
[2025-02-17T22:41:21.017-0600] {processor.py:186} INFO - Started process (PID=25193) to work on /home/dataScience/Projects/Pipeline/venv/lib/python3.10/site-packages/airflow/example_dags/tutorial_dag.py
[2025-02-17T22:41:21.018-0600] {processor.py:914} INFO - Processing file /home/dataScience/Projects/Pipeline/venv/lib/python3.10/site-packages/airflow/example_dags/tutorial_dag.py for tasks to queue
[2025-02-17T22:41:21.020-0600] {logging_mixin.py:190} INFO - [2025-02-17T22:41:21.020-0600] {dagbag.py:588} INFO - Filling up the DagBag from /home/dataScience/Projects/Pipeline/venv/lib/python3.10/site-packages/airflow/example_dags/tutorial_dag.py
[2025-02-17T22:41:21.029-0600] {processor.py:925} INFO - DAG(s) 'tutorial_dag' retrieved from /home/dataScience/Projects/Pipeline/venv/lib/python3.10/site-packages/airflow/example_dags/tutorial_dag.py
[2025-02-17T22:41:21.047-0600] {logging_mixin.py:190} INFO - [2025-02-17T22:41:21.046-0600] {dag.py:3239} INFO - Sync 1 DAGs
[2025-02-17T22:41:21.061-0600] {logging_mixin.py:190} INFO - [2025-02-17T22:41:21.060-0600] {dag.py:4180} INFO - Setting next_dagrun for tutorial_dag to None, run_after=None
[2025-02-17T22:41:21.089-0600] {processor.py:208} INFO - Processing /home/dataScience/Projects/Pipeline/venv/lib/python3.10/site-packages/airflow/example_dags/tutorial_dag.py took 0.080 seconds
