[2025-02-17T22:31:52.697-0600] {processor.py:186} INFO - Started process (PID=19788) to work on /home/dataScience/Projects/Pipeline/venv/lib/python3.10/site-packages/airflow/example_dags/tutorial_objectstorage.py
[2025-02-17T22:31:52.698-0600] {processor.py:914} INFO - Processing file /home/dataScience/Projects/Pipeline/venv/lib/python3.10/site-packages/airflow/example_dags/tutorial_objectstorage.py for tasks to queue
[2025-02-17T22:31:52.700-0600] {logging_mixin.py:190} INFO - [2025-02-17T22:31:52.700-0600] {dagbag.py:588} INFO - Filling up the DagBag from /home/dataScience/Projects/Pipeline/venv/lib/python3.10/site-packages/airflow/example_dags/tutorial_objectstorage.py
[2025-02-17T22:31:52.711-0600] {processor.py:925} INFO - DAG(s) 'tutorial_objectstorage' retrieved from /home/dataScience/Projects/Pipeline/venv/lib/python3.10/site-packages/airflow/example_dags/tutorial_objectstorage.py
[2025-02-17T22:31:53.000-0600] {logging_mixin.py:190} INFO - [2025-02-17T22:31:52.999-0600] {override.py:1930} INFO - Created Permission View: can delete on DAG:tutorial_objectstorage
[2025-02-17T22:31:53.019-0600] {logging_mixin.py:190} INFO - [2025-02-17T22:31:53.018-0600] {override.py:1930} INFO - Created Permission View: can edit on DAG:tutorial_objectstorage
[2025-02-17T22:31:53.033-0600] {logging_mixin.py:190} INFO - [2025-02-17T22:31:53.033-0600] {override.py:1930} INFO - Created Permission View: can read on DAG:tutorial_objectstorage
[2025-02-17T22:31:53.057-0600] {logging_mixin.py:190} INFO - [2025-02-17T22:31:53.056-0600] {override.py:1930} INFO - Created Permission View: can create on DAG Run:tutorial_objectstorage
[2025-02-17T22:31:53.074-0600] {logging_mixin.py:190} INFO - [2025-02-17T22:31:53.073-0600] {override.py:1930} INFO - Created Permission View: can delete on DAG Run:tutorial_objectstorage
[2025-02-17T22:31:53.086-0600] {logging_mixin.py:190} INFO - [2025-02-17T22:31:53.086-0600] {override.py:1930} INFO - Created Permission View: menu access on DAG Run:tutorial_objectstorage
[2025-02-17T22:31:53.101-0600] {logging_mixin.py:190} INFO - [2025-02-17T22:31:53.100-0600] {override.py:1930} INFO - Created Permission View: can read on DAG Run:tutorial_objectstorage
[2025-02-17T22:31:53.101-0600] {logging_mixin.py:190} INFO - [2025-02-17T22:31:53.101-0600] {dag.py:3239} INFO - Sync 1 DAGs
[2025-02-17T22:31:53.116-0600] {logging_mixin.py:190} INFO - [2025-02-17T22:31:53.116-0600] {dag.py:3262} INFO - Creating ORM DAG for tutorial_objectstorage
[2025-02-17T22:31:53.117-0600] {logging_mixin.py:190} INFO - [2025-02-17T22:31:53.117-0600] {dag.py:4180} INFO - Setting next_dagrun for tutorial_objectstorage to None, run_after=None
[2025-02-17T22:31:53.147-0600] {processor.py:208} INFO - Processing /home/dataScience/Projects/Pipeline/venv/lib/python3.10/site-packages/airflow/example_dags/tutorial_objectstorage.py took 0.456 seconds
[2025-02-17T22:33:10.650-0600] {processor.py:186} INFO - Started process (PID=20729) to work on /home/dataScience/Projects/Pipeline/venv/lib/python3.10/site-packages/airflow/example_dags/tutorial_objectstorage.py
[2025-02-17T22:33:10.653-0600] {processor.py:914} INFO - Processing file /home/dataScience/Projects/Pipeline/venv/lib/python3.10/site-packages/airflow/example_dags/tutorial_objectstorage.py for tasks to queue
[2025-02-17T22:33:10.656-0600] {logging_mixin.py:190} INFO - [2025-02-17T22:33:10.655-0600] {dagbag.py:588} INFO - Filling up the DagBag from /home/dataScience/Projects/Pipeline/venv/lib/python3.10/site-packages/airflow/example_dags/tutorial_objectstorage.py
[2025-02-17T22:33:10.668-0600] {processor.py:925} INFO - DAG(s) 'tutorial_objectstorage' retrieved from /home/dataScience/Projects/Pipeline/venv/lib/python3.10/site-packages/airflow/example_dags/tutorial_objectstorage.py
[2025-02-17T22:33:10.684-0600] {logging_mixin.py:190} INFO - [2025-02-17T22:33:10.684-0600] {dag.py:3239} INFO - Sync 1 DAGs
[2025-02-17T22:33:10.698-0600] {logging_mixin.py:190} INFO - [2025-02-17T22:33:10.697-0600] {dag.py:4180} INFO - Setting next_dagrun for tutorial_objectstorage to None, run_after=None
[2025-02-17T22:33:10.732-0600] {processor.py:208} INFO - Processing /home/dataScience/Projects/Pipeline/venv/lib/python3.10/site-packages/airflow/example_dags/tutorial_objectstorage.py took 0.088 seconds
[2025-02-17T22:34:14.488-0600] {processor.py:186} INFO - Started process (PID=21392) to work on /home/dataScience/Projects/Pipeline/venv/lib/python3.10/site-packages/airflow/example_dags/tutorial_objectstorage.py
[2025-02-17T22:34:14.490-0600] {processor.py:914} INFO - Processing file /home/dataScience/Projects/Pipeline/venv/lib/python3.10/site-packages/airflow/example_dags/tutorial_objectstorage.py for tasks to queue
[2025-02-17T22:34:14.493-0600] {logging_mixin.py:190} INFO - [2025-02-17T22:34:14.492-0600] {dagbag.py:588} INFO - Filling up the DagBag from /home/dataScience/Projects/Pipeline/venv/lib/python3.10/site-packages/airflow/example_dags/tutorial_objectstorage.py
[2025-02-17T22:34:14.506-0600] {processor.py:925} INFO - DAG(s) 'tutorial_objectstorage' retrieved from /home/dataScience/Projects/Pipeline/venv/lib/python3.10/site-packages/airflow/example_dags/tutorial_objectstorage.py
[2025-02-17T22:34:14.525-0600] {logging_mixin.py:190} INFO - [2025-02-17T22:34:14.525-0600] {dag.py:3239} INFO - Sync 1 DAGs
[2025-02-17T22:34:14.544-0600] {logging_mixin.py:190} INFO - [2025-02-17T22:34:14.543-0600] {dag.py:4180} INFO - Setting next_dagrun for tutorial_objectstorage to None, run_after=None
[2025-02-17T22:34:14.577-0600] {processor.py:208} INFO - Processing /home/dataScience/Projects/Pipeline/venv/lib/python3.10/site-packages/airflow/example_dags/tutorial_objectstorage.py took 0.098 seconds
[2025-02-17T22:35:17.846-0600] {processor.py:186} INFO - Started process (PID=22108) to work on /home/dataScience/Projects/Pipeline/venv/lib/python3.10/site-packages/airflow/example_dags/tutorial_objectstorage.py
[2025-02-17T22:35:17.848-0600] {processor.py:914} INFO - Processing file /home/dataScience/Projects/Pipeline/venv/lib/python3.10/site-packages/airflow/example_dags/tutorial_objectstorage.py for tasks to queue
[2025-02-17T22:35:17.853-0600] {logging_mixin.py:190} INFO - [2025-02-17T22:35:17.852-0600] {dagbag.py:588} INFO - Filling up the DagBag from /home/dataScience/Projects/Pipeline/venv/lib/python3.10/site-packages/airflow/example_dags/tutorial_objectstorage.py
[2025-02-17T22:35:17.866-0600] {processor.py:925} INFO - DAG(s) 'tutorial_objectstorage' retrieved from /home/dataScience/Projects/Pipeline/venv/lib/python3.10/site-packages/airflow/example_dags/tutorial_objectstorage.py
[2025-02-17T22:35:17.886-0600] {logging_mixin.py:190} INFO - [2025-02-17T22:35:17.886-0600] {dag.py:3239} INFO - Sync 1 DAGs
[2025-02-17T22:35:17.903-0600] {logging_mixin.py:190} INFO - [2025-02-17T22:35:17.903-0600] {dag.py:4180} INFO - Setting next_dagrun for tutorial_objectstorage to None, run_after=None
[2025-02-17T22:35:17.938-0600] {processor.py:208} INFO - Processing /home/dataScience/Projects/Pipeline/venv/lib/python3.10/site-packages/airflow/example_dags/tutorial_objectstorage.py took 0.101 seconds
[2025-02-17T22:36:18.680-0600] {processor.py:186} INFO - Started process (PID=22613) to work on /home/dataScience/Projects/Pipeline/venv/lib/python3.10/site-packages/airflow/example_dags/tutorial_objectstorage.py
[2025-02-17T22:36:18.682-0600] {processor.py:914} INFO - Processing file /home/dataScience/Projects/Pipeline/venv/lib/python3.10/site-packages/airflow/example_dags/tutorial_objectstorage.py for tasks to queue
[2025-02-17T22:36:18.685-0600] {logging_mixin.py:190} INFO - [2025-02-17T22:36:18.685-0600] {dagbag.py:588} INFO - Filling up the DagBag from /home/dataScience/Projects/Pipeline/venv/lib/python3.10/site-packages/airflow/example_dags/tutorial_objectstorage.py
[2025-02-17T22:36:18.697-0600] {processor.py:925} INFO - DAG(s) 'tutorial_objectstorage' retrieved from /home/dataScience/Projects/Pipeline/venv/lib/python3.10/site-packages/airflow/example_dags/tutorial_objectstorage.py
[2025-02-17T22:36:18.716-0600] {logging_mixin.py:190} INFO - [2025-02-17T22:36:18.715-0600] {dag.py:3239} INFO - Sync 1 DAGs
[2025-02-17T22:36:18.732-0600] {logging_mixin.py:190} INFO - [2025-02-17T22:36:18.732-0600] {dag.py:4180} INFO - Setting next_dagrun for tutorial_objectstorage to None, run_after=None
[2025-02-17T22:36:18.768-0600] {processor.py:208} INFO - Processing /home/dataScience/Projects/Pipeline/venv/lib/python3.10/site-packages/airflow/example_dags/tutorial_objectstorage.py took 0.095 seconds
[2025-02-17T22:37:18.283-0600] {processor.py:186} INFO - Started process (PID=23172) to work on /home/dataScience/Projects/Pipeline/venv/lib/python3.10/site-packages/airflow/example_dags/tutorial_objectstorage.py
[2025-02-17T22:37:18.286-0600] {processor.py:914} INFO - Processing file /home/dataScience/Projects/Pipeline/venv/lib/python3.10/site-packages/airflow/example_dags/tutorial_objectstorage.py for tasks to queue
[2025-02-17T22:37:18.288-0600] {logging_mixin.py:190} INFO - [2025-02-17T22:37:18.288-0600] {dagbag.py:588} INFO - Filling up the DagBag from /home/dataScience/Projects/Pipeline/venv/lib/python3.10/site-packages/airflow/example_dags/tutorial_objectstorage.py
[2025-02-17T22:37:18.301-0600] {processor.py:925} INFO - DAG(s) 'tutorial_objectstorage' retrieved from /home/dataScience/Projects/Pipeline/venv/lib/python3.10/site-packages/airflow/example_dags/tutorial_objectstorage.py
[2025-02-17T22:37:18.319-0600] {logging_mixin.py:190} INFO - [2025-02-17T22:37:18.319-0600] {dag.py:3239} INFO - Sync 1 DAGs
[2025-02-17T22:37:18.335-0600] {logging_mixin.py:190} INFO - [2025-02-17T22:37:18.335-0600] {dag.py:4180} INFO - Setting next_dagrun for tutorial_objectstorage to None, run_after=None
[2025-02-17T22:37:18.371-0600] {processor.py:208} INFO - Processing /home/dataScience/Projects/Pipeline/venv/lib/python3.10/site-packages/airflow/example_dags/tutorial_objectstorage.py took 0.095 seconds
[2025-02-17T22:38:13.322-0600] {processor.py:186} INFO - Started process (PID=23645) to work on /home/dataScience/Projects/Pipeline/venv/lib/python3.10/site-packages/airflow/example_dags/tutorial_objectstorage.py
[2025-02-17T22:38:13.324-0600] {processor.py:914} INFO - Processing file /home/dataScience/Projects/Pipeline/venv/lib/python3.10/site-packages/airflow/example_dags/tutorial_objectstorage.py for tasks to queue
[2025-02-17T22:38:13.326-0600] {logging_mixin.py:190} INFO - [2025-02-17T22:38:13.326-0600] {dagbag.py:588} INFO - Filling up the DagBag from /home/dataScience/Projects/Pipeline/venv/lib/python3.10/site-packages/airflow/example_dags/tutorial_objectstorage.py
[2025-02-17T22:38:13.338-0600] {processor.py:925} INFO - DAG(s) 'tutorial_objectstorage' retrieved from /home/dataScience/Projects/Pipeline/venv/lib/python3.10/site-packages/airflow/example_dags/tutorial_objectstorage.py
[2025-02-17T22:38:13.376-0600] {logging_mixin.py:190} INFO - [2025-02-17T22:38:13.375-0600] {dag.py:3239} INFO - Sync 1 DAGs
[2025-02-17T22:38:13.417-0600] {logging_mixin.py:190} INFO - [2025-02-17T22:38:13.417-0600] {dag.py:4180} INFO - Setting next_dagrun for tutorial_objectstorage to None, run_after=None
[2025-02-17T22:38:13.464-0600] {processor.py:208} INFO - Processing /home/dataScience/Projects/Pipeline/venv/lib/python3.10/site-packages/airflow/example_dags/tutorial_objectstorage.py took 0.149 seconds
[2025-02-17T22:39:17.410-0600] {processor.py:186} INFO - Started process (PID=24168) to work on /home/dataScience/Projects/Pipeline/venv/lib/python3.10/site-packages/airflow/example_dags/tutorial_objectstorage.py
[2025-02-17T22:39:17.412-0600] {processor.py:914} INFO - Processing file /home/dataScience/Projects/Pipeline/venv/lib/python3.10/site-packages/airflow/example_dags/tutorial_objectstorage.py for tasks to queue
[2025-02-17T22:39:17.414-0600] {logging_mixin.py:190} INFO - [2025-02-17T22:39:17.414-0600] {dagbag.py:588} INFO - Filling up the DagBag from /home/dataScience/Projects/Pipeline/venv/lib/python3.10/site-packages/airflow/example_dags/tutorial_objectstorage.py
[2025-02-17T22:39:17.427-0600] {processor.py:925} INFO - DAG(s) 'tutorial_objectstorage' retrieved from /home/dataScience/Projects/Pipeline/venv/lib/python3.10/site-packages/airflow/example_dags/tutorial_objectstorage.py
[2025-02-17T22:39:17.446-0600] {logging_mixin.py:190} INFO - [2025-02-17T22:39:17.446-0600] {dag.py:3239} INFO - Sync 1 DAGs
[2025-02-17T22:39:17.464-0600] {logging_mixin.py:190} INFO - [2025-02-17T22:39:17.463-0600] {dag.py:4180} INFO - Setting next_dagrun for tutorial_objectstorage to None, run_after=None
[2025-02-17T22:39:17.498-0600] {processor.py:208} INFO - Processing /home/dataScience/Projects/Pipeline/venv/lib/python3.10/site-packages/airflow/example_dags/tutorial_objectstorage.py took 0.096 seconds
[2025-02-17T22:40:16.093-0600] {processor.py:186} INFO - Started process (PID=24660) to work on /home/dataScience/Projects/Pipeline/venv/lib/python3.10/site-packages/airflow/example_dags/tutorial_objectstorage.py
[2025-02-17T22:40:16.095-0600] {processor.py:914} INFO - Processing file /home/dataScience/Projects/Pipeline/venv/lib/python3.10/site-packages/airflow/example_dags/tutorial_objectstorage.py for tasks to queue
[2025-02-17T22:40:16.099-0600] {logging_mixin.py:190} INFO - [2025-02-17T22:40:16.098-0600] {dagbag.py:588} INFO - Filling up the DagBag from /home/dataScience/Projects/Pipeline/venv/lib/python3.10/site-packages/airflow/example_dags/tutorial_objectstorage.py
[2025-02-17T22:40:16.120-0600] {processor.py:925} INFO - DAG(s) 'tutorial_objectstorage' retrieved from /home/dataScience/Projects/Pipeline/venv/lib/python3.10/site-packages/airflow/example_dags/tutorial_objectstorage.py
[2025-02-17T22:40:16.147-0600] {logging_mixin.py:190} INFO - [2025-02-17T22:40:16.147-0600] {dag.py:3239} INFO - Sync 1 DAGs
[2025-02-17T22:40:16.169-0600] {logging_mixin.py:190} INFO - [2025-02-17T22:40:16.169-0600] {dag.py:4180} INFO - Setting next_dagrun for tutorial_objectstorage to None, run_after=None
[2025-02-17T22:40:16.210-0600] {processor.py:208} INFO - Processing /home/dataScience/Projects/Pipeline/venv/lib/python3.10/site-packages/airflow/example_dags/tutorial_objectstorage.py took 0.129 seconds
[2025-02-17T22:41:17.300-0600] {processor.py:186} INFO - Started process (PID=25168) to work on /home/dataScience/Projects/Pipeline/venv/lib/python3.10/site-packages/airflow/example_dags/tutorial_objectstorage.py
[2025-02-17T22:41:17.302-0600] {processor.py:914} INFO - Processing file /home/dataScience/Projects/Pipeline/venv/lib/python3.10/site-packages/airflow/example_dags/tutorial_objectstorage.py for tasks to queue
[2025-02-17T22:41:17.304-0600] {logging_mixin.py:190} INFO - [2025-02-17T22:41:17.304-0600] {dagbag.py:588} INFO - Filling up the DagBag from /home/dataScience/Projects/Pipeline/venv/lib/python3.10/site-packages/airflow/example_dags/tutorial_objectstorage.py
[2025-02-17T22:41:17.315-0600] {processor.py:925} INFO - DAG(s) 'tutorial_objectstorage' retrieved from /home/dataScience/Projects/Pipeline/venv/lib/python3.10/site-packages/airflow/example_dags/tutorial_objectstorage.py
[2025-02-17T22:41:17.331-0600] {logging_mixin.py:190} INFO - [2025-02-17T22:41:17.330-0600] {dag.py:3239} INFO - Sync 1 DAGs
[2025-02-17T22:41:17.349-0600] {logging_mixin.py:190} INFO - [2025-02-17T22:41:17.348-0600] {dag.py:4180} INFO - Setting next_dagrun for tutorial_objectstorage to None, run_after=None
[2025-02-17T22:41:17.377-0600] {processor.py:208} INFO - Processing /home/dataScience/Projects/Pipeline/venv/lib/python3.10/site-packages/airflow/example_dags/tutorial_objectstorage.py took 0.083 seconds
