[2025-02-17T22:32:02.151-0600] {processor.py:186} INFO - Started process (PID=19977) to work on /home/dataScience/Projects/Pipeline/venv/lib/python3.10/site-packages/airflow/example_dags/tutorial.py
[2025-02-17T22:32:02.152-0600] {processor.py:914} INFO - Processing file /home/dataScience/Projects/Pipeline/venv/lib/python3.10/site-packages/airflow/example_dags/tutorial.py for tasks to queue
[2025-02-17T22:32:02.154-0600] {logging_mixin.py:190} INFO - [2025-02-17T22:32:02.154-0600] {dagbag.py:588} INFO - Filling up the DagBag from /home/dataScience/Projects/Pipeline/venv/lib/python3.10/site-packages/airflow/example_dags/tutorial.py
[2025-02-17T22:32:02.165-0600] {processor.py:925} INFO - DAG(s) 'tutorial' retrieved from /home/dataScience/Projects/Pipeline/venv/lib/python3.10/site-packages/airflow/example_dags/tutorial.py
[2025-02-17T22:32:02.530-0600] {logging_mixin.py:190} INFO - [2025-02-17T22:32:02.528-0600] {override.py:1930} INFO - Created Permission View: can delete on DAG:tutorial
[2025-02-17T22:32:02.550-0600] {logging_mixin.py:190} INFO - [2025-02-17T22:32:02.549-0600] {override.py:1930} INFO - Created Permission View: can edit on DAG:tutorial
[2025-02-17T22:32:02.568-0600] {logging_mixin.py:190} INFO - [2025-02-17T22:32:02.567-0600] {override.py:1930} INFO - Created Permission View: can read on DAG:tutorial
[2025-02-17T22:32:02.595-0600] {logging_mixin.py:190} INFO - [2025-02-17T22:32:02.595-0600] {override.py:1930} INFO - Created Permission View: can create on DAG Run:tutorial
[2025-02-17T22:32:02.610-0600] {logging_mixin.py:190} INFO - [2025-02-17T22:32:02.609-0600] {override.py:1930} INFO - Created Permission View: can delete on DAG Run:tutorial
[2025-02-17T22:32:02.624-0600] {logging_mixin.py:190} INFO - [2025-02-17T22:32:02.623-0600] {override.py:1930} INFO - Created Permission View: menu access on DAG Run:tutorial
[2025-02-17T22:32:02.637-0600] {logging_mixin.py:190} INFO - [2025-02-17T22:32:02.637-0600] {override.py:1930} INFO - Created Permission View: can read on DAG Run:tutorial
[2025-02-17T22:32:02.638-0600] {logging_mixin.py:190} INFO - [2025-02-17T22:32:02.637-0600] {dag.py:3239} INFO - Sync 1 DAGs
[2025-02-17T22:32:02.651-0600] {logging_mixin.py:190} INFO - [2025-02-17T22:32:02.650-0600] {dag.py:3262} INFO - Creating ORM DAG for tutorial
[2025-02-17T22:32:02.662-0600] {logging_mixin.py:190} INFO - [2025-02-17T22:32:02.662-0600] {dag.py:4180} INFO - Setting next_dagrun for tutorial to 2025-02-17 00:00:00+00:00, run_after=2025-02-18 00:00:00+00:00
[2025-02-17T22:32:02.695-0600] {processor.py:208} INFO - Processing /home/dataScience/Projects/Pipeline/venv/lib/python3.10/site-packages/airflow/example_dags/tutorial.py took 0.551 seconds
[2025-02-17T22:33:17.104-0600] {processor.py:186} INFO - Started process (PID=20842) to work on /home/dataScience/Projects/Pipeline/venv/lib/python3.10/site-packages/airflow/example_dags/tutorial.py
[2025-02-17T22:33:17.106-0600] {processor.py:914} INFO - Processing file /home/dataScience/Projects/Pipeline/venv/lib/python3.10/site-packages/airflow/example_dags/tutorial.py for tasks to queue
[2025-02-17T22:33:17.110-0600] {logging_mixin.py:190} INFO - [2025-02-17T22:33:17.109-0600] {dagbag.py:588} INFO - Filling up the DagBag from /home/dataScience/Projects/Pipeline/venv/lib/python3.10/site-packages/airflow/example_dags/tutorial.py
[2025-02-17T22:33:17.121-0600] {processor.py:925} INFO - DAG(s) 'tutorial' retrieved from /home/dataScience/Projects/Pipeline/venv/lib/python3.10/site-packages/airflow/example_dags/tutorial.py
[2025-02-17T22:33:17.145-0600] {logging_mixin.py:190} INFO - [2025-02-17T22:33:17.145-0600] {dag.py:3239} INFO - Sync 1 DAGs
[2025-02-17T22:33:17.179-0600] {logging_mixin.py:190} INFO - [2025-02-17T22:33:17.178-0600] {dag.py:4180} INFO - Setting next_dagrun for tutorial to 2025-02-17 00:00:00+00:00, run_after=2025-02-18 00:00:00+00:00
[2025-02-17T22:33:17.218-0600] {processor.py:208} INFO - Processing /home/dataScience/Projects/Pipeline/venv/lib/python3.10/site-packages/airflow/example_dags/tutorial.py took 0.122 seconds
[2025-02-17T22:34:20.677-0600] {processor.py:186} INFO - Started process (PID=21502) to work on /home/dataScience/Projects/Pipeline/venv/lib/python3.10/site-packages/airflow/example_dags/tutorial.py
[2025-02-17T22:34:20.679-0600] {processor.py:914} INFO - Processing file /home/dataScience/Projects/Pipeline/venv/lib/python3.10/site-packages/airflow/example_dags/tutorial.py for tasks to queue
[2025-02-17T22:34:20.681-0600] {logging_mixin.py:190} INFO - [2025-02-17T22:34:20.681-0600] {dagbag.py:588} INFO - Filling up the DagBag from /home/dataScience/Projects/Pipeline/venv/lib/python3.10/site-packages/airflow/example_dags/tutorial.py
[2025-02-17T22:34:20.691-0600] {processor.py:925} INFO - DAG(s) 'tutorial' retrieved from /home/dataScience/Projects/Pipeline/venv/lib/python3.10/site-packages/airflow/example_dags/tutorial.py
[2025-02-17T22:34:20.709-0600] {logging_mixin.py:190} INFO - [2025-02-17T22:34:20.709-0600] {dag.py:3239} INFO - Sync 1 DAGs
[2025-02-17T22:34:20.732-0600] {logging_mixin.py:190} INFO - [2025-02-17T22:34:20.732-0600] {dag.py:4180} INFO - Setting next_dagrun for tutorial to 2025-02-17 00:00:00+00:00, run_after=2025-02-18 00:00:00+00:00
[2025-02-17T22:34:20.763-0600] {processor.py:208} INFO - Processing /home/dataScience/Projects/Pipeline/venv/lib/python3.10/site-packages/airflow/example_dags/tutorial.py took 0.095 seconds
[2025-02-17T22:35:24.939-0600] {processor.py:186} INFO - Started process (PID=22160) to work on /home/dataScience/Projects/Pipeline/venv/lib/python3.10/site-packages/airflow/example_dags/tutorial.py
[2025-02-17T22:35:24.940-0600] {processor.py:914} INFO - Processing file /home/dataScience/Projects/Pipeline/venv/lib/python3.10/site-packages/airflow/example_dags/tutorial.py for tasks to queue
[2025-02-17T22:35:24.944-0600] {logging_mixin.py:190} INFO - [2025-02-17T22:35:24.944-0600] {dagbag.py:588} INFO - Filling up the DagBag from /home/dataScience/Projects/Pipeline/venv/lib/python3.10/site-packages/airflow/example_dags/tutorial.py
[2025-02-17T22:35:24.954-0600] {processor.py:925} INFO - DAG(s) 'tutorial' retrieved from /home/dataScience/Projects/Pipeline/venv/lib/python3.10/site-packages/airflow/example_dags/tutorial.py
[2025-02-17T22:35:24.973-0600] {logging_mixin.py:190} INFO - [2025-02-17T22:35:24.973-0600] {dag.py:3239} INFO - Sync 1 DAGs
[2025-02-17T22:35:24.998-0600] {logging_mixin.py:190} INFO - [2025-02-17T22:35:24.998-0600] {dag.py:4180} INFO - Setting next_dagrun for tutorial to 2025-02-17 00:00:00+00:00, run_after=2025-02-18 00:00:00+00:00
[2025-02-17T22:35:25.030-0600] {processor.py:208} INFO - Processing /home/dataScience/Projects/Pipeline/venv/lib/python3.10/site-packages/airflow/example_dags/tutorial.py took 0.099 seconds
[2025-02-17T22:36:25.110-0600] {processor.py:186} INFO - Started process (PID=22661) to work on /home/dataScience/Projects/Pipeline/venv/lib/python3.10/site-packages/airflow/example_dags/tutorial.py
[2025-02-17T22:36:25.113-0600] {processor.py:914} INFO - Processing file /home/dataScience/Projects/Pipeline/venv/lib/python3.10/site-packages/airflow/example_dags/tutorial.py for tasks to queue
[2025-02-17T22:36:25.116-0600] {logging_mixin.py:190} INFO - [2025-02-17T22:36:25.115-0600] {dagbag.py:588} INFO - Filling up the DagBag from /home/dataScience/Projects/Pipeline/venv/lib/python3.10/site-packages/airflow/example_dags/tutorial.py
[2025-02-17T22:36:25.126-0600] {processor.py:925} INFO - DAG(s) 'tutorial' retrieved from /home/dataScience/Projects/Pipeline/venv/lib/python3.10/site-packages/airflow/example_dags/tutorial.py
[2025-02-17T22:36:25.144-0600] {logging_mixin.py:190} INFO - [2025-02-17T22:36:25.144-0600] {dag.py:3239} INFO - Sync 1 DAGs
[2025-02-17T22:36:25.167-0600] {logging_mixin.py:190} INFO - [2025-02-17T22:36:25.167-0600] {dag.py:4180} INFO - Setting next_dagrun for tutorial to 2025-02-17 00:00:00+00:00, run_after=2025-02-18 00:00:00+00:00
[2025-02-17T22:36:25.200-0600] {processor.py:208} INFO - Processing /home/dataScience/Projects/Pipeline/venv/lib/python3.10/site-packages/airflow/example_dags/tutorial.py took 0.099 seconds
[2025-02-17T22:37:24.603-0600] {processor.py:186} INFO - Started process (PID=23220) to work on /home/dataScience/Projects/Pipeline/venv/lib/python3.10/site-packages/airflow/example_dags/tutorial.py
[2025-02-17T22:37:24.605-0600] {processor.py:914} INFO - Processing file /home/dataScience/Projects/Pipeline/venv/lib/python3.10/site-packages/airflow/example_dags/tutorial.py for tasks to queue
[2025-02-17T22:37:24.608-0600] {logging_mixin.py:190} INFO - [2025-02-17T22:37:24.608-0600] {dagbag.py:588} INFO - Filling up the DagBag from /home/dataScience/Projects/Pipeline/venv/lib/python3.10/site-packages/airflow/example_dags/tutorial.py
[2025-02-17T22:37:24.623-0600] {processor.py:925} INFO - DAG(s) 'tutorial' retrieved from /home/dataScience/Projects/Pipeline/venv/lib/python3.10/site-packages/airflow/example_dags/tutorial.py
[2025-02-17T22:37:24.646-0600] {logging_mixin.py:190} INFO - [2025-02-17T22:37:24.645-0600] {dag.py:3239} INFO - Sync 1 DAGs
[2025-02-17T22:37:24.682-0600] {logging_mixin.py:190} INFO - [2025-02-17T22:37:24.682-0600] {dag.py:4180} INFO - Setting next_dagrun for tutorial to 2025-02-17 00:00:00+00:00, run_after=2025-02-18 00:00:00+00:00
[2025-02-17T22:37:24.728-0600] {processor.py:208} INFO - Processing /home/dataScience/Projects/Pipeline/venv/lib/python3.10/site-packages/airflow/example_dags/tutorial.py took 0.134 seconds
[2025-02-17T22:38:19.017-0600] {processor.py:186} INFO - Started process (PID=23685) to work on /home/dataScience/Projects/Pipeline/venv/lib/python3.10/site-packages/airflow/example_dags/tutorial.py
[2025-02-17T22:38:19.019-0600] {processor.py:914} INFO - Processing file /home/dataScience/Projects/Pipeline/venv/lib/python3.10/site-packages/airflow/example_dags/tutorial.py for tasks to queue
[2025-02-17T22:38:19.023-0600] {logging_mixin.py:190} INFO - [2025-02-17T22:38:19.022-0600] {dagbag.py:588} INFO - Filling up the DagBag from /home/dataScience/Projects/Pipeline/venv/lib/python3.10/site-packages/airflow/example_dags/tutorial.py
[2025-02-17T22:38:19.034-0600] {processor.py:925} INFO - DAG(s) 'tutorial' retrieved from /home/dataScience/Projects/Pipeline/venv/lib/python3.10/site-packages/airflow/example_dags/tutorial.py
[2025-02-17T22:38:19.055-0600] {logging_mixin.py:190} INFO - [2025-02-17T22:38:19.054-0600] {dag.py:3239} INFO - Sync 1 DAGs
[2025-02-17T22:38:19.083-0600] {logging_mixin.py:190} INFO - [2025-02-17T22:38:19.083-0600] {dag.py:4180} INFO - Setting next_dagrun for tutorial to 2025-02-17 00:00:00+00:00, run_after=2025-02-18 00:00:00+00:00
[2025-02-17T22:38:19.119-0600] {processor.py:208} INFO - Processing /home/dataScience/Projects/Pipeline/venv/lib/python3.10/site-packages/airflow/example_dags/tutorial.py took 0.110 seconds
[2025-02-17T22:39:22.705-0600] {processor.py:186} INFO - Started process (PID=24207) to work on /home/dataScience/Projects/Pipeline/venv/lib/python3.10/site-packages/airflow/example_dags/tutorial.py
[2025-02-17T22:39:22.707-0600] {processor.py:914} INFO - Processing file /home/dataScience/Projects/Pipeline/venv/lib/python3.10/site-packages/airflow/example_dags/tutorial.py for tasks to queue
[2025-02-17T22:39:22.711-0600] {logging_mixin.py:190} INFO - [2025-02-17T22:39:22.710-0600] {dagbag.py:588} INFO - Filling up the DagBag from /home/dataScience/Projects/Pipeline/venv/lib/python3.10/site-packages/airflow/example_dags/tutorial.py
[2025-02-17T22:39:22.723-0600] {processor.py:925} INFO - DAG(s) 'tutorial' retrieved from /home/dataScience/Projects/Pipeline/venv/lib/python3.10/site-packages/airflow/example_dags/tutorial.py
[2025-02-17T22:39:22.746-0600] {logging_mixin.py:190} INFO - [2025-02-17T22:39:22.746-0600] {dag.py:3239} INFO - Sync 1 DAGs
[2025-02-17T22:39:22.776-0600] {logging_mixin.py:190} INFO - [2025-02-17T22:39:22.775-0600] {dag.py:4180} INFO - Setting next_dagrun for tutorial to 2025-02-17 00:00:00+00:00, run_after=2025-02-18 00:00:00+00:00
[2025-02-17T22:39:22.808-0600] {processor.py:208} INFO - Processing /home/dataScience/Projects/Pipeline/venv/lib/python3.10/site-packages/airflow/example_dags/tutorial.py took 0.112 seconds
[2025-02-17T22:40:22.181-0600] {processor.py:186} INFO - Started process (PID=24704) to work on /home/dataScience/Projects/Pipeline/venv/lib/python3.10/site-packages/airflow/example_dags/tutorial.py
[2025-02-17T22:40:22.184-0600] {processor.py:914} INFO - Processing file /home/dataScience/Projects/Pipeline/venv/lib/python3.10/site-packages/airflow/example_dags/tutorial.py for tasks to queue
[2025-02-17T22:40:22.187-0600] {logging_mixin.py:190} INFO - [2025-02-17T22:40:22.186-0600] {dagbag.py:588} INFO - Filling up the DagBag from /home/dataScience/Projects/Pipeline/venv/lib/python3.10/site-packages/airflow/example_dags/tutorial.py
[2025-02-17T22:40:22.198-0600] {processor.py:925} INFO - DAG(s) 'tutorial' retrieved from /home/dataScience/Projects/Pipeline/venv/lib/python3.10/site-packages/airflow/example_dags/tutorial.py
[2025-02-17T22:40:22.221-0600] {logging_mixin.py:190} INFO - [2025-02-17T22:40:22.221-0600] {dag.py:3239} INFO - Sync 1 DAGs
[2025-02-17T22:40:22.251-0600] {logging_mixin.py:190} INFO - [2025-02-17T22:40:22.251-0600] {dag.py:4180} INFO - Setting next_dagrun for tutorial to 2025-02-17 00:00:00+00:00, run_after=2025-02-18 00:00:00+00:00
[2025-02-17T22:40:22.284-0600] {processor.py:208} INFO - Processing /home/dataScience/Projects/Pipeline/venv/lib/python3.10/site-packages/airflow/example_dags/tutorial.py took 0.111 seconds
[2025-02-17T22:41:23.247-0600] {processor.py:186} INFO - Started process (PID=25209) to work on /home/dataScience/Projects/Pipeline/venv/lib/python3.10/site-packages/airflow/example_dags/tutorial.py
[2025-02-17T22:41:23.250-0600] {processor.py:914} INFO - Processing file /home/dataScience/Projects/Pipeline/venv/lib/python3.10/site-packages/airflow/example_dags/tutorial.py for tasks to queue
[2025-02-17T22:41:23.254-0600] {logging_mixin.py:190} INFO - [2025-02-17T22:41:23.253-0600] {dagbag.py:588} INFO - Filling up the DagBag from /home/dataScience/Projects/Pipeline/venv/lib/python3.10/site-packages/airflow/example_dags/tutorial.py
[2025-02-17T22:41:23.267-0600] {processor.py:925} INFO - DAG(s) 'tutorial' retrieved from /home/dataScience/Projects/Pipeline/venv/lib/python3.10/site-packages/airflow/example_dags/tutorial.py
[2025-02-17T22:41:23.288-0600] {logging_mixin.py:190} INFO - [2025-02-17T22:41:23.287-0600] {dag.py:3239} INFO - Sync 1 DAGs
[2025-02-17T22:41:23.313-0600] {logging_mixin.py:190} INFO - [2025-02-17T22:41:23.313-0600] {dag.py:4180} INFO - Setting next_dagrun for tutorial to 2025-02-17 00:00:00+00:00, run_after=2025-02-18 00:00:00+00:00
[2025-02-17T22:41:23.343-0600] {processor.py:208} INFO - Processing /home/dataScience/Projects/Pipeline/venv/lib/python3.10/site-packages/airflow/example_dags/tutorial.py took 0.106 seconds
