[2025-03-02T00:50:45.916-0600] {manager.py:483} INFO - Processing files using up to 2 processes at a time 
[2025-03-02T00:50:45.916-0600] {manager.py:484} INFO - Process each file at most once every 30 seconds
[2025-03-02T00:50:45.917-0600] {manager.py:485} INFO - Checking for new files in /home/dataScience/Projects/Pipeline/airflow/dags every 300 seconds
[2025-03-02T00:50:45.917-0600] {manager.py:821} INFO - Searching for files in /home/dataScience/Projects/Pipeline/airflow/dags
[2025-03-02T00:50:45.921-0600] {manager.py:824} INFO - There are 1 files in /home/dataScience/Projects/Pipeline/airflow/dags
[2025-03-02T00:50:46.119-0600] {manager.py:997} INFO - 
================================================================================
DAG File Processing Stats

File Path                                                    PID  Runtime      # DAGs    # Errors  Last Runtime    Last Run      Last # of DB Queries
---------------------------------------------------------  -----  ---------  --------  ----------  --------------  ----------  ----------------------
/home/dataScience/Projects/Pipeline/airflow/dags/dag_1.py  69238  0.06s             0           0                                                   0
================================================================================
[2025-03-02T00:51:16.160-0600] {manager.py:997} INFO - 
================================================================================
DAG File Processing Stats

File Path                                                  PID    Runtime      # DAGs    # Errors  Last Runtime    Last Run               Last # of DB Queries
---------------------------------------------------------  -----  ---------  --------  ----------  --------------  -------------------  ----------------------
/home/dataScience/Projects/Pipeline/airflow/dags/dag_1.py                           1           0  0.80s           2025-03-02T06:50:46                      12
================================================================================
[2025-03-02T00:51:46.581-0600] {manager.py:997} INFO - 
================================================================================
DAG File Processing Stats

File Path                                                  PID    Runtime      # DAGs    # Errors  Last Runtime    Last Run               Last # of DB Queries
---------------------------------------------------------  -----  ---------  --------  ----------  --------------  -------------------  ----------------------
/home/dataScience/Projects/Pipeline/airflow/dags/dag_1.py                           1           0  0.56s           2025-03-02T06:51:17                      12
================================================================================
[2025-03-02T00:52:16.752-0600] {manager.py:997} INFO - 
================================================================================
DAG File Processing Stats

File Path                                                  PID    Runtime      # DAGs    # Errors  Last Runtime    Last Run               Last # of DB Queries
---------------------------------------------------------  -----  ---------  --------  ----------  --------------  -------------------  ----------------------
/home/dataScience/Projects/Pipeline/airflow/dags/dag_1.py                           1           0  0.45s           2025-03-02T06:51:48                      12
================================================================================
[2025-03-02T00:52:46.988-0600] {manager.py:997} INFO - 
================================================================================
DAG File Processing Stats

File Path                                                  PID    Runtime      # DAGs    # Errors  Last Runtime    Last Run               Last # of DB Queries
---------------------------------------------------------  -----  ---------  --------  ----------  --------------  -------------------  ----------------------
/home/dataScience/Projects/Pipeline/airflow/dags/dag_1.py                           1           0  0.35s           2025-03-02T06:52:19                      12
================================================================================
[2025-03-02T00:52:50.742-0600] {manager.py:465} INFO - Exiting gracefully upon receiving signal 15
[2025-03-02T00:53:39.908-0600] {manager.py:483} INFO - Processing files using up to 2 processes at a time 
[2025-03-02T00:53:39.910-0600] {manager.py:484} INFO - Process each file at most once every 30 seconds
[2025-03-02T00:53:39.911-0600] {manager.py:485} INFO - Checking for new files in /home/dataScience/Projects/Pipeline/airflow/dags every 300 seconds
[2025-03-02T00:53:39.911-0600] {manager.py:821} INFO - Searching for files in /home/dataScience/Projects/Pipeline/airflow/dags
[2025-03-02T00:53:39.914-0600] {manager.py:824} INFO - There are 1 files in /home/dataScience/Projects/Pipeline/airflow/dags
[2025-03-02T00:53:40.061-0600] {manager.py:997} INFO - 
================================================================================
DAG File Processing Stats

File Path                                                    PID  Runtime      # DAGs    # Errors  Last Runtime    Last Run      Last # of DB Queries
---------------------------------------------------------  -----  ---------  --------  ----------  --------------  ----------  ----------------------
/home/dataScience/Projects/Pipeline/airflow/dags/dag_1.py  73353  0.04s             0           0                                                   0
================================================================================
[2025-03-02T00:54:10.295-0600] {manager.py:997} INFO - 
================================================================================
DAG File Processing Stats

File Path                                                  PID    Runtime      # DAGs    # Errors  Last Runtime    Last Run               Last # of DB Queries
---------------------------------------------------------  -----  ---------  --------  ----------  --------------  -------------------  ----------------------
/home/dataScience/Projects/Pipeline/airflow/dags/dag_1.py                           1           0  0.46s           2025-03-02T06:53:40                      12
================================================================================
[2025-03-02T00:54:40.544-0600] {manager.py:997} INFO - 
================================================================================
DAG File Processing Stats

File Path                                                  PID    Runtime      # DAGs    # Errors  Last Runtime    Last Run               Last # of DB Queries
---------------------------------------------------------  -----  ---------  --------  ----------  --------------  -------------------  ----------------------
/home/dataScience/Projects/Pipeline/airflow/dags/dag_1.py                           1           0  0.95s           2025-03-02T06:54:11                      12
================================================================================
[2025-03-02T00:55:10.990-0600] {manager.py:997} INFO - 
================================================================================
DAG File Processing Stats

File Path                                                  PID    Runtime      # DAGs    # Errors  Last Runtime    Last Run               Last # of DB Queries
---------------------------------------------------------  -----  ---------  --------  ----------  --------------  -------------------  ----------------------
/home/dataScience/Projects/Pipeline/airflow/dags/dag_1.py                           1           0  0.93s           2025-03-02T06:54:42                      12
================================================================================
[2025-03-02T00:55:41.288-0600] {manager.py:997} INFO - 
================================================================================
DAG File Processing Stats

File Path                                                  PID    Runtime      # DAGs    # Errors  Last Runtime    Last Run               Last # of DB Queries
---------------------------------------------------------  -----  ---------  --------  ----------  --------------  -------------------  ----------------------
/home/dataScience/Projects/Pipeline/airflow/dags/dag_1.py                           1           0  0.41s           2025-03-02T06:55:13                      12
================================================================================
[2025-03-02T00:56:11.866-0600] {manager.py:997} INFO - 
================================================================================
DAG File Processing Stats

File Path                                                  PID    Runtime      # DAGs    # Errors  Last Runtime    Last Run               Last # of DB Queries
---------------------------------------------------------  -----  ---------  --------  ----------  --------------  -------------------  ----------------------
/home/dataScience/Projects/Pipeline/airflow/dags/dag_1.py                           1           0  0.41s           2025-03-02T06:55:44                      12
================================================================================
[2025-03-02T00:56:22.045-0600] {manager.py:465} INFO - Exiting gracefully upon receiving signal 15
