[2025-02-17T22:31:28.068-0600] {processor.py:186} INFO - Started process (PID=19326) to work on /home/dataScience/Projects/Pipeline/venv/lib/python3.10/site-packages/airflow/example_dags/subdags/subdag.py
[2025-02-17T22:31:28.154-0600] {processor.py:914} INFO - Processing file /home/dataScience/Projects/Pipeline/venv/lib/python3.10/site-packages/airflow/example_dags/subdags/subdag.py for tasks to queue
[2025-02-17T22:31:28.167-0600] {logging_mixin.py:190} INFO - [2025-02-17T22:31:28.166-0600] {dagbag.py:588} INFO - Filling up the DagBag from /home/dataScience/Projects/Pipeline/venv/lib/python3.10/site-packages/airflow/example_dags/subdags/subdag.py
[2025-02-17T22:31:28.189-0600] {processor.py:927} WARNING - No viable dags retrieved from /home/dataScience/Projects/Pipeline/venv/lib/python3.10/site-packages/airflow/example_dags/subdags/subdag.py
[2025-02-17T22:31:28.548-0600] {processor.py:208} INFO - Processing /home/dataScience/Projects/Pipeline/venv/lib/python3.10/site-packages/airflow/example_dags/subdags/subdag.py took 0.508 seconds
[2025-02-17T22:32:54.931-0600] {processor.py:186} INFO - Started process (PID=20533) to work on /home/dataScience/Projects/Pipeline/venv/lib/python3.10/site-packages/airflow/example_dags/subdags/subdag.py
[2025-02-17T22:32:54.933-0600] {processor.py:914} INFO - Processing file /home/dataScience/Projects/Pipeline/venv/lib/python3.10/site-packages/airflow/example_dags/subdags/subdag.py for tasks to queue
[2025-02-17T22:32:54.936-0600] {logging_mixin.py:190} INFO - [2025-02-17T22:32:54.935-0600] {dagbag.py:588} INFO - Filling up the DagBag from /home/dataScience/Projects/Pipeline/venv/lib/python3.10/site-packages/airflow/example_dags/subdags/subdag.py
[2025-02-17T22:32:54.938-0600] {processor.py:927} WARNING - No viable dags retrieved from /home/dataScience/Projects/Pipeline/venv/lib/python3.10/site-packages/airflow/example_dags/subdags/subdag.py
[2025-02-17T22:32:55.100-0600] {processor.py:208} INFO - Processing /home/dataScience/Projects/Pipeline/venv/lib/python3.10/site-packages/airflow/example_dags/subdags/subdag.py took 0.175 seconds
[2025-02-17T22:33:35.280-0600] {processor.py:186} INFO - Started process (PID=21037) to work on /home/dataScience/Projects/Pipeline/venv/lib/python3.10/site-packages/airflow/example_dags/subdags/subdag.py
[2025-02-17T22:33:35.282-0600] {processor.py:914} INFO - Processing file /home/dataScience/Projects/Pipeline/venv/lib/python3.10/site-packages/airflow/example_dags/subdags/subdag.py for tasks to queue
[2025-02-17T22:33:35.284-0600] {logging_mixin.py:190} INFO - [2025-02-17T22:33:35.284-0600] {dagbag.py:588} INFO - Filling up the DagBag from /home/dataScience/Projects/Pipeline/venv/lib/python3.10/site-packages/airflow/example_dags/subdags/subdag.py
[2025-02-17T22:33:35.287-0600] {processor.py:927} WARNING - No viable dags retrieved from /home/dataScience/Projects/Pipeline/venv/lib/python3.10/site-packages/airflow/example_dags/subdags/subdag.py
[2025-02-17T22:33:35.301-0600] {processor.py:208} INFO - Processing /home/dataScience/Projects/Pipeline/venv/lib/python3.10/site-packages/airflow/example_dags/subdags/subdag.py took 0.029 seconds
[2025-02-17T22:34:06.876-0600] {processor.py:186} INFO - Started process (PID=21274) to work on /home/dataScience/Projects/Pipeline/venv/lib/python3.10/site-packages/airflow/example_dags/subdags/subdag.py
[2025-02-17T22:34:06.878-0600] {processor.py:914} INFO - Processing file /home/dataScience/Projects/Pipeline/venv/lib/python3.10/site-packages/airflow/example_dags/subdags/subdag.py for tasks to queue
[2025-02-17T22:34:06.881-0600] {logging_mixin.py:190} INFO - [2025-02-17T22:34:06.881-0600] {dagbag.py:588} INFO - Filling up the DagBag from /home/dataScience/Projects/Pipeline/venv/lib/python3.10/site-packages/airflow/example_dags/subdags/subdag.py
[2025-02-17T22:34:06.885-0600] {processor.py:927} WARNING - No viable dags retrieved from /home/dataScience/Projects/Pipeline/venv/lib/python3.10/site-packages/airflow/example_dags/subdags/subdag.py
[2025-02-17T22:34:06.901-0600] {processor.py:208} INFO - Processing /home/dataScience/Projects/Pipeline/venv/lib/python3.10/site-packages/airflow/example_dags/subdags/subdag.py took 0.034 seconds
[2025-02-17T22:35:09.398-0600] {processor.py:186} INFO - Started process (PID=22043) to work on /home/dataScience/Projects/Pipeline/venv/lib/python3.10/site-packages/airflow/example_dags/subdags/subdag.py
[2025-02-17T22:35:09.401-0600] {processor.py:914} INFO - Processing file /home/dataScience/Projects/Pipeline/venv/lib/python3.10/site-packages/airflow/example_dags/subdags/subdag.py for tasks to queue
[2025-02-17T22:35:09.405-0600] {logging_mixin.py:190} INFO - [2025-02-17T22:35:09.405-0600] {dagbag.py:588} INFO - Filling up the DagBag from /home/dataScience/Projects/Pipeline/venv/lib/python3.10/site-packages/airflow/example_dags/subdags/subdag.py
[2025-02-17T22:35:09.408-0600] {processor.py:927} WARNING - No viable dags retrieved from /home/dataScience/Projects/Pipeline/venv/lib/python3.10/site-packages/airflow/example_dags/subdags/subdag.py
[2025-02-17T22:35:09.424-0600] {processor.py:208} INFO - Processing /home/dataScience/Projects/Pipeline/venv/lib/python3.10/site-packages/airflow/example_dags/subdags/subdag.py took 0.034 seconds
[2025-02-17T22:35:40.983-0600] {processor.py:186} INFO - Started process (PID=22335) to work on /home/dataScience/Projects/Pipeline/venv/lib/python3.10/site-packages/airflow/example_dags/subdags/subdag.py
[2025-02-17T22:35:40.984-0600] {processor.py:914} INFO - Processing file /home/dataScience/Projects/Pipeline/venv/lib/python3.10/site-packages/airflow/example_dags/subdags/subdag.py for tasks to queue
[2025-02-17T22:35:40.987-0600] {logging_mixin.py:190} INFO - [2025-02-17T22:35:40.986-0600] {dagbag.py:588} INFO - Filling up the DagBag from /home/dataScience/Projects/Pipeline/venv/lib/python3.10/site-packages/airflow/example_dags/subdags/subdag.py
[2025-02-17T22:35:40.990-0600] {processor.py:927} WARNING - No viable dags retrieved from /home/dataScience/Projects/Pipeline/venv/lib/python3.10/site-packages/airflow/example_dags/subdags/subdag.py
[2025-02-17T22:35:41.005-0600] {processor.py:208} INFO - Processing /home/dataScience/Projects/Pipeline/venv/lib/python3.10/site-packages/airflow/example_dags/subdags/subdag.py took 0.030 seconds
[2025-02-17T22:36:43.128-0600] {processor.py:186} INFO - Started process (PID=22917) to work on /home/dataScience/Projects/Pipeline/venv/lib/python3.10/site-packages/airflow/example_dags/subdags/subdag.py
[2025-02-17T22:36:43.130-0600] {processor.py:914} INFO - Processing file /home/dataScience/Projects/Pipeline/venv/lib/python3.10/site-packages/airflow/example_dags/subdags/subdag.py for tasks to queue
[2025-02-17T22:36:43.132-0600] {logging_mixin.py:190} INFO - [2025-02-17T22:36:43.132-0600] {dagbag.py:588} INFO - Filling up the DagBag from /home/dataScience/Projects/Pipeline/venv/lib/python3.10/site-packages/airflow/example_dags/subdags/subdag.py
[2025-02-17T22:36:43.135-0600] {processor.py:927} WARNING - No viable dags retrieved from /home/dataScience/Projects/Pipeline/venv/lib/python3.10/site-packages/airflow/example_dags/subdags/subdag.py
[2025-02-17T22:36:43.147-0600] {processor.py:208} INFO - Processing /home/dataScience/Projects/Pipeline/venv/lib/python3.10/site-packages/airflow/example_dags/subdags/subdag.py took 0.026 seconds
[2025-02-17T22:37:40.281-0600] {processor.py:186} INFO - Started process (PID=23400) to work on /home/dataScience/Projects/Pipeline/venv/lib/python3.10/site-packages/airflow/example_dags/subdags/subdag.py
[2025-02-17T22:37:40.283-0600] {processor.py:914} INFO - Processing file /home/dataScience/Projects/Pipeline/venv/lib/python3.10/site-packages/airflow/example_dags/subdags/subdag.py for tasks to queue
[2025-02-17T22:37:40.285-0600] {logging_mixin.py:190} INFO - [2025-02-17T22:37:40.285-0600] {dagbag.py:588} INFO - Filling up the DagBag from /home/dataScience/Projects/Pipeline/venv/lib/python3.10/site-packages/airflow/example_dags/subdags/subdag.py
[2025-02-17T22:37:40.288-0600] {processor.py:927} WARNING - No viable dags retrieved from /home/dataScience/Projects/Pipeline/venv/lib/python3.10/site-packages/airflow/example_dags/subdags/subdag.py
[2025-02-17T22:37:40.300-0600] {processor.py:208} INFO - Processing /home/dataScience/Projects/Pipeline/venv/lib/python3.10/site-packages/airflow/example_dags/subdags/subdag.py took 0.026 seconds
[2025-02-17T22:38:36.702-0600] {processor.py:186} INFO - Started process (PID=23871) to work on /home/dataScience/Projects/Pipeline/venv/lib/python3.10/site-packages/airflow/example_dags/subdags/subdag.py
[2025-02-17T22:38:36.705-0600] {processor.py:914} INFO - Processing file /home/dataScience/Projects/Pipeline/venv/lib/python3.10/site-packages/airflow/example_dags/subdags/subdag.py for tasks to queue
[2025-02-17T22:38:36.709-0600] {logging_mixin.py:190} INFO - [2025-02-17T22:38:36.708-0600] {dagbag.py:588} INFO - Filling up the DagBag from /home/dataScience/Projects/Pipeline/venv/lib/python3.10/site-packages/airflow/example_dags/subdags/subdag.py
[2025-02-17T22:38:36.712-0600] {processor.py:927} WARNING - No viable dags retrieved from /home/dataScience/Projects/Pipeline/venv/lib/python3.10/site-packages/airflow/example_dags/subdags/subdag.py
[2025-02-17T22:38:36.726-0600] {processor.py:208} INFO - Processing /home/dataScience/Projects/Pipeline/venv/lib/python3.10/site-packages/airflow/example_dags/subdags/subdag.py took 0.031 seconds
[2025-02-17T22:39:08.262-0600] {processor.py:186} INFO - Started process (PID=24101) to work on /home/dataScience/Projects/Pipeline/venv/lib/python3.10/site-packages/airflow/example_dags/subdags/subdag.py
[2025-02-17T22:39:08.265-0600] {processor.py:914} INFO - Processing file /home/dataScience/Projects/Pipeline/venv/lib/python3.10/site-packages/airflow/example_dags/subdags/subdag.py for tasks to queue
[2025-02-17T22:39:08.268-0600] {logging_mixin.py:190} INFO - [2025-02-17T22:39:08.268-0600] {dagbag.py:588} INFO - Filling up the DagBag from /home/dataScience/Projects/Pipeline/venv/lib/python3.10/site-packages/airflow/example_dags/subdags/subdag.py
[2025-02-17T22:39:08.271-0600] {processor.py:927} WARNING - No viable dags retrieved from /home/dataScience/Projects/Pipeline/venv/lib/python3.10/site-packages/airflow/example_dags/subdags/subdag.py
[2025-02-17T22:39:08.285-0600] {processor.py:208} INFO - Processing /home/dataScience/Projects/Pipeline/venv/lib/python3.10/site-packages/airflow/example_dags/subdags/subdag.py took 0.030 seconds
[2025-02-17T22:40:07.363-0600] {processor.py:186} INFO - Started process (PID=24597) to work on /home/dataScience/Projects/Pipeline/venv/lib/python3.10/site-packages/airflow/example_dags/subdags/subdag.py
[2025-02-17T22:40:07.365-0600] {processor.py:914} INFO - Processing file /home/dataScience/Projects/Pipeline/venv/lib/python3.10/site-packages/airflow/example_dags/subdags/subdag.py for tasks to queue
[2025-02-17T22:40:07.368-0600] {logging_mixin.py:190} INFO - [2025-02-17T22:40:07.367-0600] {dagbag.py:588} INFO - Filling up the DagBag from /home/dataScience/Projects/Pipeline/venv/lib/python3.10/site-packages/airflow/example_dags/subdags/subdag.py
[2025-02-17T22:40:07.370-0600] {processor.py:927} WARNING - No viable dags retrieved from /home/dataScience/Projects/Pipeline/venv/lib/python3.10/site-packages/airflow/example_dags/subdags/subdag.py
[2025-02-17T22:40:07.383-0600] {processor.py:208} INFO - Processing /home/dataScience/Projects/Pipeline/venv/lib/python3.10/site-packages/airflow/example_dags/subdags/subdag.py took 0.027 seconds
[2025-02-17T22:40:39.113-0600] {processor.py:186} INFO - Started process (PID=24888) to work on /home/dataScience/Projects/Pipeline/venv/lib/python3.10/site-packages/airflow/example_dags/subdags/subdag.py
[2025-02-17T22:40:39.115-0600] {processor.py:914} INFO - Processing file /home/dataScience/Projects/Pipeline/venv/lib/python3.10/site-packages/airflow/example_dags/subdags/subdag.py for tasks to queue
[2025-02-17T22:40:39.118-0600] {logging_mixin.py:190} INFO - [2025-02-17T22:40:39.117-0600] {dagbag.py:588} INFO - Filling up the DagBag from /home/dataScience/Projects/Pipeline/venv/lib/python3.10/site-packages/airflow/example_dags/subdags/subdag.py
[2025-02-17T22:40:39.120-0600] {processor.py:927} WARNING - No viable dags retrieved from /home/dataScience/Projects/Pipeline/venv/lib/python3.10/site-packages/airflow/example_dags/subdags/subdag.py
[2025-02-17T22:40:39.133-0600] {processor.py:208} INFO - Processing /home/dataScience/Projects/Pipeline/venv/lib/python3.10/site-packages/airflow/example_dags/subdags/subdag.py took 0.027 seconds
