[2025-02-17T22:32:08.601-0600] {processor.py:186} INFO - Started process (PID=20021) to work on /home/dataScience/Projects/Pipeline/venv/lib/python3.10/site-packages/airflow/example_dags/plugins/event_listener.py
[2025-02-17T22:32:08.602-0600] {processor.py:914} INFO - Processing file /home/dataScience/Projects/Pipeline/venv/lib/python3.10/site-packages/airflow/example_dags/plugins/event_listener.py for tasks to queue
[2025-02-17T22:32:08.605-0600] {logging_mixin.py:190} INFO - [2025-02-17T22:32:08.604-0600] {dagbag.py:588} INFO - Filling up the DagBag from /home/dataScience/Projects/Pipeline/venv/lib/python3.10/site-packages/airflow/example_dags/plugins/event_listener.py
[2025-02-17T22:32:08.608-0600] {processor.py:927} WARNING - No viable dags retrieved from /home/dataScience/Projects/Pipeline/venv/lib/python3.10/site-packages/airflow/example_dags/plugins/event_listener.py
[2025-02-17T22:32:08.633-0600] {processor.py:208} INFO - Processing /home/dataScience/Projects/Pipeline/venv/lib/python3.10/site-packages/airflow/example_dags/plugins/event_listener.py took 0.040 seconds
[2025-02-17T22:33:21.105-0600] {processor.py:186} INFO - Started process (PID=20869) to work on /home/dataScience/Projects/Pipeline/venv/lib/python3.10/site-packages/airflow/example_dags/plugins/event_listener.py
[2025-02-17T22:33:21.108-0600] {processor.py:914} INFO - Processing file /home/dataScience/Projects/Pipeline/venv/lib/python3.10/site-packages/airflow/example_dags/plugins/event_listener.py for tasks to queue
[2025-02-17T22:33:21.110-0600] {logging_mixin.py:190} INFO - [2025-02-17T22:33:21.110-0600] {dagbag.py:588} INFO - Filling up the DagBag from /home/dataScience/Projects/Pipeline/venv/lib/python3.10/site-packages/airflow/example_dags/plugins/event_listener.py
[2025-02-17T22:33:21.114-0600] {processor.py:927} WARNING - No viable dags retrieved from /home/dataScience/Projects/Pipeline/venv/lib/python3.10/site-packages/airflow/example_dags/plugins/event_listener.py
[2025-02-17T22:33:21.126-0600] {processor.py:208} INFO - Processing /home/dataScience/Projects/Pipeline/venv/lib/python3.10/site-packages/airflow/example_dags/plugins/event_listener.py took 0.028 seconds
[2025-02-17T22:34:23.883-0600] {processor.py:186} INFO - Started process (PID=21526) to work on /home/dataScience/Projects/Pipeline/venv/lib/python3.10/site-packages/airflow/example_dags/plugins/event_listener.py
[2025-02-17T22:34:23.886-0600] {processor.py:914} INFO - Processing file /home/dataScience/Projects/Pipeline/venv/lib/python3.10/site-packages/airflow/example_dags/plugins/event_listener.py for tasks to queue
[2025-02-17T22:34:23.889-0600] {logging_mixin.py:190} INFO - [2025-02-17T22:34:23.888-0600] {dagbag.py:588} INFO - Filling up the DagBag from /home/dataScience/Projects/Pipeline/venv/lib/python3.10/site-packages/airflow/example_dags/plugins/event_listener.py
[2025-02-17T22:34:23.892-0600] {processor.py:927} WARNING - No viable dags retrieved from /home/dataScience/Projects/Pipeline/venv/lib/python3.10/site-packages/airflow/example_dags/plugins/event_listener.py
[2025-02-17T22:34:23.903-0600] {processor.py:208} INFO - Processing /home/dataScience/Projects/Pipeline/venv/lib/python3.10/site-packages/airflow/example_dags/plugins/event_listener.py took 0.027 seconds
[2025-02-17T22:35:27.956-0600] {processor.py:186} INFO - Started process (PID=22207) to work on /home/dataScience/Projects/Pipeline/venv/lib/python3.10/site-packages/airflow/example_dags/plugins/event_listener.py
[2025-02-17T22:35:27.958-0600] {processor.py:914} INFO - Processing file /home/dataScience/Projects/Pipeline/venv/lib/python3.10/site-packages/airflow/example_dags/plugins/event_listener.py for tasks to queue
[2025-02-17T22:35:27.961-0600] {logging_mixin.py:190} INFO - [2025-02-17T22:35:27.960-0600] {dagbag.py:588} INFO - Filling up the DagBag from /home/dataScience/Projects/Pipeline/venv/lib/python3.10/site-packages/airflow/example_dags/plugins/event_listener.py
[2025-02-17T22:35:27.964-0600] {processor.py:927} WARNING - No viable dags retrieved from /home/dataScience/Projects/Pipeline/venv/lib/python3.10/site-packages/airflow/example_dags/plugins/event_listener.py
[2025-02-17T22:35:27.976-0600] {processor.py:208} INFO - Processing /home/dataScience/Projects/Pipeline/venv/lib/python3.10/site-packages/airflow/example_dags/plugins/event_listener.py took 0.027 seconds
[2025-02-17T22:36:29.129-0600] {processor.py:186} INFO - Started process (PID=22754) to work on /home/dataScience/Projects/Pipeline/venv/lib/python3.10/site-packages/airflow/example_dags/plugins/event_listener.py
[2025-02-17T22:36:29.130-0600] {processor.py:914} INFO - Processing file /home/dataScience/Projects/Pipeline/venv/lib/python3.10/site-packages/airflow/example_dags/plugins/event_listener.py for tasks to queue
[2025-02-17T22:36:29.133-0600] {logging_mixin.py:190} INFO - [2025-02-17T22:36:29.133-0600] {dagbag.py:588} INFO - Filling up the DagBag from /home/dataScience/Projects/Pipeline/venv/lib/python3.10/site-packages/airflow/example_dags/plugins/event_listener.py
[2025-02-17T22:36:29.138-0600] {processor.py:927} WARNING - No viable dags retrieved from /home/dataScience/Projects/Pipeline/venv/lib/python3.10/site-packages/airflow/example_dags/plugins/event_listener.py
[2025-02-17T22:36:29.150-0600] {processor.py:208} INFO - Processing /home/dataScience/Projects/Pipeline/venv/lib/python3.10/site-packages/airflow/example_dags/plugins/event_listener.py took 0.028 seconds
[2025-02-17T22:37:27.114-0600] {processor.py:186} INFO - Started process (PID=23240) to work on /home/dataScience/Projects/Pipeline/venv/lib/python3.10/site-packages/airflow/example_dags/plugins/event_listener.py
[2025-02-17T22:37:27.116-0600] {processor.py:914} INFO - Processing file /home/dataScience/Projects/Pipeline/venv/lib/python3.10/site-packages/airflow/example_dags/plugins/event_listener.py for tasks to queue
[2025-02-17T22:37:27.118-0600] {logging_mixin.py:190} INFO - [2025-02-17T22:37:27.118-0600] {dagbag.py:588} INFO - Filling up the DagBag from /home/dataScience/Projects/Pipeline/venv/lib/python3.10/site-packages/airflow/example_dags/plugins/event_listener.py
[2025-02-17T22:37:27.122-0600] {processor.py:927} WARNING - No viable dags retrieved from /home/dataScience/Projects/Pipeline/venv/lib/python3.10/site-packages/airflow/example_dags/plugins/event_listener.py
[2025-02-17T22:37:27.134-0600] {processor.py:208} INFO - Processing /home/dataScience/Projects/Pipeline/venv/lib/python3.10/site-packages/airflow/example_dags/plugins/event_listener.py took 0.027 seconds
[2025-02-17T22:38:23.878-0600] {processor.py:186} INFO - Started process (PID=23720) to work on /home/dataScience/Projects/Pipeline/venv/lib/python3.10/site-packages/airflow/example_dags/plugins/event_listener.py
[2025-02-17T22:38:23.881-0600] {processor.py:914} INFO - Processing file /home/dataScience/Projects/Pipeline/venv/lib/python3.10/site-packages/airflow/example_dags/plugins/event_listener.py for tasks to queue
[2025-02-17T22:38:23.885-0600] {logging_mixin.py:190} INFO - [2025-02-17T22:38:23.884-0600] {dagbag.py:588} INFO - Filling up the DagBag from /home/dataScience/Projects/Pipeline/venv/lib/python3.10/site-packages/airflow/example_dags/plugins/event_listener.py
[2025-02-17T22:38:23.889-0600] {processor.py:927} WARNING - No viable dags retrieved from /home/dataScience/Projects/Pipeline/venv/lib/python3.10/site-packages/airflow/example_dags/plugins/event_listener.py
[2025-02-17T22:38:23.907-0600] {processor.py:208} INFO - Processing /home/dataScience/Projects/Pipeline/venv/lib/python3.10/site-packages/airflow/example_dags/plugins/event_listener.py took 0.039 seconds
[2025-02-17T22:39:26.822-0600] {processor.py:186} INFO - Started process (PID=24239) to work on /home/dataScience/Projects/Pipeline/venv/lib/python3.10/site-packages/airflow/example_dags/plugins/event_listener.py
[2025-02-17T22:39:26.824-0600] {processor.py:914} INFO - Processing file /home/dataScience/Projects/Pipeline/venv/lib/python3.10/site-packages/airflow/example_dags/plugins/event_listener.py for tasks to queue
[2025-02-17T22:39:26.827-0600] {logging_mixin.py:190} INFO - [2025-02-17T22:39:26.826-0600] {dagbag.py:588} INFO - Filling up the DagBag from /home/dataScience/Projects/Pipeline/venv/lib/python3.10/site-packages/airflow/example_dags/plugins/event_listener.py
[2025-02-17T22:39:26.831-0600] {processor.py:927} WARNING - No viable dags retrieved from /home/dataScience/Projects/Pipeline/venv/lib/python3.10/site-packages/airflow/example_dags/plugins/event_listener.py
[2025-02-17T22:39:26.846-0600] {processor.py:208} INFO - Processing /home/dataScience/Projects/Pipeline/venv/lib/python3.10/site-packages/airflow/example_dags/plugins/event_listener.py took 0.032 seconds
[2025-02-17T22:40:26.232-0600] {processor.py:186} INFO - Started process (PID=24736) to work on /home/dataScience/Projects/Pipeline/venv/lib/python3.10/site-packages/airflow/example_dags/plugins/event_listener.py
[2025-02-17T22:40:26.234-0600] {processor.py:914} INFO - Processing file /home/dataScience/Projects/Pipeline/venv/lib/python3.10/site-packages/airflow/example_dags/plugins/event_listener.py for tasks to queue
[2025-02-17T22:40:26.237-0600] {logging_mixin.py:190} INFO - [2025-02-17T22:40:26.236-0600] {dagbag.py:588} INFO - Filling up the DagBag from /home/dataScience/Projects/Pipeline/venv/lib/python3.10/site-packages/airflow/example_dags/plugins/event_listener.py
[2025-02-17T22:40:26.240-0600] {processor.py:927} WARNING - No viable dags retrieved from /home/dataScience/Projects/Pipeline/venv/lib/python3.10/site-packages/airflow/example_dags/plugins/event_listener.py
[2025-02-17T22:40:26.252-0600] {processor.py:208} INFO - Processing /home/dataScience/Projects/Pipeline/venv/lib/python3.10/site-packages/airflow/example_dags/plugins/event_listener.py took 0.027 seconds
[2025-02-17T22:41:26.985-0600] {processor.py:186} INFO - Started process (PID=25240) to work on /home/dataScience/Projects/Pipeline/venv/lib/python3.10/site-packages/airflow/example_dags/plugins/event_listener.py
[2025-02-17T22:41:26.987-0600] {processor.py:914} INFO - Processing file /home/dataScience/Projects/Pipeline/venv/lib/python3.10/site-packages/airflow/example_dags/plugins/event_listener.py for tasks to queue
[2025-02-17T22:41:26.989-0600] {logging_mixin.py:190} INFO - [2025-02-17T22:41:26.989-0600] {dagbag.py:588} INFO - Filling up the DagBag from /home/dataScience/Projects/Pipeline/venv/lib/python3.10/site-packages/airflow/example_dags/plugins/event_listener.py
[2025-02-17T22:41:26.994-0600] {processor.py:927} WARNING - No viable dags retrieved from /home/dataScience/Projects/Pipeline/venv/lib/python3.10/site-packages/airflow/example_dags/plugins/event_listener.py
[2025-02-17T22:41:27.007-0600] {processor.py:208} INFO - Processing /home/dataScience/Projects/Pipeline/venv/lib/python3.10/site-packages/airflow/example_dags/plugins/event_listener.py took 0.029 seconds
