[2025-02-17T22:32:09.387-0600] {processor.py:186} INFO - Started process (PID=20029) to work on /home/dataScience/Projects/Pipeline/venv/lib/python3.10/site-packages/airflow/example_dags/plugins/listener_plugin.py
[2025-02-17T22:32:09.388-0600] {processor.py:914} INFO - Processing file /home/dataScience/Projects/Pipeline/venv/lib/python3.10/site-packages/airflow/example_dags/plugins/listener_plugin.py for tasks to queue
[2025-02-17T22:32:09.391-0600] {logging_mixin.py:190} INFO - [2025-02-17T22:32:09.390-0600] {dagbag.py:588} INFO - Filling up the DagBag from /home/dataScience/Projects/Pipeline/venv/lib/python3.10/site-packages/airflow/example_dags/plugins/listener_plugin.py
[2025-02-17T22:32:09.394-0600] {processor.py:927} WARNING - No viable dags retrieved from /home/dataScience/Projects/Pipeline/venv/lib/python3.10/site-packages/airflow/example_dags/plugins/listener_plugin.py
[2025-02-17T22:32:09.407-0600] {processor.py:208} INFO - Processing /home/dataScience/Projects/Pipeline/venv/lib/python3.10/site-packages/airflow/example_dags/plugins/listener_plugin.py took 0.027 seconds
[2025-02-17T22:33:22.603-0600] {processor.py:186} INFO - Started process (PID=20883) to work on /home/dataScience/Projects/Pipeline/venv/lib/python3.10/site-packages/airflow/example_dags/plugins/listener_plugin.py
[2025-02-17T22:33:22.605-0600] {processor.py:914} INFO - Processing file /home/dataScience/Projects/Pipeline/venv/lib/python3.10/site-packages/airflow/example_dags/plugins/listener_plugin.py for tasks to queue
[2025-02-17T22:33:22.609-0600] {logging_mixin.py:190} INFO - [2025-02-17T22:33:22.608-0600] {dagbag.py:588} INFO - Filling up the DagBag from /home/dataScience/Projects/Pipeline/venv/lib/python3.10/site-packages/airflow/example_dags/plugins/listener_plugin.py
[2025-02-17T22:33:22.612-0600] {processor.py:927} WARNING - No viable dags retrieved from /home/dataScience/Projects/Pipeline/venv/lib/python3.10/site-packages/airflow/example_dags/plugins/listener_plugin.py
[2025-02-17T22:33:22.627-0600] {processor.py:208} INFO - Processing /home/dataScience/Projects/Pipeline/venv/lib/python3.10/site-packages/airflow/example_dags/plugins/listener_plugin.py took 0.035 seconds
[2025-02-17T22:34:26.186-0600] {processor.py:186} INFO - Started process (PID=21543) to work on /home/dataScience/Projects/Pipeline/venv/lib/python3.10/site-packages/airflow/example_dags/plugins/listener_plugin.py
[2025-02-17T22:34:26.188-0600] {processor.py:914} INFO - Processing file /home/dataScience/Projects/Pipeline/venv/lib/python3.10/site-packages/airflow/example_dags/plugins/listener_plugin.py for tasks to queue
[2025-02-17T22:34:26.191-0600] {logging_mixin.py:190} INFO - [2025-02-17T22:34:26.190-0600] {dagbag.py:588} INFO - Filling up the DagBag from /home/dataScience/Projects/Pipeline/venv/lib/python3.10/site-packages/airflow/example_dags/plugins/listener_plugin.py
[2025-02-17T22:34:26.193-0600] {processor.py:927} WARNING - No viable dags retrieved from /home/dataScience/Projects/Pipeline/venv/lib/python3.10/site-packages/airflow/example_dags/plugins/listener_plugin.py
[2025-02-17T22:34:26.205-0600] {processor.py:208} INFO - Processing /home/dataScience/Projects/Pipeline/venv/lib/python3.10/site-packages/airflow/example_dags/plugins/listener_plugin.py took 0.026 seconds
[2025-02-17T22:35:30.260-0600] {processor.py:186} INFO - Started process (PID=22259) to work on /home/dataScience/Projects/Pipeline/venv/lib/python3.10/site-packages/airflow/example_dags/plugins/listener_plugin.py
[2025-02-17T22:35:30.263-0600] {processor.py:914} INFO - Processing file /home/dataScience/Projects/Pipeline/venv/lib/python3.10/site-packages/airflow/example_dags/plugins/listener_plugin.py for tasks to queue
[2025-02-17T22:35:30.266-0600] {logging_mixin.py:190} INFO - [2025-02-17T22:35:30.265-0600] {dagbag.py:588} INFO - Filling up the DagBag from /home/dataScience/Projects/Pipeline/venv/lib/python3.10/site-packages/airflow/example_dags/plugins/listener_plugin.py
[2025-02-17T22:35:30.270-0600] {processor.py:927} WARNING - No viable dags retrieved from /home/dataScience/Projects/Pipeline/venv/lib/python3.10/site-packages/airflow/example_dags/plugins/listener_plugin.py
[2025-02-17T22:35:30.283-0600] {processor.py:208} INFO - Processing /home/dataScience/Projects/Pipeline/venv/lib/python3.10/site-packages/airflow/example_dags/plugins/listener_plugin.py took 0.030 seconds
[2025-02-17T22:36:31.438-0600] {processor.py:186} INFO - Started process (PID=22771) to work on /home/dataScience/Projects/Pipeline/venv/lib/python3.10/site-packages/airflow/example_dags/plugins/listener_plugin.py
[2025-02-17T22:36:31.440-0600] {processor.py:914} INFO - Processing file /home/dataScience/Projects/Pipeline/venv/lib/python3.10/site-packages/airflow/example_dags/plugins/listener_plugin.py for tasks to queue
[2025-02-17T22:36:31.443-0600] {logging_mixin.py:190} INFO - [2025-02-17T22:36:31.442-0600] {dagbag.py:588} INFO - Filling up the DagBag from /home/dataScience/Projects/Pipeline/venv/lib/python3.10/site-packages/airflow/example_dags/plugins/listener_plugin.py
[2025-02-17T22:36:31.445-0600] {processor.py:927} WARNING - No viable dags retrieved from /home/dataScience/Projects/Pipeline/venv/lib/python3.10/site-packages/airflow/example_dags/plugins/listener_plugin.py
[2025-02-17T22:36:31.458-0600] {processor.py:208} INFO - Processing /home/dataScience/Projects/Pipeline/venv/lib/python3.10/site-packages/airflow/example_dags/plugins/listener_plugin.py took 0.027 seconds
[2025-02-17T22:37:29.426-0600] {processor.py:186} INFO - Started process (PID=23317) to work on /home/dataScience/Projects/Pipeline/venv/lib/python3.10/site-packages/airflow/example_dags/plugins/listener_plugin.py
[2025-02-17T22:37:29.429-0600] {processor.py:914} INFO - Processing file /home/dataScience/Projects/Pipeline/venv/lib/python3.10/site-packages/airflow/example_dags/plugins/listener_plugin.py for tasks to queue
[2025-02-17T22:37:29.433-0600] {logging_mixin.py:190} INFO - [2025-02-17T22:37:29.432-0600] {dagbag.py:588} INFO - Filling up the DagBag from /home/dataScience/Projects/Pipeline/venv/lib/python3.10/site-packages/airflow/example_dags/plugins/listener_plugin.py
[2025-02-17T22:37:29.436-0600] {processor.py:927} WARNING - No viable dags retrieved from /home/dataScience/Projects/Pipeline/venv/lib/python3.10/site-packages/airflow/example_dags/plugins/listener_plugin.py
[2025-02-17T22:37:29.449-0600] {processor.py:208} INFO - Processing /home/dataScience/Projects/Pipeline/venv/lib/python3.10/site-packages/airflow/example_dags/plugins/listener_plugin.py took 0.032 seconds
[2025-02-17T22:38:26.205-0600] {processor.py:186} INFO - Started process (PID=23737) to work on /home/dataScience/Projects/Pipeline/venv/lib/python3.10/site-packages/airflow/example_dags/plugins/listener_plugin.py
[2025-02-17T22:38:26.206-0600] {processor.py:914} INFO - Processing file /home/dataScience/Projects/Pipeline/venv/lib/python3.10/site-packages/airflow/example_dags/plugins/listener_plugin.py for tasks to queue
[2025-02-17T22:38:26.209-0600] {logging_mixin.py:190} INFO - [2025-02-17T22:38:26.209-0600] {dagbag.py:588} INFO - Filling up the DagBag from /home/dataScience/Projects/Pipeline/venv/lib/python3.10/site-packages/airflow/example_dags/plugins/listener_plugin.py
[2025-02-17T22:38:26.212-0600] {processor.py:927} WARNING - No viable dags retrieved from /home/dataScience/Projects/Pipeline/venv/lib/python3.10/site-packages/airflow/example_dags/plugins/listener_plugin.py
[2025-02-17T22:38:26.228-0600] {processor.py:208} INFO - Processing /home/dataScience/Projects/Pipeline/venv/lib/python3.10/site-packages/airflow/example_dags/plugins/listener_plugin.py took 0.033 seconds
[2025-02-17T22:39:28.727-0600] {processor.py:186} INFO - Started process (PID=24279) to work on /home/dataScience/Projects/Pipeline/venv/lib/python3.10/site-packages/airflow/example_dags/plugins/listener_plugin.py
[2025-02-17T22:39:28.730-0600] {processor.py:914} INFO - Processing file /home/dataScience/Projects/Pipeline/venv/lib/python3.10/site-packages/airflow/example_dags/plugins/listener_plugin.py for tasks to queue
[2025-02-17T22:39:28.733-0600] {logging_mixin.py:190} INFO - [2025-02-17T22:39:28.732-0600] {dagbag.py:588} INFO - Filling up the DagBag from /home/dataScience/Projects/Pipeline/venv/lib/python3.10/site-packages/airflow/example_dags/plugins/listener_plugin.py
[2025-02-17T22:39:28.736-0600] {processor.py:927} WARNING - No viable dags retrieved from /home/dataScience/Projects/Pipeline/venv/lib/python3.10/site-packages/airflow/example_dags/plugins/listener_plugin.py
[2025-02-17T22:39:28.751-0600] {processor.py:208} INFO - Processing /home/dataScience/Projects/Pipeline/venv/lib/python3.10/site-packages/airflow/example_dags/plugins/listener_plugin.py took 0.037 seconds
[2025-02-17T22:40:27.715-0600] {processor.py:186} INFO - Started process (PID=24744) to work on /home/dataScience/Projects/Pipeline/venv/lib/python3.10/site-packages/airflow/example_dags/plugins/listener_plugin.py
[2025-02-17T22:40:27.716-0600] {processor.py:914} INFO - Processing file /home/dataScience/Projects/Pipeline/venv/lib/python3.10/site-packages/airflow/example_dags/plugins/listener_plugin.py for tasks to queue
[2025-02-17T22:40:27.719-0600] {logging_mixin.py:190} INFO - [2025-02-17T22:40:27.719-0600] {dagbag.py:588} INFO - Filling up the DagBag from /home/dataScience/Projects/Pipeline/venv/lib/python3.10/site-packages/airflow/example_dags/plugins/listener_plugin.py
[2025-02-17T22:40:27.722-0600] {processor.py:927} WARNING - No viable dags retrieved from /home/dataScience/Projects/Pipeline/venv/lib/python3.10/site-packages/airflow/example_dags/plugins/listener_plugin.py
[2025-02-17T22:40:27.737-0600] {processor.py:208} INFO - Processing /home/dataScience/Projects/Pipeline/venv/lib/python3.10/site-packages/airflow/example_dags/plugins/listener_plugin.py took 0.031 seconds
[2025-02-17T22:41:29.050-0600] {processor.py:186} INFO - Started process (PID=25316) to work on /home/dataScience/Projects/Pipeline/venv/lib/python3.10/site-packages/airflow/example_dags/plugins/listener_plugin.py
[2025-02-17T22:41:29.052-0600] {processor.py:914} INFO - Processing file /home/dataScience/Projects/Pipeline/venv/lib/python3.10/site-packages/airflow/example_dags/plugins/listener_plugin.py for tasks to queue
[2025-02-17T22:41:29.056-0600] {logging_mixin.py:190} INFO - [2025-02-17T22:41:29.055-0600] {dagbag.py:588} INFO - Filling up the DagBag from /home/dataScience/Projects/Pipeline/venv/lib/python3.10/site-packages/airflow/example_dags/plugins/listener_plugin.py
[2025-02-17T22:41:29.060-0600] {processor.py:927} WARNING - No viable dags retrieved from /home/dataScience/Projects/Pipeline/venv/lib/python3.10/site-packages/airflow/example_dags/plugins/listener_plugin.py
[2025-02-17T22:41:29.074-0600] {processor.py:208} INFO - Processing /home/dataScience/Projects/Pipeline/venv/lib/python3.10/site-packages/airflow/example_dags/plugins/listener_plugin.py took 0.032 seconds
