[2025-02-17T22:31:26.592-0600] {processor.py:186} INFO - Started process (PID=19303) to work on /home/dataScience/Projects/Pipeline/venv/lib/python3.10/site-packages/airflow/example_dags/plugins/workday.py
[2025-02-17T22:31:26.603-0600] {processor.py:914} INFO - Processing file /home/dataScience/Projects/Pipeline/venv/lib/python3.10/site-packages/airflow/example_dags/plugins/workday.py for tasks to queue
[2025-02-17T22:31:26.626-0600] {logging_mixin.py:190} INFO - [2025-02-17T22:31:26.623-0600] {dagbag.py:588} INFO - Filling up the DagBag from /home/dataScience/Projects/Pipeline/venv/lib/python3.10/site-packages/airflow/example_dags/plugins/workday.py
[2025-02-17T22:31:26.667-0600] {logging_mixin.py:190} INFO - [2025-02-17T22:31:26.666-0600] {workday.py:41} WARNING - Could not import pandas. Holidays will not be considered.
[2025-02-17T22:31:26.671-0600] {processor.py:927} WARNING - No viable dags retrieved from /home/dataScience/Projects/Pipeline/venv/lib/python3.10/site-packages/airflow/example_dags/plugins/workday.py
[2025-02-17T22:31:26.761-0600] {processor.py:208} INFO - Processing /home/dataScience/Projects/Pipeline/venv/lib/python3.10/site-packages/airflow/example_dags/plugins/workday.py took 0.259 seconds
[2025-02-17T22:32:53.660-0600] {processor.py:186} INFO - Started process (PID=20527) to work on /home/dataScience/Projects/Pipeline/venv/lib/python3.10/site-packages/airflow/example_dags/plugins/workday.py
[2025-02-17T22:32:53.662-0600] {processor.py:914} INFO - Processing file /home/dataScience/Projects/Pipeline/venv/lib/python3.10/site-packages/airflow/example_dags/plugins/workday.py for tasks to queue
[2025-02-17T22:32:53.665-0600] {logging_mixin.py:190} INFO - [2025-02-17T22:32:53.665-0600] {dagbag.py:588} INFO - Filling up the DagBag from /home/dataScience/Projects/Pipeline/venv/lib/python3.10/site-packages/airflow/example_dags/plugins/workday.py
[2025-02-17T22:32:53.669-0600] {logging_mixin.py:190} INFO - [2025-02-17T22:32:53.668-0600] {workday.py:41} WARNING - Could not import pandas. Holidays will not be considered.
[2025-02-17T22:32:53.669-0600] {processor.py:927} WARNING - No viable dags retrieved from /home/dataScience/Projects/Pipeline/venv/lib/python3.10/site-packages/airflow/example_dags/plugins/workday.py
[2025-02-17T22:32:53.814-0600] {processor.py:208} INFO - Processing /home/dataScience/Projects/Pipeline/venv/lib/python3.10/site-packages/airflow/example_dags/plugins/workday.py took 0.160 seconds
[2025-02-17T22:33:34.127-0600] {processor.py:186} INFO - Started process (PID=21032) to work on /home/dataScience/Projects/Pipeline/venv/lib/python3.10/site-packages/airflow/example_dags/plugins/workday.py
[2025-02-17T22:33:34.129-0600] {processor.py:914} INFO - Processing file /home/dataScience/Projects/Pipeline/venv/lib/python3.10/site-packages/airflow/example_dags/plugins/workday.py for tasks to queue
[2025-02-17T22:33:34.131-0600] {logging_mixin.py:190} INFO - [2025-02-17T22:33:34.130-0600] {dagbag.py:588} INFO - Filling up the DagBag from /home/dataScience/Projects/Pipeline/venv/lib/python3.10/site-packages/airflow/example_dags/plugins/workday.py
[2025-02-17T22:33:34.135-0600] {logging_mixin.py:190} INFO - [2025-02-17T22:33:34.135-0600] {workday.py:41} WARNING - Could not import pandas. Holidays will not be considered.
[2025-02-17T22:33:34.136-0600] {processor.py:927} WARNING - No viable dags retrieved from /home/dataScience/Projects/Pipeline/venv/lib/python3.10/site-packages/airflow/example_dags/plugins/workday.py
[2025-02-17T22:33:34.147-0600] {processor.py:208} INFO - Processing /home/dataScience/Projects/Pipeline/venv/lib/python3.10/site-packages/airflow/example_dags/plugins/workday.py took 0.027 seconds
[2025-02-17T22:34:06.020-0600] {processor.py:186} INFO - Started process (PID=21264) to work on /home/dataScience/Projects/Pipeline/venv/lib/python3.10/site-packages/airflow/example_dags/plugins/workday.py
[2025-02-17T22:34:06.021-0600] {processor.py:914} INFO - Processing file /home/dataScience/Projects/Pipeline/venv/lib/python3.10/site-packages/airflow/example_dags/plugins/workday.py for tasks to queue
[2025-02-17T22:34:06.026-0600] {logging_mixin.py:190} INFO - [2025-02-17T22:34:06.025-0600] {dagbag.py:588} INFO - Filling up the DagBag from /home/dataScience/Projects/Pipeline/venv/lib/python3.10/site-packages/airflow/example_dags/plugins/workday.py
[2025-02-17T22:34:06.031-0600] {logging_mixin.py:190} INFO - [2025-02-17T22:34:06.031-0600] {workday.py:41} WARNING - Could not import pandas. Holidays will not be considered.
[2025-02-17T22:34:06.032-0600] {processor.py:927} WARNING - No viable dags retrieved from /home/dataScience/Projects/Pipeline/venv/lib/python3.10/site-packages/airflow/example_dags/plugins/workday.py
[2025-02-17T22:34:06.051-0600] {processor.py:208} INFO - Processing /home/dataScience/Projects/Pipeline/venv/lib/python3.10/site-packages/airflow/example_dags/plugins/workday.py took 0.038 seconds
[2025-02-17T22:34:36.399-0600] {processor.py:186} INFO - Started process (PID=21679) to work on /home/dataScience/Projects/Pipeline/venv/lib/python3.10/site-packages/airflow/example_dags/plugins/workday.py
[2025-02-17T22:34:36.401-0600] {processor.py:914} INFO - Processing file /home/dataScience/Projects/Pipeline/venv/lib/python3.10/site-packages/airflow/example_dags/plugins/workday.py for tasks to queue
[2025-02-17T22:34:36.403-0600] {logging_mixin.py:190} INFO - [2025-02-17T22:34:36.403-0600] {dagbag.py:588} INFO - Filling up the DagBag from /home/dataScience/Projects/Pipeline/venv/lib/python3.10/site-packages/airflow/example_dags/plugins/workday.py
[2025-02-17T22:34:36.406-0600] {logging_mixin.py:190} INFO - [2025-02-17T22:34:36.406-0600] {workday.py:41} WARNING - Could not import pandas. Holidays will not be considered.
[2025-02-17T22:34:36.407-0600] {processor.py:927} WARNING - No viable dags retrieved from /home/dataScience/Projects/Pipeline/venv/lib/python3.10/site-packages/airflow/example_dags/plugins/workday.py
[2025-02-17T22:34:36.418-0600] {processor.py:208} INFO - Processing /home/dataScience/Projects/Pipeline/venv/lib/python3.10/site-packages/airflow/example_dags/plugins/workday.py took 0.026 seconds
[2025-02-17T22:35:08.236-0600] {processor.py:186} INFO - Started process (PID=22037) to work on /home/dataScience/Projects/Pipeline/venv/lib/python3.10/site-packages/airflow/example_dags/plugins/workday.py
[2025-02-17T22:35:08.239-0600] {processor.py:914} INFO - Processing file /home/dataScience/Projects/Pipeline/venv/lib/python3.10/site-packages/airflow/example_dags/plugins/workday.py for tasks to queue
[2025-02-17T22:35:08.242-0600] {logging_mixin.py:190} INFO - [2025-02-17T22:35:08.241-0600] {dagbag.py:588} INFO - Filling up the DagBag from /home/dataScience/Projects/Pipeline/venv/lib/python3.10/site-packages/airflow/example_dags/plugins/workday.py
[2025-02-17T22:35:08.246-0600] {logging_mixin.py:190} INFO - [2025-02-17T22:35:08.246-0600] {workday.py:41} WARNING - Could not import pandas. Holidays will not be considered.
[2025-02-17T22:35:08.247-0600] {processor.py:927} WARNING - No viable dags retrieved from /home/dataScience/Projects/Pipeline/venv/lib/python3.10/site-packages/airflow/example_dags/plugins/workday.py
[2025-02-17T22:35:08.266-0600] {processor.py:208} INFO - Processing /home/dataScience/Projects/Pipeline/venv/lib/python3.10/site-packages/airflow/example_dags/plugins/workday.py took 0.037 seconds
[2025-02-17T22:35:40.539-0600] {processor.py:186} INFO - Started process (PID=22332) to work on /home/dataScience/Projects/Pipeline/venv/lib/python3.10/site-packages/airflow/example_dags/plugins/workday.py
[2025-02-17T22:35:40.543-0600] {processor.py:914} INFO - Processing file /home/dataScience/Projects/Pipeline/venv/lib/python3.10/site-packages/airflow/example_dags/plugins/workday.py for tasks to queue
[2025-02-17T22:35:40.545-0600] {logging_mixin.py:190} INFO - [2025-02-17T22:35:40.545-0600] {dagbag.py:588} INFO - Filling up the DagBag from /home/dataScience/Projects/Pipeline/venv/lib/python3.10/site-packages/airflow/example_dags/plugins/workday.py
[2025-02-17T22:35:40.548-0600] {logging_mixin.py:190} INFO - [2025-02-17T22:35:40.548-0600] {workday.py:41} WARNING - Could not import pandas. Holidays will not be considered.
[2025-02-17T22:35:40.549-0600] {processor.py:927} WARNING - No viable dags retrieved from /home/dataScience/Projects/Pipeline/venv/lib/python3.10/site-packages/airflow/example_dags/plugins/workday.py
[2025-02-17T22:35:40.562-0600] {processor.py:208} INFO - Processing /home/dataScience/Projects/Pipeline/venv/lib/python3.10/site-packages/airflow/example_dags/plugins/workday.py took 0.032 seconds
[2025-02-17T22:36:10.735-0600] {processor.py:186} INFO - Started process (PID=22556) to work on /home/dataScience/Projects/Pipeline/venv/lib/python3.10/site-packages/airflow/example_dags/plugins/workday.py
[2025-02-17T22:36:10.737-0600] {processor.py:914} INFO - Processing file /home/dataScience/Projects/Pipeline/venv/lib/python3.10/site-packages/airflow/example_dags/plugins/workday.py for tasks to queue
[2025-02-17T22:36:10.740-0600] {logging_mixin.py:190} INFO - [2025-02-17T22:36:10.739-0600] {dagbag.py:588} INFO - Filling up the DagBag from /home/dataScience/Projects/Pipeline/venv/lib/python3.10/site-packages/airflow/example_dags/plugins/workday.py
[2025-02-17T22:36:10.743-0600] {logging_mixin.py:190} INFO - [2025-02-17T22:36:10.743-0600] {workday.py:41} WARNING - Could not import pandas. Holidays will not be considered.
[2025-02-17T22:36:10.744-0600] {processor.py:927} WARNING - No viable dags retrieved from /home/dataScience/Projects/Pipeline/venv/lib/python3.10/site-packages/airflow/example_dags/plugins/workday.py
[2025-02-17T22:36:10.756-0600] {processor.py:208} INFO - Processing /home/dataScience/Projects/Pipeline/venv/lib/python3.10/site-packages/airflow/example_dags/plugins/workday.py took 0.028 seconds
[2025-02-17T22:36:41.975-0600] {processor.py:186} INFO - Started process (PID=22906) to work on /home/dataScience/Projects/Pipeline/venv/lib/python3.10/site-packages/airflow/example_dags/plugins/workday.py
[2025-02-17T22:36:41.977-0600] {processor.py:914} INFO - Processing file /home/dataScience/Projects/Pipeline/venv/lib/python3.10/site-packages/airflow/example_dags/plugins/workday.py for tasks to queue
[2025-02-17T22:36:41.979-0600] {logging_mixin.py:190} INFO - [2025-02-17T22:36:41.979-0600] {dagbag.py:588} INFO - Filling up the DagBag from /home/dataScience/Projects/Pipeline/venv/lib/python3.10/site-packages/airflow/example_dags/plugins/workday.py
[2025-02-17T22:36:41.982-0600] {logging_mixin.py:190} INFO - [2025-02-17T22:36:41.982-0600] {workday.py:41} WARNING - Could not import pandas. Holidays will not be considered.
[2025-02-17T22:36:41.983-0600] {processor.py:927} WARNING - No viable dags retrieved from /home/dataScience/Projects/Pipeline/venv/lib/python3.10/site-packages/airflow/example_dags/plugins/workday.py
[2025-02-17T22:36:41.996-0600] {processor.py:208} INFO - Processing /home/dataScience/Projects/Pipeline/venv/lib/python3.10/site-packages/airflow/example_dags/plugins/workday.py took 0.029 seconds
[2025-02-17T22:37:39.131-0600] {processor.py:186} INFO - Started process (PID=23389) to work on /home/dataScience/Projects/Pipeline/venv/lib/python3.10/site-packages/airflow/example_dags/plugins/workday.py
[2025-02-17T22:37:39.134-0600] {processor.py:914} INFO - Processing file /home/dataScience/Projects/Pipeline/venv/lib/python3.10/site-packages/airflow/example_dags/plugins/workday.py for tasks to queue
[2025-02-17T22:37:39.137-0600] {logging_mixin.py:190} INFO - [2025-02-17T22:37:39.136-0600] {dagbag.py:588} INFO - Filling up the DagBag from /home/dataScience/Projects/Pipeline/venv/lib/python3.10/site-packages/airflow/example_dags/plugins/workday.py
[2025-02-17T22:37:39.140-0600] {logging_mixin.py:190} INFO - [2025-02-17T22:37:39.140-0600] {workday.py:41} WARNING - Could not import pandas. Holidays will not be considered.
[2025-02-17T22:37:39.140-0600] {processor.py:927} WARNING - No viable dags retrieved from /home/dataScience/Projects/Pipeline/venv/lib/python3.10/site-packages/airflow/example_dags/plugins/workday.py
[2025-02-17T22:37:39.153-0600] {processor.py:208} INFO - Processing /home/dataScience/Projects/Pipeline/venv/lib/python3.10/site-packages/airflow/example_dags/plugins/workday.py took 0.029 seconds
[2025-02-17T22:38:35.548-0600] {processor.py:186} INFO - Started process (PID=23866) to work on /home/dataScience/Projects/Pipeline/venv/lib/python3.10/site-packages/airflow/example_dags/plugins/workday.py
[2025-02-17T22:38:35.551-0600] {processor.py:914} INFO - Processing file /home/dataScience/Projects/Pipeline/venv/lib/python3.10/site-packages/airflow/example_dags/plugins/workday.py for tasks to queue
[2025-02-17T22:38:35.554-0600] {logging_mixin.py:190} INFO - [2025-02-17T22:38:35.553-0600] {dagbag.py:588} INFO - Filling up the DagBag from /home/dataScience/Projects/Pipeline/venv/lib/python3.10/site-packages/airflow/example_dags/plugins/workday.py
[2025-02-17T22:38:35.558-0600] {logging_mixin.py:190} INFO - [2025-02-17T22:38:35.558-0600] {workday.py:41} WARNING - Could not import pandas. Holidays will not be considered.
[2025-02-17T22:38:35.559-0600] {processor.py:927} WARNING - No viable dags retrieved from /home/dataScience/Projects/Pipeline/venv/lib/python3.10/site-packages/airflow/example_dags/plugins/workday.py
[2025-02-17T22:38:35.571-0600] {processor.py:208} INFO - Processing /home/dataScience/Projects/Pipeline/venv/lib/python3.10/site-packages/airflow/example_dags/plugins/workday.py took 0.032 seconds
[2025-02-17T22:39:07.110-0600] {processor.py:186} INFO - Started process (PID=24095) to work on /home/dataScience/Projects/Pipeline/venv/lib/python3.10/site-packages/airflow/example_dags/plugins/workday.py
[2025-02-17T22:39:07.112-0600] {processor.py:914} INFO - Processing file /home/dataScience/Projects/Pipeline/venv/lib/python3.10/site-packages/airflow/example_dags/plugins/workday.py for tasks to queue
[2025-02-17T22:39:07.116-0600] {logging_mixin.py:190} INFO - [2025-02-17T22:39:07.115-0600] {dagbag.py:588} INFO - Filling up the DagBag from /home/dataScience/Projects/Pipeline/venv/lib/python3.10/site-packages/airflow/example_dags/plugins/workday.py
[2025-02-17T22:39:07.120-0600] {logging_mixin.py:190} INFO - [2025-02-17T22:39:07.119-0600] {workday.py:41} WARNING - Could not import pandas. Holidays will not be considered.
[2025-02-17T22:39:07.120-0600] {processor.py:927} WARNING - No viable dags retrieved from /home/dataScience/Projects/Pipeline/venv/lib/python3.10/site-packages/airflow/example_dags/plugins/workday.py
[2025-02-17T22:39:07.135-0600] {processor.py:208} INFO - Processing /home/dataScience/Projects/Pipeline/venv/lib/python3.10/site-packages/airflow/example_dags/plugins/workday.py took 0.033 seconds
[2025-02-17T22:39:38.325-0600] {processor.py:186} INFO - Started process (PID=24384) to work on /home/dataScience/Projects/Pipeline/venv/lib/python3.10/site-packages/airflow/example_dags/plugins/workday.py
[2025-02-17T22:39:38.327-0600] {processor.py:914} INFO - Processing file /home/dataScience/Projects/Pipeline/venv/lib/python3.10/site-packages/airflow/example_dags/plugins/workday.py for tasks to queue
[2025-02-17T22:39:38.329-0600] {logging_mixin.py:190} INFO - [2025-02-17T22:39:38.329-0600] {dagbag.py:588} INFO - Filling up the DagBag from /home/dataScience/Projects/Pipeline/venv/lib/python3.10/site-packages/airflow/example_dags/plugins/workday.py
[2025-02-17T22:39:38.333-0600] {logging_mixin.py:190} INFO - [2025-02-17T22:39:38.333-0600] {workday.py:41} WARNING - Could not import pandas. Holidays will not be considered.
[2025-02-17T22:39:38.334-0600] {processor.py:927} WARNING - No viable dags retrieved from /home/dataScience/Projects/Pipeline/venv/lib/python3.10/site-packages/airflow/example_dags/plugins/workday.py
[2025-02-17T22:39:38.349-0600] {processor.py:208} INFO - Processing /home/dataScience/Projects/Pipeline/venv/lib/python3.10/site-packages/airflow/example_dags/plugins/workday.py took 0.033 seconds
[2025-02-17T22:40:37.944-0600] {processor.py:186} INFO - Started process (PID=24883) to work on /home/dataScience/Projects/Pipeline/venv/lib/python3.10/site-packages/airflow/example_dags/plugins/workday.py
[2025-02-17T22:40:37.946-0600] {processor.py:914} INFO - Processing file /home/dataScience/Projects/Pipeline/venv/lib/python3.10/site-packages/airflow/example_dags/plugins/workday.py for tasks to queue
[2025-02-17T22:40:37.948-0600] {logging_mixin.py:190} INFO - [2025-02-17T22:40:37.948-0600] {dagbag.py:588} INFO - Filling up the DagBag from /home/dataScience/Projects/Pipeline/venv/lib/python3.10/site-packages/airflow/example_dags/plugins/workday.py
[2025-02-17T22:40:37.953-0600] {logging_mixin.py:190} INFO - [2025-02-17T22:40:37.951-0600] {workday.py:41} WARNING - Could not import pandas. Holidays will not be considered.
[2025-02-17T22:40:37.953-0600] {processor.py:927} WARNING - No viable dags retrieved from /home/dataScience/Projects/Pipeline/venv/lib/python3.10/site-packages/airflow/example_dags/plugins/workday.py
[2025-02-17T22:40:37.965-0600] {processor.py:208} INFO - Processing /home/dataScience/Projects/Pipeline/venv/lib/python3.10/site-packages/airflow/example_dags/plugins/workday.py took 0.028 seconds
[2025-02-17T22:41:09.135-0600] {processor.py:186} INFO - Started process (PID=25108) to work on /home/dataScience/Projects/Pipeline/venv/lib/python3.10/site-packages/airflow/example_dags/plugins/workday.py
[2025-02-17T22:41:09.137-0600] {processor.py:914} INFO - Processing file /home/dataScience/Projects/Pipeline/venv/lib/python3.10/site-packages/airflow/example_dags/plugins/workday.py for tasks to queue
[2025-02-17T22:41:09.139-0600] {logging_mixin.py:190} INFO - [2025-02-17T22:41:09.139-0600] {dagbag.py:588} INFO - Filling up the DagBag from /home/dataScience/Projects/Pipeline/venv/lib/python3.10/site-packages/airflow/example_dags/plugins/workday.py
[2025-02-17T22:41:09.144-0600] {logging_mixin.py:190} INFO - [2025-02-17T22:41:09.143-0600] {workday.py:41} WARNING - Could not import pandas. Holidays will not be considered.
[2025-02-17T22:41:09.144-0600] {processor.py:927} WARNING - No viable dags retrieved from /home/dataScience/Projects/Pipeline/venv/lib/python3.10/site-packages/airflow/example_dags/plugins/workday.py
[2025-02-17T22:41:09.160-0600] {processor.py:208} INFO - Processing /home/dataScience/Projects/Pipeline/venv/lib/python3.10/site-packages/airflow/example_dags/plugins/workday.py took 0.032 seconds
