[2025-03-04T12:27:26.491-0600] {local_task_job_runner.py:123} INFO - ::group::Pre task execution logs
[2025-03-04T12:27:26.634-0600] {taskinstance.py:2614} INFO - Dependencies all met for dep_context=non-requeueable deps ti=<TaskInstance: EtlWeather.SendMessage scheduled__2025-02-22T00:00:00+00:00 [queued]>
[2025-03-04T12:27:26.696-0600] {taskinstance.py:2614} INFO - Dependencies all met for dep_context=requeueable deps ti=<TaskInstance: EtlWeather.SendMessage scheduled__2025-02-22T00:00:00+00:00 [queued]>
[2025-03-04T12:27:26.698-0600] {taskinstance.py:2867} INFO - Starting attempt 1 of 1
[2025-03-04T12:27:26.824-0600] {taskinstance.py:2890} INFO - Executing <Task(_PythonDecoratedOperator): SendMessage> on 2025-02-22 00:00:00+00:00
[2025-03-04T12:27:26.850-0600] {standard_task_runner.py:72} INFO - Started process 19658 to run task
[2025-03-04T12:27:26.877-0600] {standard_task_runner.py:104} INFO - Running: ['airflow', 'tasks', 'run', 'EtlWeather', 'SendMessage', 'scheduled__2025-02-22T00:00:00+00:00', '--job-id', '12', '--raw', '--subdir', 'DAGS_FOLDER/dataEngineering.py', '--cfg-path', '/tmp/tmp3fida5xo']
[2025-03-04T12:27:26.893-0600] {standard_task_runner.py:105} INFO - Job 12: Subtask SendMessage
[2025-03-04T12:27:27.450-0600] {task_command.py:467} INFO - Running <TaskInstance: EtlWeather.SendMessage scheduled__2025-02-22T00:00:00+00:00 [running]> on host IMNOTROY.
[2025-03-04T12:27:28.561-0600] {taskinstance.py:3134} INFO - Exporting env vars: AIRFLOW_CTX_DAG_OWNER='airflow' AIRFLOW_CTX_DAG_ID='EtlWeather' AIRFLOW_CTX_TASK_ID='SendMessage' AIRFLOW_CTX_EXECUTION_DATE='2025-02-22T00:00:00+00:00' AIRFLOW_CTX_TRY_NUMBER='1' AIRFLOW_CTX_DAG_RUN_ID='scheduled__2025-02-22T00:00:00+00:00'
[2025-03-04T12:27:28.565-0600] {taskinstance.py:732} INFO - ::endgroup::
[2025-03-04T12:29:03.261-0600] {job.py:229} INFO - Heartbeat recovered after 65.69 seconds
[2025-03-04T12:29:13.605-0600] {job.py:229} INFO - Heartbeat recovered after 16.95 seconds
[2025-03-04T12:30:22.061-0600] {job.py:229} INFO - Heartbeat recovered after 16.35 seconds
[2025-03-04T12:32:11.987-0600] {job.py:229} INFO - Heartbeat recovered after 118.58 seconds
[2025-03-04T12:32:29.462-0600] {python.py:240} INFO - Done. Returned value was: Done!
[2025-03-04T12:32:30.844-0600] {taskinstance.py:341} INFO - ::group::Post task execution logs
[2025-03-04T12:32:30.851-0600] {taskinstance.py:353} INFO - Marking task as SUCCESS. dag_id=EtlWeather, task_id=SendMessage, run_id=scheduled__2025-02-22T00:00:00+00:00, execution_date=20250222T000000, start_date=20250304T182726, end_date=20250304T183230
[2025-03-04T12:32:31.228-0600] {local_task_job_runner.py:266} INFO - Task exited with return code 0
[2025-03-04T12:32:31.410-0600] {taskinstance.py:3901} INFO - 0 downstream tasks scheduled from follow-on schedule check
[2025-03-04T12:32:31.415-0600] {local_task_job_runner.py:245} INFO - ::endgroup::
