[2025-02-19T13:45:41.558-0600] {processor.py:186} INFO - Started process (PID=473187) to work on /home/dataScience/Projects/Pipeline/venv/lib/python3.10/site-packages/airflow/example_dags/example_datasets.py
[2025-02-19T13:45:41.559-0600] {processor.py:914} INFO - Processing file /home/dataScience/Projects/Pipeline/venv/lib/python3.10/site-packages/airflow/example_dags/example_datasets.py for tasks to queue
[2025-02-19T13:45:41.562-0600] {logging_mixin.py:190} INFO - [2025-02-19T13:45:41.561-0600] {dagbag.py:588} INFO - Filling up the DagBag from /home/dataScience/Projects/Pipeline/venv/lib/python3.10/site-packages/airflow/example_dags/example_datasets.py
[2025-02-19T13:45:41.756-0600] {processor.py:925} INFO - DAG(s) 'consume_1_or_both_2_and_3_with_dataset_expressions', 'dataset_consumes_1_never_scheduled', 'dataset_consumes_unknown_never_scheduled', 'consume_1_and_2_with_dataset_expressions', 'dataset_consumes_1', 'dataset_produces_1', 'consume_1_or_2_with_dataset_expressions', 'dataset_produces_2', 'conditional_dataset_and_time_based_timetable', 'dataset_consumes_1_and_2' retrieved from /home/dataScience/Projects/Pipeline/venv/lib/python3.10/site-packages/airflow/example_dags/example_datasets.py
[2025-02-19T13:45:42.064-0600] {logging_mixin.py:190} INFO - [2025-02-19T13:45:42.063-0600] {override.py:1930} INFO - Created Permission View: can edit on DAG:consume_1_or_both_2_and_3_with_dataset_expressions
[2025-02-19T13:45:42.091-0600] {logging_mixin.py:190} INFO - [2025-02-19T13:45:42.090-0600] {override.py:1930} INFO - Created Permission View: can delete on DAG:consume_1_or_both_2_and_3_with_dataset_expressions
[2025-02-19T13:45:42.118-0600] {logging_mixin.py:190} INFO - [2025-02-19T13:45:42.117-0600] {override.py:1930} INFO - Created Permission View: can read on DAG:consume_1_or_both_2_and_3_with_dataset_expressions
[2025-02-19T13:45:42.155-0600] {logging_mixin.py:190} INFO - [2025-02-19T13:45:42.154-0600] {override.py:1930} INFO - Created Permission View: can delete on DAG Run:consume_1_or_both_2_and_3_with_dataset_expressions
[2025-02-19T13:45:42.177-0600] {logging_mixin.py:190} INFO - [2025-02-19T13:45:42.176-0600] {override.py:1930} INFO - Created Permission View: menu access on DAG Run:consume_1_or_both_2_and_3_with_dataset_expressions
[2025-02-19T13:45:42.206-0600] {logging_mixin.py:190} INFO - [2025-02-19T13:45:42.205-0600] {override.py:1930} INFO - Created Permission View: can create on DAG Run:consume_1_or_both_2_and_3_with_dataset_expressions
[2025-02-19T13:45:42.246-0600] {logging_mixin.py:190} INFO - [2025-02-19T13:45:42.244-0600] {override.py:1930} INFO - Created Permission View: can read on DAG Run:consume_1_or_both_2_and_3_with_dataset_expressions
[2025-02-19T13:45:42.311-0600] {logging_mixin.py:190} INFO - [2025-02-19T13:45:42.310-0600] {override.py:1930} INFO - Created Permission View: can edit on DAG:dataset_consumes_1_never_scheduled
[2025-02-19T13:45:42.352-0600] {logging_mixin.py:190} INFO - [2025-02-19T13:45:42.350-0600] {override.py:1930} INFO - Created Permission View: can delete on DAG:dataset_consumes_1_never_scheduled
[2025-02-19T13:45:42.380-0600] {logging_mixin.py:190} INFO - [2025-02-19T13:45:42.379-0600] {override.py:1930} INFO - Created Permission View: can read on DAG:dataset_consumes_1_never_scheduled
[2025-02-19T13:45:42.410-0600] {logging_mixin.py:190} INFO - [2025-02-19T13:45:42.410-0600] {override.py:1930} INFO - Created Permission View: can delete on DAG Run:dataset_consumes_1_never_scheduled
[2025-02-19T13:45:42.428-0600] {logging_mixin.py:190} INFO - [2025-02-19T13:45:42.428-0600] {override.py:1930} INFO - Created Permission View: menu access on DAG Run:dataset_consumes_1_never_scheduled
[2025-02-19T13:45:42.448-0600] {logging_mixin.py:190} INFO - [2025-02-19T13:45:42.448-0600] {override.py:1930} INFO - Created Permission View: can create on DAG Run:dataset_consumes_1_never_scheduled
[2025-02-19T13:45:42.468-0600] {logging_mixin.py:190} INFO - [2025-02-19T13:45:42.467-0600] {override.py:1930} INFO - Created Permission View: can read on DAG Run:dataset_consumes_1_never_scheduled
[2025-02-19T13:45:42.506-0600] {logging_mixin.py:190} INFO - [2025-02-19T13:45:42.506-0600] {override.py:1930} INFO - Created Permission View: can edit on DAG:dataset_consumes_unknown_never_scheduled
[2025-02-19T13:45:42.524-0600] {logging_mixin.py:190} INFO - [2025-02-19T13:45:42.523-0600] {override.py:1930} INFO - Created Permission View: can delete on DAG:dataset_consumes_unknown_never_scheduled
[2025-02-19T13:45:42.542-0600] {logging_mixin.py:190} INFO - [2025-02-19T13:45:42.541-0600] {override.py:1930} INFO - Created Permission View: can read on DAG:dataset_consumes_unknown_never_scheduled
[2025-02-19T13:45:42.570-0600] {logging_mixin.py:190} INFO - [2025-02-19T13:45:42.570-0600] {override.py:1930} INFO - Created Permission View: can delete on DAG Run:dataset_consumes_unknown_never_scheduled
[2025-02-19T13:45:42.589-0600] {logging_mixin.py:190} INFO - [2025-02-19T13:45:42.588-0600] {override.py:1930} INFO - Created Permission View: menu access on DAG Run:dataset_consumes_unknown_never_scheduled
[2025-02-19T13:45:42.608-0600] {logging_mixin.py:190} INFO - [2025-02-19T13:45:42.607-0600] {override.py:1930} INFO - Created Permission View: can create on DAG Run:dataset_consumes_unknown_never_scheduled
[2025-02-19T13:45:42.627-0600] {logging_mixin.py:190} INFO - [2025-02-19T13:45:42.626-0600] {override.py:1930} INFO - Created Permission View: can read on DAG Run:dataset_consumes_unknown_never_scheduled
[2025-02-19T13:45:42.667-0600] {logging_mixin.py:190} INFO - [2025-02-19T13:45:42.665-0600] {override.py:1930} INFO - Created Permission View: can edit on DAG:consume_1_and_2_with_dataset_expressions
[2025-02-19T13:45:42.689-0600] {logging_mixin.py:190} INFO - [2025-02-19T13:45:42.688-0600] {override.py:1930} INFO - Created Permission View: can delete on DAG:consume_1_and_2_with_dataset_expressions
[2025-02-19T13:45:42.709-0600] {logging_mixin.py:190} INFO - [2025-02-19T13:45:42.708-0600] {override.py:1930} INFO - Created Permission View: can read on DAG:consume_1_and_2_with_dataset_expressions
[2025-02-19T13:45:42.744-0600] {logging_mixin.py:190} INFO - [2025-02-19T13:45:42.744-0600] {override.py:1930} INFO - Created Permission View: can delete on DAG Run:consume_1_and_2_with_dataset_expressions
[2025-02-19T13:45:42.767-0600] {logging_mixin.py:190} INFO - [2025-02-19T13:45:42.766-0600] {override.py:1930} INFO - Created Permission View: menu access on DAG Run:consume_1_and_2_with_dataset_expressions
[2025-02-19T13:45:42.800-0600] {logging_mixin.py:190} INFO - [2025-02-19T13:45:42.799-0600] {override.py:1930} INFO - Created Permission View: can create on DAG Run:consume_1_and_2_with_dataset_expressions
[2025-02-19T13:45:42.839-0600] {logging_mixin.py:190} INFO - [2025-02-19T13:45:42.838-0600] {override.py:1930} INFO - Created Permission View: can read on DAG Run:consume_1_and_2_with_dataset_expressions
[2025-02-19T13:45:42.901-0600] {logging_mixin.py:190} INFO - [2025-02-19T13:45:42.900-0600] {override.py:1930} INFO - Created Permission View: can edit on DAG:dataset_consumes_1
[2025-02-19T13:45:42.927-0600] {logging_mixin.py:190} INFO - [2025-02-19T13:45:42.925-0600] {override.py:1930} INFO - Created Permission View: can delete on DAG:dataset_consumes_1
[2025-02-19T13:45:42.962-0600] {logging_mixin.py:190} INFO - [2025-02-19T13:45:42.960-0600] {override.py:1930} INFO - Created Permission View: can read on DAG:dataset_consumes_1
[2025-02-19T13:45:42.997-0600] {logging_mixin.py:190} INFO - [2025-02-19T13:45:42.997-0600] {override.py:1930} INFO - Created Permission View: can delete on DAG Run:dataset_consumes_1
[2025-02-19T13:45:43.023-0600] {logging_mixin.py:190} INFO - [2025-02-19T13:45:43.022-0600] {override.py:1930} INFO - Created Permission View: menu access on DAG Run:dataset_consumes_1
[2025-02-19T13:45:43.045-0600] {logging_mixin.py:190} INFO - [2025-02-19T13:45:43.045-0600] {override.py:1930} INFO - Created Permission View: can create on DAG Run:dataset_consumes_1
[2025-02-19T13:45:43.067-0600] {logging_mixin.py:190} INFO - [2025-02-19T13:45:43.067-0600] {override.py:1930} INFO - Created Permission View: can read on DAG Run:dataset_consumes_1
[2025-02-19T13:45:43.105-0600] {logging_mixin.py:190} INFO - [2025-02-19T13:45:43.104-0600] {override.py:1930} INFO - Created Permission View: can edit on DAG:dataset_produces_1
[2025-02-19T13:45:43.124-0600] {logging_mixin.py:190} INFO - [2025-02-19T13:45:43.123-0600] {override.py:1930} INFO - Created Permission View: can delete on DAG:dataset_produces_1
[2025-02-19T13:45:43.142-0600] {logging_mixin.py:190} INFO - [2025-02-19T13:45:43.141-0600] {override.py:1930} INFO - Created Permission View: can read on DAG:dataset_produces_1
[2025-02-19T13:45:43.170-0600] {logging_mixin.py:190} INFO - [2025-02-19T13:45:43.170-0600] {override.py:1930} INFO - Created Permission View: can delete on DAG Run:dataset_produces_1
[2025-02-19T13:45:43.189-0600] {logging_mixin.py:190} INFO - [2025-02-19T13:45:43.188-0600] {override.py:1930} INFO - Created Permission View: menu access on DAG Run:dataset_produces_1
[2025-02-19T13:45:43.210-0600] {logging_mixin.py:190} INFO - [2025-02-19T13:45:43.209-0600] {override.py:1930} INFO - Created Permission View: can create on DAG Run:dataset_produces_1
[2025-02-19T13:45:43.229-0600] {logging_mixin.py:190} INFO - [2025-02-19T13:45:43.228-0600] {override.py:1930} INFO - Created Permission View: can read on DAG Run:dataset_produces_1
[2025-02-19T13:45:43.268-0600] {logging_mixin.py:190} INFO - [2025-02-19T13:45:43.267-0600] {override.py:1930} INFO - Created Permission View: can edit on DAG:consume_1_or_2_with_dataset_expressions
[2025-02-19T13:45:43.285-0600] {logging_mixin.py:190} INFO - [2025-02-19T13:45:43.285-0600] {override.py:1930} INFO - Created Permission View: can delete on DAG:consume_1_or_2_with_dataset_expressions
[2025-02-19T13:45:43.304-0600] {logging_mixin.py:190} INFO - [2025-02-19T13:45:43.303-0600] {override.py:1930} INFO - Created Permission View: can read on DAG:consume_1_or_2_with_dataset_expressions
[2025-02-19T13:45:43.331-0600] {logging_mixin.py:190} INFO - [2025-02-19T13:45:43.330-0600] {override.py:1930} INFO - Created Permission View: can delete on DAG Run:consume_1_or_2_with_dataset_expressions
[2025-02-19T13:45:43.349-0600] {logging_mixin.py:190} INFO - [2025-02-19T13:45:43.349-0600] {override.py:1930} INFO - Created Permission View: menu access on DAG Run:consume_1_or_2_with_dataset_expressions
[2025-02-19T13:45:43.370-0600] {logging_mixin.py:190} INFO - [2025-02-19T13:45:43.369-0600] {override.py:1930} INFO - Created Permission View: can create on DAG Run:consume_1_or_2_with_dataset_expressions
[2025-02-19T13:45:43.391-0600] {logging_mixin.py:190} INFO - [2025-02-19T13:45:43.390-0600] {override.py:1930} INFO - Created Permission View: can read on DAG Run:consume_1_or_2_with_dataset_expressions
[2025-02-19T13:45:43.438-0600] {logging_mixin.py:190} INFO - [2025-02-19T13:45:43.438-0600] {override.py:1930} INFO - Created Permission View: can edit on DAG:dataset_produces_2
[2025-02-19T13:45:43.463-0600] {logging_mixin.py:190} INFO - [2025-02-19T13:45:43.463-0600] {override.py:1930} INFO - Created Permission View: can delete on DAG:dataset_produces_2
[2025-02-19T13:45:43.483-0600] {logging_mixin.py:190} INFO - [2025-02-19T13:45:43.482-0600] {override.py:1930} INFO - Created Permission View: can read on DAG:dataset_produces_2
[2025-02-19T13:45:43.512-0600] {logging_mixin.py:190} INFO - [2025-02-19T13:45:43.511-0600] {override.py:1930} INFO - Created Permission View: can delete on DAG Run:dataset_produces_2
[2025-02-19T13:45:43.530-0600] {logging_mixin.py:190} INFO - [2025-02-19T13:45:43.529-0600] {override.py:1930} INFO - Created Permission View: menu access on DAG Run:dataset_produces_2
[2025-02-19T13:45:43.554-0600] {logging_mixin.py:190} INFO - [2025-02-19T13:45:43.553-0600] {override.py:1930} INFO - Created Permission View: can create on DAG Run:dataset_produces_2
[2025-02-19T13:45:43.574-0600] {logging_mixin.py:190} INFO - [2025-02-19T13:45:43.574-0600] {override.py:1930} INFO - Created Permission View: can read on DAG Run:dataset_produces_2
[2025-02-19T13:45:43.615-0600] {logging_mixin.py:190} INFO - [2025-02-19T13:45:43.614-0600] {override.py:1930} INFO - Created Permission View: can edit on DAG:conditional_dataset_and_time_based_timetable
[2025-02-19T13:45:43.635-0600] {logging_mixin.py:190} INFO - [2025-02-19T13:45:43.633-0600] {override.py:1930} INFO - Created Permission View: can delete on DAG:conditional_dataset_and_time_based_timetable
[2025-02-19T13:45:43.654-0600] {logging_mixin.py:190} INFO - [2025-02-19T13:45:43.653-0600] {override.py:1930} INFO - Created Permission View: can read on DAG:conditional_dataset_and_time_based_timetable
[2025-02-19T13:45:43.682-0600] {logging_mixin.py:190} INFO - [2025-02-19T13:45:43.681-0600] {override.py:1930} INFO - Created Permission View: can delete on DAG Run:conditional_dataset_and_time_based_timetable
[2025-02-19T13:45:43.701-0600] {logging_mixin.py:190} INFO - [2025-02-19T13:45:43.700-0600] {override.py:1930} INFO - Created Permission View: menu access on DAG Run:conditional_dataset_and_time_based_timetable
[2025-02-19T13:45:43.721-0600] {logging_mixin.py:190} INFO - [2025-02-19T13:45:43.720-0600] {override.py:1930} INFO - Created Permission View: can create on DAG Run:conditional_dataset_and_time_based_timetable
[2025-02-19T13:45:43.738-0600] {logging_mixin.py:190} INFO - [2025-02-19T13:45:43.737-0600] {override.py:1930} INFO - Created Permission View: can read on DAG Run:conditional_dataset_and_time_based_timetable
[2025-02-19T13:45:43.777-0600] {logging_mixin.py:190} INFO - [2025-02-19T13:45:43.776-0600] {override.py:1930} INFO - Created Permission View: can edit on DAG:dataset_consumes_1_and_2
[2025-02-19T13:45:43.796-0600] {logging_mixin.py:190} INFO - [2025-02-19T13:45:43.796-0600] {override.py:1930} INFO - Created Permission View: can delete on DAG:dataset_consumes_1_and_2
[2025-02-19T13:45:43.818-0600] {logging_mixin.py:190} INFO - [2025-02-19T13:45:43.817-0600] {override.py:1930} INFO - Created Permission View: can read on DAG:dataset_consumes_1_and_2
[2025-02-19T13:45:43.850-0600] {logging_mixin.py:190} INFO - [2025-02-19T13:45:43.849-0600] {override.py:1930} INFO - Created Permission View: can delete on DAG Run:dataset_consumes_1_and_2
[2025-02-19T13:45:43.870-0600] {logging_mixin.py:190} INFO - [2025-02-19T13:45:43.870-0600] {override.py:1930} INFO - Created Permission View: menu access on DAG Run:dataset_consumes_1_and_2
[2025-02-19T13:45:43.891-0600] {logging_mixin.py:190} INFO - [2025-02-19T13:45:43.890-0600] {override.py:1930} INFO - Created Permission View: can create on DAG Run:dataset_consumes_1_and_2
[2025-02-19T13:45:43.911-0600] {logging_mixin.py:190} INFO - [2025-02-19T13:45:43.911-0600] {override.py:1930} INFO - Created Permission View: can read on DAG Run:dataset_consumes_1_and_2
[2025-02-19T13:45:43.912-0600] {logging_mixin.py:190} INFO - [2025-02-19T13:45:43.912-0600] {dag.py:3239} INFO - Sync 10 DAGs
[2025-02-19T13:45:43.937-0600] {logging_mixin.py:190} INFO - [2025-02-19T13:45:43.937-0600] {dag.py:3262} INFO - Creating ORM DAG for dataset_produces_1
[2025-02-19T13:45:43.938-0600] {logging_mixin.py:190} INFO - [2025-02-19T13:45:43.938-0600] {dag.py:3262} INFO - Creating ORM DAG for dataset_consumes_unknown_never_scheduled
[2025-02-19T13:45:43.939-0600] {logging_mixin.py:190} INFO - [2025-02-19T13:45:43.939-0600] {dag.py:3262} INFO - Creating ORM DAG for dataset_consumes_1
[2025-02-19T13:45:43.940-0600] {logging_mixin.py:190} INFO - [2025-02-19T13:45:43.940-0600] {dag.py:3262} INFO - Creating ORM DAG for dataset_consumes_1_never_scheduled
[2025-02-19T13:45:43.941-0600] {logging_mixin.py:190} INFO - [2025-02-19T13:45:43.941-0600] {dag.py:3262} INFO - Creating ORM DAG for consume_1_or_2_with_dataset_expressions
[2025-02-19T13:45:43.942-0600] {logging_mixin.py:190} INFO - [2025-02-19T13:45:43.942-0600] {dag.py:3262} INFO - Creating ORM DAG for conditional_dataset_and_time_based_timetable
[2025-02-19T13:45:43.943-0600] {logging_mixin.py:190} INFO - [2025-02-19T13:45:43.943-0600] {dag.py:3262} INFO - Creating ORM DAG for dataset_consumes_1_and_2
[2025-02-19T13:45:43.944-0600] {logging_mixin.py:190} INFO - [2025-02-19T13:45:43.944-0600] {dag.py:3262} INFO - Creating ORM DAG for consume_1_and_2_with_dataset_expressions
[2025-02-19T13:45:43.945-0600] {logging_mixin.py:190} INFO - [2025-02-19T13:45:43.945-0600] {dag.py:3262} INFO - Creating ORM DAG for dataset_produces_2
[2025-02-19T13:45:43.946-0600] {logging_mixin.py:190} INFO - [2025-02-19T13:45:43.946-0600] {dag.py:3262} INFO - Creating ORM DAG for consume_1_or_both_2_and_3_with_dataset_expressions
[2025-02-19T13:45:43.962-0600] {logging_mixin.py:190} INFO - [2025-02-19T13:45:43.962-0600] {dag.py:4180} INFO - Setting next_dagrun for conditional_dataset_and_time_based_timetable to 2025-02-19 01:00:00+00:00, run_after=2025-02-19 01:00:00+00:00
[2025-02-19T13:45:43.963-0600] {logging_mixin.py:190} INFO - [2025-02-19T13:45:43.963-0600] {dag.py:4180} INFO - Setting next_dagrun for consume_1_and_2_with_dataset_expressions to None, run_after=None
[2025-02-19T13:45:43.964-0600] {logging_mixin.py:190} INFO - [2025-02-19T13:45:43.964-0600] {dag.py:4180} INFO - Setting next_dagrun for consume_1_or_2_with_dataset_expressions to None, run_after=None
[2025-02-19T13:45:43.965-0600] {logging_mixin.py:190} INFO - [2025-02-19T13:45:43.965-0600] {dag.py:4180} INFO - Setting next_dagrun for consume_1_or_both_2_and_3_with_dataset_expressions to None, run_after=None
[2025-02-19T13:45:43.966-0600] {logging_mixin.py:190} INFO - [2025-02-19T13:45:43.966-0600] {dag.py:4180} INFO - Setting next_dagrun for dataset_consumes_1 to None, run_after=None
[2025-02-19T13:45:43.968-0600] {logging_mixin.py:190} INFO - [2025-02-19T13:45:43.967-0600] {dag.py:4180} INFO - Setting next_dagrun for dataset_consumes_1_and_2 to None, run_after=None
[2025-02-19T13:45:43.969-0600] {logging_mixin.py:190} INFO - [2025-02-19T13:45:43.969-0600] {dag.py:4180} INFO - Setting next_dagrun for dataset_consumes_1_never_scheduled to None, run_after=None
[2025-02-19T13:45:43.970-0600] {logging_mixin.py:190} INFO - [2025-02-19T13:45:43.970-0600] {dag.py:4180} INFO - Setting next_dagrun for dataset_consumes_unknown_never_scheduled to None, run_after=None
[2025-02-19T13:45:43.974-0600] {logging_mixin.py:190} INFO - [2025-02-19T13:45:43.973-0600] {dag.py:4180} INFO - Setting next_dagrun for dataset_produces_1 to 2025-02-18 00:00:00+00:00, run_after=2025-02-19 00:00:00+00:00
[2025-02-19T13:45:43.975-0600] {logging_mixin.py:190} INFO - [2025-02-19T13:45:43.975-0600] {dag.py:4180} INFO - Setting next_dagrun for dataset_produces_2 to None, run_after=None
[2025-02-19T13:45:44.039-0600] {processor.py:208} INFO - Processing /home/dataScience/Projects/Pipeline/venv/lib/python3.10/site-packages/airflow/example_dags/example_datasets.py took 2.490 seconds
