[2025-02-19T13:45:52.901-0600] {processor.py:186} INFO - Started process (PID=473317) to work on /home/dataScience/Projects/Pipeline/venv/lib/python3.10/site-packages/airflow/example_dags/example_dataset_alias.py
[2025-02-19T13:45:52.903-0600] {processor.py:914} INFO - Processing file /home/dataScience/Projects/Pipeline/venv/lib/python3.10/site-packages/airflow/example_dags/example_dataset_alias.py for tasks to queue
[2025-02-19T13:45:52.906-0600] {logging_mixin.py:190} INFO - [2025-02-19T13:45:52.906-0600] {dagbag.py:588} INFO - Filling up the DagBag from /home/dataScience/Projects/Pipeline/venv/lib/python3.10/site-packages/airflow/example_dags/example_dataset_alias.py
[2025-02-19T13:45:53.078-0600] {processor.py:925} INFO - DAG(s) 'dataset_s3_bucket_producer', 'dataset_alias_example_alias_consumer', 'dataset_alias_example_alias_producer', 'dataset_s3_bucket_consumer' retrieved from /home/dataScience/Projects/Pipeline/venv/lib/python3.10/site-packages/airflow/example_dags/example_dataset_alias.py
[2025-02-19T13:45:53.234-0600] {logging_mixin.py:190} INFO - [2025-02-19T13:45:53.233-0600] {override.py:1930} INFO - Created Permission View: can edit on DAG:dataset_s3_bucket_producer
[2025-02-19T13:45:53.257-0600] {logging_mixin.py:190} INFO - [2025-02-19T13:45:53.255-0600] {override.py:1930} INFO - Created Permission View: can delete on DAG:dataset_s3_bucket_producer
[2025-02-19T13:45:53.277-0600] {logging_mixin.py:190} INFO - [2025-02-19T13:45:53.276-0600] {override.py:1930} INFO - Created Permission View: can read on DAG:dataset_s3_bucket_producer
[2025-02-19T13:45:53.307-0600] {logging_mixin.py:190} INFO - [2025-02-19T13:45:53.306-0600] {override.py:1930} INFO - Created Permission View: can delete on DAG Run:dataset_s3_bucket_producer
[2025-02-19T13:45:53.327-0600] {logging_mixin.py:190} INFO - [2025-02-19T13:45:53.326-0600] {override.py:1930} INFO - Created Permission View: menu access on DAG Run:dataset_s3_bucket_producer
[2025-02-19T13:45:53.345-0600] {logging_mixin.py:190} INFO - [2025-02-19T13:45:53.345-0600] {override.py:1930} INFO - Created Permission View: can create on DAG Run:dataset_s3_bucket_producer
[2025-02-19T13:45:53.363-0600] {logging_mixin.py:190} INFO - [2025-02-19T13:45:53.363-0600] {override.py:1930} INFO - Created Permission View: can read on DAG Run:dataset_s3_bucket_producer
[2025-02-19T13:45:53.403-0600] {logging_mixin.py:190} INFO - [2025-02-19T13:45:53.402-0600] {override.py:1930} INFO - Created Permission View: can edit on DAG:dataset_alias_example_alias_consumer
[2025-02-19T13:45:53.422-0600] {logging_mixin.py:190} INFO - [2025-02-19T13:45:53.420-0600] {override.py:1930} INFO - Created Permission View: can delete on DAG:dataset_alias_example_alias_consumer
[2025-02-19T13:45:53.440-0600] {logging_mixin.py:190} INFO - [2025-02-19T13:45:53.440-0600] {override.py:1930} INFO - Created Permission View: can read on DAG:dataset_alias_example_alias_consumer
[2025-02-19T13:45:53.470-0600] {logging_mixin.py:190} INFO - [2025-02-19T13:45:53.470-0600] {override.py:1930} INFO - Created Permission View: can delete on DAG Run:dataset_alias_example_alias_consumer
[2025-02-19T13:45:53.489-0600] {logging_mixin.py:190} INFO - [2025-02-19T13:45:53.488-0600] {override.py:1930} INFO - Created Permission View: menu access on DAG Run:dataset_alias_example_alias_consumer
[2025-02-19T13:45:53.509-0600] {logging_mixin.py:190} INFO - [2025-02-19T13:45:53.507-0600] {override.py:1930} INFO - Created Permission View: can create on DAG Run:dataset_alias_example_alias_consumer
[2025-02-19T13:45:53.531-0600] {logging_mixin.py:190} INFO - [2025-02-19T13:45:53.530-0600] {override.py:1930} INFO - Created Permission View: can read on DAG Run:dataset_alias_example_alias_consumer
[2025-02-19T13:45:53.573-0600] {logging_mixin.py:190} INFO - [2025-02-19T13:45:53.572-0600] {override.py:1930} INFO - Created Permission View: can edit on DAG:dataset_alias_example_alias_producer
[2025-02-19T13:45:53.591-0600] {logging_mixin.py:190} INFO - [2025-02-19T13:45:53.590-0600] {override.py:1930} INFO - Created Permission View: can delete on DAG:dataset_alias_example_alias_producer
[2025-02-19T13:45:53.608-0600] {logging_mixin.py:190} INFO - [2025-02-19T13:45:53.607-0600] {override.py:1930} INFO - Created Permission View: can read on DAG:dataset_alias_example_alias_producer
[2025-02-19T13:45:53.637-0600] {logging_mixin.py:190} INFO - [2025-02-19T13:45:53.637-0600] {override.py:1930} INFO - Created Permission View: can delete on DAG Run:dataset_alias_example_alias_producer
[2025-02-19T13:45:53.656-0600] {logging_mixin.py:190} INFO - [2025-02-19T13:45:53.655-0600] {override.py:1930} INFO - Created Permission View: menu access on DAG Run:dataset_alias_example_alias_producer
[2025-02-19T13:45:53.674-0600] {logging_mixin.py:190} INFO - [2025-02-19T13:45:53.673-0600] {override.py:1930} INFO - Created Permission View: can create on DAG Run:dataset_alias_example_alias_producer
[2025-02-19T13:45:53.696-0600] {logging_mixin.py:190} INFO - [2025-02-19T13:45:53.694-0600] {override.py:1930} INFO - Created Permission View: can read on DAG Run:dataset_alias_example_alias_producer
[2025-02-19T13:45:53.738-0600] {logging_mixin.py:190} INFO - [2025-02-19T13:45:53.737-0600] {override.py:1930} INFO - Created Permission View: can edit on DAG:dataset_s3_bucket_consumer
[2025-02-19T13:45:53.757-0600] {logging_mixin.py:190} INFO - [2025-02-19T13:45:53.756-0600] {override.py:1930} INFO - Created Permission View: can delete on DAG:dataset_s3_bucket_consumer
[2025-02-19T13:45:53.776-0600] {logging_mixin.py:190} INFO - [2025-02-19T13:45:53.775-0600] {override.py:1930} INFO - Created Permission View: can read on DAG:dataset_s3_bucket_consumer
[2025-02-19T13:45:53.804-0600] {logging_mixin.py:190} INFO - [2025-02-19T13:45:53.803-0600] {override.py:1930} INFO - Created Permission View: can delete on DAG Run:dataset_s3_bucket_consumer
[2025-02-19T13:45:53.824-0600] {logging_mixin.py:190} INFO - [2025-02-19T13:45:53.822-0600] {override.py:1930} INFO - Created Permission View: menu access on DAG Run:dataset_s3_bucket_consumer
[2025-02-19T13:45:53.844-0600] {logging_mixin.py:190} INFO - [2025-02-19T13:45:53.844-0600] {override.py:1930} INFO - Created Permission View: can create on DAG Run:dataset_s3_bucket_consumer
[2025-02-19T13:45:53.862-0600] {logging_mixin.py:190} INFO - [2025-02-19T13:45:53.861-0600] {override.py:1930} INFO - Created Permission View: can read on DAG Run:dataset_s3_bucket_consumer
[2025-02-19T13:45:53.863-0600] {logging_mixin.py:190} INFO - [2025-02-19T13:45:53.862-0600] {dag.py:3239} INFO - Sync 4 DAGs
[2025-02-19T13:45:53.879-0600] {logging_mixin.py:190} INFO - [2025-02-19T13:45:53.878-0600] {dag.py:3262} INFO - Creating ORM DAG for dataset_alias_example_alias_producer
[2025-02-19T13:45:53.880-0600] {logging_mixin.py:190} INFO - [2025-02-19T13:45:53.879-0600] {dag.py:3262} INFO - Creating ORM DAG for dataset_s3_bucket_producer
[2025-02-19T13:45:53.880-0600] {logging_mixin.py:190} INFO - [2025-02-19T13:45:53.880-0600] {dag.py:3262} INFO - Creating ORM DAG for dataset_s3_bucket_consumer
[2025-02-19T13:45:53.881-0600] {logging_mixin.py:190} INFO - [2025-02-19T13:45:53.881-0600] {dag.py:3262} INFO - Creating ORM DAG for dataset_alias_example_alias_consumer
[2025-02-19T13:45:53.894-0600] {logging_mixin.py:190} INFO - [2025-02-19T13:45:53.894-0600] {dag.py:4180} INFO - Setting next_dagrun for dataset_alias_example_alias_consumer to None, run_after=None
[2025-02-19T13:45:53.895-0600] {logging_mixin.py:190} INFO - [2025-02-19T13:45:53.895-0600] {dag.py:4180} INFO - Setting next_dagrun for dataset_alias_example_alias_producer to None, run_after=None
[2025-02-19T13:45:53.896-0600] {logging_mixin.py:190} INFO - [2025-02-19T13:45:53.896-0600] {dag.py:4180} INFO - Setting next_dagrun for dataset_s3_bucket_consumer to None, run_after=None
[2025-02-19T13:45:53.897-0600] {logging_mixin.py:190} INFO - [2025-02-19T13:45:53.897-0600] {dag.py:4180} INFO - Setting next_dagrun for dataset_s3_bucket_producer to None, run_after=None
[2025-02-19T13:45:53.953-0600] {processor.py:208} INFO - Processing /home/dataScience/Projects/Pipeline/venv/lib/python3.10/site-packages/airflow/example_dags/example_dataset_alias.py took 1.062 seconds
