[2025-02-19T13:46:00.485-0600] {processor.py:186} INFO - Started process (PID=473352) to work on /home/dataScience/Projects/Pipeline/venv/lib/python3.10/site-packages/airflow/example_dags/example_branch_datetime_operator.py
[2025-02-19T13:46:00.486-0600] {processor.py:914} INFO - Processing file /home/dataScience/Projects/Pipeline/venv/lib/python3.10/site-packages/airflow/example_dags/example_branch_datetime_operator.py for tasks to queue
[2025-02-19T13:46:00.631-0600] {logging_mixin.py:190} INFO - [2025-02-19T13:46:00.630-0600] {dagbag.py:588} INFO - Filling up the DagBag from /home/dataScience/Projects/Pipeline/venv/lib/python3.10/site-packages/airflow/example_dags/example_branch_datetime_operator.py
[2025-02-19T13:46:00.651-0600] {processor.py:925} INFO - DAG(s) 'example_branch_datetime_operator_3', 'example_branch_datetime_operator', 'example_branch_datetime_operator_2' retrieved from /home/dataScience/Projects/Pipeline/venv/lib/python3.10/site-packages/airflow/example_dags/example_branch_datetime_operator.py
[2025-02-19T13:46:00.884-0600] {logging_mixin.py:190} INFO - [2025-02-19T13:46:00.882-0600] {override.py:1930} INFO - Created Permission View: can edit on DAG:example_branch_datetime_operator_3
[2025-02-19T13:46:00.925-0600] {logging_mixin.py:190} INFO - [2025-02-19T13:46:00.924-0600] {override.py:1930} INFO - Created Permission View: can delete on DAG:example_branch_datetime_operator_3
[2025-02-19T13:46:00.951-0600] {logging_mixin.py:190} INFO - [2025-02-19T13:46:00.950-0600] {override.py:1930} INFO - Created Permission View: can read on DAG:example_branch_datetime_operator_3
[2025-02-19T13:46:00.977-0600] {logging_mixin.py:190} INFO - [2025-02-19T13:46:00.976-0600] {override.py:1930} INFO - Created Permission View: can delete on DAG Run:example_branch_datetime_operator_3
[2025-02-19T13:46:00.996-0600] {logging_mixin.py:190} INFO - [2025-02-19T13:46:00.995-0600] {override.py:1930} INFO - Created Permission View: menu access on DAG Run:example_branch_datetime_operator_3
[2025-02-19T13:46:01.015-0600] {logging_mixin.py:190} INFO - [2025-02-19T13:46:01.015-0600] {override.py:1930} INFO - Created Permission View: can create on DAG Run:example_branch_datetime_operator_3
[2025-02-19T13:46:01.037-0600] {logging_mixin.py:190} INFO - [2025-02-19T13:46:01.036-0600] {override.py:1930} INFO - Created Permission View: can read on DAG Run:example_branch_datetime_operator_3
[2025-02-19T13:46:01.087-0600] {logging_mixin.py:190} INFO - [2025-02-19T13:46:01.086-0600] {override.py:1930} INFO - Created Permission View: can edit on DAG:example_branch_datetime_operator
[2025-02-19T13:46:01.114-0600] {logging_mixin.py:190} INFO - [2025-02-19T13:46:01.113-0600] {override.py:1930} INFO - Created Permission View: can delete on DAG:example_branch_datetime_operator
[2025-02-19T13:46:01.138-0600] {logging_mixin.py:190} INFO - [2025-02-19T13:46:01.137-0600] {override.py:1930} INFO - Created Permission View: can read on DAG:example_branch_datetime_operator
[2025-02-19T13:46:01.171-0600] {logging_mixin.py:190} INFO - [2025-02-19T13:46:01.170-0600] {override.py:1930} INFO - Created Permission View: can delete on DAG Run:example_branch_datetime_operator
[2025-02-19T13:46:01.195-0600] {logging_mixin.py:190} INFO - [2025-02-19T13:46:01.194-0600] {override.py:1930} INFO - Created Permission View: menu access on DAG Run:example_branch_datetime_operator
[2025-02-19T13:46:01.214-0600] {logging_mixin.py:190} INFO - [2025-02-19T13:46:01.213-0600] {override.py:1930} INFO - Created Permission View: can create on DAG Run:example_branch_datetime_operator
[2025-02-19T13:46:01.234-0600] {logging_mixin.py:190} INFO - [2025-02-19T13:46:01.233-0600] {override.py:1930} INFO - Created Permission View: can read on DAG Run:example_branch_datetime_operator
[2025-02-19T13:46:01.273-0600] {logging_mixin.py:190} INFO - [2025-02-19T13:46:01.272-0600] {override.py:1930} INFO - Created Permission View: can edit on DAG:example_branch_datetime_operator_2
[2025-02-19T13:46:01.291-0600] {logging_mixin.py:190} INFO - [2025-02-19T13:46:01.291-0600] {override.py:1930} INFO - Created Permission View: can delete on DAG:example_branch_datetime_operator_2
[2025-02-19T13:46:01.309-0600] {logging_mixin.py:190} INFO - [2025-02-19T13:46:01.308-0600] {override.py:1930} INFO - Created Permission View: can read on DAG:example_branch_datetime_operator_2
[2025-02-19T13:46:01.337-0600] {logging_mixin.py:190} INFO - [2025-02-19T13:46:01.336-0600] {override.py:1930} INFO - Created Permission View: can delete on DAG Run:example_branch_datetime_operator_2
[2025-02-19T13:46:01.357-0600] {logging_mixin.py:190} INFO - [2025-02-19T13:46:01.356-0600] {override.py:1930} INFO - Created Permission View: menu access on DAG Run:example_branch_datetime_operator_2
[2025-02-19T13:46:01.377-0600] {logging_mixin.py:190} INFO - [2025-02-19T13:46:01.376-0600] {override.py:1930} INFO - Created Permission View: can create on DAG Run:example_branch_datetime_operator_2
[2025-02-19T13:46:01.397-0600] {logging_mixin.py:190} INFO - [2025-02-19T13:46:01.396-0600] {override.py:1930} INFO - Created Permission View: can read on DAG Run:example_branch_datetime_operator_2
[2025-02-19T13:46:01.398-0600] {logging_mixin.py:190} INFO - [2025-02-19T13:46:01.397-0600] {dag.py:3239} INFO - Sync 3 DAGs
[2025-02-19T13:46:01.417-0600] {logging_mixin.py:190} INFO - [2025-02-19T13:46:01.417-0600] {dag.py:3262} INFO - Creating ORM DAG for example_branch_datetime_operator
[2025-02-19T13:46:01.419-0600] {logging_mixin.py:190} INFO - [2025-02-19T13:46:01.418-0600] {dag.py:3262} INFO - Creating ORM DAG for example_branch_datetime_operator_2
[2025-02-19T13:46:01.420-0600] {logging_mixin.py:190} INFO - [2025-02-19T13:46:01.420-0600] {dag.py:3262} INFO - Creating ORM DAG for example_branch_datetime_operator_3
[2025-02-19T13:46:01.438-0600] {logging_mixin.py:190} INFO - [2025-02-19T13:46:01.437-0600] {dag.py:4180} INFO - Setting next_dagrun for example_branch_datetime_operator to 2025-02-18 00:00:00+00:00, run_after=2025-02-19 00:00:00+00:00
[2025-02-19T13:46:01.441-0600] {logging_mixin.py:190} INFO - [2025-02-19T13:46:01.441-0600] {dag.py:4180} INFO - Setting next_dagrun for example_branch_datetime_operator_2 to 2025-02-18 00:00:00+00:00, run_after=2025-02-19 00:00:00+00:00
[2025-02-19T13:46:01.443-0600] {logging_mixin.py:190} INFO - [2025-02-19T13:46:01.443-0600] {dag.py:4180} INFO - Setting next_dagrun for example_branch_datetime_operator_3 to 2025-02-18 00:00:00+00:00, run_after=2025-02-19 00:00:00+00:00
[2025-02-19T13:46:01.478-0600] {processor.py:208} INFO - Processing /home/dataScience/Projects/Pipeline/venv/lib/python3.10/site-packages/airflow/example_dags/example_branch_datetime_operator.py took 1.001 seconds
