[2025-02-19T13:45:24.455-0600] {processor.py:186} INFO - Started process (PID=472912) to work on /home/dataScience/Projects/Pipeline/venv/lib/python3.10/site-packages/airflow/example_dags/example_external_task_marker_dag.py
[2025-02-19T13:45:24.467-0600] {processor.py:914} INFO - Processing file /home/dataScience/Projects/Pipeline/venv/lib/python3.10/site-packages/airflow/example_dags/example_external_task_marker_dag.py for tasks to queue
[2025-02-19T13:45:24.472-0600] {logging_mixin.py:190} INFO - [2025-02-19T13:45:24.471-0600] {dagbag.py:588} INFO - Filling up the DagBag from /home/dataScience/Projects/Pipeline/venv/lib/python3.10/site-packages/airflow/example_dags/example_external_task_marker_dag.py
[2025-02-19T13:45:24.505-0600] {processor.py:925} INFO - DAG(s) 'example_external_task_marker_parent', 'example_external_task_marker_child' retrieved from /home/dataScience/Projects/Pipeline/venv/lib/python3.10/site-packages/airflow/example_dags/example_external_task_marker_dag.py
[2025-02-19T13:45:24.915-0600] {logging_mixin.py:190} INFO - [2025-02-19T13:45:24.914-0600] {override.py:1930} INFO - Created Permission View: can edit on DAG:example_external_task_marker_parent
[2025-02-19T13:45:24.943-0600] {logging_mixin.py:190} INFO - [2025-02-19T13:45:24.943-0600] {override.py:1930} INFO - Created Permission View: can delete on DAG:example_external_task_marker_parent
[2025-02-19T13:45:24.967-0600] {logging_mixin.py:190} INFO - [2025-02-19T13:45:24.966-0600] {override.py:1930} INFO - Created Permission View: can read on DAG:example_external_task_marker_parent
[2025-02-19T13:45:25.057-0600] {logging_mixin.py:190} INFO - [2025-02-19T13:45:25.056-0600] {override.py:1930} INFO - Created Permission View: can delete on DAG Run:example_external_task_marker_parent
[2025-02-19T13:45:25.077-0600] {logging_mixin.py:190} INFO - [2025-02-19T13:45:25.076-0600] {override.py:1930} INFO - Created Permission View: menu access on DAG Run:example_external_task_marker_parent
[2025-02-19T13:45:25.096-0600] {logging_mixin.py:190} INFO - [2025-02-19T13:45:25.096-0600] {override.py:1930} INFO - Created Permission View: can create on DAG Run:example_external_task_marker_parent
[2025-02-19T13:45:25.113-0600] {logging_mixin.py:190} INFO - [2025-02-19T13:45:25.112-0600] {override.py:1930} INFO - Created Permission View: can read on DAG Run:example_external_task_marker_parent
[2025-02-19T13:45:25.153-0600] {logging_mixin.py:190} INFO - [2025-02-19T13:45:25.152-0600] {override.py:1930} INFO - Created Permission View: can edit on DAG:example_external_task_marker_child
[2025-02-19T13:45:25.170-0600] {logging_mixin.py:190} INFO - [2025-02-19T13:45:25.169-0600] {override.py:1930} INFO - Created Permission View: can delete on DAG:example_external_task_marker_child
[2025-02-19T13:45:25.187-0600] {logging_mixin.py:190} INFO - [2025-02-19T13:45:25.186-0600] {override.py:1930} INFO - Created Permission View: can read on DAG:example_external_task_marker_child
[2025-02-19T13:45:25.212-0600] {logging_mixin.py:190} INFO - [2025-02-19T13:45:25.211-0600] {override.py:1930} INFO - Created Permission View: can delete on DAG Run:example_external_task_marker_child
[2025-02-19T13:45:25.228-0600] {logging_mixin.py:190} INFO - [2025-02-19T13:45:25.227-0600] {override.py:1930} INFO - Created Permission View: menu access on DAG Run:example_external_task_marker_child
[2025-02-19T13:45:25.245-0600] {logging_mixin.py:190} INFO - [2025-02-19T13:45:25.244-0600] {override.py:1930} INFO - Created Permission View: can create on DAG Run:example_external_task_marker_child
[2025-02-19T13:45:25.262-0600] {logging_mixin.py:190} INFO - [2025-02-19T13:45:25.261-0600] {override.py:1930} INFO - Created Permission View: can read on DAG Run:example_external_task_marker_child
[2025-02-19T13:45:25.263-0600] {logging_mixin.py:190} INFO - [2025-02-19T13:45:25.262-0600] {dag.py:3239} INFO - Sync 2 DAGs
[2025-02-19T13:45:25.290-0600] {logging_mixin.py:190} INFO - [2025-02-19T13:45:25.289-0600] {dag.py:3262} INFO - Creating ORM DAG for example_external_task_marker_child
[2025-02-19T13:45:25.291-0600] {logging_mixin.py:190} INFO - [2025-02-19T13:45:25.291-0600] {dag.py:3262} INFO - Creating ORM DAG for example_external_task_marker_parent
[2025-02-19T13:45:25.292-0600] {logging_mixin.py:190} INFO - [2025-02-19T13:45:25.292-0600] {dag.py:4180} INFO - Setting next_dagrun for example_external_task_marker_child to None, run_after=None
[2025-02-19T13:45:25.295-0600] {logging_mixin.py:190} INFO - [2025-02-19T13:45:25.295-0600] {dag.py:4180} INFO - Setting next_dagrun for example_external_task_marker_parent to None, run_after=None
[2025-02-19T13:45:25.344-0600] {processor.py:208} INFO - Processing /home/dataScience/Projects/Pipeline/venv/lib/python3.10/site-packages/airflow/example_dags/example_external_task_marker_dag.py took 0.911 seconds
[2025-02-19T13:46:42.194-0600] {processor.py:186} INFO - Started process (PID=473673) to work on /home/dataScience/Projects/Pipeline/venv/lib/python3.10/site-packages/airflow/example_dags/example_external_task_marker_dag.py
[2025-02-19T13:46:42.197-0600] {processor.py:914} INFO - Processing file /home/dataScience/Projects/Pipeline/venv/lib/python3.10/site-packages/airflow/example_dags/example_external_task_marker_dag.py for tasks to queue
[2025-02-19T13:46:42.202-0600] {logging_mixin.py:190} INFO - [2025-02-19T13:46:42.201-0600] {dagbag.py:588} INFO - Filling up the DagBag from /home/dataScience/Projects/Pipeline/venv/lib/python3.10/site-packages/airflow/example_dags/example_external_task_marker_dag.py
[2025-02-19T13:46:42.221-0600] {processor.py:925} INFO - DAG(s) 'example_external_task_marker_child', 'example_external_task_marker_parent' retrieved from /home/dataScience/Projects/Pipeline/venv/lib/python3.10/site-packages/airflow/example_dags/example_external_task_marker_dag.py
[2025-02-19T13:46:42.258-0600] {logging_mixin.py:190} INFO - [2025-02-19T13:46:42.257-0600] {dag.py:3239} INFO - Sync 2 DAGs
[2025-02-19T13:46:42.286-0600] {logging_mixin.py:190} INFO - [2025-02-19T13:46:42.285-0600] {dag.py:4180} INFO - Setting next_dagrun for example_external_task_marker_child to None, run_after=None
[2025-02-19T13:46:42.296-0600] {logging_mixin.py:190} INFO - [2025-02-19T13:46:42.296-0600] {dag.py:4180} INFO - Setting next_dagrun for example_external_task_marker_parent to None, run_after=None
[2025-02-19T13:46:42.349-0600] {processor.py:208} INFO - Processing /home/dataScience/Projects/Pipeline/venv/lib/python3.10/site-packages/airflow/example_dags/example_external_task_marker_dag.py took 0.169 seconds
