[2025-02-19T13:45:30.530-0600] {processor.py:186} INFO - Started process (PID=473027) to work on /home/dataScience/Projects/Pipeline/venv/lib/python3.10/site-packages/airflow/example_dags/example_complex.py
[2025-02-19T13:45:30.532-0600] {processor.py:914} INFO - Processing file /home/dataScience/Projects/Pipeline/venv/lib/python3.10/site-packages/airflow/example_dags/example_complex.py for tasks to queue
[2025-02-19T13:45:30.536-0600] {logging_mixin.py:190} INFO - [2025-02-19T13:45:30.535-0600] {dagbag.py:588} INFO - Filling up the DagBag from /home/dataScience/Projects/Pipeline/venv/lib/python3.10/site-packages/airflow/example_dags/example_complex.py
[2025-02-19T13:45:30.559-0600] {processor.py:925} INFO - DAG(s) 'example_complex' retrieved from /home/dataScience/Projects/Pipeline/venv/lib/python3.10/site-packages/airflow/example_dags/example_complex.py
[2025-02-19T13:45:31.149-0600] {logging_mixin.py:190} INFO - [2025-02-19T13:45:31.148-0600] {override.py:1930} INFO - Created Permission View: can edit on DAG:example_complex
[2025-02-19T13:45:31.176-0600] {logging_mixin.py:190} INFO - [2025-02-19T13:45:31.175-0600] {override.py:1930} INFO - Created Permission View: can delete on DAG:example_complex
[2025-02-19T13:45:31.195-0600] {logging_mixin.py:190} INFO - [2025-02-19T13:45:31.194-0600] {override.py:1930} INFO - Created Permission View: can read on DAG:example_complex
[2025-02-19T13:45:31.226-0600] {logging_mixin.py:190} INFO - [2025-02-19T13:45:31.225-0600] {override.py:1930} INFO - Created Permission View: can delete on DAG Run:example_complex
[2025-02-19T13:45:31.243-0600] {logging_mixin.py:190} INFO - [2025-02-19T13:45:31.242-0600] {override.py:1930} INFO - Created Permission View: menu access on DAG Run:example_complex
[2025-02-19T13:45:31.260-0600] {logging_mixin.py:190} INFO - [2025-02-19T13:45:31.260-0600] {override.py:1930} INFO - Created Permission View: can create on DAG Run:example_complex
[2025-02-19T13:45:31.278-0600] {logging_mixin.py:190} INFO - [2025-02-19T13:45:31.277-0600] {override.py:1930} INFO - Created Permission View: can read on DAG Run:example_complex
[2025-02-19T13:45:31.279-0600] {logging_mixin.py:190} INFO - [2025-02-19T13:45:31.278-0600] {dag.py:3239} INFO - Sync 1 DAGs
[2025-02-19T13:45:31.305-0600] {logging_mixin.py:190} INFO - [2025-02-19T13:45:31.304-0600] {dag.py:3262} INFO - Creating ORM DAG for example_complex
[2025-02-19T13:45:31.306-0600] {logging_mixin.py:190} INFO - [2025-02-19T13:45:31.306-0600] {dag.py:4180} INFO - Setting next_dagrun for example_complex to None, run_after=None
[2025-02-19T13:45:31.346-0600] {processor.py:208} INFO - Processing /home/dataScience/Projects/Pipeline/venv/lib/python3.10/site-packages/airflow/example_dags/example_complex.py took 0.825 seconds
[2025-02-19T13:46:46.045-0600] {processor.py:186} INFO - Started process (PID=473682) to work on /home/dataScience/Projects/Pipeline/venv/lib/python3.10/site-packages/airflow/example_dags/example_complex.py
[2025-02-19T13:46:46.048-0600] {processor.py:914} INFO - Processing file /home/dataScience/Projects/Pipeline/venv/lib/python3.10/site-packages/airflow/example_dags/example_complex.py for tasks to queue
[2025-02-19T13:46:46.053-0600] {logging_mixin.py:190} INFO - [2025-02-19T13:46:46.052-0600] {dagbag.py:588} INFO - Filling up the DagBag from /home/dataScience/Projects/Pipeline/venv/lib/python3.10/site-packages/airflow/example_dags/example_complex.py
[2025-02-19T13:46:46.092-0600] {processor.py:925} INFO - DAG(s) 'example_complex' retrieved from /home/dataScience/Projects/Pipeline/venv/lib/python3.10/site-packages/airflow/example_dags/example_complex.py
[2025-02-19T13:46:46.156-0600] {logging_mixin.py:190} INFO - [2025-02-19T13:46:46.155-0600] {dag.py:3239} INFO - Sync 1 DAGs
[2025-02-19T13:46:46.188-0600] {logging_mixin.py:190} INFO - [2025-02-19T13:46:46.187-0600] {dag.py:4180} INFO - Setting next_dagrun for example_complex to None, run_after=None
[2025-02-19T13:46:46.243-0600] {processor.py:208} INFO - Processing /home/dataScience/Projects/Pipeline/venv/lib/python3.10/site-packages/airflow/example_dags/example_complex.py took 0.212 seconds
