[2025-02-19T13:43:47.418-0600] {processor.py:186} INFO - Started process (PID=471795) to work on /home/dataScience/Projects/Pipeline/venv/lib/python3.10/site-packages/airflow/example_dags/example_skip_dag.py
[2025-02-19T13:43:47.420-0600] {processor.py:914} INFO - Processing file /home/dataScience/Projects/Pipeline/venv/lib/python3.10/site-packages/airflow/example_dags/example_skip_dag.py for tasks to queue
[2025-02-19T13:43:47.426-0600] {logging_mixin.py:190} INFO - [2025-02-19T13:43:47.425-0600] {dagbag.py:588} INFO - Filling up the DagBag from /home/dataScience/Projects/Pipeline/venv/lib/python3.10/site-packages/airflow/example_dags/example_skip_dag.py
[2025-02-19T13:43:47.441-0600] {processor.py:925} INFO - DAG(s) 'example_skip_dag' retrieved from /home/dataScience/Projects/Pipeline/venv/lib/python3.10/site-packages/airflow/example_dags/example_skip_dag.py
[2025-02-19T13:43:47.858-0600] {logging_mixin.py:190} INFO - [2025-02-19T13:43:47.857-0600] {override.py:1930} INFO - Created Permission View: can read on DAG:example_skip_dag
[2025-02-19T13:43:47.887-0600] {logging_mixin.py:190} INFO - [2025-02-19T13:43:47.886-0600] {override.py:1930} INFO - Created Permission View: can edit on DAG:example_skip_dag
[2025-02-19T13:43:47.912-0600] {logging_mixin.py:190} INFO - [2025-02-19T13:43:47.912-0600] {override.py:1930} INFO - Created Permission View: can delete on DAG:example_skip_dag
[2025-02-19T13:43:47.949-0600] {logging_mixin.py:190} INFO - [2025-02-19T13:43:47.948-0600] {override.py:1930} INFO - Created Permission View: can read on DAG Run:example_skip_dag
[2025-02-19T13:43:47.975-0600] {logging_mixin.py:190} INFO - [2025-02-19T13:43:47.974-0600] {override.py:1930} INFO - Created Permission View: can create on DAG Run:example_skip_dag
[2025-02-19T13:43:47.995-0600] {logging_mixin.py:190} INFO - [2025-02-19T13:43:47.995-0600] {override.py:1930} INFO - Created Permission View: menu access on DAG Run:example_skip_dag
[2025-02-19T13:43:48.017-0600] {logging_mixin.py:190} INFO - [2025-02-19T13:43:48.016-0600] {override.py:1930} INFO - Created Permission View: can delete on DAG Run:example_skip_dag
[2025-02-19T13:43:48.018-0600] {logging_mixin.py:190} INFO - [2025-02-19T13:43:48.017-0600] {dag.py:3239} INFO - Sync 1 DAGs
[2025-02-19T13:43:48.037-0600] {logging_mixin.py:190} INFO - [2025-02-19T13:43:48.036-0600] {dag.py:3262} INFO - Creating ORM DAG for example_skip_dag
[2025-02-19T13:43:48.053-0600] {logging_mixin.py:190} INFO - [2025-02-19T13:43:48.053-0600] {dag.py:4180} INFO - Setting next_dagrun for example_skip_dag to 2025-02-18 00:00:00+00:00, run_after=2025-02-19 00:00:00+00:00
[2025-02-19T13:43:48.096-0600] {processor.py:208} INFO - Processing /home/dataScience/Projects/Pipeline/venv/lib/python3.10/site-packages/airflow/example_dags/example_skip_dag.py took 0.689 seconds
[2025-02-19T13:44:47.689-0600] {processor.py:186} INFO - Started process (PID=472434) to work on /home/dataScience/Projects/Pipeline/venv/lib/python3.10/site-packages/airflow/example_dags/example_skip_dag.py
[2025-02-19T13:44:47.700-0600] {processor.py:914} INFO - Processing file /home/dataScience/Projects/Pipeline/venv/lib/python3.10/site-packages/airflow/example_dags/example_skip_dag.py for tasks to queue
[2025-02-19T13:44:47.726-0600] {logging_mixin.py:190} INFO - [2025-02-19T13:44:47.723-0600] {dagbag.py:588} INFO - Filling up the DagBag from /home/dataScience/Projects/Pipeline/venv/lib/python3.10/site-packages/airflow/example_dags/example_skip_dag.py
[2025-02-19T13:44:47.816-0600] {processor.py:925} INFO - DAG(s) 'example_skip_dag' retrieved from /home/dataScience/Projects/Pipeline/venv/lib/python3.10/site-packages/airflow/example_dags/example_skip_dag.py
[2025-02-19T13:44:47.999-0600] {logging_mixin.py:190} INFO - [2025-02-19T13:44:47.999-0600] {dag.py:3239} INFO - Sync 1 DAGs
[2025-02-19T13:44:48.103-0600] {logging_mixin.py:190} INFO - [2025-02-19T13:44:48.102-0600] {dag.py:4180} INFO - Setting next_dagrun for example_skip_dag to 2025-02-18 00:00:00+00:00, run_after=2025-02-19 00:00:00+00:00
[2025-02-19T13:44:49.184-0600] {processor.py:208} INFO - Processing /home/dataScience/Projects/Pipeline/venv/lib/python3.10/site-packages/airflow/example_dags/example_skip_dag.py took 1.529 seconds
[2025-02-19T13:46:16.863-0600] {processor.py:186} INFO - Started process (PID=473518) to work on /home/dataScience/Projects/Pipeline/venv/lib/python3.10/site-packages/airflow/example_dags/example_skip_dag.py
[2025-02-19T13:46:16.877-0600] {processor.py:914} INFO - Processing file /home/dataScience/Projects/Pipeline/venv/lib/python3.10/site-packages/airflow/example_dags/example_skip_dag.py for tasks to queue
[2025-02-19T13:46:16.883-0600] {logging_mixin.py:190} INFO - [2025-02-19T13:46:16.882-0600] {dagbag.py:588} INFO - Filling up the DagBag from /home/dataScience/Projects/Pipeline/venv/lib/python3.10/site-packages/airflow/example_dags/example_skip_dag.py
[2025-02-19T13:46:16.918-0600] {processor.py:925} INFO - DAG(s) 'example_skip_dag' retrieved from /home/dataScience/Projects/Pipeline/venv/lib/python3.10/site-packages/airflow/example_dags/example_skip_dag.py
[2025-02-19T13:46:17.010-0600] {logging_mixin.py:190} INFO - [2025-02-19T13:46:17.010-0600] {dag.py:3239} INFO - Sync 1 DAGs
[2025-02-19T13:46:17.124-0600] {logging_mixin.py:190} INFO - [2025-02-19T13:46:17.123-0600] {dag.py:4180} INFO - Setting next_dagrun for example_skip_dag to 2025-02-18 00:00:00+00:00, run_after=2025-02-19 00:00:00+00:00
[2025-02-19T13:46:17.223-0600] {processor.py:208} INFO - Processing /home/dataScience/Projects/Pipeline/venv/lib/python3.10/site-packages/airflow/example_dags/example_skip_dag.py took 0.389 seconds
[2025-02-19T13:47:02.832-0600] {processor.py:186} INFO - Started process (PID=473762) to work on /home/dataScience/Projects/Pipeline/venv/lib/python3.10/site-packages/airflow/example_dags/example_skip_dag.py
[2025-02-19T13:47:02.836-0600] {processor.py:914} INFO - Processing file /home/dataScience/Projects/Pipeline/venv/lib/python3.10/site-packages/airflow/example_dags/example_skip_dag.py for tasks to queue
[2025-02-19T13:47:02.840-0600] {logging_mixin.py:190} INFO - [2025-02-19T13:47:02.840-0600] {dagbag.py:588} INFO - Filling up the DagBag from /home/dataScience/Projects/Pipeline/venv/lib/python3.10/site-packages/airflow/example_dags/example_skip_dag.py
[2025-02-19T13:47:02.854-0600] {processor.py:925} INFO - DAG(s) 'example_skip_dag' retrieved from /home/dataScience/Projects/Pipeline/venv/lib/python3.10/site-packages/airflow/example_dags/example_skip_dag.py
[2025-02-19T13:47:02.883-0600] {logging_mixin.py:190} INFO - [2025-02-19T13:47:02.882-0600] {dag.py:3239} INFO - Sync 1 DAGs
[2025-02-19T13:47:02.943-0600] {logging_mixin.py:190} INFO - [2025-02-19T13:47:02.942-0600] {dag.py:4180} INFO - Setting next_dagrun for example_skip_dag to 2025-02-18 00:00:00+00:00, run_after=2025-02-19 00:00:00+00:00
[2025-02-19T13:47:03.022-0600] {processor.py:208} INFO - Processing /home/dataScience/Projects/Pipeline/venv/lib/python3.10/site-packages/airflow/example_dags/example_skip_dag.py took 0.202 seconds
