[2025-02-19T13:45:36.547-0600] {processor.py:186} INFO - Started process (PID=473151) to work on /home/dataScience/Projects/Pipeline/venv/lib/python3.10/site-packages/airflow/example_dags/example_branch_day_of_week_operator.py
[2025-02-19T13:45:36.548-0600] {processor.py:914} INFO - Processing file /home/dataScience/Projects/Pipeline/venv/lib/python3.10/site-packages/airflow/example_dags/example_branch_day_of_week_operator.py for tasks to queue
[2025-02-19T13:45:36.552-0600] {logging_mixin.py:190} INFO - [2025-02-19T13:45:36.551-0600] {dagbag.py:588} INFO - Filling up the DagBag from /home/dataScience/Projects/Pipeline/venv/lib/python3.10/site-packages/airflow/example_dags/example_branch_day_of_week_operator.py
[2025-02-19T13:45:36.565-0600] {processor.py:925} INFO - DAG(s) 'example_weekday_branch_operator' retrieved from /home/dataScience/Projects/Pipeline/venv/lib/python3.10/site-packages/airflow/example_dags/example_branch_day_of_week_operator.py
[2025-02-19T13:45:36.909-0600] {logging_mixin.py:190} INFO - [2025-02-19T13:45:36.908-0600] {override.py:1930} INFO - Created Permission View: can edit on DAG:example_weekday_branch_operator
[2025-02-19T13:45:36.938-0600] {logging_mixin.py:190} INFO - [2025-02-19T13:45:36.937-0600] {override.py:1930} INFO - Created Permission View: can delete on DAG:example_weekday_branch_operator
[2025-02-19T13:45:36.960-0600] {logging_mixin.py:190} INFO - [2025-02-19T13:45:36.959-0600] {override.py:1930} INFO - Created Permission View: can read on DAG:example_weekday_branch_operator
[2025-02-19T13:45:36.990-0600] {logging_mixin.py:190} INFO - [2025-02-19T13:45:36.989-0600] {override.py:1930} INFO - Created Permission View: can delete on DAG Run:example_weekday_branch_operator
[2025-02-19T13:45:37.009-0600] {logging_mixin.py:190} INFO - [2025-02-19T13:45:37.008-0600] {override.py:1930} INFO - Created Permission View: menu access on DAG Run:example_weekday_branch_operator
[2025-02-19T13:45:37.030-0600] {logging_mixin.py:190} INFO - [2025-02-19T13:45:37.030-0600] {override.py:1930} INFO - Created Permission View: can create on DAG Run:example_weekday_branch_operator
[2025-02-19T13:45:37.052-0600] {logging_mixin.py:190} INFO - [2025-02-19T13:45:37.051-0600] {override.py:1930} INFO - Created Permission View: can read on DAG Run:example_weekday_branch_operator
[2025-02-19T13:45:37.053-0600] {logging_mixin.py:190} INFO - [2025-02-19T13:45:37.052-0600] {dag.py:3239} INFO - Sync 1 DAGs
[2025-02-19T13:45:37.088-0600] {logging_mixin.py:190} INFO - [2025-02-19T13:45:37.088-0600] {dag.py:3262} INFO - Creating ORM DAG for example_weekday_branch_operator
[2025-02-19T13:45:37.100-0600] {logging_mixin.py:190} INFO - [2025-02-19T13:45:37.100-0600] {dag.py:4180} INFO - Setting next_dagrun for example_weekday_branch_operator to 2025-02-18 00:00:00+00:00, run_after=2025-02-19 00:00:00+00:00
[2025-02-19T13:45:37.139-0600] {processor.py:208} INFO - Processing /home/dataScience/Projects/Pipeline/venv/lib/python3.10/site-packages/airflow/example_dags/example_branch_day_of_week_operator.py took 0.600 seconds
[2025-02-19T13:47:07.869-0600] {processor.py:186} INFO - Started process (PID=473796) to work on /home/dataScience/Projects/Pipeline/venv/lib/python3.10/site-packages/airflow/example_dags/example_branch_day_of_week_operator.py
[2025-02-19T13:47:07.871-0600] {processor.py:914} INFO - Processing file /home/dataScience/Projects/Pipeline/venv/lib/python3.10/site-packages/airflow/example_dags/example_branch_day_of_week_operator.py for tasks to queue
[2025-02-19T13:47:07.874-0600] {logging_mixin.py:190} INFO - [2025-02-19T13:47:07.874-0600] {dagbag.py:588} INFO - Filling up the DagBag from /home/dataScience/Projects/Pipeline/venv/lib/python3.10/site-packages/airflow/example_dags/example_branch_day_of_week_operator.py
[2025-02-19T13:47:07.890-0600] {processor.py:925} INFO - DAG(s) 'example_weekday_branch_operator' retrieved from /home/dataScience/Projects/Pipeline/venv/lib/python3.10/site-packages/airflow/example_dags/example_branch_day_of_week_operator.py
[2025-02-19T13:47:07.919-0600] {logging_mixin.py:190} INFO - [2025-02-19T13:47:07.919-0600] {dag.py:3239} INFO - Sync 1 DAGs
[2025-02-19T13:47:07.991-0600] {logging_mixin.py:190} INFO - [2025-02-19T13:47:07.990-0600] {dag.py:4180} INFO - Setting next_dagrun for example_weekday_branch_operator to 2025-02-18 00:00:00+00:00, run_after=2025-02-19 00:00:00+00:00
[2025-02-19T13:47:08.053-0600] {processor.py:208} INFO - Processing /home/dataScience/Projects/Pipeline/venv/lib/python3.10/site-packages/airflow/example_dags/example_branch_day_of_week_operator.py took 0.193 seconds
