[2025-02-19T13:45:04.842-0600] {processor.py:186} INFO - Started process (PID=472657) to work on /home/dataScience/Projects/Pipeline/venv/lib/python3.10/site-packages/airflow/example_dags/example_subdag_operator.py
[2025-02-19T13:45:04.844-0600] {processor.py:914} INFO - Processing file /home/dataScience/Projects/Pipeline/venv/lib/python3.10/site-packages/airflow/example_dags/example_subdag_operator.py for tasks to queue
[2025-02-19T13:45:04.847-0600] {logging_mixin.py:190} INFO - [2025-02-19T13:45:04.847-0600] {dagbag.py:588} INFO - Filling up the DagBag from /home/dataScience/Projects/Pipeline/venv/lib/python3.10/site-packages/airflow/example_dags/example_subdag_operator.py
[2025-02-19T13:45:04.887-0600] {processor.py:925} INFO - DAG(s) 'example_subdag_operator.section-1', 'example_subdag_operator.section-2', 'example_subdag_operator' retrieved from /home/dataScience/Projects/Pipeline/venv/lib/python3.10/site-packages/airflow/example_dags/example_subdag_operator.py
[2025-02-19T13:45:05.184-0600] {logging_mixin.py:190} INFO - [2025-02-19T13:45:05.183-0600] {override.py:1930} INFO - Created Permission View: can edit on DAG:example_subdag_operator
[2025-02-19T13:45:05.210-0600] {logging_mixin.py:190} INFO - [2025-02-19T13:45:05.210-0600] {override.py:1930} INFO - Created Permission View: can delete on DAG:example_subdag_operator
[2025-02-19T13:45:05.232-0600] {logging_mixin.py:190} INFO - [2025-02-19T13:45:05.231-0600] {override.py:1930} INFO - Created Permission View: can read on DAG:example_subdag_operator
[2025-02-19T13:45:05.267-0600] {logging_mixin.py:190} INFO - [2025-02-19T13:45:05.267-0600] {override.py:1930} INFO - Created Permission View: can delete on DAG Run:example_subdag_operator
[2025-02-19T13:45:05.288-0600] {logging_mixin.py:190} INFO - [2025-02-19T13:45:05.287-0600] {override.py:1930} INFO - Created Permission View: menu access on DAG Run:example_subdag_operator
[2025-02-19T13:45:05.306-0600] {logging_mixin.py:190} INFO - [2025-02-19T13:45:05.306-0600] {override.py:1930} INFO - Created Permission View: can create on DAG Run:example_subdag_operator
[2025-02-19T13:45:05.327-0600] {logging_mixin.py:190} INFO - [2025-02-19T13:45:05.327-0600] {override.py:1930} INFO - Created Permission View: can read on DAG Run:example_subdag_operator
[2025-02-19T13:45:05.328-0600] {logging_mixin.py:190} INFO - [2025-02-19T13:45:05.328-0600] {dag.py:3239} INFO - Sync 3 DAGs
[2025-02-19T13:45:05.349-0600] {logging_mixin.py:190} INFO - [2025-02-19T13:45:05.348-0600] {dag.py:3262} INFO - Creating ORM DAG for example_subdag_operator.section-1
[2025-02-19T13:45:05.350-0600] {logging_mixin.py:190} INFO - [2025-02-19T13:45:05.350-0600] {dag.py:3262} INFO - Creating ORM DAG for example_subdag_operator
[2025-02-19T13:45:05.352-0600] {logging_mixin.py:190} INFO - [2025-02-19T13:45:05.351-0600] {dag.py:3262} INFO - Creating ORM DAG for example_subdag_operator.section-2
[2025-02-19T13:45:05.362-0600] {logging_mixin.py:190} INFO - [2025-02-19T13:45:05.362-0600] {dag.py:4180} INFO - Setting next_dagrun for example_subdag_operator to 2022-01-01 00:00:00+00:00, run_after=2022-01-01 00:00:00+00:00
[2025-02-19T13:45:05.363-0600] {logging_mixin.py:190} INFO - [2025-02-19T13:45:05.363-0600] {dag.py:4180} INFO - Setting next_dagrun for example_subdag_operator.section-1 to None, run_after=None
[2025-02-19T13:45:05.364-0600] {logging_mixin.py:190} INFO - [2025-02-19T13:45:05.364-0600] {dag.py:4180} INFO - Setting next_dagrun for example_subdag_operator.section-2 to None, run_after=None
[2025-02-19T13:45:05.376-0600] {logging_mixin.py:190} INFO - [2025-02-19T13:45:05.376-0600] {dag.py:3239} INFO - Sync 2 DAGs
[2025-02-19T13:45:05.385-0600] {logging_mixin.py:190} INFO - [2025-02-19T13:45:05.384-0600] {dag.py:4180} INFO - Setting next_dagrun for example_subdag_operator.section-1 to None, run_after=None
[2025-02-19T13:45:05.389-0600] {logging_mixin.py:190} INFO - [2025-02-19T13:45:05.388-0600] {dag.py:4180} INFO - Setting next_dagrun for example_subdag_operator.section-2 to None, run_after=None
[2025-02-19T13:45:05.421-0600] {processor.py:208} INFO - Processing /home/dataScience/Projects/Pipeline/venv/lib/python3.10/site-packages/airflow/example_dags/example_subdag_operator.py took 0.588 seconds
[2025-02-19T13:46:29.517-0600] {processor.py:186} INFO - Started process (PID=473595) to work on /home/dataScience/Projects/Pipeline/venv/lib/python3.10/site-packages/airflow/example_dags/example_subdag_operator.py
[2025-02-19T13:46:29.520-0600] {processor.py:914} INFO - Processing file /home/dataScience/Projects/Pipeline/venv/lib/python3.10/site-packages/airflow/example_dags/example_subdag_operator.py for tasks to queue
[2025-02-19T13:46:29.527-0600] {logging_mixin.py:190} INFO - [2025-02-19T13:46:29.526-0600] {dagbag.py:588} INFO - Filling up the DagBag from /home/dataScience/Projects/Pipeline/venv/lib/python3.10/site-packages/airflow/example_dags/example_subdag_operator.py
[2025-02-19T13:46:29.570-0600] {processor.py:925} INFO - DAG(s) 'example_subdag_operator.section-1', 'example_subdag_operator.section-2', 'example_subdag_operator' retrieved from /home/dataScience/Projects/Pipeline/venv/lib/python3.10/site-packages/airflow/example_dags/example_subdag_operator.py
[2025-02-19T13:46:29.598-0600] {logging_mixin.py:190} INFO - [2025-02-19T13:46:29.598-0600] {dag.py:3239} INFO - Sync 3 DAGs
[2025-02-19T13:46:29.641-0600] {logging_mixin.py:190} INFO - [2025-02-19T13:46:29.641-0600] {dag.py:4180} INFO - Setting next_dagrun for example_subdag_operator to 2022-01-01 00:00:00+00:00, run_after=2022-01-01 00:00:00+00:00
[2025-02-19T13:46:29.647-0600] {logging_mixin.py:190} INFO - [2025-02-19T13:46:29.647-0600] {dag.py:4180} INFO - Setting next_dagrun for example_subdag_operator.section-1 to None, run_after=None
[2025-02-19T13:46:29.651-0600] {logging_mixin.py:190} INFO - [2025-02-19T13:46:29.651-0600] {dag.py:4180} INFO - Setting next_dagrun for example_subdag_operator.section-2 to None, run_after=None
[2025-02-19T13:46:29.661-0600] {logging_mixin.py:190} INFO - [2025-02-19T13:46:29.661-0600] {dag.py:3239} INFO - Sync 2 DAGs
[2025-02-19T13:46:29.668-0600] {logging_mixin.py:190} INFO - [2025-02-19T13:46:29.668-0600] {dag.py:4180} INFO - Setting next_dagrun for example_subdag_operator.section-1 to None, run_after=None
[2025-02-19T13:46:29.668-0600] {logging_mixin.py:190} INFO - [2025-02-19T13:46:29.668-0600] {dag.py:4180} INFO - Setting next_dagrun for example_subdag_operator.section-2 to None, run_after=None
[2025-02-19T13:46:29.697-0600] {processor.py:208} INFO - Processing /home/dataScience/Projects/Pipeline/venv/lib/python3.10/site-packages/airflow/example_dags/example_subdag_operator.py took 0.192 seconds
