[2025-02-19T13:43:30.823-0600] {processor.py:186} INFO - Started process (PID=471565) to work on /home/dataScience/Projects/Pipeline/venv/lib/python3.10/site-packages/airflow/example_dags/example_setup_teardown_taskflow.py
[2025-02-19T13:43:30.824-0600] {processor.py:914} INFO - Processing file /home/dataScience/Projects/Pipeline/venv/lib/python3.10/site-packages/airflow/example_dags/example_setup_teardown_taskflow.py for tasks to queue
[2025-02-19T13:43:30.827-0600] {logging_mixin.py:190} INFO - [2025-02-19T13:43:30.826-0600] {dagbag.py:588} INFO - Filling up the DagBag from /home/dataScience/Projects/Pipeline/venv/lib/python3.10/site-packages/airflow/example_dags/example_setup_teardown_taskflow.py
[2025-02-19T13:43:30.853-0600] {processor.py:925} INFO - DAG(s) 'example_setup_teardown_taskflow' retrieved from /home/dataScience/Projects/Pipeline/venv/lib/python3.10/site-packages/airflow/example_dags/example_setup_teardown_taskflow.py
[2025-02-19T13:43:31.272-0600] {logging_mixin.py:190} INFO - [2025-02-19T13:43:31.270-0600] {override.py:1930} INFO - Created Permission View: can read on DAG:example_setup_teardown_taskflow
[2025-02-19T13:43:31.302-0600] {logging_mixin.py:190} INFO - [2025-02-19T13:43:31.302-0600] {override.py:1930} INFO - Created Permission View: can edit on DAG:example_setup_teardown_taskflow
[2025-02-19T13:43:31.326-0600] {logging_mixin.py:190} INFO - [2025-02-19T13:43:31.325-0600] {override.py:1930} INFO - Created Permission View: can delete on DAG:example_setup_teardown_taskflow
[2025-02-19T13:43:31.364-0600] {logging_mixin.py:190} INFO - [2025-02-19T13:43:31.363-0600] {override.py:1930} INFO - Created Permission View: can read on DAG Run:example_setup_teardown_taskflow
[2025-02-19T13:43:31.386-0600] {logging_mixin.py:190} INFO - [2025-02-19T13:43:31.385-0600] {override.py:1930} INFO - Created Permission View: can create on DAG Run:example_setup_teardown_taskflow
[2025-02-19T13:43:31.408-0600] {logging_mixin.py:190} INFO - [2025-02-19T13:43:31.407-0600] {override.py:1930} INFO - Created Permission View: menu access on DAG Run:example_setup_teardown_taskflow
[2025-02-19T13:43:31.429-0600] {logging_mixin.py:190} INFO - [2025-02-19T13:43:31.428-0600] {override.py:1930} INFO - Created Permission View: can delete on DAG Run:example_setup_teardown_taskflow
[2025-02-19T13:43:31.430-0600] {logging_mixin.py:190} INFO - [2025-02-19T13:43:31.430-0600] {dag.py:3239} INFO - Sync 1 DAGs
[2025-02-19T13:43:31.457-0600] {logging_mixin.py:190} INFO - [2025-02-19T13:43:31.456-0600] {dag.py:3262} INFO - Creating ORM DAG for example_setup_teardown_taskflow
[2025-02-19T13:43:31.458-0600] {logging_mixin.py:190} INFO - [2025-02-19T13:43:31.458-0600] {dag.py:4180} INFO - Setting next_dagrun for example_setup_teardown_taskflow to None, run_after=None
[2025-02-19T13:43:31.521-0600] {processor.py:208} INFO - Processing /home/dataScience/Projects/Pipeline/venv/lib/python3.10/site-packages/airflow/example_dags/example_setup_teardown_taskflow.py took 0.706 seconds
[2025-02-19T13:44:35.822-0600] {processor.py:186} INFO - Started process (PID=472246) to work on /home/dataScience/Projects/Pipeline/venv/lib/python3.10/site-packages/airflow/example_dags/example_setup_teardown_taskflow.py
[2025-02-19T13:44:35.826-0600] {processor.py:914} INFO - Processing file /home/dataScience/Projects/Pipeline/venv/lib/python3.10/site-packages/airflow/example_dags/example_setup_teardown_taskflow.py for tasks to queue
[2025-02-19T13:44:35.831-0600] {logging_mixin.py:190} INFO - [2025-02-19T13:44:35.830-0600] {dagbag.py:588} INFO - Filling up the DagBag from /home/dataScience/Projects/Pipeline/venv/lib/python3.10/site-packages/airflow/example_dags/example_setup_teardown_taskflow.py
[2025-02-19T13:44:35.860-0600] {processor.py:925} INFO - DAG(s) 'example_setup_teardown_taskflow' retrieved from /home/dataScience/Projects/Pipeline/venv/lib/python3.10/site-packages/airflow/example_dags/example_setup_teardown_taskflow.py
[2025-02-19T13:44:35.908-0600] {logging_mixin.py:190} INFO - [2025-02-19T13:44:35.907-0600] {dag.py:3239} INFO - Sync 1 DAGs
[2025-02-19T13:44:35.932-0600] {logging_mixin.py:190} INFO - [2025-02-19T13:44:35.931-0600] {dag.py:4180} INFO - Setting next_dagrun for example_setup_teardown_taskflow to None, run_after=None
[2025-02-19T13:44:36.170-0600] {processor.py:208} INFO - Processing /home/dataScience/Projects/Pipeline/venv/lib/python3.10/site-packages/airflow/example_dags/example_setup_teardown_taskflow.py took 0.361 seconds
[2025-02-19T13:46:06.168-0600] {processor.py:186} INFO - Started process (PID=473387) to work on /home/dataScience/Projects/Pipeline/venv/lib/python3.10/site-packages/airflow/example_dags/example_setup_teardown_taskflow.py
[2025-02-19T13:46:06.170-0600] {processor.py:914} INFO - Processing file /home/dataScience/Projects/Pipeline/venv/lib/python3.10/site-packages/airflow/example_dags/example_setup_teardown_taskflow.py for tasks to queue
[2025-02-19T13:46:06.176-0600] {logging_mixin.py:190} INFO - [2025-02-19T13:46:06.175-0600] {dagbag.py:588} INFO - Filling up the DagBag from /home/dataScience/Projects/Pipeline/venv/lib/python3.10/site-packages/airflow/example_dags/example_setup_teardown_taskflow.py
[2025-02-19T13:46:06.195-0600] {processor.py:925} INFO - DAG(s) 'example_setup_teardown_taskflow' retrieved from /home/dataScience/Projects/Pipeline/venv/lib/python3.10/site-packages/airflow/example_dags/example_setup_teardown_taskflow.py
[2025-02-19T13:46:06.226-0600] {logging_mixin.py:190} INFO - [2025-02-19T13:46:06.225-0600] {dag.py:3239} INFO - Sync 1 DAGs
[2025-02-19T13:46:06.251-0600] {logging_mixin.py:190} INFO - [2025-02-19T13:46:06.250-0600] {dag.py:4180} INFO - Setting next_dagrun for example_setup_teardown_taskflow to None, run_after=None
[2025-02-19T13:46:06.301-0600] {processor.py:208} INFO - Processing /home/dataScience/Projects/Pipeline/venv/lib/python3.10/site-packages/airflow/example_dags/example_setup_teardown_taskflow.py took 0.148 seconds
[2025-02-19T13:46:51.322-0600] {processor.py:186} INFO - Started process (PID=473693) to work on /home/dataScience/Projects/Pipeline/venv/lib/python3.10/site-packages/airflow/example_dags/example_setup_teardown_taskflow.py
[2025-02-19T13:46:51.326-0600] {processor.py:914} INFO - Processing file /home/dataScience/Projects/Pipeline/venv/lib/python3.10/site-packages/airflow/example_dags/example_setup_teardown_taskflow.py for tasks to queue
[2025-02-19T13:46:51.330-0600] {logging_mixin.py:190} INFO - [2025-02-19T13:46:51.329-0600] {dagbag.py:588} INFO - Filling up the DagBag from /home/dataScience/Projects/Pipeline/venv/lib/python3.10/site-packages/airflow/example_dags/example_setup_teardown_taskflow.py
[2025-02-19T13:46:51.351-0600] {processor.py:925} INFO - DAG(s) 'example_setup_teardown_taskflow' retrieved from /home/dataScience/Projects/Pipeline/venv/lib/python3.10/site-packages/airflow/example_dags/example_setup_teardown_taskflow.py
[2025-02-19T13:46:51.375-0600] {logging_mixin.py:190} INFO - [2025-02-19T13:46:51.375-0600] {dag.py:3239} INFO - Sync 1 DAGs
[2025-02-19T13:46:51.396-0600] {logging_mixin.py:190} INFO - [2025-02-19T13:46:51.396-0600] {dag.py:4180} INFO - Setting next_dagrun for example_setup_teardown_taskflow to None, run_after=None
[2025-02-19T13:46:51.436-0600] {processor.py:208} INFO - Processing /home/dataScience/Projects/Pipeline/venv/lib/python3.10/site-packages/airflow/example_dags/example_setup_teardown_taskflow.py took 0.123 seconds
