[2025-02-19T13:45:09.658-0600] {processor.py:186} INFO - Started process (PID=472721) to work on /home/dataScience/Projects/Pipeline/venv/lib/python3.10/site-packages/airflow/example_dags/example_inlet_event_extra.py
[2025-02-19T13:45:09.659-0600] {processor.py:914} INFO - Processing file /home/dataScience/Projects/Pipeline/venv/lib/python3.10/site-packages/airflow/example_dags/example_inlet_event_extra.py for tasks to queue
[2025-02-19T13:45:09.664-0600] {logging_mixin.py:190} INFO - [2025-02-19T13:45:09.663-0600] {dagbag.py:588} INFO - Filling up the DagBag from /home/dataScience/Projects/Pipeline/venv/lib/python3.10/site-packages/airflow/example_dags/example_inlet_event_extra.py
[2025-02-19T13:45:09.686-0600] {processor.py:925} INFO - DAG(s) 'read_dataset_event_from_classic', 'read_dataset_event' retrieved from /home/dataScience/Projects/Pipeline/venv/lib/python3.10/site-packages/airflow/example_dags/example_inlet_event_extra.py
[2025-02-19T13:45:10.073-0600] {logging_mixin.py:190} INFO - [2025-02-19T13:45:10.072-0600] {override.py:1930} INFO - Created Permission View: can edit on DAG:read_dataset_event_from_classic
[2025-02-19T13:45:10.102-0600] {logging_mixin.py:190} INFO - [2025-02-19T13:45:10.102-0600] {override.py:1930} INFO - Created Permission View: can delete on DAG:read_dataset_event_from_classic
[2025-02-19T13:45:10.129-0600] {logging_mixin.py:190} INFO - [2025-02-19T13:45:10.128-0600] {override.py:1930} INFO - Created Permission View: can read on DAG:read_dataset_event_from_classic
[2025-02-19T13:45:10.164-0600] {logging_mixin.py:190} INFO - [2025-02-19T13:45:10.163-0600] {override.py:1930} INFO - Created Permission View: can delete on DAG Run:read_dataset_event_from_classic
[2025-02-19T13:45:10.187-0600] {logging_mixin.py:190} INFO - [2025-02-19T13:45:10.185-0600] {override.py:1930} INFO - Created Permission View: menu access on DAG Run:read_dataset_event_from_classic
[2025-02-19T13:45:10.211-0600] {logging_mixin.py:190} INFO - [2025-02-19T13:45:10.209-0600] {override.py:1930} INFO - Created Permission View: can create on DAG Run:read_dataset_event_from_classic
[2025-02-19T13:45:10.233-0600] {logging_mixin.py:190} INFO - [2025-02-19T13:45:10.232-0600] {override.py:1930} INFO - Created Permission View: can read on DAG Run:read_dataset_event_from_classic
[2025-02-19T13:45:10.274-0600] {logging_mixin.py:190} INFO - [2025-02-19T13:45:10.273-0600] {override.py:1930} INFO - Created Permission View: can edit on DAG:read_dataset_event
[2025-02-19T13:45:10.294-0600] {logging_mixin.py:190} INFO - [2025-02-19T13:45:10.293-0600] {override.py:1930} INFO - Created Permission View: can delete on DAG:read_dataset_event
[2025-02-19T13:45:10.314-0600] {logging_mixin.py:190} INFO - [2025-02-19T13:45:10.313-0600] {override.py:1930} INFO - Created Permission View: can read on DAG:read_dataset_event
[2025-02-19T13:45:10.351-0600] {logging_mixin.py:190} INFO - [2025-02-19T13:45:10.350-0600] {override.py:1930} INFO - Created Permission View: can delete on DAG Run:read_dataset_event
[2025-02-19T13:45:10.371-0600] {logging_mixin.py:190} INFO - [2025-02-19T13:45:10.370-0600] {override.py:1930} INFO - Created Permission View: menu access on DAG Run:read_dataset_event
[2025-02-19T13:45:10.395-0600] {logging_mixin.py:190} INFO - [2025-02-19T13:45:10.394-0600] {override.py:1930} INFO - Created Permission View: can create on DAG Run:read_dataset_event
[2025-02-19T13:45:10.417-0600] {logging_mixin.py:190} INFO - [2025-02-19T13:45:10.416-0600] {override.py:1930} INFO - Created Permission View: can read on DAG Run:read_dataset_event
[2025-02-19T13:45:10.418-0600] {logging_mixin.py:190} INFO - [2025-02-19T13:45:10.418-0600] {dag.py:3239} INFO - Sync 2 DAGs
[2025-02-19T13:45:10.441-0600] {logging_mixin.py:190} INFO - [2025-02-19T13:45:10.440-0600] {dag.py:3262} INFO - Creating ORM DAG for read_dataset_event
[2025-02-19T13:45:10.442-0600] {logging_mixin.py:190} INFO - [2025-02-19T13:45:10.441-0600] {dag.py:3262} INFO - Creating ORM DAG for read_dataset_event_from_classic
[2025-02-19T13:45:10.460-0600] {logging_mixin.py:190} INFO - [2025-02-19T13:45:10.459-0600] {dag.py:4180} INFO - Setting next_dagrun for read_dataset_event to 2025-02-18 00:00:00+00:00, run_after=2025-02-19 00:00:00+00:00
[2025-02-19T13:45:10.465-0600] {logging_mixin.py:190} INFO - [2025-02-19T13:45:10.464-0600] {dag.py:4180} INFO - Setting next_dagrun for read_dataset_event_from_classic to 2025-02-18 00:00:00+00:00, run_after=2025-02-19 00:00:00+00:00
[2025-02-19T13:45:10.510-0600] {processor.py:208} INFO - Processing /home/dataScience/Projects/Pipeline/venv/lib/python3.10/site-packages/airflow/example_dags/example_inlet_event_extra.py took 0.866 seconds
[2025-02-19T13:46:32.465-0600] {processor.py:186} INFO - Started process (PID=473628) to work on /home/dataScience/Projects/Pipeline/venv/lib/python3.10/site-packages/airflow/example_dags/example_inlet_event_extra.py
[2025-02-19T13:46:32.468-0600] {processor.py:914} INFO - Processing file /home/dataScience/Projects/Pipeline/venv/lib/python3.10/site-packages/airflow/example_dags/example_inlet_event_extra.py for tasks to queue
[2025-02-19T13:46:32.473-0600] {logging_mixin.py:190} INFO - [2025-02-19T13:46:32.472-0600] {dagbag.py:588} INFO - Filling up the DagBag from /home/dataScience/Projects/Pipeline/venv/lib/python3.10/site-packages/airflow/example_dags/example_inlet_event_extra.py
[2025-02-19T13:46:32.495-0600] {processor.py:925} INFO - DAG(s) 'read_dataset_event_from_classic', 'read_dataset_event' retrieved from /home/dataScience/Projects/Pipeline/venv/lib/python3.10/site-packages/airflow/example_dags/example_inlet_event_extra.py
[2025-02-19T13:46:32.521-0600] {logging_mixin.py:190} INFO - [2025-02-19T13:46:32.520-0600] {dag.py:3239} INFO - Sync 2 DAGs
[2025-02-19T13:46:32.558-0600] {logging_mixin.py:190} INFO - [2025-02-19T13:46:32.558-0600] {dag.py:4180} INFO - Setting next_dagrun for read_dataset_event to 2025-02-18 00:00:00+00:00, run_after=2025-02-19 00:00:00+00:00
[2025-02-19T13:46:32.568-0600] {logging_mixin.py:190} INFO - [2025-02-19T13:46:32.567-0600] {dag.py:4180} INFO - Setting next_dagrun for read_dataset_event_from_classic to 2025-02-18 00:00:00+00:00, run_after=2025-02-19 00:00:00+00:00
[2025-02-19T13:46:32.616-0600] {processor.py:208} INFO - Processing /home/dataScience/Projects/Pipeline/venv/lib/python3.10/site-packages/airflow/example_dags/example_inlet_event_extra.py took 0.167 seconds
