[2025-02-19T13:45:22.447-0600] {processor.py:186} INFO - Started process (PID=472908) to work on /home/dataScience/Projects/Pipeline/venv/lib/python3.10/site-packages/airflow/example_dags/example_latest_only.py
[2025-02-19T13:45:22.448-0600] {processor.py:914} INFO - Processing file /home/dataScience/Projects/Pipeline/venv/lib/python3.10/site-packages/airflow/example_dags/example_latest_only.py for tasks to queue
[2025-02-19T13:45:22.452-0600] {logging_mixin.py:190} INFO - [2025-02-19T13:45:22.451-0600] {dagbag.py:588} INFO - Filling up the DagBag from /home/dataScience/Projects/Pipeline/venv/lib/python3.10/site-packages/airflow/example_dags/example_latest_only.py
[2025-02-19T13:45:22.463-0600] {processor.py:925} INFO - DAG(s) 'latest_only' retrieved from /home/dataScience/Projects/Pipeline/venv/lib/python3.10/site-packages/airflow/example_dags/example_latest_only.py
[2025-02-19T13:45:23.047-0600] {logging_mixin.py:190} INFO - [2025-02-19T13:45:23.046-0600] {override.py:1930} INFO - Created Permission View: can edit on DAG:latest_only
[2025-02-19T13:45:23.075-0600] {logging_mixin.py:190} INFO - [2025-02-19T13:45:23.074-0600] {override.py:1930} INFO - Created Permission View: can delete on DAG:latest_only
[2025-02-19T13:45:23.101-0600] {logging_mixin.py:190} INFO - [2025-02-19T13:45:23.098-0600] {override.py:1930} INFO - Created Permission View: can read on DAG:latest_only
[2025-02-19T13:45:23.133-0600] {logging_mixin.py:190} INFO - [2025-02-19T13:45:23.133-0600] {override.py:1930} INFO - Created Permission View: can delete on DAG Run:latest_only
[2025-02-19T13:45:23.153-0600] {logging_mixin.py:190} INFO - [2025-02-19T13:45:23.152-0600] {override.py:1930} INFO - Created Permission View: menu access on DAG Run:latest_only
[2025-02-19T13:45:23.170-0600] {logging_mixin.py:190} INFO - [2025-02-19T13:45:23.170-0600] {override.py:1930} INFO - Created Permission View: can create on DAG Run:latest_only
[2025-02-19T13:45:23.189-0600] {logging_mixin.py:190} INFO - [2025-02-19T13:45:23.188-0600] {override.py:1930} INFO - Created Permission View: can read on DAG Run:latest_only
[2025-02-19T13:45:23.189-0600] {logging_mixin.py:190} INFO - [2025-02-19T13:45:23.189-0600] {dag.py:3239} INFO - Sync 1 DAGs
[2025-02-19T13:45:23.221-0600] {logging_mixin.py:190} INFO - [2025-02-19T13:45:23.220-0600] {dag.py:3262} INFO - Creating ORM DAG for latest_only
[2025-02-19T13:45:23.243-0600] {logging_mixin.py:190} INFO - [2025-02-19T13:45:23.243-0600] {dag.py:4180} INFO - Setting next_dagrun for latest_only to 2025-02-19 12:00:00+00:00, run_after=2025-02-19 16:00:00+00:00
[2025-02-19T13:45:23.283-0600] {processor.py:208} INFO - Processing /home/dataScience/Projects/Pipeline/venv/lib/python3.10/site-packages/airflow/example_dags/example_latest_only.py took 0.848 seconds
[2025-02-19T13:46:40.911-0600] {processor.py:186} INFO - Started process (PID=473672) to work on /home/dataScience/Projects/Pipeline/venv/lib/python3.10/site-packages/airflow/example_dags/example_latest_only.py
[2025-02-19T13:46:40.916-0600] {processor.py:914} INFO - Processing file /home/dataScience/Projects/Pipeline/venv/lib/python3.10/site-packages/airflow/example_dags/example_latest_only.py for tasks to queue
[2025-02-19T13:46:40.920-0600] {logging_mixin.py:190} INFO - [2025-02-19T13:46:40.919-0600] {dagbag.py:588} INFO - Filling up the DagBag from /home/dataScience/Projects/Pipeline/venv/lib/python3.10/site-packages/airflow/example_dags/example_latest_only.py
[2025-02-19T13:46:40.933-0600] {processor.py:925} INFO - DAG(s) 'latest_only' retrieved from /home/dataScience/Projects/Pipeline/venv/lib/python3.10/site-packages/airflow/example_dags/example_latest_only.py
[2025-02-19T13:46:40.957-0600] {logging_mixin.py:190} INFO - [2025-02-19T13:46:40.957-0600] {dag.py:3239} INFO - Sync 1 DAGs
[2025-02-19T13:46:40.994-0600] {logging_mixin.py:190} INFO - [2025-02-19T13:46:40.994-0600] {dag.py:4180} INFO - Setting next_dagrun for latest_only to 2025-02-19 12:00:00+00:00, run_after=2025-02-19 16:00:00+00:00
[2025-02-19T13:46:41.039-0600] {processor.py:208} INFO - Processing /home/dataScience/Projects/Pipeline/venv/lib/python3.10/site-packages/airflow/example_dags/example_latest_only.py took 0.138 seconds
