[2025-02-19T13:41:49.459-0600] {processor.py:186} INFO - Started process (PID=470584) to work on /home/dataScience/Projects/Pipeline/venv/lib/python3.10/site-packages/airflow/example_dags/example_xcom.py
[2025-02-19T13:41:49.462-0600] {processor.py:914} INFO - Processing file /home/dataScience/Projects/Pipeline/venv/lib/python3.10/site-packages/airflow/example_dags/example_xcom.py for tasks to queue
[2025-02-19T13:41:49.466-0600] {logging_mixin.py:190} INFO - [2025-02-19T13:41:49.465-0600] {dagbag.py:588} INFO - Filling up the DagBag from /home/dataScience/Projects/Pipeline/venv/lib/python3.10/site-packages/airflow/example_dags/example_xcom.py
[2025-02-19T13:41:49.527-0600] {processor.py:925} INFO - DAG(s) 'example_xcom' retrieved from /home/dataScience/Projects/Pipeline/venv/lib/python3.10/site-packages/airflow/example_dags/example_xcom.py
[2025-02-19T13:41:55.667-0600] {logging_mixin.py:190} INFO - [2025-02-19T13:41:55.383-0600] {override.py:1930} INFO - Created Permission View: can edit on DAG:example_xcom
[2025-02-19T13:42:00.614-0600] {logging_mixin.py:190} INFO - [2025-02-19T13:42:00.043-0600] {override.py:1930} INFO - Created Permission View: can read on DAG:example_xcom
[2025-02-19T13:42:08.550-0600] {logging_mixin.py:190} INFO - [2025-02-19T13:42:08.126-0600] {override.py:1930} INFO - Created Permission View: can delete on DAG:example_xcom
[2025-02-19T13:42:16.997-0600] {logging_mixin.py:190} INFO - [2025-02-19T13:42:16.995-0600] {override.py:1930} INFO - Created Permission View: can delete on DAG Run:example_xcom
[2025-02-19T13:42:17.076-0600] {logging_mixin.py:190} INFO - [2025-02-19T13:42:17.075-0600] {override.py:1930} INFO - Created Permission View: menu access on DAG Run:example_xcom
[2025-02-19T13:42:17.201-0600] {logging_mixin.py:190} INFO - [2025-02-19T13:42:17.197-0600] {override.py:1930} INFO - Created Permission View: can read on DAG Run:example_xcom
[2025-02-19T13:42:17.255-0600] {logging_mixin.py:190} INFO - [2025-02-19T13:42:17.254-0600] {override.py:1930} INFO - Created Permission View: can create on DAG Run:example_xcom
[2025-02-19T13:42:17.258-0600] {logging_mixin.py:190} INFO - [2025-02-19T13:42:17.257-0600] {dag.py:3239} INFO - Sync 1 DAGs
[2025-02-19T13:42:17.339-0600] {logging_mixin.py:190} INFO - [2025-02-19T13:42:17.339-0600] {dag.py:3262} INFO - Creating ORM DAG for example_xcom
[2025-02-19T13:42:17.374-0600] {logging_mixin.py:190} INFO - [2025-02-19T13:42:17.373-0600] {dag.py:4180} INFO - Setting next_dagrun for example_xcom to 2021-01-01 00:00:00+00:00, run_after=2021-01-01 00:00:00+00:00
[2025-02-19T13:42:17.473-0600] {processor.py:208} INFO - Processing /home/dataScience/Projects/Pipeline/venv/lib/python3.10/site-packages/airflow/example_dags/example_xcom.py took 28.033 seconds
[2025-02-19T13:43:28.843-0600] {processor.py:186} INFO - Started process (PID=471520) to work on /home/dataScience/Projects/Pipeline/venv/lib/python3.10/site-packages/airflow/example_dags/example_xcom.py
[2025-02-19T13:43:28.845-0600] {processor.py:914} INFO - Processing file /home/dataScience/Projects/Pipeline/venv/lib/python3.10/site-packages/airflow/example_dags/example_xcom.py for tasks to queue
[2025-02-19T13:43:28.848-0600] {logging_mixin.py:190} INFO - [2025-02-19T13:43:28.847-0600] {dagbag.py:588} INFO - Filling up the DagBag from /home/dataScience/Projects/Pipeline/venv/lib/python3.10/site-packages/airflow/example_dags/example_xcom.py
[2025-02-19T13:43:28.876-0600] {processor.py:925} INFO - DAG(s) 'example_xcom' retrieved from /home/dataScience/Projects/Pipeline/venv/lib/python3.10/site-packages/airflow/example_dags/example_xcom.py
[2025-02-19T13:43:29.569-0600] {logging_mixin.py:190} INFO - [2025-02-19T13:43:29.568-0600] {dag.py:3239} INFO - Sync 1 DAGs
[2025-02-19T13:43:29.614-0600] {logging_mixin.py:190} INFO - [2025-02-19T13:43:29.613-0600] {dag.py:4180} INFO - Setting next_dagrun for example_xcom to 2021-01-01 00:00:00+00:00, run_after=2021-01-01 00:00:00+00:00
[2025-02-19T13:43:29.699-0600] {processor.py:208} INFO - Processing /home/dataScience/Projects/Pipeline/venv/lib/python3.10/site-packages/airflow/example_dags/example_xcom.py took 0.870 seconds
[2025-02-19T13:44:34.513-0600] {processor.py:186} INFO - Started process (PID=472245) to work on /home/dataScience/Projects/Pipeline/venv/lib/python3.10/site-packages/airflow/example_dags/example_xcom.py
[2025-02-19T13:44:34.516-0600] {processor.py:914} INFO - Processing file /home/dataScience/Projects/Pipeline/venv/lib/python3.10/site-packages/airflow/example_dags/example_xcom.py for tasks to queue
[2025-02-19T13:44:34.520-0600] {logging_mixin.py:190} INFO - [2025-02-19T13:44:34.519-0600] {dagbag.py:588} INFO - Filling up the DagBag from /home/dataScience/Projects/Pipeline/venv/lib/python3.10/site-packages/airflow/example_dags/example_xcom.py
[2025-02-19T13:44:34.543-0600] {processor.py:925} INFO - DAG(s) 'example_xcom' retrieved from /home/dataScience/Projects/Pipeline/venv/lib/python3.10/site-packages/airflow/example_dags/example_xcom.py
[2025-02-19T13:44:34.581-0600] {logging_mixin.py:190} INFO - [2025-02-19T13:44:34.580-0600] {dag.py:3239} INFO - Sync 1 DAGs
[2025-02-19T13:44:34.622-0600] {logging_mixin.py:190} INFO - [2025-02-19T13:44:34.621-0600] {dag.py:4180} INFO - Setting next_dagrun for example_xcom to 2021-01-01 00:00:00+00:00, run_after=2021-01-01 00:00:00+00:00
[2025-02-19T13:44:34.660-0600] {processor.py:208} INFO - Processing /home/dataScience/Projects/Pipeline/venv/lib/python3.10/site-packages/airflow/example_dags/example_xcom.py took 0.160 seconds
[2025-02-19T13:46:04.883-0600] {processor.py:186} INFO - Started process (PID=473386) to work on /home/dataScience/Projects/Pipeline/venv/lib/python3.10/site-packages/airflow/example_dags/example_xcom.py
[2025-02-19T13:46:04.889-0600] {processor.py:914} INFO - Processing file /home/dataScience/Projects/Pipeline/venv/lib/python3.10/site-packages/airflow/example_dags/example_xcom.py for tasks to queue
[2025-02-19T13:46:04.897-0600] {logging_mixin.py:190} INFO - [2025-02-19T13:46:04.895-0600] {dagbag.py:588} INFO - Filling up the DagBag from /home/dataScience/Projects/Pipeline/venv/lib/python3.10/site-packages/airflow/example_dags/example_xcom.py
[2025-02-19T13:46:04.931-0600] {processor.py:925} INFO - DAG(s) 'example_xcom' retrieved from /home/dataScience/Projects/Pipeline/venv/lib/python3.10/site-packages/airflow/example_dags/example_xcom.py
[2025-02-19T13:46:04.969-0600] {logging_mixin.py:190} INFO - [2025-02-19T13:46:04.968-0600] {dag.py:3239} INFO - Sync 1 DAGs
[2025-02-19T13:46:05.003-0600] {logging_mixin.py:190} INFO - [2025-02-19T13:46:05.003-0600] {dag.py:4180} INFO - Setting next_dagrun for example_xcom to 2021-01-01 00:00:00+00:00, run_after=2021-01-01 00:00:00+00:00
[2025-02-19T13:46:05.054-0600] {processor.py:208} INFO - Processing /home/dataScience/Projects/Pipeline/venv/lib/python3.10/site-packages/airflow/example_dags/example_xcom.py took 0.188 seconds
[2025-02-19T13:46:50.057-0600] {processor.py:186} INFO - Started process (PID=473692) to work on /home/dataScience/Projects/Pipeline/venv/lib/python3.10/site-packages/airflow/example_dags/example_xcom.py
[2025-02-19T13:46:50.060-0600] {processor.py:914} INFO - Processing file /home/dataScience/Projects/Pipeline/venv/lib/python3.10/site-packages/airflow/example_dags/example_xcom.py for tasks to queue
[2025-02-19T13:46:50.063-0600] {logging_mixin.py:190} INFO - [2025-02-19T13:46:50.062-0600] {dagbag.py:588} INFO - Filling up the DagBag from /home/dataScience/Projects/Pipeline/venv/lib/python3.10/site-packages/airflow/example_dags/example_xcom.py
[2025-02-19T13:46:50.078-0600] {processor.py:925} INFO - DAG(s) 'example_xcom' retrieved from /home/dataScience/Projects/Pipeline/venv/lib/python3.10/site-packages/airflow/example_dags/example_xcom.py
[2025-02-19T13:46:50.102-0600] {logging_mixin.py:190} INFO - [2025-02-19T13:46:50.102-0600] {dag.py:3239} INFO - Sync 1 DAGs
[2025-02-19T13:46:50.133-0600] {logging_mixin.py:190} INFO - [2025-02-19T13:46:50.132-0600] {dag.py:4180} INFO - Setting next_dagrun for example_xcom to 2021-01-01 00:00:00+00:00, run_after=2021-01-01 00:00:00+00:00
[2025-02-19T13:46:50.173-0600] {processor.py:208} INFO - Processing /home/dataScience/Projects/Pipeline/venv/lib/python3.10/site-packages/airflow/example_dags/example_xcom.py took 0.124 seconds
