[2025-02-19T13:45:12.477-0600] {processor.py:186} INFO - Started process (PID=472754) to work on /home/dataScience/Projects/Pipeline/venv/lib/python3.10/site-packages/airflow/example_dags/example_outlet_event_extra.py
[2025-02-19T13:45:12.479-0600] {processor.py:914} INFO - Processing file /home/dataScience/Projects/Pipeline/venv/lib/python3.10/site-packages/airflow/example_dags/example_outlet_event_extra.py for tasks to queue
[2025-02-19T13:45:12.483-0600] {logging_mixin.py:190} INFO - [2025-02-19T13:45:12.482-0600] {dagbag.py:588} INFO - Filling up the DagBag from /home/dataScience/Projects/Pipeline/venv/lib/python3.10/site-packages/airflow/example_dags/example_outlet_event_extra.py
[2025-02-19T13:45:12.507-0600] {processor.py:925} INFO - DAG(s) 'dataset_with_extra_by_context', 'dataset_with_extra_by_yield', 'dataset_with_extra_from_classic_operator' retrieved from /home/dataScience/Projects/Pipeline/venv/lib/python3.10/site-packages/airflow/example_dags/example_outlet_event_extra.py
[2025-02-19T13:45:12.887-0600] {logging_mixin.py:190} INFO - [2025-02-19T13:45:12.886-0600] {override.py:1930} INFO - Created Permission View: can edit on DAG:dataset_with_extra_by_context
[2025-02-19T13:45:12.912-0600] {logging_mixin.py:190} INFO - [2025-02-19T13:45:12.911-0600] {override.py:1930} INFO - Created Permission View: can delete on DAG:dataset_with_extra_by_context
[2025-02-19T13:45:12.932-0600] {logging_mixin.py:190} INFO - [2025-02-19T13:45:12.930-0600] {override.py:1930} INFO - Created Permission View: can read on DAG:dataset_with_extra_by_context
[2025-02-19T13:45:12.962-0600] {logging_mixin.py:190} INFO - [2025-02-19T13:45:12.960-0600] {override.py:1930} INFO - Created Permission View: can delete on DAG Run:dataset_with_extra_by_context
[2025-02-19T13:45:12.983-0600] {logging_mixin.py:190} INFO - [2025-02-19T13:45:12.982-0600] {override.py:1930} INFO - Created Permission View: menu access on DAG Run:dataset_with_extra_by_context
[2025-02-19T13:45:13.000-0600] {logging_mixin.py:190} INFO - [2025-02-19T13:45:13.000-0600] {override.py:1930} INFO - Created Permission View: can create on DAG Run:dataset_with_extra_by_context
[2025-02-19T13:45:13.017-0600] {logging_mixin.py:190} INFO - [2025-02-19T13:45:13.016-0600] {override.py:1930} INFO - Created Permission View: can read on DAG Run:dataset_with_extra_by_context
[2025-02-19T13:45:13.055-0600] {logging_mixin.py:190} INFO - [2025-02-19T13:45:13.054-0600] {override.py:1930} INFO - Created Permission View: can edit on DAG:dataset_with_extra_by_yield
[2025-02-19T13:45:13.074-0600] {logging_mixin.py:190} INFO - [2025-02-19T13:45:13.073-0600] {override.py:1930} INFO - Created Permission View: can delete on DAG:dataset_with_extra_by_yield
[2025-02-19T13:45:13.094-0600] {logging_mixin.py:190} INFO - [2025-02-19T13:45:13.094-0600] {override.py:1930} INFO - Created Permission View: can read on DAG:dataset_with_extra_by_yield
[2025-02-19T13:45:13.137-0600] {logging_mixin.py:190} INFO - [2025-02-19T13:45:13.137-0600] {override.py:1930} INFO - Created Permission View: can delete on DAG Run:dataset_with_extra_by_yield
[2025-02-19T13:45:13.167-0600] {logging_mixin.py:190} INFO - [2025-02-19T13:45:13.167-0600] {override.py:1930} INFO - Created Permission View: menu access on DAG Run:dataset_with_extra_by_yield
[2025-02-19T13:45:13.186-0600] {logging_mixin.py:190} INFO - [2025-02-19T13:45:13.185-0600] {override.py:1930} INFO - Created Permission View: can create on DAG Run:dataset_with_extra_by_yield
[2025-02-19T13:45:13.204-0600] {logging_mixin.py:190} INFO - [2025-02-19T13:45:13.203-0600] {override.py:1930} INFO - Created Permission View: can read on DAG Run:dataset_with_extra_by_yield
[2025-02-19T13:45:13.248-0600] {logging_mixin.py:190} INFO - [2025-02-19T13:45:13.248-0600] {override.py:1930} INFO - Created Permission View: can edit on DAG:dataset_with_extra_from_classic_operator
[2025-02-19T13:45:13.269-0600] {logging_mixin.py:190} INFO - [2025-02-19T13:45:13.268-0600] {override.py:1930} INFO - Created Permission View: can delete on DAG:dataset_with_extra_from_classic_operator
[2025-02-19T13:45:13.290-0600] {logging_mixin.py:190} INFO - [2025-02-19T13:45:13.290-0600] {override.py:1930} INFO - Created Permission View: can read on DAG:dataset_with_extra_from_classic_operator
[2025-02-19T13:45:13.326-0600] {logging_mixin.py:190} INFO - [2025-02-19T13:45:13.325-0600] {override.py:1930} INFO - Created Permission View: can delete on DAG Run:dataset_with_extra_from_classic_operator
[2025-02-19T13:45:13.345-0600] {logging_mixin.py:190} INFO - [2025-02-19T13:45:13.344-0600] {override.py:1930} INFO - Created Permission View: menu access on DAG Run:dataset_with_extra_from_classic_operator
[2025-02-19T13:45:13.371-0600] {logging_mixin.py:190} INFO - [2025-02-19T13:45:13.370-0600] {override.py:1930} INFO - Created Permission View: can create on DAG Run:dataset_with_extra_from_classic_operator
[2025-02-19T13:45:13.431-0600] {logging_mixin.py:190} INFO - [2025-02-19T13:45:13.429-0600] {override.py:1930} INFO - Created Permission View: can read on DAG Run:dataset_with_extra_from_classic_operator
[2025-02-19T13:45:13.432-0600] {logging_mixin.py:190} INFO - [2025-02-19T13:45:13.431-0600] {dag.py:3239} INFO - Sync 3 DAGs
[2025-02-19T13:45:13.465-0600] {logging_mixin.py:190} INFO - [2025-02-19T13:45:13.464-0600] {dag.py:3262} INFO - Creating ORM DAG for dataset_with_extra_by_yield
[2025-02-19T13:45:13.466-0600] {logging_mixin.py:190} INFO - [2025-02-19T13:45:13.466-0600] {dag.py:3262} INFO - Creating ORM DAG for dataset_with_extra_from_classic_operator
[2025-02-19T13:45:13.467-0600] {logging_mixin.py:190} INFO - [2025-02-19T13:45:13.467-0600] {dag.py:3262} INFO - Creating ORM DAG for dataset_with_extra_by_context
[2025-02-19T13:45:13.502-0600] {logging_mixin.py:190} INFO - [2025-02-19T13:45:13.501-0600] {dag.py:4180} INFO - Setting next_dagrun for dataset_with_extra_by_context to 2025-02-18 00:00:00+00:00, run_after=2025-02-19 00:00:00+00:00
[2025-02-19T13:45:13.508-0600] {logging_mixin.py:190} INFO - [2025-02-19T13:45:13.508-0600] {dag.py:4180} INFO - Setting next_dagrun for dataset_with_extra_by_yield to 2025-02-18 00:00:00+00:00, run_after=2025-02-19 00:00:00+00:00
[2025-02-19T13:45:13.512-0600] {logging_mixin.py:190} INFO - [2025-02-19T13:45:13.511-0600] {dag.py:4180} INFO - Setting next_dagrun for dataset_with_extra_from_classic_operator to 2025-02-18 00:00:00+00:00, run_after=2025-02-19 00:00:00+00:00
[2025-02-19T13:45:13.579-0600] {processor.py:208} INFO - Processing /home/dataScience/Projects/Pipeline/venv/lib/python3.10/site-packages/airflow/example_dags/example_outlet_event_extra.py took 1.112 seconds
[2025-02-19T13:46:34.365-0600] {processor.py:186} INFO - Started process (PID=473661) to work on /home/dataScience/Projects/Pipeline/venv/lib/python3.10/site-packages/airflow/example_dags/example_outlet_event_extra.py
[2025-02-19T13:46:34.368-0600] {processor.py:914} INFO - Processing file /home/dataScience/Projects/Pipeline/venv/lib/python3.10/site-packages/airflow/example_dags/example_outlet_event_extra.py for tasks to queue
[2025-02-19T13:46:34.378-0600] {logging_mixin.py:190} INFO - [2025-02-19T13:46:34.377-0600] {dagbag.py:588} INFO - Filling up the DagBag from /home/dataScience/Projects/Pipeline/venv/lib/python3.10/site-packages/airflow/example_dags/example_outlet_event_extra.py
[2025-02-19T13:46:34.413-0600] {processor.py:925} INFO - DAG(s) 'dataset_with_extra_from_classic_operator', 'dataset_with_extra_by_yield', 'dataset_with_extra_by_context' retrieved from /home/dataScience/Projects/Pipeline/venv/lib/python3.10/site-packages/airflow/example_dags/example_outlet_event_extra.py
[2025-02-19T13:46:34.479-0600] {logging_mixin.py:190} INFO - [2025-02-19T13:46:34.478-0600] {dag.py:3239} INFO - Sync 3 DAGs
[2025-02-19T13:46:34.531-0600] {logging_mixin.py:190} INFO - [2025-02-19T13:46:34.530-0600] {dag.py:4180} INFO - Setting next_dagrun for dataset_with_extra_by_context to 2025-02-18 00:00:00+00:00, run_after=2025-02-19 00:00:00+00:00
[2025-02-19T13:46:34.538-0600] {logging_mixin.py:190} INFO - [2025-02-19T13:46:34.538-0600] {dag.py:4180} INFO - Setting next_dagrun for dataset_with_extra_by_yield to 2025-02-18 00:00:00+00:00, run_after=2025-02-19 00:00:00+00:00
[2025-02-19T13:46:34.544-0600] {logging_mixin.py:190} INFO - [2025-02-19T13:46:34.543-0600] {dag.py:4180} INFO - Setting next_dagrun for dataset_with_extra_from_classic_operator to 2025-02-18 00:00:00+00:00, run_after=2025-02-19 00:00:00+00:00
[2025-02-19T13:46:34.601-0600] {processor.py:208} INFO - Processing /home/dataScience/Projects/Pipeline/venv/lib/python3.10/site-packages/airflow/example_dags/example_outlet_event_extra.py took 0.280 seconds
