[2025-02-19T13:44:55.591-0600] {processor.py:186} INFO - Started process (PID=472563) to work on /home/dataScience/Projects/Pipeline/venv/lib/python3.10/site-packages/airflow/example_dags/example_trigger_controller_dag.py
[2025-02-19T13:44:55.593-0600] {processor.py:914} INFO - Processing file /home/dataScience/Projects/Pipeline/venv/lib/python3.10/site-packages/airflow/example_dags/example_trigger_controller_dag.py for tasks to queue
[2025-02-19T13:44:55.596-0600] {logging_mixin.py:190} INFO - [2025-02-19T13:44:55.595-0600] {dagbag.py:588} INFO - Filling up the DagBag from /home/dataScience/Projects/Pipeline/venv/lib/python3.10/site-packages/airflow/example_dags/example_trigger_controller_dag.py
[2025-02-19T13:44:55.607-0600] {processor.py:925} INFO - DAG(s) 'example_trigger_controller_dag' retrieved from /home/dataScience/Projects/Pipeline/venv/lib/python3.10/site-packages/airflow/example_dags/example_trigger_controller_dag.py
[2025-02-19T13:44:55.918-0600] {logging_mixin.py:190} INFO - [2025-02-19T13:44:55.917-0600] {override.py:1930} INFO - Created Permission View: can edit on DAG:example_trigger_controller_dag
[2025-02-19T13:44:55.952-0600] {logging_mixin.py:190} INFO - [2025-02-19T13:44:55.951-0600] {override.py:1930} INFO - Created Permission View: can delete on DAG:example_trigger_controller_dag
[2025-02-19T13:44:55.978-0600] {logging_mixin.py:190} INFO - [2025-02-19T13:44:55.977-0600] {override.py:1930} INFO - Created Permission View: can read on DAG:example_trigger_controller_dag
[2025-02-19T13:44:56.009-0600] {logging_mixin.py:190} INFO - [2025-02-19T13:44:56.009-0600] {override.py:1930} INFO - Created Permission View: can delete on DAG Run:example_trigger_controller_dag
[2025-02-19T13:44:56.029-0600] {logging_mixin.py:190} INFO - [2025-02-19T13:44:56.028-0600] {override.py:1930} INFO - Created Permission View: menu access on DAG Run:example_trigger_controller_dag
[2025-02-19T13:44:56.045-0600] {logging_mixin.py:190} INFO - [2025-02-19T13:44:56.045-0600] {override.py:1930} INFO - Created Permission View: can create on DAG Run:example_trigger_controller_dag
[2025-02-19T13:44:56.062-0600] {logging_mixin.py:190} INFO - [2025-02-19T13:44:56.061-0600] {override.py:1930} INFO - Created Permission View: can read on DAG Run:example_trigger_controller_dag
[2025-02-19T13:44:56.063-0600] {logging_mixin.py:190} INFO - [2025-02-19T13:44:56.063-0600] {dag.py:3239} INFO - Sync 1 DAGs
[2025-02-19T13:44:56.080-0600] {logging_mixin.py:190} INFO - [2025-02-19T13:44:56.080-0600] {dag.py:3262} INFO - Creating ORM DAG for example_trigger_controller_dag
[2025-02-19T13:44:56.092-0600] {logging_mixin.py:190} INFO - [2025-02-19T13:44:56.091-0600] {dag.py:4180} INFO - Setting next_dagrun for example_trigger_controller_dag to 2021-01-01 00:00:00+00:00, run_after=2021-01-01 00:00:00+00:00
[2025-02-19T13:44:56.127-0600] {processor.py:208} INFO - Processing /home/dataScience/Projects/Pipeline/venv/lib/python3.10/site-packages/airflow/example_dags/example_trigger_controller_dag.py took 0.546 seconds
[2025-02-19T13:46:23.720-0600] {processor.py:186} INFO - Started process (PID=473583) to work on /home/dataScience/Projects/Pipeline/venv/lib/python3.10/site-packages/airflow/example_dags/example_trigger_controller_dag.py
[2025-02-19T13:46:23.722-0600] {processor.py:914} INFO - Processing file /home/dataScience/Projects/Pipeline/venv/lib/python3.10/site-packages/airflow/example_dags/example_trigger_controller_dag.py for tasks to queue
[2025-02-19T13:46:23.727-0600] {logging_mixin.py:190} INFO - [2025-02-19T13:46:23.726-0600] {dagbag.py:588} INFO - Filling up the DagBag from /home/dataScience/Projects/Pipeline/venv/lib/python3.10/site-packages/airflow/example_dags/example_trigger_controller_dag.py
[2025-02-19T13:46:23.744-0600] {processor.py:925} INFO - DAG(s) 'example_trigger_controller_dag' retrieved from /home/dataScience/Projects/Pipeline/venv/lib/python3.10/site-packages/airflow/example_dags/example_trigger_controller_dag.py
[2025-02-19T13:46:23.769-0600] {logging_mixin.py:190} INFO - [2025-02-19T13:46:23.769-0600] {dag.py:3239} INFO - Sync 1 DAGs
[2025-02-19T13:46:23.799-0600] {logging_mixin.py:190} INFO - [2025-02-19T13:46:23.799-0600] {dag.py:4180} INFO - Setting next_dagrun for example_trigger_controller_dag to 2021-01-01 00:00:00+00:00, run_after=2021-01-01 00:00:00+00:00
[2025-02-19T13:46:23.842-0600] {processor.py:208} INFO - Processing /home/dataScience/Projects/Pipeline/venv/lib/python3.10/site-packages/airflow/example_dags/example_trigger_controller_dag.py took 0.139 seconds
