[2025-02-19T13:44:54.645-0600] {processor.py:186} INFO - Started process (PID=472556) to work on /home/dataScience/Projects/Pipeline/venv/lib/python3.10/site-packages/airflow/example_dags/example_setup_teardown.py
[2025-02-19T13:44:54.646-0600] {processor.py:914} INFO - Processing file /home/dataScience/Projects/Pipeline/venv/lib/python3.10/site-packages/airflow/example_dags/example_setup_teardown.py for tasks to queue
[2025-02-19T13:44:54.650-0600] {logging_mixin.py:190} INFO - [2025-02-19T13:44:54.649-0600] {dagbag.py:588} INFO - Filling up the DagBag from /home/dataScience/Projects/Pipeline/venv/lib/python3.10/site-packages/airflow/example_dags/example_setup_teardown.py
[2025-02-19T13:44:54.666-0600] {processor.py:925} INFO - DAG(s) 'example_setup_teardown' retrieved from /home/dataScience/Projects/Pipeline/venv/lib/python3.10/site-packages/airflow/example_dags/example_setup_teardown.py
[2025-02-19T13:44:55.147-0600] {logging_mixin.py:190} INFO - [2025-02-19T13:44:55.146-0600] {override.py:1930} INFO - Created Permission View: can edit on DAG:example_setup_teardown
[2025-02-19T13:44:55.184-0600] {logging_mixin.py:190} INFO - [2025-02-19T13:44:55.183-0600] {override.py:1930} INFO - Created Permission View: can delete on DAG:example_setup_teardown
[2025-02-19T13:44:55.213-0600] {logging_mixin.py:190} INFO - [2025-02-19T13:44:55.212-0600] {override.py:1930} INFO - Created Permission View: can read on DAG:example_setup_teardown
[2025-02-19T13:44:55.247-0600] {logging_mixin.py:190} INFO - [2025-02-19T13:44:55.246-0600] {override.py:1930} INFO - Created Permission View: can delete on DAG Run:example_setup_teardown
[2025-02-19T13:44:55.266-0600] {logging_mixin.py:190} INFO - [2025-02-19T13:44:55.265-0600] {override.py:1930} INFO - Created Permission View: menu access on DAG Run:example_setup_teardown
[2025-02-19T13:44:55.282-0600] {logging_mixin.py:190} INFO - [2025-02-19T13:44:55.282-0600] {override.py:1930} INFO - Created Permission View: can create on DAG Run:example_setup_teardown
[2025-02-19T13:44:55.300-0600] {logging_mixin.py:190} INFO - [2025-02-19T13:44:55.299-0600] {override.py:1930} INFO - Created Permission View: can read on DAG Run:example_setup_teardown
[2025-02-19T13:44:55.301-0600] {logging_mixin.py:190} INFO - [2025-02-19T13:44:55.301-0600] {dag.py:3239} INFO - Sync 1 DAGs
[2025-02-19T13:44:55.322-0600] {logging_mixin.py:190} INFO - [2025-02-19T13:44:55.321-0600] {dag.py:3262} INFO - Creating ORM DAG for example_setup_teardown
[2025-02-19T13:44:55.323-0600] {logging_mixin.py:190} INFO - [2025-02-19T13:44:55.323-0600] {dag.py:4180} INFO - Setting next_dagrun for example_setup_teardown to None, run_after=None
[2025-02-19T13:44:55.359-0600] {processor.py:208} INFO - Processing /home/dataScience/Projects/Pipeline/venv/lib/python3.10/site-packages/airflow/example_dags/example_setup_teardown.py took 0.725 seconds
[2025-02-19T13:46:22.468-0600] {processor.py:186} INFO - Started process (PID=473582) to work on /home/dataScience/Projects/Pipeline/venv/lib/python3.10/site-packages/airflow/example_dags/example_setup_teardown.py
[2025-02-19T13:46:22.471-0600] {processor.py:914} INFO - Processing file /home/dataScience/Projects/Pipeline/venv/lib/python3.10/site-packages/airflow/example_dags/example_setup_teardown.py for tasks to queue
[2025-02-19T13:46:22.475-0600] {logging_mixin.py:190} INFO - [2025-02-19T13:46:22.475-0600] {dagbag.py:588} INFO - Filling up the DagBag from /home/dataScience/Projects/Pipeline/venv/lib/python3.10/site-packages/airflow/example_dags/example_setup_teardown.py
[2025-02-19T13:46:22.491-0600] {processor.py:925} INFO - DAG(s) 'example_setup_teardown' retrieved from /home/dataScience/Projects/Pipeline/venv/lib/python3.10/site-packages/airflow/example_dags/example_setup_teardown.py
[2025-02-19T13:46:22.513-0600] {logging_mixin.py:190} INFO - [2025-02-19T13:46:22.513-0600] {dag.py:3239} INFO - Sync 1 DAGs
[2025-02-19T13:46:22.537-0600] {logging_mixin.py:190} INFO - [2025-02-19T13:46:22.537-0600] {dag.py:4180} INFO - Setting next_dagrun for example_setup_teardown to None, run_after=None
[2025-02-19T13:46:22.583-0600] {processor.py:208} INFO - Processing /home/dataScience/Projects/Pipeline/venv/lib/python3.10/site-packages/airflow/example_dags/example_setup_teardown.py took 0.141 seconds
