[2025-02-19T13:45:20.657-0600] {processor.py:186} INFO - Started process (PID=472851) to work on /home/dataScience/Projects/Pipeline/venv/lib/python3.10/site-packages/airflow/example_dags/example_dynamic_task_mapping_with_no_taskflow_operators.py
[2025-02-19T13:45:20.659-0600] {processor.py:914} INFO - Processing file /home/dataScience/Projects/Pipeline/venv/lib/python3.10/site-packages/airflow/example_dags/example_dynamic_task_mapping_with_no_taskflow_operators.py for tasks to queue
[2025-02-19T13:45:20.663-0600] {logging_mixin.py:190} INFO - [2025-02-19T13:45:20.662-0600] {dagbag.py:588} INFO - Filling up the DagBag from /home/dataScience/Projects/Pipeline/venv/lib/python3.10/site-packages/airflow/example_dags/example_dynamic_task_mapping_with_no_taskflow_operators.py
[2025-02-19T13:45:20.684-0600] {processor.py:925} INFO - DAG(s) 'example_dynamic_task_mapping_with_no_taskflow_operators' retrieved from /home/dataScience/Projects/Pipeline/venv/lib/python3.10/site-packages/airflow/example_dags/example_dynamic_task_mapping_with_no_taskflow_operators.py
[2025-02-19T13:45:21.035-0600] {logging_mixin.py:190} INFO - [2025-02-19T13:45:21.034-0600] {override.py:1930} INFO - Created Permission View: can edit on DAG:example_dynamic_task_mapping_with_no_taskflow_operators
[2025-02-19T13:45:21.058-0600] {logging_mixin.py:190} INFO - [2025-02-19T13:45:21.057-0600] {override.py:1930} INFO - Created Permission View: can delete on DAG:example_dynamic_task_mapping_with_no_taskflow_operators
[2025-02-19T13:45:21.078-0600] {logging_mixin.py:190} INFO - [2025-02-19T13:45:21.077-0600] {override.py:1930} INFO - Created Permission View: can read on DAG:example_dynamic_task_mapping_with_no_taskflow_operators
[2025-02-19T13:45:21.108-0600] {logging_mixin.py:190} INFO - [2025-02-19T13:45:21.107-0600] {override.py:1930} INFO - Created Permission View: can delete on DAG Run:example_dynamic_task_mapping_with_no_taskflow_operators
[2025-02-19T13:45:21.127-0600] {logging_mixin.py:190} INFO - [2025-02-19T13:45:21.126-0600] {override.py:1930} INFO - Created Permission View: menu access on DAG Run:example_dynamic_task_mapping_with_no_taskflow_operators
[2025-02-19T13:45:21.146-0600] {logging_mixin.py:190} INFO - [2025-02-19T13:45:21.145-0600] {override.py:1930} INFO - Created Permission View: can create on DAG Run:example_dynamic_task_mapping_with_no_taskflow_operators
[2025-02-19T13:45:21.164-0600] {logging_mixin.py:190} INFO - [2025-02-19T13:45:21.163-0600] {override.py:1930} INFO - Created Permission View: can read on DAG Run:example_dynamic_task_mapping_with_no_taskflow_operators
[2025-02-19T13:45:21.165-0600] {logging_mixin.py:190} INFO - [2025-02-19T13:45:21.165-0600] {dag.py:3239} INFO - Sync 1 DAGs
[2025-02-19T13:45:21.211-0600] {logging_mixin.py:190} INFO - [2025-02-19T13:45:21.210-0600] {dag.py:3262} INFO - Creating ORM DAG for example_dynamic_task_mapping_with_no_taskflow_operators
[2025-02-19T13:45:21.214-0600] {logging_mixin.py:190} INFO - [2025-02-19T13:45:21.213-0600] {dag.py:4180} INFO - Setting next_dagrun for example_dynamic_task_mapping_with_no_taskflow_operators to None, run_after=None
[2025-02-19T13:45:21.266-0600] {processor.py:208} INFO - Processing /home/dataScience/Projects/Pipeline/venv/lib/python3.10/site-packages/airflow/example_dags/example_dynamic_task_mapping_with_no_taskflow_operators.py took 0.622 seconds
[2025-02-19T13:46:39.633-0600] {processor.py:186} INFO - Started process (PID=473671) to work on /home/dataScience/Projects/Pipeline/venv/lib/python3.10/site-packages/airflow/example_dags/example_dynamic_task_mapping_with_no_taskflow_operators.py
[2025-02-19T13:46:39.636-0600] {processor.py:914} INFO - Processing file /home/dataScience/Projects/Pipeline/venv/lib/python3.10/site-packages/airflow/example_dags/example_dynamic_task_mapping_with_no_taskflow_operators.py for tasks to queue
[2025-02-19T13:46:39.640-0600] {logging_mixin.py:190} INFO - [2025-02-19T13:46:39.640-0600] {dagbag.py:588} INFO - Filling up the DagBag from /home/dataScience/Projects/Pipeline/venv/lib/python3.10/site-packages/airflow/example_dags/example_dynamic_task_mapping_with_no_taskflow_operators.py
[2025-02-19T13:46:39.667-0600] {processor.py:925} INFO - DAG(s) 'example_dynamic_task_mapping_with_no_taskflow_operators' retrieved from /home/dataScience/Projects/Pipeline/venv/lib/python3.10/site-packages/airflow/example_dags/example_dynamic_task_mapping_with_no_taskflow_operators.py
[2025-02-19T13:46:39.694-0600] {logging_mixin.py:190} INFO - [2025-02-19T13:46:39.694-0600] {dag.py:3239} INFO - Sync 1 DAGs
[2025-02-19T13:46:39.721-0600] {logging_mixin.py:190} INFO - [2025-02-19T13:46:39.720-0600] {dag.py:4180} INFO - Setting next_dagrun for example_dynamic_task_mapping_with_no_taskflow_operators to None, run_after=None
[2025-02-19T13:46:39.782-0600] {processor.py:208} INFO - Processing /home/dataScience/Projects/Pipeline/venv/lib/python3.10/site-packages/airflow/example_dags/example_dynamic_task_mapping_with_no_taskflow_operators.py took 0.164 seconds
