[2025-02-19T13:44:52.891-0600] {processor.py:186} INFO - Started process (PID=472499) to work on /home/dataScience/Projects/Pipeline/venv/lib/python3.10/site-packages/airflow/example_dags/example_trigger_target_dag.py
[2025-02-19T13:44:52.894-0600] {processor.py:914} INFO - Processing file /home/dataScience/Projects/Pipeline/venv/lib/python3.10/site-packages/airflow/example_dags/example_trigger_target_dag.py for tasks to queue
[2025-02-19T13:44:52.901-0600] {logging_mixin.py:190} INFO - [2025-02-19T13:44:52.899-0600] {dagbag.py:588} INFO - Filling up the DagBag from /home/dataScience/Projects/Pipeline/venv/lib/python3.10/site-packages/airflow/example_dags/example_trigger_target_dag.py
[2025-02-19T13:44:52.921-0600] {processor.py:925} INFO - DAG(s) 'example_trigger_target_dag' retrieved from /home/dataScience/Projects/Pipeline/venv/lib/python3.10/site-packages/airflow/example_dags/example_trigger_target_dag.py
[2025-02-19T13:44:53.308-0600] {logging_mixin.py:190} INFO - [2025-02-19T13:44:53.307-0600] {override.py:1930} INFO - Created Permission View: can edit on DAG:example_trigger_target_dag
[2025-02-19T13:44:53.334-0600] {logging_mixin.py:190} INFO - [2025-02-19T13:44:53.333-0600] {override.py:1930} INFO - Created Permission View: can delete on DAG:example_trigger_target_dag
[2025-02-19T13:44:53.355-0600] {logging_mixin.py:190} INFO - [2025-02-19T13:44:53.354-0600] {override.py:1930} INFO - Created Permission View: can read on DAG:example_trigger_target_dag
[2025-02-19T13:44:53.385-0600] {logging_mixin.py:190} INFO - [2025-02-19T13:44:53.384-0600] {override.py:1930} INFO - Created Permission View: can delete on DAG Run:example_trigger_target_dag
[2025-02-19T13:44:53.406-0600] {logging_mixin.py:190} INFO - [2025-02-19T13:44:53.405-0600] {override.py:1930} INFO - Created Permission View: menu access on DAG Run:example_trigger_target_dag
[2025-02-19T13:44:53.426-0600] {logging_mixin.py:190} INFO - [2025-02-19T13:44:53.426-0600] {override.py:1930} INFO - Created Permission View: can create on DAG Run:example_trigger_target_dag
[2025-02-19T13:44:53.446-0600] {logging_mixin.py:190} INFO - [2025-02-19T13:44:53.445-0600] {override.py:1930} INFO - Created Permission View: can read on DAG Run:example_trigger_target_dag
[2025-02-19T13:44:53.447-0600] {logging_mixin.py:190} INFO - [2025-02-19T13:44:53.446-0600] {dag.py:3239} INFO - Sync 1 DAGs
[2025-02-19T13:44:53.472-0600] {logging_mixin.py:190} INFO - [2025-02-19T13:44:53.471-0600] {dag.py:3262} INFO - Creating ORM DAG for example_trigger_target_dag
[2025-02-19T13:44:53.474-0600] {logging_mixin.py:190} INFO - [2025-02-19T13:44:53.474-0600] {dag.py:4180} INFO - Setting next_dagrun for example_trigger_target_dag to None, run_after=None
[2025-02-19T13:44:53.521-0600] {processor.py:208} INFO - Processing /home/dataScience/Projects/Pipeline/venv/lib/python3.10/site-packages/airflow/example_dags/example_trigger_target_dag.py took 0.648 seconds
[2025-02-19T13:46:21.143-0600] {processor.py:186} INFO - Started process (PID=473581) to work on /home/dataScience/Projects/Pipeline/venv/lib/python3.10/site-packages/airflow/example_dags/example_trigger_target_dag.py
[2025-02-19T13:46:21.145-0600] {processor.py:914} INFO - Processing file /home/dataScience/Projects/Pipeline/venv/lib/python3.10/site-packages/airflow/example_dags/example_trigger_target_dag.py for tasks to queue
[2025-02-19T13:46:21.150-0600] {logging_mixin.py:190} INFO - [2025-02-19T13:46:21.149-0600] {dagbag.py:588} INFO - Filling up the DagBag from /home/dataScience/Projects/Pipeline/venv/lib/python3.10/site-packages/airflow/example_dags/example_trigger_target_dag.py
[2025-02-19T13:46:21.166-0600] {processor.py:925} INFO - DAG(s) 'example_trigger_target_dag' retrieved from /home/dataScience/Projects/Pipeline/venv/lib/python3.10/site-packages/airflow/example_dags/example_trigger_target_dag.py
[2025-02-19T13:46:21.197-0600] {logging_mixin.py:190} INFO - [2025-02-19T13:46:21.196-0600] {dag.py:3239} INFO - Sync 1 DAGs
[2025-02-19T13:46:21.226-0600] {logging_mixin.py:190} INFO - [2025-02-19T13:46:21.226-0600] {dag.py:4180} INFO - Setting next_dagrun for example_trigger_target_dag to None, run_after=None
[2025-02-19T13:46:21.275-0600] {processor.py:208} INFO - Processing /home/dataScience/Projects/Pipeline/venv/lib/python3.10/site-packages/airflow/example_dags/example_trigger_target_dag.py took 0.148 seconds
