[2025-02-19T13:45:28.296-0600] {processor.py:186} INFO - Started process (PID=473003) to work on /home/dataScience/Projects/Pipeline/venv/lib/python3.10/site-packages/airflow/example_dags/example_dataset_alias_with_no_taskflow.py
[2025-02-19T13:45:28.297-0600] {processor.py:914} INFO - Processing file /home/dataScience/Projects/Pipeline/venv/lib/python3.10/site-packages/airflow/example_dags/example_dataset_alias_with_no_taskflow.py for tasks to queue
[2025-02-19T13:45:28.302-0600] {logging_mixin.py:190} INFO - [2025-02-19T13:45:28.301-0600] {dagbag.py:588} INFO - Filling up the DagBag from /home/dataScience/Projects/Pipeline/venv/lib/python3.10/site-packages/airflow/example_dags/example_dataset_alias_with_no_taskflow.py
[2025-02-19T13:45:28.330-0600] {processor.py:925} INFO - DAG(s) 'dataset_alias_example_alias_consumer_with_no_taskflow', 'dataset_s3_bucket_producer_with_no_taskflow', 'dataset_alias_example_alias_producer_with_no_taskflow', 'dataset_s3_bucket_consumer_with_no_taskflow' retrieved from /home/dataScience/Projects/Pipeline/venv/lib/python3.10/site-packages/airflow/example_dags/example_dataset_alias_with_no_taskflow.py
[2025-02-19T13:45:28.893-0600] {logging_mixin.py:190} INFO - [2025-02-19T13:45:28.891-0600] {override.py:1930} INFO - Created Permission View: can edit on DAG:dataset_alias_example_alias_consumer_with_no_taskflow
[2025-02-19T13:45:28.939-0600] {logging_mixin.py:190} INFO - [2025-02-19T13:45:28.937-0600] {override.py:1930} INFO - Created Permission View: can delete on DAG:dataset_alias_example_alias_consumer_with_no_taskflow
[2025-02-19T13:45:28.968-0600] {logging_mixin.py:190} INFO - [2025-02-19T13:45:28.967-0600] {override.py:1930} INFO - Created Permission View: can read on DAG:dataset_alias_example_alias_consumer_with_no_taskflow
[2025-02-19T13:45:29.008-0600] {logging_mixin.py:190} INFO - [2025-02-19T13:45:29.007-0600] {override.py:1930} INFO - Created Permission View: can delete on DAG Run:dataset_alias_example_alias_consumer_with_no_taskflow
[2025-02-19T13:45:29.031-0600] {logging_mixin.py:190} INFO - [2025-02-19T13:45:29.030-0600] {override.py:1930} INFO - Created Permission View: menu access on DAG Run:dataset_alias_example_alias_consumer_with_no_taskflow
[2025-02-19T13:45:29.052-0600] {logging_mixin.py:190} INFO - [2025-02-19T13:45:29.051-0600] {override.py:1930} INFO - Created Permission View: can create on DAG Run:dataset_alias_example_alias_consumer_with_no_taskflow
[2025-02-19T13:45:29.075-0600] {logging_mixin.py:190} INFO - [2025-02-19T13:45:29.074-0600] {override.py:1930} INFO - Created Permission View: can read on DAG Run:dataset_alias_example_alias_consumer_with_no_taskflow
[2025-02-19T13:45:29.116-0600] {logging_mixin.py:190} INFO - [2025-02-19T13:45:29.116-0600] {override.py:1930} INFO - Created Permission View: can edit on DAG:dataset_s3_bucket_producer_with_no_taskflow
[2025-02-19T13:45:29.135-0600] {logging_mixin.py:190} INFO - [2025-02-19T13:45:29.134-0600] {override.py:1930} INFO - Created Permission View: can delete on DAG:dataset_s3_bucket_producer_with_no_taskflow
[2025-02-19T13:45:29.159-0600] {logging_mixin.py:190} INFO - [2025-02-19T13:45:29.157-0600] {override.py:1930} INFO - Created Permission View: can read on DAG:dataset_s3_bucket_producer_with_no_taskflow
[2025-02-19T13:45:29.192-0600] {logging_mixin.py:190} INFO - [2025-02-19T13:45:29.191-0600] {override.py:1930} INFO - Created Permission View: can delete on DAG Run:dataset_s3_bucket_producer_with_no_taskflow
[2025-02-19T13:45:29.216-0600] {logging_mixin.py:190} INFO - [2025-02-19T13:45:29.215-0600] {override.py:1930} INFO - Created Permission View: menu access on DAG Run:dataset_s3_bucket_producer_with_no_taskflow
[2025-02-19T13:45:29.235-0600] {logging_mixin.py:190} INFO - [2025-02-19T13:45:29.235-0600] {override.py:1930} INFO - Created Permission View: can create on DAG Run:dataset_s3_bucket_producer_with_no_taskflow
[2025-02-19T13:45:29.256-0600] {logging_mixin.py:190} INFO - [2025-02-19T13:45:29.255-0600] {override.py:1930} INFO - Created Permission View: can read on DAG Run:dataset_s3_bucket_producer_with_no_taskflow
[2025-02-19T13:45:29.304-0600] {logging_mixin.py:190} INFO - [2025-02-19T13:45:29.303-0600] {override.py:1930} INFO - Created Permission View: can edit on DAG:dataset_alias_example_alias_producer_with_no_taskflow
[2025-02-19T13:45:29.321-0600] {logging_mixin.py:190} INFO - [2025-02-19T13:45:29.321-0600] {override.py:1930} INFO - Created Permission View: can delete on DAG:dataset_alias_example_alias_producer_with_no_taskflow
[2025-02-19T13:45:29.340-0600] {logging_mixin.py:190} INFO - [2025-02-19T13:45:29.339-0600] {override.py:1930} INFO - Created Permission View: can read on DAG:dataset_alias_example_alias_producer_with_no_taskflow
[2025-02-19T13:45:29.371-0600] {logging_mixin.py:190} INFO - [2025-02-19T13:45:29.370-0600] {override.py:1930} INFO - Created Permission View: can delete on DAG Run:dataset_alias_example_alias_producer_with_no_taskflow
[2025-02-19T13:45:29.391-0600] {logging_mixin.py:190} INFO - [2025-02-19T13:45:29.390-0600] {override.py:1930} INFO - Created Permission View: menu access on DAG Run:dataset_alias_example_alias_producer_with_no_taskflow
[2025-02-19T13:45:29.410-0600] {logging_mixin.py:190} INFO - [2025-02-19T13:45:29.409-0600] {override.py:1930} INFO - Created Permission View: can create on DAG Run:dataset_alias_example_alias_producer_with_no_taskflow
[2025-02-19T13:45:29.428-0600] {logging_mixin.py:190} INFO - [2025-02-19T13:45:29.427-0600] {override.py:1930} INFO - Created Permission View: can read on DAG Run:dataset_alias_example_alias_producer_with_no_taskflow
[2025-02-19T13:45:29.465-0600] {logging_mixin.py:190} INFO - [2025-02-19T13:45:29.464-0600] {override.py:1930} INFO - Created Permission View: can edit on DAG:dataset_s3_bucket_consumer_with_no_taskflow
[2025-02-19T13:45:29.490-0600] {logging_mixin.py:190} INFO - [2025-02-19T13:45:29.489-0600] {override.py:1930} INFO - Created Permission View: can delete on DAG:dataset_s3_bucket_consumer_with_no_taskflow
[2025-02-19T13:45:29.511-0600] {logging_mixin.py:190} INFO - [2025-02-19T13:45:29.510-0600] {override.py:1930} INFO - Created Permission View: can read on DAG:dataset_s3_bucket_consumer_with_no_taskflow
[2025-02-19T13:45:29.543-0600] {logging_mixin.py:190} INFO - [2025-02-19T13:45:29.542-0600] {override.py:1930} INFO - Created Permission View: can delete on DAG Run:dataset_s3_bucket_consumer_with_no_taskflow
[2025-02-19T13:45:29.561-0600] {logging_mixin.py:190} INFO - [2025-02-19T13:45:29.560-0600] {override.py:1930} INFO - Created Permission View: menu access on DAG Run:dataset_s3_bucket_consumer_with_no_taskflow
[2025-02-19T13:45:29.587-0600] {logging_mixin.py:190} INFO - [2025-02-19T13:45:29.587-0600] {override.py:1930} INFO - Created Permission View: can create on DAG Run:dataset_s3_bucket_consumer_with_no_taskflow
[2025-02-19T13:45:29.612-0600] {logging_mixin.py:190} INFO - [2025-02-19T13:45:29.610-0600] {override.py:1930} INFO - Created Permission View: can read on DAG Run:dataset_s3_bucket_consumer_with_no_taskflow
[2025-02-19T13:45:29.613-0600] {logging_mixin.py:190} INFO - [2025-02-19T13:45:29.612-0600] {dag.py:3239} INFO - Sync 4 DAGs
[2025-02-19T13:45:29.632-0600] {logging_mixin.py:190} INFO - [2025-02-19T13:45:29.631-0600] {dag.py:3262} INFO - Creating ORM DAG for dataset_s3_bucket_consumer_with_no_taskflow
[2025-02-19T13:45:29.634-0600] {logging_mixin.py:190} INFO - [2025-02-19T13:45:29.634-0600] {dag.py:3262} INFO - Creating ORM DAG for dataset_alias_example_alias_producer_with_no_taskflow
[2025-02-19T13:45:29.635-0600] {logging_mixin.py:190} INFO - [2025-02-19T13:45:29.635-0600] {dag.py:3262} INFO - Creating ORM DAG for dataset_s3_bucket_producer_with_no_taskflow
[2025-02-19T13:45:29.636-0600] {logging_mixin.py:190} INFO - [2025-02-19T13:45:29.636-0600] {dag.py:3262} INFO - Creating ORM DAG for dataset_alias_example_alias_consumer_with_no_taskflow
[2025-02-19T13:45:29.658-0600] {logging_mixin.py:190} INFO - [2025-02-19T13:45:29.658-0600] {dag.py:4180} INFO - Setting next_dagrun for dataset_alias_example_alias_consumer_with_no_taskflow to None, run_after=None
[2025-02-19T13:45:29.662-0600] {logging_mixin.py:190} INFO - [2025-02-19T13:45:29.661-0600] {dag.py:4180} INFO - Setting next_dagrun for dataset_alias_example_alias_producer_with_no_taskflow to None, run_after=None
[2025-02-19T13:45:29.664-0600] {logging_mixin.py:190} INFO - [2025-02-19T13:45:29.663-0600] {dag.py:4180} INFO - Setting next_dagrun for dataset_s3_bucket_consumer_with_no_taskflow to None, run_after=None
[2025-02-19T13:45:29.665-0600] {logging_mixin.py:190} INFO - [2025-02-19T13:45:29.665-0600] {dag.py:4180} INFO - Setting next_dagrun for dataset_s3_bucket_producer_with_no_taskflow to None, run_after=None
[2025-02-19T13:45:29.734-0600] {processor.py:208} INFO - Processing /home/dataScience/Projects/Pipeline/venv/lib/python3.10/site-packages/airflow/example_dags/example_dataset_alias_with_no_taskflow.py took 1.447 seconds
[2025-02-19T13:46:44.775-0600] {processor.py:186} INFO - Started process (PID=473681) to work on /home/dataScience/Projects/Pipeline/venv/lib/python3.10/site-packages/airflow/example_dags/example_dataset_alias_with_no_taskflow.py
[2025-02-19T13:46:44.777-0600] {processor.py:914} INFO - Processing file /home/dataScience/Projects/Pipeline/venv/lib/python3.10/site-packages/airflow/example_dags/example_dataset_alias_with_no_taskflow.py for tasks to queue
[2025-02-19T13:46:44.781-0600] {logging_mixin.py:190} INFO - [2025-02-19T13:46:44.780-0600] {dagbag.py:588} INFO - Filling up the DagBag from /home/dataScience/Projects/Pipeline/venv/lib/python3.10/site-packages/airflow/example_dags/example_dataset_alias_with_no_taskflow.py
[2025-02-19T13:46:44.817-0600] {processor.py:925} INFO - DAG(s) 'dataset_s3_bucket_producer_with_no_taskflow', 'dataset_alias_example_alias_consumer_with_no_taskflow', 'dataset_alias_example_alias_producer_with_no_taskflow', 'dataset_s3_bucket_consumer_with_no_taskflow' retrieved from /home/dataScience/Projects/Pipeline/venv/lib/python3.10/site-packages/airflow/example_dags/example_dataset_alias_with_no_taskflow.py
[2025-02-19T13:46:44.856-0600] {logging_mixin.py:190} INFO - [2025-02-19T13:46:44.855-0600] {dag.py:3239} INFO - Sync 4 DAGs
[2025-02-19T13:46:44.896-0600] {logging_mixin.py:190} INFO - [2025-02-19T13:46:44.896-0600] {dag.py:4180} INFO - Setting next_dagrun for dataset_alias_example_alias_consumer_with_no_taskflow to None, run_after=None
[2025-02-19T13:46:44.900-0600] {logging_mixin.py:190} INFO - [2025-02-19T13:46:44.899-0600] {dag.py:4180} INFO - Setting next_dagrun for dataset_alias_example_alias_producer_with_no_taskflow to None, run_after=None
[2025-02-19T13:46:44.902-0600] {logging_mixin.py:190} INFO - [2025-02-19T13:46:44.901-0600] {dag.py:4180} INFO - Setting next_dagrun for dataset_s3_bucket_consumer_with_no_taskflow to None, run_after=None
[2025-02-19T13:46:44.904-0600] {logging_mixin.py:190} INFO - [2025-02-19T13:46:44.903-0600] {dag.py:4180} INFO - Setting next_dagrun for dataset_s3_bucket_producer_with_no_taskflow to None, run_after=None
[2025-02-19T13:46:44.945-0600] {processor.py:208} INFO - Processing /home/dataScience/Projects/Pipeline/venv/lib/python3.10/site-packages/airflow/example_dags/example_dataset_alias_with_no_taskflow.py took 0.180 seconds
