[2025-02-19T13:45:16.859-0600] {processor.py:186} INFO - Started process (PID=472820) to work on /home/dataScience/Projects/Pipeline/venv/lib/python3.10/site-packages/airflow/example_dags/example_dynamic_task_mapping.py
[2025-02-19T13:45:16.860-0600] {processor.py:914} INFO - Processing file /home/dataScience/Projects/Pipeline/venv/lib/python3.10/site-packages/airflow/example_dags/example_dynamic_task_mapping.py for tasks to queue
[2025-02-19T13:45:16.863-0600] {logging_mixin.py:190} INFO - [2025-02-19T13:45:16.863-0600] {dagbag.py:588} INFO - Filling up the DagBag from /home/dataScience/Projects/Pipeline/venv/lib/python3.10/site-packages/airflow/example_dags/example_dynamic_task_mapping.py
[2025-02-19T13:45:16.876-0600] {processor.py:925} INFO - DAG(s) 'example_dynamic_task_mapping' retrieved from /home/dataScience/Projects/Pipeline/venv/lib/python3.10/site-packages/airflow/example_dags/example_dynamic_task_mapping.py
[2025-02-19T13:45:17.158-0600] {logging_mixin.py:190} INFO - [2025-02-19T13:45:17.157-0600] {override.py:1930} INFO - Created Permission View: can edit on DAG:example_dynamic_task_mapping
[2025-02-19T13:45:17.185-0600] {logging_mixin.py:190} INFO - [2025-02-19T13:45:17.184-0600] {override.py:1930} INFO - Created Permission View: can delete on DAG:example_dynamic_task_mapping
[2025-02-19T13:45:17.207-0600] {logging_mixin.py:190} INFO - [2025-02-19T13:45:17.207-0600] {override.py:1930} INFO - Created Permission View: can read on DAG:example_dynamic_task_mapping
[2025-02-19T13:45:17.238-0600] {logging_mixin.py:190} INFO - [2025-02-19T13:45:17.237-0600] {override.py:1930} INFO - Created Permission View: can delete on DAG Run:example_dynamic_task_mapping
[2025-02-19T13:45:17.260-0600] {logging_mixin.py:190} INFO - [2025-02-19T13:45:17.259-0600] {override.py:1930} INFO - Created Permission View: menu access on DAG Run:example_dynamic_task_mapping
[2025-02-19T13:45:17.279-0600] {logging_mixin.py:190} INFO - [2025-02-19T13:45:17.278-0600] {override.py:1930} INFO - Created Permission View: can create on DAG Run:example_dynamic_task_mapping
[2025-02-19T13:45:17.298-0600] {logging_mixin.py:190} INFO - [2025-02-19T13:45:17.297-0600] {override.py:1930} INFO - Created Permission View: can read on DAG Run:example_dynamic_task_mapping
[2025-02-19T13:45:17.299-0600] {logging_mixin.py:190} INFO - [2025-02-19T13:45:17.298-0600] {dag.py:3239} INFO - Sync 1 DAGs
[2025-02-19T13:45:17.330-0600] {logging_mixin.py:190} INFO - [2025-02-19T13:45:17.330-0600] {dag.py:3262} INFO - Creating ORM DAG for example_dynamic_task_mapping
[2025-02-19T13:45:17.333-0600] {logging_mixin.py:190} INFO - [2025-02-19T13:45:17.332-0600] {dag.py:4180} INFO - Setting next_dagrun for example_dynamic_task_mapping to None, run_after=None
[2025-02-19T13:45:17.395-0600] {processor.py:208} INFO - Processing /home/dataScience/Projects/Pipeline/venv/lib/python3.10/site-packages/airflow/example_dags/example_dynamic_task_mapping.py took 0.544 seconds
[2025-02-19T13:46:37.184-0600] {processor.py:186} INFO - Started process (PID=473666) to work on /home/dataScience/Projects/Pipeline/venv/lib/python3.10/site-packages/airflow/example_dags/example_dynamic_task_mapping.py
[2025-02-19T13:46:37.194-0600] {processor.py:914} INFO - Processing file /home/dataScience/Projects/Pipeline/venv/lib/python3.10/site-packages/airflow/example_dags/example_dynamic_task_mapping.py for tasks to queue
[2025-02-19T13:46:37.208-0600] {logging_mixin.py:190} INFO - [2025-02-19T13:46:37.206-0600] {dagbag.py:588} INFO - Filling up the DagBag from /home/dataScience/Projects/Pipeline/venv/lib/python3.10/site-packages/airflow/example_dags/example_dynamic_task_mapping.py
[2025-02-19T13:46:37.226-0600] {processor.py:925} INFO - DAG(s) 'example_dynamic_task_mapping' retrieved from /home/dataScience/Projects/Pipeline/venv/lib/python3.10/site-packages/airflow/example_dags/example_dynamic_task_mapping.py
[2025-02-19T13:46:37.255-0600] {logging_mixin.py:190} INFO - [2025-02-19T13:46:37.255-0600] {dag.py:3239} INFO - Sync 1 DAGs
[2025-02-19T13:46:37.275-0600] {logging_mixin.py:190} INFO - [2025-02-19T13:46:37.275-0600] {dag.py:4180} INFO - Setting next_dagrun for example_dynamic_task_mapping to None, run_after=None
[2025-02-19T13:46:37.313-0600] {processor.py:208} INFO - Processing /home/dataScience/Projects/Pipeline/venv/lib/python3.10/site-packages/airflow/example_dags/example_dynamic_task_mapping.py took 0.152 seconds
