[2025-02-19T13:45:40.014-0600] {processor.py:186} INFO - Started process (PID=473186) to work on /home/dataScience/Projects/Pipeline/venv/lib/python3.10/site-packages/airflow/example_dags/example_python_operator.py
[2025-02-19T13:45:40.016-0600] {processor.py:914} INFO - Processing file /home/dataScience/Projects/Pipeline/venv/lib/python3.10/site-packages/airflow/example_dags/example_python_operator.py for tasks to queue
[2025-02-19T13:45:40.021-0600] {logging_mixin.py:190} INFO - [2025-02-19T13:45:40.020-0600] {dagbag.py:588} INFO - Filling up the DagBag from /home/dataScience/Projects/Pipeline/venv/lib/python3.10/site-packages/airflow/example_dags/example_python_operator.py
[2025-02-19T13:45:40.046-0600] {processor.py:925} INFO - DAG(s) 'example_python_operator' retrieved from /home/dataScience/Projects/Pipeline/venv/lib/python3.10/site-packages/airflow/example_dags/example_python_operator.py
[2025-02-19T13:45:40.433-0600] {logging_mixin.py:190} INFO - [2025-02-19T13:45:40.431-0600] {override.py:1930} INFO - Created Permission View: can edit on DAG:example_python_operator
[2025-02-19T13:45:40.464-0600] {logging_mixin.py:190} INFO - [2025-02-19T13:45:40.463-0600] {override.py:1930} INFO - Created Permission View: can delete on DAG:example_python_operator
[2025-02-19T13:45:40.487-0600] {logging_mixin.py:190} INFO - [2025-02-19T13:45:40.487-0600] {override.py:1930} INFO - Created Permission View: can read on DAG:example_python_operator
[2025-02-19T13:45:40.520-0600] {logging_mixin.py:190} INFO - [2025-02-19T13:45:40.519-0600] {override.py:1930} INFO - Created Permission View: can delete on DAG Run:example_python_operator
[2025-02-19T13:45:40.545-0600] {logging_mixin.py:190} INFO - [2025-02-19T13:45:40.544-0600] {override.py:1930} INFO - Created Permission View: menu access on DAG Run:example_python_operator
[2025-02-19T13:45:40.564-0600] {logging_mixin.py:190} INFO - [2025-02-19T13:45:40.564-0600] {override.py:1930} INFO - Created Permission View: can create on DAG Run:example_python_operator
[2025-02-19T13:45:40.583-0600] {logging_mixin.py:190} INFO - [2025-02-19T13:45:40.583-0600] {override.py:1930} INFO - Created Permission View: can read on DAG Run:example_python_operator
[2025-02-19T13:45:40.584-0600] {logging_mixin.py:190} INFO - [2025-02-19T13:45:40.584-0600] {dag.py:3239} INFO - Sync 1 DAGs
[2025-02-19T13:45:40.602-0600] {logging_mixin.py:190} INFO - [2025-02-19T13:45:40.602-0600] {dag.py:3262} INFO - Creating ORM DAG for example_python_operator
[2025-02-19T13:45:40.604-0600] {logging_mixin.py:190} INFO - [2025-02-19T13:45:40.603-0600] {dag.py:4180} INFO - Setting next_dagrun for example_python_operator to None, run_after=None
[2025-02-19T13:45:40.640-0600] {processor.py:208} INFO - Processing /home/dataScience/Projects/Pipeline/venv/lib/python3.10/site-packages/airflow/example_dags/example_python_operator.py took 0.637 seconds
[2025-02-19T13:47:09.544-0600] {processor.py:186} INFO - Started process (PID=473822) to work on /home/dataScience/Projects/Pipeline/venv/lib/python3.10/site-packages/airflow/example_dags/example_python_operator.py
[2025-02-19T13:47:09.548-0600] {processor.py:914} INFO - Processing file /home/dataScience/Projects/Pipeline/venv/lib/python3.10/site-packages/airflow/example_dags/example_python_operator.py for tasks to queue
[2025-02-19T13:47:09.551-0600] {logging_mixin.py:190} INFO - [2025-02-19T13:47:09.550-0600] {dagbag.py:588} INFO - Filling up the DagBag from /home/dataScience/Projects/Pipeline/venv/lib/python3.10/site-packages/airflow/example_dags/example_python_operator.py
[2025-02-19T13:47:09.569-0600] {processor.py:925} INFO - DAG(s) 'example_python_operator' retrieved from /home/dataScience/Projects/Pipeline/venv/lib/python3.10/site-packages/airflow/example_dags/example_python_operator.py
[2025-02-19T13:47:09.594-0600] {logging_mixin.py:190} INFO - [2025-02-19T13:47:09.593-0600] {dag.py:3239} INFO - Sync 1 DAGs
[2025-02-19T13:47:09.611-0600] {logging_mixin.py:190} INFO - [2025-02-19T13:47:09.611-0600] {dag.py:4180} INFO - Setting next_dagrun for example_python_operator to None, run_after=None
[2025-02-19T13:47:09.647-0600] {processor.py:208} INFO - Processing /home/dataScience/Projects/Pipeline/venv/lib/python3.10/site-packages/airflow/example_dags/example_python_operator.py took 0.111 seconds
