[2025-02-19T13:45:14.787-0600] {processor.py:186} INFO - Started process (PID=472788) to work on /home/dataScience/Projects/Pipeline/venv/lib/python3.10/site-packages/airflow/example_dags/example_branch_operator_decorator.py
[2025-02-19T13:45:14.788-0600] {processor.py:914} INFO - Processing file /home/dataScience/Projects/Pipeline/venv/lib/python3.10/site-packages/airflow/example_dags/example_branch_operator_decorator.py for tasks to queue
[2025-02-19T13:45:14.792-0600] {logging_mixin.py:190} INFO - [2025-02-19T13:45:14.792-0600] {dagbag.py:588} INFO - Filling up the DagBag from /home/dataScience/Projects/Pipeline/venv/lib/python3.10/site-packages/airflow/example_dags/example_branch_operator_decorator.py
[2025-02-19T13:45:14.832-0600] {processor.py:925} INFO - DAG(s) 'example_branch_python_operator_decorator' retrieved from /home/dataScience/Projects/Pipeline/venv/lib/python3.10/site-packages/airflow/example_dags/example_branch_operator_decorator.py
[2025-02-19T13:45:15.498-0600] {logging_mixin.py:190} INFO - [2025-02-19T13:45:15.497-0600] {override.py:1930} INFO - Created Permission View: can edit on DAG:example_branch_python_operator_decorator
[2025-02-19T13:45:15.530-0600] {logging_mixin.py:190} INFO - [2025-02-19T13:45:15.529-0600] {override.py:1930} INFO - Created Permission View: can delete on DAG:example_branch_python_operator_decorator
[2025-02-19T13:45:15.558-0600] {logging_mixin.py:190} INFO - [2025-02-19T13:45:15.557-0600] {override.py:1930} INFO - Created Permission View: can read on DAG:example_branch_python_operator_decorator
[2025-02-19T13:45:15.590-0600] {logging_mixin.py:190} INFO - [2025-02-19T13:45:15.589-0600] {override.py:1930} INFO - Created Permission View: can delete on DAG Run:example_branch_python_operator_decorator
[2025-02-19T13:45:15.610-0600] {logging_mixin.py:190} INFO - [2025-02-19T13:45:15.609-0600] {override.py:1930} INFO - Created Permission View: menu access on DAG Run:example_branch_python_operator_decorator
[2025-02-19T13:45:15.631-0600] {logging_mixin.py:190} INFO - [2025-02-19T13:45:15.630-0600] {override.py:1930} INFO - Created Permission View: can create on DAG Run:example_branch_python_operator_decorator
[2025-02-19T13:45:15.653-0600] {logging_mixin.py:190} INFO - [2025-02-19T13:45:15.652-0600] {override.py:1930} INFO - Created Permission View: can read on DAG Run:example_branch_python_operator_decorator
[2025-02-19T13:45:15.654-0600] {logging_mixin.py:190} INFO - [2025-02-19T13:45:15.653-0600] {dag.py:3239} INFO - Sync 1 DAGs
[2025-02-19T13:45:15.679-0600] {logging_mixin.py:190} INFO - [2025-02-19T13:45:15.679-0600] {dag.py:3262} INFO - Creating ORM DAG for example_branch_python_operator_decorator
[2025-02-19T13:45:15.698-0600] {logging_mixin.py:190} INFO - [2025-02-19T13:45:15.697-0600] {dag.py:4180} INFO - Setting next_dagrun for example_branch_python_operator_decorator to 2025-02-18 00:00:00+00:00, run_after=2025-02-19 00:00:00+00:00
[2025-02-19T13:45:15.736-0600] {processor.py:208} INFO - Processing /home/dataScience/Projects/Pipeline/venv/lib/python3.10/site-packages/airflow/example_dags/example_branch_operator_decorator.py took 0.957 seconds
[2025-02-19T13:46:35.814-0600] {processor.py:186} INFO - Started process (PID=473662) to work on /home/dataScience/Projects/Pipeline/venv/lib/python3.10/site-packages/airflow/example_dags/example_branch_operator_decorator.py
[2025-02-19T13:46:35.819-0600] {processor.py:914} INFO - Processing file /home/dataScience/Projects/Pipeline/venv/lib/python3.10/site-packages/airflow/example_dags/example_branch_operator_decorator.py for tasks to queue
[2025-02-19T13:46:35.824-0600] {logging_mixin.py:190} INFO - [2025-02-19T13:46:35.823-0600] {dagbag.py:588} INFO - Filling up the DagBag from /home/dataScience/Projects/Pipeline/venv/lib/python3.10/site-packages/airflow/example_dags/example_branch_operator_decorator.py
[2025-02-19T13:46:35.889-0600] {processor.py:925} INFO - DAG(s) 'example_branch_python_operator_decorator' retrieved from /home/dataScience/Projects/Pipeline/venv/lib/python3.10/site-packages/airflow/example_dags/example_branch_operator_decorator.py
[2025-02-19T13:46:35.950-0600] {logging_mixin.py:190} INFO - [2025-02-19T13:46:35.949-0600] {dag.py:3239} INFO - Sync 1 DAGs
[2025-02-19T13:46:35.988-0600] {logging_mixin.py:190} INFO - [2025-02-19T13:46:35.988-0600] {dag.py:4180} INFO - Setting next_dagrun for example_branch_python_operator_decorator to 2025-02-18 00:00:00+00:00, run_after=2025-02-19 00:00:00+00:00
[2025-02-19T13:46:36.030-0600] {processor.py:208} INFO - Processing /home/dataScience/Projects/Pipeline/venv/lib/python3.10/site-packages/airflow/example_dags/example_branch_operator_decorator.py took 0.228 seconds
