[2025-02-19T13:45:11.637-0600] {processor.py:186} INFO - Started process (PID=472753) to work on /home/dataScience/Projects/Pipeline/venv/lib/python3.10/site-packages/airflow/example_dags/example_latest_only_with_trigger.py
[2025-02-19T13:45:11.638-0600] {processor.py:914} INFO - Processing file /home/dataScience/Projects/Pipeline/venv/lib/python3.10/site-packages/airflow/example_dags/example_latest_only_with_trigger.py for tasks to queue
[2025-02-19T13:45:11.642-0600] {logging_mixin.py:190} INFO - [2025-02-19T13:45:11.641-0600] {dagbag.py:588} INFO - Filling up the DagBag from /home/dataScience/Projects/Pipeline/venv/lib/python3.10/site-packages/airflow/example_dags/example_latest_only_with_trigger.py
[2025-02-19T13:45:11.655-0600] {processor.py:925} INFO - DAG(s) 'latest_only_with_trigger' retrieved from /home/dataScience/Projects/Pipeline/venv/lib/python3.10/site-packages/airflow/example_dags/example_latest_only_with_trigger.py
[2025-02-19T13:45:12.052-0600] {logging_mixin.py:190} INFO - [2025-02-19T13:45:12.050-0600] {override.py:1930} INFO - Created Permission View: can edit on DAG:latest_only_with_trigger
[2025-02-19T13:45:12.082-0600] {logging_mixin.py:190} INFO - [2025-02-19T13:45:12.081-0600] {override.py:1930} INFO - Created Permission View: can delete on DAG:latest_only_with_trigger
[2025-02-19T13:45:12.112-0600] {logging_mixin.py:190} INFO - [2025-02-19T13:45:12.112-0600] {override.py:1930} INFO - Created Permission View: can read on DAG:latest_only_with_trigger
[2025-02-19T13:45:12.152-0600] {logging_mixin.py:190} INFO - [2025-02-19T13:45:12.151-0600] {override.py:1930} INFO - Created Permission View: can delete on DAG Run:latest_only_with_trigger
[2025-02-19T13:45:12.181-0600] {logging_mixin.py:190} INFO - [2025-02-19T13:45:12.180-0600] {override.py:1930} INFO - Created Permission View: menu access on DAG Run:latest_only_with_trigger
[2025-02-19T13:45:12.203-0600] {logging_mixin.py:190} INFO - [2025-02-19T13:45:12.202-0600] {override.py:1930} INFO - Created Permission View: can create on DAG Run:latest_only_with_trigger
[2025-02-19T13:45:12.230-0600] {logging_mixin.py:190} INFO - [2025-02-19T13:45:12.228-0600] {override.py:1930} INFO - Created Permission View: can read on DAG Run:latest_only_with_trigger
[2025-02-19T13:45:12.232-0600] {logging_mixin.py:190} INFO - [2025-02-19T13:45:12.231-0600] {dag.py:3239} INFO - Sync 1 DAGs
[2025-02-19T13:45:12.255-0600] {logging_mixin.py:190} INFO - [2025-02-19T13:45:12.255-0600] {dag.py:3262} INFO - Creating ORM DAG for latest_only_with_trigger
[2025-02-19T13:45:12.272-0600] {logging_mixin.py:190} INFO - [2025-02-19T13:45:12.271-0600] {dag.py:4180} INFO - Setting next_dagrun for latest_only_with_trigger to 2025-02-19 12:00:00+00:00, run_after=2025-02-19 16:00:00+00:00
[2025-02-19T13:45:12.320-0600] {processor.py:208} INFO - Processing /home/dataScience/Projects/Pipeline/venv/lib/python3.10/site-packages/airflow/example_dags/example_latest_only_with_trigger.py took 0.693 seconds
[2025-02-19T13:46:33.010-0600] {processor.py:186} INFO - Started process (PID=473660) to work on /home/dataScience/Projects/Pipeline/venv/lib/python3.10/site-packages/airflow/example_dags/example_latest_only_with_trigger.py
[2025-02-19T13:46:33.012-0600] {processor.py:914} INFO - Processing file /home/dataScience/Projects/Pipeline/venv/lib/python3.10/site-packages/airflow/example_dags/example_latest_only_with_trigger.py for tasks to queue
[2025-02-19T13:46:33.017-0600] {logging_mixin.py:190} INFO - [2025-02-19T13:46:33.016-0600] {dagbag.py:588} INFO - Filling up the DagBag from /home/dataScience/Projects/Pipeline/venv/lib/python3.10/site-packages/airflow/example_dags/example_latest_only_with_trigger.py
[2025-02-19T13:46:33.037-0600] {processor.py:925} INFO - DAG(s) 'latest_only_with_trigger' retrieved from /home/dataScience/Projects/Pipeline/venv/lib/python3.10/site-packages/airflow/example_dags/example_latest_only_with_trigger.py
[2025-02-19T13:46:33.068-0600] {logging_mixin.py:190} INFO - [2025-02-19T13:46:33.067-0600] {dag.py:3239} INFO - Sync 1 DAGs
[2025-02-19T13:46:33.104-0600] {logging_mixin.py:190} INFO - [2025-02-19T13:46:33.104-0600] {dag.py:4180} INFO - Setting next_dagrun for latest_only_with_trigger to 2025-02-19 12:00:00+00:00, run_after=2025-02-19 16:00:00+00:00
[2025-02-19T13:46:33.145-0600] {processor.py:208} INFO - Processing /home/dataScience/Projects/Pipeline/venv/lib/python3.10/site-packages/airflow/example_dags/example_latest_only_with_trigger.py took 0.145 seconds
