[2025-02-19T13:45:18.550-0600] {processor.py:186} INFO - Started process (PID=472824) to work on /home/dataScience/Projects/Pipeline/venv/lib/python3.10/site-packages/airflow/example_dags/example_display_name.py
[2025-02-19T13:45:18.552-0600] {processor.py:914} INFO - Processing file /home/dataScience/Projects/Pipeline/venv/lib/python3.10/site-packages/airflow/example_dags/example_display_name.py for tasks to queue
[2025-02-19T13:45:18.557-0600] {logging_mixin.py:190} INFO - [2025-02-19T13:45:18.556-0600] {dagbag.py:588} INFO - Filling up the DagBag from /home/dataScience/Projects/Pipeline/venv/lib/python3.10/site-packages/airflow/example_dags/example_display_name.py
[2025-02-19T13:45:18.572-0600] {processor.py:925} INFO - DAG(s) 'example_display_name' retrieved from /home/dataScience/Projects/Pipeline/venv/lib/python3.10/site-packages/airflow/example_dags/example_display_name.py
[2025-02-19T13:45:19.078-0600] {logging_mixin.py:190} INFO - [2025-02-19T13:45:19.076-0600] {override.py:1930} INFO - Created Permission View: can edit on DAG:example_display_name
[2025-02-19T13:45:19.113-0600] {logging_mixin.py:190} INFO - [2025-02-19T13:45:19.112-0600] {override.py:1930} INFO - Created Permission View: can delete on DAG:example_display_name
[2025-02-19T13:45:19.144-0600] {logging_mixin.py:190} INFO - [2025-02-19T13:45:19.143-0600] {override.py:1930} INFO - Created Permission View: can read on DAG:example_display_name
[2025-02-19T13:45:19.212-0600] {logging_mixin.py:190} INFO - [2025-02-19T13:45:19.211-0600] {override.py:1930} INFO - Created Permission View: can delete on DAG Run:example_display_name
[2025-02-19T13:45:19.281-0600] {logging_mixin.py:190} INFO - [2025-02-19T13:45:19.279-0600] {override.py:1930} INFO - Created Permission View: menu access on DAG Run:example_display_name
[2025-02-19T13:45:19.320-0600] {logging_mixin.py:190} INFO - [2025-02-19T13:45:19.318-0600] {override.py:1930} INFO - Created Permission View: can create on DAG Run:example_display_name
[2025-02-19T13:45:19.363-0600] {logging_mixin.py:190} INFO - [2025-02-19T13:45:19.361-0600] {override.py:1930} INFO - Created Permission View: can read on DAG Run:example_display_name
[2025-02-19T13:45:19.364-0600] {logging_mixin.py:190} INFO - [2025-02-19T13:45:19.363-0600] {dag.py:3239} INFO - Sync 1 DAGs
[2025-02-19T13:45:19.498-0600] {logging_mixin.py:190} INFO - [2025-02-19T13:45:19.497-0600] {dag.py:3262} INFO - Creating ORM DAG for example_display_name
[2025-02-19T13:45:19.502-0600] {logging_mixin.py:190} INFO - [2025-02-19T13:45:19.502-0600] {dag.py:4180} INFO - Setting next_dagrun for example_display_name to None, run_after=None
[2025-02-19T13:45:19.601-0600] {processor.py:208} INFO - Processing /home/dataScience/Projects/Pipeline/venv/lib/python3.10/site-packages/airflow/example_dags/example_display_name.py took 1.060 seconds
[2025-02-19T13:46:38.318-0600] {processor.py:186} INFO - Started process (PID=473670) to work on /home/dataScience/Projects/Pipeline/venv/lib/python3.10/site-packages/airflow/example_dags/example_display_name.py
[2025-02-19T13:46:38.323-0600] {processor.py:914} INFO - Processing file /home/dataScience/Projects/Pipeline/venv/lib/python3.10/site-packages/airflow/example_dags/example_display_name.py for tasks to queue
[2025-02-19T13:46:38.327-0600] {logging_mixin.py:190} INFO - [2025-02-19T13:46:38.326-0600] {dagbag.py:588} INFO - Filling up the DagBag from /home/dataScience/Projects/Pipeline/venv/lib/python3.10/site-packages/airflow/example_dags/example_display_name.py
[2025-02-19T13:46:38.342-0600] {processor.py:925} INFO - DAG(s) 'example_display_name' retrieved from /home/dataScience/Projects/Pipeline/venv/lib/python3.10/site-packages/airflow/example_dags/example_display_name.py
[2025-02-19T13:46:38.367-0600] {logging_mixin.py:190} INFO - [2025-02-19T13:46:38.367-0600] {dag.py:3239} INFO - Sync 1 DAGs
[2025-02-19T13:46:38.390-0600] {logging_mixin.py:190} INFO - [2025-02-19T13:46:38.389-0600] {dag.py:4180} INFO - Setting next_dagrun for example_display_name to None, run_after=None
[2025-02-19T13:46:38.442-0600] {processor.py:208} INFO - Processing /home/dataScience/Projects/Pipeline/venv/lib/python3.10/site-packages/airflow/example_dags/example_display_name.py took 0.135 seconds
