[2025-02-19T13:43:32.652-0600] {processor.py:186} INFO - Started process (PID=471566) to work on /home/dataScience/Projects/Pipeline/venv/lib/python3.10/site-packages/airflow/example_dags/example_sensors.py
[2025-02-19T13:43:32.653-0600] {processor.py:914} INFO - Processing file /home/dataScience/Projects/Pipeline/venv/lib/python3.10/site-packages/airflow/example_dags/example_sensors.py for tasks to queue
[2025-02-19T13:43:32.657-0600] {logging_mixin.py:190} INFO - [2025-02-19T13:43:32.656-0600] {dagbag.py:588} INFO - Filling up the DagBag from /home/dataScience/Projects/Pipeline/venv/lib/python3.10/site-packages/airflow/example_dags/example_sensors.py
[2025-02-19T13:43:32.678-0600] {processor.py:925} INFO - DAG(s) 'example_sensors' retrieved from /home/dataScience/Projects/Pipeline/venv/lib/python3.10/site-packages/airflow/example_dags/example_sensors.py
[2025-02-19T13:43:33.347-0600] {logging_mixin.py:190} INFO - [2025-02-19T13:43:33.346-0600] {override.py:1930} INFO - Created Permission View: can read on DAG:example_sensors
[2025-02-19T13:43:33.533-0600] {logging_mixin.py:190} INFO - [2025-02-19T13:43:33.532-0600] {override.py:1930} INFO - Created Permission View: can edit on DAG:example_sensors
[2025-02-19T13:43:33.572-0600] {logging_mixin.py:190} INFO - [2025-02-19T13:43:33.571-0600] {override.py:1930} INFO - Created Permission View: can delete on DAG:example_sensors
[2025-02-19T13:43:33.668-0600] {logging_mixin.py:190} INFO - [2025-02-19T13:43:33.666-0600] {override.py:1930} INFO - Created Permission View: can read on DAG Run:example_sensors
[2025-02-19T13:43:33.768-0600] {logging_mixin.py:190} INFO - [2025-02-19T13:43:33.767-0600] {override.py:1930} INFO - Created Permission View: can create on DAG Run:example_sensors
[2025-02-19T13:43:33.786-0600] {logging_mixin.py:190} INFO - [2025-02-19T13:43:33.785-0600] {override.py:1930} INFO - Created Permission View: menu access on DAG Run:example_sensors
[2025-02-19T13:43:33.816-0600] {logging_mixin.py:190} INFO - [2025-02-19T13:43:33.815-0600] {override.py:1930} INFO - Created Permission View: can delete on DAG Run:example_sensors
[2025-02-19T13:43:33.818-0600] {logging_mixin.py:190} INFO - [2025-02-19T13:43:33.817-0600] {dag.py:3239} INFO - Sync 1 DAGs
[2025-02-19T13:43:33.847-0600] {logging_mixin.py:190} INFO - [2025-02-19T13:43:33.847-0600] {dag.py:3262} INFO - Creating ORM DAG for example_sensors
[2025-02-19T13:43:33.850-0600] {logging_mixin.py:190} INFO - [2025-02-19T13:43:33.849-0600] {dag.py:4180} INFO - Setting next_dagrun for example_sensors to None, run_after=None
[2025-02-19T13:43:33.926-0600] {processor.py:208} INFO - Processing /home/dataScience/Projects/Pipeline/venv/lib/python3.10/site-packages/airflow/example_dags/example_sensors.py took 1.287 seconds
[2025-02-19T13:44:37.400-0600] {processor.py:186} INFO - Started process (PID=472279) to work on /home/dataScience/Projects/Pipeline/venv/lib/python3.10/site-packages/airflow/example_dags/example_sensors.py
[2025-02-19T13:44:37.412-0600] {processor.py:914} INFO - Processing file /home/dataScience/Projects/Pipeline/venv/lib/python3.10/site-packages/airflow/example_dags/example_sensors.py for tasks to queue
[2025-02-19T13:44:37.432-0600] {logging_mixin.py:190} INFO - [2025-02-19T13:44:37.429-0600] {dagbag.py:588} INFO - Filling up the DagBag from /home/dataScience/Projects/Pipeline/venv/lib/python3.10/site-packages/airflow/example_dags/example_sensors.py
[2025-02-19T13:44:37.529-0600] {processor.py:925} INFO - DAG(s) 'example_sensors' retrieved from /home/dataScience/Projects/Pipeline/venv/lib/python3.10/site-packages/airflow/example_dags/example_sensors.py
[2025-02-19T13:44:37.717-0600] {logging_mixin.py:190} INFO - [2025-02-19T13:44:37.716-0600] {dag.py:3239} INFO - Sync 1 DAGs
[2025-02-19T13:44:37.780-0600] {logging_mixin.py:190} INFO - [2025-02-19T13:44:37.779-0600] {dag.py:4180} INFO - Setting next_dagrun for example_sensors to None, run_after=None
[2025-02-19T13:44:37.876-0600] {processor.py:208} INFO - Processing /home/dataScience/Projects/Pipeline/venv/lib/python3.10/site-packages/airflow/example_dags/example_sensors.py took 0.543 seconds
[2025-02-19T13:46:06.677-0600] {processor.py:186} INFO - Started process (PID=473388) to work on /home/dataScience/Projects/Pipeline/venv/lib/python3.10/site-packages/airflow/example_dags/example_sensors.py
[2025-02-19T13:46:06.679-0600] {processor.py:914} INFO - Processing file /home/dataScience/Projects/Pipeline/venv/lib/python3.10/site-packages/airflow/example_dags/example_sensors.py for tasks to queue
[2025-02-19T13:46:06.682-0600] {logging_mixin.py:190} INFO - [2025-02-19T13:46:06.682-0600] {dagbag.py:588} INFO - Filling up the DagBag from /home/dataScience/Projects/Pipeline/venv/lib/python3.10/site-packages/airflow/example_dags/example_sensors.py
[2025-02-19T13:46:06.702-0600] {processor.py:925} INFO - DAG(s) 'example_sensors' retrieved from /home/dataScience/Projects/Pipeline/venv/lib/python3.10/site-packages/airflow/example_dags/example_sensors.py
[2025-02-19T13:46:06.734-0600] {logging_mixin.py:190} INFO - [2025-02-19T13:46:06.733-0600] {dag.py:3239} INFO - Sync 1 DAGs
[2025-02-19T13:46:06.750-0600] {logging_mixin.py:190} INFO - [2025-02-19T13:46:06.750-0600] {dag.py:4180} INFO - Setting next_dagrun for example_sensors to None, run_after=None
[2025-02-19T13:46:06.785-0600] {processor.py:208} INFO - Processing /home/dataScience/Projects/Pipeline/venv/lib/python3.10/site-packages/airflow/example_dags/example_sensors.py took 0.117 seconds
[2025-02-19T13:46:52.593-0600] {processor.py:186} INFO - Started process (PID=473718) to work on /home/dataScience/Projects/Pipeline/venv/lib/python3.10/site-packages/airflow/example_dags/example_sensors.py
[2025-02-19T13:46:52.596-0600] {processor.py:914} INFO - Processing file /home/dataScience/Projects/Pipeline/venv/lib/python3.10/site-packages/airflow/example_dags/example_sensors.py for tasks to queue
[2025-02-19T13:46:52.600-0600] {logging_mixin.py:190} INFO - [2025-02-19T13:46:52.599-0600] {dagbag.py:588} INFO - Filling up the DagBag from /home/dataScience/Projects/Pipeline/venv/lib/python3.10/site-packages/airflow/example_dags/example_sensors.py
[2025-02-19T13:46:52.629-0600] {processor.py:925} INFO - DAG(s) 'example_sensors' retrieved from /home/dataScience/Projects/Pipeline/venv/lib/python3.10/site-packages/airflow/example_dags/example_sensors.py
[2025-02-19T13:46:52.691-0600] {logging_mixin.py:190} INFO - [2025-02-19T13:46:52.690-0600] {dag.py:3239} INFO - Sync 1 DAGs
[2025-02-19T13:46:52.742-0600] {logging_mixin.py:190} INFO - [2025-02-19T13:46:52.741-0600] {dag.py:4180} INFO - Setting next_dagrun for example_sensors to None, run_after=None
[2025-02-19T13:46:52.811-0600] {processor.py:208} INFO - Processing /home/dataScience/Projects/Pipeline/venv/lib/python3.10/site-packages/airflow/example_dags/example_sensors.py took 0.230 seconds
