[2025-02-19T13:43:38.724-0600] {processor.py:186} INFO - Started process (PID=471642) to work on /home/dataScience/Projects/Pipeline/venv/lib/python3.10/site-packages/airflow/example_dags/example_workday_timetable.py
[2025-02-19T13:43:38.726-0600] {processor.py:914} INFO - Processing file /home/dataScience/Projects/Pipeline/venv/lib/python3.10/site-packages/airflow/example_dags/example_workday_timetable.py for tasks to queue
[2025-02-19T13:43:38.729-0600] {logging_mixin.py:190} INFO - [2025-02-19T13:43:38.729-0600] {dagbag.py:588} INFO - Filling up the DagBag from /home/dataScience/Projects/Pipeline/venv/lib/python3.10/site-packages/airflow/example_dags/example_workday_timetable.py
[2025-02-19T13:43:38.739-0600] {processor.py:925} INFO - DAG(s) 'example_workday_timetable' retrieved from /home/dataScience/Projects/Pipeline/venv/lib/python3.10/site-packages/airflow/example_dags/example_workday_timetable.py
[2025-02-19T13:43:39.044-0600] {logging_mixin.py:190} INFO - [2025-02-19T13:43:39.043-0600] {override.py:1930} INFO - Created Permission View: can read on DAG:example_workday_timetable
[2025-02-19T13:43:39.066-0600] {logging_mixin.py:190} INFO - [2025-02-19T13:43:39.066-0600] {override.py:1930} INFO - Created Permission View: can edit on DAG:example_workday_timetable
[2025-02-19T13:43:39.086-0600] {logging_mixin.py:190} INFO - [2025-02-19T13:43:39.085-0600] {override.py:1930} INFO - Created Permission View: can delete on DAG:example_workday_timetable
[2025-02-19T13:43:39.117-0600] {logging_mixin.py:190} INFO - [2025-02-19T13:43:39.116-0600] {override.py:1930} INFO - Created Permission View: can read on DAG Run:example_workday_timetable
[2025-02-19T13:43:39.137-0600] {logging_mixin.py:190} INFO - [2025-02-19T13:43:39.137-0600] {override.py:1930} INFO - Created Permission View: can create on DAG Run:example_workday_timetable
[2025-02-19T13:43:39.157-0600] {logging_mixin.py:190} INFO - [2025-02-19T13:43:39.157-0600] {override.py:1930} INFO - Created Permission View: menu access on DAG Run:example_workday_timetable
[2025-02-19T13:43:39.176-0600] {logging_mixin.py:190} INFO - [2025-02-19T13:43:39.176-0600] {override.py:1930} INFO - Created Permission View: can delete on DAG Run:example_workday_timetable
[2025-02-19T13:43:39.177-0600] {logging_mixin.py:190} INFO - [2025-02-19T13:43:39.177-0600] {dag.py:3239} INFO - Sync 1 DAGs
[2025-02-19T13:43:39.195-0600] {logging_mixin.py:190} INFO - [2025-02-19T13:43:39.194-0600] {dag.py:3262} INFO - Creating ORM DAG for example_workday_timetable
[2025-02-19T13:43:39.208-0600] {logging_mixin.py:190} INFO - [2025-02-19T13:43:39.208-0600] {dag.py:4180} INFO - Setting next_dagrun for example_workday_timetable to 2021-01-01 00:00:00+00:00, run_after=2021-01-02 00:00:00+00:00
[2025-02-19T13:43:39.255-0600] {processor.py:208} INFO - Processing /home/dataScience/Projects/Pipeline/venv/lib/python3.10/site-packages/airflow/example_dags/example_workday_timetable.py took 0.540 seconds
[2025-02-19T13:44:42.420-0600] {processor.py:186} INFO - Started process (PID=472362) to work on /home/dataScience/Projects/Pipeline/venv/lib/python3.10/site-packages/airflow/example_dags/example_workday_timetable.py
[2025-02-19T13:44:42.424-0600] {processor.py:914} INFO - Processing file /home/dataScience/Projects/Pipeline/venv/lib/python3.10/site-packages/airflow/example_dags/example_workday_timetable.py for tasks to queue
[2025-02-19T13:44:42.428-0600] {logging_mixin.py:190} INFO - [2025-02-19T13:44:42.428-0600] {dagbag.py:588} INFO - Filling up the DagBag from /home/dataScience/Projects/Pipeline/venv/lib/python3.10/site-packages/airflow/example_dags/example_workday_timetable.py
[2025-02-19T13:44:42.444-0600] {processor.py:925} INFO - DAG(s) 'example_workday_timetable' retrieved from /home/dataScience/Projects/Pipeline/venv/lib/python3.10/site-packages/airflow/example_dags/example_workday_timetable.py
[2025-02-19T13:44:42.478-0600] {logging_mixin.py:190} INFO - [2025-02-19T13:44:42.477-0600] {dag.py:3239} INFO - Sync 1 DAGs
[2025-02-19T13:44:42.513-0600] {logging_mixin.py:190} INFO - [2025-02-19T13:44:42.512-0600] {dag.py:4180} INFO - Setting next_dagrun for example_workday_timetable to 2021-01-01 00:00:00+00:00, run_after=2021-01-02 00:00:00+00:00
[2025-02-19T13:44:42.559-0600] {processor.py:208} INFO - Processing /home/dataScience/Projects/Pipeline/venv/lib/python3.10/site-packages/airflow/example_dags/example_workday_timetable.py took 0.158 seconds
[2025-02-19T13:46:10.523-0600] {processor.py:186} INFO - Started process (PID=473451) to work on /home/dataScience/Projects/Pipeline/venv/lib/python3.10/site-packages/airflow/example_dags/example_workday_timetable.py
[2025-02-19T13:46:10.526-0600] {processor.py:914} INFO - Processing file /home/dataScience/Projects/Pipeline/venv/lib/python3.10/site-packages/airflow/example_dags/example_workday_timetable.py for tasks to queue
[2025-02-19T13:46:10.531-0600] {logging_mixin.py:190} INFO - [2025-02-19T13:46:10.530-0600] {dagbag.py:588} INFO - Filling up the DagBag from /home/dataScience/Projects/Pipeline/venv/lib/python3.10/site-packages/airflow/example_dags/example_workday_timetable.py
[2025-02-19T13:46:10.545-0600] {processor.py:925} INFO - DAG(s) 'example_workday_timetable' retrieved from /home/dataScience/Projects/Pipeline/venv/lib/python3.10/site-packages/airflow/example_dags/example_workday_timetable.py
[2025-02-19T13:46:10.576-0600] {logging_mixin.py:190} INFO - [2025-02-19T13:46:10.575-0600] {dag.py:3239} INFO - Sync 1 DAGs
[2025-02-19T13:46:10.617-0600] {logging_mixin.py:190} INFO - [2025-02-19T13:46:10.616-0600] {dag.py:4180} INFO - Setting next_dagrun for example_workday_timetable to 2021-01-01 00:00:00+00:00, run_after=2021-01-02 00:00:00+00:00
[2025-02-19T13:46:10.666-0600] {processor.py:208} INFO - Processing /home/dataScience/Projects/Pipeline/venv/lib/python3.10/site-packages/airflow/example_dags/example_workday_timetable.py took 0.158 seconds
[2025-02-19T13:46:56.417-0600] {processor.py:186} INFO - Started process (PID=473727) to work on /home/dataScience/Projects/Pipeline/venv/lib/python3.10/site-packages/airflow/example_dags/example_workday_timetable.py
[2025-02-19T13:46:56.419-0600] {processor.py:914} INFO - Processing file /home/dataScience/Projects/Pipeline/venv/lib/python3.10/site-packages/airflow/example_dags/example_workday_timetable.py for tasks to queue
[2025-02-19T13:46:56.423-0600] {logging_mixin.py:190} INFO - [2025-02-19T13:46:56.422-0600] {dagbag.py:588} INFO - Filling up the DagBag from /home/dataScience/Projects/Pipeline/venv/lib/python3.10/site-packages/airflow/example_dags/example_workday_timetable.py
[2025-02-19T13:46:56.433-0600] {processor.py:925} INFO - DAG(s) 'example_workday_timetable' retrieved from /home/dataScience/Projects/Pipeline/venv/lib/python3.10/site-packages/airflow/example_dags/example_workday_timetable.py
[2025-02-19T13:46:56.454-0600] {logging_mixin.py:190} INFO - [2025-02-19T13:46:56.454-0600] {dag.py:3239} INFO - Sync 1 DAGs
[2025-02-19T13:46:56.492-0600] {logging_mixin.py:190} INFO - [2025-02-19T13:46:56.492-0600] {dag.py:4180} INFO - Setting next_dagrun for example_workday_timetable to 2021-01-01 00:00:00+00:00, run_after=2021-01-02 00:00:00+00:00
[2025-02-19T13:46:56.535-0600] {processor.py:208} INFO - Processing /home/dataScience/Projects/Pipeline/venv/lib/python3.10/site-packages/airflow/example_dags/example_workday_timetable.py took 0.127 seconds
