[2025-02-19T13:45:38.339-0600] {processor.py:186} INFO - Started process (PID=473185) to work on /home/dataScience/Projects/Pipeline/venv/lib/python3.10/site-packages/airflow/example_dags/example_branch_python_dop_operator_3.py
[2025-02-19T13:45:38.341-0600] {processor.py:914} INFO - Processing file /home/dataScience/Projects/Pipeline/venv/lib/python3.10/site-packages/airflow/example_dags/example_branch_python_dop_operator_3.py for tasks to queue
[2025-02-19T13:45:38.345-0600] {logging_mixin.py:190} INFO - [2025-02-19T13:45:38.344-0600] {dagbag.py:588} INFO - Filling up the DagBag from /home/dataScience/Projects/Pipeline/venv/lib/python3.10/site-packages/airflow/example_dags/example_branch_python_dop_operator_3.py
[2025-02-19T13:45:38.361-0600] {processor.py:925} INFO - DAG(s) 'example_branch_dop_operator_v3' retrieved from /home/dataScience/Projects/Pipeline/venv/lib/python3.10/site-packages/airflow/example_dags/example_branch_python_dop_operator_3.py
[2025-02-19T13:45:38.627-0600] {logging_mixin.py:190} INFO - [2025-02-19T13:45:38.626-0600] {override.py:1930} INFO - Created Permission View: can edit on DAG:example_branch_dop_operator_v3
[2025-02-19T13:45:38.651-0600] {logging_mixin.py:190} INFO - [2025-02-19T13:45:38.650-0600] {override.py:1930} INFO - Created Permission View: can delete on DAG:example_branch_dop_operator_v3
[2025-02-19T13:45:38.673-0600] {logging_mixin.py:190} INFO - [2025-02-19T13:45:38.672-0600] {override.py:1930} INFO - Created Permission View: can read on DAG:example_branch_dop_operator_v3
[2025-02-19T13:45:38.707-0600] {logging_mixin.py:190} INFO - [2025-02-19T13:45:38.707-0600] {override.py:1930} INFO - Created Permission View: can delete on DAG Run:example_branch_dop_operator_v3
[2025-02-19T13:45:38.739-0600] {logging_mixin.py:190} INFO - [2025-02-19T13:45:38.737-0600] {override.py:1930} INFO - Created Permission View: menu access on DAG Run:example_branch_dop_operator_v3
[2025-02-19T13:45:38.768-0600] {logging_mixin.py:190} INFO - [2025-02-19T13:45:38.767-0600] {override.py:1930} INFO - Created Permission View: can create on DAG Run:example_branch_dop_operator_v3
[2025-02-19T13:45:38.794-0600] {logging_mixin.py:190} INFO - [2025-02-19T13:45:38.793-0600] {override.py:1930} INFO - Created Permission View: can read on DAG Run:example_branch_dop_operator_v3
[2025-02-19T13:45:38.795-0600] {logging_mixin.py:190} INFO - [2025-02-19T13:45:38.794-0600] {dag.py:3239} INFO - Sync 1 DAGs
[2025-02-19T13:45:38.816-0600] {logging_mixin.py:190} INFO - [2025-02-19T13:45:38.816-0600] {dag.py:3262} INFO - Creating ORM DAG for example_branch_dop_operator_v3
[2025-02-19T13:45:38.836-0600] {logging_mixin.py:190} INFO - [2025-02-19T13:45:38.836-0600] {dag.py:4180} INFO - Setting next_dagrun for example_branch_dop_operator_v3 to 2025-02-19 19:44:00+00:00, run_after=2025-02-19 19:45:00+00:00
[2025-02-19T13:45:38.881-0600] {processor.py:208} INFO - Processing /home/dataScience/Projects/Pipeline/venv/lib/python3.10/site-packages/airflow/example_dags/example_branch_python_dop_operator_3.py took 0.552 seconds
[2025-02-19T13:47:09.138-0600] {processor.py:186} INFO - Started process (PID=473821) to work on /home/dataScience/Projects/Pipeline/venv/lib/python3.10/site-packages/airflow/example_dags/example_branch_python_dop_operator_3.py
[2025-02-19T13:47:09.142-0600] {processor.py:914} INFO - Processing file /home/dataScience/Projects/Pipeline/venv/lib/python3.10/site-packages/airflow/example_dags/example_branch_python_dop_operator_3.py for tasks to queue
[2025-02-19T13:47:09.145-0600] {logging_mixin.py:190} INFO - [2025-02-19T13:47:09.145-0600] {dagbag.py:588} INFO - Filling up the DagBag from /home/dataScience/Projects/Pipeline/venv/lib/python3.10/site-packages/airflow/example_dags/example_branch_python_dop_operator_3.py
[2025-02-19T13:47:09.161-0600] {processor.py:925} INFO - DAG(s) 'example_branch_dop_operator_v3' retrieved from /home/dataScience/Projects/Pipeline/venv/lib/python3.10/site-packages/airflow/example_dags/example_branch_python_dop_operator_3.py
[2025-02-19T13:47:09.188-0600] {logging_mixin.py:190} INFO - [2025-02-19T13:47:09.188-0600] {dag.py:3239} INFO - Sync 1 DAGs
[2025-02-19T13:47:09.263-0600] {logging_mixin.py:190} INFO - [2025-02-19T13:47:09.262-0600] {dag.py:4180} INFO - Setting next_dagrun for example_branch_dop_operator_v3 to 2025-02-19 19:46:00+00:00, run_after=2025-02-19 19:47:00+00:00
[2025-02-19T13:47:09.334-0600] {processor.py:208} INFO - Processing /home/dataScience/Projects/Pipeline/venv/lib/python3.10/site-packages/airflow/example_dags/example_branch_python_dop_operator_3.py took 0.205 seconds
