[2025-02-19T13:44:58.953-0600] {processor.py:186} INFO - Started process (PID=472591) to work on /home/dataScience/Projects/Pipeline/venv/lib/python3.10/site-packages/airflow/example_dags/example_task_group_decorator.py
[2025-02-19T13:44:58.954-0600] {processor.py:914} INFO - Processing file /home/dataScience/Projects/Pipeline/venv/lib/python3.10/site-packages/airflow/example_dags/example_task_group_decorator.py for tasks to queue
[2025-02-19T13:44:58.957-0600] {logging_mixin.py:190} INFO - [2025-02-19T13:44:58.956-0600] {dagbag.py:588} INFO - Filling up the DagBag from /home/dataScience/Projects/Pipeline/venv/lib/python3.10/site-packages/airflow/example_dags/example_task_group_decorator.py
[2025-02-19T13:44:58.980-0600] {processor.py:925} INFO - DAG(s) 'example_task_group_decorator' retrieved from /home/dataScience/Projects/Pipeline/venv/lib/python3.10/site-packages/airflow/example_dags/example_task_group_decorator.py
[2025-02-19T13:44:59.288-0600] {logging_mixin.py:190} INFO - [2025-02-19T13:44:59.286-0600] {override.py:1930} INFO - Created Permission View: can edit on DAG:example_task_group_decorator
[2025-02-19T13:44:59.312-0600] {logging_mixin.py:190} INFO - [2025-02-19T13:44:59.311-0600] {override.py:1930} INFO - Created Permission View: can delete on DAG:example_task_group_decorator
[2025-02-19T13:44:59.331-0600] {logging_mixin.py:190} INFO - [2025-02-19T13:44:59.330-0600] {override.py:1930} INFO - Created Permission View: can read on DAG:example_task_group_decorator
[2025-02-19T13:44:59.361-0600] {logging_mixin.py:190} INFO - [2025-02-19T13:44:59.360-0600] {override.py:1930} INFO - Created Permission View: can delete on DAG Run:example_task_group_decorator
[2025-02-19T13:44:59.380-0600] {logging_mixin.py:190} INFO - [2025-02-19T13:44:59.380-0600] {override.py:1930} INFO - Created Permission View: menu access on DAG Run:example_task_group_decorator
[2025-02-19T13:44:59.399-0600] {logging_mixin.py:190} INFO - [2025-02-19T13:44:59.399-0600] {override.py:1930} INFO - Created Permission View: can create on DAG Run:example_task_group_decorator
[2025-02-19T13:44:59.416-0600] {logging_mixin.py:190} INFO - [2025-02-19T13:44:59.416-0600] {override.py:1930} INFO - Created Permission View: can read on DAG Run:example_task_group_decorator
[2025-02-19T13:44:59.417-0600] {logging_mixin.py:190} INFO - [2025-02-19T13:44:59.417-0600] {dag.py:3239} INFO - Sync 1 DAGs
[2025-02-19T13:44:59.435-0600] {logging_mixin.py:190} INFO - [2025-02-19T13:44:59.434-0600] {dag.py:3262} INFO - Creating ORM DAG for example_task_group_decorator
[2025-02-19T13:44:59.435-0600] {logging_mixin.py:190} INFO - [2025-02-19T13:44:59.435-0600] {dag.py:4180} INFO - Setting next_dagrun for example_task_group_decorator to None, run_after=None
[2025-02-19T13:44:59.470-0600] {processor.py:208} INFO - Processing /home/dataScience/Projects/Pipeline/venv/lib/python3.10/site-packages/airflow/example_dags/example_task_group_decorator.py took 0.525 seconds
[2025-02-19T13:46:25.802-0600] {processor.py:186} INFO - Started process (PID=473591) to work on /home/dataScience/Projects/Pipeline/venv/lib/python3.10/site-packages/airflow/example_dags/example_task_group_decorator.py
[2025-02-19T13:46:25.805-0600] {processor.py:914} INFO - Processing file /home/dataScience/Projects/Pipeline/venv/lib/python3.10/site-packages/airflow/example_dags/example_task_group_decorator.py for tasks to queue
[2025-02-19T13:46:25.808-0600] {logging_mixin.py:190} INFO - [2025-02-19T13:46:25.807-0600] {dagbag.py:588} INFO - Filling up the DagBag from /home/dataScience/Projects/Pipeline/venv/lib/python3.10/site-packages/airflow/example_dags/example_task_group_decorator.py
[2025-02-19T13:46:25.833-0600] {processor.py:925} INFO - DAG(s) 'example_task_group_decorator' retrieved from /home/dataScience/Projects/Pipeline/venv/lib/python3.10/site-packages/airflow/example_dags/example_task_group_decorator.py
[2025-02-19T13:46:25.879-0600] {logging_mixin.py:190} INFO - [2025-02-19T13:46:25.878-0600] {dag.py:3239} INFO - Sync 1 DAGs
[2025-02-19T13:46:25.904-0600] {logging_mixin.py:190} INFO - [2025-02-19T13:46:25.903-0600] {dag.py:4180} INFO - Setting next_dagrun for example_task_group_decorator to None, run_after=None
[2025-02-19T13:46:25.946-0600] {processor.py:208} INFO - Processing /home/dataScience/Projects/Pipeline/venv/lib/python3.10/site-packages/airflow/example_dags/example_task_group_decorator.py took 0.154 seconds
