[2025-02-19T13:45:32.557-0600] {processor.py:186} INFO - Started process (PID=473114) to work on /home/dataScience/Projects/Pipeline/venv/lib/python3.10/site-packages/airflow/example_dags/example_nested_branch_dag.py
[2025-02-19T13:45:32.558-0600] {processor.py:914} INFO - Processing file /home/dataScience/Projects/Pipeline/venv/lib/python3.10/site-packages/airflow/example_dags/example_nested_branch_dag.py for tasks to queue
[2025-02-19T13:45:32.561-0600] {logging_mixin.py:190} INFO - [2025-02-19T13:45:32.560-0600] {dagbag.py:588} INFO - Filling up the DagBag from /home/dataScience/Projects/Pipeline/venv/lib/python3.10/site-packages/airflow/example_dags/example_nested_branch_dag.py
[2025-02-19T13:45:32.577-0600] {processor.py:925} INFO - DAG(s) 'example_nested_branch_dag' retrieved from /home/dataScience/Projects/Pipeline/venv/lib/python3.10/site-packages/airflow/example_dags/example_nested_branch_dag.py
[2025-02-19T13:45:33.085-0600] {logging_mixin.py:190} INFO - [2025-02-19T13:45:33.084-0600] {override.py:1930} INFO - Created Permission View: can edit on DAG:example_nested_branch_dag
[2025-02-19T13:45:33.115-0600] {logging_mixin.py:190} INFO - [2025-02-19T13:45:33.115-0600] {override.py:1930} INFO - Created Permission View: can delete on DAG:example_nested_branch_dag
[2025-02-19T13:45:33.147-0600] {logging_mixin.py:190} INFO - [2025-02-19T13:45:33.146-0600] {override.py:1930} INFO - Created Permission View: can read on DAG:example_nested_branch_dag
[2025-02-19T13:45:33.182-0600] {logging_mixin.py:190} INFO - [2025-02-19T13:45:33.182-0600] {override.py:1930} INFO - Created Permission View: can delete on DAG Run:example_nested_branch_dag
[2025-02-19T13:45:33.203-0600] {logging_mixin.py:190} INFO - [2025-02-19T13:45:33.202-0600] {override.py:1930} INFO - Created Permission View: menu access on DAG Run:example_nested_branch_dag
[2025-02-19T13:45:33.221-0600] {logging_mixin.py:190} INFO - [2025-02-19T13:45:33.220-0600] {override.py:1930} INFO - Created Permission View: can create on DAG Run:example_nested_branch_dag
[2025-02-19T13:45:33.241-0600] {logging_mixin.py:190} INFO - [2025-02-19T13:45:33.240-0600] {override.py:1930} INFO - Created Permission View: can read on DAG Run:example_nested_branch_dag
[2025-02-19T13:45:33.242-0600] {logging_mixin.py:190} INFO - [2025-02-19T13:45:33.241-0600] {dag.py:3239} INFO - Sync 1 DAGs
[2025-02-19T13:45:33.279-0600] {logging_mixin.py:190} INFO - [2025-02-19T13:45:33.278-0600] {dag.py:3262} INFO - Creating ORM DAG for example_nested_branch_dag
[2025-02-19T13:45:33.299-0600] {logging_mixin.py:190} INFO - [2025-02-19T13:45:33.299-0600] {dag.py:4180} INFO - Setting next_dagrun for example_nested_branch_dag to 2025-02-18 00:00:00+00:00, run_after=2025-02-19 00:00:00+00:00
[2025-02-19T13:45:33.336-0600] {processor.py:208} INFO - Processing /home/dataScience/Projects/Pipeline/venv/lib/python3.10/site-packages/airflow/example_dags/example_nested_branch_dag.py took 0.787 seconds
[2025-02-19T13:47:04.264-0600] {processor.py:186} INFO - Started process (PID=473787) to work on /home/dataScience/Projects/Pipeline/venv/lib/python3.10/site-packages/airflow/example_dags/example_nested_branch_dag.py
[2025-02-19T13:47:04.268-0600] {processor.py:914} INFO - Processing file /home/dataScience/Projects/Pipeline/venv/lib/python3.10/site-packages/airflow/example_dags/example_nested_branch_dag.py for tasks to queue
[2025-02-19T13:47:04.273-0600] {logging_mixin.py:190} INFO - [2025-02-19T13:47:04.272-0600] {dagbag.py:588} INFO - Filling up the DagBag from /home/dataScience/Projects/Pipeline/venv/lib/python3.10/site-packages/airflow/example_dags/example_nested_branch_dag.py
[2025-02-19T13:47:04.291-0600] {processor.py:925} INFO - DAG(s) 'example_nested_branch_dag' retrieved from /home/dataScience/Projects/Pipeline/venv/lib/python3.10/site-packages/airflow/example_dags/example_nested_branch_dag.py
[2025-02-19T13:47:04.315-0600] {logging_mixin.py:190} INFO - [2025-02-19T13:47:04.315-0600] {dag.py:3239} INFO - Sync 1 DAGs
[2025-02-19T13:47:04.348-0600] {logging_mixin.py:190} INFO - [2025-02-19T13:47:04.347-0600] {dag.py:4180} INFO - Setting next_dagrun for example_nested_branch_dag to 2025-02-18 00:00:00+00:00, run_after=2025-02-19 00:00:00+00:00
[2025-02-19T13:47:04.402-0600] {processor.py:208} INFO - Processing /home/dataScience/Projects/Pipeline/venv/lib/python3.10/site-packages/airflow/example_dags/example_nested_branch_dag.py took 0.148 seconds
