[2025-02-19T13:43:42.097-0600] {processor.py:186} INFO - Started process (PID=471694) to work on /home/dataScience/Projects/Pipeline/venv/lib/python3.10/site-packages/airflow/example_dags/example_task_group.py
[2025-02-19T13:43:42.099-0600] {processor.py:914} INFO - Processing file /home/dataScience/Projects/Pipeline/venv/lib/python3.10/site-packages/airflow/example_dags/example_task_group.py for tasks to queue
[2025-02-19T13:43:42.103-0600] {logging_mixin.py:190} INFO - [2025-02-19T13:43:42.102-0600] {dagbag.py:588} INFO - Filling up the DagBag from /home/dataScience/Projects/Pipeline/venv/lib/python3.10/site-packages/airflow/example_dags/example_task_group.py
[2025-02-19T13:43:42.127-0600] {processor.py:925} INFO - DAG(s) 'example_task_group' retrieved from /home/dataScience/Projects/Pipeline/venv/lib/python3.10/site-packages/airflow/example_dags/example_task_group.py
[2025-02-19T13:43:42.487-0600] {logging_mixin.py:190} INFO - [2025-02-19T13:43:42.486-0600] {override.py:1930} INFO - Created Permission View: can read on DAG:example_task_group
[2025-02-19T13:43:42.526-0600] {logging_mixin.py:190} INFO - [2025-02-19T13:43:42.525-0600] {override.py:1930} INFO - Created Permission View: can edit on DAG:example_task_group
[2025-02-19T13:43:42.557-0600] {logging_mixin.py:190} INFO - [2025-02-19T13:43:42.556-0600] {override.py:1930} INFO - Created Permission View: can delete on DAG:example_task_group
[2025-02-19T13:43:42.601-0600] {logging_mixin.py:190} INFO - [2025-02-19T13:43:42.600-0600] {override.py:1930} INFO - Created Permission View: can read on DAG Run:example_task_group
[2025-02-19T13:43:42.623-0600] {logging_mixin.py:190} INFO - [2025-02-19T13:43:42.622-0600] {override.py:1930} INFO - Created Permission View: can create on DAG Run:example_task_group
[2025-02-19T13:43:42.649-0600] {logging_mixin.py:190} INFO - [2025-02-19T13:43:42.647-0600] {override.py:1930} INFO - Created Permission View: menu access on DAG Run:example_task_group
[2025-02-19T13:43:42.670-0600] {logging_mixin.py:190} INFO - [2025-02-19T13:43:42.669-0600] {override.py:1930} INFO - Created Permission View: can delete on DAG Run:example_task_group
[2025-02-19T13:43:42.671-0600] {logging_mixin.py:190} INFO - [2025-02-19T13:43:42.671-0600] {dag.py:3239} INFO - Sync 1 DAGs
[2025-02-19T13:43:42.688-0600] {logging_mixin.py:190} INFO - [2025-02-19T13:43:42.687-0600] {dag.py:3262} INFO - Creating ORM DAG for example_task_group
[2025-02-19T13:43:42.689-0600] {logging_mixin.py:190} INFO - [2025-02-19T13:43:42.688-0600] {dag.py:4180} INFO - Setting next_dagrun for example_task_group to None, run_after=None
[2025-02-19T13:43:42.745-0600] {processor.py:208} INFO - Processing /home/dataScience/Projects/Pipeline/venv/lib/python3.10/site-packages/airflow/example_dags/example_task_group.py took 0.659 seconds
[2025-02-19T13:44:44.508-0600] {processor.py:186} INFO - Started process (PID=472424) to work on /home/dataScience/Projects/Pipeline/venv/lib/python3.10/site-packages/airflow/example_dags/example_task_group.py
[2025-02-19T13:44:44.512-0600] {processor.py:914} INFO - Processing file /home/dataScience/Projects/Pipeline/venv/lib/python3.10/site-packages/airflow/example_dags/example_task_group.py for tasks to queue
[2025-02-19T13:44:44.516-0600] {logging_mixin.py:190} INFO - [2025-02-19T13:44:44.515-0600] {dagbag.py:588} INFO - Filling up the DagBag from /home/dataScience/Projects/Pipeline/venv/lib/python3.10/site-packages/airflow/example_dags/example_task_group.py
[2025-02-19T13:44:44.531-0600] {processor.py:925} INFO - DAG(s) 'example_task_group' retrieved from /home/dataScience/Projects/Pipeline/venv/lib/python3.10/site-packages/airflow/example_dags/example_task_group.py
[2025-02-19T13:44:44.566-0600] {logging_mixin.py:190} INFO - [2025-02-19T13:44:44.566-0600] {dag.py:3239} INFO - Sync 1 DAGs
[2025-02-19T13:44:44.585-0600] {logging_mixin.py:190} INFO - [2025-02-19T13:44:44.585-0600] {dag.py:4180} INFO - Setting next_dagrun for example_task_group to None, run_after=None
[2025-02-19T13:44:44.630-0600] {processor.py:208} INFO - Processing /home/dataScience/Projects/Pipeline/venv/lib/python3.10/site-packages/airflow/example_dags/example_task_group.py took 0.132 seconds
[2025-02-19T13:46:13.087-0600] {processor.py:186} INFO - Started process (PID=473481) to work on /home/dataScience/Projects/Pipeline/venv/lib/python3.10/site-packages/airflow/example_dags/example_task_group.py
[2025-02-19T13:46:13.090-0600] {processor.py:914} INFO - Processing file /home/dataScience/Projects/Pipeline/venv/lib/python3.10/site-packages/airflow/example_dags/example_task_group.py for tasks to queue
[2025-02-19T13:46:13.094-0600] {logging_mixin.py:190} INFO - [2025-02-19T13:46:13.094-0600] {dagbag.py:588} INFO - Filling up the DagBag from /home/dataScience/Projects/Pipeline/venv/lib/python3.10/site-packages/airflow/example_dags/example_task_group.py
[2025-02-19T13:46:13.114-0600] {processor.py:925} INFO - DAG(s) 'example_task_group' retrieved from /home/dataScience/Projects/Pipeline/venv/lib/python3.10/site-packages/airflow/example_dags/example_task_group.py
[2025-02-19T13:46:13.146-0600] {logging_mixin.py:190} INFO - [2025-02-19T13:46:13.145-0600] {dag.py:3239} INFO - Sync 1 DAGs
[2025-02-19T13:46:13.170-0600] {logging_mixin.py:190} INFO - [2025-02-19T13:46:13.169-0600] {dag.py:4180} INFO - Setting next_dagrun for example_task_group to None, run_after=None
[2025-02-19T13:46:13.215-0600] {processor.py:208} INFO - Processing /home/dataScience/Projects/Pipeline/venv/lib/python3.10/site-packages/airflow/example_dags/example_task_group.py took 0.143 seconds
[2025-02-19T13:46:58.987-0600] {processor.py:186} INFO - Started process (PID=473753) to work on /home/dataScience/Projects/Pipeline/venv/lib/python3.10/site-packages/airflow/example_dags/example_task_group.py
[2025-02-19T13:46:58.990-0600] {processor.py:914} INFO - Processing file /home/dataScience/Projects/Pipeline/venv/lib/python3.10/site-packages/airflow/example_dags/example_task_group.py for tasks to queue
[2025-02-19T13:46:58.994-0600] {logging_mixin.py:190} INFO - [2025-02-19T13:46:58.993-0600] {dagbag.py:588} INFO - Filling up the DagBag from /home/dataScience/Projects/Pipeline/venv/lib/python3.10/site-packages/airflow/example_dags/example_task_group.py
[2025-02-19T13:46:59.008-0600] {processor.py:925} INFO - DAG(s) 'example_task_group' retrieved from /home/dataScience/Projects/Pipeline/venv/lib/python3.10/site-packages/airflow/example_dags/example_task_group.py
[2025-02-19T13:46:59.035-0600] {logging_mixin.py:190} INFO - [2025-02-19T13:46:59.034-0600] {dag.py:3239} INFO - Sync 1 DAGs
[2025-02-19T13:46:59.062-0600] {logging_mixin.py:190} INFO - [2025-02-19T13:46:59.062-0600] {dag.py:4180} INFO - Setting next_dagrun for example_task_group to None, run_after=None
[2025-02-19T13:46:59.113-0600] {processor.py:208} INFO - Processing /home/dataScience/Projects/Pipeline/venv/lib/python3.10/site-packages/airflow/example_dags/example_task_group.py took 0.135 seconds
