[2025-02-19T13:43:43.901-0600] {processor.py:186} INFO - Started process (PID=471719) to work on /home/dataScience/Projects/Pipeline/venv/lib/python3.10/site-packages/airflow/example_dags/example_short_circuit_operator.py
[2025-02-19T13:43:43.903-0600] {processor.py:914} INFO - Processing file /home/dataScience/Projects/Pipeline/venv/lib/python3.10/site-packages/airflow/example_dags/example_short_circuit_operator.py for tasks to queue
[2025-02-19T13:43:43.906-0600] {logging_mixin.py:190} INFO - [2025-02-19T13:43:43.906-0600] {dagbag.py:588} INFO - Filling up the DagBag from /home/dataScience/Projects/Pipeline/venv/lib/python3.10/site-packages/airflow/example_dags/example_short_circuit_operator.py
[2025-02-19T13:43:43.919-0600] {processor.py:925} INFO - DAG(s) 'example_short_circuit_operator' retrieved from /home/dataScience/Projects/Pipeline/venv/lib/python3.10/site-packages/airflow/example_dags/example_short_circuit_operator.py
[2025-02-19T13:43:44.229-0600] {logging_mixin.py:190} INFO - [2025-02-19T13:43:44.227-0600] {override.py:1930} INFO - Created Permission View: can read on DAG:example_short_circuit_operator
[2025-02-19T13:43:44.252-0600] {logging_mixin.py:190} INFO - [2025-02-19T13:43:44.251-0600] {override.py:1930} INFO - Created Permission View: can edit on DAG:example_short_circuit_operator
[2025-02-19T13:43:44.271-0600] {logging_mixin.py:190} INFO - [2025-02-19T13:43:44.270-0600] {override.py:1930} INFO - Created Permission View: can delete on DAG:example_short_circuit_operator
[2025-02-19T13:43:44.300-0600] {logging_mixin.py:190} INFO - [2025-02-19T13:43:44.299-0600] {override.py:1930} INFO - Created Permission View: can read on DAG Run:example_short_circuit_operator
[2025-02-19T13:43:44.321-0600] {logging_mixin.py:190} INFO - [2025-02-19T13:43:44.320-0600] {override.py:1930} INFO - Created Permission View: can create on DAG Run:example_short_circuit_operator
[2025-02-19T13:43:44.345-0600] {logging_mixin.py:190} INFO - [2025-02-19T13:43:44.344-0600] {override.py:1930} INFO - Created Permission View: menu access on DAG Run:example_short_circuit_operator
[2025-02-19T13:43:44.366-0600] {logging_mixin.py:190} INFO - [2025-02-19T13:43:44.366-0600] {override.py:1930} INFO - Created Permission View: can delete on DAG Run:example_short_circuit_operator
[2025-02-19T13:43:44.367-0600] {logging_mixin.py:190} INFO - [2025-02-19T13:43:44.367-0600] {dag.py:3239} INFO - Sync 1 DAGs
[2025-02-19T13:43:44.394-0600] {logging_mixin.py:190} INFO - [2025-02-19T13:43:44.393-0600] {dag.py:3262} INFO - Creating ORM DAG for example_short_circuit_operator
[2025-02-19T13:43:44.396-0600] {logging_mixin.py:190} INFO - [2025-02-19T13:43:44.396-0600] {dag.py:4180} INFO - Setting next_dagrun for example_short_circuit_operator to None, run_after=None
[2025-02-19T13:43:44.443-0600] {processor.py:208} INFO - Processing /home/dataScience/Projects/Pipeline/venv/lib/python3.10/site-packages/airflow/example_dags/example_short_circuit_operator.py took 0.581 seconds
[2025-02-19T13:44:45.103-0600] {processor.py:186} INFO - Started process (PID=472425) to work on /home/dataScience/Projects/Pipeline/venv/lib/python3.10/site-packages/airflow/example_dags/example_short_circuit_operator.py
[2025-02-19T13:44:45.106-0600] {processor.py:914} INFO - Processing file /home/dataScience/Projects/Pipeline/venv/lib/python3.10/site-packages/airflow/example_dags/example_short_circuit_operator.py for tasks to queue
[2025-02-19T13:44:45.110-0600] {logging_mixin.py:190} INFO - [2025-02-19T13:44:45.109-0600] {dagbag.py:588} INFO - Filling up the DagBag from /home/dataScience/Projects/Pipeline/venv/lib/python3.10/site-packages/airflow/example_dags/example_short_circuit_operator.py
[2025-02-19T13:44:45.122-0600] {processor.py:925} INFO - DAG(s) 'example_short_circuit_operator' retrieved from /home/dataScience/Projects/Pipeline/venv/lib/python3.10/site-packages/airflow/example_dags/example_short_circuit_operator.py
[2025-02-19T13:44:45.153-0600] {logging_mixin.py:190} INFO - [2025-02-19T13:44:45.153-0600] {dag.py:3239} INFO - Sync 1 DAGs
[2025-02-19T13:44:45.171-0600] {logging_mixin.py:190} INFO - [2025-02-19T13:44:45.170-0600] {dag.py:4180} INFO - Setting next_dagrun for example_short_circuit_operator to None, run_after=None
[2025-02-19T13:44:45.205-0600] {processor.py:208} INFO - Processing /home/dataScience/Projects/Pipeline/venv/lib/python3.10/site-packages/airflow/example_dags/example_short_circuit_operator.py took 0.110 seconds
[2025-02-19T13:46:14.356-0600] {processor.py:186} INFO - Started process (PID=473516) to work on /home/dataScience/Projects/Pipeline/venv/lib/python3.10/site-packages/airflow/example_dags/example_short_circuit_operator.py
[2025-02-19T13:46:14.358-0600] {processor.py:914} INFO - Processing file /home/dataScience/Projects/Pipeline/venv/lib/python3.10/site-packages/airflow/example_dags/example_short_circuit_operator.py for tasks to queue
[2025-02-19T13:46:14.363-0600] {logging_mixin.py:190} INFO - [2025-02-19T13:46:14.362-0600] {dagbag.py:588} INFO - Filling up the DagBag from /home/dataScience/Projects/Pipeline/venv/lib/python3.10/site-packages/airflow/example_dags/example_short_circuit_operator.py
[2025-02-19T13:46:14.380-0600] {processor.py:925} INFO - DAG(s) 'example_short_circuit_operator' retrieved from /home/dataScience/Projects/Pipeline/venv/lib/python3.10/site-packages/airflow/example_dags/example_short_circuit_operator.py
[2025-02-19T13:46:14.414-0600] {logging_mixin.py:190} INFO - [2025-02-19T13:46:14.413-0600] {dag.py:3239} INFO - Sync 1 DAGs
[2025-02-19T13:46:14.440-0600] {logging_mixin.py:190} INFO - [2025-02-19T13:46:14.439-0600] {dag.py:4180} INFO - Setting next_dagrun for example_short_circuit_operator to None, run_after=None
[2025-02-19T13:46:14.487-0600] {processor.py:208} INFO - Processing /home/dataScience/Projects/Pipeline/venv/lib/python3.10/site-packages/airflow/example_dags/example_short_circuit_operator.py took 0.141 seconds
[2025-02-19T13:47:00.284-0600] {processor.py:186} INFO - Started process (PID=473754) to work on /home/dataScience/Projects/Pipeline/venv/lib/python3.10/site-packages/airflow/example_dags/example_short_circuit_operator.py
[2025-02-19T13:47:00.286-0600] {processor.py:914} INFO - Processing file /home/dataScience/Projects/Pipeline/venv/lib/python3.10/site-packages/airflow/example_dags/example_short_circuit_operator.py for tasks to queue
[2025-02-19T13:47:00.290-0600] {logging_mixin.py:190} INFO - [2025-02-19T13:47:00.289-0600] {dagbag.py:588} INFO - Filling up the DagBag from /home/dataScience/Projects/Pipeline/venv/lib/python3.10/site-packages/airflow/example_dags/example_short_circuit_operator.py
[2025-02-19T13:47:00.302-0600] {processor.py:925} INFO - DAG(s) 'example_short_circuit_operator' retrieved from /home/dataScience/Projects/Pipeline/venv/lib/python3.10/site-packages/airflow/example_dags/example_short_circuit_operator.py
[2025-02-19T13:47:00.327-0600] {logging_mixin.py:190} INFO - [2025-02-19T13:47:00.327-0600] {dag.py:3239} INFO - Sync 1 DAGs
[2025-02-19T13:47:00.350-0600] {logging_mixin.py:190} INFO - [2025-02-19T13:47:00.349-0600] {dag.py:4180} INFO - Setting next_dagrun for example_short_circuit_operator to None, run_after=None
[2025-02-19T13:47:00.396-0600] {processor.py:208} INFO - Processing /home/dataScience/Projects/Pipeline/venv/lib/python3.10/site-packages/airflow/example_dags/example_short_circuit_operator.py took 0.121 seconds
