[2025-02-19T13:43:35.188-0600] {processor.py:186} INFO - Started process (PID=471599) to work on /home/dataScience/Projects/Pipeline/venv/lib/python3.10/site-packages/airflow/example_dags/example_sla_dag.py
[2025-02-19T13:43:35.190-0600] {processor.py:914} INFO - Processing file /home/dataScience/Projects/Pipeline/venv/lib/python3.10/site-packages/airflow/example_dags/example_sla_dag.py for tasks to queue
[2025-02-19T13:43:35.194-0600] {logging_mixin.py:190} INFO - [2025-02-19T13:43:35.193-0600] {dagbag.py:588} INFO - Filling up the DagBag from /home/dataScience/Projects/Pipeline/venv/lib/python3.10/site-packages/airflow/example_dags/example_sla_dag.py
[2025-02-19T13:43:35.213-0600] {processor.py:925} INFO - DAG(s) 'example_sla_dag' retrieved from /home/dataScience/Projects/Pipeline/venv/lib/python3.10/site-packages/airflow/example_dags/example_sla_dag.py
[2025-02-19T13:43:35.553-0600] {logging_mixin.py:190} INFO - [2025-02-19T13:43:35.551-0600] {override.py:1930} INFO - Created Permission View: can read on DAG:example_sla_dag
[2025-02-19T13:43:35.576-0600] {logging_mixin.py:190} INFO - [2025-02-19T13:43:35.575-0600] {override.py:1930} INFO - Created Permission View: can edit on DAG:example_sla_dag
[2025-02-19T13:43:35.595-0600] {logging_mixin.py:190} INFO - [2025-02-19T13:43:35.594-0600] {override.py:1930} INFO - Created Permission View: can delete on DAG:example_sla_dag
[2025-02-19T13:43:35.625-0600] {logging_mixin.py:190} INFO - [2025-02-19T13:43:35.624-0600] {override.py:1930} INFO - Created Permission View: can read on DAG Run:example_sla_dag
[2025-02-19T13:43:35.646-0600] {logging_mixin.py:190} INFO - [2025-02-19T13:43:35.645-0600] {override.py:1930} INFO - Created Permission View: can create on DAG Run:example_sla_dag
[2025-02-19T13:43:35.665-0600] {logging_mixin.py:190} INFO - [2025-02-19T13:43:35.665-0600] {override.py:1930} INFO - Created Permission View: menu access on DAG Run:example_sla_dag
[2025-02-19T13:43:35.683-0600] {logging_mixin.py:190} INFO - [2025-02-19T13:43:35.683-0600] {override.py:1930} INFO - Created Permission View: can delete on DAG Run:example_sla_dag
[2025-02-19T13:43:35.684-0600] {logging_mixin.py:190} INFO - [2025-02-19T13:43:35.684-0600] {dag.py:3239} INFO - Sync 1 DAGs
[2025-02-19T13:43:35.701-0600] {logging_mixin.py:190} INFO - [2025-02-19T13:43:35.700-0600] {dag.py:3262} INFO - Creating ORM DAG for example_sla_dag
[2025-02-19T13:43:35.724-0600] {logging_mixin.py:190} INFO - [2025-02-19T13:43:35.724-0600] {dag.py:4180} INFO - Setting next_dagrun for example_sla_dag to 2025-02-19 19:40:00+00:00, run_after=2025-02-19 19:42:00+00:00
[2025-02-19T13:43:35.777-0600] {processor.py:208} INFO - Processing /home/dataScience/Projects/Pipeline/venv/lib/python3.10/site-packages/airflow/example_dags/example_sla_dag.py took 0.600 seconds
[2025-02-19T13:44:38.965-0600] {processor.py:186} INFO - Started process (PID=472305) to work on /home/dataScience/Projects/Pipeline/venv/lib/python3.10/site-packages/airflow/example_dags/example_sla_dag.py
[2025-02-19T13:44:38.967-0600] {processor.py:914} INFO - Processing file /home/dataScience/Projects/Pipeline/venv/lib/python3.10/site-packages/airflow/example_dags/example_sla_dag.py for tasks to queue
[2025-02-19T13:44:38.970-0600] {logging_mixin.py:190} INFO - [2025-02-19T13:44:38.969-0600] {dagbag.py:588} INFO - Filling up the DagBag from /home/dataScience/Projects/Pipeline/venv/lib/python3.10/site-packages/airflow/example_dags/example_sla_dag.py
[2025-02-19T13:44:38.988-0600] {processor.py:925} INFO - DAG(s) 'example_sla_dag' retrieved from /home/dataScience/Projects/Pipeline/venv/lib/python3.10/site-packages/airflow/example_dags/example_sla_dag.py
[2025-02-19T13:44:39.016-0600] {logging_mixin.py:190} INFO - [2025-02-19T13:44:39.016-0600] {dag.py:3239} INFO - Sync 1 DAGs
[2025-02-19T13:44:39.127-0600] {logging_mixin.py:190} INFO - [2025-02-19T13:44:39.127-0600] {dag.py:4180} INFO - Setting next_dagrun for example_sla_dag to 2025-02-19 19:42:00+00:00, run_after=2025-02-19 19:44:00+00:00
[2025-02-19T13:44:39.941-0600] {processor.py:208} INFO - Processing /home/dataScience/Projects/Pipeline/venv/lib/python3.10/site-packages/airflow/example_dags/example_sla_dag.py took 0.984 seconds
[2025-02-19T13:46:07.968-0600] {processor.py:186} INFO - Started process (PID=473418) to work on /home/dataScience/Projects/Pipeline/venv/lib/python3.10/site-packages/airflow/example_dags/example_sla_dag.py
[2025-02-19T13:46:07.972-0600] {processor.py:914} INFO - Processing file /home/dataScience/Projects/Pipeline/venv/lib/python3.10/site-packages/airflow/example_dags/example_sla_dag.py for tasks to queue
[2025-02-19T13:46:07.975-0600] {logging_mixin.py:190} INFO - [2025-02-19T13:46:07.975-0600] {dagbag.py:588} INFO - Filling up the DagBag from /home/dataScience/Projects/Pipeline/venv/lib/python3.10/site-packages/airflow/example_dags/example_sla_dag.py
[2025-02-19T13:46:07.994-0600] {processor.py:925} INFO - DAG(s) 'example_sla_dag' retrieved from /home/dataScience/Projects/Pipeline/venv/lib/python3.10/site-packages/airflow/example_dags/example_sla_dag.py
[2025-02-19T13:46:08.020-0600] {logging_mixin.py:190} INFO - [2025-02-19T13:46:08.019-0600] {dag.py:3239} INFO - Sync 1 DAGs
[2025-02-19T13:46:08.066-0600] {logging_mixin.py:190} INFO - [2025-02-19T13:46:08.065-0600] {dag.py:4180} INFO - Setting next_dagrun for example_sla_dag to 2025-02-19 19:44:00+00:00, run_after=2025-02-19 19:46:00+00:00
[2025-02-19T13:46:08.122-0600] {processor.py:208} INFO - Processing /home/dataScience/Projects/Pipeline/venv/lib/python3.10/site-packages/airflow/example_dags/example_sla_dag.py took 0.164 seconds
[2025-02-19T13:46:53.963-0600] {processor.py:186} INFO - Started process (PID=473719) to work on /home/dataScience/Projects/Pipeline/venv/lib/python3.10/site-packages/airflow/example_dags/example_sla_dag.py
[2025-02-19T13:46:53.965-0600] {processor.py:914} INFO - Processing file /home/dataScience/Projects/Pipeline/venv/lib/python3.10/site-packages/airflow/example_dags/example_sla_dag.py for tasks to queue
[2025-02-19T13:46:53.969-0600] {logging_mixin.py:190} INFO - [2025-02-19T13:46:53.968-0600] {dagbag.py:588} INFO - Filling up the DagBag from /home/dataScience/Projects/Pipeline/venv/lib/python3.10/site-packages/airflow/example_dags/example_sla_dag.py
[2025-02-19T13:46:53.986-0600] {processor.py:925} INFO - DAG(s) 'example_sla_dag' retrieved from /home/dataScience/Projects/Pipeline/venv/lib/python3.10/site-packages/airflow/example_dags/example_sla_dag.py
[2025-02-19T13:46:54.014-0600] {logging_mixin.py:190} INFO - [2025-02-19T13:46:54.014-0600] {dag.py:3239} INFO - Sync 1 DAGs
[2025-02-19T13:46:54.051-0600] {logging_mixin.py:190} INFO - [2025-02-19T13:46:54.051-0600] {dag.py:4180} INFO - Setting next_dagrun for example_sla_dag to 2025-02-19 19:44:00+00:00, run_after=2025-02-19 19:46:00+00:00
[2025-02-19T13:46:54.085-0600] {processor.py:208} INFO - Processing /home/dataScience/Projects/Pipeline/venv/lib/python3.10/site-packages/airflow/example_dags/example_sla_dag.py took 0.130 seconds
