[2025-02-19T13:43:36.963-0600] {processor.py:186} INFO - Started process (PID=471620) to work on /home/dataScience/Projects/Pipeline/venv/lib/python3.10/site-packages/airflow/example_dags/example_sensor_decorator.py
[2025-02-19T13:43:36.965-0600] {processor.py:914} INFO - Processing file /home/dataScience/Projects/Pipeline/venv/lib/python3.10/site-packages/airflow/example_dags/example_sensor_decorator.py for tasks to queue
[2025-02-19T13:43:36.978-0600] {logging_mixin.py:190} INFO - [2025-02-19T13:43:36.971-0600] {dagbag.py:588} INFO - Filling up the DagBag from /home/dataScience/Projects/Pipeline/venv/lib/python3.10/site-packages/airflow/example_dags/example_sensor_decorator.py
[2025-02-19T13:43:36.993-0600] {processor.py:925} INFO - DAG(s) 'example_sensor_decorator' retrieved from /home/dataScience/Projects/Pipeline/venv/lib/python3.10/site-packages/airflow/example_dags/example_sensor_decorator.py
[2025-02-19T13:43:37.330-0600] {logging_mixin.py:190} INFO - [2025-02-19T13:43:37.329-0600] {override.py:1930} INFO - Created Permission View: can read on DAG:example_sensor_decorator
[2025-02-19T13:43:37.353-0600] {logging_mixin.py:190} INFO - [2025-02-19T13:43:37.352-0600] {override.py:1930} INFO - Created Permission View: can edit on DAG:example_sensor_decorator
[2025-02-19T13:43:37.374-0600] {logging_mixin.py:190} INFO - [2025-02-19T13:43:37.373-0600] {override.py:1930} INFO - Created Permission View: can delete on DAG:example_sensor_decorator
[2025-02-19T13:43:37.413-0600] {logging_mixin.py:190} INFO - [2025-02-19T13:43:37.411-0600] {override.py:1930} INFO - Created Permission View: can read on DAG Run:example_sensor_decorator
[2025-02-19T13:43:37.434-0600] {logging_mixin.py:190} INFO - [2025-02-19T13:43:37.433-0600] {override.py:1930} INFO - Created Permission View: can create on DAG Run:example_sensor_decorator
[2025-02-19T13:43:37.456-0600] {logging_mixin.py:190} INFO - [2025-02-19T13:43:37.456-0600] {override.py:1930} INFO - Created Permission View: menu access on DAG Run:example_sensor_decorator
[2025-02-19T13:43:37.480-0600] {logging_mixin.py:190} INFO - [2025-02-19T13:43:37.479-0600] {override.py:1930} INFO - Created Permission View: can delete on DAG Run:example_sensor_decorator
[2025-02-19T13:43:37.482-0600] {logging_mixin.py:190} INFO - [2025-02-19T13:43:37.481-0600] {dag.py:3239} INFO - Sync 1 DAGs
[2025-02-19T13:43:37.510-0600] {logging_mixin.py:190} INFO - [2025-02-19T13:43:37.510-0600] {dag.py:3262} INFO - Creating ORM DAG for example_sensor_decorator
[2025-02-19T13:43:37.512-0600] {logging_mixin.py:190} INFO - [2025-02-19T13:43:37.511-0600] {dag.py:4180} INFO - Setting next_dagrun for example_sensor_decorator to None, run_after=None
[2025-02-19T13:43:37.560-0600] {processor.py:208} INFO - Processing /home/dataScience/Projects/Pipeline/venv/lib/python3.10/site-packages/airflow/example_dags/example_sensor_decorator.py took 0.618 seconds
[2025-02-19T13:44:41.119-0600] {processor.py:186} INFO - Started process (PID=472337) to work on /home/dataScience/Projects/Pipeline/venv/lib/python3.10/site-packages/airflow/example_dags/example_sensor_decorator.py
[2025-02-19T13:44:41.123-0600] {processor.py:914} INFO - Processing file /home/dataScience/Projects/Pipeline/venv/lib/python3.10/site-packages/airflow/example_dags/example_sensor_decorator.py for tasks to queue
[2025-02-19T13:44:41.127-0600] {logging_mixin.py:190} INFO - [2025-02-19T13:44:41.126-0600] {dagbag.py:588} INFO - Filling up the DagBag from /home/dataScience/Projects/Pipeline/venv/lib/python3.10/site-packages/airflow/example_dags/example_sensor_decorator.py
[2025-02-19T13:44:41.146-0600] {processor.py:925} INFO - DAG(s) 'example_sensor_decorator' retrieved from /home/dataScience/Projects/Pipeline/venv/lib/python3.10/site-packages/airflow/example_dags/example_sensor_decorator.py
[2025-02-19T13:44:41.181-0600] {logging_mixin.py:190} INFO - [2025-02-19T13:44:41.180-0600] {dag.py:3239} INFO - Sync 1 DAGs
[2025-02-19T13:44:41.201-0600] {logging_mixin.py:190} INFO - [2025-02-19T13:44:41.200-0600] {dag.py:4180} INFO - Setting next_dagrun for example_sensor_decorator to None, run_after=None
[2025-02-19T13:44:41.240-0600] {processor.py:208} INFO - Processing /home/dataScience/Projects/Pipeline/venv/lib/python3.10/site-packages/airflow/example_dags/example_sensor_decorator.py took 0.133 seconds
[2025-02-19T13:46:09.249-0600] {processor.py:186} INFO - Started process (PID=473450) to work on /home/dataScience/Projects/Pipeline/venv/lib/python3.10/site-packages/airflow/example_dags/example_sensor_decorator.py
[2025-02-19T13:46:09.252-0600] {processor.py:914} INFO - Processing file /home/dataScience/Projects/Pipeline/venv/lib/python3.10/site-packages/airflow/example_dags/example_sensor_decorator.py for tasks to queue
[2025-02-19T13:46:09.255-0600] {logging_mixin.py:190} INFO - [2025-02-19T13:46:09.254-0600] {dagbag.py:588} INFO - Filling up the DagBag from /home/dataScience/Projects/Pipeline/venv/lib/python3.10/site-packages/airflow/example_dags/example_sensor_decorator.py
[2025-02-19T13:46:09.269-0600] {processor.py:925} INFO - DAG(s) 'example_sensor_decorator' retrieved from /home/dataScience/Projects/Pipeline/venv/lib/python3.10/site-packages/airflow/example_dags/example_sensor_decorator.py
[2025-02-19T13:46:09.291-0600] {logging_mixin.py:190} INFO - [2025-02-19T13:46:09.291-0600] {dag.py:3239} INFO - Sync 1 DAGs
[2025-02-19T13:46:09.312-0600] {logging_mixin.py:190} INFO - [2025-02-19T13:46:09.311-0600] {dag.py:4180} INFO - Setting next_dagrun for example_sensor_decorator to None, run_after=None
[2025-02-19T13:46:09.361-0600] {processor.py:208} INFO - Processing /home/dataScience/Projects/Pipeline/venv/lib/python3.10/site-packages/airflow/example_dags/example_sensor_decorator.py took 0.122 seconds
[2025-02-19T13:46:55.245-0600] {processor.py:186} INFO - Started process (PID=473726) to work on /home/dataScience/Projects/Pipeline/venv/lib/python3.10/site-packages/airflow/example_dags/example_sensor_decorator.py
[2025-02-19T13:46:55.248-0600] {processor.py:914} INFO - Processing file /home/dataScience/Projects/Pipeline/venv/lib/python3.10/site-packages/airflow/example_dags/example_sensor_decorator.py for tasks to queue
[2025-02-19T13:46:55.252-0600] {logging_mixin.py:190} INFO - [2025-02-19T13:46:55.251-0600] {dagbag.py:588} INFO - Filling up the DagBag from /home/dataScience/Projects/Pipeline/venv/lib/python3.10/site-packages/airflow/example_dags/example_sensor_decorator.py
[2025-02-19T13:46:55.265-0600] {processor.py:925} INFO - DAG(s) 'example_sensor_decorator' retrieved from /home/dataScience/Projects/Pipeline/venv/lib/python3.10/site-packages/airflow/example_dags/example_sensor_decorator.py
[2025-02-19T13:46:55.287-0600] {logging_mixin.py:190} INFO - [2025-02-19T13:46:55.286-0600] {dag.py:3239} INFO - Sync 1 DAGs
[2025-02-19T13:46:55.308-0600] {logging_mixin.py:190} INFO - [2025-02-19T13:46:55.308-0600] {dag.py:4180} INFO - Setting next_dagrun for example_sensor_decorator to None, run_after=None
[2025-02-19T13:46:55.349-0600] {processor.py:208} INFO - Processing /home/dataScience/Projects/Pipeline/venv/lib/python3.10/site-packages/airflow/example_dags/example_sensor_decorator.py took 0.114 seconds
