[2025-02-19T13:44:57.281-0600] {processor.py:186} INFO - Started process (PID=472567) to work on /home/dataScience/Projects/Pipeline/venv/lib/python3.10/site-packages/airflow/example_dags/tutorial_dag.py
[2025-02-19T13:44:57.282-0600] {processor.py:914} INFO - Processing file /home/dataScience/Projects/Pipeline/venv/lib/python3.10/site-packages/airflow/example_dags/tutorial_dag.py for tasks to queue
[2025-02-19T13:44:57.285-0600] {logging_mixin.py:190} INFO - [2025-02-19T13:44:57.284-0600] {dagbag.py:588} INFO - Filling up the DagBag from /home/dataScience/Projects/Pipeline/venv/lib/python3.10/site-packages/airflow/example_dags/tutorial_dag.py
[2025-02-19T13:44:57.295-0600] {processor.py:925} INFO - DAG(s) 'tutorial_dag' retrieved from /home/dataScience/Projects/Pipeline/venv/lib/python3.10/site-packages/airflow/example_dags/tutorial_dag.py
[2025-02-19T13:44:57.591-0600] {logging_mixin.py:190} INFO - [2025-02-19T13:44:57.590-0600] {override.py:1930} INFO - Created Permission View: can edit on DAG:tutorial_dag
[2025-02-19T13:44:57.626-0600] {logging_mixin.py:190} INFO - [2025-02-19T13:44:57.625-0600] {override.py:1930} INFO - Created Permission View: can delete on DAG:tutorial_dag
[2025-02-19T13:44:57.648-0600] {logging_mixin.py:190} INFO - [2025-02-19T13:44:57.647-0600] {override.py:1930} INFO - Created Permission View: can read on DAG:tutorial_dag
[2025-02-19T13:44:57.685-0600] {logging_mixin.py:190} INFO - [2025-02-19T13:44:57.684-0600] {override.py:1930} INFO - Created Permission View: can delete on DAG Run:tutorial_dag
[2025-02-19T13:44:57.708-0600] {logging_mixin.py:190} INFO - [2025-02-19T13:44:57.707-0600] {override.py:1930} INFO - Created Permission View: menu access on DAG Run:tutorial_dag
[2025-02-19T13:44:57.727-0600] {logging_mixin.py:190} INFO - [2025-02-19T13:44:57.726-0600] {override.py:1930} INFO - Created Permission View: can create on DAG Run:tutorial_dag
[2025-02-19T13:44:57.745-0600] {logging_mixin.py:190} INFO - [2025-02-19T13:44:57.744-0600] {override.py:1930} INFO - Created Permission View: can read on DAG Run:tutorial_dag
[2025-02-19T13:44:57.746-0600] {logging_mixin.py:190} INFO - [2025-02-19T13:44:57.745-0600] {dag.py:3239} INFO - Sync 1 DAGs
[2025-02-19T13:44:57.777-0600] {logging_mixin.py:190} INFO - [2025-02-19T13:44:57.776-0600] {dag.py:3262} INFO - Creating ORM DAG for tutorial_dag
[2025-02-19T13:44:57.778-0600] {logging_mixin.py:190} INFO - [2025-02-19T13:44:57.778-0600] {dag.py:4180} INFO - Setting next_dagrun for tutorial_dag to None, run_after=None
[2025-02-19T13:44:57.830-0600] {processor.py:208} INFO - Processing /home/dataScience/Projects/Pipeline/venv/lib/python3.10/site-packages/airflow/example_dags/tutorial_dag.py took 0.558 seconds
[2025-02-19T13:46:24.984-0600] {processor.py:186} INFO - Started process (PID=473584) to work on /home/dataScience/Projects/Pipeline/venv/lib/python3.10/site-packages/airflow/example_dags/tutorial_dag.py
[2025-02-19T13:46:24.986-0600] {processor.py:914} INFO - Processing file /home/dataScience/Projects/Pipeline/venv/lib/python3.10/site-packages/airflow/example_dags/tutorial_dag.py for tasks to queue
[2025-02-19T13:46:24.990-0600] {logging_mixin.py:190} INFO - [2025-02-19T13:46:24.989-0600] {dagbag.py:588} INFO - Filling up the DagBag from /home/dataScience/Projects/Pipeline/venv/lib/python3.10/site-packages/airflow/example_dags/tutorial_dag.py
[2025-02-19T13:46:25.007-0600] {processor.py:925} INFO - DAG(s) 'tutorial_dag' retrieved from /home/dataScience/Projects/Pipeline/venv/lib/python3.10/site-packages/airflow/example_dags/tutorial_dag.py
[2025-02-19T13:46:25.030-0600] {logging_mixin.py:190} INFO - [2025-02-19T13:46:25.029-0600] {dag.py:3239} INFO - Sync 1 DAGs
[2025-02-19T13:46:25.048-0600] {logging_mixin.py:190} INFO - [2025-02-19T13:46:25.048-0600] {dag.py:4180} INFO - Setting next_dagrun for tutorial_dag to None, run_after=None
[2025-02-19T13:46:25.088-0600] {processor.py:208} INFO - Processing /home/dataScience/Projects/Pipeline/venv/lib/python3.10/site-packages/airflow/example_dags/tutorial_dag.py took 0.123 seconds
