[2025-02-19T13:44:59.773-0600] {processor.py:186} INFO - Started process (PID=472623) to work on /home/dataScience/Projects/Pipeline/venv/lib/python3.10/site-packages/airflow/example_dags/tutorial.py
[2025-02-19T13:44:59.774-0600] {processor.py:914} INFO - Processing file /home/dataScience/Projects/Pipeline/venv/lib/python3.10/site-packages/airflow/example_dags/tutorial.py for tasks to queue
[2025-02-19T13:44:59.777-0600] {logging_mixin.py:190} INFO - [2025-02-19T13:44:59.776-0600] {dagbag.py:588} INFO - Filling up the DagBag from /home/dataScience/Projects/Pipeline/venv/lib/python3.10/site-packages/airflow/example_dags/tutorial.py
[2025-02-19T13:44:59.788-0600] {processor.py:925} INFO - DAG(s) 'tutorial' retrieved from /home/dataScience/Projects/Pipeline/venv/lib/python3.10/site-packages/airflow/example_dags/tutorial.py
[2025-02-19T13:45:00.085-0600] {logging_mixin.py:190} INFO - [2025-02-19T13:45:00.084-0600] {override.py:1930} INFO - Created Permission View: can edit on DAG:tutorial
[2025-02-19T13:45:00.108-0600] {logging_mixin.py:190} INFO - [2025-02-19T13:45:00.108-0600] {override.py:1930} INFO - Created Permission View: can delete on DAG:tutorial
[2025-02-19T13:45:00.126-0600] {logging_mixin.py:190} INFO - [2025-02-19T13:45:00.125-0600] {override.py:1930} INFO - Created Permission View: can read on DAG:tutorial
[2025-02-19T13:45:00.154-0600] {logging_mixin.py:190} INFO - [2025-02-19T13:45:00.153-0600] {override.py:1930} INFO - Created Permission View: can delete on DAG Run:tutorial
[2025-02-19T13:45:00.172-0600] {logging_mixin.py:190} INFO - [2025-02-19T13:45:00.172-0600] {override.py:1930} INFO - Created Permission View: menu access on DAG Run:tutorial
[2025-02-19T13:45:00.202-0600] {logging_mixin.py:190} INFO - [2025-02-19T13:45:00.202-0600] {override.py:1930} INFO - Created Permission View: can create on DAG Run:tutorial
[2025-02-19T13:45:00.222-0600] {logging_mixin.py:190} INFO - [2025-02-19T13:45:00.221-0600] {override.py:1930} INFO - Created Permission View: can read on DAG Run:tutorial
[2025-02-19T13:45:00.223-0600] {logging_mixin.py:190} INFO - [2025-02-19T13:45:00.223-0600] {dag.py:3239} INFO - Sync 1 DAGs
[2025-02-19T13:45:00.240-0600] {logging_mixin.py:190} INFO - [2025-02-19T13:45:00.239-0600] {dag.py:3262} INFO - Creating ORM DAG for tutorial
[2025-02-19T13:45:00.254-0600] {logging_mixin.py:190} INFO - [2025-02-19T13:45:00.253-0600] {dag.py:4180} INFO - Setting next_dagrun for tutorial to 2025-02-18 00:00:00+00:00, run_after=2025-02-19 00:00:00+00:00
[2025-02-19T13:45:00.294-0600] {processor.py:208} INFO - Processing /home/dataScience/Projects/Pipeline/venv/lib/python3.10/site-packages/airflow/example_dags/tutorial.py took 0.530 seconds
[2025-02-19T13:46:27.091-0600] {processor.py:186} INFO - Started process (PID=473592) to work on /home/dataScience/Projects/Pipeline/venv/lib/python3.10/site-packages/airflow/example_dags/tutorial.py
[2025-02-19T13:46:27.094-0600] {processor.py:914} INFO - Processing file /home/dataScience/Projects/Pipeline/venv/lib/python3.10/site-packages/airflow/example_dags/tutorial.py for tasks to queue
[2025-02-19T13:46:27.097-0600] {logging_mixin.py:190} INFO - [2025-02-19T13:46:27.096-0600] {dagbag.py:588} INFO - Filling up the DagBag from /home/dataScience/Projects/Pipeline/venv/lib/python3.10/site-packages/airflow/example_dags/tutorial.py
[2025-02-19T13:46:27.109-0600] {processor.py:925} INFO - DAG(s) 'tutorial' retrieved from /home/dataScience/Projects/Pipeline/venv/lib/python3.10/site-packages/airflow/example_dags/tutorial.py
[2025-02-19T13:46:27.129-0600] {logging_mixin.py:190} INFO - [2025-02-19T13:46:27.129-0600] {dag.py:3239} INFO - Sync 1 DAGs
[2025-02-19T13:46:27.156-0600] {logging_mixin.py:190} INFO - [2025-02-19T13:46:27.156-0600] {dag.py:4180} INFO - Setting next_dagrun for tutorial to 2025-02-18 00:00:00+00:00, run_after=2025-02-19 00:00:00+00:00
[2025-02-19T13:46:27.194-0600] {processor.py:208} INFO - Processing /home/dataScience/Projects/Pipeline/venv/lib/python3.10/site-packages/airflow/example_dags/tutorial.py took 0.111 seconds
