[2025-02-19T13:41:45.757-0600] {processor.py:186} INFO - Started process (PID=470560) to work on /home/dataScience/Projects/Pipeline/venv/lib/python3.10/site-packages/airflow/example_dags/tutorial_taskflow_api.py
[2025-02-19T13:41:45.765-0600] {processor.py:914} INFO - Processing file /home/dataScience/Projects/Pipeline/venv/lib/python3.10/site-packages/airflow/example_dags/tutorial_taskflow_api.py for tasks to queue
[2025-02-19T13:41:45.773-0600] {logging_mixin.py:190} INFO - [2025-02-19T13:41:45.770-0600] {dagbag.py:588} INFO - Filling up the DagBag from /home/dataScience/Projects/Pipeline/venv/lib/python3.10/site-packages/airflow/example_dags/tutorial_taskflow_api.py
[2025-02-19T13:41:45.851-0600] {processor.py:925} INFO - DAG(s) 'tutorial_taskflow_api' retrieved from /home/dataScience/Projects/Pipeline/venv/lib/python3.10/site-packages/airflow/example_dags/tutorial_taskflow_api.py
[2025-02-19T13:41:47.933-0600] {logging_mixin.py:190} INFO - [2025-02-19T13:41:47.920-0600] {override.py:1930} INFO - Created Permission View: can edit on DAG:tutorial_taskflow_api
[2025-02-19T13:41:47.969-0600] {logging_mixin.py:190} INFO - [2025-02-19T13:41:47.967-0600] {override.py:1930} INFO - Created Permission View: can read on DAG:tutorial_taskflow_api
[2025-02-19T13:41:47.997-0600] {logging_mixin.py:190} INFO - [2025-02-19T13:41:47.995-0600] {override.py:1930} INFO - Created Permission View: can delete on DAG:tutorial_taskflow_api
[2025-02-19T13:41:48.039-0600] {logging_mixin.py:190} INFO - [2025-02-19T13:41:48.038-0600] {override.py:1930} INFO - Created Permission View: can delete on DAG Run:tutorial_taskflow_api
[2025-02-19T13:41:48.062-0600] {logging_mixin.py:190} INFO - [2025-02-19T13:41:48.061-0600] {override.py:1930} INFO - Created Permission View: menu access on DAG Run:tutorial_taskflow_api
[2025-02-19T13:41:48.083-0600] {logging_mixin.py:190} INFO - [2025-02-19T13:41:48.083-0600] {override.py:1930} INFO - Created Permission View: can read on DAG Run:tutorial_taskflow_api
[2025-02-19T13:41:48.108-0600] {logging_mixin.py:190} INFO - [2025-02-19T13:41:48.107-0600] {override.py:1930} INFO - Created Permission View: can create on DAG Run:tutorial_taskflow_api
[2025-02-19T13:41:48.109-0600] {logging_mixin.py:190} INFO - [2025-02-19T13:41:48.108-0600] {dag.py:3239} INFO - Sync 1 DAGs
[2025-02-19T13:41:48.159-0600] {logging_mixin.py:190} INFO - [2025-02-19T13:41:48.157-0600] {dag.py:3262} INFO - Creating ORM DAG for tutorial_taskflow_api
[2025-02-19T13:41:48.162-0600] {logging_mixin.py:190} INFO - [2025-02-19T13:41:48.162-0600] {dag.py:4180} INFO - Setting next_dagrun for tutorial_taskflow_api to None, run_after=None
[2025-02-19T13:41:48.248-0600] {processor.py:208} INFO - Processing /home/dataScience/Projects/Pipeline/venv/lib/python3.10/site-packages/airflow/example_dags/tutorial_taskflow_api.py took 2.535 seconds
[2025-02-19T13:43:26.081-0600] {processor.py:186} INFO - Started process (PID=471488) to work on /home/dataScience/Projects/Pipeline/venv/lib/python3.10/site-packages/airflow/example_dags/tutorial_taskflow_api.py
[2025-02-19T13:43:26.094-0600] {processor.py:914} INFO - Processing file /home/dataScience/Projects/Pipeline/venv/lib/python3.10/site-packages/airflow/example_dags/tutorial_taskflow_api.py for tasks to queue
[2025-02-19T13:43:26.143-0600] {logging_mixin.py:190} INFO - [2025-02-19T13:43:26.141-0600] {dagbag.py:588} INFO - Filling up the DagBag from /home/dataScience/Projects/Pipeline/venv/lib/python3.10/site-packages/airflow/example_dags/tutorial_taskflow_api.py
[2025-02-19T13:43:26.298-0600] {processor.py:925} INFO - DAG(s) 'tutorial_taskflow_api' retrieved from /home/dataScience/Projects/Pipeline/venv/lib/python3.10/site-packages/airflow/example_dags/tutorial_taskflow_api.py
[2025-02-19T13:43:27.425-0600] {logging_mixin.py:190} INFO - [2025-02-19T13:43:27.425-0600] {dag.py:3239} INFO - Sync 1 DAGs
[2025-02-19T13:43:27.477-0600] {logging_mixin.py:190} INFO - [2025-02-19T13:43:27.477-0600] {dag.py:4180} INFO - Setting next_dagrun for tutorial_taskflow_api to None, run_after=None
[2025-02-19T13:43:27.573-0600] {processor.py:208} INFO - Processing /home/dataScience/Projects/Pipeline/venv/lib/python3.10/site-packages/airflow/example_dags/tutorial_taskflow_api.py took 1.629 seconds
[2025-02-19T13:44:33.054-0600] {processor.py:186} INFO - Started process (PID=472199) to work on /home/dataScience/Projects/Pipeline/venv/lib/python3.10/site-packages/airflow/example_dags/tutorial_taskflow_api.py
[2025-02-19T13:44:33.067-0600] {processor.py:914} INFO - Processing file /home/dataScience/Projects/Pipeline/venv/lib/python3.10/site-packages/airflow/example_dags/tutorial_taskflow_api.py for tasks to queue
[2025-02-19T13:44:33.133-0600] {logging_mixin.py:190} INFO - [2025-02-19T13:44:33.130-0600] {dagbag.py:588} INFO - Filling up the DagBag from /home/dataScience/Projects/Pipeline/venv/lib/python3.10/site-packages/airflow/example_dags/tutorial_taskflow_api.py
[2025-02-19T13:44:33.205-0600] {processor.py:925} INFO - DAG(s) 'tutorial_taskflow_api' retrieved from /home/dataScience/Projects/Pipeline/venv/lib/python3.10/site-packages/airflow/example_dags/tutorial_taskflow_api.py
[2025-02-19T13:44:33.371-0600] {logging_mixin.py:190} INFO - [2025-02-19T13:44:33.371-0600] {dag.py:3239} INFO - Sync 1 DAGs
[2025-02-19T13:44:33.434-0600] {logging_mixin.py:190} INFO - [2025-02-19T13:44:33.434-0600] {dag.py:4180} INFO - Setting next_dagrun for tutorial_taskflow_api to None, run_after=None
[2025-02-19T13:44:33.501-0600] {processor.py:208} INFO - Processing /home/dataScience/Projects/Pipeline/venv/lib/python3.10/site-packages/airflow/example_dags/tutorial_taskflow_api.py took 0.516 seconds
[2025-02-19T13:46:04.529-0600] {processor.py:186} INFO - Started process (PID=473385) to work on /home/dataScience/Projects/Pipeline/venv/lib/python3.10/site-packages/airflow/example_dags/tutorial_taskflow_api.py
[2025-02-19T13:46:04.532-0600] {processor.py:914} INFO - Processing file /home/dataScience/Projects/Pipeline/venv/lib/python3.10/site-packages/airflow/example_dags/tutorial_taskflow_api.py for tasks to queue
[2025-02-19T13:46:04.537-0600] {logging_mixin.py:190} INFO - [2025-02-19T13:46:04.536-0600] {dagbag.py:588} INFO - Filling up the DagBag from /home/dataScience/Projects/Pipeline/venv/lib/python3.10/site-packages/airflow/example_dags/tutorial_taskflow_api.py
[2025-02-19T13:46:04.558-0600] {processor.py:925} INFO - DAG(s) 'tutorial_taskflow_api' retrieved from /home/dataScience/Projects/Pipeline/venv/lib/python3.10/site-packages/airflow/example_dags/tutorial_taskflow_api.py
[2025-02-19T13:46:04.595-0600] {logging_mixin.py:190} INFO - [2025-02-19T13:46:04.594-0600] {dag.py:3239} INFO - Sync 1 DAGs
[2025-02-19T13:46:04.631-0600] {logging_mixin.py:190} INFO - [2025-02-19T13:46:04.631-0600] {dag.py:4180} INFO - Setting next_dagrun for tutorial_taskflow_api to None, run_after=None
[2025-02-19T13:46:04.704-0600] {processor.py:208} INFO - Processing /home/dataScience/Projects/Pipeline/venv/lib/python3.10/site-packages/airflow/example_dags/tutorial_taskflow_api.py took 0.189 seconds
[2025-02-19T13:46:48.765-0600] {processor.py:186} INFO - Started process (PID=473685) to work on /home/dataScience/Projects/Pipeline/venv/lib/python3.10/site-packages/airflow/example_dags/tutorial_taskflow_api.py
[2025-02-19T13:46:48.769-0600] {processor.py:914} INFO - Processing file /home/dataScience/Projects/Pipeline/venv/lib/python3.10/site-packages/airflow/example_dags/tutorial_taskflow_api.py for tasks to queue
[2025-02-19T13:46:48.773-0600] {logging_mixin.py:190} INFO - [2025-02-19T13:46:48.772-0600] {dagbag.py:588} INFO - Filling up the DagBag from /home/dataScience/Projects/Pipeline/venv/lib/python3.10/site-packages/airflow/example_dags/tutorial_taskflow_api.py
[2025-02-19T13:46:48.790-0600] {processor.py:925} INFO - DAG(s) 'tutorial_taskflow_api' retrieved from /home/dataScience/Projects/Pipeline/venv/lib/python3.10/site-packages/airflow/example_dags/tutorial_taskflow_api.py
[2025-02-19T13:46:48.822-0600] {logging_mixin.py:190} INFO - [2025-02-19T13:46:48.821-0600] {dag.py:3239} INFO - Sync 1 DAGs
[2025-02-19T13:46:48.858-0600] {logging_mixin.py:190} INFO - [2025-02-19T13:46:48.857-0600] {dag.py:4180} INFO - Setting next_dagrun for tutorial_taskflow_api to None, run_after=None
[2025-02-19T13:46:48.902-0600] {processor.py:208} INFO - Processing /home/dataScience/Projects/Pipeline/venv/lib/python3.10/site-packages/airflow/example_dags/tutorial_taskflow_api.py took 0.149 seconds
