[2025-02-19T13:43:51.003-0600] {processor.py:186} INFO - Started process (PID=471797) to work on /home/dataScience/Projects/Pipeline/venv/lib/python3.10/site-packages/airflow/example_dags/tutorial_objectstorage.py
[2025-02-19T13:43:51.004-0600] {processor.py:914} INFO - Processing file /home/dataScience/Projects/Pipeline/venv/lib/python3.10/site-packages/airflow/example_dags/tutorial_objectstorage.py for tasks to queue
[2025-02-19T13:43:51.008-0600] {logging_mixin.py:190} INFO - [2025-02-19T13:43:51.008-0600] {dagbag.py:588} INFO - Filling up the DagBag from /home/dataScience/Projects/Pipeline/venv/lib/python3.10/site-packages/airflow/example_dags/tutorial_objectstorage.py
[2025-02-19T13:43:51.028-0600] {processor.py:925} INFO - DAG(s) 'tutorial_objectstorage' retrieved from /home/dataScience/Projects/Pipeline/venv/lib/python3.10/site-packages/airflow/example_dags/tutorial_objectstorage.py
[2025-02-19T13:43:51.417-0600] {logging_mixin.py:190} INFO - [2025-02-19T13:43:51.416-0600] {override.py:1930} INFO - Created Permission View: can read on DAG:tutorial_objectstorage
[2025-02-19T13:43:51.444-0600] {logging_mixin.py:190} INFO - [2025-02-19T13:43:51.443-0600] {override.py:1930} INFO - Created Permission View: can edit on DAG:tutorial_objectstorage
[2025-02-19T13:43:51.463-0600] {logging_mixin.py:190} INFO - [2025-02-19T13:43:51.462-0600] {override.py:1930} INFO - Created Permission View: can delete on DAG:tutorial_objectstorage
[2025-02-19T13:43:51.493-0600] {logging_mixin.py:190} INFO - [2025-02-19T13:43:51.492-0600] {override.py:1930} INFO - Created Permission View: can read on DAG Run:tutorial_objectstorage
[2025-02-19T13:43:51.512-0600] {logging_mixin.py:190} INFO - [2025-02-19T13:43:51.511-0600] {override.py:1930} INFO - Created Permission View: can create on DAG Run:tutorial_objectstorage
[2025-02-19T13:43:51.532-0600] {logging_mixin.py:190} INFO - [2025-02-19T13:43:51.531-0600] {override.py:1930} INFO - Created Permission View: menu access on DAG Run:tutorial_objectstorage
[2025-02-19T13:43:51.553-0600] {logging_mixin.py:190} INFO - [2025-02-19T13:43:51.552-0600] {override.py:1930} INFO - Created Permission View: can delete on DAG Run:tutorial_objectstorage
[2025-02-19T13:43:51.553-0600] {logging_mixin.py:190} INFO - [2025-02-19T13:43:51.553-0600] {dag.py:3239} INFO - Sync 1 DAGs
[2025-02-19T13:43:51.575-0600] {logging_mixin.py:190} INFO - [2025-02-19T13:43:51.574-0600] {dag.py:3262} INFO - Creating ORM DAG for tutorial_objectstorage
[2025-02-19T13:43:51.576-0600] {logging_mixin.py:190} INFO - [2025-02-19T13:43:51.576-0600] {dag.py:4180} INFO - Setting next_dagrun for tutorial_objectstorage to None, run_after=None
[2025-02-19T13:43:51.620-0600] {processor.py:208} INFO - Processing /home/dataScience/Projects/Pipeline/venv/lib/python3.10/site-packages/airflow/example_dags/tutorial_objectstorage.py took 0.628 seconds
[2025-02-19T13:44:51.590-0600] {processor.py:186} INFO - Started process (PID=472498) to work on /home/dataScience/Projects/Pipeline/venv/lib/python3.10/site-packages/airflow/example_dags/tutorial_objectstorage.py
[2025-02-19T13:44:51.594-0600] {processor.py:914} INFO - Processing file /home/dataScience/Projects/Pipeline/venv/lib/python3.10/site-packages/airflow/example_dags/tutorial_objectstorage.py for tasks to queue
[2025-02-19T13:44:51.597-0600] {logging_mixin.py:190} INFO - [2025-02-19T13:44:51.597-0600] {dagbag.py:588} INFO - Filling up the DagBag from /home/dataScience/Projects/Pipeline/venv/lib/python3.10/site-packages/airflow/example_dags/tutorial_objectstorage.py
[2025-02-19T13:44:51.613-0600] {processor.py:925} INFO - DAG(s) 'tutorial_objectstorage' retrieved from /home/dataScience/Projects/Pipeline/venv/lib/python3.10/site-packages/airflow/example_dags/tutorial_objectstorage.py
[2025-02-19T13:44:51.645-0600] {logging_mixin.py:190} INFO - [2025-02-19T13:44:51.645-0600] {dag.py:3239} INFO - Sync 1 DAGs
[2025-02-19T13:44:51.667-0600] {logging_mixin.py:190} INFO - [2025-02-19T13:44:51.667-0600] {dag.py:4180} INFO - Setting next_dagrun for tutorial_objectstorage to None, run_after=None
[2025-02-19T13:44:51.706-0600] {processor.py:208} INFO - Processing /home/dataScience/Projects/Pipeline/venv/lib/python3.10/site-packages/airflow/example_dags/tutorial_objectstorage.py took 0.129 seconds
[2025-02-19T13:46:19.870-0600] {processor.py:186} INFO - Started process (PID=473580) to work on /home/dataScience/Projects/Pipeline/venv/lib/python3.10/site-packages/airflow/example_dags/tutorial_objectstorage.py
[2025-02-19T13:46:19.873-0600] {processor.py:914} INFO - Processing file /home/dataScience/Projects/Pipeline/venv/lib/python3.10/site-packages/airflow/example_dags/tutorial_objectstorage.py for tasks to queue
[2025-02-19T13:46:19.876-0600] {logging_mixin.py:190} INFO - [2025-02-19T13:46:19.876-0600] {dagbag.py:588} INFO - Filling up the DagBag from /home/dataScience/Projects/Pipeline/venv/lib/python3.10/site-packages/airflow/example_dags/tutorial_objectstorage.py
[2025-02-19T13:46:19.899-0600] {processor.py:925} INFO - DAG(s) 'tutorial_objectstorage' retrieved from /home/dataScience/Projects/Pipeline/venv/lib/python3.10/site-packages/airflow/example_dags/tutorial_objectstorage.py
[2025-02-19T13:46:19.929-0600] {logging_mixin.py:190} INFO - [2025-02-19T13:46:19.929-0600] {dag.py:3239} INFO - Sync 1 DAGs
[2025-02-19T13:46:19.961-0600] {logging_mixin.py:190} INFO - [2025-02-19T13:46:19.960-0600] {dag.py:4180} INFO - Setting next_dagrun for tutorial_objectstorage to None, run_after=None
[2025-02-19T13:46:20.015-0600] {processor.py:208} INFO - Processing /home/dataScience/Projects/Pipeline/venv/lib/python3.10/site-packages/airflow/example_dags/tutorial_objectstorage.py took 0.155 seconds
