[2025-02-19T13:43:40.411-0600] {processor.py:186} INFO - Started process (PID=471693) to work on /home/dataScience/Projects/Pipeline/venv/lib/python3.10/site-packages/airflow/example_dags/tutorial_taskflow_api_virtualenv.py
[2025-02-19T13:43:40.413-0600] {processor.py:914} INFO - Processing file /home/dataScience/Projects/Pipeline/venv/lib/python3.10/site-packages/airflow/example_dags/tutorial_taskflow_api_virtualenv.py for tasks to queue
[2025-02-19T13:43:40.416-0600] {logging_mixin.py:190} INFO - [2025-02-19T13:43:40.415-0600] {dagbag.py:588} INFO - Filling up the DagBag from /home/dataScience/Projects/Pipeline/venv/lib/python3.10/site-packages/airflow/example_dags/tutorial_taskflow_api_virtualenv.py
[2025-02-19T13:43:40.438-0600] {processor.py:925} INFO - DAG(s) 'tutorial_taskflow_api_virtualenv' retrieved from /home/dataScience/Projects/Pipeline/venv/lib/python3.10/site-packages/airflow/example_dags/tutorial_taskflow_api_virtualenv.py
[2025-02-19T13:43:40.778-0600] {logging_mixin.py:190} INFO - [2025-02-19T13:43:40.777-0600] {override.py:1930} INFO - Created Permission View: can read on DAG:tutorial_taskflow_api_virtualenv
[2025-02-19T13:43:40.807-0600] {logging_mixin.py:190} INFO - [2025-02-19T13:43:40.806-0600] {override.py:1930} INFO - Created Permission View: can edit on DAG:tutorial_taskflow_api_virtualenv
[2025-02-19T13:43:40.829-0600] {logging_mixin.py:190} INFO - [2025-02-19T13:43:40.828-0600] {override.py:1930} INFO - Created Permission View: can delete on DAG:tutorial_taskflow_api_virtualenv
[2025-02-19T13:43:40.863-0600] {logging_mixin.py:190} INFO - [2025-02-19T13:43:40.863-0600] {override.py:1930} INFO - Created Permission View: can read on DAG Run:tutorial_taskflow_api_virtualenv
[2025-02-19T13:43:40.882-0600] {logging_mixin.py:190} INFO - [2025-02-19T13:43:40.881-0600] {override.py:1930} INFO - Created Permission View: can create on DAG Run:tutorial_taskflow_api_virtualenv
[2025-02-19T13:43:40.904-0600] {logging_mixin.py:190} INFO - [2025-02-19T13:43:40.903-0600] {override.py:1930} INFO - Created Permission View: menu access on DAG Run:tutorial_taskflow_api_virtualenv
[2025-02-19T13:43:40.925-0600] {logging_mixin.py:190} INFO - [2025-02-19T13:43:40.924-0600] {override.py:1930} INFO - Created Permission View: can delete on DAG Run:tutorial_taskflow_api_virtualenv
[2025-02-19T13:43:40.925-0600] {logging_mixin.py:190} INFO - [2025-02-19T13:43:40.925-0600] {dag.py:3239} INFO - Sync 1 DAGs
[2025-02-19T13:43:40.942-0600] {logging_mixin.py:190} INFO - [2025-02-19T13:43:40.942-0600] {dag.py:3262} INFO - Creating ORM DAG for tutorial_taskflow_api_virtualenv
[2025-02-19T13:43:40.943-0600] {logging_mixin.py:190} INFO - [2025-02-19T13:43:40.943-0600] {dag.py:4180} INFO - Setting next_dagrun for tutorial_taskflow_api_virtualenv to None, run_after=None
[2025-02-19T13:43:40.995-0600] {processor.py:208} INFO - Processing /home/dataScience/Projects/Pipeline/venv/lib/python3.10/site-packages/airflow/example_dags/tutorial_taskflow_api_virtualenv.py took 0.593 seconds
[2025-02-19T13:44:43.684-0600] {processor.py:186} INFO - Started process (PID=472392) to work on /home/dataScience/Projects/Pipeline/venv/lib/python3.10/site-packages/airflow/example_dags/tutorial_taskflow_api_virtualenv.py
[2025-02-19T13:44:43.688-0600] {processor.py:914} INFO - Processing file /home/dataScience/Projects/Pipeline/venv/lib/python3.10/site-packages/airflow/example_dags/tutorial_taskflow_api_virtualenv.py for tasks to queue
[2025-02-19T13:44:43.692-0600] {logging_mixin.py:190} INFO - [2025-02-19T13:44:43.691-0600] {dagbag.py:588} INFO - Filling up the DagBag from /home/dataScience/Projects/Pipeline/venv/lib/python3.10/site-packages/airflow/example_dags/tutorial_taskflow_api_virtualenv.py
[2025-02-19T13:44:43.712-0600] {processor.py:925} INFO - DAG(s) 'tutorial_taskflow_api_virtualenv' retrieved from /home/dataScience/Projects/Pipeline/venv/lib/python3.10/site-packages/airflow/example_dags/tutorial_taskflow_api_virtualenv.py
[2025-02-19T13:44:44.108-0600] {logging_mixin.py:190} INFO - [2025-02-19T13:44:44.108-0600] {dag.py:3239} INFO - Sync 1 DAGs
[2025-02-19T13:44:44.132-0600] {logging_mixin.py:190} INFO - [2025-02-19T13:44:44.132-0600] {dag.py:4180} INFO - Setting next_dagrun for tutorial_taskflow_api_virtualenv to None, run_after=None
[2025-02-19T13:44:44.204-0600] {processor.py:208} INFO - Processing /home/dataScience/Projects/Pipeline/venv/lib/python3.10/site-packages/airflow/example_dags/tutorial_taskflow_api_virtualenv.py took 0.530 seconds
[2025-02-19T13:46:11.787-0600] {processor.py:186} INFO - Started process (PID=473454) to work on /home/dataScience/Projects/Pipeline/venv/lib/python3.10/site-packages/airflow/example_dags/tutorial_taskflow_api_virtualenv.py
[2025-02-19T13:46:11.791-0600] {processor.py:914} INFO - Processing file /home/dataScience/Projects/Pipeline/venv/lib/python3.10/site-packages/airflow/example_dags/tutorial_taskflow_api_virtualenv.py for tasks to queue
[2025-02-19T13:46:11.795-0600] {logging_mixin.py:190} INFO - [2025-02-19T13:46:11.794-0600] {dagbag.py:588} INFO - Filling up the DagBag from /home/dataScience/Projects/Pipeline/venv/lib/python3.10/site-packages/airflow/example_dags/tutorial_taskflow_api_virtualenv.py
[2025-02-19T13:46:11.818-0600] {processor.py:925} INFO - DAG(s) 'tutorial_taskflow_api_virtualenv' retrieved from /home/dataScience/Projects/Pipeline/venv/lib/python3.10/site-packages/airflow/example_dags/tutorial_taskflow_api_virtualenv.py
[2025-02-19T13:46:11.855-0600] {logging_mixin.py:190} INFO - [2025-02-19T13:46:11.854-0600] {dag.py:3239} INFO - Sync 1 DAGs
[2025-02-19T13:46:11.900-0600] {logging_mixin.py:190} INFO - [2025-02-19T13:46:11.900-0600] {dag.py:4180} INFO - Setting next_dagrun for tutorial_taskflow_api_virtualenv to None, run_after=None
[2025-02-19T13:46:11.947-0600] {processor.py:208} INFO - Processing /home/dataScience/Projects/Pipeline/venv/lib/python3.10/site-packages/airflow/example_dags/tutorial_taskflow_api_virtualenv.py took 0.170 seconds
[2025-02-19T13:46:57.699-0600] {processor.py:186} INFO - Started process (PID=473728) to work on /home/dataScience/Projects/Pipeline/venv/lib/python3.10/site-packages/airflow/example_dags/tutorial_taskflow_api_virtualenv.py
[2025-02-19T13:46:57.701-0600] {processor.py:914} INFO - Processing file /home/dataScience/Projects/Pipeline/venv/lib/python3.10/site-packages/airflow/example_dags/tutorial_taskflow_api_virtualenv.py for tasks to queue
[2025-02-19T13:46:57.706-0600] {logging_mixin.py:190} INFO - [2025-02-19T13:46:57.705-0600] {dagbag.py:588} INFO - Filling up the DagBag from /home/dataScience/Projects/Pipeline/venv/lib/python3.10/site-packages/airflow/example_dags/tutorial_taskflow_api_virtualenv.py
[2025-02-19T13:46:57.729-0600] {processor.py:925} INFO - DAG(s) 'tutorial_taskflow_api_virtualenv' retrieved from /home/dataScience/Projects/Pipeline/venv/lib/python3.10/site-packages/airflow/example_dags/tutorial_taskflow_api_virtualenv.py
[2025-02-19T13:46:57.753-0600] {logging_mixin.py:190} INFO - [2025-02-19T13:46:57.753-0600] {dag.py:3239} INFO - Sync 1 DAGs
[2025-02-19T13:46:57.773-0600] {logging_mixin.py:190} INFO - [2025-02-19T13:46:57.773-0600] {dag.py:4180} INFO - Setting next_dagrun for tutorial_taskflow_api_virtualenv to None, run_after=None
[2025-02-19T13:46:57.810-0600] {processor.py:208} INFO - Processing /home/dataScience/Projects/Pipeline/venv/lib/python3.10/site-packages/airflow/example_dags/tutorial_taskflow_api_virtualenv.py took 0.122 seconds
