[2025-02-19T13:43:49.196-0600] {processor.py:186} INFO - Started process (PID=471796) to work on /home/dataScience/Projects/Pipeline/venv/lib/python3.10/site-packages/airflow/example_dags/tutorial_taskflow_templates.py
[2025-02-19T13:43:49.197-0600] {processor.py:914} INFO - Processing file /home/dataScience/Projects/Pipeline/venv/lib/python3.10/site-packages/airflow/example_dags/tutorial_taskflow_templates.py for tasks to queue
[2025-02-19T13:43:49.202-0600] {logging_mixin.py:190} INFO - [2025-02-19T13:43:49.201-0600] {dagbag.py:588} INFO - Filling up the DagBag from /home/dataScience/Projects/Pipeline/venv/lib/python3.10/site-packages/airflow/example_dags/tutorial_taskflow_templates.py
[2025-02-19T13:43:49.221-0600] {processor.py:925} INFO - DAG(s) 'tutorial_taskflow_templates' retrieved from /home/dataScience/Projects/Pipeline/venv/lib/python3.10/site-packages/airflow/example_dags/tutorial_taskflow_templates.py
[2025-02-19T13:43:49.524-0600] {logging_mixin.py:190} INFO - [2025-02-19T13:43:49.523-0600] {override.py:1930} INFO - Created Permission View: can read on DAG:tutorial_taskflow_templates
[2025-02-19T13:43:49.551-0600] {logging_mixin.py:190} INFO - [2025-02-19T13:43:49.550-0600] {override.py:1930} INFO - Created Permission View: can edit on DAG:tutorial_taskflow_templates
[2025-02-19T13:43:49.575-0600] {logging_mixin.py:190} INFO - [2025-02-19T13:43:49.574-0600] {override.py:1930} INFO - Created Permission View: can delete on DAG:tutorial_taskflow_templates
[2025-02-19T13:43:49.613-0600] {logging_mixin.py:190} INFO - [2025-02-19T13:43:49.612-0600] {override.py:1930} INFO - Created Permission View: can read on DAG Run:tutorial_taskflow_templates
[2025-02-19T13:43:49.637-0600] {logging_mixin.py:190} INFO - [2025-02-19T13:43:49.636-0600] {override.py:1930} INFO - Created Permission View: can create on DAG Run:tutorial_taskflow_templates
[2025-02-19T13:43:49.659-0600] {logging_mixin.py:190} INFO - [2025-02-19T13:43:49.658-0600] {override.py:1930} INFO - Created Permission View: menu access on DAG Run:tutorial_taskflow_templates
[2025-02-19T13:43:49.684-0600] {logging_mixin.py:190} INFO - [2025-02-19T13:43:49.683-0600] {override.py:1930} INFO - Created Permission View: can delete on DAG Run:tutorial_taskflow_templates
[2025-02-19T13:43:49.685-0600] {logging_mixin.py:190} INFO - [2025-02-19T13:43:49.684-0600] {dag.py:3239} INFO - Sync 1 DAGs
[2025-02-19T13:43:49.712-0600] {logging_mixin.py:190} INFO - [2025-02-19T13:43:49.712-0600] {dag.py:3262} INFO - Creating ORM DAG for tutorial_taskflow_templates
[2025-02-19T13:43:49.739-0600] {logging_mixin.py:190} INFO - [2025-02-19T13:43:49.738-0600] {dag.py:4180} INFO - Setting next_dagrun for tutorial_taskflow_templates to 2025-02-18 00:00:00+00:00, run_after=2025-02-19 00:00:00+00:00
[2025-02-19T13:43:49.786-0600] {processor.py:208} INFO - Processing /home/dataScience/Projects/Pipeline/venv/lib/python3.10/site-packages/airflow/example_dags/tutorial_taskflow_templates.py took 0.613 seconds
[2025-02-19T13:44:50.082-0600] {processor.py:186} INFO - Started process (PID=472497) to work on /home/dataScience/Projects/Pipeline/venv/lib/python3.10/site-packages/airflow/example_dags/tutorial_taskflow_templates.py
[2025-02-19T13:44:50.086-0600] {processor.py:914} INFO - Processing file /home/dataScience/Projects/Pipeline/venv/lib/python3.10/site-packages/airflow/example_dags/tutorial_taskflow_templates.py for tasks to queue
[2025-02-19T13:44:50.090-0600] {logging_mixin.py:190} INFO - [2025-02-19T13:44:50.089-0600] {dagbag.py:588} INFO - Filling up the DagBag from /home/dataScience/Projects/Pipeline/venv/lib/python3.10/site-packages/airflow/example_dags/tutorial_taskflow_templates.py
[2025-02-19T13:44:50.114-0600] {processor.py:925} INFO - DAG(s) 'tutorial_taskflow_templates' retrieved from /home/dataScience/Projects/Pipeline/venv/lib/python3.10/site-packages/airflow/example_dags/tutorial_taskflow_templates.py
[2025-02-19T13:44:50.149-0600] {logging_mixin.py:190} INFO - [2025-02-19T13:44:50.148-0600] {dag.py:3239} INFO - Sync 1 DAGs
[2025-02-19T13:44:50.192-0600] {logging_mixin.py:190} INFO - [2025-02-19T13:44:50.191-0600] {dag.py:4180} INFO - Setting next_dagrun for tutorial_taskflow_templates to 2025-02-18 00:00:00+00:00, run_after=2025-02-19 00:00:00+00:00
[2025-02-19T13:44:50.444-0600] {processor.py:208} INFO - Processing /home/dataScience/Projects/Pipeline/venv/lib/python3.10/site-packages/airflow/example_dags/tutorial_taskflow_templates.py took 0.372 seconds
[2025-02-19T13:46:18.482-0600] {processor.py:186} INFO - Started process (PID=473542) to work on /home/dataScience/Projects/Pipeline/venv/lib/python3.10/site-packages/airflow/example_dags/tutorial_taskflow_templates.py
[2025-02-19T13:46:18.485-0600] {processor.py:914} INFO - Processing file /home/dataScience/Projects/Pipeline/venv/lib/python3.10/site-packages/airflow/example_dags/tutorial_taskflow_templates.py for tasks to queue
[2025-02-19T13:46:18.492-0600] {logging_mixin.py:190} INFO - [2025-02-19T13:46:18.491-0600] {dagbag.py:588} INFO - Filling up the DagBag from /home/dataScience/Projects/Pipeline/venv/lib/python3.10/site-packages/airflow/example_dags/tutorial_taskflow_templates.py
[2025-02-19T13:46:18.538-0600] {processor.py:925} INFO - DAG(s) 'tutorial_taskflow_templates' retrieved from /home/dataScience/Projects/Pipeline/venv/lib/python3.10/site-packages/airflow/example_dags/tutorial_taskflow_templates.py
[2025-02-19T13:46:18.570-0600] {logging_mixin.py:190} INFO - [2025-02-19T13:46:18.570-0600] {dag.py:3239} INFO - Sync 1 DAGs
[2025-02-19T13:46:18.607-0600] {logging_mixin.py:190} INFO - [2025-02-19T13:46:18.607-0600] {dag.py:4180} INFO - Setting next_dagrun for tutorial_taskflow_templates to 2025-02-18 00:00:00+00:00, run_after=2025-02-19 00:00:00+00:00
[2025-02-19T13:46:18.666-0600] {processor.py:208} INFO - Processing /home/dataScience/Projects/Pipeline/venv/lib/python3.10/site-packages/airflow/example_dags/tutorial_taskflow_templates.py took 0.200 seconds
