[2025-03-03T12:22:21.174-0600] {local_task_job_runner.py:123} INFO - ::group::Pre task execution logs
[2025-03-03T12:22:21.204-0600] {taskinstance.py:2614} INFO - Dependencies all met for dep_context=non-requeueable deps ti=<TaskInstance: EtlWeather.StoreData scheduled__2025-03-02T00:00:00+00:00 [queued]>
[2025-03-03T12:22:21.221-0600] {taskinstance.py:2614} INFO - Dependencies all met for dep_context=requeueable deps ti=<TaskInstance: EtlWeather.StoreData scheduled__2025-03-02T00:00:00+00:00 [queued]>
[2025-03-03T12:22:21.222-0600] {taskinstance.py:2867} INFO - Starting attempt 1 of 1
[2025-03-03T12:22:21.251-0600] {taskinstance.py:2890} INFO - Executing <Task(_PythonDecoratedOperator): StoreData> on 2025-03-02 00:00:00+00:00
[2025-03-03T12:22:21.257-0600] {standard_task_runner.py:72} INFO - Started process 4597 to run task
[2025-03-03T12:22:21.261-0600] {standard_task_runner.py:104} INFO - Running: ['airflow', 'tasks', 'run', 'EtlWeather', 'StoreData', 'scheduled__2025-03-02T00:00:00+00:00', '--job-id', '61', '--raw', '--subdir', 'DAGS_FOLDER/dag_1.py', '--cfg-path', '/tmp/tmpigjwn97l']
[2025-03-03T12:22:21.264-0600] {standard_task_runner.py:105} INFO - Job 61: Subtask StoreData
[2025-03-03T12:22:21.352-0600] {task_command.py:467} INFO - Running <TaskInstance: EtlWeather.StoreData scheduled__2025-03-02T00:00:00+00:00 [running]> on host IMNOTROY.
[2025-03-03T12:22:21.480-0600] {taskinstance.py:3134} INFO - Exporting env vars: AIRFLOW_CTX_DAG_OWNER='airflow' AIRFLOW_CTX_DAG_ID='EtlWeather' AIRFLOW_CTX_TASK_ID='StoreData' AIRFLOW_CTX_EXECUTION_DATE='2025-03-02T00:00:00+00:00' AIRFLOW_CTX_TRY_NUMBER='1' AIRFLOW_CTX_DAG_RUN_ID='scheduled__2025-03-02T00:00:00+00:00'
[2025-03-03T12:22:21.481-0600] {taskinstance.py:732} INFO - ::endgroup::
[2025-03-03T12:22:21.523-0600] {__init__.py:149} INFO - package: mysql.connector.plugins
[2025-03-03T12:22:21.523-0600] {__init__.py:150} INFO - plugin_name: caching_sha2_password
[2025-03-03T12:22:21.524-0600] {__init__.py:154} INFO - AUTHENTICATION_PLUGIN_CLASS: MySQLCachingSHA2PasswordAuthPlugin
[2025-03-03T12:22:21.525-0600] {__init__.py:149} INFO - package: mysql.connector.plugins
[2025-03-03T12:22:21.525-0600] {__init__.py:150} INFO - plugin_name: mysql_native_password
[2025-03-03T12:22:21.527-0600] {__init__.py:154} INFO - AUTHENTICATION_PLUGIN_CLASS: MySQLNativePasswordAuthPlugin
[2025-03-03T12:22:21.549-0600] {dag_1.py:62} INFO - Data stored succesfully!
[2025-03-03T12:22:21.560-0600] {python.py:240} INFO - Done. Returned value was: None
[2025-03-03T12:22:21.570-0600] {taskinstance.py:341} INFO - ::group::Post task execution logs
[2025-03-03T12:22:21.571-0600] {taskinstance.py:353} INFO - Marking task as SUCCESS. dag_id=EtlWeather, task_id=StoreData, run_id=scheduled__2025-03-02T00:00:00+00:00, execution_date=20250302T000000, start_date=20250303T182221, end_date=20250303T182221
[2025-03-03T12:22:21.637-0600] {local_task_job_runner.py:266} INFO - Task exited with return code 0
[2025-03-03T12:22:21.656-0600] {taskinstance.py:3901} INFO - 0 downstream tasks scheduled from follow-on schedule check
[2025-03-03T12:22:21.658-0600] {local_task_job_runner.py:245} INFO - ::endgroup::
