[2025-02-19T13:41:42.734-0600] {processor.py:186} INFO - Started process (PID=470486) to work on /home/dataScience/Projects/Pipeline/venv/lib/python3.10/site-packages/airflow/example_dags/plugins/workday.py
[2025-02-19T13:41:42.741-0600] {processor.py:914} INFO - Processing file /home/dataScience/Projects/Pipeline/venv/lib/python3.10/site-packages/airflow/example_dags/plugins/workday.py for tasks to queue
[2025-02-19T13:41:42.767-0600] {logging_mixin.py:190} INFO - [2025-02-19T13:41:42.763-0600] {dagbag.py:588} INFO - Filling up the DagBag from /home/dataScience/Projects/Pipeline/venv/lib/python3.10/site-packages/airflow/example_dags/plugins/workday.py
[2025-02-19T13:41:42.795-0600] {logging_mixin.py:190} INFO - [2025-02-19T13:41:42.794-0600] {workday.py:41} WARNING - Could not import pandas. Holidays will not be considered.
[2025-02-19T13:41:42.797-0600] {processor.py:927} WARNING - No viable dags retrieved from /home/dataScience/Projects/Pipeline/venv/lib/python3.10/site-packages/airflow/example_dags/plugins/workday.py
[2025-02-19T13:41:42.879-0600] {processor.py:208} INFO - Processing /home/dataScience/Projects/Pipeline/venv/lib/python3.10/site-packages/airflow/example_dags/plugins/workday.py took 0.222 seconds
[2025-02-19T13:43:22.885-0600] {processor.py:186} INFO - Started process (PID=471444) to work on /home/dataScience/Projects/Pipeline/venv/lib/python3.10/site-packages/airflow/example_dags/plugins/workday.py
[2025-02-19T13:43:22.893-0600] {processor.py:914} INFO - Processing file /home/dataScience/Projects/Pipeline/venv/lib/python3.10/site-packages/airflow/example_dags/plugins/workday.py for tasks to queue
[2025-02-19T13:43:22.902-0600] {logging_mixin.py:190} INFO - [2025-02-19T13:43:22.900-0600] {dagbag.py:588} INFO - Filling up the DagBag from /home/dataScience/Projects/Pipeline/venv/lib/python3.10/site-packages/airflow/example_dags/plugins/workday.py
[2025-02-19T13:43:22.915-0600] {logging_mixin.py:190} INFO - [2025-02-19T13:43:22.914-0600] {workday.py:41} WARNING - Could not import pandas. Holidays will not be considered.
[2025-02-19T13:43:22.917-0600] {processor.py:927} WARNING - No viable dags retrieved from /home/dataScience/Projects/Pipeline/venv/lib/python3.10/site-packages/airflow/example_dags/plugins/workday.py
[2025-02-19T13:43:22.943-0600] {processor.py:208} INFO - Processing /home/dataScience/Projects/Pipeline/venv/lib/python3.10/site-packages/airflow/example_dags/plugins/workday.py took 0.091 seconds
[2025-02-19T13:44:29.927-0600] {processor.py:186} INFO - Started process (PID=472166) to work on /home/dataScience/Projects/Pipeline/venv/lib/python3.10/site-packages/airflow/example_dags/plugins/workday.py
[2025-02-19T13:44:29.936-0600] {processor.py:914} INFO - Processing file /home/dataScience/Projects/Pipeline/venv/lib/python3.10/site-packages/airflow/example_dags/plugins/workday.py for tasks to queue
[2025-02-19T13:44:29.954-0600] {logging_mixin.py:190} INFO - [2025-02-19T13:44:29.951-0600] {dagbag.py:588} INFO - Filling up the DagBag from /home/dataScience/Projects/Pipeline/venv/lib/python3.10/site-packages/airflow/example_dags/plugins/workday.py
[2025-02-19T13:44:29.982-0600] {logging_mixin.py:190} INFO - [2025-02-19T13:44:29.982-0600] {workday.py:41} WARNING - Could not import pandas. Holidays will not be considered.
[2025-02-19T13:44:29.985-0600] {processor.py:927} WARNING - No viable dags retrieved from /home/dataScience/Projects/Pipeline/venv/lib/python3.10/site-packages/airflow/example_dags/plugins/workday.py
[2025-02-19T13:44:30.074-0600] {processor.py:208} INFO - Processing /home/dataScience/Projects/Pipeline/venv/lib/python3.10/site-packages/airflow/example_dags/plugins/workday.py took 0.203 seconds
[2025-02-19T13:46:02.135-0600] {processor.py:186} INFO - Started process (PID=473359) to work on /home/dataScience/Projects/Pipeline/venv/lib/python3.10/site-packages/airflow/example_dags/plugins/workday.py
[2025-02-19T13:46:02.138-0600] {processor.py:914} INFO - Processing file /home/dataScience/Projects/Pipeline/venv/lib/python3.10/site-packages/airflow/example_dags/plugins/workday.py for tasks to queue
[2025-02-19T13:46:02.143-0600] {logging_mixin.py:190} INFO - [2025-02-19T13:46:02.142-0600] {dagbag.py:588} INFO - Filling up the DagBag from /home/dataScience/Projects/Pipeline/venv/lib/python3.10/site-packages/airflow/example_dags/plugins/workday.py
[2025-02-19T13:46:02.150-0600] {logging_mixin.py:190} INFO - [2025-02-19T13:46:02.150-0600] {workday.py:41} WARNING - Could not import pandas. Holidays will not be considered.
[2025-02-19T13:46:02.152-0600] {processor.py:927} WARNING - No viable dags retrieved from /home/dataScience/Projects/Pipeline/venv/lib/python3.10/site-packages/airflow/example_dags/plugins/workday.py
[2025-02-19T13:46:02.175-0600] {processor.py:208} INFO - Processing /home/dataScience/Projects/Pipeline/venv/lib/python3.10/site-packages/airflow/example_dags/plugins/workday.py took 0.055 seconds
[2025-02-19T13:46:47.430-0600] {processor.py:186} INFO - Started process (PID=473683) to work on /home/dataScience/Projects/Pipeline/venv/lib/python3.10/site-packages/airflow/example_dags/plugins/workday.py
[2025-02-19T13:46:47.434-0600] {processor.py:914} INFO - Processing file /home/dataScience/Projects/Pipeline/venv/lib/python3.10/site-packages/airflow/example_dags/plugins/workday.py for tasks to queue
[2025-02-19T13:46:47.439-0600] {logging_mixin.py:190} INFO - [2025-02-19T13:46:47.438-0600] {dagbag.py:588} INFO - Filling up the DagBag from /home/dataScience/Projects/Pipeline/venv/lib/python3.10/site-packages/airflow/example_dags/plugins/workday.py
[2025-02-19T13:46:47.446-0600] {logging_mixin.py:190} INFO - [2025-02-19T13:46:47.445-0600] {workday.py:41} WARNING - Could not import pandas. Holidays will not be considered.
[2025-02-19T13:46:47.446-0600] {processor.py:927} WARNING - No viable dags retrieved from /home/dataScience/Projects/Pipeline/venv/lib/python3.10/site-packages/airflow/example_dags/plugins/workday.py
[2025-02-19T13:46:47.462-0600] {processor.py:208} INFO - Processing /home/dataScience/Projects/Pipeline/venv/lib/python3.10/site-packages/airflow/example_dags/plugins/workday.py took 0.045 seconds
