[2025-02-27T13:49:34.837-0600][gc,heap] Heap region size: 1M
[2025-02-27T13:49:34.854-0600][gc     ] Using G1
[2025-02-27T13:49:34.854-0600][gc,heap,coops] Heap address: 0x00000000c0000000, size: 1024 MB, Compressed Oops mode: 32-bit
[2025-02-27T13:49:34.854-0600][gc,cds       ] Mark closed archive regions in map: [0x00000000fff00000, 0x00000000fff6bff8]
[2025-02-27T13:49:34.854-0600][gc,cds       ] Mark open archive regions in map: [0x00000000ffe00000, 0x00000000ffe47ff8]
[2025-02-27T13:49:38.381-0600][gc,start     ] GC(0) Pause Young (Normal) (G1 Evacuation Pause)
[2025-02-27T13:49:38.384-0600][gc,task      ] GC(0) Using 8 workers of 8 for evacuation
[2025-02-27T13:49:38.406-0600][gc,mmu       ] GC(0) MMU target violated: 21.0ms (20.0ms/21.0ms)
[2025-02-27T13:49:38.407-0600][gc,phases    ] GC(0)   Pre Evacuate Collection Set: 1.0ms
[2025-02-27T13:49:38.407-0600][gc,phases    ] GC(0)   Evacuate Collection Set: 20.3ms
[2025-02-27T13:49:38.407-0600][gc,phases    ] GC(0)   Post Evacuate Collection Set: 1.3ms
[2025-02-27T13:49:38.407-0600][gc,phases    ] GC(0)   Other: 3.3ms
[2025-02-27T13:49:38.407-0600][gc,heap      ] GC(0) Eden regions: 51->0(44)
[2025-02-27T13:49:38.407-0600][gc,heap      ] GC(0) Survivor regions: 0->7(7)
[2025-02-27T13:49:38.407-0600][gc,heap      ] GC(0) Old regions: 2->3
[2025-02-27T13:49:38.407-0600][gc,heap      ] GC(0) Humongous regions: 0->0
[2025-02-27T13:49:38.407-0600][gc,metaspace ] GC(0) Metaspace: 13318K(14080K)->13318K(14080K) NonClass: 11490K(12032K)->11490K(12032K) Class: 1828K(2048K)->1828K(2048K)
[2025-02-27T13:49:38.407-0600][gc           ] GC(0) Pause Young (Normal) (G1 Evacuation Pause) 51M->8M(1024M) 26.011ms
[2025-02-27T13:49:38.407-0600][gc,cpu       ] GC(0) User=0.03s Sys=0.13s Real=0.02s
[2025-02-27T13:49:40.229-0600][gc,start     ] GC(1) Pause Young (Concurrent Start) (Metadata GC Threshold)
[2025-02-27T13:49:40.229-0600][gc,task      ] GC(1) Using 8 workers of 8 for evacuation
[2025-02-27T13:49:40.280-0600][gc,mmu       ] GC(1) MMU target violated: 21.0ms (20.0ms/21.0ms)
[2025-02-27T13:49:40.280-0600][gc,phases    ] GC(1)   Pre Evacuate Collection Set: 0.2ms
[2025-02-27T13:49:40.280-0600][gc,phases    ] GC(1)   Evacuate Collection Set: 48.7ms
[2025-02-27T13:49:40.280-0600][gc,phases    ] GC(1)   Post Evacuate Collection Set: 1.2ms
[2025-02-27T13:49:40.280-0600][gc,phases    ] GC(1)   Other: 0.9ms
[2025-02-27T13:49:40.280-0600][gc,heap      ] GC(1) Eden regions: 33->0(49)
[2025-02-27T13:49:40.280-0600][gc,heap      ] GC(1) Survivor regions: 7->2(7)
[2025-02-27T13:49:40.280-0600][gc,heap      ] GC(1) Old regions: 3->10
[2025-02-27T13:49:40.280-0600][gc,heap      ] GC(1) Humongous regions: 0->0
[2025-02-27T13:49:40.280-0600][gc,metaspace ] GC(1) Metaspace: 20501K(21248K)->20501K(21248K) NonClass: 17717K(18176K)->17717K(18176K) Class: 2783K(3072K)->2783K(3072K)
[2025-02-27T13:49:40.280-0600][gc           ] GC(1) Pause Young (Concurrent Start) (Metadata GC Threshold) 40M->9M(1024M) 51.106ms
[2025-02-27T13:49:40.281-0600][gc,cpu       ] GC(1) User=0.12s Sys=0.07s Real=0.06s
[2025-02-27T13:49:40.281-0600][gc           ] GC(2) Concurrent Cycle
[2025-02-27T13:49:40.281-0600][gc,marking   ] GC(2) Concurrent Clear Claimed Marks
[2025-02-27T13:49:40.281-0600][gc,marking   ] GC(2) Concurrent Clear Claimed Marks 0.184ms
[2025-02-27T13:49:40.281-0600][gc,marking   ] GC(2) Concurrent Scan Root Regions
[2025-02-27T13:49:40.287-0600][gc,marking   ] GC(2) Concurrent Scan Root Regions 5.455ms
[2025-02-27T13:49:40.287-0600][gc,marking   ] GC(2) Concurrent Mark (5.457s)
[2025-02-27T13:49:40.287-0600][gc,marking   ] GC(2) Concurrent Mark From Roots
[2025-02-27T13:49:40.287-0600][gc,task      ] GC(2) Using 2 workers of 2 for marking
[2025-02-27T13:49:40.299-0600][gc,marking   ] GC(2) Concurrent Mark From Roots 12.303ms
[2025-02-27T13:49:40.300-0600][gc,marking   ] GC(2) Concurrent Preclean
[2025-02-27T13:49:40.300-0600][gc,marking   ] GC(2) Concurrent Preclean 0.344ms
[2025-02-27T13:49:40.300-0600][gc,marking   ] GC(2) Concurrent Mark (5.457s, 5.470s) 12.958ms
[2025-02-27T13:49:40.300-0600][gc,start     ] GC(2) Pause Remark
[2025-02-27T13:49:40.310-0600][gc,stringtable] GC(2) Cleaned string and symbol table, strings: 5798 processed, 0 removed, symbols: 54218 processed, 58 removed
[2025-02-27T13:49:40.311-0600][gc            ] GC(2) Pause Remark 9M->9M(1024M) 10.618ms
[2025-02-27T13:49:40.311-0600][gc,cpu        ] GC(2) User=0.03s Sys=0.01s Real=0.01s
[2025-02-27T13:49:40.311-0600][gc,marking    ] GC(2) Concurrent Rebuild Remembered Sets
[2025-02-27T13:49:40.317-0600][gc,marking    ] GC(2) Concurrent Rebuild Remembered Sets 5.602ms
[2025-02-27T13:49:40.318-0600][gc,start      ] GC(2) Pause Cleanup
[2025-02-27T13:49:40.318-0600][gc            ] GC(2) Pause Cleanup 9M->9M(1024M) 0.791ms
[2025-02-27T13:49:40.319-0600][gc,cpu        ] GC(2) User=0.01s Sys=0.00s Real=0.00s
[2025-02-27T13:49:40.319-0600][gc,marking    ] GC(2) Concurrent Cleanup for Next Mark
[2025-02-27T13:49:40.330-0600][gc,marking    ] GC(2) Concurrent Cleanup for Next Mark 10.737ms
[2025-02-27T13:49:40.330-0600][gc            ] GC(2) Concurrent Cycle 49.117ms
[2025-02-27T13:49:45.263-0600][gc,start      ] GC(3) Pause Young (Normal) (G1 Evacuation Pause)
[2025-02-27T13:49:45.263-0600][gc,task       ] GC(3) Using 8 workers of 8 for evacuation
[2025-02-27T13:49:45.269-0600][gc,phases     ] GC(3)   Pre Evacuate Collection Set: 0.2ms
[2025-02-27T13:49:45.269-0600][gc,phases     ] GC(3)   Evacuate Collection Set: 5.0ms
[2025-02-27T13:49:45.270-0600][gc,phases     ] GC(3)   Post Evacuate Collection Set: 1.1ms
[2025-02-27T13:49:45.270-0600][gc,phases     ] GC(3)   Other: 0.3ms
[2025-02-27T13:49:45.270-0600][gc,heap       ] GC(3) Eden regions: 49->0(48)
[2025-02-27T13:49:45.270-0600][gc,heap       ] GC(3) Survivor regions: 2->3(7)
[2025-02-27T13:49:45.270-0600][gc,heap       ] GC(3) Old regions: 10->10
[2025-02-27T13:49:45.270-0600][gc,heap       ] GC(3) Humongous regions: 129->129
[2025-02-27T13:49:45.270-0600][gc,metaspace  ] GC(3) Metaspace: 29238K(30080K)->29238K(30080K) NonClass: 25637K(26112K)->25637K(26112K) Class: 3601K(3968K)->3601K(3968K)
[2025-02-27T13:49:45.270-0600][gc            ] GC(3) Pause Young (Normal) (G1 Evacuation Pause) 187M->139M(1024M) 6.794ms
[2025-02-27T13:49:45.270-0600][gc,cpu        ] GC(3) User=0.02s Sys=0.02s Real=0.00s
[2025-02-27T13:49:46.587-0600][gc,start      ] GC(4) Pause Young (Concurrent Start) (Metadata GC Threshold)
[2025-02-27T13:49:46.588-0600][gc,task       ] GC(4) Using 8 workers of 8 for evacuation
[2025-02-27T13:49:46.597-0600][gc,phases     ] GC(4)   Pre Evacuate Collection Set: 0.2ms
[2025-02-27T13:49:46.597-0600][gc,phases     ] GC(4)   Evacuate Collection Set: 7.2ms
[2025-02-27T13:49:46.597-0600][gc,phases     ] GC(4)   Post Evacuate Collection Set: 1.4ms
[2025-02-27T13:49:46.597-0600][gc,phases     ] GC(4)   Other: 0.6ms
[2025-02-27T13:49:46.597-0600][gc,heap       ] GC(4) Eden regions: 37->0(44)
[2025-02-27T13:49:46.597-0600][gc,heap       ] GC(4) Survivor regions: 3->7(7)
[2025-02-27T13:49:46.597-0600][gc,heap       ] GC(4) Old regions: 10->10
[2025-02-27T13:49:46.597-0600][gc,heap       ] GC(4) Humongous regions: 129->129
[2025-02-27T13:49:46.597-0600][gc,metaspace  ] GC(4) Metaspace: 34648K(35840K)->34648K(35840K) NonClass: 30438K(31104K)->30438K(31104K) Class: 4210K(4736K)->4210K(4736K)
[2025-02-27T13:49:46.597-0600][gc            ] GC(4) Pause Young (Concurrent Start) (Metadata GC Threshold) 176M->143M(1024M) 9.691ms
[2025-02-27T13:49:46.597-0600][gc,cpu        ] GC(4) User=0.04s Sys=0.01s Real=0.01s
[2025-02-27T13:49:46.597-0600][gc            ] GC(5) Concurrent Cycle
[2025-02-27T13:49:46.597-0600][gc,marking    ] GC(5) Concurrent Clear Claimed Marks
[2025-02-27T13:49:46.598-0600][gc,marking    ] GC(5) Concurrent Clear Claimed Marks 0.504ms
[2025-02-27T13:49:46.598-0600][gc,marking    ] GC(5) Concurrent Scan Root Regions
[2025-02-27T13:49:46.603-0600][gc,marking    ] GC(5) Concurrent Scan Root Regions 5.113ms
[2025-02-27T13:49:46.603-0600][gc,marking    ] GC(5) Concurrent Mark (11.773s)
[2025-02-27T13:49:46.603-0600][gc,marking    ] GC(5) Concurrent Mark From Roots
[2025-02-27T13:49:46.604-0600][gc,task       ] GC(5) Using 2 workers of 2 for marking
[2025-02-27T13:49:46.612-0600][gc,marking    ] GC(5) Concurrent Mark From Roots 8.472ms
[2025-02-27T13:49:46.612-0600][gc,marking    ] GC(5) Concurrent Preclean
[2025-02-27T13:49:46.612-0600][gc,marking    ] GC(5) Concurrent Preclean 0.203ms
[2025-02-27T13:49:46.612-0600][gc,marking    ] GC(5) Concurrent Mark (11.773s, 11.782s) 9.051ms
[2025-02-27T13:49:46.615-0600][gc,start      ] GC(5) Pause Remark
[2025-02-27T13:49:46.623-0600][gc,stringtable] GC(5) Cleaned string and symbol table, strings: 10861 processed, 12 removed, symbols: 86784 processed, 20 removed
[2025-02-27T13:49:46.623-0600][gc            ] GC(5) Pause Remark 144M->144M(1024M) 8.398ms
[2025-02-27T13:49:46.623-0600][gc,cpu        ] GC(5) User=0.05s Sys=0.00s Real=0.01s
[2025-02-27T13:49:46.624-0600][gc,marking    ] GC(5) Concurrent Rebuild Remembered Sets
[2025-02-27T13:49:46.629-0600][gc,marking    ] GC(5) Concurrent Rebuild Remembered Sets 5.353ms
[2025-02-27T13:49:46.634-0600][gc,start      ] GC(5) Pause Cleanup
[2025-02-27T13:49:46.635-0600][gc            ] GC(5) Pause Cleanup 145M->145M(1024M) 0.837ms
[2025-02-27T13:49:46.635-0600][gc,cpu        ] GC(5) User=0.00s Sys=0.00s Real=0.00s
[2025-02-27T13:49:46.635-0600][gc,marking    ] GC(5) Concurrent Cleanup for Next Mark
[2025-02-27T13:49:46.941-0600][gc,marking    ] GC(5) Concurrent Cleanup for Next Mark 305.717ms
[2025-02-27T13:49:46.941-0600][gc            ] GC(5) Concurrent Cycle 343.596ms
[2025-02-27T13:51:32.163-0600][gc,start      ] GC(6) Pause Young (Normal) (G1 Evacuation Pause)
[2025-02-27T13:51:32.164-0600][gc,task       ] GC(6) Using 8 workers of 8 for evacuation
[2025-02-27T13:51:32.176-0600][gc,phases     ] GC(6)   Pre Evacuate Collection Set: 0.2ms
[2025-02-27T13:51:32.176-0600][gc,phases     ] GC(6)   Evacuate Collection Set: 10.7ms
[2025-02-27T13:51:32.176-0600][gc,phases     ] GC(6)   Post Evacuate Collection Set: 1.1ms
[2025-02-27T13:51:32.176-0600][gc,phases     ] GC(6)   Other: 0.9ms
[2025-02-27T13:51:32.176-0600][gc,heap       ] GC(6) Eden regions: 44->0(48)
[2025-02-27T13:51:32.176-0600][gc,heap       ] GC(6) Survivor regions: 7->3(7)
[2025-02-27T13:51:32.176-0600][gc,heap       ] GC(6) Old regions: 10->16
[2025-02-27T13:51:32.176-0600][gc,heap       ] GC(6) Humongous regions: 129->129
[2025-02-27T13:51:32.176-0600][gc,metaspace  ] GC(6) Metaspace: 42018K(44416K)->42018K(44416K) NonClass: 36426K(37632K)->36426K(37632K) Class: 5592K(6784K)->5592K(6784K)
[2025-02-27T13:51:32.176-0600][gc            ] GC(6) Pause Young (Normal) (G1 Evacuation Pause) 187M->145M(1024M) 13.139ms
[2025-02-27T13:51:32.176-0600][gc,cpu        ] GC(6) User=0.04s Sys=0.04s Real=0.01s
[2025-02-27T13:59:58.885-0600][gc,start      ] GC(7) Pause Young (Normal) (G1 Evacuation Pause)
[2025-02-27T13:59:58.888-0600][gc,task       ] GC(7) Using 8 workers of 8 for evacuation
[2025-02-27T13:59:58.996-0600][gc,mmu        ] GC(7) MMU target violated: 21.0ms (20.0ms/21.0ms)
[2025-02-27T13:59:58.996-0600][gc,phases     ] GC(7)   Pre Evacuate Collection Set: 37.3ms
[2025-02-27T13:59:58.996-0600][gc,phases     ] GC(7)   Evacuate Collection Set: 66.5ms
[2025-02-27T13:59:58.996-0600][gc,phases     ] GC(7)   Post Evacuate Collection Set: 2.9ms
[2025-02-27T13:59:58.996-0600][gc,phases     ] GC(7)   Other: 5.3ms
[2025-02-27T13:59:58.996-0600][gc,heap       ] GC(7) Eden regions: 48->0(45)
[2025-02-27T13:59:58.996-0600][gc,heap       ] GC(7) Survivor regions: 3->6(7)
[2025-02-27T13:59:58.996-0600][gc,heap       ] GC(7) Old regions: 16->16
[2025-02-27T13:59:58.996-0600][gc,heap       ] GC(7) Humongous regions: 129->129
[2025-02-27T13:59:58.997-0600][gc,metaspace  ] GC(7) Metaspace: 45999K(48768K)->45999K(48768K) NonClass: 39822K(41216K)->39822K(41216K) Class: 6176K(7552K)->6176K(7552K)
[2025-02-27T13:59:58.998-0600][gc            ] GC(7) Pause Young (Normal) (G1 Evacuation Pause) 193M->148M(1024M) 112.741ms
[2025-02-27T13:59:58.998-0600][gc,cpu        ] GC(7) User=0.55s Sys=0.00s Real=0.11s
[2025-02-27T14:06:45.389-0600][gc,heap,exit  ] Heap
[2025-02-27T14:06:45.389-0600][gc,heap,exit  ]  garbage-first heap   total 1048576K, used 180696K [0x00000000c0000000, 0x0000000100000000)
[2025-02-27T14:06:45.389-0600][gc,heap,exit  ]   region size 1024K, 36 young (36864K), 6 survivors (6144K)
[2025-02-27T14:06:45.389-0600][gc,heap,exit  ]  Metaspace       used 47552K, capacity 50481K, committed 50688K, reserved 1091584K
[2025-02-27T14:06:45.389-0600][gc,heap,exit  ]   class space    used 6456K, capacity 7888K, committed 7936K, reserved 1048576K
