[2025-02-19T13:41:44.270-0600] {processor.py:186} INFO - Started process (PID=470503) to work on /home/dataScience/Projects/Pipeline/venv/lib/python3.10/site-packages/airflow/example_dags/subdags/subdag.py
[2025-02-19T13:41:44.287-0600] {processor.py:914} INFO - Processing file /home/dataScience/Projects/Pipeline/venv/lib/python3.10/site-packages/airflow/example_dags/subdags/subdag.py for tasks to queue
[2025-02-19T13:41:44.307-0600] {logging_mixin.py:190} INFO - [2025-02-19T13:41:44.304-0600] {dagbag.py:588} INFO - Filling up the DagBag from /home/dataScience/Projects/Pipeline/venv/lib/python3.10/site-packages/airflow/example_dags/subdags/subdag.py
[2025-02-19T13:41:44.327-0600] {processor.py:927} WARNING - No viable dags retrieved from /home/dataScience/Projects/Pipeline/venv/lib/python3.10/site-packages/airflow/example_dags/subdags/subdag.py
[2025-02-19T13:41:44.399-0600] {processor.py:208} INFO - Processing /home/dataScience/Projects/Pipeline/venv/lib/python3.10/site-packages/airflow/example_dags/subdags/subdag.py took 0.212 seconds
[2025-02-19T13:43:24.340-0600] {processor.py:186} INFO - Started process (PID=471464) to work on /home/dataScience/Projects/Pipeline/venv/lib/python3.10/site-packages/airflow/example_dags/subdags/subdag.py
[2025-02-19T13:43:24.348-0600] {processor.py:914} INFO - Processing file /home/dataScience/Projects/Pipeline/venv/lib/python3.10/site-packages/airflow/example_dags/subdags/subdag.py for tasks to queue
[2025-02-19T13:43:24.365-0600] {logging_mixin.py:190} INFO - [2025-02-19T13:43:24.363-0600] {dagbag.py:588} INFO - Filling up the DagBag from /home/dataScience/Projects/Pipeline/venv/lib/python3.10/site-packages/airflow/example_dags/subdags/subdag.py
[2025-02-19T13:43:24.390-0600] {processor.py:927} WARNING - No viable dags retrieved from /home/dataScience/Projects/Pipeline/venv/lib/python3.10/site-packages/airflow/example_dags/subdags/subdag.py
[2025-02-19T13:43:24.589-0600] {processor.py:208} INFO - Processing /home/dataScience/Projects/Pipeline/venv/lib/python3.10/site-packages/airflow/example_dags/subdags/subdag.py took 0.315 seconds
[2025-02-19T13:44:31.503-0600] {processor.py:186} INFO - Started process (PID=472183) to work on /home/dataScience/Projects/Pipeline/venv/lib/python3.10/site-packages/airflow/example_dags/subdags/subdag.py
[2025-02-19T13:44:31.516-0600] {processor.py:914} INFO - Processing file /home/dataScience/Projects/Pipeline/venv/lib/python3.10/site-packages/airflow/example_dags/subdags/subdag.py for tasks to queue
[2025-02-19T13:44:31.551-0600] {logging_mixin.py:190} INFO - [2025-02-19T13:44:31.545-0600] {dagbag.py:588} INFO - Filling up the DagBag from /home/dataScience/Projects/Pipeline/venv/lib/python3.10/site-packages/airflow/example_dags/subdags/subdag.py
[2025-02-19T13:44:31.619-0600] {processor.py:927} WARNING - No viable dags retrieved from /home/dataScience/Projects/Pipeline/venv/lib/python3.10/site-packages/airflow/example_dags/subdags/subdag.py
[2025-02-19T13:44:31.777-0600] {processor.py:208} INFO - Processing /home/dataScience/Projects/Pipeline/venv/lib/python3.10/site-packages/airflow/example_dags/subdags/subdag.py took 0.361 seconds
[2025-02-19T13:46:03.329-0600] {processor.py:186} INFO - Started process (PID=473360) to work on /home/dataScience/Projects/Pipeline/venv/lib/python3.10/site-packages/airflow/example_dags/subdags/subdag.py
[2025-02-19T13:46:03.332-0600] {processor.py:914} INFO - Processing file /home/dataScience/Projects/Pipeline/venv/lib/python3.10/site-packages/airflow/example_dags/subdags/subdag.py for tasks to queue
[2025-02-19T13:46:03.337-0600] {logging_mixin.py:190} INFO - [2025-02-19T13:46:03.335-0600] {dagbag.py:588} INFO - Filling up the DagBag from /home/dataScience/Projects/Pipeline/venv/lib/python3.10/site-packages/airflow/example_dags/subdags/subdag.py
[2025-02-19T13:46:03.341-0600] {processor.py:927} WARNING - No viable dags retrieved from /home/dataScience/Projects/Pipeline/venv/lib/python3.10/site-packages/airflow/example_dags/subdags/subdag.py
[2025-02-19T13:46:03.383-0600] {processor.py:208} INFO - Processing /home/dataScience/Projects/Pipeline/venv/lib/python3.10/site-packages/airflow/example_dags/subdags/subdag.py took 0.069 seconds
[2025-02-19T13:46:47.729-0600] {processor.py:186} INFO - Started process (PID=473684) to work on /home/dataScience/Projects/Pipeline/venv/lib/python3.10/site-packages/airflow/example_dags/subdags/subdag.py
[2025-02-19T13:46:47.731-0600] {processor.py:914} INFO - Processing file /home/dataScience/Projects/Pipeline/venv/lib/python3.10/site-packages/airflow/example_dags/subdags/subdag.py for tasks to queue
[2025-02-19T13:46:47.734-0600] {logging_mixin.py:190} INFO - [2025-02-19T13:46:47.733-0600] {dagbag.py:588} INFO - Filling up the DagBag from /home/dataScience/Projects/Pipeline/venv/lib/python3.10/site-packages/airflow/example_dags/subdags/subdag.py
[2025-02-19T13:46:47.737-0600] {processor.py:927} WARNING - No viable dags retrieved from /home/dataScience/Projects/Pipeline/venv/lib/python3.10/site-packages/airflow/example_dags/subdags/subdag.py
[2025-02-19T13:46:47.752-0600] {processor.py:208} INFO - Processing /home/dataScience/Projects/Pipeline/venv/lib/python3.10/site-packages/airflow/example_dags/subdags/subdag.py took 0.033 seconds
