[2025-03-04T12:40:23.387-0600] {executor_loader.py:258} INFO - Loaded executor: LocalExecutor
[2025-03-04T12:40:23.476-0600] {scheduler_job_runner.py:950} INFO - Starting the scheduler
[2025-03-04T12:40:23.478-0600] {scheduler_job_runner.py:957} INFO - Processing each file at most -1 times
[2025-03-04T12:40:24.461-0600] {manager.py:174} INFO - Launched DagFileProcessorManager with pid: 27321
[2025-03-04T12:40:24.521-0600] {scheduler_job_runner.py:1949} INFO - Adopting or resetting orphaned tasks for active dag runs
[2025-03-04T12:40:24.592-0600] {settings.py:63} INFO - Configured default timezone UTC
[2025-03-04T12:40:25.673-0600] {dagrun.py:823} ERROR - Marking run <DagRun EtlWeather @ 2025-03-04 18:36:34.170450+00:00: manual__2025-03-04T18:36:34.170450+00:00, state:running, queued_at: 2025-03-04 18:36:34.230739+00:00. externally triggered: True> failed
[2025-03-04T12:40:25.676-0600] {dagrun.py:905} INFO - DagRun Finished: dag_id=EtlWeather, execution_date=2025-03-04 18:36:34.170450+00:00, run_id=manual__2025-03-04T18:36:34.170450+00:00, run_start_date=2025-03-04 18:36:35.204639+00:00, run_end_date=2025-03-04 18:40:25.676039+00:00, run_duration=230.4714, state=failed, external_trigger=True, run_type=manual, data_interval_start=2025-03-03 00:00:00+00:00, data_interval_end=2025-03-04 00:00:00+00:00, dag_hash=662dbb3b37cc54e5481749ff242966b7
[2025-03-04T12:41:41.188-0600] {scheduler_job_runner.py:435} INFO - 2 tasks up for execution:
	<TaskInstance: EtlWeather.WeatherAPI manual__2025-03-04T18:41:40.776425+00:00 [scheduled]>
	<TaskInstance: EtlWeather.SendMessage manual__2025-03-04T18:41:40.776425+00:00 [scheduled]>
[2025-03-04T12:41:41.189-0600] {scheduler_job_runner.py:507} INFO - DAG EtlWeather has 0/16 running and queued tasks
[2025-03-04T12:41:41.190-0600] {scheduler_job_runner.py:507} INFO - DAG EtlWeather has 1/16 running and queued tasks
[2025-03-04T12:41:41.191-0600] {scheduler_job_runner.py:646} INFO - Setting the following tasks to queued state:
	<TaskInstance: EtlWeather.WeatherAPI manual__2025-03-04T18:41:40.776425+00:00 [scheduled]>
	<TaskInstance: EtlWeather.SendMessage manual__2025-03-04T18:41:40.776425+00:00 [scheduled]>
[2025-03-04T12:41:41.199-0600] {scheduler_job_runner.py:748} INFO - Trying to enqueue tasks: [<TaskInstance: EtlWeather.WeatherAPI manual__2025-03-04T18:41:40.776425+00:00 [scheduled]>, <TaskInstance: EtlWeather.SendMessage manual__2025-03-04T18:41:40.776425+00:00 [scheduled]>] for executor: LocalExecutor(parallelism=32)
[2025-03-04T12:41:41.201-0600] {scheduler_job_runner.py:692} INFO - Sending TaskInstanceKey(dag_id='EtlWeather', task_id='WeatherAPI', run_id='manual__2025-03-04T18:41:40.776425+00:00', try_number=1, map_index=-1) to LocalExecutor with priority 2 and queue default
[2025-03-04T12:41:41.203-0600] {base_executor.py:169} INFO - Adding to queue: ['airflow', 'tasks', 'run', 'EtlWeather', 'WeatherAPI', 'manual__2025-03-04T18:41:40.776425+00:00', '--local', '--subdir', 'DAGS_FOLDER/dataEngineering.py']
[2025-03-04T12:41:41.206-0600] {scheduler_job_runner.py:692} INFO - Sending TaskInstanceKey(dag_id='EtlWeather', task_id='SendMessage', run_id='manual__2025-03-04T18:41:40.776425+00:00', try_number=1, map_index=-1) to LocalExecutor with priority 1 and queue default
[2025-03-04T12:41:41.207-0600] {base_executor.py:169} INFO - Adding to queue: ['airflow', 'tasks', 'run', 'EtlWeather', 'SendMessage', 'manual__2025-03-04T18:41:40.776425+00:00', '--local', '--subdir', 'DAGS_FOLDER/dataEngineering.py']
[2025-03-04T12:41:41.229-0600] {local_executor.py:93} INFO - QueuedLocalWorker running ['airflow', 'tasks', 'run', 'EtlWeather', 'WeatherAPI', 'manual__2025-03-04T18:41:40.776425+00:00', '--local', '--subdir', 'DAGS_FOLDER/dataEngineering.py']
[2025-03-04T12:41:41.230-0600] {local_executor.py:93} INFO - QueuedLocalWorker running ['airflow', 'tasks', 'run', 'EtlWeather', 'SendMessage', 'manual__2025-03-04T18:41:40.776425+00:00', '--local', '--subdir', 'DAGS_FOLDER/dataEngineering.py']
[2025-03-04T12:41:41.317-0600] {dagbag.py:588} INFO - Filling up the DagBag from /home/dataScience/Projects/Pipeline/airflow/dags/dataEngineering.py
[2025-03-04T12:41:41.324-0600] {dagbag.py:588} INFO - Filling up the DagBag from /home/dataScience/Projects/Pipeline/airflow/dags/dataEngineering.py
[2025-03-04T12:41:42.256-0600] {task_command.py:467} INFO - Running <TaskInstance: EtlWeather.SendMessage manual__2025-03-04T18:41:40.776425+00:00 [queued]> on host IMNOTROY.
[2025-03-04T12:41:42.274-0600] {task_command.py:467} INFO - Running <TaskInstance: EtlWeather.WeatherAPI manual__2025-03-04T18:41:40.776425+00:00 [queued]> on host IMNOTROY.
[2025-03-04T12:41:43.562-0600] {scheduler_job_runner.py:776} INFO - Received executor event with state success for task instance TaskInstanceKey(dag_id='EtlWeather', task_id='SendMessage', run_id='manual__2025-03-04T18:41:40.776425+00:00', try_number=1, map_index=-1)
[2025-03-04T12:41:43.575-0600] {scheduler_job_runner.py:813} INFO - TaskInstance Finished: dag_id=EtlWeather, task_id=SendMessage, run_id=manual__2025-03-04T18:41:40.776425+00:00, map_index=-1, run_start_date=2025-03-04 18:41:42.399680+00:00, run_end_date=2025-03-04 18:41:43.148527+00:00, run_duration=0.748847, state=success, executor=LocalExecutor(parallelism=32), executor_state=success, try_number=1, max_tries=0, job_id=31, pool=default_pool, queue=default, priority_weight=1, operator=_PythonDecoratedOperator, queued_dttm=2025-03-04 18:41:41.193756+00:00, queued_by_job_id=30, pid=27873
[2025-03-04T12:41:44.631-0600] {dagrun.py:823} ERROR - Marking run <DagRun EtlWeather @ 2025-03-04 18:41:40.776425+00:00: manual__2025-03-04T18:41:40.776425+00:00, state:running, queued_at: 2025-03-04 18:41:40.817774+00:00. externally triggered: True> failed
[2025-03-04T12:41:44.633-0600] {dagrun.py:905} INFO - DagRun Finished: dag_id=EtlWeather, execution_date=2025-03-04 18:41:40.776425+00:00, run_id=manual__2025-03-04T18:41:40.776425+00:00, run_start_date=2025-03-04 18:41:41.053367+00:00, run_end_date=2025-03-04 18:41:44.633178+00:00, run_duration=3.579811, state=failed, external_trigger=True, run_type=manual, data_interval_start=2025-03-03 00:00:00+00:00, data_interval_end=2025-03-04 00:00:00+00:00, dag_hash=662dbb3b37cc54e5481749ff242966b7
[2025-03-04T12:41:44.675-0600] {scheduler_job_runner.py:776} INFO - Received executor event with state success for task instance TaskInstanceKey(dag_id='EtlWeather', task_id='WeatherAPI', run_id='manual__2025-03-04T18:41:40.776425+00:00', try_number=1, map_index=-1)
[2025-03-04T12:41:44.684-0600] {scheduler_job_runner.py:813} INFO - TaskInstance Finished: dag_id=EtlWeather, task_id=WeatherAPI, run_id=manual__2025-03-04T18:41:40.776425+00:00, map_index=-1, run_start_date=2025-03-04 18:41:42.425241+00:00, run_end_date=2025-03-04 18:41:43.408285+00:00, run_duration=0.983044, state=failed, executor=LocalExecutor(parallelism=32), executor_state=success, try_number=1, max_tries=0, job_id=32, pool=default_pool, queue=default, priority_weight=2, operator=_PythonDecoratedOperator, queued_dttm=2025-03-04 18:41:41.193756+00:00, queued_by_job_id=30, pid=27874
[2025-03-04T12:45:25.310-0600] {scheduler_job_runner.py:1949} INFO - Adopting or resetting orphaned tasks for active dag runs
[2025-03-04T12:46:37.142-0600] {scheduler_job_runner.py:435} INFO - 2 tasks up for execution:
	<TaskInstance: EtlWeather.WeatherAPI manual__2025-03-04T18:46:35.938921+00:00 [scheduled]>
	<TaskInstance: EtlWeather.SendMessage manual__2025-03-04T18:46:35.938921+00:00 [scheduled]>
[2025-03-04T12:46:37.145-0600] {scheduler_job_runner.py:507} INFO - DAG EtlWeather has 0/16 running and queued tasks
[2025-03-04T12:46:37.146-0600] {scheduler_job_runner.py:507} INFO - DAG EtlWeather has 1/16 running and queued tasks
[2025-03-04T12:46:37.146-0600] {scheduler_job_runner.py:646} INFO - Setting the following tasks to queued state:
	<TaskInstance: EtlWeather.WeatherAPI manual__2025-03-04T18:46:35.938921+00:00 [scheduled]>
	<TaskInstance: EtlWeather.SendMessage manual__2025-03-04T18:46:35.938921+00:00 [scheduled]>
[2025-03-04T12:46:37.153-0600] {scheduler_job_runner.py:748} INFO - Trying to enqueue tasks: [<TaskInstance: EtlWeather.WeatherAPI manual__2025-03-04T18:46:35.938921+00:00 [scheduled]>, <TaskInstance: EtlWeather.SendMessage manual__2025-03-04T18:46:35.938921+00:00 [scheduled]>] for executor: LocalExecutor(parallelism=32)
[2025-03-04T12:46:37.160-0600] {scheduler_job_runner.py:692} INFO - Sending TaskInstanceKey(dag_id='EtlWeather', task_id='WeatherAPI', run_id='manual__2025-03-04T18:46:35.938921+00:00', try_number=1, map_index=-1) to LocalExecutor with priority 2 and queue default
[2025-03-04T12:46:37.162-0600] {base_executor.py:169} INFO - Adding to queue: ['airflow', 'tasks', 'run', 'EtlWeather', 'WeatherAPI', 'manual__2025-03-04T18:46:35.938921+00:00', '--local', '--subdir', 'DAGS_FOLDER/dataEngineering.py']
[2025-03-04T12:46:37.163-0600] {scheduler_job_runner.py:692} INFO - Sending TaskInstanceKey(dag_id='EtlWeather', task_id='SendMessage', run_id='manual__2025-03-04T18:46:35.938921+00:00', try_number=1, map_index=-1) to LocalExecutor with priority 1 and queue default
[2025-03-04T12:46:37.164-0600] {base_executor.py:169} INFO - Adding to queue: ['airflow', 'tasks', 'run', 'EtlWeather', 'SendMessage', 'manual__2025-03-04T18:46:35.938921+00:00', '--local', '--subdir', 'DAGS_FOLDER/dataEngineering.py']
[2025-03-04T12:46:37.229-0600] {local_executor.py:93} INFO - QueuedLocalWorker running ['airflow', 'tasks', 'run', 'EtlWeather', 'WeatherAPI', 'manual__2025-03-04T18:46:35.938921+00:00', '--local', '--subdir', 'DAGS_FOLDER/dataEngineering.py']
[2025-03-04T12:46:37.229-0600] {local_executor.py:93} INFO - QueuedLocalWorker running ['airflow', 'tasks', 'run', 'EtlWeather', 'SendMessage', 'manual__2025-03-04T18:46:35.938921+00:00', '--local', '--subdir', 'DAGS_FOLDER/dataEngineering.py']
[2025-03-04T12:46:37.601-0600] {dagbag.py:588} INFO - Filling up the DagBag from /home/dataScience/Projects/Pipeline/airflow/dags/dataEngineering.py
[2025-03-04T12:46:37.601-0600] {dagbag.py:588} INFO - Filling up the DagBag from /home/dataScience/Projects/Pipeline/airflow/dags/dataEngineering.py
[2025-03-04T12:46:39.557-0600] {task_command.py:467} INFO - Running <TaskInstance: EtlWeather.SendMessage manual__2025-03-04T18:46:35.938921+00:00 [queued]> on host IMNOTROY.
[2025-03-04T12:46:39.601-0600] {task_command.py:467} INFO - Running <TaskInstance: EtlWeather.WeatherAPI manual__2025-03-04T18:46:35.938921+00:00 [queued]> on host IMNOTROY.
[2025-03-04T12:46:41.719-0600] {scheduler_job_runner.py:435} INFO - 1 tasks up for execution:
	<TaskInstance: EtlWeather.StoreData manual__2025-03-04T18:46:35.938921+00:00 [scheduled]>
[2025-03-04T12:46:41.722-0600] {scheduler_job_runner.py:507} INFO - DAG EtlWeather has 0/16 running and queued tasks
[2025-03-04T12:46:41.722-0600] {scheduler_job_runner.py:646} INFO - Setting the following tasks to queued state:
	<TaskInstance: EtlWeather.StoreData manual__2025-03-04T18:46:35.938921+00:00 [scheduled]>
[2025-03-04T12:46:41.727-0600] {scheduler_job_runner.py:748} INFO - Trying to enqueue tasks: [<TaskInstance: EtlWeather.StoreData manual__2025-03-04T18:46:35.938921+00:00 [scheduled]>] for executor: LocalExecutor(parallelism=32)
[2025-03-04T12:46:41.729-0600] {scheduler_job_runner.py:692} INFO - Sending TaskInstanceKey(dag_id='EtlWeather', task_id='StoreData', run_id='manual__2025-03-04T18:46:35.938921+00:00', try_number=1, map_index=-1) to LocalExecutor with priority 1 and queue default
[2025-03-04T12:46:41.730-0600] {base_executor.py:169} INFO - Adding to queue: ['airflow', 'tasks', 'run', 'EtlWeather', 'StoreData', 'manual__2025-03-04T18:46:35.938921+00:00', '--local', '--subdir', 'DAGS_FOLDER/dataEngineering.py']
[2025-03-04T12:46:41.748-0600] {scheduler_job_runner.py:776} INFO - Received executor event with state success for task instance TaskInstanceKey(dag_id='EtlWeather', task_id='SendMessage', run_id='manual__2025-03-04T18:46:35.938921+00:00', try_number=1, map_index=-1)
[2025-03-04T12:46:41.749-0600] {scheduler_job_runner.py:776} INFO - Received executor event with state success for task instance TaskInstanceKey(dag_id='EtlWeather', task_id='WeatherAPI', run_id='manual__2025-03-04T18:46:35.938921+00:00', try_number=1, map_index=-1)
[2025-03-04T12:46:41.757-0600] {scheduler_job_runner.py:813} INFO - TaskInstance Finished: dag_id=EtlWeather, task_id=SendMessage, run_id=manual__2025-03-04T18:46:35.938921+00:00, map_index=-1, run_start_date=2025-03-04 18:46:39.821320+00:00, run_end_date=2025-03-04 18:46:41.093968+00:00, run_duration=1.27265, state=success, executor=LocalExecutor(parallelism=32), executor_state=success, try_number=1, max_tries=0, job_id=33, pool=default_pool, queue=default, priority_weight=1, operator=_PythonDecoratedOperator, queued_dttm=2025-03-04 18:46:37.148126+00:00, queued_by_job_id=30, pid=30029
[2025-03-04T12:46:41.763-0600] {scheduler_job_runner.py:813} INFO - TaskInstance Finished: dag_id=EtlWeather, task_id=WeatherAPI, run_id=manual__2025-03-04T18:46:35.938921+00:00, map_index=-1, run_start_date=2025-03-04 18:46:39.863867+00:00, run_end_date=2025-03-04 18:46:41.335774+00:00, run_duration=1.47191, state=success, executor=LocalExecutor(parallelism=32), executor_state=success, try_number=1, max_tries=0, job_id=34, pool=default_pool, queue=default, priority_weight=2, operator=_PythonDecoratedOperator, queued_dttm=2025-03-04 18:46:37.148126+00:00, queued_by_job_id=30, pid=30031
[2025-03-04T12:46:41.781-0600] {local_executor.py:93} INFO - QueuedLocalWorker running ['airflow', 'tasks', 'run', 'EtlWeather', 'StoreData', 'manual__2025-03-04T18:46:35.938921+00:00', '--local', '--subdir', 'DAGS_FOLDER/dataEngineering.py']
[2025-03-04T12:46:41.891-0600] {dagbag.py:588} INFO - Filling up the DagBag from /home/dataScience/Projects/Pipeline/airflow/dags/dataEngineering.py
[2025-03-04T12:46:42.482-0600] {task_command.py:467} INFO - Running <TaskInstance: EtlWeather.StoreData manual__2025-03-04T18:46:35.938921+00:00 [queued]> on host IMNOTROY.
[2025-03-04T12:46:43.999-0600] {dagrun.py:854} INFO - Marking run <DagRun EtlWeather @ 2025-03-04 18:46:35.938921+00:00: manual__2025-03-04T18:46:35.938921+00:00, state:running, queued_at: 2025-03-04 18:46:36.094492+00:00. externally triggered: True> successful
[2025-03-04T12:46:44.002-0600] {dagrun.py:905} INFO - DagRun Finished: dag_id=EtlWeather, execution_date=2025-03-04 18:46:35.938921+00:00, run_id=manual__2025-03-04T18:46:35.938921+00:00, run_start_date=2025-03-04 18:46:37.001156+00:00, run_end_date=2025-03-04 18:46:44.002073+00:00, run_duration=7.000917, state=success, external_trigger=True, run_type=manual, data_interval_start=2025-03-03 00:00:00+00:00, data_interval_end=2025-03-04 00:00:00+00:00, dag_hash=662dbb3b37cc54e5481749ff242966b7
[2025-03-04T12:46:44.032-0600] {scheduler_job_runner.py:776} INFO - Received executor event with state success for task instance TaskInstanceKey(dag_id='EtlWeather', task_id='StoreData', run_id='manual__2025-03-04T18:46:35.938921+00:00', try_number=1, map_index=-1)
[2025-03-04T12:46:44.040-0600] {scheduler_job_runner.py:813} INFO - TaskInstance Finished: dag_id=EtlWeather, task_id=StoreData, run_id=manual__2025-03-04T18:46:35.938921+00:00, map_index=-1, run_start_date=2025-03-04 18:46:42.627610+00:00, run_end_date=2025-03-04 18:46:43.187027+00:00, run_duration=0.559417, state=success, executor=LocalExecutor(parallelism=32), executor_state=success, try_number=1, max_tries=0, job_id=35, pool=default_pool, queue=default, priority_weight=1, operator=_PythonDecoratedOperator, queued_dttm=2025-03-04 18:46:41.724301+00:00, queued_by_job_id=30, pid=30058
[2025-03-04T12:50:25.467-0600] {scheduler_job_runner.py:1949} INFO - Adopting or resetting orphaned tasks for active dag runs
[2025-03-04T12:50:31.075-0600] {manager.py:537} INFO - DAG DataAnalysis is missing and will be deactivated.
[2025-03-04T12:50:31.122-0600] {manager.py:549} INFO - Deactivated 1 DAGs which are no longer present in file.
[2025-03-04T12:50:31.150-0600] {manager.py:553} INFO - Deleted DAG DataAnalysis in serialized_dag table
[2025-03-04T12:54:15.354-0600] {scheduler_job_runner.py:272} INFO - Exiting gracefully upon receiving signal 15
[2025-03-04T12:54:16.173-0600] {process_utils.py:132} INFO - Sending Signals.SIGTERM to group 27321. PIDs of all processes in the group: []
[2025-03-04T12:54:16.175-0600] {process_utils.py:87} INFO - Sending the signal Signals.SIGTERM to group 27321
[2025-03-04T12:54:16.177-0600] {process_utils.py:101} INFO - Sending the signal Signals.SIGTERM to process 27321 as process group is missing.
[2025-03-04T12:54:16.179-0600] {local_executor.py:423} INFO - Shutting down LocalExecutor; waiting for running tasks to finish.  Signal again if you don't want to wait.
[2025-03-04T12:54:17.285-0600] {process_utils.py:132} INFO - Sending Signals.SIGTERM to group 27321. PIDs of all processes in the group: []
[2025-03-04T12:54:17.291-0600] {process_utils.py:87} INFO - Sending the signal Signals.SIGTERM to group 27321
[2025-03-04T12:54:17.304-0600] {process_utils.py:101} INFO - Sending the signal Signals.SIGTERM to process 27321 as process group is missing.
[2025-03-04T12:54:17.306-0600] {scheduler_job_runner.py:1029} INFO - Exited execute loop
