2025-02-20 22:50:40,858 INFO - Loaded executor: SequentialExecutor
2025-02-20 22:50:40,958 INFO - Starting the scheduler
2025-02-20 22:50:40,961 INFO - Processing each file at most -1 times
2025-02-20 22:50:40,975 INFO - Launched DagFileProcessorManager with pid: 24220
2025-02-20 22:50:40,979 INFO - Adopting or resetting orphaned tasks for active dag runs
2025-02-20 22:50:40,993 INFO - Configured default timezone UTC
2025-02-20 22:55:41,121 INFO - Adopting or resetting orphaned tasks for active dag runs
2025-02-20 23:00:41,189 INFO - Adopting or resetting orphaned tasks for active dag runs
2025-02-20 23:05:41,271 INFO - Adopting or resetting orphaned tasks for active dag runs
2025-02-20 23:10:41,333 INFO - Adopting or resetting orphaned tasks for active dag runs
2025-02-20 23:15:41,381 INFO - Adopting or resetting orphaned tasks for active dag runs
2025-02-20 23:20:41,484 INFO - Adopting or resetting orphaned tasks for active dag runs
2025-02-20 23:25:41,535 INFO - Adopting or resetting orphaned tasks for active dag runs
2025-02-20 23:30:41,606 INFO - Adopting or resetting orphaned tasks for active dag runs
2025-02-20 23:35:41,658 INFO - Adopting or resetting orphaned tasks for active dag runs
2025-02-20 23:40:41,726 INFO - Adopting or resetting orphaned tasks for active dag runs
2025-02-20 23:45:41,789 INFO - Adopting or resetting orphaned tasks for active dag runs
2025-02-20 23:50:41,866 INFO - Adopting or resetting orphaned tasks for active dag runs
2025-02-20 23:55:41,933 INFO - Adopting or resetting orphaned tasks for active dag runs
2025-02-21 00:00:41,981 INFO - Adopting or resetting orphaned tasks for active dag runs
2025-02-21 00:05:42,033 INFO - Adopting or resetting orphaned tasks for active dag runs
2025-02-21 00:10:42,089 INFO - Adopting or resetting orphaned tasks for active dag runs
2025-02-21 13:36:56,472 INFO - Loaded executor: SequentialExecutor
2025-02-21 13:36:56,573 INFO - Starting the scheduler
2025-02-21 13:36:56,578 INFO - Processing each file at most -1 times
2025-02-21 13:36:56,595 INFO - Launched DagFileProcessorManager with pid: 52535
2025-02-21 13:36:56,603 INFO - Adopting or resetting orphaned tasks for active dag runs
2025-02-21 13:36:56,612 INFO - Configured default timezone UTC
2025-02-21 13:41:56,722 INFO - Adopting or resetting orphaned tasks for active dag runs
2025-02-21 13:46:56,791 INFO - Adopting or resetting orphaned tasks for active dag runs
2025-02-21 13:51:34,771 INFO - Exiting gracefully upon receiving signal 15
2025-02-21 13:51:35,578 INFO - Sending Signals.SIGTERM to group 52535. PIDs of all processes in the group: []
2025-02-21 13:51:35,579 INFO - Sending the signal Signals.SIGTERM to group 52535
2025-02-21 13:51:35,582 INFO - Sending the signal Signals.SIGTERM to process 52535 as process group is missing.
2025-02-21 13:51:35,587 INFO - Sending Signals.SIGTERM to group 52535. PIDs of all processes in the group: []
2025-02-21 13:51:35,588 INFO - Sending the signal Signals.SIGTERM to group 52535
2025-02-21 13:51:35,590 INFO - Sending the signal Signals.SIGTERM to process 52535 as process group is missing.
2025-02-21 13:51:35,591 INFO - Exited execute loop
2025-02-21 13:52:46,345 INFO - Loaded executor: SequentialExecutor
2025-02-21 13:52:46,427 INFO - Starting the scheduler
2025-02-21 13:52:46,429 INFO - Processing each file at most -1 times
2025-02-21 13:52:46,442 INFO - Launched DagFileProcessorManager with pid: 61012
2025-02-21 13:52:46,446 INFO - Adopting or resetting orphaned tasks for active dag runs
2025-02-21 13:52:46,453 INFO - Configured default timezone UTC
2025-02-21 13:53:34,827 INFO - Exiting gracefully upon receiving signal 15
2025-02-21 13:53:35,159 INFO - Sending Signals.SIGTERM to group 61012. PIDs of all processes in the group: []
2025-02-21 13:53:35,162 INFO - Sending the signal Signals.SIGTERM to group 61012
2025-02-21 13:53:35,165 INFO - Sending the signal Signals.SIGTERM to process 61012 as process group is missing.
2025-02-21 13:53:35,173 INFO - Sending Signals.SIGTERM to group 61012. PIDs of all processes in the group: []
2025-02-21 13:53:35,174 INFO - Sending the signal Signals.SIGTERM to group 61012
2025-02-21 13:53:35,176 INFO - Sending the signal Signals.SIGTERM to process 61012 as process group is missing.
2025-02-21 13:53:35,177 INFO - Exited execute loop
2025-02-27 12:54:50,239 INFO - Loaded executor: LocalExecutor
2025-02-27 12:54:50,344 INFO - Starting the scheduler
2025-02-27 12:54:50,346 INFO - Processing each file at most -1 times
2025-02-27 12:54:50,814 INFO - Launched DagFileProcessorManager with pid: 39148
2025-02-27 12:54:50,822 INFO - Adopting or resetting orphaned tasks for active dag runs
2025-02-27 12:54:50,843 INFO - Configured default timezone UTC
2025-02-27 12:59:50,966 INFO - Adopting or resetting orphaned tasks for active dag runs
2025-02-27 13:04:49,380 INFO - Setting next_dagrun for EtlWeather to 2025-02-20 00:00:00+00:00, run_after=2025-02-21 00:00:00+00:00
2025-02-27 13:04:49,570 INFO - 2 tasks up for execution:
	<TaskInstance: EtlWeather.WeatherAPI scheduled__2025-02-19T00:00:00+00:00 [scheduled]>
	<TaskInstance: EtlWeather.SendMessage scheduled__2025-02-19T00:00:00+00:00 [scheduled]>
2025-02-27 13:04:49,572 INFO - DAG EtlWeather has 0/16 running and queued tasks
2025-02-27 13:04:49,573 INFO - DAG EtlWeather has 1/16 running and queued tasks
2025-02-27 13:04:49,573 INFO - Setting the following tasks to queued state:
	<TaskInstance: EtlWeather.WeatherAPI scheduled__2025-02-19T00:00:00+00:00 [scheduled]>
	<TaskInstance: EtlWeather.SendMessage scheduled__2025-02-19T00:00:00+00:00 [scheduled]>
2025-02-27 13:04:49,578 INFO - Trying to enqueue tasks: [<TaskInstance: EtlWeather.WeatherAPI scheduled__2025-02-19T00:00:00+00:00 [scheduled]>, <TaskInstance: EtlWeather.SendMessage scheduled__2025-02-19T00:00:00+00:00 [scheduled]>] for executor: LocalExecutor(parallelism=32)
2025-02-27 13:04:49,583 INFO - Sending TaskInstanceKey(dag_id='EtlWeather', task_id='WeatherAPI', run_id='scheduled__2025-02-19T00:00:00+00:00', try_number=1, map_index=-1) to LocalExecutor with priority 2 and queue default
2025-02-27 13:04:49,584 INFO - Adding to queue: ['airflow', 'tasks', 'run', 'EtlWeather', 'WeatherAPI', 'scheduled__2025-02-19T00:00:00+00:00', '--local', '--subdir', 'DAGS_FOLDER/dag_1.py']
2025-02-27 13:04:49,585 INFO - Sending TaskInstanceKey(dag_id='EtlWeather', task_id='SendMessage', run_id='scheduled__2025-02-19T00:00:00+00:00', try_number=1, map_index=-1) to LocalExecutor with priority 1 and queue default
2025-02-27 13:04:49,585 INFO - Adding to queue: ['airflow', 'tasks', 'run', 'EtlWeather', 'SendMessage', 'scheduled__2025-02-19T00:00:00+00:00', '--local', '--subdir', 'DAGS_FOLDER/dag_1.py']
2025-02-27 13:04:49,645 INFO - Setting next_dagrun for EtlWeather to 2025-02-21 00:00:00+00:00, run_after=2025-02-22 00:00:00+00:00
2025-02-27 13:04:49,663 INFO - QueuedLocalWorker running ['airflow', 'tasks', 'run', 'EtlWeather', 'WeatherAPI', 'scheduled__2025-02-19T00:00:00+00:00', '--local', '--subdir', 'DAGS_FOLDER/dag_1.py']
2025-02-27 13:04:49,663 INFO - QueuedLocalWorker running ['airflow', 'tasks', 'run', 'EtlWeather', 'SendMessage', 'scheduled__2025-02-19T00:00:00+00:00', '--local', '--subdir', 'DAGS_FOLDER/dag_1.py']
2025-02-27 13:04:49,766 INFO - 2 tasks up for execution:
	<TaskInstance: EtlWeather.WeatherAPI scheduled__2025-02-20T00:00:00+00:00 [scheduled]>
	<TaskInstance: EtlWeather.SendMessage scheduled__2025-02-20T00:00:00+00:00 [scheduled]>
2025-02-27 13:04:49,767 INFO - DAG EtlWeather has 2/16 running and queued tasks
2025-02-27 13:04:49,767 INFO - DAG EtlWeather has 3/16 running and queued tasks
2025-02-27 13:04:49,768 INFO - Setting the following tasks to queued state:
	<TaskInstance: EtlWeather.WeatherAPI scheduled__2025-02-20T00:00:00+00:00 [scheduled]>
	<TaskInstance: EtlWeather.SendMessage scheduled__2025-02-20T00:00:00+00:00 [scheduled]>
2025-02-27 13:04:49,773 INFO - Trying to enqueue tasks: [<TaskInstance: EtlWeather.WeatherAPI scheduled__2025-02-20T00:00:00+00:00 [scheduled]>, <TaskInstance: EtlWeather.SendMessage scheduled__2025-02-20T00:00:00+00:00 [scheduled]>] for executor: LocalExecutor(parallelism=32)
2025-02-27 13:04:49,776 INFO - Sending TaskInstanceKey(dag_id='EtlWeather', task_id='WeatherAPI', run_id='scheduled__2025-02-20T00:00:00+00:00', try_number=1, map_index=-1) to LocalExecutor with priority 2 and queue default
2025-02-27 13:04:49,776 INFO - Adding to queue: ['airflow', 'tasks', 'run', 'EtlWeather', 'WeatherAPI', 'scheduled__2025-02-20T00:00:00+00:00', '--local', '--subdir', 'DAGS_FOLDER/dag_1.py']
2025-02-27 13:04:49,777 INFO - Sending TaskInstanceKey(dag_id='EtlWeather', task_id='SendMessage', run_id='scheduled__2025-02-20T00:00:00+00:00', try_number=1, map_index=-1) to LocalExecutor with priority 1 and queue default
2025-02-27 13:04:49,778 INFO - Adding to queue: ['airflow', 'tasks', 'run', 'EtlWeather', 'SendMessage', 'scheduled__2025-02-20T00:00:00+00:00', '--local', '--subdir', 'DAGS_FOLDER/dag_1.py']
2025-02-27 13:04:49,837 INFO - Setting next_dagrun for EtlWeather to 2025-02-22 00:00:00+00:00, run_after=2025-02-23 00:00:00+00:00
2025-02-27 13:04:49,828 INFO - QueuedLocalWorker running ['airflow', 'tasks', 'run', 'EtlWeather', 'WeatherAPI', 'scheduled__2025-02-20T00:00:00+00:00', '--local', '--subdir', 'DAGS_FOLDER/dag_1.py']
2025-02-27 13:04:49,829 INFO - QueuedLocalWorker running ['airflow', 'tasks', 'run', 'EtlWeather', 'SendMessage', 'scheduled__2025-02-20T00:00:00+00:00', '--local', '--subdir', 'DAGS_FOLDER/dag_1.py']
2025-02-27 13:04:49,977 INFO - 2 tasks up for execution:
	<TaskInstance: EtlWeather.WeatherAPI scheduled__2025-02-21T00:00:00+00:00 [scheduled]>
	<TaskInstance: EtlWeather.SendMessage scheduled__2025-02-21T00:00:00+00:00 [scheduled]>
2025-02-27 13:04:49,978 INFO - DAG EtlWeather has 4/16 running and queued tasks
2025-02-27 13:04:49,979 INFO - DAG EtlWeather has 5/16 running and queued tasks
2025-02-27 13:04:49,980 INFO - Setting the following tasks to queued state:
	<TaskInstance: EtlWeather.WeatherAPI scheduled__2025-02-21T00:00:00+00:00 [scheduled]>
	<TaskInstance: EtlWeather.SendMessage scheduled__2025-02-21T00:00:00+00:00 [scheduled]>
2025-02-27 13:04:49,985 INFO - Trying to enqueue tasks: [<TaskInstance: EtlWeather.WeatherAPI scheduled__2025-02-21T00:00:00+00:00 [scheduled]>, <TaskInstance: EtlWeather.SendMessage scheduled__2025-02-21T00:00:00+00:00 [scheduled]>] for executor: LocalExecutor(parallelism=32)
2025-02-27 13:04:49,986 INFO - Sending TaskInstanceKey(dag_id='EtlWeather', task_id='WeatherAPI', run_id='scheduled__2025-02-21T00:00:00+00:00', try_number=1, map_index=-1) to LocalExecutor with priority 2 and queue default
2025-02-27 13:04:49,989 INFO - Adding to queue: ['airflow', 'tasks', 'run', 'EtlWeather', 'WeatherAPI', 'scheduled__2025-02-21T00:00:00+00:00', '--local', '--subdir', 'DAGS_FOLDER/dag_1.py']
2025-02-27 13:04:49,990 INFO - Sending TaskInstanceKey(dag_id='EtlWeather', task_id='SendMessage', run_id='scheduled__2025-02-21T00:00:00+00:00', try_number=1, map_index=-1) to LocalExecutor with priority 1 and queue default
2025-02-27 13:04:49,991 INFO - Adding to queue: ['airflow', 'tasks', 'run', 'EtlWeather', 'SendMessage', 'scheduled__2025-02-21T00:00:00+00:00', '--local', '--subdir', 'DAGS_FOLDER/dag_1.py']
2025-02-27 13:04:50,046 INFO - QueuedLocalWorker running ['airflow', 'tasks', 'run', 'EtlWeather', 'WeatherAPI', 'scheduled__2025-02-21T00:00:00+00:00', '--local', '--subdir', 'DAGS_FOLDER/dag_1.py']
2025-02-27 13:04:50,056 INFO - QueuedLocalWorker running ['airflow', 'tasks', 'run', 'EtlWeather', 'SendMessage', 'scheduled__2025-02-21T00:00:00+00:00', '--local', '--subdir', 'DAGS_FOLDER/dag_1.py']
2025-02-27 13:04:50,113 INFO - Setting next_dagrun for EtlWeather to 2025-02-23 00:00:00+00:00, run_after=2025-02-24 00:00:00+00:00
2025-02-27 13:04:50,153 INFO - Filling up the DagBag from /home/dataScience/Projects/Pipeline/airflow/dags/dag_1.py
2025-02-27 13:04:50,153 INFO - Filling up the DagBag from /home/dataScience/Projects/Pipeline/airflow/dags/dag_1.py
2025-02-27 13:04:50,153 INFO - Filling up the DagBag from /home/dataScience/Projects/Pipeline/airflow/dags/dag_1.py
2025-02-27 13:04:50,153 INFO - Filling up the DagBag from /home/dataScience/Projects/Pipeline/airflow/dags/dag_1.py
2025-02-27 13:04:50,413 INFO - 2 tasks up for execution:
	<TaskInstance: EtlWeather.WeatherAPI scheduled__2025-02-22T00:00:00+00:00 [scheduled]>
	<TaskInstance: EtlWeather.SendMessage scheduled__2025-02-22T00:00:00+00:00 [scheduled]>
2025-02-27 13:04:50,395 INFO - Filling up the DagBag from /home/dataScience/Projects/Pipeline/airflow/dags/dag_1.py
2025-02-27 13:04:50,418 INFO - DAG EtlWeather has 6/16 running and queued tasks
2025-02-27 13:04:50,425 INFO - DAG EtlWeather has 7/16 running and queued tasks
2025-02-27 13:04:50,396 INFO - Filling up the DagBag from /home/dataScience/Projects/Pipeline/airflow/dags/dag_1.py
2025-02-27 13:04:50,427 INFO - Setting the following tasks to queued state:
	<TaskInstance: EtlWeather.WeatherAPI scheduled__2025-02-22T00:00:00+00:00 [scheduled]>
	<TaskInstance: EtlWeather.SendMessage scheduled__2025-02-22T00:00:00+00:00 [scheduled]>
2025-02-27 13:04:50,438 INFO - Trying to enqueue tasks: [<TaskInstance: EtlWeather.WeatherAPI scheduled__2025-02-22T00:00:00+00:00 [scheduled]>, <TaskInstance: EtlWeather.SendMessage scheduled__2025-02-22T00:00:00+00:00 [scheduled]>] for executor: LocalExecutor(parallelism=32)
2025-02-27 13:04:50,442 INFO - Sending TaskInstanceKey(dag_id='EtlWeather', task_id='WeatherAPI', run_id='scheduled__2025-02-22T00:00:00+00:00', try_number=1, map_index=-1) to LocalExecutor with priority 2 and queue default
2025-02-27 13:04:50,443 INFO - Adding to queue: ['airflow', 'tasks', 'run', 'EtlWeather', 'WeatherAPI', 'scheduled__2025-02-22T00:00:00+00:00', '--local', '--subdir', 'DAGS_FOLDER/dag_1.py']
2025-02-27 13:04:50,444 INFO - Sending TaskInstanceKey(dag_id='EtlWeather', task_id='SendMessage', run_id='scheduled__2025-02-22T00:00:00+00:00', try_number=1, map_index=-1) to LocalExecutor with priority 1 and queue default
2025-02-27 13:04:50,445 INFO - Adding to queue: ['airflow', 'tasks', 'run', 'EtlWeather', 'SendMessage', 'scheduled__2025-02-22T00:00:00+00:00', '--local', '--subdir', 'DAGS_FOLDER/dag_1.py']
2025-02-27 13:04:50,743 INFO - QueuedLocalWorker running ['airflow', 'tasks', 'run', 'EtlWeather', 'WeatherAPI', 'scheduled__2025-02-22T00:00:00+00:00', '--local', '--subdir', 'DAGS_FOLDER/dag_1.py']
2025-02-27 13:04:50,808 INFO - QueuedLocalWorker running ['airflow', 'tasks', 'run', 'EtlWeather', 'SendMessage', 'scheduled__2025-02-22T00:00:00+00:00', '--local', '--subdir', 'DAGS_FOLDER/dag_1.py']
2025-02-27 13:04:50,999 INFO - Setting next_dagrun for EtlWeather to 2025-02-24 00:00:00+00:00, run_after=2025-02-25 00:00:00+00:00
2025-02-27 13:04:51,756 INFO - Filling up the DagBag from /home/dataScience/Projects/Pipeline/airflow/dags/dag_1.py
2025-02-27 13:04:52,408 INFO - 2 tasks up for execution:
	<TaskInstance: EtlWeather.WeatherAPI scheduled__2025-02-23T00:00:00+00:00 [scheduled]>
	<TaskInstance: EtlWeather.SendMessage scheduled__2025-02-23T00:00:00+00:00 [scheduled]>
2025-02-27 13:04:52,411 INFO - DAG EtlWeather has 8/16 running and queued tasks
2025-02-27 13:04:52,412 INFO - DAG EtlWeather has 9/16 running and queued tasks
2025-02-27 13:04:52,415 INFO - Setting the following tasks to queued state:
	<TaskInstance: EtlWeather.WeatherAPI scheduled__2025-02-23T00:00:00+00:00 [scheduled]>
	<TaskInstance: EtlWeather.SendMessage scheduled__2025-02-23T00:00:00+00:00 [scheduled]>
2025-02-27 13:04:52,438 INFO - Trying to enqueue tasks: [<TaskInstance: EtlWeather.WeatherAPI scheduled__2025-02-23T00:00:00+00:00 [scheduled]>, <TaskInstance: EtlWeather.SendMessage scheduled__2025-02-23T00:00:00+00:00 [scheduled]>] for executor: LocalExecutor(parallelism=32)
2025-02-27 13:04:52,439 INFO - Sending TaskInstanceKey(dag_id='EtlWeather', task_id='WeatherAPI', run_id='scheduled__2025-02-23T00:00:00+00:00', try_number=1, map_index=-1) to LocalExecutor with priority 2 and queue default
2025-02-27 13:04:52,440 INFO - Adding to queue: ['airflow', 'tasks', 'run', 'EtlWeather', 'WeatherAPI', 'scheduled__2025-02-23T00:00:00+00:00', '--local', '--subdir', 'DAGS_FOLDER/dag_1.py']
2025-02-27 13:04:52,442 INFO - Sending TaskInstanceKey(dag_id='EtlWeather', task_id='SendMessage', run_id='scheduled__2025-02-23T00:00:00+00:00', try_number=1, map_index=-1) to LocalExecutor with priority 1 and queue default
2025-02-27 13:04:52,445 INFO - Adding to queue: ['airflow', 'tasks', 'run', 'EtlWeather', 'SendMessage', 'scheduled__2025-02-23T00:00:00+00:00', '--local', '--subdir', 'DAGS_FOLDER/dag_1.py']
2025-02-27 13:04:52,497 INFO - Adopting or resetting orphaned tasks for active dag runs
2025-02-27 13:04:52,653 INFO - Setting next_dagrun for EtlWeather to 2025-02-25 00:00:00+00:00, run_after=2025-02-26 00:00:00+00:00
2025-02-27 13:04:52,488 INFO - Filling up the DagBag from /home/dataScience/Projects/Pipeline/airflow/dags/dag_1.py
2025-02-27 13:04:52,651 INFO - QueuedLocalWorker running ['airflow', 'tasks', 'run', 'EtlWeather', 'SendMessage', 'scheduled__2025-02-23T00:00:00+00:00', '--local', '--subdir', 'DAGS_FOLDER/dag_1.py']
2025-02-27 13:04:52,663 INFO - QueuedLocalWorker running ['airflow', 'tasks', 'run', 'EtlWeather', 'WeatherAPI', 'scheduled__2025-02-23T00:00:00+00:00', '--local', '--subdir', 'DAGS_FOLDER/dag_1.py']
2025-02-27 13:04:52,999 INFO - 2 tasks up for execution:
	<TaskInstance: EtlWeather.WeatherAPI scheduled__2025-02-24T00:00:00+00:00 [scheduled]>
	<TaskInstance: EtlWeather.SendMessage scheduled__2025-02-24T00:00:00+00:00 [scheduled]>
2025-02-27 13:04:53,005 INFO - DAG EtlWeather has 10/16 running and queued tasks
2025-02-27 13:04:53,007 INFO - DAG EtlWeather has 11/16 running and queued tasks
2025-02-27 13:04:53,008 INFO - Setting the following tasks to queued state:
	<TaskInstance: EtlWeather.WeatherAPI scheduled__2025-02-24T00:00:00+00:00 [scheduled]>
	<TaskInstance: EtlWeather.SendMessage scheduled__2025-02-24T00:00:00+00:00 [scheduled]>
2025-02-27 13:04:53,026 INFO - Trying to enqueue tasks: [<TaskInstance: EtlWeather.WeatherAPI scheduled__2025-02-24T00:00:00+00:00 [scheduled]>, <TaskInstance: EtlWeather.SendMessage scheduled__2025-02-24T00:00:00+00:00 [scheduled]>] for executor: LocalExecutor(parallelism=32)
2025-02-27 13:04:53,028 INFO - Sending TaskInstanceKey(dag_id='EtlWeather', task_id='WeatherAPI', run_id='scheduled__2025-02-24T00:00:00+00:00', try_number=1, map_index=-1) to LocalExecutor with priority 2 and queue default
2025-02-27 13:04:53,029 INFO - Adding to queue: ['airflow', 'tasks', 'run', 'EtlWeather', 'WeatherAPI', 'scheduled__2025-02-24T00:00:00+00:00', '--local', '--subdir', 'DAGS_FOLDER/dag_1.py']
2025-02-27 13:04:53,051 INFO - Sending TaskInstanceKey(dag_id='EtlWeather', task_id='SendMessage', run_id='scheduled__2025-02-24T00:00:00+00:00', try_number=1, map_index=-1) to LocalExecutor with priority 1 and queue default
2025-02-27 13:04:53,053 INFO - Adding to queue: ['airflow', 'tasks', 'run', 'EtlWeather', 'SendMessage', 'scheduled__2025-02-24T00:00:00+00:00', '--local', '--subdir', 'DAGS_FOLDER/dag_1.py']
2025-02-27 13:04:53,164 INFO - Setting next_dagrun for EtlWeather to 2025-02-26 00:00:00+00:00, run_after=2025-02-27 00:00:00+00:00
2025-02-27 13:04:53,224 INFO - QueuedLocalWorker running ['airflow', 'tasks', 'run', 'EtlWeather', 'SendMessage', 'scheduled__2025-02-24T00:00:00+00:00', '--local', '--subdir', 'DAGS_FOLDER/dag_1.py']
2025-02-27 13:04:53,245 INFO - QueuedLocalWorker running ['airflow', 'tasks', 'run', 'EtlWeather', 'WeatherAPI', 'scheduled__2025-02-24T00:00:00+00:00', '--local', '--subdir', 'DAGS_FOLDER/dag_1.py']
2025-02-27 13:04:53,587 INFO - 2 tasks up for execution:
	<TaskInstance: EtlWeather.WeatherAPI scheduled__2025-02-25T00:00:00+00:00 [scheduled]>
	<TaskInstance: EtlWeather.SendMessage scheduled__2025-02-25T00:00:00+00:00 [scheduled]>
2025-02-27 13:04:53,588 INFO - DAG EtlWeather has 12/16 running and queued tasks
2025-02-27 13:04:53,591 INFO - DAG EtlWeather has 13/16 running and queued tasks
2025-02-27 13:04:53,598 INFO - Setting the following tasks to queued state:
	<TaskInstance: EtlWeather.WeatherAPI scheduled__2025-02-25T00:00:00+00:00 [scheduled]>
	<TaskInstance: EtlWeather.SendMessage scheduled__2025-02-25T00:00:00+00:00 [scheduled]>
2025-02-27 13:04:53,629 INFO - Trying to enqueue tasks: [<TaskInstance: EtlWeather.WeatherAPI scheduled__2025-02-25T00:00:00+00:00 [scheduled]>, <TaskInstance: EtlWeather.SendMessage scheduled__2025-02-25T00:00:00+00:00 [scheduled]>] for executor: LocalExecutor(parallelism=32)
2025-02-27 13:04:53,633 INFO - Sending TaskInstanceKey(dag_id='EtlWeather', task_id='WeatherAPI', run_id='scheduled__2025-02-25T00:00:00+00:00', try_number=1, map_index=-1) to LocalExecutor with priority 2 and queue default
2025-02-27 13:04:53,634 INFO - Adding to queue: ['airflow', 'tasks', 'run', 'EtlWeather', 'WeatherAPI', 'scheduled__2025-02-25T00:00:00+00:00', '--local', '--subdir', 'DAGS_FOLDER/dag_1.py']
2025-02-27 13:04:53,636 INFO - Sending TaskInstanceKey(dag_id='EtlWeather', task_id='SendMessage', run_id='scheduled__2025-02-25T00:00:00+00:00', try_number=1, map_index=-1) to LocalExecutor with priority 1 and queue default
2025-02-27 13:04:53,637 INFO - Adding to queue: ['airflow', 'tasks', 'run', 'EtlWeather', 'SendMessage', 'scheduled__2025-02-25T00:00:00+00:00', '--local', '--subdir', 'DAGS_FOLDER/dag_1.py']
2025-02-27 13:04:53,778 INFO - Setting next_dagrun for EtlWeather to 2025-02-27 00:00:00+00:00, run_after=2025-02-28 00:00:00+00:00
2025-02-27 13:04:53,805 INFO - QueuedLocalWorker running ['airflow', 'tasks', 'run', 'EtlWeather', 'WeatherAPI', 'scheduled__2025-02-25T00:00:00+00:00', '--local', '--subdir', 'DAGS_FOLDER/dag_1.py']
2025-02-27 13:04:53,862 INFO - QueuedLocalWorker running ['airflow', 'tasks', 'run', 'EtlWeather', 'SendMessage', 'scheduled__2025-02-25T00:00:00+00:00', '--local', '--subdir', 'DAGS_FOLDER/dag_1.py']
2025-02-27 13:04:54,087 INFO - Filling up the DagBag from /home/dataScience/Projects/Pipeline/airflow/dags/dag_1.py
2025-02-27 13:04:54,382 INFO - 2 tasks up for execution:
	<TaskInstance: EtlWeather.WeatherAPI scheduled__2025-02-26T00:00:00+00:00 [scheduled]>
	<TaskInstance: EtlWeather.SendMessage scheduled__2025-02-26T00:00:00+00:00 [scheduled]>
2025-02-27 13:04:54,384 INFO - DAG EtlWeather has 14/16 running and queued tasks
2025-02-27 13:04:54,386 INFO - DAG EtlWeather has 15/16 running and queued tasks
2025-02-27 13:04:54,387 INFO - Setting the following tasks to queued state:
	<TaskInstance: EtlWeather.WeatherAPI scheduled__2025-02-26T00:00:00+00:00 [scheduled]>
	<TaskInstance: EtlWeather.SendMessage scheduled__2025-02-26T00:00:00+00:00 [scheduled]>
2025-02-27 13:04:54,398 INFO - Trying to enqueue tasks: [<TaskInstance: EtlWeather.WeatherAPI scheduled__2025-02-26T00:00:00+00:00 [scheduled]>, <TaskInstance: EtlWeather.SendMessage scheduled__2025-02-26T00:00:00+00:00 [scheduled]>] for executor: LocalExecutor(parallelism=32)
2025-02-27 13:04:54,400 INFO - Sending TaskInstanceKey(dag_id='EtlWeather', task_id='WeatherAPI', run_id='scheduled__2025-02-26T00:00:00+00:00', try_number=1, map_index=-1) to LocalExecutor with priority 2 and queue default
2025-02-27 13:04:54,401 INFO - Adding to queue: ['airflow', 'tasks', 'run', 'EtlWeather', 'WeatherAPI', 'scheduled__2025-02-26T00:00:00+00:00', '--local', '--subdir', 'DAGS_FOLDER/dag_1.py']
2025-02-27 13:04:54,403 INFO - Sending TaskInstanceKey(dag_id='EtlWeather', task_id='SendMessage', run_id='scheduled__2025-02-26T00:00:00+00:00', try_number=1, map_index=-1) to LocalExecutor with priority 1 and queue default
2025-02-27 13:04:54,406 INFO - Adding to queue: ['airflow', 'tasks', 'run', 'EtlWeather', 'SendMessage', 'scheduled__2025-02-26T00:00:00+00:00', '--local', '--subdir', 'DAGS_FOLDER/dag_1.py']
2025-02-27 13:04:54,571 INFO - Filling up the DagBag from /home/dataScience/Projects/Pipeline/airflow/dags/dag_1.py
2025-02-27 13:04:54,613 INFO - QueuedLocalWorker running ['airflow', 'tasks', 'run', 'EtlWeather', 'WeatherAPI', 'scheduled__2025-02-26T00:00:00+00:00', '--local', '--subdir', 'DAGS_FOLDER/dag_1.py']
2025-02-27 13:04:54,626 INFO - QueuedLocalWorker running ['airflow', 'tasks', 'run', 'EtlWeather', 'SendMessage', 'scheduled__2025-02-26T00:00:00+00:00', '--local', '--subdir', 'DAGS_FOLDER/dag_1.py']
2025-02-27 13:04:54,748 INFO - Filling up the DagBag from /home/dataScience/Projects/Pipeline/airflow/dags/dag_1.py
2025-02-27 13:04:54,835 INFO - Filling up the DagBag from /home/dataScience/Projects/Pipeline/airflow/dags/dag_1.py
2025-02-27 13:05:00,605 INFO - Running <TaskInstance: EtlWeather.SendMessage scheduled__2025-02-21T00:00:00+00:00 [queued]> on host IMNOTROY.
2025-02-27 13:05:00,609 INFO - Filling up the DagBag from /home/dataScience/Projects/Pipeline/airflow/dags/dag_1.py
2025-02-27 13:05:00,732 INFO - Filling up the DagBag from /home/dataScience/Projects/Pipeline/airflow/dags/dag_1.py
2025-02-27 13:05:00,614 INFO - Filling up the DagBag from /home/dataScience/Projects/Pipeline/airflow/dags/dag_1.py
2025-02-27 13:05:00,779 INFO - Running <TaskInstance: EtlWeather.WeatherAPI scheduled__2025-02-21T00:00:00+00:00 [queued]> on host IMNOTROY.
2025-02-27 13:05:00,702 INFO - Filling up the DagBag from /home/dataScience/Projects/Pipeline/airflow/dags/dag_1.py
2025-02-27 13:05:00,910 INFO - Running <TaskInstance: EtlWeather.SendMessage scheduled__2025-02-19T00:00:00+00:00 [queued]> on host IMNOTROY.
2025-02-27 13:05:00,998 INFO - Running <TaskInstance: EtlWeather.WeatherAPI scheduled__2025-02-19T00:00:00+00:00 [queued]> on host IMNOTROY.
2025-02-27 13:05:01,007 INFO - Running <TaskInstance: EtlWeather.SendMessage scheduled__2025-02-20T00:00:00+00:00 [queued]> on host IMNOTROY.
2025-02-27 13:05:01,093 INFO - Running <TaskInstance: EtlWeather.WeatherAPI scheduled__2025-02-20T00:00:00+00:00 [queued]> on host IMNOTROY.
2025-02-27 13:05:01,234 INFO - Running <TaskInstance: EtlWeather.WeatherAPI scheduled__2025-02-22T00:00:00+00:00 [queued]> on host IMNOTROY.
2025-02-27 13:05:01,865 INFO - Running <TaskInstance: EtlWeather.SendMessage scheduled__2025-02-22T00:00:00+00:00 [queued]> on host IMNOTROY.
2025-02-27 13:05:03,111 INFO - Running <TaskInstance: EtlWeather.SendMessage scheduled__2025-02-23T00:00:00+00:00 [queued]> on host IMNOTROY.
2025-02-27 13:05:03,122 INFO - Running <TaskInstance: EtlWeather.WeatherAPI scheduled__2025-02-23T00:00:00+00:00 [queued]> on host IMNOTROY.
2025-02-27 13:05:03,705 INFO - Running <TaskInstance: EtlWeather.WeatherAPI scheduled__2025-02-24T00:00:00+00:00 [queued]> on host IMNOTROY.
2025-02-27 13:05:04,083 INFO - Running <TaskInstance: EtlWeather.SendMessage scheduled__2025-02-26T00:00:00+00:00 [queued]> on host IMNOTROY.
2025-02-27 13:05:04,166 INFO - Running <TaskInstance: EtlWeather.SendMessage scheduled__2025-02-24T00:00:00+00:00 [queued]> on host IMNOTROY.
2025-02-27 13:05:04,492 INFO - Running <TaskInstance: EtlWeather.SendMessage scheduled__2025-02-25T00:00:00+00:00 [queued]> on host IMNOTROY.
2025-02-27 13:05:04,579 INFO - Running <TaskInstance: EtlWeather.WeatherAPI scheduled__2025-02-25T00:00:00+00:00 [queued]> on host IMNOTROY.
2025-02-27 13:05:04,686 INFO - Running <TaskInstance: EtlWeather.WeatherAPI scheduled__2025-02-26T00:00:00+00:00 [queued]> on host IMNOTROY.
2025-02-27 13:07:18,252 INFO - Received executor event with state success for task instance TaskInstanceKey(dag_id='EtlWeather', task_id='WeatherAPI', run_id='scheduled__2025-02-22T00:00:00+00:00', try_number=1, map_index=-1)
2025-02-27 13:07:18,277 INFO - Received executor event with state success for task instance TaskInstanceKey(dag_id='EtlWeather', task_id='SendMessage', run_id='scheduled__2025-02-25T00:00:00+00:00', try_number=1, map_index=-1)
2025-02-27 13:07:18,278 INFO - Received executor event with state success for task instance TaskInstanceKey(dag_id='EtlWeather', task_id='SendMessage', run_id='scheduled__2025-02-26T00:00:00+00:00', try_number=1, map_index=-1)
2025-02-27 13:07:18,346 INFO - TaskInstance Finished: dag_id=EtlWeather, task_id=SendMessage, run_id=scheduled__2025-02-25T00:00:00+00:00, map_index=-1, run_start_date=2025-02-27 19:05:06.647828+00:00, run_end_date=None, run_duration=None, state=running, executor=LocalExecutor(parallelism=32), executor_state=success, try_number=1, max_tries=0, job_id=17, pool=default_pool, queue=default, priority_weight=1, operator=_PythonDecoratedOperator, queued_dttm=2025-02-27 19:04:53.620895+00:00, queued_by_job_id=3, pid=None
2025-02-27 13:07:18,380 INFO - TaskInstance Finished: dag_id=EtlWeather, task_id=SendMessage, run_id=scheduled__2025-02-26T00:00:00+00:00, map_index=-1, run_start_date=2025-02-27 19:05:05.340301+00:00, run_end_date=None, run_duration=None, state=running, executor=LocalExecutor(parallelism=32), executor_state=success, try_number=1, max_tries=0, job_id=15, pool=default_pool, queue=default, priority_weight=1, operator=_PythonDecoratedOperator, queued_dttm=2025-02-27 19:04:54.390005+00:00, queued_by_job_id=3, pid=None
2025-02-27 13:07:18,385 INFO - TaskInstance Finished: dag_id=EtlWeather, task_id=WeatherAPI, run_id=scheduled__2025-02-22T00:00:00+00:00, map_index=-1, run_start_date=2025-02-27 19:05:04.628937+00:00, run_end_date=None, run_duration=None, state=running, executor=LocalExecutor(parallelism=32), executor_state=success, try_number=1, max_tries=0, job_id=9, pool=default_pool, queue=default, priority_weight=2, operator=_PythonDecoratedOperator, queued_dttm=2025-02-27 19:04:50.430056+00:00, queued_by_job_id=3, pid=None
2025-02-27 13:07:18,453 INFO - Heartbeat recovered after 131.03 seconds
2025-02-27 13:07:18,524 WARNING - Failing (3) jobs without heartbeat after 2025-02-27 19:02:18.508225+00:00
2025-02-27 13:07:18,539 ERROR - Detected zombie job: {'full_filepath': '/home/dataScience/Projects/Pipeline/airflow/dags/dag_1.py', 'processor_subdir': '/home/dataScience/Projects/Pipeline/airflow/dags', 'msg': "{'DAG Id': 'EtlWeather', 'Task Id': 'SendMessage', 'Run Id': 'scheduled__2025-02-25T00:00:00+00:00', 'Hostname': 'IMNOTROY.'}", 'simple_task_instance': SimpleTaskInstance(dag_id='EtlWeather', task_id='SendMessage', run_id='scheduled__2025-02-25T00:00:00+00:00', map_index=-1, start_date=datetime.datetime(2025, 2, 27, 19, 5, 6, 647828, tzinfo=Timezone('UTC')), end_date=None, try_number=1, state='running', executor=None, executor_config={}, run_as_user=None, pool='default_pool', priority_weight=1, queue='default', key=TaskInstanceKey(dag_id='EtlWeather', task_id='SendMessage', run_id='scheduled__2025-02-25T00:00:00+00:00', try_number=1, map_index=-1)), 'task_callback_type': None} (See https://airflow.apache.org/docs/apache-airflow/stable/core-concepts/tasks.html#zombie-undead-tasks)
2025-02-27 13:07:18,570 ERROR - Detected zombie job: {'full_filepath': '/home/dataScience/Projects/Pipeline/airflow/dags/dag_1.py', 'processor_subdir': '/home/dataScience/Projects/Pipeline/airflow/dags', 'msg': "{'DAG Id': 'EtlWeather', 'Task Id': 'SendMessage', 'Run Id': 'scheduled__2025-02-26T00:00:00+00:00', 'Hostname': 'IMNOTROY.'}", 'simple_task_instance': SimpleTaskInstance(dag_id='EtlWeather', task_id='SendMessage', run_id='scheduled__2025-02-26T00:00:00+00:00', map_index=-1, start_date=datetime.datetime(2025, 2, 27, 19, 5, 5, 340301, tzinfo=Timezone('UTC')), end_date=None, try_number=1, state='running', executor=None, executor_config={}, run_as_user=None, pool='default_pool', priority_weight=1, queue='default', key=TaskInstanceKey(dag_id='EtlWeather', task_id='SendMessage', run_id='scheduled__2025-02-26T00:00:00+00:00', try_number=1, map_index=-1)), 'task_callback_type': None} (See https://airflow.apache.org/docs/apache-airflow/stable/core-concepts/tasks.html#zombie-undead-tasks)
2025-02-27 13:07:18,580 ERROR - Detected zombie job: {'full_filepath': '/home/dataScience/Projects/Pipeline/airflow/dags/dag_1.py', 'processor_subdir': '/home/dataScience/Projects/Pipeline/airflow/dags', 'msg': "{'DAG Id': 'EtlWeather', 'Task Id': 'WeatherAPI', 'Run Id': 'scheduled__2025-02-22T00:00:00+00:00', 'Hostname': 'IMNOTROY.'}", 'simple_task_instance': SimpleTaskInstance(dag_id='EtlWeather', task_id='WeatherAPI', run_id='scheduled__2025-02-22T00:00:00+00:00', map_index=-1, start_date=datetime.datetime(2025, 2, 27, 19, 5, 4, 628937, tzinfo=Timezone('UTC')), end_date=None, try_number=1, state='running', executor=None, executor_config={}, run_as_user=None, pool='default_pool', priority_weight=2, queue='default', key=TaskInstanceKey(dag_id='EtlWeather', task_id='WeatherAPI', run_id='scheduled__2025-02-22T00:00:00+00:00', try_number=1, map_index=-1)), 'task_callback_type': None} (See https://airflow.apache.org/docs/apache-airflow/stable/core-concepts/tasks.html#zombie-undead-tasks)
2025-02-27 13:07:20,143 INFO - 1 tasks up for execution:
	<TaskInstance: EtlWeather.StoreData scheduled__2025-02-23T00:00:00+00:00 [scheduled]>
2025-02-27 13:07:20,147 INFO - DAG EtlWeather has 15/16 running and queued tasks
2025-02-27 13:07:20,148 INFO - Setting the following tasks to queued state:
	<TaskInstance: EtlWeather.StoreData scheduled__2025-02-23T00:00:00+00:00 [scheduled]>
2025-02-27 13:07:20,158 INFO - Trying to enqueue tasks: [<TaskInstance: EtlWeather.StoreData scheduled__2025-02-23T00:00:00+00:00 [scheduled]>] for executor: LocalExecutor(parallelism=32)
2025-02-27 13:07:20,167 INFO - Sending TaskInstanceKey(dag_id='EtlWeather', task_id='StoreData', run_id='scheduled__2025-02-23T00:00:00+00:00', try_number=1, map_index=-1) to LocalExecutor with priority 1 and queue default
2025-02-27 13:07:20,169 INFO - Adding to queue: ['airflow', 'tasks', 'run', 'EtlWeather', 'StoreData', 'scheduled__2025-02-23T00:00:00+00:00', '--local', '--subdir', 'DAGS_FOLDER/dag_1.py']
2025-02-27 13:07:20,203 INFO - Received executor event with state failed for task instance TaskInstanceKey(dag_id='EtlWeather', task_id='SendMessage', run_id='scheduled__2025-02-25T00:00:00+00:00', try_number=1, map_index=-1)
2025-02-27 13:07:20,204 INFO - Received executor event with state failed for task instance TaskInstanceKey(dag_id='EtlWeather', task_id='SendMessage', run_id='scheduled__2025-02-26T00:00:00+00:00', try_number=1, map_index=-1)
2025-02-27 13:07:20,228 INFO - Received executor event with state failed for task instance TaskInstanceKey(dag_id='EtlWeather', task_id='WeatherAPI', run_id='scheduled__2025-02-22T00:00:00+00:00', try_number=1, map_index=-1)
2025-02-27 13:07:20,230 INFO - Received executor event with state success for task instance TaskInstanceKey(dag_id='EtlWeather', task_id='WeatherAPI', run_id='scheduled__2025-02-23T00:00:00+00:00', try_number=1, map_index=-1)
2025-02-27 13:07:20,260 INFO - TaskInstance Finished: dag_id=EtlWeather, task_id=SendMessage, run_id=scheduled__2025-02-25T00:00:00+00:00, map_index=-1, run_start_date=2025-02-27 19:05:06.647828+00:00, run_end_date=None, run_duration=None, state=running, executor=LocalExecutor(parallelism=32), executor_state=failed, try_number=1, max_tries=0, job_id=17, pool=default_pool, queue=default, priority_weight=1, operator=_PythonDecoratedOperator, queued_dttm=2025-02-27 19:04:53.620895+00:00, queued_by_job_id=3, pid=None
2025-02-27 13:07:20,263 INFO - TaskInstance Finished: dag_id=EtlWeather, task_id=SendMessage, run_id=scheduled__2025-02-26T00:00:00+00:00, map_index=-1, run_start_date=2025-02-27 19:05:05.340301+00:00, run_end_date=None, run_duration=None, state=running, executor=LocalExecutor(parallelism=32), executor_state=failed, try_number=1, max_tries=0, job_id=15, pool=default_pool, queue=default, priority_weight=1, operator=_PythonDecoratedOperator, queued_dttm=2025-02-27 19:04:54.390005+00:00, queued_by_job_id=3, pid=None
2025-02-27 13:07:20,265 INFO - TaskInstance Finished: dag_id=EtlWeather, task_id=WeatherAPI, run_id=scheduled__2025-02-22T00:00:00+00:00, map_index=-1, run_start_date=2025-02-27 19:05:04.628937+00:00, run_end_date=None, run_duration=None, state=running, executor=LocalExecutor(parallelism=32), executor_state=failed, try_number=1, max_tries=0, job_id=9, pool=default_pool, queue=default, priority_weight=2, operator=_PythonDecoratedOperator, queued_dttm=2025-02-27 19:04:50.430056+00:00, queued_by_job_id=3, pid=None
2025-02-27 13:07:20,268 INFO - TaskInstance Finished: dag_id=EtlWeather, task_id=WeatherAPI, run_id=scheduled__2025-02-23T00:00:00+00:00, map_index=-1, run_start_date=2025-02-27 19:05:05.276062+00:00, run_end_date=2025-02-27 19:07:19.298027+00:00, run_duration=134.022, state=success, executor=LocalExecutor(parallelism=32), executor_state=success, try_number=1, max_tries=0, job_id=13, pool=default_pool, queue=default, priority_weight=2, operator=_PythonDecoratedOperator, queued_dttm=2025-02-27 19:04:52.432496+00:00, queued_by_job_id=3, pid=43623
2025-02-27 13:07:20,322 INFO - QueuedLocalWorker running ['airflow', 'tasks', 'run', 'EtlWeather', 'StoreData', 'scheduled__2025-02-23T00:00:00+00:00', '--local', '--subdir', 'DAGS_FOLDER/dag_1.py']
2025-02-27 13:07:20,608 INFO - 4 tasks up for execution:
	<TaskInstance: EtlWeather.StoreData scheduled__2025-02-19T00:00:00+00:00 [scheduled]>
	<TaskInstance: EtlWeather.StoreData scheduled__2025-02-21T00:00:00+00:00 [scheduled]>
	<TaskInstance: EtlWeather.StoreData scheduled__2025-02-24T00:00:00+00:00 [scheduled]>
	<TaskInstance: EtlWeather.StoreData scheduled__2025-02-25T00:00:00+00:00 [scheduled]>
2025-02-27 13:07:20,609 INFO - DAG EtlWeather has 12/16 running and queued tasks
2025-02-27 13:07:20,611 INFO - DAG EtlWeather has 13/16 running and queued tasks
2025-02-27 13:07:20,612 INFO - DAG EtlWeather has 14/16 running and queued tasks
2025-02-27 13:07:20,614 INFO - DAG EtlWeather has 15/16 running and queued tasks
2025-02-27 13:07:20,615 INFO - Setting the following tasks to queued state:
	<TaskInstance: EtlWeather.StoreData scheduled__2025-02-19T00:00:00+00:00 [scheduled]>
	<TaskInstance: EtlWeather.StoreData scheduled__2025-02-21T00:00:00+00:00 [scheduled]>
	<TaskInstance: EtlWeather.StoreData scheduled__2025-02-24T00:00:00+00:00 [scheduled]>
	<TaskInstance: EtlWeather.StoreData scheduled__2025-02-25T00:00:00+00:00 [scheduled]>
2025-02-27 13:07:20,631 INFO - Trying to enqueue tasks: [<TaskInstance: EtlWeather.StoreData scheduled__2025-02-19T00:00:00+00:00 [scheduled]>, <TaskInstance: EtlWeather.StoreData scheduled__2025-02-21T00:00:00+00:00 [scheduled]>, <TaskInstance: EtlWeather.StoreData scheduled__2025-02-24T00:00:00+00:00 [scheduled]>, <TaskInstance: EtlWeather.StoreData scheduled__2025-02-25T00:00:00+00:00 [scheduled]>] for executor: LocalExecutor(parallelism=32)
2025-02-27 13:07:20,634 INFO - Sending TaskInstanceKey(dag_id='EtlWeather', task_id='StoreData', run_id='scheduled__2025-02-19T00:00:00+00:00', try_number=1, map_index=-1) to LocalExecutor with priority 1 and queue default
2025-02-27 13:07:20,635 INFO - Adding to queue: ['airflow', 'tasks', 'run', 'EtlWeather', 'StoreData', 'scheduled__2025-02-19T00:00:00+00:00', '--local', '--subdir', 'DAGS_FOLDER/dag_1.py']
2025-02-27 13:07:20,638 INFO - Sending TaskInstanceKey(dag_id='EtlWeather', task_id='StoreData', run_id='scheduled__2025-02-21T00:00:00+00:00', try_number=1, map_index=-1) to LocalExecutor with priority 1 and queue default
2025-02-27 13:07:20,639 INFO - Adding to queue: ['airflow', 'tasks', 'run', 'EtlWeather', 'StoreData', 'scheduled__2025-02-21T00:00:00+00:00', '--local', '--subdir', 'DAGS_FOLDER/dag_1.py']
2025-02-27 13:07:20,641 INFO - Sending TaskInstanceKey(dag_id='EtlWeather', task_id='StoreData', run_id='scheduled__2025-02-24T00:00:00+00:00', try_number=1, map_index=-1) to LocalExecutor with priority 1 and queue default
2025-02-27 13:07:20,642 INFO - Adding to queue: ['airflow', 'tasks', 'run', 'EtlWeather', 'StoreData', 'scheduled__2025-02-24T00:00:00+00:00', '--local', '--subdir', 'DAGS_FOLDER/dag_1.py']
2025-02-27 13:07:20,644 INFO - Sending TaskInstanceKey(dag_id='EtlWeather', task_id='StoreData', run_id='scheduled__2025-02-25T00:00:00+00:00', try_number=1, map_index=-1) to LocalExecutor with priority 1 and queue default
2025-02-27 13:07:20,645 INFO - Adding to queue: ['airflow', 'tasks', 'run', 'EtlWeather', 'StoreData', 'scheduled__2025-02-25T00:00:00+00:00', '--local', '--subdir', 'DAGS_FOLDER/dag_1.py']
2025-02-27 13:07:20,719 INFO - Received executor event with state success for task instance TaskInstanceKey(dag_id='EtlWeather', task_id='WeatherAPI', run_id='scheduled__2025-02-21T00:00:00+00:00', try_number=1, map_index=-1)
2025-02-27 13:07:20,720 INFO - Received executor event with state success for task instance TaskInstanceKey(dag_id='EtlWeather', task_id='WeatherAPI', run_id='scheduled__2025-02-24T00:00:00+00:00', try_number=1, map_index=-1)
2025-02-27 13:07:20,722 INFO - Received executor event with state success for task instance TaskInstanceKey(dag_id='EtlWeather', task_id='WeatherAPI', run_id='scheduled__2025-02-19T00:00:00+00:00', try_number=1, map_index=-1)
2025-02-27 13:07:20,723 INFO - Received executor event with state success for task instance TaskInstanceKey(dag_id='EtlWeather', task_id='WeatherAPI', run_id='scheduled__2025-02-25T00:00:00+00:00', try_number=1, map_index=-1)
2025-02-27 13:07:20,751 INFO - TaskInstance Finished: dag_id=EtlWeather, task_id=WeatherAPI, run_id=scheduled__2025-02-19T00:00:00+00:00, map_index=-1, run_start_date=2025-02-27 19:05:04.768245+00:00, run_end_date=2025-02-27 19:07:20.063613+00:00, run_duration=135.295, state=success, executor=LocalExecutor(parallelism=32), executor_state=success, try_number=1, max_tries=0, job_id=8, pool=default_pool, queue=default, priority_weight=2, operator=_PythonDecoratedOperator, queued_dttm=2025-02-27 19:04:49.575301+00:00, queued_by_job_id=3, pid=43609
2025-02-27 13:07:20,754 INFO - TaskInstance Finished: dag_id=EtlWeather, task_id=WeatherAPI, run_id=scheduled__2025-02-21T00:00:00+00:00, map_index=-1, run_start_date=2025-02-27 19:05:04.526643+00:00, run_end_date=2025-02-27 19:07:19.888478+00:00, run_duration=135.362, state=success, executor=LocalExecutor(parallelism=32), executor_state=success, try_number=1, max_tries=0, job_id=5, pool=default_pool, queue=default, priority_weight=2, operator=_PythonDecoratedOperator, queued_dttm=2025-02-27 19:04:49.981774+00:00, queued_by_job_id=3, pid=43600
2025-02-27 13:07:20,758 INFO - TaskInstance Finished: dag_id=EtlWeather, task_id=WeatherAPI, run_id=scheduled__2025-02-24T00:00:00+00:00, map_index=-1, run_start_date=2025-02-27 19:05:05.306380+00:00, run_end_date=2025-02-27 19:07:19.692833+00:00, run_duration=134.386, state=success, executor=LocalExecutor(parallelism=32), executor_state=success, try_number=1, max_tries=0, job_id=14, pool=default_pool, queue=default, priority_weight=2, operator=_PythonDecoratedOperator, queued_dttm=2025-02-27 19:04:53.022566+00:00, queued_by_job_id=3, pid=43614
2025-02-27 13:07:20,760 INFO - TaskInstance Finished: dag_id=EtlWeather, task_id=WeatherAPI, run_id=scheduled__2025-02-25T00:00:00+00:00, map_index=-1, run_start_date=2025-02-27 19:05:07.088803+00:00, run_end_date=2025-02-27 19:07:20.228908+00:00, run_duration=133.14, state=success, executor=LocalExecutor(parallelism=32), executor_state=success, try_number=1, max_tries=0, job_id=18, pool=default_pool, queue=default, priority_weight=2, operator=_PythonDecoratedOperator, queued_dttm=2025-02-27 19:04:53.620895+00:00, queued_by_job_id=3, pid=43633
2025-02-27 13:07:20,757 INFO - QueuedLocalWorker running ['airflow', 'tasks', 'run', 'EtlWeather', 'StoreData', 'scheduled__2025-02-21T00:00:00+00:00', '--local', '--subdir', 'DAGS_FOLDER/dag_1.py']
2025-02-27 13:07:20,774 INFO - QueuedLocalWorker running ['airflow', 'tasks', 'run', 'EtlWeather', 'StoreData', 'scheduled__2025-02-24T00:00:00+00:00', '--local', '--subdir', 'DAGS_FOLDER/dag_1.py']
2025-02-27 13:07:20,836 INFO - QueuedLocalWorker running ['airflow', 'tasks', 'run', 'EtlWeather', 'StoreData', 'scheduled__2025-02-19T00:00:00+00:00', '--local', '--subdir', 'DAGS_FOLDER/dag_1.py']
2025-02-27 13:07:20,835 INFO - QueuedLocalWorker running ['airflow', 'tasks', 'run', 'EtlWeather', 'StoreData', 'scheduled__2025-02-25T00:00:00+00:00', '--local', '--subdir', 'DAGS_FOLDER/dag_1.py']
2025-02-27 13:07:21,064 INFO - 2 tasks up for execution:
	<TaskInstance: EtlWeather.StoreData scheduled__2025-02-20T00:00:00+00:00 [scheduled]>
	<TaskInstance: EtlWeather.StoreData scheduled__2025-02-26T00:00:00+00:00 [scheduled]>
2025-02-27 13:07:21,072 INFO - DAG EtlWeather has 14/16 running and queued tasks
2025-02-27 13:07:21,074 INFO - DAG EtlWeather has 15/16 running and queued tasks
2025-02-27 13:07:21,076 INFO - Setting the following tasks to queued state:
	<TaskInstance: EtlWeather.StoreData scheduled__2025-02-20T00:00:00+00:00 [scheduled]>
	<TaskInstance: EtlWeather.StoreData scheduled__2025-02-26T00:00:00+00:00 [scheduled]>
2025-02-27 13:07:21,090 INFO - Trying to enqueue tasks: [<TaskInstance: EtlWeather.StoreData scheduled__2025-02-20T00:00:00+00:00 [scheduled]>, <TaskInstance: EtlWeather.StoreData scheduled__2025-02-26T00:00:00+00:00 [scheduled]>] for executor: LocalExecutor(parallelism=32)
2025-02-27 13:07:21,092 INFO - Sending TaskInstanceKey(dag_id='EtlWeather', task_id='StoreData', run_id='scheduled__2025-02-20T00:00:00+00:00', try_number=1, map_index=-1) to LocalExecutor with priority 1 and queue default
2025-02-27 13:07:21,093 INFO - Adding to queue: ['airflow', 'tasks', 'run', 'EtlWeather', 'StoreData', 'scheduled__2025-02-20T00:00:00+00:00', '--local', '--subdir', 'DAGS_FOLDER/dag_1.py']
2025-02-27 13:07:21,095 INFO - Sending TaskInstanceKey(dag_id='EtlWeather', task_id='StoreData', run_id='scheduled__2025-02-26T00:00:00+00:00', try_number=1, map_index=-1) to LocalExecutor with priority 1 and queue default
2025-02-27 13:07:21,096 INFO - Adding to queue: ['airflow', 'tasks', 'run', 'EtlWeather', 'StoreData', 'scheduled__2025-02-26T00:00:00+00:00', '--local', '--subdir', 'DAGS_FOLDER/dag_1.py']
2025-02-27 13:07:21,142 INFO - Received executor event with state success for task instance TaskInstanceKey(dag_id='EtlWeather', task_id='WeatherAPI', run_id='scheduled__2025-02-20T00:00:00+00:00', try_number=1, map_index=-1)
2025-02-27 13:07:21,143 INFO - Received executor event with state success for task instance TaskInstanceKey(dag_id='EtlWeather', task_id='WeatherAPI', run_id='scheduled__2025-02-26T00:00:00+00:00', try_number=1, map_index=-1)
2025-02-27 13:07:21,168 INFO - TaskInstance Finished: dag_id=EtlWeather, task_id=WeatherAPI, run_id=scheduled__2025-02-20T00:00:00+00:00, map_index=-1, run_start_date=2025-02-27 19:05:03.447184+00:00, run_end_date=2025-02-27 19:07:20.380637+00:00, run_duration=136.933, state=success, executor=LocalExecutor(parallelism=32), executor_state=success, try_number=1, max_tries=0, job_id=4, pool=default_pool, queue=default, priority_weight=2, operator=_PythonDecoratedOperator, queued_dttm=2025-02-27 19:04:49.769647+00:00, queued_by_job_id=3, pid=43593
2025-02-27 13:07:21,170 INFO - TaskInstance Finished: dag_id=EtlWeather, task_id=WeatherAPI, run_id=scheduled__2025-02-26T00:00:00+00:00, map_index=-1, run_start_date=2025-02-27 19:05:07.358180+00:00, run_end_date=2025-02-27 19:07:20.567599+00:00, run_duration=133.209, state=success, executor=LocalExecutor(parallelism=32), executor_state=success, try_number=1, max_tries=0, job_id=19, pool=default_pool, queue=default, priority_weight=2, operator=_PythonDecoratedOperator, queued_dttm=2025-02-27 19:04:54.390005+00:00, queued_by_job_id=3, pid=43635
2025-02-27 13:07:21,221 INFO - QueuedLocalWorker running ['airflow', 'tasks', 'run', 'EtlWeather', 'StoreData', 'scheduled__2025-02-26T00:00:00+00:00', '--local', '--subdir', 'DAGS_FOLDER/dag_1.py']
2025-02-27 13:07:21,235 INFO - QueuedLocalWorker running ['airflow', 'tasks', 'run', 'EtlWeather', 'StoreData', 'scheduled__2025-02-20T00:00:00+00:00', '--local', '--subdir', 'DAGS_FOLDER/dag_1.py']
2025-02-27 13:07:21,367 INFO - Filling up the DagBag from /home/dataScience/Projects/Pipeline/airflow/dags/dag_1.py
2025-02-27 13:07:21,376 INFO - Filling up the DagBag from /home/dataScience/Projects/Pipeline/airflow/dags/dag_1.py
2025-02-27 13:07:21,387 INFO - Filling up the DagBag from /home/dataScience/Projects/Pipeline/airflow/dags/dag_1.py
2025-02-27 13:07:21,363 INFO - Filling up the DagBag from /home/dataScience/Projects/Pipeline/airflow/dags/dag_1.py
2025-02-27 13:07:21,366 INFO - Filling up the DagBag from /home/dataScience/Projects/Pipeline/airflow/dags/dag_1.py
2025-02-27 13:07:21,542 INFO - Filling up the DagBag from /home/dataScience/Projects/Pipeline/airflow/dags/dag_1.py
2025-02-27 13:07:21,600 INFO - Filling up the DagBag from /home/dataScience/Projects/Pipeline/airflow/dags/dag_1.py
2025-02-27 13:07:23,267 INFO - Running <TaskInstance: EtlWeather.StoreData scheduled__2025-02-25T00:00:00+00:00 [queued]> on host IMNOTROY.
2025-02-27 13:07:23,308 INFO - Running <TaskInstance: EtlWeather.StoreData scheduled__2025-02-20T00:00:00+00:00 [queued]> on host IMNOTROY.
2025-02-27 13:07:23,317 INFO - Running <TaskInstance: EtlWeather.StoreData scheduled__2025-02-19T00:00:00+00:00 [queued]> on host IMNOTROY.
2025-02-27 13:07:23,319 INFO - Running <TaskInstance: EtlWeather.StoreData scheduled__2025-02-23T00:00:00+00:00 [queued]> on host IMNOTROY.
2025-02-27 13:07:23,376 INFO - Running <TaskInstance: EtlWeather.StoreData scheduled__2025-02-21T00:00:00+00:00 [queued]> on host IMNOTROY.
2025-02-27 13:07:23,389 INFO - Running <TaskInstance: EtlWeather.StoreData scheduled__2025-02-26T00:00:00+00:00 [queued]> on host IMNOTROY.
2025-02-27 13:07:23,396 INFO - Running <TaskInstance: EtlWeather.StoreData scheduled__2025-02-24T00:00:00+00:00 [queued]> on host IMNOTROY.
2025-02-27 13:07:25,420 INFO - Received executor event with state success for task instance TaskInstanceKey(dag_id='EtlWeather', task_id='StoreData', run_id='scheduled__2025-02-24T00:00:00+00:00', try_number=1, map_index=-1)
2025-02-27 13:07:25,421 INFO - Received executor event with state success for task instance TaskInstanceKey(dag_id='EtlWeather', task_id='StoreData', run_id='scheduled__2025-02-26T00:00:00+00:00', try_number=1, map_index=-1)
2025-02-27 13:07:25,421 INFO - Received executor event with state success for task instance TaskInstanceKey(dag_id='EtlWeather', task_id='StoreData', run_id='scheduled__2025-02-20T00:00:00+00:00', try_number=1, map_index=-1)
2025-02-27 13:07:25,422 INFO - Received executor event with state success for task instance TaskInstanceKey(dag_id='EtlWeather', task_id='StoreData', run_id='scheduled__2025-02-19T00:00:00+00:00', try_number=1, map_index=-1)
2025-02-27 13:07:25,423 INFO - Received executor event with state success for task instance TaskInstanceKey(dag_id='EtlWeather', task_id='StoreData', run_id='scheduled__2025-02-21T00:00:00+00:00', try_number=1, map_index=-1)
2025-02-27 13:07:25,424 INFO - Received executor event with state success for task instance TaskInstanceKey(dag_id='EtlWeather', task_id='StoreData', run_id='scheduled__2025-02-25T00:00:00+00:00', try_number=1, map_index=-1)
2025-02-27 13:07:25,434 INFO - TaskInstance Finished: dag_id=EtlWeather, task_id=StoreData, run_id=scheduled__2025-02-19T00:00:00+00:00, map_index=-1, run_start_date=2025-02-27 19:07:23.577396+00:00, run_end_date=2025-02-27 19:07:24.954899+00:00, run_duration=1.3775, state=failed, executor=LocalExecutor(parallelism=32), executor_state=success, try_number=1, max_tries=0, job_id=21, pool=default_pool, queue=default, priority_weight=1, operator=_PythonDecoratedOperator, queued_dttm=2025-02-27 19:07:20.621203+00:00, queued_by_job_id=3, pid=43775
2025-02-27 13:07:25,435 INFO - TaskInstance Finished: dag_id=EtlWeather, task_id=StoreData, run_id=scheduled__2025-02-20T00:00:00+00:00, map_index=-1, run_start_date=2025-02-27 19:07:23.587897+00:00, run_end_date=2025-02-27 19:07:24.954860+00:00, run_duration=1.36696, state=failed, executor=LocalExecutor(parallelism=32), executor_state=success, try_number=1, max_tries=0, job_id=22, pool=default_pool, queue=default, priority_weight=1, operator=_PythonDecoratedOperator, queued_dttm=2025-02-27 19:07:21.079169+00:00, queued_by_job_id=3, pid=43777
2025-02-27 13:07:25,436 INFO - TaskInstance Finished: dag_id=EtlWeather, task_id=StoreData, run_id=scheduled__2025-02-21T00:00:00+00:00, map_index=-1, run_start_date=2025-02-27 19:07:23.667876+00:00, run_end_date=2025-02-27 19:07:24.960405+00:00, run_duration=1.29253, state=failed, executor=LocalExecutor(parallelism=32), executor_state=success, try_number=1, max_tries=0, job_id=26, pool=default_pool, queue=default, priority_weight=1, operator=_PythonDecoratedOperator, queued_dttm=2025-02-27 19:07:20.621203+00:00, queued_by_job_id=3, pid=43779
2025-02-27 13:07:25,437 INFO - TaskInstance Finished: dag_id=EtlWeather, task_id=StoreData, run_id=scheduled__2025-02-24T00:00:00+00:00, map_index=-1, run_start_date=2025-02-27 19:07:23.685349+00:00, run_end_date=2025-02-27 19:07:24.958409+00:00, run_duration=1.27306, state=failed, executor=LocalExecutor(parallelism=32), executor_state=success, try_number=1, max_tries=0, job_id=25, pool=default_pool, queue=default, priority_weight=1, operator=_PythonDecoratedOperator, queued_dttm=2025-02-27 19:07:20.621203+00:00, queued_by_job_id=3, pid=43781
2025-02-27 13:07:25,439 INFO - TaskInstance Finished: dag_id=EtlWeather, task_id=StoreData, run_id=scheduled__2025-02-25T00:00:00+00:00, map_index=-1, run_start_date=2025-02-27 19:07:23.542739+00:00, run_end_date=2025-02-27 19:07:25.077296+00:00, run_duration=1.53456, state=failed, executor=LocalExecutor(parallelism=32), executor_state=success, try_number=1, max_tries=0, job_id=20, pool=default_pool, queue=default, priority_weight=1, operator=_PythonDecoratedOperator, queued_dttm=2025-02-27 19:07:20.621203+00:00, queued_by_job_id=3, pid=43774
2025-02-27 13:07:25,440 INFO - TaskInstance Finished: dag_id=EtlWeather, task_id=StoreData, run_id=scheduled__2025-02-26T00:00:00+00:00, map_index=-1, run_start_date=2025-02-27 19:07:23.678248+00:00, run_end_date=2025-02-27 19:07:24.957705+00:00, run_duration=1.27946, state=failed, executor=LocalExecutor(parallelism=32), executor_state=success, try_number=1, max_tries=0, job_id=24, pool=default_pool, queue=default, priority_weight=1, operator=_PythonDecoratedOperator, queued_dttm=2025-02-27 19:07:21.079169+00:00, queued_by_job_id=3, pid=43782
2025-02-27 13:07:26,622 INFO - Received executor event with state success for task instance TaskInstanceKey(dag_id='EtlWeather', task_id='StoreData', run_id='scheduled__2025-02-23T00:00:00+00:00', try_number=1, map_index=-1)
2025-02-27 13:07:26,637 INFO - TaskInstance Finished: dag_id=EtlWeather, task_id=StoreData, run_id=scheduled__2025-02-23T00:00:00+00:00, map_index=-1, run_start_date=2025-02-27 19:07:23.599290+00:00, run_end_date=2025-02-27 19:07:25.348048+00:00, run_duration=1.74876, state=failed, executor=LocalExecutor(parallelism=32), executor_state=success, try_number=1, max_tries=0, job_id=23, pool=default_pool, queue=default, priority_weight=1, operator=_PythonDecoratedOperator, queued_dttm=2025-02-27 19:07:20.153269+00:00, queued_by_job_id=3, pid=43776
2025-02-27 13:07:28,838 WARNING - Failing (3) jobs without heartbeat after 2025-02-27 19:02:28.833699+00:00
2025-02-27 13:07:28,839 ERROR - Detected zombie job: {'full_filepath': '/home/dataScience/Projects/Pipeline/airflow/dags/dag_1.py', 'processor_subdir': '/home/dataScience/Projects/Pipeline/airflow/dags', 'msg': "{'DAG Id': 'EtlWeather', 'Task Id': 'SendMessage', 'Run Id': 'scheduled__2025-02-25T00:00:00+00:00', 'Hostname': 'IMNOTROY.'}", 'simple_task_instance': SimpleTaskInstance(dag_id='EtlWeather', task_id='SendMessage', run_id='scheduled__2025-02-25T00:00:00+00:00', map_index=-1, start_date=datetime.datetime(2025, 2, 27, 19, 5, 6, 647828, tzinfo=Timezone('UTC')), end_date=None, try_number=1, state='running', executor=None, executor_config={}, run_as_user=None, pool='default_pool', priority_weight=1, queue='default', key=TaskInstanceKey(dag_id='EtlWeather', task_id='SendMessage', run_id='scheduled__2025-02-25T00:00:00+00:00', try_number=1, map_index=-1)), 'task_callback_type': None} (See https://airflow.apache.org/docs/apache-airflow/stable/core-concepts/tasks.html#zombie-undead-tasks)
2025-02-27 13:07:28,841 ERROR - Detected zombie job: {'full_filepath': '/home/dataScience/Projects/Pipeline/airflow/dags/dag_1.py', 'processor_subdir': '/home/dataScience/Projects/Pipeline/airflow/dags', 'msg': "{'DAG Id': 'EtlWeather', 'Task Id': 'SendMessage', 'Run Id': 'scheduled__2025-02-26T00:00:00+00:00', 'Hostname': 'IMNOTROY.'}", 'simple_task_instance': SimpleTaskInstance(dag_id='EtlWeather', task_id='SendMessage', run_id='scheduled__2025-02-26T00:00:00+00:00', map_index=-1, start_date=datetime.datetime(2025, 2, 27, 19, 5, 5, 340301, tzinfo=Timezone('UTC')), end_date=None, try_number=1, state='running', executor=None, executor_config={}, run_as_user=None, pool='default_pool', priority_weight=1, queue='default', key=TaskInstanceKey(dag_id='EtlWeather', task_id='SendMessage', run_id='scheduled__2025-02-26T00:00:00+00:00', try_number=1, map_index=-1)), 'task_callback_type': None} (See https://airflow.apache.org/docs/apache-airflow/stable/core-concepts/tasks.html#zombie-undead-tasks)
2025-02-27 13:07:28,842 ERROR - Detected zombie job: {'full_filepath': '/home/dataScience/Projects/Pipeline/airflow/dags/dag_1.py', 'processor_subdir': '/home/dataScience/Projects/Pipeline/airflow/dags', 'msg': "{'DAG Id': 'EtlWeather', 'Task Id': 'WeatherAPI', 'Run Id': 'scheduled__2025-02-22T00:00:00+00:00', 'Hostname': 'IMNOTROY.'}", 'simple_task_instance': SimpleTaskInstance(dag_id='EtlWeather', task_id='WeatherAPI', run_id='scheduled__2025-02-22T00:00:00+00:00', map_index=-1, start_date=datetime.datetime(2025, 2, 27, 19, 5, 4, 628937, tzinfo=Timezone('UTC')), end_date=None, try_number=1, state='running', executor=None, executor_config={}, run_as_user=None, pool='default_pool', priority_weight=2, queue='default', key=TaskInstanceKey(dag_id='EtlWeather', task_id='WeatherAPI', run_id='scheduled__2025-02-22T00:00:00+00:00', try_number=1, map_index=-1)), 'task_callback_type': None} (See https://airflow.apache.org/docs/apache-airflow/stable/core-concepts/tasks.html#zombie-undead-tasks)
2025-02-27 13:07:29,369 INFO - Received executor event with state failed for task instance TaskInstanceKey(dag_id='EtlWeather', task_id='SendMessage', run_id='scheduled__2025-02-25T00:00:00+00:00', try_number=1, map_index=-1)
2025-02-27 13:07:29,370 INFO - Received executor event with state failed for task instance TaskInstanceKey(dag_id='EtlWeather', task_id='SendMessage', run_id='scheduled__2025-02-26T00:00:00+00:00', try_number=1, map_index=-1)
2025-02-27 13:07:29,371 INFO - Received executor event with state failed for task instance TaskInstanceKey(dag_id='EtlWeather', task_id='WeatherAPI', run_id='scheduled__2025-02-22T00:00:00+00:00', try_number=1, map_index=-1)
2025-02-27 13:07:29,380 INFO - TaskInstance Finished: dag_id=EtlWeather, task_id=SendMessage, run_id=scheduled__2025-02-25T00:00:00+00:00, map_index=-1, run_start_date=2025-02-27 19:05:06.647828+00:00, run_end_date=2025-02-27 19:07:29.293425+00:00, run_duration=142.646, state=failed, executor=LocalExecutor(parallelism=32), executor_state=failed, try_number=1, max_tries=0, job_id=17, pool=default_pool, queue=default, priority_weight=1, operator=_PythonDecoratedOperator, queued_dttm=2025-02-27 19:04:53.620895+00:00, queued_by_job_id=3, pid=None
2025-02-27 13:07:29,382 INFO - TaskInstance Finished: dag_id=EtlWeather, task_id=SendMessage, run_id=scheduled__2025-02-26T00:00:00+00:00, map_index=-1, run_start_date=2025-02-27 19:05:05.340301+00:00, run_end_date=None, run_duration=None, state=running, executor=LocalExecutor(parallelism=32), executor_state=failed, try_number=1, max_tries=0, job_id=15, pool=default_pool, queue=default, priority_weight=1, operator=_PythonDecoratedOperator, queued_dttm=2025-02-27 19:04:54.390005+00:00, queued_by_job_id=3, pid=None
2025-02-27 13:07:29,382 INFO - TaskInstance Finished: dag_id=EtlWeather, task_id=WeatherAPI, run_id=scheduled__2025-02-22T00:00:00+00:00, map_index=-1, run_start_date=2025-02-27 19:05:04.628937+00:00, run_end_date=None, run_duration=None, state=running, executor=LocalExecutor(parallelism=32), executor_state=failed, try_number=1, max_tries=0, job_id=9, pool=default_pool, queue=default, priority_weight=2, operator=_PythonDecoratedOperator, queued_dttm=2025-02-27 19:04:50.430056+00:00, queued_by_job_id=3, pid=None
2025-02-27 13:07:30,455 ERROR - Marking run <DagRun EtlWeather @ 2025-02-25 00:00:00+00:00: scheduled__2025-02-25T00:00:00+00:00, state:running, queued_at: 2025-02-27 19:04:53.135755+00:00. externally triggered: False> failed
2025-02-27 13:07:30,461 INFO - DagRun Finished: dag_id=EtlWeather, execution_date=2025-02-25 00:00:00+00:00, run_id=scheduled__2025-02-25T00:00:00+00:00, run_start_date=2025-02-27 19:04:53.206132+00:00, run_end_date=2025-02-27 19:07:30.456601+00:00, run_duration=157.250469, state=failed, external_trigger=False, run_type=scheduled, data_interval_start=2025-02-25 00:00:00+00:00, data_interval_end=2025-02-26 00:00:00+00:00, dag_hash=eb24386ba907897e8a5cec973bbd1224
2025-02-27 13:07:30,486 INFO - Setting next_dagrun for EtlWeather to 2025-02-26 00:00:00+00:00, run_after=2025-02-27 00:00:00+00:00
2025-02-27 13:07:30,496 ERROR - Marking run <DagRun EtlWeather @ 2025-02-26 00:00:00+00:00: scheduled__2025-02-26T00:00:00+00:00, state:running, queued_at: 2025-02-27 19:04:53.731991+00:00. externally triggered: False> failed
2025-02-27 13:07:30,497 INFO - DagRun Finished: dag_id=EtlWeather, execution_date=2025-02-26 00:00:00+00:00, run_id=scheduled__2025-02-26T00:00:00+00:00, run_start_date=2025-02-27 19:04:53.881609+00:00, run_end_date=2025-02-27 19:07:30.497693+00:00, run_duration=156.616084, state=failed, external_trigger=False, run_type=scheduled, data_interval_start=2025-02-26 00:00:00+00:00, data_interval_end=2025-02-27 00:00:00+00:00, dag_hash=eb24386ba907897e8a5cec973bbd1224
2025-02-27 13:07:30,516 INFO - Setting next_dagrun for EtlWeather to 2025-02-27 00:00:00+00:00, run_after=2025-02-28 00:00:00+00:00
2025-02-27 13:09:52,616 INFO - Adopting or resetting orphaned tasks for active dag runs
2025-02-27 13:12:20,782 INFO - Received executor event with state success for task instance TaskInstanceKey(dag_id='EtlWeather', task_id='SendMessage', run_id='scheduled__2025-02-19T00:00:00+00:00', try_number=1, map_index=-1)
2025-02-27 13:12:20,784 INFO - Received executor event with state success for task instance TaskInstanceKey(dag_id='EtlWeather', task_id='SendMessage', run_id='scheduled__2025-02-24T00:00:00+00:00', try_number=1, map_index=-1)
2025-02-27 13:12:20,785 INFO - Received executor event with state success for task instance TaskInstanceKey(dag_id='EtlWeather', task_id='SendMessage', run_id='scheduled__2025-02-20T00:00:00+00:00', try_number=1, map_index=-1)
2025-02-27 13:12:20,785 INFO - Received executor event with state success for task instance TaskInstanceKey(dag_id='EtlWeather', task_id='SendMessage', run_id='scheduled__2025-02-21T00:00:00+00:00', try_number=1, map_index=-1)
2025-02-27 13:12:20,786 INFO - Received executor event with state success for task instance TaskInstanceKey(dag_id='EtlWeather', task_id='SendMessage', run_id='scheduled__2025-02-22T00:00:00+00:00', try_number=1, map_index=-1)
2025-02-27 13:12:20,786 INFO - Received executor event with state success for task instance TaskInstanceKey(dag_id='EtlWeather', task_id='SendMessage', run_id='scheduled__2025-02-23T00:00:00+00:00', try_number=1, map_index=-1)
2025-02-27 13:12:20,810 INFO - TaskInstance Finished: dag_id=EtlWeather, task_id=SendMessage, run_id=scheduled__2025-02-19T00:00:00+00:00, map_index=-1, run_start_date=2025-02-27 19:05:04.572539+00:00, run_end_date=2025-02-27 19:12:19.650782+00:00, run_duration=435.078, state=success, executor=LocalExecutor(parallelism=32), executor_state=success, try_number=1, max_tries=0, job_id=11, pool=default_pool, queue=default, priority_weight=1, operator=_PythonDecoratedOperator, queued_dttm=2025-02-27 19:04:49.575301+00:00, queued_by_job_id=3, pid=43598
2025-02-27 13:12:20,823 INFO - TaskInstance Finished: dag_id=EtlWeather, task_id=SendMessage, run_id=scheduled__2025-02-20T00:00:00+00:00, map_index=-1, run_start_date=2025-02-27 19:05:04.149025+00:00, run_end_date=2025-02-27 19:12:19.798782+00:00, run_duration=435.65, state=success, executor=LocalExecutor(parallelism=32), executor_state=success, try_number=1, max_tries=0, job_id=7, pool=default_pool, queue=default, priority_weight=1, operator=_PythonDecoratedOperator, queued_dttm=2025-02-27 19:04:49.769647+00:00, queued_by_job_id=3, pid=43601
2025-02-27 13:12:20,825 INFO - TaskInstance Finished: dag_id=EtlWeather, task_id=SendMessage, run_id=scheduled__2025-02-21T00:00:00+00:00, map_index=-1, run_start_date=2025-02-27 19:05:04.298757+00:00, run_end_date=2025-02-27 19:12:19.927630+00:00, run_duration=435.629, state=success, executor=LocalExecutor(parallelism=32), executor_state=success, try_number=1, max_tries=0, job_id=6, pool=default_pool, queue=default, priority_weight=1, operator=_PythonDecoratedOperator, queued_dttm=2025-02-27 19:04:49.981774+00:00, queued_by_job_id=3, pid=43594
2025-02-27 13:12:20,827 INFO - TaskInstance Finished: dag_id=EtlWeather, task_id=SendMessage, run_id=scheduled__2025-02-22T00:00:00+00:00, map_index=-1, run_start_date=2025-02-27 19:05:04.494886+00:00, run_end_date=2025-02-27 19:12:20.087334+00:00, run_duration=435.592, state=success, executor=LocalExecutor(parallelism=32), executor_state=success, try_number=1, max_tries=0, job_id=10, pool=default_pool, queue=default, priority_weight=1, operator=_PythonDecoratedOperator, queued_dttm=2025-02-27 19:04:50.430056+00:00, queued_by_job_id=3, pid=43602
2025-02-27 13:12:20,828 INFO - TaskInstance Finished: dag_id=EtlWeather, task_id=SendMessage, run_id=scheduled__2025-02-23T00:00:00+00:00, map_index=-1, run_start_date=2025-02-27 19:05:04.688819+00:00, run_end_date=2025-02-27 19:12:20.131036+00:00, run_duration=435.442, state=success, executor=LocalExecutor(parallelism=32), executor_state=success, try_number=1, max_tries=0, job_id=12, pool=default_pool, queue=default, priority_weight=1, operator=_PythonDecoratedOperator, queued_dttm=2025-02-27 19:04:52.432496+00:00, queued_by_job_id=3, pid=43605
2025-02-27 13:12:20,829 INFO - TaskInstance Finished: dag_id=EtlWeather, task_id=SendMessage, run_id=scheduled__2025-02-24T00:00:00+00:00, map_index=-1, run_start_date=2025-02-27 19:05:07.116864+00:00, run_end_date=2025-02-27 19:12:19.654403+00:00, run_duration=432.538, state=success, executor=LocalExecutor(parallelism=32), executor_state=success, try_number=1, max_tries=0, job_id=16, pool=default_pool, queue=default, priority_weight=1, operator=_PythonDecoratedOperator, queued_dttm=2025-02-27 19:04:53.022566+00:00, queued_by_job_id=3, pid=43632
2025-02-27 13:13:19,039 ERROR - Marking run <DagRun EtlWeather @ 2025-02-24 00:00:00+00:00: scheduled__2025-02-24T00:00:00+00:00, state:running, queued_at: 2025-02-27 19:04:52.624098+00:00. externally triggered: False> failed
2025-02-27 13:13:19,043 INFO - DagRun Finished: dag_id=EtlWeather, execution_date=2025-02-24 00:00:00+00:00, run_id=scheduled__2025-02-24T00:00:00+00:00, run_start_date=2025-02-27 19:04:52.696300+00:00, run_end_date=2025-02-27 19:13:19.041634+00:00, run_duration=506.345334, state=failed, external_trigger=False, run_type=scheduled, data_interval_start=2025-02-24 00:00:00+00:00, data_interval_end=2025-02-25 00:00:00+00:00, dag_hash=eb24386ba907897e8a5cec973bbd1224
2025-02-27 13:13:19,068 ERROR - Marking run <DagRun EtlWeather @ 2025-02-23 00:00:00+00:00: scheduled__2025-02-23T00:00:00+00:00, state:running, queued_at: 2025-02-27 19:04:50.730198+00:00. externally triggered: False> failed
2025-02-27 13:13:19,069 INFO - DagRun Finished: dag_id=EtlWeather, execution_date=2025-02-23 00:00:00+00:00, run_id=scheduled__2025-02-23T00:00:00+00:00, run_start_date=2025-02-27 19:04:51.478383+00:00, run_end_date=2025-02-27 19:13:19.069545+00:00, run_duration=507.591162, state=failed, external_trigger=False, run_type=scheduled, data_interval_start=2025-02-23 00:00:00+00:00, data_interval_end=2025-02-24 00:00:00+00:00, dag_hash=eb24386ba907897e8a5cec973bbd1224
2025-02-27 13:13:19,080 ERROR - Marking run <DagRun EtlWeather @ 2025-02-22 00:00:00+00:00: scheduled__2025-02-22T00:00:00+00:00, state:running, queued_at: 2025-02-27 19:04:50.088220+00:00. externally triggered: False> failed
2025-02-27 13:13:19,081 INFO - DagRun Finished: dag_id=EtlWeather, execution_date=2025-02-22 00:00:00+00:00, run_id=scheduled__2025-02-22T00:00:00+00:00, run_start_date=2025-02-27 19:04:50.145629+00:00, run_end_date=2025-02-27 19:13:19.081580+00:00, run_duration=508.935951, state=failed, external_trigger=False, run_type=scheduled, data_interval_start=2025-02-22 00:00:00+00:00, data_interval_end=2025-02-23 00:00:00+00:00, dag_hash=eb24386ba907897e8a5cec973bbd1224
2025-02-27 13:13:19,092 ERROR - Marking run <DagRun EtlWeather @ 2025-02-21 00:00:00+00:00: scheduled__2025-02-21T00:00:00+00:00, state:running, queued_at: 2025-02-27 19:04:49.821112+00:00. externally triggered: False> failed
2025-02-27 13:13:19,093 INFO - DagRun Finished: dag_id=EtlWeather, execution_date=2025-02-21 00:00:00+00:00, run_id=scheduled__2025-02-21T00:00:00+00:00, run_start_date=2025-02-27 19:04:49.867060+00:00, run_end_date=2025-02-27 19:13:19.093464+00:00, run_duration=509.226404, state=failed, external_trigger=False, run_type=scheduled, data_interval_start=2025-02-21 00:00:00+00:00, data_interval_end=2025-02-22 00:00:00+00:00, dag_hash=eb24386ba907897e8a5cec973bbd1224
2025-02-27 13:13:19,104 ERROR - Marking run <DagRun EtlWeather @ 2025-02-20 00:00:00+00:00: scheduled__2025-02-20T00:00:00+00:00, state:running, queued_at: 2025-02-27 19:04:49.632095+00:00. externally triggered: False> failed
2025-02-27 13:13:19,105 INFO - DagRun Finished: dag_id=EtlWeather, execution_date=2025-02-20 00:00:00+00:00, run_id=scheduled__2025-02-20T00:00:00+00:00, run_start_date=2025-02-27 19:04:49.666804+00:00, run_end_date=2025-02-27 19:13:19.105645+00:00, run_duration=509.438841, state=failed, external_trigger=False, run_type=scheduled, data_interval_start=2025-02-20 00:00:00+00:00, data_interval_end=2025-02-21 00:00:00+00:00, dag_hash=eb24386ba907897e8a5cec973bbd1224
2025-02-27 13:13:19,115 ERROR - Marking run <DagRun EtlWeather @ 2025-02-19 00:00:00+00:00: scheduled__2025-02-19T00:00:00+00:00, state:running, queued_at: 2025-02-27 19:04:49.303791+00:00. externally triggered: False> failed
2025-02-27 13:13:19,116 INFO - DagRun Finished: dag_id=EtlWeather, execution_date=2025-02-19 00:00:00+00:00, run_id=scheduled__2025-02-19T00:00:00+00:00, run_start_date=2025-02-27 19:04:49.422069+00:00, run_end_date=2025-02-27 19:13:19.116102+00:00, run_duration=509.694033, state=failed, external_trigger=False, run_type=scheduled, data_interval_start=2025-02-19 00:00:00+00:00, data_interval_end=2025-02-20 00:00:00+00:00, dag_hash=eb24386ba907897e8a5cec973bbd1224
2025-02-27 13:14:30,113 INFO - 2 tasks up for execution:
	<TaskInstance: EtlWeather.WeatherAPI manual__2025-02-27T19:14:29.777200+00:00 [scheduled]>
	<TaskInstance: EtlWeather.SendMessage manual__2025-02-27T19:14:29.777200+00:00 [scheduled]>
2025-02-27 13:14:30,116 INFO - DAG EtlWeather has 0/16 running and queued tasks
2025-02-27 13:14:30,117 INFO - DAG EtlWeather has 1/16 running and queued tasks
2025-02-27 13:14:30,118 INFO - Setting the following tasks to queued state:
	<TaskInstance: EtlWeather.WeatherAPI manual__2025-02-27T19:14:29.777200+00:00 [scheduled]>
	<TaskInstance: EtlWeather.SendMessage manual__2025-02-27T19:14:29.777200+00:00 [scheduled]>
2025-02-27 13:14:30,126 INFO - Trying to enqueue tasks: [<TaskInstance: EtlWeather.WeatherAPI manual__2025-02-27T19:14:29.777200+00:00 [scheduled]>, <TaskInstance: EtlWeather.SendMessage manual__2025-02-27T19:14:29.777200+00:00 [scheduled]>] for executor: LocalExecutor(parallelism=32)
2025-02-27 13:14:30,131 INFO - Sending TaskInstanceKey(dag_id='EtlWeather', task_id='WeatherAPI', run_id='manual__2025-02-27T19:14:29.777200+00:00', try_number=1, map_index=-1) to LocalExecutor with priority 2 and queue default
2025-02-27 13:14:30,133 INFO - Adding to queue: ['airflow', 'tasks', 'run', 'EtlWeather', 'WeatherAPI', 'manual__2025-02-27T19:14:29.777200+00:00', '--local', '--subdir', 'DAGS_FOLDER/dag_1.py']
2025-02-27 13:14:30,134 INFO - Sending TaskInstanceKey(dag_id='EtlWeather', task_id='SendMessage', run_id='manual__2025-02-27T19:14:29.777200+00:00', try_number=1, map_index=-1) to LocalExecutor with priority 1 and queue default
2025-02-27 13:14:30,135 INFO - Adding to queue: ['airflow', 'tasks', 'run', 'EtlWeather', 'SendMessage', 'manual__2025-02-27T19:14:29.777200+00:00', '--local', '--subdir', 'DAGS_FOLDER/dag_1.py']
2025-02-27 13:14:30,220 INFO - QueuedLocalWorker running ['airflow', 'tasks', 'run', 'EtlWeather', 'SendMessage', 'manual__2025-02-27T19:14:29.777200+00:00', '--local', '--subdir', 'DAGS_FOLDER/dag_1.py']
2025-02-27 13:14:30,222 INFO - QueuedLocalWorker running ['airflow', 'tasks', 'run', 'EtlWeather', 'WeatherAPI', 'manual__2025-02-27T19:14:29.777200+00:00', '--local', '--subdir', 'DAGS_FOLDER/dag_1.py']
2025-02-27 13:14:31,311 INFO - Filling up the DagBag from /home/dataScience/Projects/Pipeline/airflow/dags/dag_1.py
2025-02-27 13:14:31,302 INFO - Filling up the DagBag from /home/dataScience/Projects/Pipeline/airflow/dags/dag_1.py
2025-02-27 13:14:35,375 INFO - Running <TaskInstance: EtlWeather.SendMessage manual__2025-02-27T19:14:29.777200+00:00 [queued]> on host IMNOTROY.
2025-02-27 13:14:35,375 INFO - Running <TaskInstance: EtlWeather.WeatherAPI manual__2025-02-27T19:14:29.777200+00:00 [queued]> on host IMNOTROY.
2025-02-27 13:14:36,747 INFO - 1 tasks up for execution:
	<TaskInstance: EtlWeather.StoreData manual__2025-02-27T19:14:29.777200+00:00 [scheduled]>
2025-02-27 13:14:36,749 INFO - DAG EtlWeather has 1/16 running and queued tasks
2025-02-27 13:14:36,750 INFO - Setting the following tasks to queued state:
	<TaskInstance: EtlWeather.StoreData manual__2025-02-27T19:14:29.777200+00:00 [scheduled]>
2025-02-27 13:14:36,755 INFO - Trying to enqueue tasks: [<TaskInstance: EtlWeather.StoreData manual__2025-02-27T19:14:29.777200+00:00 [scheduled]>] for executor: LocalExecutor(parallelism=32)
2025-02-27 13:14:36,757 INFO - Sending TaskInstanceKey(dag_id='EtlWeather', task_id='StoreData', run_id='manual__2025-02-27T19:14:29.777200+00:00', try_number=1, map_index=-1) to LocalExecutor with priority 1 and queue default
2025-02-27 13:14:36,760 INFO - Adding to queue: ['airflow', 'tasks', 'run', 'EtlWeather', 'StoreData', 'manual__2025-02-27T19:14:29.777200+00:00', '--local', '--subdir', 'DAGS_FOLDER/dag_1.py']
2025-02-27 13:14:36,811 INFO - QueuedLocalWorker running ['airflow', 'tasks', 'run', 'EtlWeather', 'StoreData', 'manual__2025-02-27T19:14:29.777200+00:00', '--local', '--subdir', 'DAGS_FOLDER/dag_1.py']
2025-02-27 13:14:36,851 INFO - Received executor event with state success for task instance TaskInstanceKey(dag_id='EtlWeather', task_id='WeatherAPI', run_id='manual__2025-02-27T19:14:29.777200+00:00', try_number=1, map_index=-1)
2025-02-27 13:14:36,860 INFO - TaskInstance Finished: dag_id=EtlWeather, task_id=WeatherAPI, run_id=manual__2025-02-27T19:14:29.777200+00:00, map_index=-1, run_start_date=2025-02-27 19:14:35.483462+00:00, run_end_date=2025-02-27 19:14:36.612489+00:00, run_duration=1.12903, state=success, executor=LocalExecutor(parallelism=32), executor_state=success, try_number=1, max_tries=0, job_id=28, pool=default_pool, queue=default, priority_weight=2, operator=_PythonDecoratedOperator, queued_dttm=2025-02-27 19:14:30.120509+00:00, queued_by_job_id=3, pid=47535
2025-02-27 13:14:36,890 INFO - Filling up the DagBag from /home/dataScience/Projects/Pipeline/airflow/dags/dag_1.py
2025-02-27 13:14:37,291 INFO - Running <TaskInstance: EtlWeather.StoreData manual__2025-02-27T19:14:29.777200+00:00 [queued]> on host IMNOTROY.
2025-02-27 13:14:38,192 INFO - Received executor event with state success for task instance TaskInstanceKey(dag_id='EtlWeather', task_id='StoreData', run_id='manual__2025-02-27T19:14:29.777200+00:00', try_number=1, map_index=-1)
2025-02-27 13:14:38,199 INFO - TaskInstance Finished: dag_id=EtlWeather, task_id=StoreData, run_id=manual__2025-02-27T19:14:29.777200+00:00, map_index=-1, run_start_date=2025-02-27 19:14:37.412912+00:00, run_end_date=2025-02-27 19:14:37.817553+00:00, run_duration=0.404641, state=failed, executor=LocalExecutor(parallelism=32), executor_state=success, try_number=1, max_tries=0, job_id=29, pool=default_pool, queue=default, priority_weight=1, operator=_PythonDecoratedOperator, queued_dttm=2025-02-27 19:14:36.752157+00:00, queued_by_job_id=3, pid=47555
2025-02-27 13:14:52,752 INFO - Adopting or resetting orphaned tasks for active dag runs
2025-02-27 13:19:36,191 ERROR - Marking run <DagRun EtlWeather @ 2025-02-27 19:14:29.777200+00:00: manual__2025-02-27T19:14:29.777200+00:00, state:running, queued_at: 2025-02-27 19:14:29.887270+00:00. externally triggered: True> failed
2025-02-27 13:19:36,193 INFO - DagRun Finished: dag_id=EtlWeather, execution_date=2025-02-27 19:14:29.777200+00:00, run_id=manual__2025-02-27T19:14:29.777200+00:00, run_start_date=2025-02-27 19:14:30.019120+00:00, run_end_date=2025-02-27 19:19:36.192921+00:00, run_duration=306.173801, state=failed, external_trigger=True, run_type=manual, data_interval_start=2025-02-26 00:00:00+00:00, data_interval_end=2025-02-27 00:00:00+00:00, dag_hash=eb24386ba907897e8a5cec973bbd1224
2025-02-27 13:19:36,222 INFO - Received executor event with state success for task instance TaskInstanceKey(dag_id='EtlWeather', task_id='SendMessage', run_id='manual__2025-02-27T19:14:29.777200+00:00', try_number=1, map_index=-1)
2025-02-27 13:19:36,229 INFO - TaskInstance Finished: dag_id=EtlWeather, task_id=SendMessage, run_id=manual__2025-02-27T19:14:29.777200+00:00, map_index=-1, run_start_date=2025-02-27 19:14:35.484515+00:00, run_end_date=2025-02-27 19:19:35.988310+00:00, run_duration=300.504, state=success, executor=LocalExecutor(parallelism=32), executor_state=success, try_number=1, max_tries=0, job_id=27, pool=default_pool, queue=default, priority_weight=1, operator=_PythonDecoratedOperator, queued_dttm=2025-02-27 19:14:30.120509+00:00, queued_by_job_id=3, pid=47536
2025-02-27 13:19:52,808 INFO - Adopting or resetting orphaned tasks for active dag runs
2025-02-27 13:24:52,872 INFO - Adopting or resetting orphaned tasks for active dag runs
2025-02-27 13:29:52,929 INFO - Adopting or resetting orphaned tasks for active dag runs
2025-02-27 13:34:53,003 INFO - Adopting or resetting orphaned tasks for active dag runs
2025-02-27 13:39:53,060 INFO - Adopting or resetting orphaned tasks for active dag runs
2025-02-27 13:44:53,121 INFO - Adopting or resetting orphaned tasks for active dag runs
2025-02-27 13:49:53,192 INFO - Adopting or resetting orphaned tasks for active dag runs
2025-02-27 13:54:53,259 INFO - Adopting or resetting orphaned tasks for active dag runs
2025-02-27 13:59:53,350 INFO - Adopting or resetting orphaned tasks for active dag runs
2025-02-27 14:04:53,418 INFO - Adopting or resetting orphaned tasks for active dag runs
2025-02-27 14:09:53,481 INFO - Adopting or resetting orphaned tasks for active dag runs
