[2025-03-01T23:52:58.068-0600] {local_task_job_runner.py:123} INFO - ::group::Pre task execution logs
[2025-03-01T23:52:58.102-0600] {taskinstance.py:2614} INFO - Dependencies all met for dep_context=non-requeueable deps ti=<TaskInstance: EtlWeather.StoreData manual__2025-03-02T05:52:48.444358+00:00 [queued]>
[2025-03-01T23:52:58.128-0600] {taskinstance.py:2614} INFO - Dependencies all met for dep_context=requeueable deps ti=<TaskInstance: EtlWeather.StoreData manual__2025-03-02T05:52:48.444358+00:00 [queued]>
[2025-03-01T23:52:58.129-0600] {taskinstance.py:2867} INFO - Starting attempt 1 of 1
[2025-03-01T23:52:58.159-0600] {taskinstance.py:2890} INFO - Executing <Task(_PythonDecoratedOperator): StoreData> on 2025-03-02 05:52:48.444358+00:00
[2025-03-01T23:52:58.168-0600] {standard_task_runner.py:72} INFO - Started process 28553 to run task
[2025-03-01T23:52:58.175-0600] {standard_task_runner.py:104} INFO - Running: ['airflow', 'tasks', 'run', 'EtlWeather', 'StoreData', 'manual__2025-03-02T05:52:48.444358+00:00', '--job-id', '52', '--raw', '--subdir', 'DAGS_FOLDER/dag_1.py', '--cfg-path', '/tmp/tmpnawuzr86']
[2025-03-01T23:52:58.185-0600] {standard_task_runner.py:105} INFO - Job 52: Subtask StoreData
[2025-03-01T23:52:58.337-0600] {task_command.py:467} INFO - Running <TaskInstance: EtlWeather.StoreData manual__2025-03-02T05:52:48.444358+00:00 [running]> on host IMNOTROY.
[2025-03-01T23:52:58.565-0600] {taskinstance.py:3134} INFO - Exporting env vars: AIRFLOW_CTX_DAG_OWNER='airflow' AIRFLOW_CTX_DAG_ID='EtlWeather' AIRFLOW_CTX_TASK_ID='StoreData' AIRFLOW_CTX_EXECUTION_DATE='2025-03-02T05:52:48.444358+00:00' AIRFLOW_CTX_TRY_NUMBER='1' AIRFLOW_CTX_DAG_RUN_ID='manual__2025-03-02T05:52:48.444358+00:00'
[2025-03-01T23:52:58.568-0600] {taskinstance.py:732} INFO - ::endgroup::
[2025-03-01T23:52:58.669-0600] {__init__.py:149} INFO - package: mysql.connector.plugins
[2025-03-01T23:52:58.670-0600] {__init__.py:150} INFO - plugin_name: caching_sha2_password
[2025-03-01T23:52:58.671-0600] {__init__.py:154} INFO - AUTHENTICATION_PLUGIN_CLASS: MySQLCachingSHA2PasswordAuthPlugin
[2025-03-01T23:52:58.672-0600] {__init__.py:149} INFO - package: mysql.connector.plugins
[2025-03-01T23:52:58.673-0600] {__init__.py:150} INFO - plugin_name: mysql_native_password
[2025-03-01T23:52:58.677-0600] {__init__.py:154} INFO - AUTHENTICATION_PLUGIN_CLASS: MySQLNativePasswordAuthPlugin
[2025-03-01T23:52:58.733-0600] {dag_1.py:62} INFO - Data stored succesfully!
[2025-03-01T23:52:58.744-0600] {python.py:240} INFO - Done. Returned value was: None
[2025-03-01T23:52:58.760-0600] {taskinstance.py:341} INFO - ::group::Post task execution logs
[2025-03-01T23:52:58.760-0600] {taskinstance.py:353} INFO - Marking task as SUCCESS. dag_id=EtlWeather, task_id=StoreData, run_id=manual__2025-03-02T05:52:48.444358+00:00, execution_date=20250302T055248, start_date=20250302T055258, end_date=20250302T055258
[2025-03-01T23:52:58.836-0600] {local_task_job_runner.py:266} INFO - Task exited with return code 0
[2025-03-01T23:52:58.865-0600] {taskinstance.py:3901} INFO - 0 downstream tasks scheduled from follow-on schedule check
[2025-03-01T23:52:58.867-0600] {local_task_job_runner.py:245} INFO - ::endgroup::
